Mising argument <t_max>
[38;2;000;128;000mTime: 8e-06s (2025-04-13 21:58:06)
[0mt=2 time=0.000132
t=3 time=0.000393
t=4 s=2 threadsLeft=0
t=4 time=0.000277
t=5 s=2 threadsLeft=0
t=5 time=0.000292
t=6 time=0.000175
t=7 s=3 threadsLeft=0
t=7 time=0.000372
t=8 s=2 threadsLeft=0
t=8 time=0.000293
t=9 s=2 threadsLeft=0
t=9 time=0.00026
t=10 s=2 threadsLeft=0
t=10 time=0.000352
t=11 s=2 threadsLeft=1
t=11 s=3 threadsLeft=0
t=11 time=0.000331
t=12 s=4 threadsLeft=2
t=12 s=3 threadsLeft=1
t=12 s=3 threadsLeft=0
t=12 time=0.000332
t=13 s=4 threadsLeft=1
t=13 s=3 threadsLeft=0
t=13 time=0.000314
t=14 s=5 threadsLeft=1
t=14 s=4 threadsLeft=0
t=14 time=0.000294
t=15 s=5 threadsLeft=0
t=15 time=0.000264
t=16 s=6 threadsLeft=2
t=16 s=2 threadsLeft=1
t=16 s=5 threadsLeft=0
t=16 time=0.000345
t=17 s=6 threadsLeft=0
t=17 time=0.00028
t=18 s=2 threadsLeft=2
t=18 s=3 threadsLeft=1
t=18 s=4 threadsLeft=0
t=18 time=0.00043
t=19 s=7 threadsLeft=1
t=19 s=2 threadsLeft=0
t=19 time=0.0004
t=20 s=2 threadsLeft=2
t=20 s=5 threadsLeft=1
t=20 s=3 threadsLeft=0
t=20 time=0.000363
t=21 s=6 threadsLeft=3
t=21 s=5 threadsLeft=2
t=21 s=3 threadsLeft=1
t=21 s=4 threadsLeft=0
t=21 time=0.000419
t=22 s=6 threadsLeft=2
t=22 s=3 threadsLeft=1
t=22 s=4 threadsLeft=0
t=22 time=0.000503
t=23 s=7 threadsLeft=3
t=23 s=6 threadsLeft=2
t=23 s=3 threadsLeft=1
t=23 s=4 threadsLeft=0
t=23 time=0.000654
t=24 s=8 threadsLeft=4
t=24 s=7 threadsLeft=3
t=24 s=4 threadsLeft=2
t=24 s=5 threadsLeft=1
t=24 s=3 threadsLeft=0
t=24 time=0.000577
t=25 s=8 threadsLeft=2
t=25 s=7 threadsLeft=1
t=25 s=3 threadsLeft=0
t=25 time=0.000448
t=26 s=9 threadsLeft=3
t=26 s=8 threadsLeft=2
t=26 s=5 threadsLeft=1
t=26 s=4 threadsLeft=0
t=26 time=0.000625
t=27 s=9 threadsLeft=4
t=27 s=6 threadsLeft=3
t=27 s=5 threadsLeft=2
t=27 s=4 threadsLeft=1
t=27 s=4 threadsLeft=0
t=27 time=0.000843
t=28 s=10 threadsLeft=3
t=28 s=9 threadsLeft=2
t=28 s=5 threadsLeft=1
t=28 s=4 threadsLeft=0
t=28 time=0.000871
t=29 s=10 threadsLeft=1
t=29 s=5 threadsLeft=0
t=29 time=0.000949
t=30 s=6 threadsLeft=3
t=30 s=8 threadsLeft=2
t=30 s=7 threadsLeft=1
t=30 s=5 threadsLeft=0
t=30 time=0.000913
t=31 s=11 threadsLeft=0
t=31 time=0.000354
t=32 s=2 threadsLeft=2
t=32 s=9 threadsLeft=1
t=32 s=6 threadsLeft=0
t=32 time=0.000793
t=33 s=10 threadsLeft=4
t=33 s=7 threadsLeft=3
t=33 s=9 threadsLeft=2
t=33 s=8 threadsLeft=1
t=33 s=6 threadsLeft=0
t=33 time=0.000634
t=34 s=2 threadsLeft=2
t=34 s=10 threadsLeft=1
t=34 s=3 threadsLeft=0
t=34 time=0.000784
t=35 s=11 threadsLeft=3
t=35 s=2 threadsLeft=2
t=35 s=10 threadsLeft=1
t=35 s=3 threadsLeft=0
t=35 time=0.000711
t=36 s=12 threadsLeft=10
t=36 s=11 threadsLeft=9
t=36 s=8 threadsLeft=8
t=36 s=9 threadsLeft=7
t=36 s=2 threadsLeft=6
t=36 s=7 threadsLeft=5
t=36 s=6 threadsLeft=4
t=36 s=3 threadsLeft=3
t=36 s=5 threadsLeft=2
t=36 s=5 threadsLeft=1
t=36 s=4 threadsLeft=0
t=36 time=0.002258
t=37 s=12 threadsLeft=5
t=37 s=11 threadsLeft=4
t=37 s=3 threadsLeft=3
t=37 s=5 threadsLeft=2
t=37 s=4 threadsLeft=1
t=37 s=4 threadsLeft=0
t=37 time=0.003106
t=38 s=13 threadsLeft=2
t=38 s=12 threadsLeft=1
t=38 s=6 threadsLeft=0
t=38 time=0.000747
t=39 s=13 threadsLeft=7
t=39 s=10 threadsLeft=6
t=39 s=9 threadsLeft=5
t=39 s=8 threadsLeft=4
t=39 s=7 threadsLeft=3
t=39 s=6 threadsLeft=2
t=39 s=4 threadsLeft=1
t=39 s=5 threadsLeft=0
t=39 time=0.00289
t=40 s=14 threadsLeft=6
t=40 s=13 threadsLeft=5
t=40 s=2 threadsLeft=4
t=40 s=7 threadsLeft=3
t=40 s=3 threadsLeft=2
t=40 s=6 threadsLeft=1
t=40 s=5 threadsLeft=0
t=40 time=0.003955
t=41 s=14 threadsLeft=4
t=41 s=3 threadsLeft=3
t=41 s=7 threadsLeft=2
t=41 s=6 threadsLeft=1
t=41 s=5 threadsLeft=0
t=41 time=0.004097
t=42 s=10 threadsLeft=9
t=42 s=12 threadsLeft=8
t=42 s=11 threadsLeft=7
t=42 s=7 threadsLeft=6
t=42 s=9 threadsLeft=5
t=42 s=8 threadsLeft=4
t=42 s=6 threadsLeft=3
t=42 s=3 threadsLeft=2
t=42 s=5 threadsLeft=1
t=42 s=4 threadsLeft=0
t=42 time=0.005862
t=43 s=15 threadsLeft=4
t=43 s=6 threadsLeft=3
t=43 s=3 threadsLeft=2
t=43 s=4 threadsLeft=1
t=43 s=4 threadsLeft=0
t=43 time=0.006667
t=44 s=13 threadsLeft=9
t=44 s=3 threadsLeft=8
t=44 s=7 threadsLeft=7
t=44 s=6 threadsLeft=6
t=44 s=5 threadsLeft=5
t=44 s=4 threadsLeft=4
t=44 s=6 threadsLeft=3
t=44 s=4 threadsLeft=2
t=44 s=4 threadsLeft=1
t=44 s=5 threadsLeft=0
t=44 time=0.009563
t=45 s=14 threadsLeft=11
t=45 s=11 threadsLeft=10
t=45 s=13 threadsLeft=9
t=45 s=8 threadsLeft=8
t=45 s=12 threadsLeft=7
t=45 s=10 threadsLeft=6
t=45 s=9 threadsLeft=5
t=45 s=7 threadsLeft=4
t=45 s=6 threadsLeft=3
t=45 s=5 threadsLeft=2
t=45 s=5 threadsLeft=1
t=45 s=4 threadsLeft=0
t=45 time=0.010187
[38;2;000;128;000mTime: 0.070542s (2025-04-13 21:58:16)
[0m