Mising argument <t_max>
[38;2;000;128;000mTime: 8e-06s (2025-04-13 21:58:06)
[0mt=2 s=2 threadsLeft=0
t=2 time=0.000172
t=3 s=3 threadsLeft=0
t=3 time=0.000372
t=4 s=4 threadsLeft=1
t=4 s=2 threadsLeft=0
t=4 time=0.000425
t=5 s=5 threadsLeft=1
t=5 s=2 threadsLeft=0
t=5 time=0.000421
t=6 s=6 threadsLeft=1
t=6 s=3 threadsLeft=0
t=6 time=0.000404
t=7 s=7 threadsLeft=0
t=7 time=0.000356
t=8 s=8 threadsLeft=1
t=8 s=2 threadsLeft=0
t=8 time=0.000367
t=9 s=9 threadsLeft=0
t=9 time=0.000356
t=10 s=10 threadsLeft=0
t=10 time=0.000404
t=11 s=11 threadsLeft=1
t=11 s=3 threadsLeft=0
t=11 time=0.000482
t=12 s=12 threadsLeft=1
t=12 s=4 threadsLeft=0
t=12 time=0.000462
t=13 s=13 threadsLeft=3
t=13 s=2 threadsLeft=2
t=13 s=5 threadsLeft=1
t=13 s=4 threadsLeft=0
t=13 time=0.000529
t=14 s=14 threadsLeft=3
t=14 s=6 threadsLeft=2
t=14 s=5 threadsLeft=1
t=14 s=3 threadsLeft=0
t=14 time=0.000581
t=15 s=15 threadsLeft=1
t=15 s=7 threadsLeft=0
t=15 time=0.000431
t=16 s=16 threadsLeft=4
t=16 s=8 threadsLeft=3
t=16 s=6 threadsLeft=2
t=16 s=2 threadsLeft=1
t=16 s=5 threadsLeft=0
t=16 time=0.000558
t=17 s=17 threadsLeft=3
t=17 s=9 threadsLeft=2
t=17 s=2 threadsLeft=1
t=17 s=6 threadsLeft=0
t=17 time=0.000445
t=18 s=18 threadsLeft=7
t=18 s=10 threadsLeft=6
t=18 s=7 threadsLeft=5
t=18 s=2 threadsLeft=4
t=18 s=3 threadsLeft=3
t=18 s=2 threadsLeft=2
t=18 s=3 threadsLeft=1
t=18 s=4 threadsLeft=0
t=18 time=0.000576
t=19 s=19 threadsLeft=5
t=19 s=11 threadsLeft=4
t=19 s=5 threadsLeft=3
t=19 s=4 threadsLeft=2
t=19 s=3 threadsLeft=1
t=19 s=4 threadsLeft=0
t=19 time=0.000576
t=20 s=20 threadsLeft=7
t=20 s=12 threadsLeft=6
t=20 s=6 threadsLeft=5
t=20 s=2 threadsLeft=4
t=20 s=5 threadsLeft=3
t=20 s=3 threadsLeft=2
t=20 s=3 threadsLeft=1
t=20 s=5 threadsLeft=0
t=20 time=0.000895
t=21 s=21 threadsLeft=5
t=21 s=13 threadsLeft=4
t=21 s=6 threadsLeft=3
t=21 s=4 threadsLeft=2
t=21 s=3 threadsLeft=1
t=21 s=4 threadsLeft=0
t=21 time=0.000689
t=22 s=22 threadsLeft=6
t=22 s=14 threadsLeft=5
t=22 s=4 threadsLeft=4
t=22 s=7 threadsLeft=3
t=22 s=3 threadsLeft=2
t=22 s=5 threadsLeft=1
t=22 s=4 threadsLeft=0
t=22 time=0.000637
t=23 s=23 threadsLeft=5
t=23 s=15 threadsLeft=4
t=23 s=8 threadsLeft=3
t=23 s=7 threadsLeft=2
t=23 s=6 threadsLeft=1
t=23 s=5 threadsLeft=0
t=23 time=0.000596
t=24 s=24 threadsLeft=3
t=24 s=16 threadsLeft=2
t=24 s=4 threadsLeft=1
t=24 s=5 threadsLeft=0
t=24 time=0.000635
t=25 s=25 threadsLeft=6
t=25 s=17 threadsLeft=5
t=25 s=2 threadsLeft=4
t=25 s=8 threadsLeft=3
t=25 s=5 threadsLeft=2
t=25 s=6 threadsLeft=1
t=25 s=3 threadsLeft=0
t=25 time=0.000761
t=26 s=26 threadsLeft=9
t=26 s=18 threadsLeft=8
t=26 s=9 threadsLeft=7
t=26 s=2 threadsLeft=6
t=26 s=5 threadsLeft=5
t=26 s=6 threadsLeft=4
t=26 s=7 threadsLeft=3
t=26 s=3 threadsLeft=2
t=26 s=4 threadsLeft=1
t=26 s=4 threadsLeft=0
t=26 time=0.001061
t=27 s=27 threadsLeft=4
t=27 s=19 threadsLeft=3
t=27 s=4 threadsLeft=2
t=27 s=5 threadsLeft=1
t=27 s=4 threadsLeft=0
t=27 time=0.001115
t=28 s=28 threadsLeft=9
t=28 s=20 threadsLeft=8
t=28 s=10 threadsLeft=7
t=28 s=2 threadsLeft=6
t=28 s=9 threadsLeft=5
t=28 s=6 threadsLeft=4
t=28 s=3 threadsLeft=3
t=28 s=5 threadsLeft=2
t=28 s=5 threadsLeft=1
t=28 s=5 threadsLeft=0
t=28 time=0.001218
t=29 s=29 threadsLeft=5
t=29 s=21 threadsLeft=4
t=29 s=10 threadsLeft=3
t=29 s=3 threadsLeft=2
t=29 s=6 threadsLeft=1
t=29 s=6 threadsLeft=0
t=29 time=0.000698
t=30 s=30 threadsLeft=10
t=30 s=22 threadsLeft=9
t=30 s=11 threadsLeft=8
t=30 s=8 threadsLeft=7
t=30 s=7 threadsLeft=6
t=30 s=3 threadsLeft=5
t=30 s=7 threadsLeft=4
t=30 s=6 threadsLeft=3
t=30 s=4 threadsLeft=2
t=30 s=5 threadsLeft=1
t=30 s=4 threadsLeft=0
t=30 time=0.001437
t=31 s=31 threadsLeft=7
t=31 s=23 threadsLeft=6
t=31 s=9 threadsLeft=5
t=31 s=8 threadsLeft=4
t=31 s=7 threadsLeft=3
t=31 s=8 threadsLeft=2
t=31 s=6 threadsLeft=1
t=31 s=5 threadsLeft=0
t=31 time=0.001512
t=32 s=32 threadsLeft=9
t=32 s=24 threadsLeft=8
t=32 s=2 threadsLeft=7
t=32 s=10 threadsLeft=6
t=32 s=9 threadsLeft=5
t=32 s=9 threadsLeft=4
t=32 s=3 threadsLeft=3
t=32 s=4 threadsLeft=2
t=32 s=7 threadsLeft=1
t=32 s=6 threadsLeft=0
t=32 time=0.001525
t=33 s=33 threadsLeft=8
t=33 s=25 threadsLeft=7
t=33 s=2 threadsLeft=6
t=33 s=10 threadsLeft=5
t=33 s=8 threadsLeft=4
t=33 s=7 threadsLeft=3
t=33 s=8 threadsLeft=2
t=33 s=3 threadsLeft=1
t=33 s=5 threadsLeft=0
t=33 time=0.001602
t=34 s=34 threadsLeft=11
t=34 s=26 threadsLeft=10
t=34 s=11 threadsLeft=9
t=34 s=2 threadsLeft=8
t=34 s=9 threadsLeft=7
t=34 s=8 threadsLeft=6
t=34 s=3 threadsLeft=5
t=34 s=3 threadsLeft=4
t=34 s=4 threadsLeft=3
t=34 s=5 threadsLeft=2
t=34 s=6 threadsLeft=1
t=34 s=4 threadsLeft=0
t=34 time=0.001854
t=35 s=35 threadsLeft=8
t=35 s=27 threadsLeft=7
t=35 s=12 threadsLeft=6
t=35 s=11 threadsLeft=5
t=35 s=10 threadsLeft=4
t=35 s=9 threadsLeft=3
t=35 s=4 threadsLeft=2
t=35 s=4 threadsLeft=1
t=35 s=5 threadsLeft=0
t=35 time=0.002793
t=36 s=36 threadsLeft=11
t=36 s=28 threadsLeft=10
t=36 s=2 threadsLeft=9
t=36 s=5 threadsLeft=8
t=36 s=8 threadsLeft=7
t=36 s=9 threadsLeft=6
t=36 s=3 threadsLeft=5
t=36 s=6 threadsLeft=4
t=36 s=7 threadsLeft=3
t=36 s=5 threadsLeft=2
t=36 s=5 threadsLeft=1
t=36 s=4 threadsLeft=0
t=36 time=0.001738
t=37 s=37 threadsLeft=11
t=37 s=29 threadsLeft=10
t=37 s=12 threadsLeft=9
t=37 s=10 threadsLeft=8
t=37 s=9 threadsLeft=7
t=37 s=6 threadsLeft=6
t=37 s=8 threadsLeft=5
t=37 s=3 threadsLeft=4
t=37 s=7 threadsLeft=3
t=37 s=6 threadsLeft=2
t=37 s=4 threadsLeft=1
t=37 s=5 threadsLeft=0
t=37 time=0.003671
t=38 s=38 threadsLeft=10
t=38 s=30 threadsLeft=9
t=38 s=13 threadsLeft=8
t=38 s=10 threadsLeft=7
t=38 s=11 threadsLeft=6
t=38 s=7 threadsLeft=5
t=38 s=9 threadsLeft=4
t=38 s=8 threadsLeft=3
t=38 s=4 threadsLeft=2
t=38 s=6 threadsLeft=1
t=38 s=5 threadsLeft=0
t=38 time=0.004295
t=39 s=39 threadsLeft=5
t=39 s=31 threadsLeft=4
t=39 s=8 threadsLeft=3
t=39 s=8 threadsLeft=2
t=39 s=9 threadsLeft=1
t=39 s=7 threadsLeft=0
t=39 time=0.001216
t=40 s=40 threadsLeft=14
t=40 s=32 threadsLeft=13
t=40 s=14 threadsLeft=12
t=40 s=2 threadsLeft=11
t=40 s=13 threadsLeft=10
t=40 s=9 threadsLeft=9
t=40 s=10 threadsLeft=8
t=40 s=9 threadsLeft=7
t=40 s=9 threadsLeft=6
t=40 s=3 threadsLeft=5
t=40 s=7 threadsLeft=4
t=40 s=8 threadsLeft=3
t=40 s=6 threadsLeft=2
t=40 s=5 threadsLeft=1
t=40 s=6 threadsLeft=0
t=40 time=0.004731
t=41 s=41 threadsLeft=8
t=41 s=33 threadsLeft=7
t=41 s=14 threadsLeft=6
t=41 s=10 threadsLeft=5
t=41 s=3 threadsLeft=4
t=41 s=10 threadsLeft=3
t=41 s=9 threadsLeft=2
t=41 s=8 threadsLeft=1
t=41 s=7 threadsLeft=0
t=41 time=0.002817
t=42 s=42 threadsLeft=15
t=42 s=34 threadsLeft=14
t=42 s=15 threadsLeft=13
t=42 s=11 threadsLeft=12
t=42 s=7 threadsLeft=11
t=42 s=12 threadsLeft=10
t=42 s=11 threadsLeft=9
t=42 s=10 threadsLeft=8
t=42 s=8 threadsLeft=7
t=42 s=9 threadsLeft=6
t=42 s=3 threadsLeft=5
t=42 s=6 threadsLeft=4
t=42 s=8 threadsLeft=3
t=42 s=4 threadsLeft=2
t=42 s=4 threadsLeft=1
t=42 s=5 threadsLeft=0
t=42 time=0.009748
t=43 s=43 threadsLeft=12
t=43 s=35 threadsLeft=11
t=43 s=13 threadsLeft=10
t=43 s=12 threadsLeft=9
t=43 s=12 threadsLeft=8
t=43 s=11 threadsLeft=7
t=43 s=10 threadsLeft=6
t=43 s=9 threadsLeft=5
t=43 s=9 threadsLeft=4
t=43 s=8 threadsLeft=3
t=43 s=4 threadsLeft=2
t=43 s=6 threadsLeft=1
t=43 s=5 threadsLeft=0
t=43 time=0.008139
t=44 s=44 threadsLeft=15
t=44 s=36 threadsLeft=14
t=44 s=14 threadsLeft=13
t=44 s=2 threadsLeft=12
t=44 s=13 threadsLeft=11
t=44 s=13 threadsLeft=10
t=44 s=11 threadsLeft=9
t=44 s=10 threadsLeft=8
t=44 s=3 threadsLeft=7
t=44 s=9 threadsLeft=6
t=44 s=8 threadsLeft=5
t=44 s=5 threadsLeft=4
t=44 s=7 threadsLeft=3
t=44 s=7 threadsLeft=2
t=44 s=6 threadsLeft=1
t=44 s=4 threadsLeft=0
t=44 time=0.006159
t=45 s=45 threadsLeft=13
t=45 s=37 threadsLeft=12
t=45 s=14 threadsLeft=11
t=45 s=12 threadsLeft=10
t=45 s=8 threadsLeft=9
t=45 s=12 threadsLeft=8
t=45 s=11 threadsLeft=7
t=45 s=3 threadsLeft=6
t=45 s=9 threadsLeft=5
t=45 s=6 threadsLeft=4
t=45 s=8 threadsLeft=3
t=45 s=7 threadsLeft=2
t=45 s=4 threadsLeft=1
t=45 s=5 threadsLeft=0
t=45 time=0.00976
[38;2;000;128;000mTime: 0.085815s (2025-04-13 21:58:16)
[0m