Mising argument <t_max>
[38;2;000;128;000mTime: 7e-06s (2025-04-13 21:58:06)
[0mt=2 s=2 threadsLeft=0
t=2 time=0.000154
t=3 s=3 threadsLeft=0
t=3 time=0.000281
t=4 s=4 threadsLeft=1
t=4 s=2 threadsLeft=0
t=4 time=0.000303
t=5 s=5 threadsLeft=1
t=5 s=2 threadsLeft=0
t=5 time=0.00029
t=6 s=6 threadsLeft=1
t=6 s=3 threadsLeft=0
t=6 time=0.000275
t=7 s=7 threadsLeft=0
t=7 time=0.000366
t=8 s=8 threadsLeft=1
t=8 s=2 threadsLeft=0
t=8 time=0.00039
t=9 s=9 threadsLeft=1
t=9 s=2 threadsLeft=0
t=9 time=0.000412
t=10 s=10 threadsLeft=2
t=10 s=2 threadsLeft=1
t=10 s=3 threadsLeft=0
t=10 time=0.000438
t=11 s=11 threadsLeft=2
t=11 s=4 threadsLeft=1
t=11 s=3 threadsLeft=0
t=11 time=0.00047
t=12 s=12 threadsLeft=1
t=12 s=3 threadsLeft=0
t=12 time=0.000401
t=13 s=13 threadsLeft=1
t=13 s=4 threadsLeft=0
t=13 time=0.000404
t=14 s=14 threadsLeft=2
t=14 s=2 threadsLeft=1
t=14 s=5 threadsLeft=0
t=14 time=0.000387
t=15 s=15 threadsLeft=1
t=15 s=3 threadsLeft=0
Something is wrong: d_inv(x) is not well defined. s=0, xs[i]=Sq(5)v_{1}
