t=2 s=1 threadsLeft=0
  t=2 time=0.000399
t=3 s=2 threadsLeft=1
t=3 s=1 threadsLeft=0
  t=3 time=0.000444
t=4 s=3 threadsLeft=0
  t=4 time=0.000379
t=5 s=4 threadsLeft=2
t=5 s=2 threadsLeft=1
t=5 s=1 threadsLeft=0
  t=5 time=0.000425
t=6 s=5 threadsLeft=1
t=6 s=2 threadsLeft=0
  t=6 time=0.000429
t=7 s=6 threadsLeft=1
t=7 s=3 threadsLeft=0
  t=7 time=0.000387
t=8 s=7 threadsLeft=0
  t=8 time=0.000352
t=9 s=8 threadsLeft=2
t=9 s=2 threadsLeft=1
t=9 s=1 threadsLeft=0
  t=9 time=0.000389
t=10 s=9 threadsLeft=1
t=10 s=2 threadsLeft=0
  t=10 time=0.000381
t=11 s=10 threadsLeft=2
t=11 s=3 threadsLeft=1
t=11 s=2 threadsLeft=0
  t=11 time=0.00039
t=12 s=11 threadsLeft=2
t=12 s=4 threadsLeft=1
t=12 s=3 threadsLeft=0
  t=12 time=0.000381
t=13 s=12 threadsLeft=1
t=13 s=3 threadsLeft=0
  t=13 time=0.000386
t=14 s=13 threadsLeft=1
t=14 s=4 threadsLeft=0
  t=14 time=0.000408
t=15 s=14 threadsLeft=1
t=15 s=5 threadsLeft=0
  t=15 time=0.000356
t=16 s=15 threadsLeft=0
  t=16 time=0.00041
t=17 s=16 threadsLeft=4
t=17 s=6 threadsLeft=3
t=17 s=5 threadsLeft=2
t=17 s=2 threadsLeft=1
t=17 s=1 threadsLeft=0
  t=17 time=0.00044
t=18 s=17 threadsLeft=3
t=18 s=6 threadsLeft=2
t=18 s=2 threadsLeft=1
t=18 s=3 threadsLeft=0
  t=18 time=0.000399
t=19 s=18 threadsLeft=4
t=19 s=7 threadsLeft=3
t=19 s=4 threadsLeft=2
t=19 s=3 threadsLeft=1
t=19 s=2 threadsLeft=0
  t=19 time=0.000426
t=20 s=19 threadsLeft=2
t=20 s=5 threadsLeft=1
t=20 s=4 threadsLeft=0
  t=20 time=0.000416
t=21 s=20 threadsLeft=5
t=21 s=6 threadsLeft=4
t=21 s=5 threadsLeft=3
t=21 s=5 threadsLeft=2
t=21 s=3 threadsLeft=1
t=21 s=2 threadsLeft=0
  t=21 time=0.000493
t=22 s=21 threadsLeft=3
t=22 s=6 threadsLeft=2
t=22 s=4 threadsLeft=1
t=22 s=3 threadsLeft=0
  t=22 time=0.000503
t=23 s=22 threadsLeft=6
t=23 s=7 threadsLeft=5
t=23 s=6 threadsLeft=4
t=23 s=5 threadsLeft=3
t=23 s=4 threadsLeft=2
t=23 s=4 threadsLeft=1
t=23 s=3 threadsLeft=0
  t=23 time=0.000541
t=24 s=23 threadsLeft=4
t=24 s=8 threadsLeft=3
t=24 s=7 threadsLeft=2
t=24 s=6 threadsLeft=1
t=24 s=5 threadsLeft=0
  t=24 time=0.000441
t=25 s=24 threadsLeft=3
t=25 s=7 threadsLeft=2
t=25 s=4 threadsLeft=1
t=25 s=3 threadsLeft=0
  t=25 time=0.000443
t=26 s=25 threadsLeft=2
t=26 s=8 threadsLeft=1
t=26 s=5 threadsLeft=0
  t=26 time=0.000425
t=27 s=26 threadsLeft=4
t=27 s=9 threadsLeft=3
t=27 s=6 threadsLeft=2
t=27 s=5 threadsLeft=1
t=27 s=4 threadsLeft=0
  t=27 time=0.000447
t=28 s=27 threadsLeft=1
t=28 s=4 threadsLeft=0
  t=28 time=0.000329
t=29 s=28 threadsLeft=3
t=29 s=10 threadsLeft=2
t=29 s=9 threadsLeft=1
t=29 s=5 threadsLeft=0
  t=29 time=0.000431
t=30 s=29 threadsLeft=3
t=30 s=10 threadsLeft=2
t=30 s=6 threadsLeft=1
t=30 s=5 threadsLeft=0
  t=30 time=0.000448
t=31 s=30 threadsLeft=3
t=31 s=11 threadsLeft=2
t=31 s=8 threadsLeft=1
t=31 s=7 threadsLeft=0
  t=31 time=0.000413
t=32 s=31 threadsLeft=2
t=32 s=9 threadsLeft=1
t=32 s=8 threadsLeft=0
  t=32 time=0.000378
t=33 s=32 threadsLeft=6
t=33 s=10 threadsLeft=5
t=33 s=9 threadsLeft=4
t=33 s=9 threadsLeft=3
t=33 s=6 threadsLeft=2
t=33 s=2 threadsLeft=1
t=33 s=1 threadsLeft=0
  t=33 time=0.000557
t=34 s=33 threadsLeft=5
t=34 s=10 threadsLeft=4
t=34 s=8 threadsLeft=3
t=34 s=7 threadsLeft=2
t=34 s=2 threadsLeft=1
t=34 s=3 threadsLeft=0
  t=34 time=0.000557
t=35 s=34 threadsLeft=8
t=35 s=11 threadsLeft=7
t=35 s=10 threadsLeft=6
t=35 s=9 threadsLeft=5
t=35 s=8 threadsLeft=4
t=35 s=2 threadsLeft=3
t=35 s=3 threadsLeft=2
t=35 s=4 threadsLeft=1
t=35 s=3 threadsLeft=0
  t=35 time=0.000686
t=36 s=35 threadsLeft=6
t=36 s=12 threadsLeft=5
t=36 s=11 threadsLeft=4
t=36 s=10 threadsLeft=3
t=36 s=9 threadsLeft=2
t=36 s=5 threadsLeft=1
t=36 s=4 threadsLeft=0
  t=36 time=0.000477
t=37 s=36 threadsLeft=9
t=37 s=11 threadsLeft=8
t=37 s=8 threadsLeft=7
t=37 s=6 threadsLeft=6
t=37 s=7 threadsLeft=5
t=37 s=5 threadsLeft=4
t=37 s=5 threadsLeft=3
t=37 s=2 threadsLeft=2
t=37 s=3 threadsLeft=1
t=37 s=4 threadsLeft=0
  t=37 time=0.000672
t=38 s=37 threadsLeft=7
t=38 s=12 threadsLeft=6
t=38 s=9 threadsLeft=5
t=38 s=8 threadsLeft=4
t=38 s=6 threadsLeft=3
t=38 s=7 threadsLeft=2
t=38 s=3 threadsLeft=1
t=38 s=4 threadsLeft=0
  t=38 time=0.000733
t=39 s=38 threadsLeft=8
t=39 s=13 threadsLeft=7
t=39 s=10 threadsLeft=6
t=39 s=9 threadsLeft=5
t=39 s=8 threadsLeft=4
t=39 s=7 threadsLeft=3
t=39 s=6 threadsLeft=2
t=39 s=4 threadsLeft=1
t=39 s=5 threadsLeft=0
  t=39 time=0.00066
t=40 s=39 threadsLeft=4
t=40 s=9 threadsLeft=3
t=40 s=8 threadsLeft=2
t=40 s=8 threadsLeft=1
t=40 s=7 threadsLeft=0
  t=40 time=0.000415
t=41 s=40 threadsLeft=11
t=41 s=14 threadsLeft=10
t=41 s=13 threadsLeft=9
t=41 s=10 threadsLeft=8
t=41 s=9 threadsLeft=7
t=41 s=9 threadsLeft=6
t=41 s=8 threadsLeft=5
t=41 s=7 threadsLeft=4
t=41 s=2 threadsLeft=3
t=41 s=6 threadsLeft=2
t=41 s=5 threadsLeft=1
t=41 s=3 threadsLeft=0
  t=41 time=0.000852
t=42 s=41 threadsLeft=6
t=42 s=14 threadsLeft=5
t=42 s=11 threadsLeft=4
t=42 s=10 threadsLeft=3
t=42 s=10 threadsLeft=2
t=42 s=9 threadsLeft=1
t=42 s=3 threadsLeft=0
  t=42 time=0.000775
[38;2;000;128;000mTime: 0.727361s (2025-04-07 00:44:23)
[0mt=2 s=1 threadsLeft=0
  t=2 time=0.000394
t=3 s=2 threadsLeft=1
t=3 s=1 threadsLeft=0
  t=3 time=0.000385
t=4 s=3 threadsLeft=0
  t=4 time=0.00031
t=5 s=4 threadsLeft=2
t=5 s=2 threadsLeft=1
t=5 s=1 threadsLeft=0
  t=5 time=0.000339
t=6 s=5 threadsLeft=1
t=6 s=2 threadsLeft=0
  t=6 time=0.000311
t=7 s=6 threadsLeft=1
t=7 s=3 threadsLeft=0
  t=7 time=0.000285
t=8 s=7 threadsLeft=0
  t=8 time=0.000274
t=9 s=8 threadsLeft=2
t=9 s=2 threadsLeft=1
t=9 s=1 threadsLeft=0
  t=9 time=0.000301
t=10 s=9 threadsLeft=1
t=10 s=2 threadsLeft=0
  t=10 time=0.00028
t=11 s=10 threadsLeft=2
t=11 s=3 threadsLeft=1
t=11 s=2 threadsLeft=0
  t=11 time=0.00037
t=12 s=11 threadsLeft=2
t=12 s=4 threadsLeft=1
t=12 s=3 threadsLeft=0
  t=12 time=0.000334
t=13 s=12 threadsLeft=1
t=13 s=3 threadsLeft=0
  t=13 time=0.00031
t=14 s=13 threadsLeft=1
t=14 s=4 threadsLeft=0
  t=14 time=0.000285
t=15 s=14 threadsLeft=1
t=15 s=5 threadsLeft=0
  t=15 time=0.00026
t=16 s=15 threadsLeft=0
  t=16 time=0.000268
t=17 s=16 threadsLeft=4
t=17 s=6 threadsLeft=3
t=17 s=5 threadsLeft=2
t=17 s=2 threadsLeft=1
t=17 s=1 threadsLeft=0
  t=17 time=0.000454
t=18 s=17 threadsLeft=3
t=18 s=6 threadsLeft=2
t=18 s=3 threadsLeft=1
t=18 s=2 threadsLeft=0
  t=18 time=0.000412
t=19 s=18 threadsLeft=4
t=19 s=7 threadsLeft=3
t=19 s=4 threadsLeft=2
t=19 s=3 threadsLeft=1
t=19 s=2 threadsLeft=0
  t=19 time=0.000471
t=20 s=19 threadsLeft=2
t=20 s=5 threadsLeft=1
t=20 s=4 threadsLeft=0
  t=20 time=0.000415
t=21 s=20 threadsLeft=5
t=21 s=6 threadsLeft=4
t=21 s=5 threadsLeft=3
t=21 s=5 threadsLeft=2
t=21 s=3 threadsLeft=1
t=21 s=2 threadsLeft=0
  t=21 time=0.000484
t=22 s=21 threadsLeft=3
t=22 s=6 threadsLeft=2
t=22 s=4 threadsLeft=1
t=22 s=3 threadsLeft=0
  t=22 time=0.000415
t=23 s=22 threadsLeft=6
t=23 s=7 threadsLeft=5
t=23 s=6 threadsLeft=4
t=23 s=5 threadsLeft=3
t=23 s=4 threadsLeft=2
t=23 s=4 threadsLeft=1
t=23 s=3 threadsLeft=0
  t=23 time=0.00047
t=24 s=23 threadsLeft=4
t=24 s=8 threadsLeft=3
t=24 s=7 threadsLeft=2
t=24 s=6 threadsLeft=1
t=24 s=5 threadsLeft=0
  t=24 time=0.000426
t=25 s=24 threadsLeft=3
t=25 s=7 threadsLeft=2
t=25 s=4 threadsLeft=1
t=25 s=3 threadsLeft=0
  t=25 time=0.000418
t=26 s=25 threadsLeft=2
t=26 s=8 threadsLeft=1
t=26 s=5 threadsLeft=0
  t=26 time=0.000355
t=27 s=26 threadsLeft=4
t=27 s=9 threadsLeft=3
t=27 s=6 threadsLeft=2
t=27 s=5 threadsLeft=1
t=27 s=4 threadsLeft=0
  t=27 time=0.000353
t=28 s=27 threadsLeft=1
t=28 s=4 threadsLeft=0
  t=28 time=0.000413
t=29 s=28 threadsLeft=3
t=29 s=10 threadsLeft=2
t=29 s=9 threadsLeft=1
t=29 s=5 threadsLeft=0
  t=29 time=0.000392
t=30 s=29 threadsLeft=3
t=30 s=10 threadsLeft=2
t=30 s=6 threadsLeft=1
t=30 s=5 threadsLeft=0
  t=30 time=0.000448
t=31 s=30 threadsLeft=3
t=31 s=11 threadsLeft=2
t=31 s=8 threadsLeft=1
t=31 s=7 threadsLeft=0
  t=31 time=0.000476
t=32 s=31 threadsLeft=2
t=32 s=9 threadsLeft=1
t=32 s=8 threadsLeft=0
  t=32 time=0.000421
t=33 s=32 threadsLeft=6
t=33 s=10 threadsLeft=5
t=33 s=9 threadsLeft=4
t=33 s=9 threadsLeft=3
t=33 s=2 threadsLeft=2
t=33 s=1 threadsLeft=1
t=33 s=6 threadsLeft=0
  t=33 time=0.000562
t=34 s=33 threadsLeft=5
t=34 s=10 threadsLeft=4
t=34 s=8 threadsLeft=3
t=34 s=2 threadsLeft=2
t=34 s=3 threadsLeft=1
t=34 s=7 threadsLeft=0
  t=34 time=0.000619
t=35 s=34 threadsLeft=8
t=35 s=11 threadsLeft=7
t=35 s=10 threadsLeft=6
t=35 s=9 threadsLeft=5
t=35 s=8 threadsLeft=4
t=35 s=4 threadsLeft=3
t=35 s=2 threadsLeft=2
t=35 s=3 threadsLeft=1
t=35 s=3 threadsLeft=0
  t=35 time=0.000631
t=36 s=35 threadsLeft=6
t=36 s=12 threadsLeft=5
t=36 s=11 threadsLeft=4
t=36 s=10 threadsLeft=3
t=36 s=9 threadsLeft=2
t=36 s=5 threadsLeft=1
t=36 s=4 threadsLeft=0
  t=36 time=0.000414
t=37 s=36 threadsLeft=9
t=37 s=11 threadsLeft=8
t=37 s=8 threadsLeft=7
t=37 s=7 threadsLeft=6
t=37 s=6 threadsLeft=5
t=37 s=2 threadsLeft=4
t=37 s=3 threadsLeft=3
t=37 s=5 threadsLeft=2
t=37 s=4 threadsLeft=1
t=37 s=5 threadsLeft=0
  t=37 time=0.000681
t=38 s=37 threadsLeft=7
t=38 s=12 threadsLeft=6
t=38 s=9 threadsLeft=5
t=38 s=8 threadsLeft=4
t=38 s=6 threadsLeft=3
t=38 s=7 threadsLeft=2
t=38 s=3 threadsLeft=1
t=38 s=4 threadsLeft=0
  t=38 time=0.000665
t=39 s=38 threadsLeft=8
t=39 s=13 threadsLeft=7
t=39 s=10 threadsLeft=6
t=39 s=9 threadsLeft=5
t=39 s=8 threadsLeft=4
t=39 s=7 threadsLeft=3
t=39 s=6 threadsLeft=2
t=39 s=5 threadsLeft=1
t=39 s=4 threadsLeft=0
  t=39 time=0.000624
t=40 s=39 threadsLeft=4
t=40 s=9 threadsLeft=3
t=40 s=8 threadsLeft=2
t=40 s=8 threadsLeft=1
t=40 s=7 threadsLeft=0
  t=40 time=0.000439
t=41 s=40 threadsLeft=11
t=41 s=14 threadsLeft=10
t=41 s=13 threadsLeft=9
t=41 s=10 threadsLeft=8
t=41 s=9 threadsLeft=7
t=41 s=9 threadsLeft=6
t=41 s=8 threadsLeft=5
t=41 s=7 threadsLeft=4
t=41 s=2 threadsLeft=3
t=41 s=6 threadsLeft=2
t=41 s=5 threadsLeft=1
t=41 s=3 threadsLeft=0
  t=41 time=0.000773
t=42 s=41 threadsLeft=6
t=42 s=14 threadsLeft=5
t=42 s=11 threadsLeft=4
t=42 s=10 threadsLeft=3
t=42 s=10 threadsLeft=2
t=42 s=9 threadsLeft=1
t=42 s=3 threadsLeft=0
  t=42 time=0.000757
t=43 s=42 threadsLeft=10
t=43 s=15 threadsLeft=9
t=43 s=12 threadsLeft=8
t=43 s=11 threadsLeft=7
t=43 s=8 threadsLeft=6
t=43 s=7 threadsLeft=5
t=43 s=6 threadsLeft=4
t=43 s=5 threadsLeft=3
t=43 s=4 threadsLeft=2
t=43 s=3 threadsLeft=1
t=43 s=4 threadsLeft=0
  t=43 time=0.00111
t=44 s=43 threadsLeft=7
t=44 s=13 threadsLeft=6
t=44 s=12 threadsLeft=5
t=44 s=9 threadsLeft=4
t=44 s=8 threadsLeft=3
t=44 s=5 threadsLeft=2
t=44 s=6 threadsLeft=1
t=44 s=4 threadsLeft=0
  t=44 time=0.00074
t=45 s=44 threadsLeft=13
t=45 s=14 threadsLeft=12
t=45 s=13 threadsLeft=11
t=45 s=13 threadsLeft=10
t=45 s=10 threadsLeft=9
t=45 s=9 threadsLeft=8
t=45 s=6 threadsLeft=7
t=45 s=7 threadsLeft=6
t=45 s=7 threadsLeft=5
t=45 s=6 threadsLeft=4
t=45 s=5 threadsLeft=3
t=45 s=3 threadsLeft=2
t=45 s=4 threadsLeft=1
t=45 s=4 threadsLeft=0
  t=45 time=0.001263
t=46 s=45 threadsLeft=9
t=46 s=14 threadsLeft=8
t=46 s=12 threadsLeft=7
t=46 s=8 threadsLeft=6
t=46 s=11 threadsLeft=5
t=46 s=8 threadsLeft=4
t=46 s=7 threadsLeft=3
t=46 s=5 threadsLeft=2
t=46 s=5 threadsLeft=1
t=46 s=4 threadsLeft=0
  t=46 time=0.001085
t=47 s=46 threadsLeft=10
t=47 s=15 threadsLeft=9
t=47 s=14 threadsLeft=8
t=47 s=12 threadsLeft=7
t=47 s=13 threadsLeft=6
t=47 s=9 threadsLeft=5
t=47 s=8 threadsLeft=4
t=47 s=6 threadsLeft=3
t=47 s=7 threadsLeft=2
t=47 s=6 threadsLeft=1
t=47 s=5 threadsLeft=0
  t=47 time=0.000936
t=48 s=47 threadsLeft=6
t=48 s=16 threadsLeft=5
t=48 s=15 threadsLeft=4
t=48 s=14 threadsLeft=3
t=48 s=13 threadsLeft=2
t=48 s=10 threadsLeft=1
t=48 s=9 threadsLeft=0
  t=48 time=0.000526
t=49 s=48 threadsLeft=9
t=49 s=15 threadsLeft=8
t=49 s=12 threadsLeft=7
t=49 s=11 threadsLeft=6
t=49 s=8 threadsLeft=5
t=49 s=9 threadsLeft=4
t=49 s=7 threadsLeft=3
t=49 s=6 threadsLeft=2
t=49 s=4 threadsLeft=1
t=49 s=3 threadsLeft=0
  t=49 time=0.001542
t=50 s=49 threadsLeft=6
t=50 s=16 threadsLeft=5
t=50 s=13 threadsLeft=4
t=50 s=12 threadsLeft=3
t=50 s=5 threadsLeft=2
t=50 s=7 threadsLeft=1
t=50 s=4 threadsLeft=0
  t=50 time=0.001699
[38;2;000;128;000mTime: 0.749325s (2025-04-13 18:31:26)
[0mt=2 s=1 threadsLeft=0
  t=2 time=0.000294
t=3 s=2 threadsLeft=1
t=3 s=1 threadsLeft=0
  t=3 time=0.000565
t=4 s=3 threadsLeft=0
  t=4 time=0.000346
t=5 s=4 threadsLeft=2
t=5 s=2 threadsLeft=1
t=5 s=1 threadsLeft=0
  t=5 time=0.000413
t=6 s=5 threadsLeft=1
t=6 s=2 threadsLeft=0
  t=6 time=0.000359
t=7 s=6 threadsLeft=1
t=7 s=3 threadsLeft=0
  t=7 time=0.00035
t=8 s=7 threadsLeft=0
  t=8 time=0.000374
t=9 s=8 threadsLeft=2
t=9 s=2 threadsLeft=1
t=9 s=1 threadsLeft=0
  t=9 time=0.000407
t=10 s=9 threadsLeft=1
t=10 s=2 threadsLeft=0
  t=10 time=0.000397
t=11 s=10 threadsLeft=2
t=11 s=3 threadsLeft=1
t=11 s=2 threadsLeft=0
  t=11 time=0.000441
t=12 s=11 threadsLeft=2
t=12 s=4 threadsLeft=1
t=12 s=3 threadsLeft=0
  t=12 time=0.000396
t=13 s=12 threadsLeft=1
t=13 s=3 threadsLeft=0
  t=13 time=0.000395
t=14 s=13 threadsLeft=1
t=14 s=4 threadsLeft=0
  t=14 time=0.000453
t=15 s=14 threadsLeft=1
t=15 s=5 threadsLeft=0
  t=15 time=0.000438
t=16 s=15 threadsLeft=0
  t=16 time=0.000353
t=17 s=16 threadsLeft=4
t=17 s=6 threadsLeft=3
t=17 s=5 threadsLeft=2
t=17 s=1 threadsLeft=1
t=17 s=2 threadsLeft=0
  t=17 time=0.000477
t=18 s=17 threadsLeft=3
t=18 s=6 threadsLeft=2
t=18 s=2 threadsLeft=1
t=18 s=3 threadsLeft=0
  t=18 time=0.000351
t=19 s=18 threadsLeft=4
t=19 s=7 threadsLeft=3
t=19 s=4 threadsLeft=2
t=19 s=3 threadsLeft=1
t=19 s=2 threadsLeft=0
  t=19 time=0.000397
t=20 s=19 threadsLeft=2
t=20 s=5 threadsLeft=1
t=20 s=4 threadsLeft=0
  t=20 time=0.000389
t=21 s=20 threadsLeft=5
t=21 s=6 threadsLeft=4
t=21 s=5 threadsLeft=3
t=21 s=5 threadsLeft=2
t=21 s=3 threadsLeft=1
t=21 s=2 threadsLeft=0
  t=21 time=0.000374
t=22 s=21 threadsLeft=3
t=22 s=6 threadsLeft=2
t=22 s=4 threadsLeft=1
t=22 s=3 threadsLeft=0
  t=22 time=0.000349
t=23 s=22 threadsLeft=6
t=23 s=7 threadsLeft=5
t=23 s=6 threadsLeft=4
t=23 s=5 threadsLeft=3
t=23 s=4 threadsLeft=2
t=23 s=4 threadsLeft=1
t=23 s=3 threadsLeft=0
  t=23 time=0.000421
t=24 s=23 threadsLeft=4
t=24 s=8 threadsLeft=3
t=24 s=7 threadsLeft=2
t=24 s=6 threadsLeft=1
t=24 s=5 threadsLeft=0
  t=24 time=0.000414
t=25 s=24 threadsLeft=3
t=25 s=7 threadsLeft=2
t=25 s=4 threadsLeft=1
t=25 s=3 threadsLeft=0
  t=25 time=0.000425
t=26 s=25 threadsLeft=2
t=26 s=8 threadsLeft=1
t=26 s=5 threadsLeft=0
  t=26 time=0.000439
t=27 s=26 threadsLeft=4
t=27 s=9 threadsLeft=3
t=27 s=6 threadsLeft=2
t=27 s=5 threadsLeft=1
t=27 s=4 threadsLeft=0
  t=27 time=0.000468
t=28 s=27 threadsLeft=1
t=28 s=4 threadsLeft=0
  t=28 time=0.000396
t=29 s=28 threadsLeft=3
t=29 s=10 threadsLeft=2
t=29 s=9 threadsLeft=1
t=29 s=5 threadsLeft=0
  t=29 time=0.000429
t=30 s=29 threadsLeft=3
t=30 s=10 threadsLeft=2
t=30 s=6 threadsLeft=1
t=30 s=5 threadsLeft=0
  t=30 time=0.000462
t=31 s=30 threadsLeft=3
t=31 s=11 threadsLeft=2
t=31 s=8 threadsLeft=1
t=31 s=7 threadsLeft=0
  t=31 time=0.000424
t=32 s=31 threadsLeft=2
t=32 s=9 threadsLeft=1
t=32 s=8 threadsLeft=0
  t=32 time=0.000451
t=33 s=32 threadsLeft=6
t=33 s=10 threadsLeft=5
t=33 s=9 threadsLeft=4
t=33 s=9 threadsLeft=3
t=33 s=2 threadsLeft=2
t=33 s=6 threadsLeft=1
t=33 s=1 threadsLeft=0
  t=33 time=0.000545
t=34 s=33 threadsLeft=5
t=34 s=10 threadsLeft=4
t=34 s=8 threadsLeft=3
t=34 s=7 threadsLeft=2
t=34 s=2 threadsLeft=1
t=34 s=3 threadsLeft=0
  t=34 time=0.000585
t=35 s=34 threadsLeft=8
t=35 s=11 threadsLeft=7
t=35 s=10 threadsLeft=6
t=35 s=9 threadsLeft=5
t=35 s=8 threadsLeft=4
t=35 s=4 threadsLeft=3
t=35 s=2 threadsLeft=2
t=35 s=3 threadsLeft=1
t=35 s=3 threadsLeft=0
  t=35 time=0.000681
t=36 s=35 threadsLeft=6
t=36 s=12 threadsLeft=5
t=36 s=11 threadsLeft=4
t=36 s=10 threadsLeft=3
t=36 s=9 threadsLeft=2
t=36 s=4 threadsLeft=1
t=36 s=5 threadsLeft=0
  t=36 time=0.000442
t=37 s=36 threadsLeft=9
t=37 s=11 threadsLeft=8
t=37 s=8 threadsLeft=7
t=37 s=6 threadsLeft=6
t=37 s=7 threadsLeft=5
t=37 s=5 threadsLeft=4
t=37 s=5 threadsLeft=3
t=37 s=2 threadsLeft=2
t=37 s=3 threadsLeft=1
t=37 s=4 threadsLeft=0
  t=37 time=0.000695
t=38 s=37 threadsLeft=7
t=38 s=12 threadsLeft=6
t=38 s=9 threadsLeft=5
t=38 s=8 threadsLeft=4
t=38 s=6 threadsLeft=3
t=38 s=7 threadsLeft=2
t=38 s=3 threadsLeft=1
t=38 s=4 threadsLeft=0
  t=38 time=0.000605
t=39 s=38 threadsLeft=8
t=39 s=13 threadsLeft=7
t=39 s=10 threadsLeft=6
t=39 s=9 threadsLeft=5
t=39 s=8 threadsLeft=4
t=39 s=7 threadsLeft=3
t=39 s=6 threadsLeft=2
t=39 s=5 threadsLeft=1
t=39 s=4 threadsLeft=0
  t=39 time=0.000546
t=40 s=39 threadsLeft=4
t=40 s=9 threadsLeft=3
t=40 s=8 threadsLeft=2
t=40 s=8 threadsLeft=1
t=40 s=7 threadsLeft=0
  t=40 time=0.000453
t=41 s=40 threadsLeft=11
t=41 s=14 threadsLeft=10
t=41 s=13 threadsLeft=9
t=41 s=10 threadsLeft=8
t=41 s=9 threadsLeft=7
t=41 s=9 threadsLeft=6
t=41 s=8 threadsLeft=5
t=41 s=7 threadsLeft=4
t=41 s=6 threadsLeft=3
t=41 s=2 threadsLeft=2
t=41 s=5 threadsLeft=1
t=41 s=3 threadsLeft=0
  t=41 time=0.001002
t=42 s=41 threadsLeft=6
t=42 s=14 threadsLeft=5
t=42 s=11 threadsLeft=4
t=42 s=10 threadsLeft=3
t=42 s=10 threadsLeft=2
t=42 s=9 threadsLeft=1
t=42 s=3 threadsLeft=0
  t=42 time=0.000903
t=43 s=42 threadsLeft=10
t=43 s=15 threadsLeft=9
t=43 s=12 threadsLeft=8
t=43 s=11 threadsLeft=7
t=43 s=8 threadsLeft=6
t=43 s=7 threadsLeft=5
t=43 s=6 threadsLeft=4
t=43 s=5 threadsLeft=3
t=43 s=4 threadsLeft=2
t=43 s=3 threadsLeft=1
t=43 s=4 threadsLeft=0
  t=43 time=0.001135
t=44 s=43 threadsLeft=7
t=44 s=13 threadsLeft=6
t=44 s=12 threadsLeft=5
t=44 s=9 threadsLeft=4
t=44 s=8 threadsLeft=3
t=44 s=6 threadsLeft=2
t=44 s=5 threadsLeft=1
t=44 s=4 threadsLeft=0
  t=44 time=0.000933
t=45 s=44 threadsLeft=13
t=45 s=14 threadsLeft=12
t=45 s=13 threadsLeft=11
t=45 s=13 threadsLeft=10
t=45 s=10 threadsLeft=9
t=45 s=9 threadsLeft=8
t=45 s=7 threadsLeft=7
t=45 s=6 threadsLeft=6
t=45 s=7 threadsLeft=5
t=45 s=5 threadsLeft=4
t=45 s=6 threadsLeft=3
t=45 s=3 threadsLeft=2
t=45 s=4 threadsLeft=1
t=45 s=4 threadsLeft=0
  t=45 time=0.001442
[38;2;000;128;000mTime: 0.746355s (2025-04-13 18:31:42)
[0m[38;2;000;128;000mTime: 0.013719s (2025-04-13 18:32:04)
[0mt=2 s=1 threadsLeft=0
  t=2 time=0.000319
t=3 s=2 threadsLeft=1
t=3 s=1 threadsLeft=0
  t=3 time=0.000389
t=4 s=3 threadsLeft=0
  t=4 time=0.000385
t=5 s=4 threadsLeft=2
t=5 s=2 threadsLeft=1
t=5 s=1 threadsLeft=0
  t=5 time=0.000457
t=6 s=5 threadsLeft=1
t=6 s=2 threadsLeft=0
  t=6 time=0.000414
t=7 s=6 threadsLeft=1
t=7 s=3 threadsLeft=0
  t=7 time=0.000424
t=8 s=7 threadsLeft=0
  t=8 time=0.000796
t=9 s=8 threadsLeft=2
t=9 s=2 threadsLeft=1
t=9 s=1 threadsLeft=0
  t=9 time=0.000489
t=10 s=9 threadsLeft=1
t=10 s=2 threadsLeft=0
  t=10 time=0.000406
t=11 s=10 threadsLeft=2
t=11 s=3 threadsLeft=1
t=11 s=2 threadsLeft=0
  t=11 time=0.00046
t=12 s=11 threadsLeft=2
t=12 s=4 threadsLeft=1
t=12 s=3 threadsLeft=0
  t=12 time=0.000489
t=13 s=12 threadsLeft=1
t=13 s=3 threadsLeft=0
  t=13 time=0.000425
t=14 s=13 threadsLeft=1
t=14 s=4 threadsLeft=0
  t=14 time=0.000388
t=15 s=14 threadsLeft=1
t=15 s=5 threadsLeft=0
  t=15 time=0.00035
t=16 s=15 threadsLeft=0
  t=16 time=0.000334
t=17 s=16 threadsLeft=4
t=17 s=6 threadsLeft=3
t=17 s=5 threadsLeft=2
t=17 s=2 threadsLeft=1
t=17 s=1 threadsLeft=0
  t=17 time=0.000481
t=18 s=17 threadsLeft=3
t=18 s=6 threadsLeft=2
t=18 s=3 threadsLeft=1
t=18 s=2 threadsLeft=0
  t=18 time=0.000462
t=19 s=18 threadsLeft=4
t=19 s=7 threadsLeft=3
t=19 s=4 threadsLeft=2
t=19 s=3 threadsLeft=1
t=19 s=2 threadsLeft=0
  t=19 time=0.000442
t=20 s=19 threadsLeft=2
t=20 s=5 threadsLeft=1
t=20 s=4 threadsLeft=0
  t=20 time=0.000373
t=21 s=20 threadsLeft=5
t=21 s=6 threadsLeft=4
t=21 s=5 threadsLeft=3
t=21 s=5 threadsLeft=2
t=21 s=3 threadsLeft=1
t=21 s=2 threadsLeft=0
  t=21 time=0.00044
t=22 s=21 threadsLeft=3
t=22 s=6 threadsLeft=2
t=22 s=4 threadsLeft=1
t=22 s=3 threadsLeft=0
  t=22 time=0.000432
t=23 s=22 threadsLeft=6
t=23 s=7 threadsLeft=5
t=23 s=6 threadsLeft=4
t=23 s=5 threadsLeft=3
t=23 s=4 threadsLeft=2
t=23 s=4 threadsLeft=1
t=23 s=3 threadsLeft=0
  t=23 time=0.000551
t=24 s=23 threadsLeft=4
t=24 s=8 threadsLeft=3
t=24 s=7 threadsLeft=2
t=24 s=6 threadsLeft=1
t=24 s=5 threadsLeft=0
  t=24 time=0.000456
t=25 s=24 threadsLeft=3
t=25 s=7 threadsLeft=2
t=25 s=4 threadsLeft=1
t=25 s=3 threadsLeft=0
  t=25 time=0.000431
t=26 s=25 threadsLeft=2
t=26 s=8 threadsLeft=1
t=26 s=5 threadsLeft=0
  t=26 time=0.000398
t=27 s=26 threadsLeft=4
t=27 s=9 threadsLeft=3
t=27 s=6 threadsLeft=2
t=27 s=5 threadsLeft=1
t=27 s=4 threadsLeft=0
  t=27 time=0.000444
t=28 s=27 threadsLeft=1
t=28 s=4 threadsLeft=0
  t=28 time=0.000436
t=29 s=28 threadsLeft=3
t=29 s=10 threadsLeft=2
t=29 s=9 threadsLeft=1
t=29 s=5 threadsLeft=0
  t=29 time=0.00041
t=30 s=29 threadsLeft=3
t=30 s=10 threadsLeft=2
t=30 s=6 threadsLeft=1
t=30 s=5 threadsLeft=0
  t=30 time=0.000325
t=31 s=30 threadsLeft=3
t=31 s=11 threadsLeft=2
t=31 s=8 threadsLeft=1
t=31 s=7 threadsLeft=0
  t=31 time=0.000344
t=32 s=31 threadsLeft=2
t=32 s=9 threadsLeft=1
t=32 s=8 threadsLeft=0
  t=32 time=0.000402
t=33 s=32 threadsLeft=6
t=33 s=10 threadsLeft=5
t=33 s=9 threadsLeft=4
t=33 s=9 threadsLeft=3
t=33 s=1 threadsLeft=2
t=33 s=6 threadsLeft=1
t=33 s=2 threadsLeft=0
  t=33 time=0.000543
t=34 s=33 threadsLeft=5
t=34 s=10 threadsLeft=4
t=34 s=8 threadsLeft=3
t=34 s=7 threadsLeft=2
t=34 s=2 threadsLeft=1
t=34 s=3 threadsLeft=0
  t=34 time=0.000556
t=35 s=34 threadsLeft=8
t=35 s=11 threadsLeft=7
t=35 s=10 threadsLeft=6
t=35 s=9 threadsLeft=5
t=35 s=8 threadsLeft=4
t=35 s=4 threadsLeft=3
t=35 s=2 threadsLeft=2
t=35 s=3 threadsLeft=1
t=35 s=3 threadsLeft=0
  t=35 time=0.000674
t=36 s=35 threadsLeft=6
t=36 s=12 threadsLeft=5
t=36 s=11 threadsLeft=4
t=36 s=10 threadsLeft=3
t=36 s=9 threadsLeft=2
t=36 s=5 threadsLeft=1
t=36 s=4 threadsLeft=0
  t=36 time=0.000465
t=37 s=36 threadsLeft=9
t=37 s=11 threadsLeft=8
t=37 s=8 threadsLeft=7
t=37 s=6 threadsLeft=6
t=37 s=7 threadsLeft=5
t=37 s=5 threadsLeft=4
t=37 s=3 threadsLeft=3
t=37 s=2 threadsLeft=2
t=37 s=4 threadsLeft=1
t=37 s=5 threadsLeft=0
  t=37 time=0.000775
t=38 s=37 threadsLeft=7
t=38 s=12 threadsLeft=6
t=38 s=9 threadsLeft=5
t=38 s=8 threadsLeft=4
t=38 s=6 threadsLeft=3
t=38 s=7 threadsLeft=2
t=38 s=3 threadsLeft=1
t=38 s=4 threadsLeft=0
  t=38 time=0.000777
t=39 s=38 threadsLeft=8
t=39 s=13 threadsLeft=7
t=39 s=10 threadsLeft=6
t=39 s=9 threadsLeft=5
t=39 s=8 threadsLeft=4
t=39 s=7 threadsLeft=3
t=39 s=6 threadsLeft=2
t=39 s=5 threadsLeft=1
t=39 s=4 threadsLeft=0
  t=39 time=0.000752
t=40 s=39 threadsLeft=4
t=40 s=9 threadsLeft=3
t=40 s=8 threadsLeft=2
t=40 s=8 threadsLeft=1
t=40 s=7 threadsLeft=0
  t=40 time=0.000517
t=41 s=40 threadsLeft=11
t=41 s=14 threadsLeft=10
t=41 s=13 threadsLeft=9
t=41 s=10 threadsLeft=8
t=41 s=9 threadsLeft=7
t=41 s=9 threadsLeft=6
t=41 s=8 threadsLeft=5
t=41 s=7 threadsLeft=4
t=41 s=2 threadsLeft=3
t=41 s=6 threadsLeft=2
t=41 s=5 threadsLeft=1
t=41 s=3 threadsLeft=0
  t=41 time=0.000852
t=42 s=41 threadsLeft=6
t=42 s=14 threadsLeft=5
t=42 s=11 threadsLeft=4
t=42 s=10 threadsLeft=3
t=42 s=10 threadsLeft=2
t=42 s=9 threadsLeft=1
t=42 s=3 threadsLeft=0
  t=42 time=0.000763
t=43 s=42 threadsLeft=10
t=43 s=15 threadsLeft=9
t=43 s=12 threadsLeft=8
t=43 s=11 threadsLeft=7
t=43 s=8 threadsLeft=6
t=43 s=7 threadsLeft=5
t=43 s=6 threadsLeft=4
t=43 s=5 threadsLeft=3
t=43 s=4 threadsLeft=2
t=43 s=3 threadsLeft=1
t=43 s=4 threadsLeft=0
  t=43 time=0.001128
t=44 s=43 threadsLeft=7
t=44 s=13 threadsLeft=6
t=44 s=12 threadsLeft=5
t=44 s=9 threadsLeft=4
t=44 s=8 threadsLeft=3
t=44 s=6 threadsLeft=2
t=44 s=5 threadsLeft=1
t=44 s=4 threadsLeft=0
  t=44 time=0.000771
t=45 s=44 threadsLeft=13
t=45 s=14 threadsLeft=12
t=45 s=13 threadsLeft=11
t=45 s=13 threadsLeft=10
t=45 s=10 threadsLeft=9
t=45 s=9 threadsLeft=8
t=45 s=7 threadsLeft=7
t=45 s=6 threadsLeft=6
t=45 s=5 threadsLeft=5
t=45 s=6 threadsLeft=4
t=45 s=7 threadsLeft=3
t=45 s=3 threadsLeft=2
t=45 s=4 threadsLeft=1
t=45 s=4 threadsLeft=0
  t=45 time=0.001232
t=46 s=45 threadsLeft=9
t=46 s=14 threadsLeft=8
t=46 s=12 threadsLeft=7
t=46 s=11 threadsLeft=6
t=46 s=8 threadsLeft=5
t=46 s=8 threadsLeft=4
t=46 s=7 threadsLeft=3
t=46 s=5 threadsLeft=2
t=46 s=5 threadsLeft=1
t=46 s=4 threadsLeft=0
  t=46 time=0.001029
t=47 s=46 threadsLeft=10
t=47 s=15 threadsLeft=9
t=47 s=14 threadsLeft=8
t=47 s=13 threadsLeft=7
t=47 s=12 threadsLeft=6
t=47 s=9 threadsLeft=5
t=47 s=8 threadsLeft=4
t=47 s=7 threadsLeft=3
t=47 s=6 threadsLeft=2
t=47 s=5 threadsLeft=1
t=47 s=6 threadsLeft=0
  t=47 time=0.00093
t=48 s=47 threadsLeft=6
t=48 s=16 threadsLeft=5
t=48 s=15 threadsLeft=4
t=48 s=14 threadsLeft=3
t=48 s=13 threadsLeft=2
t=48 s=10 threadsLeft=1
t=48 s=9 threadsLeft=0
  t=48 time=0.000481
t=49 s=48 threadsLeft=9
t=49 s=15 threadsLeft=8
t=49 s=12 threadsLeft=7
t=49 s=11 threadsLeft=6
t=49 s=8 threadsLeft=5
t=49 s=9 threadsLeft=4
t=49 s=7 threadsLeft=3
t=49 s=6 threadsLeft=2
t=49 s=4 threadsLeft=1
t=49 s=3 threadsLeft=0
  t=49 time=0.001506
t=50 s=49 threadsLeft=6
t=50 s=16 threadsLeft=5
t=50 s=13 threadsLeft=4
t=50 s=12 threadsLeft=3
t=50 s=5 threadsLeft=2
t=50 s=7 threadsLeft=1
t=50 s=4 threadsLeft=0
  t=50 time=0.001615
t=51 s=50 threadsLeft=8
t=51 s=17 threadsLeft=7
t=51 s=14 threadsLeft=6
t=51 s=13 threadsLeft=5
t=51 s=10 threadsLeft=4
t=51 s=8 threadsLeft=3
t=51 s=5 threadsLeft=2
t=51 s=6 threadsLeft=1
t=51 s=5 threadsLeft=0
  t=51 time=0.00144
t=52 s=51 threadsLeft=5
t=52 s=12 threadsLeft=4
t=52 s=11 threadsLeft=3
t=52 s=10 threadsLeft=2
t=52 s=9 threadsLeft=1
t=52 s=6 threadsLeft=0
  t=52 time=0.001027
t=53 s=52 threadsLeft=9
t=53 s=18 threadsLeft=8
t=53 s=17 threadsLeft=7
t=53 s=13 threadsLeft=6
t=53 s=12 threadsLeft=5
t=53 s=11 threadsLeft=4
t=53 s=7 threadsLeft=3
t=53 s=5 threadsLeft=2
t=53 s=6 threadsLeft=1
t=53 s=4 threadsLeft=0
  t=53 time=0.002103
t=54 s=53 threadsLeft=6
t=54 s=18 threadsLeft=5
t=54 s=14 threadsLeft=4
t=54 s=13 threadsLeft=3
t=54 s=7 threadsLeft=2
t=54 s=6 threadsLeft=1
t=54 s=5 threadsLeft=0
  t=54 time=0.001669
t=55 s=54 threadsLeft=12
t=55 s=19 threadsLeft=11
t=55 s=16 threadsLeft=10
t=55 s=10 threadsLeft=9
t=55 s=15 threadsLeft=8
t=55 s=9 threadsLeft=7
t=55 s=11 threadsLeft=6
t=55 s=12 threadsLeft=5
t=55 s=8 threadsLeft=4
t=55 s=7 threadsLeft=3
t=55 s=5 threadsLeft=2
t=55 s=6 threadsLeft=1
t=55 s=4 threadsLeft=0
  t=55 time=0.003071
[38;2;000;128;000mTime: 0.745985s (2025-04-14 11:05:18)
[0mt=2 s=1 threadsLeft=0
  t=2 time=0.000264
t=3 s=2 threadsLeft=1
t=3 s=1 threadsLeft=0
  t=3 time=0.000299
t=4 s=3 threadsLeft=0
  t=4 time=0.000269
t=5 s=4 threadsLeft=2
t=5 s=2 threadsLeft=1
t=5 s=1 threadsLeft=0
  t=5 time=0.000348
t=6 s=5 threadsLeft=1
t=6 s=2 threadsLeft=0
  t=6 time=0.000319
t=7 s=6 threadsLeft=1
t=7 s=3 threadsLeft=0
  t=7 time=0.000296
t=8 s=7 threadsLeft=0
  t=8 time=0.000248
t=9 s=8 threadsLeft=2
t=9 s=2 threadsLeft=1
t=9 s=1 threadsLeft=0
  t=9 time=0.000306
t=10 s=9 threadsLeft=1
t=10 s=2 threadsLeft=0
  t=10 time=0.000282
t=11 s=10 threadsLeft=2
t=11 s=3 threadsLeft=1
t=11 s=2 threadsLeft=0
  t=11 time=0.000302
t=12 s=11 threadsLeft=2
t=12 s=4 threadsLeft=1
t=12 s=3 threadsLeft=0
  t=12 time=0.000306
t=13 s=12 threadsLeft=1
t=13 s=3 threadsLeft=0
  t=13 time=0.000282
t=14 s=13 threadsLeft=1
t=14 s=4 threadsLeft=0
  t=14 time=0.000265
t=15 s=14 threadsLeft=1
t=15 s=5 threadsLeft=0
  t=15 time=0.000304
t=16 s=15 threadsLeft=0
  t=16 time=0.000271
t=17 s=16 threadsLeft=4
t=17 s=6 threadsLeft=3
t=17 s=5 threadsLeft=2
t=17 s=2 threadsLeft=1
t=17 s=1 threadsLeft=0
  t=17 time=0.00034
t=18 s=17 threadsLeft=3
t=18 s=6 threadsLeft=2
t=18 s=3 threadsLeft=1
t=18 s=2 threadsLeft=0
  t=18 time=0.000362
t=19 s=18 threadsLeft=4
t=19 s=7 threadsLeft=3
t=19 s=4 threadsLeft=2
t=19 s=3 threadsLeft=1
t=19 s=2 threadsLeft=0
  t=19 time=0.000345
t=20 s=19 threadsLeft=2
t=20 s=5 threadsLeft=1
t=20 s=4 threadsLeft=0
  t=20 time=0.000326
t=21 s=20 threadsLeft=5
t=21 s=6 threadsLeft=4
t=21 s=5 threadsLeft=3
t=21 s=5 threadsLeft=2
t=21 s=3 threadsLeft=1
t=21 s=2 threadsLeft=0
  t=21 time=0.000383
t=22 s=21 threadsLeft=3
t=22 s=6 threadsLeft=2
t=22 s=4 threadsLeft=1
t=22 s=3 threadsLeft=0
  t=22 time=0.00037
t=23 s=22 threadsLeft=6
t=23 s=7 threadsLeft=5
t=23 s=6 threadsLeft=4
t=23 s=5 threadsLeft=3
t=23 s=4 threadsLeft=2
t=23 s=4 threadsLeft=1
t=23 s=3 threadsLeft=0
  t=23 time=0.000452
t=24 s=23 threadsLeft=4
t=24 s=8 threadsLeft=3
t=24 s=7 threadsLeft=2
t=24 s=6 threadsLeft=1
t=24 s=5 threadsLeft=0
  t=24 time=0.000438
t=25 s=24 threadsLeft=3
t=25 s=7 threadsLeft=2
t=25 s=4 threadsLeft=1
t=25 s=3 threadsLeft=0
  t=25 time=0.000438
t=26 s=25 threadsLeft=2
t=26 s=8 threadsLeft=1
t=26 s=5 threadsLeft=0
  t=26 time=0.000435
t=27 s=26 threadsLeft=4
t=27 s=9 threadsLeft=3
t=27 s=6 threadsLeft=2
t=27 s=5 threadsLeft=1
t=27 s=4 threadsLeft=0
  t=27 time=0.000458
t=28 s=27 threadsLeft=1
t=28 s=4 threadsLeft=0
  t=28 time=0.000426
t=29 s=28 threadsLeft=3
t=29 s=10 threadsLeft=2
t=29 s=9 threadsLeft=1
t=29 s=5 threadsLeft=0
  t=29 time=0.000392
t=30 s=29 threadsLeft=3
t=30 s=10 threadsLeft=2
t=30 s=6 threadsLeft=1
t=30 s=5 threadsLeft=0
  t=30 time=0.00041
t=31 s=30 threadsLeft=3
t=31 s=11 threadsLeft=2
t=31 s=8 threadsLeft=1
t=31 s=7 threadsLeft=0
  t=31 time=0.000405
t=32 s=31 threadsLeft=2
t=32 s=9 threadsLeft=1
t=32 s=8 threadsLeft=0
  t=32 time=0.00037
t=33 s=32 threadsLeft=6
t=33 s=10 threadsLeft=5
t=33 s=9 threadsLeft=4
t=33 s=9 threadsLeft=3
t=33 s=6 threadsLeft=2
t=33 s=2 threadsLeft=1
t=33 s=1 threadsLeft=0
  t=33 time=0.000503
t=34 s=33 threadsLeft=5
t=34 s=10 threadsLeft=4
t=34 s=8 threadsLeft=3
t=34 s=7 threadsLeft=2
t=34 s=3 threadsLeft=1
t=34 s=2 threadsLeft=0
  t=34 time=0.000579
t=35 s=34 threadsLeft=8
t=35 s=11 threadsLeft=7
t=35 s=10 threadsLeft=6
t=35 s=9 threadsLeft=5
t=35 s=8 threadsLeft=4
t=35 s=2 threadsLeft=3
t=35 s=4 threadsLeft=2
t=35 s=3 threadsLeft=1
t=35 s=3 threadsLeft=0
  t=35 time=0.000656
t=36 s=35 threadsLeft=6
t=36 s=12 threadsLeft=5
t=36 s=11 threadsLeft=4
t=36 s=10 threadsLeft=3
t=36 s=9 threadsLeft=2
t=36 s=5 threadsLeft=1
t=36 s=4 threadsLeft=0
  t=36 time=0.000452
t=37 s=36 threadsLeft=9
t=37 s=11 threadsLeft=8
t=37 s=8 threadsLeft=7
t=37 s=7 threadsLeft=6
t=37 s=6 threadsLeft=5
t=37 s=5 threadsLeft=4
t=37 s=5 threadsLeft=3
t=37 s=2 threadsLeft=2
t=37 s=3 threadsLeft=1
t=37 s=4 threadsLeft=0
  t=37 time=0.000614
t=38 s=37 threadsLeft=7
t=38 s=12 threadsLeft=6
t=38 s=9 threadsLeft=5
t=38 s=8 threadsLeft=4
t=38 s=6 threadsLeft=3
t=38 s=7 threadsLeft=2
t=38 s=3 threadsLeft=1
t=38 s=4 threadsLeft=0
  t=38 time=0.000611
t=39 s=38 threadsLeft=8
t=39 s=13 threadsLeft=7
t=39 s=10 threadsLeft=6
t=39 s=9 threadsLeft=5
t=39 s=8 threadsLeft=4
t=39 s=7 threadsLeft=3
t=39 s=6 threadsLeft=2
t=39 s=5 threadsLeft=1
t=39 s=4 threadsLeft=0
  t=39 time=0.000575
t=40 s=39 threadsLeft=4
t=40 s=9 threadsLeft=3
t=40 s=8 threadsLeft=2
t=40 s=8 threadsLeft=1
t=40 s=7 threadsLeft=0
  t=40 time=0.00042
t=41 s=40 threadsLeft=11
t=41 s=14 threadsLeft=10
t=41 s=13 threadsLeft=9
t=41 s=10 threadsLeft=8
t=41 s=9 threadsLeft=7
t=41 s=9 threadsLeft=6
t=41 s=8 threadsLeft=5
t=41 s=7 threadsLeft=4
t=41 s=6 threadsLeft=3
t=41 s=2 threadsLeft=2
t=41 s=5 threadsLeft=1
t=41 s=3 threadsLeft=0
  t=41 time=0.000751
t=42 s=41 threadsLeft=6
t=42 s=14 threadsLeft=5
t=42 s=11 threadsLeft=4
t=42 s=10 threadsLeft=3
t=42 s=10 threadsLeft=2
t=42 s=9 threadsLeft=1
t=42 s=3 threadsLeft=0
  t=42 time=0.000748
t=43 s=42 threadsLeft=10
t=43 s=15 threadsLeft=9
t=43 s=12 threadsLeft=8
t=43 s=11 threadsLeft=7
t=43 s=8 threadsLeft=6
t=43 s=7 threadsLeft=5
t=43 s=6 threadsLeft=4
t=43 s=5 threadsLeft=3
t=43 s=4 threadsLeft=2
t=43 s=3 threadsLeft=1
t=43 s=4 threadsLeft=0
  t=43 time=0.00105
t=44 s=43 threadsLeft=7
t=44 s=13 threadsLeft=6
t=44 s=12 threadsLeft=5
t=44 s=9 threadsLeft=4
t=44 s=8 threadsLeft=3
t=44 s=5 threadsLeft=2
t=44 s=6 threadsLeft=1
t=44 s=4 threadsLeft=0
  t=44 time=0.000692
t=45 s=44 threadsLeft=13
t=45 s=14 threadsLeft=12
t=45 s=13 threadsLeft=11
t=45 s=13 threadsLeft=10
t=45 s=10 threadsLeft=9
t=45 s=9 threadsLeft=8
t=45 s=7 threadsLeft=7
t=45 s=7 threadsLeft=6
t=45 s=6 threadsLeft=5
t=45 s=6 threadsLeft=4
t=45 s=3 threadsLeft=3
t=45 s=5 threadsLeft=2
t=45 s=4 threadsLeft=1
t=45 s=4 threadsLeft=0
  t=45 time=0.001304
t=46 s=45 threadsLeft=9
t=46 s=14 threadsLeft=8
t=46 s=12 threadsLeft=7
t=46 s=11 threadsLeft=6
t=46 s=8 threadsLeft=5
t=46 s=8 threadsLeft=4
t=46 s=7 threadsLeft=3
t=46 s=5 threadsLeft=2
t=46 s=5 threadsLeft=1
t=46 s=4 threadsLeft=0
  t=46 time=0.001044
t=47 s=46 threadsLeft=10
t=47 s=15 threadsLeft=9
t=47 s=14 threadsLeft=8
t=47 s=13 threadsLeft=7
t=47 s=12 threadsLeft=6
t=47 s=9 threadsLeft=5
t=47 s=8 threadsLeft=4
t=47 s=7 threadsLeft=3
t=47 s=6 threadsLeft=2
t=47 s=5 threadsLeft=1
t=47 s=6 threadsLeft=0
  t=47 time=0.000978
t=48 s=47 threadsLeft=6
t=48 s=16 threadsLeft=5
t=48 s=15 threadsLeft=4
t=48 s=14 threadsLeft=3
t=48 s=13 threadsLeft=2
t=48 s=10 threadsLeft=1
t=48 s=9 threadsLeft=0
  t=48 time=0.000459
t=49 s=48 threadsLeft=9
t=49 s=15 threadsLeft=8
t=49 s=12 threadsLeft=7
t=49 s=11 threadsLeft=6
t=49 s=9 threadsLeft=5
t=49 s=8 threadsLeft=4
t=49 s=7 threadsLeft=3
t=49 s=6 threadsLeft=2
t=49 s=4 threadsLeft=1
t=49 s=3 threadsLeft=0
  t=49 time=0.001472
t=50 s=49 threadsLeft=6
t=50 s=16 threadsLeft=5
t=50 s=13 threadsLeft=4
t=50 s=12 threadsLeft=3
t=50 s=5 threadsLeft=2
t=50 s=7 threadsLeft=1
t=50 s=4 threadsLeft=0
  t=50 time=0.001594
t=51 s=50 threadsLeft=8
t=51 s=17 threadsLeft=7
t=51 s=14 threadsLeft=6
t=51 s=13 threadsLeft=5
t=51 s=10 threadsLeft=4
t=51 s=8 threadsLeft=3
t=51 s=5 threadsLeft=2
t=51 s=6 threadsLeft=1
t=51 s=5 threadsLeft=0
  t=51 time=0.00135
t=52 s=51 threadsLeft=5
t=52 s=12 threadsLeft=4
t=52 s=9 threadsLeft=3
t=52 s=11 threadsLeft=2
t=52 s=10 threadsLeft=1
t=52 s=6 threadsLeft=0
  t=52 time=0.00096
t=53 s=52 threadsLeft=9
t=53 s=18 threadsLeft=8
t=53 s=17 threadsLeft=7
t=53 s=13 threadsLeft=6
t=53 s=12 threadsLeft=5
t=53 s=11 threadsLeft=4
t=53 s=7 threadsLeft=3
t=53 s=5 threadsLeft=2
t=53 s=6 threadsLeft=1
t=53 s=4 threadsLeft=0
  t=53 time=0.002038
t=54 s=53 threadsLeft=6
t=54 s=18 threadsLeft=5
t=54 s=14 threadsLeft=4
t=54 s=13 threadsLeft=3
t=54 s=7 threadsLeft=2
t=54 s=6 threadsLeft=1
t=54 s=5 threadsLeft=0
  t=54 time=0.001595
t=55 s=54 threadsLeft=12
t=55 s=19 threadsLeft=11
t=55 s=16 threadsLeft=10
t=55 s=15 threadsLeft=9
t=55 s=12 threadsLeft=8
t=55 s=10 threadsLeft=7
t=55 s=9 threadsLeft=6
t=55 s=11 threadsLeft=5
t=55 s=8 threadsLeft=4
t=55 s=7 threadsLeft=3
t=55 s=5 threadsLeft=2
t=55 s=6 threadsLeft=1
t=55 s=4 threadsLeft=0
  t=55 time=0.003033
t=56 s=55 threadsLeft=9
t=56 s=17 threadsLeft=8
t=56 s=16 threadsLeft=7
t=56 s=13 threadsLeft=6
t=56 s=12 threadsLeft=5
t=56 s=8 threadsLeft=4
t=56 s=8 threadsLeft=3
t=56 s=7 threadsLeft=2
t=56 s=7 threadsLeft=1
t=56 s=6 threadsLeft=0
  t=56 time=0.001653
t=57 s=56 threadsLeft=8
t=57 s=18 threadsLeft=7
t=57 s=17 threadsLeft=6
t=57 s=17 threadsLeft=5
t=57 s=14 threadsLeft=4
t=57 s=13 threadsLeft=3
t=57 s=8 threadsLeft=2
t=57 s=5 threadsLeft=1
t=57 s=6 threadsLeft=0
  t=57 time=0.001829
t=58 s=57 threadsLeft=10
t=58 s=18 threadsLeft=9
t=58 s=16 threadsLeft=8
t=58 s=15 threadsLeft=7
t=58 s=12 threadsLeft=6
t=58 s=10 threadsLeft=5
t=58 s=11 threadsLeft=4
t=58 s=9 threadsLeft=3
t=58 s=9 threadsLeft=2
t=58 s=5 threadsLeft=1
t=58 s=6 threadsLeft=0
  t=58 time=0.002289
t=59 s=58 threadsLeft=7
t=59 s=19 threadsLeft=6
t=59 s=18 threadsLeft=5
t=59 s=17 threadsLeft=4
t=59 s=16 threadsLeft=3
t=59 s=7 threadsLeft=2
t=59 s=6 threadsLeft=1
t=59 s=5 threadsLeft=0
  t=59 time=0.003008
t=60 s=59 threadsLeft=5
t=60 s=20 threadsLeft=4
t=60 s=19 threadsLeft=3
t=60 s=18 threadsLeft=2
t=60 s=17 threadsLeft=1
t=60 s=8 threadsLeft=0
  t=60 time=0.000893
t=61 s=60 threadsLeft=13
t=61 s=19 threadsLeft=12
t=61 s=16 threadsLeft=11
t=61 s=15 threadsLeft=10
t=61 s=14 threadsLeft=9
t=61 s=13 threadsLeft=8
t=61 s=12 threadsLeft=7
t=61 s=13 threadsLeft=6
t=61 s=10 threadsLeft=5
t=61 s=11 threadsLeft=4
t=61 s=9 threadsLeft=3
t=61 s=8 threadsLeft=2
t=61 s=7 threadsLeft=1
t=61 s=6 threadsLeft=0
  t=61 time=0.002822
t=62 s=61 threadsLeft=5
t=62 s=20 threadsLeft=4
t=62 s=17 threadsLeft=3
t=62 s=16 threadsLeft=2
t=62 s=15 threadsLeft=1
t=62 s=14 threadsLeft=0
  t=62 time=0.000454
t=63 s=62 threadsLeft=9
t=63 s=21 threadsLeft=8
t=63 s=18 threadsLeft=7
t=63 s=17 threadsLeft=6
t=63 s=16 threadsLeft=5
t=63 s=15 threadsLeft=4
t=63 s=14 threadsLeft=3
t=63 s=9 threadsLeft=2
t=63 s=8 threadsLeft=1
t=63 s=7 threadsLeft=0
  t=63 time=0.002808
t=64 s=63 threadsLeft=10
t=64 s=17 threadsLeft=9
t=64 s=16 threadsLeft=8
t=64 s=16 threadsLeft=7
t=64 s=15 threadsLeft=6
t=64 s=13 threadsLeft=5
t=64 s=12 threadsLeft=4
t=64 s=11 threadsLeft=3
t=64 s=14 threadsLeft=2
t=64 s=10 threadsLeft=1
t=64 s=9 threadsLeft=0
  t=64 time=0.001091
t=65 s=64 threadsLeft=14
t=65 s=22 threadsLeft=13
t=65 s=21 threadsLeft=12
t=65 s=18 threadsLeft=11
t=65 s=17 threadsLeft=10
t=65 s=17 threadsLeft=9
t=65 s=16 threadsLeft=8
t=65 s=15 threadsLeft=7
t=65 s=1 threadsLeft=6
t=65 s=2 threadsLeft=5
t=65 s=10 threadsLeft=4
t=65 s=11 threadsLeft=3
t=65 s=10 threadsLeft=2
t=65 s=7 threadsLeft=1
t=65 s=6 threadsLeft=0
  t=65 time=0.004111
t=66 s=65 threadsLeft=15
t=66 s=22 threadsLeft=14
t=66 s=19 threadsLeft=13
t=66 s=18 threadsLeft=12
t=66 s=18 threadsLeft=11
t=66 s=17 threadsLeft=10
t=66 s=2 threadsLeft=9
t=66 s=12 threadsLeft=8
t=66 s=11 threadsLeft=7
t=66 s=11 threadsLeft=6
t=66 s=9 threadsLeft=5
t=66 s=8 threadsLeft=4
t=66 s=3 threadsLeft=3
t=66 s=8 threadsLeft=2
t=66 s=7 threadsLeft=1
t=66 s=4 threadsLeft=0
  t=66 time=0.008226
t=67 s=66 threadsLeft=20
t=67 s=23 threadsLeft=19
t=67 s=20 threadsLeft=18
t=67 s=19 threadsLeft=17
t=67 s=16 threadsLeft=16
t=67 s=14 threadsLeft=15
t=67 s=15 threadsLeft=14
t=67 s=13 threadsLeft=13
t=67 s=12 threadsLeft=12
t=67 s=11 threadsLeft=11
t=67 s=10 threadsLeft=10
t=67 s=13 threadsLeft=9
t=67 s=12 threadsLeft=8
t=67 s=3 threadsLeft=7
t=67 s=2 threadsLeft=6
t=67 s=10 threadsLeft=5
t=67 s=9 threadsLeft=4
t=67 s=9 threadsLeft=3
t=67 s=8 threadsLeft=2
t=67 s=3 threadsLeft=1
t=67 s=4 threadsLeft=0
  t=67 time=0.007128
t=68 s=67 threadsLeft=16
t=68 s=21 threadsLeft=15
t=68 s=20 threadsLeft=14
t=68 s=17 threadsLeft=13
t=68 s=16 threadsLeft=12
t=68 s=13 threadsLeft=11
t=68 s=14 threadsLeft=10
t=68 s=12 threadsLeft=9
t=68 s=4 threadsLeft=8
t=68 s=11 threadsLeft=7
t=68 s=10 threadsLeft=6
t=68 s=6 threadsLeft=5
t=68 s=5 threadsLeft=4
t=68 s=5 threadsLeft=3
t=68 s=6 threadsLeft=2
t=68 s=7 threadsLeft=1
t=68 s=5 threadsLeft=0
  t=68 time=0.011815
t=69 s=68 threadsLeft=19
t=69 s=22 threadsLeft=18
t=69 s=21 threadsLeft=17
t=69 s=21 threadsLeft=16
t=69 s=18 threadsLeft=15
t=69 s=17 threadsLeft=14
t=69 s=15 threadsLeft=13
t=69 s=14 threadsLeft=12
t=69 s=12 threadsLeft=11
t=69 s=5 threadsLeft=10
t=69 s=2 threadsLeft=9
t=69 s=11 threadsLeft=8
t=69 s=3 threadsLeft=7
t=69 s=8 threadsLeft=6
t=69 s=7 threadsLeft=5
t=69 s=3 threadsLeft=4
t=69 s=7 threadsLeft=3
t=69 s=6 threadsLeft=2
t=69 s=6 threadsLeft=1
t=69 s=4 threadsLeft=0
  t=69 time=0.0137
t=70 s=69 threadsLeft=21
t=70 s=22 threadsLeft=20
t=70 s=20 threadsLeft=19
t=70 s=19 threadsLeft=18
t=70 s=16 threadsLeft=17
t=70 s=15 threadsLeft=16
t=70 s=14 threadsLeft=15
t=70 s=16 threadsLeft=14
t=70 s=13 threadsLeft=13
t=70 s=12 threadsLeft=12
t=70 s=15 threadsLeft=11
t=70 s=13 threadsLeft=10
t=70 s=6 threadsLeft=9
t=70 s=9 threadsLeft=8
t=70 s=10 threadsLeft=7
t=70 s=9 threadsLeft=6
t=70 s=3 threadsLeft=5
t=70 s=8 threadsLeft=4
t=70 s=7 threadsLeft=3
t=70 s=6 threadsLeft=2
t=70 s=5 threadsLeft=1
t=70 s=4 threadsLeft=0
  t=70 time=0.012493
[38;2;000;128;000mTime: 0.832981s (2025-04-14 11:09:33)
[0mt=2 s=1 threadsLeft=0
  t=2 time=0.000297
t=3 s=2 threadsLeft=1
t=3 s=1 threadsLeft=0
  t=3 time=0.000321
t=4 s=3 threadsLeft=0
  t=4 time=0.000301
t=5 s=4 threadsLeft=2
t=5 s=2 threadsLeft=1
t=5 s=1 threadsLeft=0
  t=5 time=0.000319
t=6 s=5 threadsLeft=1
t=6 s=2 threadsLeft=0
  t=6 time=0.00029
t=7 s=6 threadsLeft=1
t=7 s=3 threadsLeft=0
  t=7 time=0.000304
t=8 s=7 threadsLeft=0
  t=8 time=0.000366
t=9 s=8 threadsLeft=2
t=9 s=2 threadsLeft=1
t=9 s=1 threadsLeft=0
  t=9 time=0.000305
t=10 s=9 threadsLeft=1
t=10 s=2 threadsLeft=0
  t=10 time=0.000302
t=11 s=10 threadsLeft=2
t=11 s=3 threadsLeft=1
t=11 s=2 threadsLeft=0
  t=11 time=0.000416
t=12 s=11 threadsLeft=2
t=12 s=4 threadsLeft=1
t=12 s=3 threadsLeft=0
  t=12 time=0.000433
t=13 s=12 threadsLeft=1
t=13 s=3 threadsLeft=0
  t=13 time=0.00054
t=14 s=13 threadsLeft=1
t=14 s=4 threadsLeft=0
  t=14 time=0.000357
t=15 s=14 threadsLeft=1
t=15 s=5 threadsLeft=0
  t=15 time=0.000372
t=16 s=15 threadsLeft=0
  t=16 time=0.000352
t=17 s=16 threadsLeft=4
t=17 s=6 threadsLeft=3
t=17 s=5 threadsLeft=2
t=17 s=1 threadsLeft=1
t=17 s=2 threadsLeft=0
  t=17 time=0.000471
t=18 s=17 threadsLeft=3
t=18 s=6 threadsLeft=2
t=18 s=3 threadsLeft=1
t=18 s=2 threadsLeft=0
  t=18 time=0.000449
t=19 s=18 threadsLeft=4
t=19 s=7 threadsLeft=3
t=19 s=4 threadsLeft=2
t=19 s=3 threadsLeft=1
t=19 s=2 threadsLeft=0
  t=19 time=0.000451
t=20 s=19 threadsLeft=2
t=20 s=5 threadsLeft=1
t=20 s=4 threadsLeft=0
  t=20 time=0.000373
t=21 s=20 threadsLeft=5
t=21 s=6 threadsLeft=4
t=21 s=5 threadsLeft=3
t=21 s=5 threadsLeft=2
t=21 s=3 threadsLeft=1
t=21 s=2 threadsLeft=0
  t=21 time=0.000441
t=22 s=21 threadsLeft=3
t=22 s=6 threadsLeft=2
t=22 s=4 threadsLeft=1
t=22 s=3 threadsLeft=0
  t=22 time=0.000518
t=23 s=22 threadsLeft=6
t=23 s=7 threadsLeft=5
t=23 s=6 threadsLeft=4
t=23 s=5 threadsLeft=3
t=23 s=4 threadsLeft=2
t=23 s=4 threadsLeft=1
t=23 s=3 threadsLeft=0
  t=23 time=0.000496
t=24 s=23 threadsLeft=4
t=24 s=8 threadsLeft=3
t=24 s=7 threadsLeft=2
t=24 s=6 threadsLeft=1
t=24 s=5 threadsLeft=0
  t=24 time=0.000403
t=25 s=24 threadsLeft=3
t=25 s=7 threadsLeft=2
t=25 s=4 threadsLeft=1
t=25 s=3 threadsLeft=0
  t=25 time=0.000454
t=26 s=25 threadsLeft=2
t=26 s=8 threadsLeft=1
t=26 s=5 threadsLeft=0
  t=26 time=0.000409
t=27 s=26 threadsLeft=4
t=27 s=9 threadsLeft=3
t=27 s=6 threadsLeft=2
t=27 s=5 threadsLeft=1
t=27 s=4 threadsLeft=0
  t=27 time=0.000425
t=28 s=27 threadsLeft=1
t=28 s=4 threadsLeft=0
  t=28 time=0.000383
t=29 s=28 threadsLeft=3
t=29 s=10 threadsLeft=2
t=29 s=9 threadsLeft=1
t=29 s=5 threadsLeft=0
  t=29 time=0.000385
t=30 s=29 threadsLeft=3
t=30 s=10 threadsLeft=2
t=30 s=6 threadsLeft=1
t=30 s=5 threadsLeft=0
  t=30 time=0.000421
t=31 s=30 threadsLeft=3
t=31 s=11 threadsLeft=2
t=31 s=8 threadsLeft=1
t=31 s=7 threadsLeft=0
  t=31 time=0.000415
t=32 s=31 threadsLeft=2
t=32 s=9 threadsLeft=1
t=32 s=8 threadsLeft=0
  t=32 time=0.000366
t=33 s=32 threadsLeft=6
t=33 s=10 threadsLeft=5
t=33 s=9 threadsLeft=4
t=33 s=9 threadsLeft=3
t=33 s=6 threadsLeft=2
t=33 s=2 threadsLeft=1
t=33 s=1 threadsLeft=0
  t=33 time=0.000467
t=34 s=33 threadsLeft=5
t=34 s=10 threadsLeft=4
t=34 s=8 threadsLeft=3
t=34 s=7 threadsLeft=2
t=34 s=2 threadsLeft=1
t=34 s=3 threadsLeft=0
  t=34 time=0.000479
t=35 s=34 threadsLeft=8
t=35 s=11 threadsLeft=7
t=35 s=10 threadsLeft=6
t=35 s=9 threadsLeft=5
t=35 s=8 threadsLeft=4
t=35 s=4 threadsLeft=3
t=35 s=2 threadsLeft=2
t=35 s=3 threadsLeft=1
t=35 s=3 threadsLeft=0
  t=35 time=0.000606
t=36 s=35 threadsLeft=6
t=36 s=12 threadsLeft=5
t=36 s=11 threadsLeft=4
t=36 s=10 threadsLeft=3
t=36 s=9 threadsLeft=2
t=36 s=5 threadsLeft=1
t=36 s=4 threadsLeft=0
  t=36 time=0.000437
t=37 s=36 threadsLeft=9
t=37 s=11 threadsLeft=8
t=37 s=8 threadsLeft=7
t=37 s=6 threadsLeft=6
t=37 s=7 threadsLeft=5
t=37 s=5 threadsLeft=4
t=37 s=5 threadsLeft=3
t=37 s=2 threadsLeft=2
t=37 s=3 threadsLeft=1
t=37 s=4 threadsLeft=0
  t=37 time=0.000686
t=38 s=37 threadsLeft=7
t=38 s=12 threadsLeft=6
t=38 s=9 threadsLeft=5
t=38 s=8 threadsLeft=4
t=38 s=6 threadsLeft=3
t=38 s=7 threadsLeft=2
t=38 s=3 threadsLeft=1
t=38 s=4 threadsLeft=0
  t=38 time=0.000809
t=39 s=38 threadsLeft=8
t=39 s=13 threadsLeft=7
t=39 s=10 threadsLeft=6
t=39 s=9 threadsLeft=5
t=39 s=8 threadsLeft=4
t=39 s=7 threadsLeft=3
t=39 s=6 threadsLeft=2
t=39 s=5 threadsLeft=1
t=39 s=4 threadsLeft=0
  t=39 time=0.000728
t=40 s=39 threadsLeft=4
t=40 s=9 threadsLeft=3
t=40 s=8 threadsLeft=2
t=40 s=8 threadsLeft=1
t=40 s=7 threadsLeft=0
  t=40 time=0.000543
t=41 s=40 threadsLeft=11
t=41 s=14 threadsLeft=10
t=41 s=13 threadsLeft=9
t=41 s=10 threadsLeft=8
t=41 s=9 threadsLeft=7
t=41 s=9 threadsLeft=6
t=41 s=8 threadsLeft=5
t=41 s=7 threadsLeft=4
t=41 s=2 threadsLeft=3
t=41 s=6 threadsLeft=2
t=41 s=5 threadsLeft=1
t=41 s=3 threadsLeft=0
  t=41 time=0.000891
t=42 s=41 threadsLeft=6
t=42 s=14 threadsLeft=5
t=42 s=11 threadsLeft=4
t=42 s=10 threadsLeft=3
t=42 s=10 threadsLeft=2
t=42 s=9 threadsLeft=1
t=42 s=3 threadsLeft=0
  t=42 time=0.000756
t=43 s=42 threadsLeft=10
t=43 s=15 threadsLeft=9
t=43 s=12 threadsLeft=8
t=43 s=11 threadsLeft=7
t=43 s=8 threadsLeft=6
t=43 s=7 threadsLeft=5
t=43 s=6 threadsLeft=4
t=43 s=5 threadsLeft=3
t=43 s=3 threadsLeft=2
t=43 s=4 threadsLeft=1
t=43 s=4 threadsLeft=0
  t=43 time=0.001089
t=44 s=43 threadsLeft=7
t=44 s=13 threadsLeft=6
t=44 s=12 threadsLeft=5
t=44 s=9 threadsLeft=4
t=44 s=8 threadsLeft=3
t=44 s=6 threadsLeft=2
t=44 s=5 threadsLeft=1
t=44 s=4 threadsLeft=0
  t=44 time=0.000746
t=45 s=44 threadsLeft=13
t=45 s=14 threadsLeft=12
t=45 s=13 threadsLeft=11
t=45 s=13 threadsLeft=10
t=45 s=10 threadsLeft=9
t=45 s=9 threadsLeft=8
t=45 s=6 threadsLeft=7
t=45 s=7 threadsLeft=6
t=45 s=5 threadsLeft=5
t=45 s=7 threadsLeft=4
t=45 s=6 threadsLeft=3
t=45 s=3 threadsLeft=2
t=45 s=4 threadsLeft=1
t=45 s=4 threadsLeft=0
  t=45 time=0.001314
t=46 s=45 threadsLeft=9
t=46 s=14 threadsLeft=8
t=46 s=12 threadsLeft=7
t=46 s=11 threadsLeft=6
t=46 s=8 threadsLeft=5
t=46 s=8 threadsLeft=4
t=46 s=7 threadsLeft=3
t=46 s=5 threadsLeft=2
t=46 s=5 threadsLeft=1
t=46 s=4 threadsLeft=0
  t=46 time=0.001066
t=47 s=46 threadsLeft=10
t=47 s=15 threadsLeft=9
t=47 s=14 threadsLeft=8
t=47 s=13 threadsLeft=7
t=47 s=12 threadsLeft=6
t=47 s=9 threadsLeft=5
t=47 s=8 threadsLeft=4
t=47 s=6 threadsLeft=3
t=47 s=7 threadsLeft=2
t=47 s=6 threadsLeft=1
t=47 s=5 threadsLeft=0
  t=47 time=0.000973
t=48 s=47 threadsLeft=6
t=48 s=16 threadsLeft=5
t=48 s=15 threadsLeft=4
t=48 s=14 threadsLeft=3
t=48 s=13 threadsLeft=2
t=48 s=10 threadsLeft=1
t=48 s=9 threadsLeft=0
  t=48 time=0.000468
t=49 s=48 threadsLeft=9
t=49 s=15 threadsLeft=8
t=49 s=12 threadsLeft=7
t=49 s=9 threadsLeft=6
t=49 s=11 threadsLeft=5
t=49 s=8 threadsLeft=4
t=49 s=7 threadsLeft=3
t=49 s=6 threadsLeft=2
t=49 s=4 threadsLeft=1
t=49 s=3 threadsLeft=0
  t=49 time=0.001528
t=50 s=49 threadsLeft=6
t=50 s=16 threadsLeft=5
t=50 s=13 threadsLeft=4
t=50 s=12 threadsLeft=3
t=50 s=5 threadsLeft=2
t=50 s=7 threadsLeft=1
t=50 s=4 threadsLeft=0
  t=50 time=0.001635
t=51 s=50 threadsLeft=8
t=51 s=17 threadsLeft=7
t=51 s=14 threadsLeft=6
t=51 s=13 threadsLeft=5
t=51 s=8 threadsLeft=4
t=51 s=10 threadsLeft=3
t=51 s=5 threadsLeft=2
t=51 s=6 threadsLeft=1
t=51 s=5 threadsLeft=0
  t=51 time=0.00145
t=52 s=51 threadsLeft=5
t=52 s=12 threadsLeft=4
t=52 s=11 threadsLeft=3
t=52 s=9 threadsLeft=2
t=52 s=10 threadsLeft=1
t=52 s=6 threadsLeft=0
  t=52 time=0.001002
t=53 s=52 threadsLeft=9
t=53 s=18 threadsLeft=8
t=53 s=17 threadsLeft=7
t=53 s=13 threadsLeft=6
t=53 s=12 threadsLeft=5
t=53 s=11 threadsLeft=4
t=53 s=7 threadsLeft=3
t=53 s=5 threadsLeft=2
t=53 s=6 threadsLeft=1
t=53 s=4 threadsLeft=0
  t=53 time=0.002134
t=54 s=53 threadsLeft=6
t=54 s=18 threadsLeft=5
t=54 s=14 threadsLeft=4
t=54 s=13 threadsLeft=3
t=54 s=7 threadsLeft=2
t=54 s=6 threadsLeft=1
t=54 s=5 threadsLeft=0
  t=54 time=0.001851
t=55 s=54 threadsLeft=12
t=55 s=19 threadsLeft=11
t=55 s=16 threadsLeft=10
t=55 s=15 threadsLeft=9
t=55 s=12 threadsLeft=8
t=55 s=10 threadsLeft=7
t=55 s=11 threadsLeft=6
t=55 s=9 threadsLeft=5
t=55 s=8 threadsLeft=4
t=55 s=7 threadsLeft=3
t=55 s=5 threadsLeft=2
t=55 s=6 threadsLeft=1
t=55 s=4 threadsLeft=0
  t=55 time=0.003077
t=56 s=55 threadsLeft=9
t=56 s=17 threadsLeft=8
t=56 s=16 threadsLeft=7
t=56 s=13 threadsLeft=6
t=56 s=12 threadsLeft=5
t=56 s=8 threadsLeft=4
t=56 s=8 threadsLeft=3
t=56 s=7 threadsLeft=2
t=56 s=7 threadsLeft=1
t=56 s=6 threadsLeft=0
  t=56 time=0.001777
t=57 s=56 threadsLeft=8
t=57 s=18 threadsLeft=7
t=57 s=17 threadsLeft=6
t=57 s=17 threadsLeft=5
t=57 s=13 threadsLeft=4
t=57 s=14 threadsLeft=3
t=57 s=8 threadsLeft=2
t=57 s=5 threadsLeft=1
t=57 s=6 threadsLeft=0
  t=57 time=0.001933
t=58 s=57 threadsLeft=10
t=58 s=18 threadsLeft=9
t=58 s=16 threadsLeft=8
t=58 s=15 threadsLeft=7
t=58 s=12 threadsLeft=6
t=58 s=10 threadsLeft=5
t=58 s=11 threadsLeft=4
t=58 s=9 threadsLeft=3
t=58 s=9 threadsLeft=2
t=58 s=5 threadsLeft=1
t=58 s=6 threadsLeft=0
  t=58 time=0.002291
t=59 s=58 threadsLeft=7
t=59 s=19 threadsLeft=6
t=59 s=18 threadsLeft=5
t=59 s=17 threadsLeft=4
t=59 s=16 threadsLeft=3
t=59 s=7 threadsLeft=2
t=59 s=6 threadsLeft=1
t=59 s=5 threadsLeft=0
  t=59 time=0.003047
t=60 s=59 threadsLeft=5
t=60 s=20 threadsLeft=4
t=60 s=19 threadsLeft=3
t=60 s=18 threadsLeft=2
t=60 s=17 threadsLeft=1
t=60 s=8 threadsLeft=0
  t=60 time=0.000906
t=61 s=60 threadsLeft=13
t=61 s=19 threadsLeft=12
t=61 s=16 threadsLeft=11
t=61 s=15 threadsLeft=10
t=61 s=14 threadsLeft=9
t=61 s=13 threadsLeft=8
t=61 s=13 threadsLeft=7
t=61 s=11 threadsLeft=6
t=61 s=10 threadsLeft=5
t=61 s=9 threadsLeft=4
t=61 s=12 threadsLeft=3
t=61 s=8 threadsLeft=2
t=61 s=7 threadsLeft=1
t=61 s=6 threadsLeft=0
  t=61 time=0.002911
t=62 s=61 threadsLeft=5
t=62 s=20 threadsLeft=4
t=62 s=17 threadsLeft=3
t=62 s=16 threadsLeft=2
t=62 s=15 threadsLeft=1
t=62 s=14 threadsLeft=0
  t=62 time=0.000526
t=63 s=62 threadsLeft=9
t=63 s=21 threadsLeft=8
t=63 s=18 threadsLeft=7
t=63 s=17 threadsLeft=6
t=63 s=16 threadsLeft=5
t=63 s=15 threadsLeft=4
t=63 s=14 threadsLeft=3
t=63 s=9 threadsLeft=2
t=63 s=8 threadsLeft=1
t=63 s=7 threadsLeft=0
  t=63 time=0.002874
t=64 s=63 threadsLeft=10
t=64 s=17 threadsLeft=9
t=64 s=16 threadsLeft=8
t=64 s=16 threadsLeft=7
t=64 s=15 threadsLeft=6
t=64 s=13 threadsLeft=5
t=64 s=12 threadsLeft=4
t=64 s=11 threadsLeft=3
t=64 s=14 threadsLeft=2
t=64 s=10 threadsLeft=1
t=64 s=9 threadsLeft=0
  t=64 time=0.001148
t=65 s=64 threadsLeft=14
t=65 s=22 threadsLeft=13
t=65 s=21 threadsLeft=12
t=65 s=18 threadsLeft=11
t=65 s=17 threadsLeft=10
t=65 s=17 threadsLeft=9
t=65 s=16 threadsLeft=8
t=65 s=15 threadsLeft=7
t=65 s=1 threadsLeft=6
t=65 s=2 threadsLeft=5
t=65 s=10 threadsLeft=4
t=65 s=11 threadsLeft=3
t=65 s=10 threadsLeft=2
t=65 s=7 threadsLeft=1
t=65 s=6 threadsLeft=0
  t=65 time=0.00414
[38;2;000;128;000mTime: 0.770277s (2025-04-14 11:14:57)
[0mt=2 s=1 threadsLeft=0
  t=2 time=0.000291
t=3 s=2 threadsLeft=1
t=3 s=1 threadsLeft=0
  t=3 time=0.000346
t=4 s=3 threadsLeft=0
  t=4 time=0.000348
t=5 s=4 threadsLeft=2
t=5 s=2 threadsLeft=1
t=5 s=1 threadsLeft=0
  t=5 time=0.000367
t=6 s=5 threadsLeft=1
t=6 s=2 threadsLeft=0
  t=6 time=0.000289
t=7 s=6 threadsLeft=1
t=7 s=3 threadsLeft=0
  t=7 time=0.000275
t=8 s=7 threadsLeft=0
  t=8 time=0.000323
t=9 s=8 threadsLeft=2
t=9 s=2 threadsLeft=1
t=9 s=1 threadsLeft=0
  t=9 time=0.000369
t=10 s=9 threadsLeft=1
t=10 s=2 threadsLeft=0
  t=10 time=0.000351
t=11 s=10 threadsLeft=2
t=11 s=3 threadsLeft=1
t=11 s=2 threadsLeft=0
  t=11 time=0.000402
t=12 s=11 threadsLeft=2
t=12 s=4 threadsLeft=1
t=12 s=3 threadsLeft=0
  t=12 time=0.00046
t=13 s=12 threadsLeft=1
t=13 s=3 threadsLeft=0
  t=13 time=0.000397
t=14 s=13 threadsLeft=1
t=14 s=4 threadsLeft=0
  t=14 time=0.00036
t=15 s=14 threadsLeft=1
t=15 s=5 threadsLeft=0
  t=15 time=0.000341
t=16 s=15 threadsLeft=0
  t=16 time=0.000328
t=17 s=16 threadsLeft=4
t=17 s=6 threadsLeft=3
t=17 s=5 threadsLeft=2
t=17 s=2 threadsLeft=1
t=17 s=1 threadsLeft=0
  t=17 time=0.000388
t=18 s=17 threadsLeft=3
t=18 s=6 threadsLeft=2
t=18 s=3 threadsLeft=1
t=18 s=2 threadsLeft=0
  t=18 time=0.000379
t=19 s=18 threadsLeft=4
t=19 s=7 threadsLeft=3
t=19 s=4 threadsLeft=2
t=19 s=3 threadsLeft=1
t=19 s=2 threadsLeft=0
  t=19 time=0.0005
t=20 s=19 threadsLeft=2
t=20 s=5 threadsLeft=1
t=20 s=4 threadsLeft=0
  t=20 time=0.000421
t=21 s=20 threadsLeft=5
t=21 s=6 threadsLeft=4
t=21 s=5 threadsLeft=3
t=21 s=5 threadsLeft=2
t=21 s=3 threadsLeft=1
t=21 s=2 threadsLeft=0
  t=21 time=0.000475
t=22 s=21 threadsLeft=3
t=22 s=6 threadsLeft=2
t=22 s=4 threadsLeft=1
t=22 s=3 threadsLeft=0
  t=22 time=0.000499
t=23 s=22 threadsLeft=6
t=23 s=7 threadsLeft=5
t=23 s=6 threadsLeft=4
t=23 s=5 threadsLeft=3
t=23 s=4 threadsLeft=2
t=23 s=4 threadsLeft=1
t=23 s=3 threadsLeft=0
  t=23 time=0.000534
t=24 s=23 threadsLeft=4
t=24 s=8 threadsLeft=3
t=24 s=7 threadsLeft=2
t=24 s=6 threadsLeft=1
t=24 s=5 threadsLeft=0
  t=24 time=0.000414
t=25 s=24 threadsLeft=3
t=25 s=7 threadsLeft=2
t=25 s=4 threadsLeft=1
t=25 s=3 threadsLeft=0
  t=25 time=0.000375
t=26 s=25 threadsLeft=2
t=26 s=8 threadsLeft=1
t=26 s=5 threadsLeft=0
  t=26 time=0.000289
t=27 s=26 threadsLeft=4
t=27 s=9 threadsLeft=3
t=27 s=6 threadsLeft=2
t=27 s=5 threadsLeft=1
t=27 s=4 threadsLeft=0
  t=27 time=0.000325
t=28 s=27 threadsLeft=1
t=28 s=4 threadsLeft=0
  t=28 time=0.000298
t=29 s=28 threadsLeft=3
t=29 s=10 threadsLeft=2
t=29 s=9 threadsLeft=1
t=29 s=5 threadsLeft=0
  t=29 time=0.000307
t=30 s=29 threadsLeft=3
t=30 s=10 threadsLeft=2
t=30 s=6 threadsLeft=1
t=30 s=5 threadsLeft=0
  t=30 time=0.000307
t=31 s=30 threadsLeft=3
t=31 s=11 threadsLeft=2
t=31 s=8 threadsLeft=1
t=31 s=7 threadsLeft=0
  t=31 time=0.000313
t=32 s=31 threadsLeft=2
t=32 s=9 threadsLeft=1
t=32 s=8 threadsLeft=0
  t=32 time=0.000277
t=33 s=32 threadsLeft=6
t=33 s=10 threadsLeft=5
t=33 s=9 threadsLeft=4
t=33 s=9 threadsLeft=3
t=33 s=6 threadsLeft=2
t=33 s=2 threadsLeft=1
t=33 s=1 threadsLeft=0
  t=33 time=0.0004
t=34 s=33 threadsLeft=5
t=34 s=10 threadsLeft=4
t=34 s=8 threadsLeft=3
t=34 s=7 threadsLeft=2
t=34 s=2 threadsLeft=1
t=34 s=3 threadsLeft=0
  t=34 time=0.000466
t=35 s=34 threadsLeft=8
t=35 s=11 threadsLeft=7
t=35 s=10 threadsLeft=6
t=35 s=9 threadsLeft=5
t=35 s=8 threadsLeft=4
t=35 s=4 threadsLeft=3
t=35 s=2 threadsLeft=2
t=35 s=3 threadsLeft=1
t=35 s=3 threadsLeft=0
  t=35 time=0.000578
t=36 s=35 threadsLeft=6
t=36 s=12 threadsLeft=5
t=36 s=11 threadsLeft=4
t=36 s=10 threadsLeft=3
t=36 s=9 threadsLeft=2
t=36 s=5 threadsLeft=1
t=36 s=4 threadsLeft=0
  t=36 time=0.000389
t=37 s=36 threadsLeft=9
t=37 s=11 threadsLeft=8
t=37 s=8 threadsLeft=7
t=37 s=7 threadsLeft=6
t=37 s=5 threadsLeft=5
t=37 s=6 threadsLeft=4
t=37 s=2 threadsLeft=3
t=37 s=5 threadsLeft=2
t=37 s=4 threadsLeft=1
t=37 s=3 threadsLeft=0
  t=37 time=0.000683
t=38 s=37 threadsLeft=7
t=38 s=12 threadsLeft=6
t=38 s=9 threadsLeft=5
t=38 s=8 threadsLeft=4
t=38 s=6 threadsLeft=3
t=38 s=7 threadsLeft=2
t=38 s=3 threadsLeft=1
t=38 s=4 threadsLeft=0
  t=38 time=0.000623
t=39 s=38 threadsLeft=8
t=39 s=13 threadsLeft=7
t=39 s=10 threadsLeft=6
t=39 s=9 threadsLeft=5
t=39 s=8 threadsLeft=4
t=39 s=7 threadsLeft=3
t=39 s=6 threadsLeft=2
t=39 s=5 threadsLeft=1
t=39 s=4 threadsLeft=0
  t=39 time=0.000553
[38;2;000;128;000mTime: 0.723303s (2025-04-14 12:47:27)
[0mt=2 s=1 threadsLeft=0
  t=2 time=0.00033
t=3 s=2 threadsLeft=1
t=3 s=1 threadsLeft=0
  t=3 time=0.000371
t=4 s=3 threadsLeft=0
  t=4 time=0.000401
t=5 s=4 threadsLeft=2
t=5 s=2 threadsLeft=1
t=5 s=1 threadsLeft=0
  t=5 time=0.000394
t=6 s=5 threadsLeft=1
t=6 s=2 threadsLeft=0
  t=6 time=0.000303
t=7 s=6 threadsLeft=1
t=7 s=3 threadsLeft=0
  t=7 time=0.000345
t=8 s=7 threadsLeft=0
  t=8 time=0.000353
t=9 s=8 threadsLeft=2
t=9 s=2 threadsLeft=1
t=9 s=1 threadsLeft=0
  t=9 time=0.000379
t=10 s=9 threadsLeft=1
t=10 s=2 threadsLeft=0
  t=10 time=0.000388
t=11 s=10 threadsLeft=2
t=11 s=3 threadsLeft=1
t=11 s=2 threadsLeft=0
  t=11 time=0.000412
t=12 s=11 threadsLeft=2
t=12 s=4 threadsLeft=1
t=12 s=3 threadsLeft=0
  t=12 time=0.000473
t=13 s=12 threadsLeft=1
t=13 s=3 threadsLeft=0
  t=13 time=0.000378
t=14 s=13 threadsLeft=1
t=14 s=4 threadsLeft=0
  t=14 time=0.000375
t=15 s=14 threadsLeft=1
t=15 s=5 threadsLeft=0
  t=15 time=0.000349
t=16 s=15 threadsLeft=0
  t=16 time=0.000352
t=17 s=16 threadsLeft=4
t=17 s=6 threadsLeft=3
t=17 s=5 threadsLeft=2
t=17 s=2 threadsLeft=1
t=17 s=1 threadsLeft=0
  t=17 time=0.000498
t=18 s=17 threadsLeft=3
t=18 s=6 threadsLeft=2
t=18 s=3 threadsLeft=1
t=18 s=2 threadsLeft=0
  t=18 time=0.000467
t=19 s=18 threadsLeft=4
t=19 s=7 threadsLeft=3
t=19 s=4 threadsLeft=2
t=19 s=3 threadsLeft=1
t=19 s=2 threadsLeft=0
  t=19 time=0.000471
t=20 s=19 threadsLeft=2
t=20 s=5 threadsLeft=1
t=20 s=4 threadsLeft=0
  t=20 time=0.000523
t=21 s=20 threadsLeft=5
t=21 s=6 threadsLeft=4
t=21 s=5 threadsLeft=3
t=21 s=5 threadsLeft=2
t=21 s=3 threadsLeft=1
t=21 s=2 threadsLeft=0
  t=21 time=0.000558
t=22 s=21 threadsLeft=3
t=22 s=6 threadsLeft=2
t=22 s=4 threadsLeft=1
t=22 s=3 threadsLeft=0
  t=22 time=0.000501
t=23 s=22 threadsLeft=6
t=23 s=7 threadsLeft=5
t=23 s=6 threadsLeft=4
t=23 s=5 threadsLeft=3
t=23 s=4 threadsLeft=2
t=23 s=4 threadsLeft=1
t=23 s=3 threadsLeft=0
  t=23 time=0.000538
t=24 s=23 threadsLeft=4
t=24 s=8 threadsLeft=3
t=24 s=7 threadsLeft=2
t=24 s=6 threadsLeft=1
t=24 s=5 threadsLeft=0
  t=24 time=0.000363
t=25 s=24 threadsLeft=3
t=25 s=7 threadsLeft=2
t=25 s=4 threadsLeft=1
t=25 s=3 threadsLeft=0
  t=25 time=0.000462
t=26 s=25 threadsLeft=2
t=26 s=8 threadsLeft=1
t=26 s=5 threadsLeft=0
  t=26 time=0.000356
t=27 s=26 threadsLeft=4
t=27 s=9 threadsLeft=3
t=27 s=6 threadsLeft=2
t=27 s=5 threadsLeft=1
t=27 s=4 threadsLeft=0
  t=27 time=0.000375
t=28 s=27 threadsLeft=1
t=28 s=4 threadsLeft=0
  t=28 time=0.000353
t=29 s=28 threadsLeft=3
t=29 s=10 threadsLeft=2
t=29 s=9 threadsLeft=1
t=29 s=5 threadsLeft=0
  t=29 time=0.00038
t=30 s=29 threadsLeft=3
t=30 s=10 threadsLeft=2
t=30 s=6 threadsLeft=1
t=30 s=5 threadsLeft=0
  t=30 time=0.0004
t=31 s=30 threadsLeft=3
t=31 s=11 threadsLeft=2
t=31 s=8 threadsLeft=1
t=31 s=7 threadsLeft=0
  t=31 time=0.000396
t=32 s=31 threadsLeft=2
t=32 s=9 threadsLeft=1
t=32 s=8 threadsLeft=0
  t=32 time=0.000362
t=33 s=32 threadsLeft=6
t=33 s=10 threadsLeft=5
t=33 s=9 threadsLeft=4
t=33 s=9 threadsLeft=3
t=33 s=6 threadsLeft=2
t=33 s=2 threadsLeft=1
t=33 s=1 threadsLeft=0
  t=33 time=0.000495
t=34 s=33 threadsLeft=5
t=34 s=10 threadsLeft=4
t=34 s=8 threadsLeft=3
t=34 s=7 threadsLeft=2
t=34 s=2 threadsLeft=1
t=34 s=3 threadsLeft=0
  t=34 time=0.000544
t=35 s=34 threadsLeft=8
t=35 s=11 threadsLeft=7
t=35 s=10 threadsLeft=6
t=35 s=9 threadsLeft=5
t=35 s=8 threadsLeft=4
t=35 s=2 threadsLeft=3
t=35 s=3 threadsLeft=2
t=35 s=3 threadsLeft=1
t=35 s=4 threadsLeft=0
  t=35 time=0.000727
t=36 s=35 threadsLeft=6
t=36 s=12 threadsLeft=5
t=36 s=11 threadsLeft=4
t=36 s=10 threadsLeft=3
t=36 s=9 threadsLeft=2
t=36 s=5 threadsLeft=1
t=36 s=4 threadsLeft=0
  t=36 time=0.000498
t=37 s=36 threadsLeft=9
t=37 s=11 threadsLeft=8
t=37 s=8 threadsLeft=7
t=37 s=7 threadsLeft=6
t=37 s=5 threadsLeft=5
t=37 s=5 threadsLeft=4
t=37 s=6 threadsLeft=3
t=37 s=2 threadsLeft=2
t=37 s=4 threadsLeft=1
t=37 s=3 threadsLeft=0
  t=37 time=0.000764
t=38 s=37 threadsLeft=7
t=38 s=12 threadsLeft=6
t=38 s=9 threadsLeft=5
t=38 s=8 threadsLeft=4
t=38 s=6 threadsLeft=3
t=38 s=7 threadsLeft=2
t=38 s=3 threadsLeft=1
t=38 s=4 threadsLeft=0
  t=38 time=0.000622
t=39 s=38 threadsLeft=8
t=39 s=13 threadsLeft=7
t=39 s=10 threadsLeft=6
t=39 s=9 threadsLeft=5
t=39 s=8 threadsLeft=4
t=39 s=7 threadsLeft=3
t=39 s=6 threadsLeft=2
t=39 s=5 threadsLeft=1
t=39 s=4 threadsLeft=0
  t=39 time=0.000565
t=40 s=39 threadsLeft=4
t=40 s=9 threadsLeft=3
t=40 s=8 threadsLeft=2
t=40 s=8 threadsLeft=1
t=40 s=7 threadsLeft=0
  t=40 time=0.000366
t=41 s=40 threadsLeft=11
t=41 s=14 threadsLeft=10
t=41 s=13 threadsLeft=9
t=41 s=10 threadsLeft=8
t=41 s=9 threadsLeft=7
t=41 s=9 threadsLeft=6
t=41 s=8 threadsLeft=5
t=41 s=7 threadsLeft=4
t=41 s=6 threadsLeft=3
t=41 s=2 threadsLeft=2
t=41 s=5 threadsLeft=1
t=41 s=3 threadsLeft=0
  t=41 time=0.000792
t=42 s=41 threadsLeft=6
t=42 s=14 threadsLeft=5
t=42 s=11 threadsLeft=4
t=42 s=10 threadsLeft=3
t=42 s=10 threadsLeft=2
t=42 s=9 threadsLeft=1
t=42 s=3 threadsLeft=0
  t=42 time=0.00073
t=43 s=42 threadsLeft=10
t=43 s=15 threadsLeft=9
t=43 s=12 threadsLeft=8
t=43 s=11 threadsLeft=7
t=43 s=8 threadsLeft=6
t=43 s=7 threadsLeft=5
t=43 s=6 threadsLeft=4
t=43 s=5 threadsLeft=3
t=43 s=4 threadsLeft=2
t=43 s=3 threadsLeft=1
t=43 s=4 threadsLeft=0
  t=43 time=0.001116
t=44 s=43 threadsLeft=7
t=44 s=13 threadsLeft=6
t=44 s=12 threadsLeft=5
t=44 s=9 threadsLeft=4
t=44 s=8 threadsLeft=3
t=44 s=6 threadsLeft=2
t=44 s=5 threadsLeft=1
t=44 s=4 threadsLeft=0
  t=44 time=0.000731
t=45 s=44 threadsLeft=13
t=45 s=14 threadsLeft=12
t=45 s=13 threadsLeft=11
t=45 s=13 threadsLeft=10
t=45 s=10 threadsLeft=9
t=45 s=9 threadsLeft=8
t=45 s=7 threadsLeft=7
t=45 s=6 threadsLeft=6
t=45 s=7 threadsLeft=5
t=45 s=6 threadsLeft=4
t=45 s=5 threadsLeft=3
t=45 s=3 threadsLeft=2
t=45 s=4 threadsLeft=1
t=45 s=4 threadsLeft=0
  t=45 time=0.001226
t=46 s=45 threadsLeft=9
t=46 s=14 threadsLeft=8
t=46 s=12 threadsLeft=7
t=46 s=11 threadsLeft=6
t=46 s=8 threadsLeft=5
t=46 s=8 threadsLeft=4
t=46 s=7 threadsLeft=3
t=46 s=5 threadsLeft=2
t=46 s=5 threadsLeft=1
t=46 s=4 threadsLeft=0
  t=46 time=0.001004
t=47 s=46 threadsLeft=10
t=47 s=15 threadsLeft=9
t=47 s=14 threadsLeft=8
t=47 s=13 threadsLeft=7
t=47 s=12 threadsLeft=6
t=47 s=9 threadsLeft=5
t=47 s=8 threadsLeft=4
t=47 s=7 threadsLeft=3
t=47 s=6 threadsLeft=2
t=47 s=6 threadsLeft=1
t=47 s=5 threadsLeft=0
  t=47 time=0.000985
[38;2;000;128;000mTime: 0.732268s (2025-04-14 21:45:23)
[0mjson error: Adams.json: 0x65 - [json.exception.parse_error.101] parse error at line 22, column 1: syntax error while parsing object - unexpected '['; expected '}'
t=2 s=1 threadsLeft=0
  t=2 time=0.000357
t=3 s=2 threadsLeft=1
t=3 s=1 threadsLeft=0
  t=3 time=0.000452
t=4 s=3 threadsLeft=0
  t=4 time=0.000367
t=5 s=4 threadsLeft=2
t=5 s=2 threadsLeft=1
t=5 s=1 threadsLeft=0
  t=5 time=0.000387
t=6 s=5 threadsLeft=1
t=6 s=2 threadsLeft=0
  t=6 time=0.000402
t=7 s=6 threadsLeft=1
t=7 s=3 threadsLeft=0
  t=7 time=0.000352
t=8 s=7 threadsLeft=0
  t=8 time=0.000382
t=9 s=8 threadsLeft=2
t=9 s=2 threadsLeft=1
t=9 s=1 threadsLeft=0
  t=9 time=0.000415
t=10 s=9 threadsLeft=1
t=10 s=2 threadsLeft=0
  t=10 time=0.000418
t=11 s=10 threadsLeft=2
t=11 s=3 threadsLeft=1
t=11 s=2 threadsLeft=0
  t=11 time=0.000473
t=12 s=11 threadsLeft=2
t=12 s=4 threadsLeft=1
t=12 s=3 threadsLeft=0
  t=12 time=0.000415
t=13 s=12 threadsLeft=1
t=13 s=3 threadsLeft=0
  t=13 time=0.000391
t=14 s=13 threadsLeft=1
t=14 s=4 threadsLeft=0
  t=14 time=0.00039
t=15 s=14 threadsLeft=1
t=15 s=5 threadsLeft=0
  t=15 time=0.000363
t=16 s=15 threadsLeft=0
  t=16 time=0.000356
t=17 s=16 threadsLeft=4
t=17 s=6 threadsLeft=3
t=17 s=2 threadsLeft=2
t=17 s=5 threadsLeft=1
t=17 s=1 threadsLeft=0
  t=17 time=0.000437
t=18 s=17 threadsLeft=3
t=18 s=6 threadsLeft=2
t=18 s=2 threadsLeft=1
t=18 s=3 threadsLeft=0
  t=18 time=0.000456
t=19 s=18 threadsLeft=4
t=19 s=7 threadsLeft=3
t=19 s=4 threadsLeft=2
t=19 s=3 threadsLeft=1
t=19 s=2 threadsLeft=0
  t=19 time=0.000524
t=20 s=19 threadsLeft=2
t=20 s=5 threadsLeft=1
t=20 s=4 threadsLeft=0
  t=20 time=0.000439
t=21 s=20 threadsLeft=5
t=21 s=6 threadsLeft=4
t=21 s=5 threadsLeft=3
t=21 s=5 threadsLeft=2
t=21 s=3 threadsLeft=1
t=21 s=2 threadsLeft=0
  t=21 time=0.000532
t=22 s=21 threadsLeft=3
t=22 s=6 threadsLeft=2
t=22 s=4 threadsLeft=1
t=22 s=3 threadsLeft=0
  t=22 time=0.000502
t=23 s=22 threadsLeft=6
t=23 s=7 threadsLeft=5
t=23 s=6 threadsLeft=4
t=23 s=5 threadsLeft=3
t=23 s=4 threadsLeft=2
t=23 s=4 threadsLeft=1
t=23 s=3 threadsLeft=0
  t=23 time=0.0006
t=24 s=23 threadsLeft=4
t=24 s=8 threadsLeft=3
t=24 s=7 threadsLeft=2
t=24 s=6 threadsLeft=1
t=24 s=5 threadsLeft=0
  t=24 time=0.000509
t=25 s=24 threadsLeft=3
t=25 s=7 threadsLeft=2
t=25 s=4 threadsLeft=1
t=25 s=3 threadsLeft=0
  t=25 time=0.000578
t=26 s=25 threadsLeft=2
t=26 s=8 threadsLeft=1
t=26 s=5 threadsLeft=0
  t=26 time=0.000439
t=27 s=26 threadsLeft=4
t=27 s=9 threadsLeft=3
t=27 s=6 threadsLeft=2
t=27 s=5 threadsLeft=1
t=27 s=4 threadsLeft=0
  t=27 time=0.000511
t=28 s=27 threadsLeft=1
t=28 s=4 threadsLeft=0
  t=28 time=0.000455
t=29 s=28 threadsLeft=3
t=29 s=10 threadsLeft=2
t=29 s=9 threadsLeft=1
t=29 s=5 threadsLeft=0
  t=29 time=0.000412
t=30 s=29 threadsLeft=3
t=30 s=10 threadsLeft=2
t=30 s=6 threadsLeft=1
t=30 s=5 threadsLeft=0
  t=30 time=0.000418
t=31 s=30 threadsLeft=3
t=31 s=11 threadsLeft=2
t=31 s=8 threadsLeft=1
t=31 s=7 threadsLeft=0
  t=31 time=0.000407
t=32 s=31 threadsLeft=2
t=32 s=9 threadsLeft=1
t=32 s=8 threadsLeft=0
  t=32 time=0.000484
t=33 s=32 threadsLeft=6
t=33 s=10 threadsLeft=5
t=33 s=9 threadsLeft=4
t=33 s=9 threadsLeft=3
t=33 s=6 threadsLeft=2
t=33 s=2 threadsLeft=1
t=33 s=1 threadsLeft=0
  t=33 time=0.000582
t=34 s=33 threadsLeft=5
t=34 s=10 threadsLeft=4
t=34 s=8 threadsLeft=3
t=34 s=7 threadsLeft=2
t=34 s=2 threadsLeft=1
t=34 s=3 threadsLeft=0
  t=34 time=0.000587
t=35 s=34 threadsLeft=8
t=35 s=11 threadsLeft=7
t=35 s=10 threadsLeft=6
t=35 s=9 threadsLeft=5
t=35 s=8 threadsLeft=4
t=35 s=4 threadsLeft=3
t=35 s=2 threadsLeft=2
t=35 s=3 threadsLeft=1
t=35 s=3 threadsLeft=0
  t=35 time=0.000778
t=36 s=35 threadsLeft=6
t=36 s=12 threadsLeft=5
t=36 s=11 threadsLeft=4
t=36 s=9 threadsLeft=3
t=36 s=10 threadsLeft=2
t=36 s=4 threadsLeft=1
t=36 s=5 threadsLeft=0
  t=36 time=0.000608
t=37 s=36 threadsLeft=9
t=37 s=11 threadsLeft=8
t=37 s=8 threadsLeft=7
t=37 s=6 threadsLeft=6
t=37 s=7 threadsLeft=5
t=37 s=5 threadsLeft=4
t=37 s=5 threadsLeft=3
t=37 s=2 threadsLeft=2
t=37 s=3 threadsLeft=1
t=37 s=4 threadsLeft=0
  t=37 time=0.000778
t=38 s=37 threadsLeft=7
t=38 s=12 threadsLeft=6
t=38 s=9 threadsLeft=5
t=38 s=8 threadsLeft=4
t=38 s=7 threadsLeft=3
t=38 s=6 threadsLeft=2
t=38 s=3 threadsLeft=1
t=38 s=4 threadsLeft=0
  t=38 time=0.000836
t=39 s=38 threadsLeft=8
t=39 s=13 threadsLeft=7
t=39 s=10 threadsLeft=6
t=39 s=9 threadsLeft=5
t=39 s=8 threadsLeft=4
t=39 s=7 threadsLeft=3
t=39 s=5 threadsLeft=2
t=39 s=6 threadsLeft=1
t=39 s=4 threadsLeft=0
  t=39 time=0.000749
t=40 s=39 threadsLeft=4
t=40 s=9 threadsLeft=3
t=40 s=8 threadsLeft=2
t=40 s=8 threadsLeft=1
t=40 s=7 threadsLeft=0
  t=40 time=0.000595
t=41 s=40 threadsLeft=11
t=41 s=14 threadsLeft=10
t=41 s=13 threadsLeft=9
t=41 s=10 threadsLeft=8
t=41 s=9 threadsLeft=7
t=41 s=9 threadsLeft=6
t=41 s=8 threadsLeft=5
t=41 s=7 threadsLeft=4
t=41 s=2 threadsLeft=3
t=41 s=6 threadsLeft=2
t=41 s=5 threadsLeft=1
t=41 s=3 threadsLeft=0
  t=41 time=0.000952
t=42 s=41 threadsLeft=6
t=42 s=14 threadsLeft=5
t=42 s=11 threadsLeft=4
t=42 s=10 threadsLeft=3
t=42 s=10 threadsLeft=2
t=42 s=9 threadsLeft=1
t=42 s=3 threadsLeft=0
  t=42 time=0.000884
t=43 s=42 threadsLeft=10
t=43 s=15 threadsLeft=9
t=43 s=12 threadsLeft=8
t=43 s=11 threadsLeft=7
t=43 s=8 threadsLeft=6
t=43 s=7 threadsLeft=5
t=43 s=6 threadsLeft=4
t=43 s=5 threadsLeft=3
t=43 s=4 threadsLeft=2
t=43 s=3 threadsLeft=1
t=43 s=4 threadsLeft=0
  t=43 time=0.001144
t=44 s=43 threadsLeft=7
t=44 s=13 threadsLeft=6
t=44 s=12 threadsLeft=5
t=44 s=9 threadsLeft=4
t=44 s=8 threadsLeft=3
t=44 s=5 threadsLeft=2
t=44 s=6 threadsLeft=1
t=44 s=4 threadsLeft=0
  t=44 time=0.000758
t=45 s=44 threadsLeft=13
t=45 s=14 threadsLeft=12
t=45 s=13 threadsLeft=11
t=45 s=13 threadsLeft=10
t=45 s=10 threadsLeft=9
t=45 s=9 threadsLeft=8
t=45 s=6 threadsLeft=7
t=45 s=7 threadsLeft=6
t=45 s=7 threadsLeft=5
t=45 s=6 threadsLeft=4
t=45 s=5 threadsLeft=3
t=45 s=3 threadsLeft=2
t=45 s=4 threadsLeft=1
t=45 s=4 threadsLeft=0
  t=45 time=0.001248
t=46 s=45 threadsLeft=9
t=46 s=14 threadsLeft=8
t=46 s=12 threadsLeft=7
t=46 s=11 threadsLeft=6
t=46 s=8 threadsLeft=5
t=46 s=8 threadsLeft=4
t=46 s=7 threadsLeft=3
t=46 s=5 threadsLeft=2
t=46 s=5 threadsLeft=1
t=46 s=4 threadsLeft=0
  t=46 time=0.001142
t=47 s=46 threadsLeft=10
t=47 s=15 threadsLeft=9
t=47 s=14 threadsLeft=8
t=47 s=13 threadsLeft=7
t=47 s=12 threadsLeft=6
t=47 s=9 threadsLeft=5
t=47 s=8 threadsLeft=4
t=47 s=7 threadsLeft=3
t=47 s=6 threadsLeft=2
t=47 s=6 threadsLeft=1
t=47 s=5 threadsLeft=0
  t=47 time=0.001013
t=48 s=47 threadsLeft=6
t=48 s=16 threadsLeft=5
t=48 s=15 threadsLeft=4
t=48 s=14 threadsLeft=3
t=48 s=13 threadsLeft=2
t=48 s=9 threadsLeft=1
t=48 s=10 threadsLeft=0
  t=48 time=0.000635
t=49 s=48 threadsLeft=9
t=49 s=15 threadsLeft=8
t=49 s=12 threadsLeft=7
t=49 s=9 threadsLeft=6
t=49 s=8 threadsLeft=5
t=49 s=11 threadsLeft=4
t=49 s=7 threadsLeft=3
t=49 s=6 threadsLeft=2
t=49 s=4 threadsLeft=1
t=49 s=3 threadsLeft=0
  t=49 time=0.001662
t=50 s=49 threadsLeft=6
t=50 s=16 threadsLeft=5
t=50 s=13 threadsLeft=4
t=50 s=12 threadsLeft=3
t=50 s=5 threadsLeft=2
t=50 s=7 threadsLeft=1
t=50 s=4 threadsLeft=0
  t=50 time=0.001796
t=51 s=50 threadsLeft=8
t=51 s=17 threadsLeft=7
t=51 s=14 threadsLeft=6
t=51 s=13 threadsLeft=5
t=51 s=10 threadsLeft=4
t=51 s=8 threadsLeft=3
t=51 s=5 threadsLeft=2
t=51 s=6 threadsLeft=1
t=51 s=5 threadsLeft=0
  t=51 time=0.00151
t=52 s=51 threadsLeft=5
t=52 s=12 threadsLeft=4
t=52 s=11 threadsLeft=3
t=52 s=9 threadsLeft=2
t=52 s=10 threadsLeft=1
t=52 s=6 threadsLeft=0
  t=52 time=0.001104
t=53 s=52 threadsLeft=9
t=53 s=18 threadsLeft=8
t=53 s=17 threadsLeft=7
t=53 s=12 threadsLeft=6
t=53 s=13 threadsLeft=5
t=53 s=11 threadsLeft=4
t=53 s=7 threadsLeft=3
t=53 s=5 threadsLeft=2
t=53 s=6 threadsLeft=1
t=53 s=4 threadsLeft=0
  t=53 time=0.00214
t=54 s=53 threadsLeft=6
t=54 s=18 threadsLeft=5
t=54 s=14 threadsLeft=4
t=54 s=13 threadsLeft=3
t=54 s=7 threadsLeft=2
t=54 s=6 threadsLeft=1
t=54 s=5 threadsLeft=0
  t=54 time=0.001702
t=55 s=54 threadsLeft=12
t=55 s=19 threadsLeft=11
t=55 s=16 threadsLeft=10
t=55 s=15 threadsLeft=9
t=55 s=12 threadsLeft=8
t=55 s=10 threadsLeft=7
t=55 s=11 threadsLeft=6
t=55 s=9 threadsLeft=5
t=55 s=8 threadsLeft=4
t=55 s=7 threadsLeft=3
t=55 s=5 threadsLeft=2
t=55 s=6 threadsLeft=1
t=55 s=4 threadsLeft=0
  t=55 time=0.003318
[38;2;000;128;000mTime: 0.764909s (2025-04-15 13:34:18)
[0mt=2 s=1 threadsLeft=0
  t=2 time=0.000461
t=3 s=2 threadsLeft=1
t=3 s=1 threadsLeft=0
  t=3 time=0.000328
t=4 s=3 threadsLeft=0
  t=4 time=0.000279
t=5 s=4 threadsLeft=2
t=5 s=2 threadsLeft=1
t=5 s=1 threadsLeft=0
  t=5 time=0.000344
t=6 s=5 threadsLeft=1
t=6 s=2 threadsLeft=0
  t=6 time=0.000341
t=7 s=6 threadsLeft=1
t=7 s=3 threadsLeft=0
  t=7 time=0.000283
t=8 s=7 threadsLeft=0
  t=8 time=0.000239
t=9 s=8 threadsLeft=2
t=9 s=2 threadsLeft=1
t=9 s=1 threadsLeft=0
  t=9 time=0.000485
t=10 s=9 threadsLeft=1
t=10 s=2 threadsLeft=0
  t=10 time=0.000264
t=11 s=10 threadsLeft=2
t=11 s=3 threadsLeft=1
t=11 s=2 threadsLeft=0
  t=11 time=0.000349
t=12 s=11 threadsLeft=2
t=12 s=4 threadsLeft=1
t=12 s=3 threadsLeft=0
  t=12 time=0.000333
t=13 s=12 threadsLeft=1
t=13 s=3 threadsLeft=0
  t=13 time=0.000323
t=14 s=13 threadsLeft=1
t=14 s=4 threadsLeft=0
  t=14 time=0.000317
t=15 s=14 threadsLeft=1
t=15 s=5 threadsLeft=0
  t=15 time=0.000341
t=16 s=15 threadsLeft=0
  t=16 time=0.000309
t=17 s=16 threadsLeft=4
t=17 s=6 threadsLeft=3
t=17 s=5 threadsLeft=2
t=17 s=2 threadsLeft=1
t=17 s=1 threadsLeft=0
  t=17 time=0.000376
t=18 s=17 threadsLeft=3
t=18 s=6 threadsLeft=2
t=18 s=3 threadsLeft=1
t=18 s=2 threadsLeft=0
  t=18 time=0.00037
t=19 s=18 threadsLeft=4
t=19 s=7 threadsLeft=3
t=19 s=4 threadsLeft=2
t=19 s=3 threadsLeft=1
t=19 s=2 threadsLeft=0
  t=19 time=0.000472
t=20 s=19 threadsLeft=2
t=20 s=5 threadsLeft=1
t=20 s=4 threadsLeft=0
  t=20 time=0.000349
t=21 s=20 threadsLeft=5
t=21 s=6 threadsLeft=4
t=21 s=5 threadsLeft=3
t=21 s=5 threadsLeft=2
t=21 s=3 threadsLeft=1
t=21 s=2 threadsLeft=0
  t=21 time=0.000392
t=22 s=21 threadsLeft=3
t=22 s=6 threadsLeft=2
t=22 s=4 threadsLeft=1
t=22 s=3 threadsLeft=0
  t=22 time=0.000397
t=23 s=22 threadsLeft=6
t=23 s=7 threadsLeft=5
t=23 s=6 threadsLeft=4
t=23 s=5 threadsLeft=3
t=23 s=4 threadsLeft=2
t=23 s=4 threadsLeft=1
t=23 s=3 threadsLeft=0
  t=23 time=0.000443
t=24 s=23 threadsLeft=4
t=24 s=8 threadsLeft=3
t=24 s=7 threadsLeft=2
t=24 s=6 threadsLeft=1
t=24 s=5 threadsLeft=0
  t=24 time=0.0004
t=25 s=24 threadsLeft=3
t=25 s=7 threadsLeft=2
t=25 s=4 threadsLeft=1
t=25 s=3 threadsLeft=0
  t=25 time=0.000412
t=26 s=25 threadsLeft=2
t=26 s=8 threadsLeft=1
t=26 s=5 threadsLeft=0
  t=26 time=0.000408
t=27 s=26 threadsLeft=4
t=27 s=9 threadsLeft=3
t=27 s=6 threadsLeft=2
t=27 s=5 threadsLeft=1
t=27 s=4 threadsLeft=0
  t=27 time=0.00044
t=28 s=27 threadsLeft=1
t=28 s=4 threadsLeft=0
  t=28 time=0.000374
t=29 s=28 threadsLeft=3
t=29 s=10 threadsLeft=2
t=29 s=9 threadsLeft=1
t=29 s=5 threadsLeft=0
  t=29 time=0.00038
t=30 s=29 threadsLeft=3
t=30 s=10 threadsLeft=2
t=30 s=6 threadsLeft=1
t=30 s=5 threadsLeft=0
  t=30 time=0.000405
t=31 s=30 threadsLeft=3
t=31 s=11 threadsLeft=2
t=31 s=8 threadsLeft=1
t=31 s=7 threadsLeft=0
  t=31 time=0.000368
t=32 s=31 threadsLeft=2
t=32 s=9 threadsLeft=1
t=32 s=8 threadsLeft=0
  t=32 time=0.000368
t=33 s=32 threadsLeft=6
t=33 s=10 threadsLeft=5
t=33 s=9 threadsLeft=4
t=33 s=9 threadsLeft=3
t=33 s=6 threadsLeft=2
t=33 s=2 threadsLeft=1
t=33 s=1 threadsLeft=0
  t=33 time=0.000466
t=34 s=33 threadsLeft=5
t=34 s=10 threadsLeft=4
t=34 s=8 threadsLeft=3
t=34 s=7 threadsLeft=2
t=34 s=2 threadsLeft=1
t=34 s=3 threadsLeft=0
  t=34 time=0.000546
t=35 s=34 threadsLeft=8
t=35 s=11 threadsLeft=7
t=35 s=10 threadsLeft=6
t=35 s=9 threadsLeft=5
t=35 s=8 threadsLeft=4
t=35 s=4 threadsLeft=3
t=35 s=3 threadsLeft=2
t=35 s=3 threadsLeft=1
t=35 s=2 threadsLeft=0
  t=35 time=0.000743
t=36 s=35 threadsLeft=6
t=36 s=12 threadsLeft=5
t=36 s=11 threadsLeft=4
t=36 s=10 threadsLeft=3
t=36 s=9 threadsLeft=2
t=36 s=5 threadsLeft=1
t=36 s=4 threadsLeft=0
  t=36 time=0.000493
t=37 s=36 threadsLeft=9
t=37 s=11 threadsLeft=8
t=37 s=8 threadsLeft=7
t=37 s=6 threadsLeft=6
t=37 s=5 threadsLeft=5
t=37 s=7 threadsLeft=4
t=37 s=5 threadsLeft=3
t=37 s=2 threadsLeft=2
t=37 s=4 threadsLeft=1
t=37 s=3 threadsLeft=0
  t=37 time=0.00073
t=38 s=37 threadsLeft=7
t=38 s=12 threadsLeft=6
t=38 s=9 threadsLeft=5
t=38 s=8 threadsLeft=4
t=38 s=6 threadsLeft=3
t=38 s=7 threadsLeft=2
t=38 s=3 threadsLeft=1
t=38 s=4 threadsLeft=0
  t=38 time=0.000689
t=39 s=38 threadsLeft=8
t=39 s=13 threadsLeft=7
t=39 s=10 threadsLeft=6
t=39 s=9 threadsLeft=5
t=39 s=6 threadsLeft=4
t=39 s=8 threadsLeft=3
t=39 s=5 threadsLeft=2
t=39 s=7 threadsLeft=1
t=39 s=4 threadsLeft=0
  t=39 time=0.000673
t=40 s=39 threadsLeft=4
t=40 s=9 threadsLeft=3
t=40 s=8 threadsLeft=2
t=40 s=8 threadsLeft=1
t=40 s=7 threadsLeft=0
  t=40 time=0.000507
t=41 s=40 threadsLeft=11
t=41 s=14 threadsLeft=10
t=41 s=13 threadsLeft=9
t=41 s=10 threadsLeft=8
t=41 s=9 threadsLeft=7
t=41 s=9 threadsLeft=6
t=41 s=8 threadsLeft=5
t=41 s=7 threadsLeft=4
t=41 s=2 threadsLeft=3
t=41 s=6 threadsLeft=2
t=41 s=5 threadsLeft=1
t=41 s=3 threadsLeft=0
  t=41 time=0.000969
t=42 s=41 threadsLeft=6
t=42 s=14 threadsLeft=5
t=42 s=11 threadsLeft=4
t=42 s=10 threadsLeft=3
t=42 s=10 threadsLeft=2
t=42 s=9 threadsLeft=1
t=42 s=3 threadsLeft=0
  t=42 time=0.000831
t=43 s=42 threadsLeft=10
t=43 s=15 threadsLeft=9
t=43 s=12 threadsLeft=8
t=43 s=11 threadsLeft=7
t=43 s=8 threadsLeft=6
t=43 s=7 threadsLeft=5
t=43 s=6 threadsLeft=4
t=43 s=5 threadsLeft=3
t=43 s=4 threadsLeft=2
t=43 s=3 threadsLeft=1
t=43 s=4 threadsLeft=0
  t=43 time=0.001054
t=44 s=43 threadsLeft=7
t=44 s=13 threadsLeft=6
t=44 s=12 threadsLeft=5
t=44 s=9 threadsLeft=4
t=44 s=8 threadsLeft=3
t=44 s=6 threadsLeft=2
t=44 s=5 threadsLeft=1
t=44 s=4 threadsLeft=0
  t=44 time=0.000723
t=45 s=44 threadsLeft=13
t=45 s=14 threadsLeft=12
t=45 s=13 threadsLeft=11
t=45 s=13 threadsLeft=10
t=45 s=10 threadsLeft=9
t=45 s=9 threadsLeft=8
t=45 s=7 threadsLeft=7
t=45 s=7 threadsLeft=6
t=45 s=6 threadsLeft=5
t=45 s=6 threadsLeft=4
t=45 s=5 threadsLeft=3
t=45 s=3 threadsLeft=2
t=45 s=4 threadsLeft=1
t=45 s=4 threadsLeft=0
  t=45 time=0.001293
t=46 s=45 threadsLeft=9
t=46 s=14 threadsLeft=8
t=46 s=12 threadsLeft=7
t=46 s=11 threadsLeft=6
t=46 s=8 threadsLeft=5
t=46 s=8 threadsLeft=4
t=46 s=7 threadsLeft=3
t=46 s=5 threadsLeft=2
t=46 s=5 threadsLeft=1
t=46 s=4 threadsLeft=0
  t=46 time=0.001031
t=47 s=46 threadsLeft=10
t=47 s=15 threadsLeft=9
t=47 s=14 threadsLeft=8
t=47 s=13 threadsLeft=7
t=47 s=12 threadsLeft=6
t=47 s=9 threadsLeft=5
t=47 s=8 threadsLeft=4
t=47 s=7 threadsLeft=3
t=47 s=6 threadsLeft=2
t=47 s=6 threadsLeft=1
t=47 s=5 threadsLeft=0
  t=47 time=0.000996
t=48 s=47 threadsLeft=6
t=48 s=16 threadsLeft=5
t=48 s=15 threadsLeft=4
t=48 s=14 threadsLeft=3
t=48 s=13 threadsLeft=2
t=48 s=10 threadsLeft=1
t=48 s=9 threadsLeft=0
  t=48 time=0.00058
t=49 s=48 threadsLeft=9
t=49 s=15 threadsLeft=8
t=49 s=12 threadsLeft=7
t=49 s=9 threadsLeft=6
t=49 s=8 threadsLeft=5
t=49 s=11 threadsLeft=4
t=49 s=7 threadsLeft=3
t=49 s=6 threadsLeft=2
t=49 s=4 threadsLeft=1
t=49 s=3 threadsLeft=0
  t=49 time=0.00155
t=50 s=49 threadsLeft=6
t=50 s=16 threadsLeft=5
t=50 s=13 threadsLeft=4
t=50 s=12 threadsLeft=3
t=50 s=5 threadsLeft=2
t=50 s=7 threadsLeft=1
t=50 s=4 threadsLeft=0
  t=50 time=0.001589
t=51 s=50 threadsLeft=8
t=51 s=17 threadsLeft=7
t=51 s=14 threadsLeft=6
t=51 s=13 threadsLeft=5
t=51 s=10 threadsLeft=4
t=51 s=8 threadsLeft=3
t=51 s=6 threadsLeft=2
t=51 s=5 threadsLeft=1
t=51 s=5 threadsLeft=0
  t=51 time=0.001389
t=52 s=51 threadsLeft=5
t=52 s=12 threadsLeft=4
t=52 s=11 threadsLeft=3
t=52 s=9 threadsLeft=2
t=52 s=10 threadsLeft=1
t=52 s=6 threadsLeft=0
  t=52 time=0.000973
t=53 s=52 threadsLeft=9
t=53 s=18 threadsLeft=8
t=53 s=17 threadsLeft=7
t=53 s=13 threadsLeft=6
t=53 s=12 threadsLeft=5
t=53 s=11 threadsLeft=4
t=53 s=7 threadsLeft=3
t=53 s=5 threadsLeft=2
t=53 s=6 threadsLeft=1
t=53 s=4 threadsLeft=0
  t=53 time=0.002066
t=54 s=53 threadsLeft=6
t=54 s=18 threadsLeft=5
t=54 s=14 threadsLeft=4
t=54 s=13 threadsLeft=3
t=54 s=7 threadsLeft=2
t=54 s=6 threadsLeft=1
t=54 s=5 threadsLeft=0
  t=54 time=0.001879
t=55 s=54 threadsLeft=12
t=55 s=19 threadsLeft=11
t=55 s=16 threadsLeft=10
t=55 s=15 threadsLeft=9
t=55 s=12 threadsLeft=8
t=55 s=10 threadsLeft=7
t=55 s=11 threadsLeft=6
t=55 s=9 threadsLeft=5
t=55 s=8 threadsLeft=4
t=55 s=7 threadsLeft=3
t=55 s=5 threadsLeft=2
t=55 s=6 threadsLeft=1
t=55 s=4 threadsLeft=0
  t=55 time=0.003043
[38;2;000;128;000mTime: 0.749345s (2025-04-15 14:14:03)
[0m
[38;2;200;255;255mFile: [0m
/Users/es2483/apps/SSeqCpp/Adams/../include/algebras/myio.h(79:90)
[38;2;200;255;255mFunction: [0m
``:
[38;2;200;255;255mError: [0m
File C2_Adams_res.db does not exist.

t=2 s=1 threadsLeft=0
  t=2 time=0.001059
t=3 s=2 threadsLeft=1
t=3 s=1 threadsLeft=0
  t=3 time=0.000475
t=4 s=3 threadsLeft=0
  t=4 time=0.000304
t=5 s=4 threadsLeft=2
t=5 s=2 threadsLeft=1
t=5 s=1 threadsLeft=0
  t=5 time=0.000498
t=6 s=5 threadsLeft=1
t=6 s=2 threadsLeft=0
  t=6 time=0.000365
t=7 s=6 threadsLeft=1
t=7 s=3 threadsLeft=0
  t=7 time=0.000366
t=8 s=7 threadsLeft=0
  t=8 time=0.000297
t=9 s=8 threadsLeft=2
t=9 s=2 threadsLeft=1
t=9 s=1 threadsLeft=0
  t=9 time=0.000324
t=10 s=9 threadsLeft=1
t=10 s=2 threadsLeft=0
  t=10 time=0.00034
t=11 s=10 threadsLeft=2
t=11 s=3 threadsLeft=1
t=11 s=2 threadsLeft=0
  t=11 time=0.000801
t=12 s=11 threadsLeft=2
t=12 s=4 threadsLeft=1
t=12 s=3 threadsLeft=0
  t=12 time=0.000321
t=13 s=12 threadsLeft=1
t=13 s=3 threadsLeft=0
  t=13 time=0.000383
t=14 s=13 threadsLeft=1
t=14 s=4 threadsLeft=0
  t=14 time=0.000379
t=15 s=14 threadsLeft=1
t=15 s=5 threadsLeft=0
  t=15 time=0.00038
t=16 s=15 threadsLeft=0
  t=16 time=0.000381
t=17 s=16 threadsLeft=4
t=17 s=6 threadsLeft=3
t=17 s=5 threadsLeft=2
t=17 s=2 threadsLeft=1
t=17 s=1 threadsLeft=0
  t=17 time=0.000406
t=18 s=17 threadsLeft=3
t=18 s=6 threadsLeft=2
t=18 s=2 threadsLeft=1
t=18 s=3 threadsLeft=0
  t=18 time=0.000418
t=19 s=18 threadsLeft=4
t=19 s=7 threadsLeft=3
t=19 s=4 threadsLeft=2
t=19 s=3 threadsLeft=1
t=19 s=2 threadsLeft=0
  t=19 time=0.000446
t=20 s=19 threadsLeft=2
t=20 s=5 threadsLeft=1
t=20 s=4 threadsLeft=0
  t=20 time=0.000518
t=21 s=20 threadsLeft=5
t=21 s=6 threadsLeft=4
t=21 s=5 threadsLeft=3
t=21 s=5 threadsLeft=2
t=21 s=3 threadsLeft=1
t=21 s=2 threadsLeft=0
  t=21 time=0.000475
t=22 s=21 threadsLeft=3
t=22 s=6 threadsLeft=2
t=22 s=4 threadsLeft=1
t=22 s=3 threadsLeft=0
  t=22 time=0.000422
t=23 s=22 threadsLeft=6
t=23 s=7 threadsLeft=5
t=23 s=6 threadsLeft=4
t=23 s=5 threadsLeft=3
t=23 s=4 threadsLeft=2
t=23 s=4 threadsLeft=1
t=23 s=3 threadsLeft=0
  t=23 time=0.000462
t=24 s=23 threadsLeft=4
t=24 s=8 threadsLeft=3
t=24 s=7 threadsLeft=2
t=24 s=6 threadsLeft=1
t=24 s=5 threadsLeft=0
  t=24 time=0.000323
t=25 s=24 threadsLeft=3
t=25 s=7 threadsLeft=2
t=25 s=4 threadsLeft=1
t=25 s=3 threadsLeft=0
  t=25 time=0.000412
t=26 s=25 threadsLeft=2
t=26 s=8 threadsLeft=1
t=26 s=5 threadsLeft=0
  t=26 time=0.000294
t=27 s=26 threadsLeft=4
t=27 s=9 threadsLeft=3
t=27 s=6 threadsLeft=2
t=27 s=5 threadsLeft=1
t=27 s=4 threadsLeft=0
  t=27 time=0.000354
t=28 s=27 threadsLeft=1
t=28 s=4 threadsLeft=0
  t=28 time=0.000324
t=29 s=28 threadsLeft=3
t=29 s=10 threadsLeft=2
t=29 s=9 threadsLeft=1
t=29 s=5 threadsLeft=0
  t=29 time=0.000299
t=30 s=29 threadsLeft=3
t=30 s=10 threadsLeft=2
t=30 s=6 threadsLeft=1
t=30 s=5 threadsLeft=0
  t=30 time=0.000354
t=31 s=30 threadsLeft=3
t=31 s=11 threadsLeft=2
t=31 s=8 threadsLeft=1
t=31 s=7 threadsLeft=0
  t=31 time=0.00035
t=32 s=31 threadsLeft=2
t=32 s=9 threadsLeft=1
t=32 s=8 threadsLeft=0
  t=32 time=0.000312
t=33 s=32 threadsLeft=6
t=33 s=10 threadsLeft=5
t=33 s=9 threadsLeft=4
t=33 s=9 threadsLeft=3
t=33 s=6 threadsLeft=2
t=33 s=2 threadsLeft=1
t=33 s=1 threadsLeft=0
  t=33 time=0.000437
t=34 s=33 threadsLeft=5
t=34 s=10 threadsLeft=4
t=34 s=8 threadsLeft=3
t=34 s=7 threadsLeft=2
t=34 s=2 threadsLeft=1
t=34 s=3 threadsLeft=0
  t=34 time=0.000487
t=35 s=34 threadsLeft=8
t=35 s=11 threadsLeft=7
t=35 s=10 threadsLeft=6
t=35 s=9 threadsLeft=5
t=35 s=8 threadsLeft=4
t=35 s=4 threadsLeft=3
t=35 s=2 threadsLeft=2
t=35 s=3 threadsLeft=1
t=35 s=3 threadsLeft=0
  t=35 time=0.00068
t=36 s=35 threadsLeft=6
t=36 s=12 threadsLeft=5
t=36 s=11 threadsLeft=4
t=36 s=10 threadsLeft=3
t=36 s=9 threadsLeft=2
t=36 s=5 threadsLeft=1
t=36 s=4 threadsLeft=0
  t=36 time=0.000413
t=37 s=36 threadsLeft=9
t=37 s=11 threadsLeft=8
t=37 s=8 threadsLeft=7
t=37 s=7 threadsLeft=6
t=37 s=6 threadsLeft=5
t=37 s=5 threadsLeft=4
t=37 s=3 threadsLeft=3
t=37 s=4 threadsLeft=2
t=37 s=5 threadsLeft=1
t=37 s=2 threadsLeft=0
  t=37 time=0.000706
t=38 s=37 threadsLeft=7
t=38 s=12 threadsLeft=6
t=38 s=9 threadsLeft=5
t=38 s=8 threadsLeft=4
t=38 s=6 threadsLeft=3
t=38 s=7 threadsLeft=2
t=38 s=3 threadsLeft=1
t=38 s=4 threadsLeft=0
  t=38 time=0.000622
t=39 s=38 threadsLeft=8
t=39 s=13 threadsLeft=7
t=39 s=10 threadsLeft=6
t=39 s=9 threadsLeft=5
t=39 s=8 threadsLeft=4
t=39 s=7 threadsLeft=3
t=39 s=6 threadsLeft=2
t=39 s=5 threadsLeft=1
t=39 s=4 threadsLeft=0
  t=39 time=0.000626
t=40 s=39 threadsLeft=4
t=40 s=9 threadsLeft=3
t=40 s=8 threadsLeft=2
t=40 s=8 threadsLeft=1
t=40 s=7 threadsLeft=0
  t=40 time=0.000497
t=41 s=40 threadsLeft=11
t=41 s=14 threadsLeft=10
t=41 s=13 threadsLeft=9
t=41 s=10 threadsLeft=8
t=41 s=9 threadsLeft=7
t=41 s=9 threadsLeft=6
t=41 s=8 threadsLeft=5
t=41 s=7 threadsLeft=4
t=41 s=6 threadsLeft=3
t=41 s=5 threadsLeft=2
t=41 s=2 threadsLeft=1
t=41 s=3 threadsLeft=0
  t=41 time=0.000796
t=42 s=41 threadsLeft=6
t=42 s=14 threadsLeft=5
t=42 s=11 threadsLeft=4
t=42 s=10 threadsLeft=3
t=42 s=10 threadsLeft=2
t=42 s=9 threadsLeft=1
t=42 s=3 threadsLeft=0
  t=42 time=0.000842
t=43 s=42 threadsLeft=10
t=43 s=15 threadsLeft=9
t=43 s=12 threadsLeft=8
t=43 s=11 threadsLeft=7
t=43 s=8 threadsLeft=6
t=43 s=7 threadsLeft=5
t=43 s=6 threadsLeft=4
t=43 s=5 threadsLeft=3
t=43 s=3 threadsLeft=2
t=43 s=4 threadsLeft=1
t=43 s=4 threadsLeft=0
  t=43 time=0.00116
t=44 s=43 threadsLeft=7
t=44 s=13 threadsLeft=6
t=44 s=12 threadsLeft=5
t=44 s=9 threadsLeft=4
t=44 s=8 threadsLeft=3
t=44 s=5 threadsLeft=2
t=44 s=6 threadsLeft=1
t=44 s=4 threadsLeft=0
  t=44 time=0.000905
t=45 s=44 threadsLeft=13
t=45 s=14 threadsLeft=12
t=45 s=13 threadsLeft=11
t=45 s=13 threadsLeft=10
t=45 s=10 threadsLeft=9
t=45 s=9 threadsLeft=8
t=45 s=6 threadsLeft=7
t=45 s=7 threadsLeft=6
t=45 s=7 threadsLeft=5
t=45 s=5 threadsLeft=4
t=45 s=6 threadsLeft=3
t=45 s=3 threadsLeft=2
t=45 s=4 threadsLeft=1
t=45 s=4 threadsLeft=0
  t=45 time=0.001591
t=46 s=45 threadsLeft=9
t=46 s=14 threadsLeft=8
t=46 s=12 threadsLeft=7
t=46 s=11 threadsLeft=6
t=46 s=8 threadsLeft=5
t=46 s=7 threadsLeft=4
t=46 s=8 threadsLeft=3
t=46 s=5 threadsLeft=2
t=46 s=5 threadsLeft=1
t=46 s=4 threadsLeft=0
  t=46 time=0.001247
t=47 s=46 threadsLeft=10
t=47 s=15 threadsLeft=9
t=47 s=14 threadsLeft=8
t=47 s=13 threadsLeft=7
t=47 s=12 threadsLeft=6
t=47 s=9 threadsLeft=5
t=47 s=8 threadsLeft=4
t=47 s=6 threadsLeft=3
t=47 s=7 threadsLeft=2
t=47 s=6 threadsLeft=1
t=47 s=5 threadsLeft=0
  t=47 time=0.000944
t=48 s=47 threadsLeft=6
t=48 s=16 threadsLeft=5
t=48 s=15 threadsLeft=4
t=48 s=14 threadsLeft=3
t=48 s=13 threadsLeft=2
t=48 s=10 threadsLeft=1
t=48 s=9 threadsLeft=0
  t=48 time=0.000489
t=49 s=48 threadsLeft=9
t=49 s=15 threadsLeft=8
t=49 s=12 threadsLeft=7
t=49 s=11 threadsLeft=6
t=49 s=8 threadsLeft=5
t=49 s=9 threadsLeft=4
t=49 s=6 threadsLeft=3
t=49 s=7 threadsLeft=2
t=49 s=4 threadsLeft=1
t=49 s=3 threadsLeft=0
  t=49 time=0.001579
t=50 s=49 threadsLeft=6
t=50 s=16 threadsLeft=5
t=50 s=13 threadsLeft=4
t=50 s=12 threadsLeft=3
t=50 s=7 threadsLeft=2
t=50 s=5 threadsLeft=1
t=50 s=4 threadsLeft=0
  t=50 time=0.001741
t=51 s=50 threadsLeft=8
t=51 s=17 threadsLeft=7
t=51 s=14 threadsLeft=6
t=51 s=13 threadsLeft=5
t=51 s=10 threadsLeft=4
t=51 s=8 threadsLeft=3
t=51 s=5 threadsLeft=2
t=51 s=6 threadsLeft=1
t=51 s=5 threadsLeft=0
  t=51 time=0.001566
t=52 s=51 threadsLeft=5
t=52 s=12 threadsLeft=4
t=52 s=9 threadsLeft=3
t=52 s=11 threadsLeft=2
t=52 s=10 threadsLeft=1
t=52 s=6 threadsLeft=0
  t=52 time=0.001053
t=53 s=52 threadsLeft=9
t=53 s=18 threadsLeft=8
t=53 s=17 threadsLeft=7
t=53 s=13 threadsLeft=6
t=53 s=12 threadsLeft=5
t=53 s=11 threadsLeft=4
t=53 s=5 threadsLeft=3
t=53 s=7 threadsLeft=2
t=53 s=6 threadsLeft=1
t=53 s=4 threadsLeft=0
  t=53 time=0.002132
t=54 s=53 threadsLeft=6
t=54 s=18 threadsLeft=5
t=54 s=14 threadsLeft=4
t=54 s=13 threadsLeft=3
t=54 s=7 threadsLeft=2
t=54 s=6 threadsLeft=1
t=54 s=5 threadsLeft=0
  t=54 time=0.001827
t=55 s=54 threadsLeft=12
t=55 s=19 threadsLeft=11
t=55 s=16 threadsLeft=10
t=55 s=15 threadsLeft=9
t=55 s=12 threadsLeft=8
t=55 s=10 threadsLeft=7
t=55 s=9 threadsLeft=6
t=55 s=11 threadsLeft=5
t=55 s=8 threadsLeft=4
t=55 s=7 threadsLeft=3
t=55 s=6 threadsLeft=2
t=55 s=5 threadsLeft=1
t=55 s=4 threadsLeft=0
  t=55 time=0.003214
t=56 s=55 threadsLeft=9
t=56 s=17 threadsLeft=8
t=56 s=16 threadsLeft=7
t=56 s=13 threadsLeft=6
t=56 s=12 threadsLeft=5
t=56 s=8 threadsLeft=4
t=56 s=8 threadsLeft=3
t=56 s=7 threadsLeft=2
t=56 s=7 threadsLeft=1
t=56 s=6 threadsLeft=0
  t=56 time=0.001818
t=57 s=56 threadsLeft=8
t=57 s=18 threadsLeft=7
t=57 s=17 threadsLeft=6
t=57 s=17 threadsLeft=5
t=57 s=14 threadsLeft=4
t=57 s=13 threadsLeft=3
t=57 s=8 threadsLeft=2
t=57 s=5 threadsLeft=1
t=57 s=6 threadsLeft=0
  t=57 time=0.002086
t=58 s=57 threadsLeft=10
t=58 s=18 threadsLeft=9
t=58 s=16 threadsLeft=8
t=58 s=15 threadsLeft=7
t=58 s=12 threadsLeft=6
t=58 s=11 threadsLeft=5
t=58 s=10 threadsLeft=4
t=58 s=9 threadsLeft=3
t=58 s=9 threadsLeft=2
t=58 s=5 threadsLeft=1
t=58 s=6 threadsLeft=0
  t=58 time=0.002348
t=59 s=58 threadsLeft=7
t=59 s=19 threadsLeft=6
t=59 s=18 threadsLeft=5
t=59 s=17 threadsLeft=4
t=59 s=16 threadsLeft=3
t=59 s=7 threadsLeft=2
t=59 s=6 threadsLeft=1
t=59 s=5 threadsLeft=0
  t=59 time=0.003071
t=60 s=59 threadsLeft=5
t=60 s=20 threadsLeft=4
t=60 s=19 threadsLeft=3
t=60 s=18 threadsLeft=2
t=60 s=17 threadsLeft=1
t=60 s=8 threadsLeft=0
  t=60 time=0.001017
t=61 s=60 threadsLeft=13
t=61 s=19 threadsLeft=12
t=61 s=16 threadsLeft=11
t=61 s=15 threadsLeft=10
t=61 s=14 threadsLeft=9
t=61 s=13 threadsLeft=8
t=61 s=11 threadsLeft=7
t=61 s=10 threadsLeft=6
t=61 s=13 threadsLeft=5
t=61 s=12 threadsLeft=4
t=61 s=9 threadsLeft=3
t=61 s=8 threadsLeft=2
t=61 s=7 threadsLeft=1
t=61 s=6 threadsLeft=0
  t=61 time=0.003093
t=62 s=61 threadsLeft=5
t=62 s=20 threadsLeft=4
t=62 s=17 threadsLeft=3
t=62 s=16 threadsLeft=2
t=62 s=15 threadsLeft=1
t=62 s=14 threadsLeft=0
  t=62 time=0.000582
t=63 s=62 threadsLeft=9
t=63 s=21 threadsLeft=8
t=63 s=18 threadsLeft=7
t=63 s=17 threadsLeft=6
t=63 s=16 threadsLeft=5
t=63 s=14 threadsLeft=4
t=63 s=15 threadsLeft=3
t=63 s=9 threadsLeft=2
t=63 s=8 threadsLeft=1
t=63 s=7 threadsLeft=0
  t=63 time=0.002997
t=64 s=63 threadsLeft=10
t=64 s=17 threadsLeft=9
t=64 s=16 threadsLeft=8
t=64 s=13 threadsLeft=7
t=64 s=16 threadsLeft=6
t=64 s=12 threadsLeft=5
t=64 s=11 threadsLeft=4
t=64 s=15 threadsLeft=3
t=64 s=14 threadsLeft=2
t=64 s=10 threadsLeft=1
t=64 s=9 threadsLeft=0
  t=64 time=0.001244
t=65 s=64 threadsLeft=14
t=65 s=22 threadsLeft=13
t=65 s=21 threadsLeft=12
t=65 s=18 threadsLeft=11
t=65 s=17 threadsLeft=10
t=65 s=17 threadsLeft=9
t=65 s=16 threadsLeft=8
t=65 s=15 threadsLeft=7
t=65 s=1 threadsLeft=6
t=65 s=2 threadsLeft=5
t=65 s=11 threadsLeft=4
t=65 s=10 threadsLeft=3
t=65 s=10 threadsLeft=2
t=65 s=7 threadsLeft=1
t=65 s=6 threadsLeft=0
  t=65 time=0.004294
t=66 s=65 threadsLeft=15
t=66 s=22 threadsLeft=14
t=66 s=19 threadsLeft=13
t=66 s=18 threadsLeft=12
t=66 s=18 threadsLeft=11
t=66 s=17 threadsLeft=10
t=66 s=2 threadsLeft=9
t=66 s=12 threadsLeft=8
t=66 s=11 threadsLeft=7
t=66 s=11 threadsLeft=6
t=66 s=9 threadsLeft=5
t=66 s=8 threadsLeft=4
t=66 s=8 threadsLeft=3
t=66 s=3 threadsLeft=2
t=66 s=7 threadsLeft=1
t=66 s=4 threadsLeft=0
  t=66 time=0.008581
t=67 s=66 threadsLeft=20
t=67 s=23 threadsLeft=19
t=67 s=20 threadsLeft=18
t=67 s=19 threadsLeft=17
t=67 s=16 threadsLeft=16
t=67 s=14 threadsLeft=15
t=67 s=15 threadsLeft=14
t=67 s=13 threadsLeft=13
t=67 s=12 threadsLeft=12
t=67 s=11 threadsLeft=11
t=67 s=10 threadsLeft=10
t=67 s=12 threadsLeft=9
t=67 s=13 threadsLeft=8
t=67 s=3 threadsLeft=7
t=67 s=2 threadsLeft=6
t=67 s=10 threadsLeft=5
t=67 s=9 threadsLeft=4
t=67 s=9 threadsLeft=3
t=67 s=8 threadsLeft=2
t=67 s=3 threadsLeft=1
t=67 s=4 threadsLeft=0
  t=67 time=0.007273
t=68 s=67 threadsLeft=16
t=68 s=21 threadsLeft=15
t=68 s=20 threadsLeft=14
t=68 s=17 threadsLeft=13
t=68 s=16 threadsLeft=12
t=68 s=13 threadsLeft=11
t=68 s=12 threadsLeft=10
t=68 s=14 threadsLeft=9
t=68 s=4 threadsLeft=8
t=68 s=11 threadsLeft=7
t=68 s=10 threadsLeft=6
t=68 s=6 threadsLeft=5
t=68 s=5 threadsLeft=4
t=68 s=5 threadsLeft=3
t=68 s=6 threadsLeft=2
t=68 s=7 threadsLeft=1
t=68 s=5 threadsLeft=0
  t=68 time=0.011875
t=69 s=68 threadsLeft=19
t=69 s=22 threadsLeft=18
t=69 s=21 threadsLeft=17
t=69 s=21 threadsLeft=16
t=69 s=18 threadsLeft=15
t=69 s=17 threadsLeft=14
t=69 s=15 threadsLeft=13
t=69 s=14 threadsLeft=12
t=69 s=12 threadsLeft=11
t=69 s=2 threadsLeft=10
t=69 s=5 threadsLeft=9
t=69 s=11 threadsLeft=8
t=69 s=3 threadsLeft=7
t=69 s=8 threadsLeft=6
t=69 s=7 threadsLeft=5
t=69 s=3 threadsLeft=4
t=69 s=7 threadsLeft=3
t=69 s=6 threadsLeft=2
t=69 s=6 threadsLeft=1
t=69 s=4 threadsLeft=0
  t=69 time=0.013757
t=70 s=69 threadsLeft=21
t=70 s=22 threadsLeft=20
t=70 s=20 threadsLeft=19
t=70 s=19 threadsLeft=18
t=70 s=15 threadsLeft=17
t=70 s=16 threadsLeft=16
t=70 s=13 threadsLeft=15
t=70 s=14 threadsLeft=14
t=70 s=16 threadsLeft=13
t=70 s=12 threadsLeft=12
t=70 s=15 threadsLeft=11
t=70 s=13 threadsLeft=10
t=70 s=6 threadsLeft=9
t=70 s=9 threadsLeft=8
t=70 s=10 threadsLeft=7
t=70 s=9 threadsLeft=6
t=70 s=3 threadsLeft=5
t=70 s=8 threadsLeft=4
t=70 s=7 threadsLeft=3
t=70 s=6 threadsLeft=2
t=70 s=5 threadsLeft=1
t=70 s=4 threadsLeft=0
  t=70 time=0.012441
t=71 s=70 threadsLeft=18
t=71 s=23 threadsLeft=17
t=71 s=22 threadsLeft=16
t=71 s=21 threadsLeft=15
t=71 s=20 threadsLeft=14
t=71 s=17 threadsLeft=13
t=71 s=16 threadsLeft=12
t=71 s=11 threadsLeft=11
t=71 s=7 threadsLeft=10
t=71 s=10 threadsLeft=9
t=71 s=9 threadsLeft=8
t=71 s=8 threadsLeft=7
t=71 s=8 threadsLeft=6
t=71 s=8 threadsLeft=5
t=71 s=7 threadsLeft=4
t=71 s=4 threadsLeft=3
t=71 s=7 threadsLeft=2
t=71 s=6 threadsLeft=1
t=71 s=5 threadsLeft=0
  t=71 time=0.011771
t=72 s=71 threadsLeft=16
t=72 s=24 threadsLeft=15
t=72 s=23 threadsLeft=14
t=72 s=21 threadsLeft=13
t=72 s=22 threadsLeft=12
t=72 s=18 threadsLeft=11
t=72 s=17 threadsLeft=10
t=72 s=12 threadsLeft=9
t=72 s=8 threadsLeft=8
t=72 s=11 threadsLeft=7
t=72 s=11 threadsLeft=6
t=72 s=10 threadsLeft=5
t=72 s=9 threadsLeft=4
t=72 s=8 threadsLeft=3
t=72 s=7 threadsLeft=2
t=72 s=6 threadsLeft=1
t=72 s=7 threadsLeft=0
  t=72 time=0.009132
t=73 s=72 threadsLeft=29
t=73 s=23 threadsLeft=28
t=73 s=20 threadsLeft=27
t=73 s=19 threadsLeft=26
t=73 s=17 threadsLeft=25
t=73 s=16 threadsLeft=24
t=73 s=15 threadsLeft=23
t=73 s=14 threadsLeft=22
t=73 s=13 threadsLeft=21
t=73 s=12 threadsLeft=20
t=73 s=11 threadsLeft=19
t=73 s=12 threadsLeft=18
t=73 s=9 threadsLeft=17
t=73 s=9 threadsLeft=16
t=73 s=11 threadsLeft=15
t=73 s=2 threadsLeft=14
t=73 s=10 threadsLeft=13
t=73 s=10 threadsLeft=12
t=73 s=10 threadsLeft=11
t=73 s=9 threadsLeft=10
t=73 s=8 threadsLeft=9
t=73 s=3 threadsLeft=8
t=73 s=8 threadsLeft=7
t=73 s=5 threadsLeft=6
t=73 s=8 threadsLeft=5
t=73 s=6 threadsLeft=4
t=73 s=7 threadsLeft=3
t=73 s=5 threadsLeft=2
t=73 s=7 threadsLeft=1
t=73 s=4 threadsLeft=0
  t=73 time=0.019304
t=74 s=73 threadsLeft=18
t=74 s=24 threadsLeft=17
t=74 s=21 threadsLeft=16
t=74 s=20 threadsLeft=15
t=74 s=13 threadsLeft=14
t=74 s=12 threadsLeft=13
t=74 s=10 threadsLeft=12
t=74 s=11 threadsLeft=11
t=74 s=11 threadsLeft=10
t=74 s=10 threadsLeft=9
t=74 s=9 threadsLeft=8
t=74 s=3 threadsLeft=7
t=74 s=7 threadsLeft=6
t=74 s=8 threadsLeft=5
t=74 s=7 threadsLeft=4
t=74 s=5 threadsLeft=3
t=74 s=6 threadsLeft=2
t=74 s=6 threadsLeft=1
t=74 s=4 threadsLeft=0
  t=74 time=0.022804
t=75 s=74 threadsLeft=22
t=75 s=25 threadsLeft=21
t=75 s=22 threadsLeft=20
t=75 s=21 threadsLeft=19
t=75 s=18 threadsLeft=18
t=75 s=14 threadsLeft=17
t=75 s=13 threadsLeft=16
t=75 s=11 threadsLeft=15
t=75 s=12 threadsLeft=14
t=75 s=12 threadsLeft=13
t=75 s=10 threadsLeft=12
t=75 s=11 threadsLeft=11
t=75 s=11 threadsLeft=10
t=75 s=9 threadsLeft=9
t=75 s=10 threadsLeft=8
t=75 s=9 threadsLeft=7
t=75 s=8 threadsLeft=6
t=75 s=3 threadsLeft=5
t=75 s=4 threadsLeft=4
t=75 s=7 threadsLeft=3
t=75 s=5 threadsLeft=2
t=75 s=6 threadsLeft=1
t=75 s=4 threadsLeft=0
  t=75 time=0.030596
t=76 s=75 threadsLeft=19
t=76 s=20 threadsLeft=18
t=76 s=17 threadsLeft=17
t=76 s=19 threadsLeft=16
t=76 s=15 threadsLeft=15
t=76 s=16 threadsLeft=14
t=76 s=13 threadsLeft=13
t=76 s=18 threadsLeft=12
t=76 s=14 threadsLeft=11
t=76 s=10 threadsLeft=10
t=76 s=12 threadsLeft=9
t=76 s=13 threadsLeft=8
t=76 s=5 threadsLeft=7
t=76 s=8 threadsLeft=6
t=76 s=4 threadsLeft=5
t=76 s=7 threadsLeft=4
t=76 s=5 threadsLeft=3
t=76 s=7 threadsLeft=2
t=76 s=6 threadsLeft=1
t=76 s=6 threadsLeft=0
  t=76 time=0.026653
t=77 s=76 threadsLeft=19
t=77 s=26 threadsLeft=18
t=77 s=25 threadsLeft=17
t=77 s=21 threadsLeft=16
t=77 s=19 threadsLeft=15
t=77 s=20 threadsLeft=14
t=77 s=13 threadsLeft=13
t=77 s=14 threadsLeft=12
t=77 s=9 threadsLeft=11
t=77 s=11 threadsLeft=10
t=77 s=11 threadsLeft=9
t=77 s=8 threadsLeft=8
t=77 s=10 threadsLeft=7
t=77 s=10 threadsLeft=6
t=77 s=9 threadsLeft=5
t=77 s=8 threadsLeft=4
t=77 s=4 threadsLeft=3
t=77 s=5 threadsLeft=2
t=77 s=7 threadsLeft=1
t=77 s=6 threadsLeft=0
  t=77 time=0.024818
t=78 s=77 threadsLeft=19
t=78 s=26 threadsLeft=18
t=78 s=22 threadsLeft=17
t=78 s=21 threadsLeft=16
t=78 s=14 threadsLeft=15
t=78 s=15 threadsLeft=14
t=78 s=15 threadsLeft=13
t=78 s=12 threadsLeft=12
t=78 s=12 threadsLeft=11
t=78 s=11 threadsLeft=10
t=78 s=11 threadsLeft=9
t=78 s=9 threadsLeft=8
t=78 s=10 threadsLeft=7
t=78 s=5 threadsLeft=6
t=78 s=8 threadsLeft=5
t=78 s=8 threadsLeft=4
t=78 s=7 threadsLeft=3
t=78 s=6 threadsLeft=2
t=78 s=7 threadsLeft=1
t=78 s=6 threadsLeft=0
  t=78 time=0.035369
t=79 s=78 threadsLeft=26
t=79 s=27 threadsLeft=25
t=79 s=24 threadsLeft=24
t=79 s=23 threadsLeft=23
t=79 s=18 threadsLeft=22
t=79 s=17 threadsLeft=21
t=79 s=20 threadsLeft=20
t=79 s=19 threadsLeft=19
t=79 s=16 threadsLeft=18
t=79 s=15 threadsLeft=17
t=79 s=14 threadsLeft=16
t=79 s=13 threadsLeft=15
t=79 s=12 threadsLeft=14
t=79 s=15 threadsLeft=13
t=79 s=16 threadsLeft=12
t=79 s=14 threadsLeft=11
t=79 s=13 threadsLeft=10
t=79 s=12 threadsLeft=9
t=79 s=11 threadsLeft=8
t=79 s=11 threadsLeft=7
t=79 s=9 threadsLeft=6
t=79 s=10 threadsLeft=5
t=79 s=10 threadsLeft=4
t=79 s=9 threadsLeft=3
t=79 s=6 threadsLeft=2
t=79 s=8 threadsLeft=1
t=79 s=7 threadsLeft=0
  t=79 time=0.018924
t=80 s=79 threadsLeft=14
t=80 s=25 threadsLeft=13
t=80 s=24 threadsLeft=12
t=80 s=21 threadsLeft=11
t=80 s=16 threadsLeft=10
t=80 s=20 threadsLeft=9
t=80 s=17 threadsLeft=8
t=80 s=16 threadsLeft=7
t=80 s=15 threadsLeft=6
t=80 s=14 threadsLeft=5
t=80 s=12 threadsLeft=4
t=80 s=11 threadsLeft=3
t=80 s=11 threadsLeft=2
t=80 s=10 threadsLeft=1
t=80 s=9 threadsLeft=0
  t=80 time=0.006982
[38;2;000;128;000mTime: 0.326063s (2025-04-29 19:54:47)
[0m