t=2 time=0.000113
t=3 time=0.00037
t=4 s=2 threadsLeft=0
t=4 time=0.000409
t=5 s=2 threadsLeft=0
t=5 time=0.000386
t=6 time=0.000264
t=7 s=3 threadsLeft=0
t=7 time=0.000451
t=8 s=2 threadsLeft=0
t=8 time=0.000365
t=9 s=2 threadsLeft=0
t=9 time=0.000323
t=10 s=2 threadsLeft=0
t=10 time=0.000342
t=11 s=2 threadsLeft=1
t=11 s=3 threadsLeft=0
t=11 time=0.000376
t=12 s=4 threadsLeft=2
t=12 s=3 threadsLeft=1
t=12 s=3 threadsLeft=0
t=12 time=0.000418
t=13 s=4 threadsLeft=1
t=13 s=3 threadsLeft=0
t=13 time=0.00042
t=14 s=5 threadsLeft=1
t=14 s=4 threadsLeft=0
t=14 time=0.000407
t=15 s=5 threadsLeft=0
t=15 time=0.00035
t=16 s=6 threadsLeft=2
t=16 s=2 threadsLeft=1
t=16 s=5 threadsLeft=0
t=16 time=0.000379
t=17 s=6 threadsLeft=0
t=17 time=0.000355
t=18 s=2 threadsLeft=2
t=18 s=3 threadsLeft=1
t=18 s=4 threadsLeft=0
t=18 time=0.000423
t=19 s=2 threadsLeft=1
t=19 s=7 threadsLeft=0
t=19 time=0.000359
t=20 s=2 threadsLeft=2
t=20 s=5 threadsLeft=1
t=20 s=3 threadsLeft=0
t=20 time=0.000446
t=21 s=6 threadsLeft=3
t=21 s=5 threadsLeft=2
t=21 s=3 threadsLeft=1
t=21 s=4 threadsLeft=0
t=21 time=0.000439
t=22 s=6 threadsLeft=2
t=22 s=3 threadsLeft=1
t=22 s=4 threadsLeft=0
t=22 time=0.000404
t=23 s=7 threadsLeft=3
t=23 s=6 threadsLeft=2
t=23 s=3 threadsLeft=1
t=23 s=4 threadsLeft=0
t=23 time=0.00063
t=24 s=8 threadsLeft=4
t=24 s=7 threadsLeft=3
t=24 s=4 threadsLeft=2
t=24 s=5 threadsLeft=1
t=24 s=3 threadsLeft=0
t=24 time=0.000507
t=25 s=8 threadsLeft=2
t=25 s=7 threadsLeft=1
t=25 s=3 threadsLeft=0
t=25 time=0.000444
t=26 s=9 threadsLeft=3
t=26 s=8 threadsLeft=2
t=26 s=5 threadsLeft=1
t=26 s=4 threadsLeft=0
t=26 time=0.000618
t=27 s=9 threadsLeft=4
t=27 s=6 threadsLeft=3
t=27 s=5 threadsLeft=2
t=27 s=4 threadsLeft=1
t=27 s=4 threadsLeft=0
t=27 time=0.000804
t=28 s=10 threadsLeft=3
t=28 s=9 threadsLeft=2
t=28 s=5 threadsLeft=1
t=28 s=4 threadsLeft=0
t=28 time=0.000807
t=29 s=10 threadsLeft=1
t=29 s=5 threadsLeft=0
t=29 time=0.000865
t=30 s=6 threadsLeft=3
t=30 s=8 threadsLeft=2
t=30 s=7 threadsLeft=1
t=30 s=5 threadsLeft=0
t=30 time=0.000863
t=31 s=11 threadsLeft=0
t=31 time=0.000357
t=32 s=2 threadsLeft=2
t=32 s=9 threadsLeft=1
t=32 s=6 threadsLeft=0
t=32 time=0.000793
t=33 s=10 threadsLeft=4
t=33 s=7 threadsLeft=3
t=33 s=9 threadsLeft=2
t=33 s=8 threadsLeft=1
t=33 s=6 threadsLeft=0
t=33 time=0.000609
t=34 s=2 threadsLeft=2
t=34 s=10 threadsLeft=1
t=34 s=3 threadsLeft=0
t=34 time=0.000847
t=35 s=2 threadsLeft=3
t=35 s=11 threadsLeft=2
t=35 s=10 threadsLeft=1
t=35 s=3 threadsLeft=0
t=35 time=0.000794
t=36 s=12 threadsLeft=10
t=36 s=11 threadsLeft=9
t=36 s=8 threadsLeft=8
t=36 s=9 threadsLeft=7
t=36 s=2 threadsLeft=6
t=36 s=7 threadsLeft=5
t=36 s=6 threadsLeft=4
t=36 s=3 threadsLeft=3
t=36 s=5 threadsLeft=2
t=36 s=5 threadsLeft=1
t=36 s=4 threadsLeft=0
t=36 time=0.00225
t=37 s=12 threadsLeft=5
t=37 s=11 threadsLeft=4
t=37 s=3 threadsLeft=3
t=37 s=5 threadsLeft=2
t=37 s=4 threadsLeft=1
t=37 s=4 threadsLeft=0
t=37 time=0.00289
t=38 s=13 threadsLeft=2
t=38 s=12 threadsLeft=1
t=38 s=6 threadsLeft=0
t=38 time=0.000701
t=39 s=13 threadsLeft=7
t=39 s=10 threadsLeft=6
t=39 s=9 threadsLeft=5
t=39 s=8 threadsLeft=4
t=39 s=7 threadsLeft=3
t=39 s=6 threadsLeft=2
t=39 s=4 threadsLeft=1
t=39 s=5 threadsLeft=0
t=39 time=0.002732
t=40 s=14 threadsLeft=6
t=40 s=13 threadsLeft=5
t=40 s=2 threadsLeft=4
t=40 s=7 threadsLeft=3
t=40 s=3 threadsLeft=2
t=40 s=6 threadsLeft=1
t=40 s=5 threadsLeft=0
t=40 time=0.003949
t=41 s=14 threadsLeft=4
t=41 s=3 threadsLeft=3
t=41 s=7 threadsLeft=2
t=41 s=6 threadsLeft=1
t=41 s=5 threadsLeft=0
t=41 time=0.004243
t=42 s=10 threadsLeft=9
t=42 s=12 threadsLeft=8
t=42 s=11 threadsLeft=7
t=42 s=7 threadsLeft=6
t=42 s=9 threadsLeft=5
t=42 s=8 threadsLeft=4
t=42 s=6 threadsLeft=3
t=42 s=3 threadsLeft=2
t=42 s=4 threadsLeft=1
t=42 s=5 threadsLeft=0
t=42 time=0.005505
[38;2;000;128;000mTime: 0.057492s (2025-04-07 00:44:25)
[0mt=2 time=0.000139
t=3 time=0.000264
t=4 s=2 threadsLeft=0
t=4 time=0.000308
t=5 s=2 threadsLeft=0
t=5 time=0.000265
t=6 time=0.00018
t=7 s=3 threadsLeft=0
t=7 time=0.000329
t=8 s=2 threadsLeft=0
t=8 time=0.000258
t=9 s=2 threadsLeft=0
t=9 time=0.000294
t=10 s=2 threadsLeft=0
t=10 time=0.000315
t=11 s=2 threadsLeft=1
t=11 s=3 threadsLeft=0
t=11 time=0.00036
t=12 s=4 threadsLeft=2
t=12 s=3 threadsLeft=1
t=12 s=3 threadsLeft=0
t=12 time=0.000363
t=13 s=4 threadsLeft=1
t=13 s=3 threadsLeft=0
t=13 time=0.000368
t=14 s=5 threadsLeft=1
t=14 s=4 threadsLeft=0
t=14 time=0.000314
t=15 s=5 threadsLeft=0
t=15 time=0.000292
t=16 s=6 threadsLeft=2
t=16 s=2 threadsLeft=1
t=16 s=5 threadsLeft=0
t=16 time=0.000412
t=17 s=6 threadsLeft=0
t=17 time=0.000356
t=18 s=2 threadsLeft=2
t=18 s=3 threadsLeft=1
t=18 s=4 threadsLeft=0
t=18 time=0.00042
t=19 s=7 threadsLeft=1
t=19 s=2 threadsLeft=0
t=19 time=0.000363
t=20 s=2 threadsLeft=2
t=20 s=5 threadsLeft=1
t=20 s=3 threadsLeft=0
t=20 time=0.000405
t=21 s=6 threadsLeft=3
t=21 s=5 threadsLeft=2
t=21 s=3 threadsLeft=1
t=21 s=4 threadsLeft=0
t=21 time=0.000449
t=22 s=6 threadsLeft=2
t=22 s=3 threadsLeft=1
t=22 s=4 threadsLeft=0
t=22 time=0.000447
t=23 s=7 threadsLeft=3
t=23 s=6 threadsLeft=2
t=23 s=3 threadsLeft=1
t=23 s=4 threadsLeft=0
t=23 time=0.000669
t=24 s=8 threadsLeft=4
t=24 s=7 threadsLeft=3
t=24 s=4 threadsLeft=2
t=24 s=5 threadsLeft=1
t=24 s=3 threadsLeft=0
t=24 time=0.00057
t=25 s=8 threadsLeft=2
t=25 s=7 threadsLeft=1
t=25 s=3 threadsLeft=0
t=25 time=0.00048
t=26 s=9 threadsLeft=3
t=26 s=8 threadsLeft=2
t=26 s=5 threadsLeft=1
t=26 s=4 threadsLeft=0
t=26 time=0.000763
t=27 s=9 threadsLeft=4
t=27 s=6 threadsLeft=3
t=27 s=5 threadsLeft=2
t=27 s=4 threadsLeft=1
t=27 s=4 threadsLeft=0
t=27 time=0.000843
t=28 s=10 threadsLeft=3
t=28 s=9 threadsLeft=2
t=28 s=5 threadsLeft=1
t=28 s=4 threadsLeft=0
t=28 time=0.000862
t=29 s=10 threadsLeft=1
t=29 s=5 threadsLeft=0
t=29 time=0.000851
t=30 s=6 threadsLeft=3
t=30 s=8 threadsLeft=2
t=30 s=7 threadsLeft=1
t=30 s=5 threadsLeft=0
t=30 time=0.000879
t=31 s=11 threadsLeft=0
t=31 time=0.000287
t=32 s=2 threadsLeft=2
t=32 s=9 threadsLeft=1
t=32 s=6 threadsLeft=0
t=32 time=0.000687
t=33 s=10 threadsLeft=4
t=33 s=7 threadsLeft=3
t=33 s=9 threadsLeft=2
t=33 s=8 threadsLeft=1
t=33 s=6 threadsLeft=0
t=33 time=0.000633
t=34 s=2 threadsLeft=2
t=34 s=10 threadsLeft=1
t=34 s=3 threadsLeft=0
t=34 time=0.000758
t=35 s=11 threadsLeft=3
t=35 s=2 threadsLeft=2
t=35 s=10 threadsLeft=1
t=35 s=3 threadsLeft=0
t=35 time=0.00076
t=36 s=12 threadsLeft=10
t=36 s=11 threadsLeft=9
t=36 s=8 threadsLeft=8
t=36 s=9 threadsLeft=7
t=36 s=2 threadsLeft=6
t=36 s=7 threadsLeft=5
t=36 s=6 threadsLeft=4
t=36 s=3 threadsLeft=3
t=36 s=5 threadsLeft=2
t=36 s=5 threadsLeft=1
t=36 s=4 threadsLeft=0
t=36 time=0.00218
t=37 s=12 threadsLeft=5
t=37 s=11 threadsLeft=4
t=37 s=3 threadsLeft=3
t=37 s=5 threadsLeft=2
t=37 s=4 threadsLeft=1
t=37 s=4 threadsLeft=0
t=37 time=0.003014
t=38 s=13 threadsLeft=2
t=38 s=12 threadsLeft=1
t=38 s=6 threadsLeft=0
t=38 time=0.000673
t=39 s=13 threadsLeft=7
t=39 s=10 threadsLeft=6
t=39 s=9 threadsLeft=5
t=39 s=8 threadsLeft=4
t=39 s=7 threadsLeft=3
t=39 s=6 threadsLeft=2
t=39 s=4 threadsLeft=1
t=39 s=5 threadsLeft=0
t=39 time=0.002857
t=40 s=14 threadsLeft=6
t=40 s=13 threadsLeft=5
t=40 s=2 threadsLeft=4
t=40 s=7 threadsLeft=3
t=40 s=3 threadsLeft=2
t=40 s=6 threadsLeft=1
t=40 s=5 threadsLeft=0
t=40 time=0.003803
t=41 s=14 threadsLeft=4
t=41 s=3 threadsLeft=3
t=41 s=7 threadsLeft=2
t=41 s=6 threadsLeft=1
t=41 s=5 threadsLeft=0
t=41 time=0.00416
t=42 s=10 threadsLeft=9
t=42 s=12 threadsLeft=8
t=42 s=11 threadsLeft=7
t=42 s=7 threadsLeft=6
t=42 s=9 threadsLeft=5
t=42 s=8 threadsLeft=4
t=42 s=6 threadsLeft=3
t=42 s=3 threadsLeft=2
t=42 s=4 threadsLeft=1
t=42 s=5 threadsLeft=0
t=42 time=0.006697
t=43 s=15 threadsLeft=4
t=43 s=6 threadsLeft=3
t=43 s=3 threadsLeft=2
t=43 s=4 threadsLeft=1
t=43 s=4 threadsLeft=0
t=43 time=0.006878
t=44 s=13 threadsLeft=9
t=44 s=3 threadsLeft=8
t=44 s=7 threadsLeft=7
t=44 s=6 threadsLeft=6
t=44 s=5 threadsLeft=5
t=44 s=4 threadsLeft=4
t=44 s=6 threadsLeft=3
t=44 s=4 threadsLeft=2
t=44 s=5 threadsLeft=1
t=44 s=4 threadsLeft=0
t=44 time=0.013033
t=45 s=14 threadsLeft=11
t=45 s=11 threadsLeft=10
t=45 s=13 threadsLeft=9
t=45 s=8 threadsLeft=8
t=45 s=12 threadsLeft=7
t=45 s=10 threadsLeft=6
t=45 s=9 threadsLeft=5
t=45 s=7 threadsLeft=4
t=45 s=6 threadsLeft=3
t=45 s=5 threadsLeft=2
t=45 s=5 threadsLeft=1
t=45 s=4 threadsLeft=0
t=45 time=0.009942
t=46 s=14 threadsLeft=4
t=46 s=8 threadsLeft=3
t=46 s=6 threadsLeft=2
t=46 s=7 threadsLeft=1
t=46 s=5 threadsLeft=0
t=46 time=0.004644
t=47 s=15 threadsLeft=5
t=47 s=14 threadsLeft=4
t=47 s=6 threadsLeft=3
t=47 s=7 threadsLeft=2
t=47 s=6 threadsLeft=1
t=47 s=5 threadsLeft=0
t=47 time=0.014729
t=48 s=16 threadsLeft=12
t=48 s=15 threadsLeft=11
t=48 s=12 threadsLeft=10
t=48 s=13 threadsLeft=9
t=48 s=8 threadsLeft=8
t=48 s=9 threadsLeft=7
t=48 s=10 threadsLeft=6
t=48 s=11 threadsLeft=5
t=48 s=9 threadsLeft=4
t=48 s=7 threadsLeft=3
t=48 s=3 threadsLeft=2
t=48 s=6 threadsLeft=1
t=48 s=4 threadsLeft=0
t=48 time=0.009012
t=49 s=16 threadsLeft=4
t=49 s=15 threadsLeft=3
t=49 s=9 threadsLeft=2
t=49 s=8 threadsLeft=1
t=49 s=7 threadsLeft=0
t=49 time=0.002834
t=50 s=17 threadsLeft=5
t=50 s=16 threadsLeft=4
t=50 s=10 threadsLeft=3
t=50 s=4 threadsLeft=2
t=50 s=5 threadsLeft=1
t=50 s=5 threadsLeft=0
t=50 time=0.018822
t=51 s=17 threadsLeft=10
t=51 s=14 threadsLeft=9
t=51 s=13 threadsLeft=8
t=51 s=9 threadsLeft=7
t=51 s=12 threadsLeft=6
t=51 s=10 threadsLeft=5
t=51 s=11 threadsLeft=4
t=51 s=10 threadsLeft=3
t=51 s=8 threadsLeft=2
t=51 s=6 threadsLeft=1
t=51 s=5 threadsLeft=0
t=51 time=0.021559
t=52 s=18 threadsLeft=5
t=52 s=17 threadsLeft=4
t=52 s=9 threadsLeft=3
t=52 s=6 threadsLeft=2
t=52 s=4 threadsLeft=1
t=52 s=5 threadsLeft=0
t=52 time=0.021151
t=53 s=18 threadsLeft=6
t=53 s=11 threadsLeft=5
t=53 s=7 threadsLeft=4
t=53 s=7 threadsLeft=3
t=53 s=6 threadsLeft=2
t=53 s=4 threadsLeft=1
t=53 s=5 threadsLeft=0
t=53 time=0.030524
t=54 s=14 threadsLeft=13
t=54 s=16 threadsLeft=12
t=54 s=9 threadsLeft=11
t=54 s=15 threadsLeft=10
t=54 s=10 threadsLeft=9
t=54 s=11 threadsLeft=8
t=54 s=13 threadsLeft=7
t=54 s=12 threadsLeft=6
t=54 s=8 threadsLeft=5
t=54 s=7 threadsLeft=4
t=54 s=7 threadsLeft=3
t=54 s=6 threadsLeft=2
t=54 s=4 threadsLeft=1
t=54 s=5 threadsLeft=0
t=54 time=0.036671
t=55 s=19 threadsLeft=8
t=55 s=9 threadsLeft=7
t=55 s=10 threadsLeft=6
t=55 s=8 threadsLeft=5
t=55 s=8 threadsLeft=4
t=55 s=8 threadsLeft=3
t=55 s=7 threadsLeft=2
t=55 s=7 threadsLeft=1
t=55 s=4 threadsLeft=0
t=55 time=0.031313
t=56 s=17 threadsLeft=6
t=56 s=8 threadsLeft=5
t=56 s=8 threadsLeft=4
t=56 s=7 threadsLeft=3
t=56 s=6 threadsLeft=2
t=56 s=6 threadsLeft=1
t=56 s=5 threadsLeft=0
t=56 time=0.041053
t=57 s=18 threadsLeft=11
t=57 s=15 threadsLeft=10
t=57 s=17 threadsLeft=9
t=57 s=10 threadsLeft=8
t=57 s=12 threadsLeft=7
t=57 s=16 threadsLeft=6
t=57 s=11 threadsLeft=5
t=57 s=14 threadsLeft=4
t=57 s=13 threadsLeft=3
t=57 s=9 threadsLeft=2
t=57 s=6 threadsLeft=1
t=57 s=5 threadsLeft=0
t=57 time=0.039294
t=58 s=18 threadsLeft=8
t=58 s=10 threadsLeft=7
t=58 s=12 threadsLeft=6
t=58 s=11 threadsLeft=5
t=58 s=9 threadsLeft=4
t=58 s=9 threadsLeft=3
t=58 s=6 threadsLeft=2
t=58 s=5 threadsLeft=1
t=58 s=5 threadsLeft=0
t=58 time=0.079597
t=59 s=19 threadsLeft=5
t=59 s=18 threadsLeft=4
t=59 s=7 threadsLeft=3
t=59 s=8 threadsLeft=2
t=59 s=6 threadsLeft=1
t=59 s=5 threadsLeft=0
t=59 time=0.101849
t=60 s=20 threadsLeft=15
t=60 s=19 threadsLeft=14
t=60 s=16 threadsLeft=13
t=60 s=17 threadsLeft=12
t=60 s=12 threadsLeft=11
t=60 s=13 threadsLeft=10
t=60 s=10 threadsLeft=9
t=60 s=11 threadsLeft=8
t=60 s=15 threadsLeft=7
t=60 s=14 threadsLeft=6
t=60 s=13 threadsLeft=5
t=60 s=9 threadsLeft=4
t=60 s=8 threadsLeft=3
t=60 s=8 threadsLeft=2
t=60 s=7 threadsLeft=1
t=60 s=6 threadsLeft=0
t=60 time=0.043577
t=61 s=20 threadsLeft=9
t=61 s=19 threadsLeft=8
t=61 s=10 threadsLeft=7
t=61 s=11 threadsLeft=6
t=61 s=13 threadsLeft=5
t=61 s=12 threadsLeft=4
t=61 s=9 threadsLeft=3
t=61 s=7 threadsLeft=2
t=61 s=8 threadsLeft=1
t=61 s=6 threadsLeft=0
t=61 time=0.045997
t=62 s=21 threadsLeft=5
t=62 s=20 threadsLeft=4
t=62 s=14 threadsLeft=3
t=62 s=9 threadsLeft=2
t=62 s=8 threadsLeft=1
t=62 s=7 threadsLeft=0
t=62 time=0.048402
t=63 s=21 threadsLeft=12
t=63 s=18 threadsLeft=11
t=63 s=17 threadsLeft=10
t=63 s=13 threadsLeft=9
t=63 s=16 threadsLeft=8
t=63 s=12 threadsLeft=7
t=63 s=11 threadsLeft=6
t=63 s=14 threadsLeft=5
t=63 s=15 threadsLeft=4
t=63 s=14 threadsLeft=3
t=63 s=10 threadsLeft=2
t=63 s=9 threadsLeft=1
t=63 s=7 threadsLeft=0
t=63 time=0.035427
t=64 s=22 threadsLeft=8
t=64 s=21 threadsLeft=7
t=64 s=2 threadsLeft=6
t=64 s=11 threadsLeft=5
t=64 s=12 threadsLeft=4
t=64 s=13 threadsLeft=3
t=64 s=10 threadsLeft=2
t=64 s=7 threadsLeft=1
t=64 s=6 threadsLeft=0
t=64 time=0.095789
t=65 s=22 threadsLeft=6
t=65 s=15 threadsLeft=5
t=65 s=11 threadsLeft=4
t=65 s=10 threadsLeft=3
t=65 s=9 threadsLeft=2
t=65 s=8 threadsLeft=1
t=65 s=4 threadsLeft=0
t=65 time=0.075179
t=66 s=18 threadsLeft=16
t=66 s=20 threadsLeft=15
t=66 s=13 threadsLeft=14
t=66 s=11 threadsLeft=13
t=66 s=19 threadsLeft=12
t=66 s=14 threadsLeft=11
t=66 s=12 threadsLeft=10
t=66 s=15 threadsLeft=9
t=66 s=17 threadsLeft=8
t=66 s=2 threadsLeft=7
t=66 s=10 threadsLeft=6
t=66 s=16 threadsLeft=5
t=66 s=11 threadsLeft=4
t=66 s=10 threadsLeft=3
t=66 s=3 threadsLeft=2
t=66 s=9 threadsLeft=1
t=66 s=4 threadsLeft=0
t=66 time=0.049379
t=67 s=23 threadsLeft=15
t=67 s=12 threadsLeft=14
t=67 s=11 threadsLeft=13
t=67 s=2 threadsLeft=12
t=67 s=13 threadsLeft=11
t=67 s=10 threadsLeft=10
t=67 s=14 threadsLeft=9
t=67 s=12 threadsLeft=8
t=67 s=3 threadsLeft=7
t=67 s=9 threadsLeft=6
t=67 s=8 threadsLeft=5
t=67 s=6 threadsLeft=4
t=67 s=7 threadsLeft=3
t=67 s=6 threadsLeft=2
t=67 s=5 threadsLeft=1
t=67 s=5 threadsLeft=0
t=67 time=0.240726
t=68 s=21 threadsLeft=10
t=68 s=2 threadsLeft=9
t=68 s=12 threadsLeft=8
t=68 s=3 threadsLeft=7
t=68 s=11 threadsLeft=6
t=68 s=3 threadsLeft=5
t=68 s=10 threadsLeft=4
t=68 s=4 threadsLeft=3
t=68 s=5 threadsLeft=2
t=68 s=5 threadsLeft=1
t=68 s=6 threadsLeft=0
t=68 time=0.288228
t=69 s=22 threadsLeft=19
t=69 s=19 threadsLeft=18
t=69 s=21 threadsLeft=17
t=69 s=20 threadsLeft=16
t=69 s=16 threadsLeft=15
t=69 s=15 threadsLeft=14
t=69 s=14 threadsLeft=13
t=69 s=13 threadsLeft=12
t=69 s=18 threadsLeft=11
t=69 s=12 threadsLeft=10
t=69 s=17 threadsLeft=9
t=69 s=11 threadsLeft=8
t=69 s=3 threadsLeft=7
t=69 s=10 threadsLeft=6
t=69 s=9 threadsLeft=5
t=69 s=7 threadsLeft=4
t=69 s=4 threadsLeft=3
t=69 s=6 threadsLeft=2
t=69 s=6 threadsLeft=1
t=69 s=5 threadsLeft=0
t=69 time=0.294079
t=70 s=22 threadsLeft=16
t=70 s=12 threadsLeft=15
t=70 s=13 threadsLeft=14
t=70 s=14 threadsLeft=13
t=70 s=15 threadsLeft=12
t=70 s=16 threadsLeft=11
t=70 s=13 threadsLeft=10
t=70 s=9 threadsLeft=9
t=70 s=9 threadsLeft=8
t=70 s=8 threadsLeft=7
t=70 s=8 threadsLeft=6
t=70 s=7 threadsLeft=5
t=70 s=8 threadsLeft=4
t=70 s=6 threadsLeft=3
t=70 s=7 threadsLeft=2
t=70 s=5 threadsLeft=1
t=70 s=6 threadsLeft=0
t=70 time=0.33232
t=71 s=23 threadsLeft=9
t=71 s=22 threadsLeft=8
t=71 s=11 threadsLeft=7
t=71 s=4 threadsLeft=6
t=71 s=8 threadsLeft=5
t=71 s=8 threadsLeft=4
t=71 s=7 threadsLeft=3
t=71 s=7 threadsLeft=2
t=71 s=6 threadsLeft=1
t=71 s=5 threadsLeft=0
t=71 time=0.360728
t=72 s=24 threadsLeft=30
t=72 s=23 threadsLeft=29
t=72 s=21 threadsLeft=28
t=72 s=16 threadsLeft=27
t=72 s=20 threadsLeft=26
t=72 s=12 threadsLeft=25
t=72 s=13 threadsLeft=24
t=72 s=15 threadsLeft=23
t=72 s=17 threadsLeft=22
t=72 s=14 threadsLeft=21
t=72 s=18 threadsLeft=20
t=72 s=11 threadsLeft=19
t=72 s=19 threadsLeft=18
t=72 s=17 threadsLeft=17
t=72 s=12 threadsLeft=16
t=72 s=2 threadsLeft=15
t=72 s=11 threadsLeft=14
t=72 s=3 threadsLeft=13
t=72 s=10 threadsLeft=12
t=72 s=10 threadsLeft=11
t=72 s=10 threadsLeft=10
t=72 s=9 threadsLeft=9
t=72 s=9 threadsLeft=8
t=72 s=8 threadsLeft=7
t=72 s=4 threadsLeft=6
t=72 s=7 threadsLeft=5
t=72 s=6 threadsLeft=4
t=72 s=7 threadsLeft=3
t=72 s=5 threadsLeft=2
t=72 s=6 threadsLeft=1
t=72 s=5 threadsLeft=0
t=72 time=0.394748
t=73 s=24 threadsLeft=18
t=73 s=23 threadsLeft=17
t=73 s=12 threadsLeft=16
t=73 s=14 threadsLeft=15
t=73 s=13 threadsLeft=14
t=73 s=11 threadsLeft=13
t=73 s=15 threadsLeft=12
t=73 s=17 threadsLeft=11
t=73 s=16 threadsLeft=10
t=73 s=3 threadsLeft=9
t=73 s=10 threadsLeft=8
t=73 s=10 threadsLeft=7
t=73 s=7 threadsLeft=6
t=73 s=9 threadsLeft=5
t=73 s=9 threadsLeft=4
t=73 s=8 threadsLeft=3
t=73 s=4 threadsLeft=2
t=73 s=8 threadsLeft=1
t=73 s=7 threadsLeft=0
t=73 time=0.280472
t=74 s=25 threadsLeft=11
t=74 s=24 threadsLeft=10
t=74 s=18 threadsLeft=9
t=74 s=3 threadsLeft=8
t=74 s=10 threadsLeft=7
t=74 s=11 threadsLeft=6
t=74 s=7 threadsLeft=5
t=74 s=9 threadsLeft=4
t=74 s=4 threadsLeft=3
t=74 s=5 threadsLeft=2
t=74 s=6 threadsLeft=1
t=74 s=6 threadsLeft=0
t=74 time=0.543585
t=75 s=25 threadsLeft=32
t=75 s=22 threadsLeft=31
t=75 s=21 threadsLeft=30
t=75 s=18 threadsLeft=29
t=75 s=16 threadsLeft=28
t=75 s=17 threadsLeft=27
t=75 s=15 threadsLeft=26
t=75 s=14 threadsLeft=25
t=75 s=13 threadsLeft=24
t=75 s=20 threadsLeft=23
t=75 s=19 threadsLeft=22
t=75 s=18 threadsLeft=21
t=75 s=14 threadsLeft=20
t=75 s=13 threadsLeft=19
t=75 s=11 threadsLeft=18
t=75 s=12 threadsLeft=17
t=75 s=3 threadsLeft=16
t=75 s=10 threadsLeft=15
t=75 s=11 threadsLeft=14
t=75 s=10 threadsLeft=13
t=75 s=10 threadsLeft=12
t=75 s=4 threadsLeft=11
t=75 s=9 threadsLeft=10
t=75 s=9 threadsLeft=9
t=75 s=8 threadsLeft=8
t=75 s=4 threadsLeft=7
t=75 s=8 threadsLeft=6
t=75 s=7 threadsLeft=5
t=75 s=7 threadsLeft=4
t=75 s=7 threadsLeft=3
t=75 s=6 threadsLeft=2
t=75 s=5 threadsLeft=1
t=75 s=6 threadsLeft=0
t=75 time=0.654981
t=76 s=26 threadsLeft=21
t=76 s=25 threadsLeft=20
t=76 s=15 threadsLeft=19
t=76 s=13 threadsLeft=18
t=76 s=14 threadsLeft=17
t=76 s=16 threadsLeft=16
t=76 s=17 threadsLeft=15
t=76 s=11 threadsLeft=14
t=76 s=10 threadsLeft=13
t=76 s=9 threadsLeft=12
t=76 s=10 threadsLeft=11
t=76 s=4 threadsLeft=10
t=76 s=8 threadsLeft=9
t=76 s=4 threadsLeft=8
t=76 s=8 threadsLeft=7
t=76 s=9 threadsLeft=6
t=76 s=5 threadsLeft=5
t=76 s=7 threadsLeft=4
t=76 s=6 threadsLeft=3
t=76 s=5 threadsLeft=2
t=76 s=6 threadsLeft=1
t=76 s=5 threadsLeft=0
t=76 time=0.832116
t=77 s=26 threadsLeft=15
t=77 s=19 threadsLeft=14
t=77 s=15 threadsLeft=13
t=77 s=11 threadsLeft=12
t=77 s=12 threadsLeft=11
t=77 s=9 threadsLeft=10
t=77 s=4 threadsLeft=9
t=77 s=8 threadsLeft=8
t=77 s=5 threadsLeft=7
t=77 s=8 threadsLeft=6
t=77 s=8 threadsLeft=5
t=77 s=7 threadsLeft=4
t=77 s=7 threadsLeft=3
t=77 s=5 threadsLeft=2
t=77 s=6 threadsLeft=1
t=77 s=6 threadsLeft=0
t=77 time=0.985501
t=78 s=22 threadsLeft=28
t=78 s=24 threadsLeft=27
t=78 s=18 threadsLeft=26
t=78 s=23 threadsLeft=25
t=78 s=16 threadsLeft=24
t=78 s=17 threadsLeft=23
t=78 s=19 threadsLeft=22
t=78 s=15 threadsLeft=21
t=78 s=14 threadsLeft=20
t=78 s=20 threadsLeft=19
t=78 s=13 threadsLeft=18
t=78 s=21 threadsLeft=17
t=78 s=12 threadsLeft=16
t=78 s=15 threadsLeft=15
t=78 s=14 threadsLeft=14
t=78 s=13 threadsLeft=13
t=78 s=12 threadsLeft=12
t=78 s=12 threadsLeft=11
t=78 s=11 threadsLeft=10
t=78 s=11 threadsLeft=9
t=78 s=10 threadsLeft=8
t=78 s=9 threadsLeft=7
t=78 s=6 threadsLeft=6
t=78 s=8 threadsLeft=5
t=78 s=5 threadsLeft=4
t=78 s=7 threadsLeft=3
t=78 s=8 threadsLeft=2
t=78 s=7 threadsLeft=1
t=78 s=6 threadsLeft=0
t=78 time=0.785771
t=79 s=27 threadsLeft=19
t=79 s=13 threadsLeft=18
t=79 s=16 threadsLeft=17
t=79 s=14 threadsLeft=16
t=79 s=15 threadsLeft=15
t=79 s=17 threadsLeft=14
t=79 s=12 threadsLeft=13
t=79 s=18 threadsLeft=12
t=79 s=16 threadsLeft=11
t=79 s=12 threadsLeft=10
t=79 s=11 threadsLeft=9
t=79 s=11 threadsLeft=8
t=79 s=10 threadsLeft=7
t=79 s=10 threadsLeft=6
t=79 s=6 threadsLeft=5
t=79 s=9 threadsLeft=4
t=79 s=7 threadsLeft=3
t=79 s=9 threadsLeft=2
t=79 s=9 threadsLeft=1
t=79 s=8 threadsLeft=0
t=79 time=0.413025
t=80 s=25 threadsLeft=16
t=80 s=16 threadsLeft=15
t=80 s=2 threadsLeft=14
t=80 s=12 threadsLeft=13
t=80 s=3 threadsLeft=12
t=80 s=11 threadsLeft=11
t=80 s=10 threadsLeft=10
t=80 s=7 threadsLeft=9
t=80 s=9 threadsLeft=8
t=80 s=9 threadsLeft=7
t=80 s=8 threadsLeft=6
t=80 s=8 threadsLeft=5
t=80 s=6 threadsLeft=4
t=80 s=5 threadsLeft=3
t=80 s=7 threadsLeft=2
t=80 s=7 threadsLeft=1
t=80 s=6 threadsLeft=0
t=80 time=1.075436
[38;2;000;128;000mTime: 8.424036s (2025-04-29 19:55:42)
[0m