t=0 s=0 time=0.000134
t=2 s=1 time=0.000475
t=3 s=1 time=0.000453
t=4 s=2 time=0.000429
t=4 s=1 time=0.000411
t=5 s=2 time=0.000513
t=7 s=3 time=0.000425
t=8 s=2 time=0.00042
t=9 s=2 time=0.00046
t=11 s=3 time=0.000466
t=12 s=4 time=0.000483
t=12 s=3 time=0.000452
t=13 s=4 time=0.000461
t=14 s=5 time=0.000506
t=14 s=4 time=0.000416
t=15 s=5 time=0.000364
t=15 s=3 time=0.000344
t=16 s=6 time=0.000364
t=16 s=5 time=0.000349
t=16 s=0 time=0.000251
t=17 s=6 time=0.0004
t=18 s=4 time=0.000397
t=18 s=3 time=0.000359
t=18 s=1 time=0.000366
t=19 s=7 time=0.000497
t=19 s=1 time=0.000393
t=20 s=2 time=0.000503
t=20 s=1 time=0.000285
t=20 s=0 time=0.000448
t=21 s=6 time=0.000385
t=21 s=5 time=0.000361
t=21 s=4 time=0.000371
t=21 s=2 time=0.000344
t=22 s=4 time=0.000366
t=23 s=7 time=0.000396
t=23 s=3 time=0.000325
t=24 s=8 time=0.00041
t=24 s=7 time=0.000406
t=24 s=6 time=0.000396
t=24 s=5 time=0.00042
t=24 s=4 time=0.0004
t=24 s=2 time=0.000325
t=25 s=8 time=0.000441
t=25 s=2 time=0.000326
t=25 s=1 time=0.000401
t=26 s=9 time=0.00051
t=26 s=8 time=0.000505
t=26 s=5 time=0.000447
t=26 s=1 time=0.000325
t=27 s=9 time=0.000441
t=27 s=7 time=0.000466
t=27 s=6 time=0.000481
t=27 s=5 time=0.000443
t=27 s=3 time=0.000388
t=27 s=2 time=0.000375
t=27 s=1 time=0.000321
t=28 s=10 time=0.000458
t=28 s=9 time=0.000471
t=28 s=4 time=0.000579
t=28 s=3 time=0.000551
t=28 s=2 time=0.000545
t=29 s=10 time=0.000482
t=29 s=4 time=0.00056
t=29 s=3 time=0.000544
t=29 s=2 time=0.000429
t=30 s=8 time=0.00048
t=30 s=7 time=0.000491
t=30 s=6 time=0.000512
t=30 s=5 time=0.000777
t=30 s=4 time=0.000619
t=30 s=3 time=0.000542
t=31 s=11 time=0.000588
t=31 s=5 time=0.000913
t=31 s=3 time=0.000709
t=32 s=6 time=0.000994
t=32 s=5 time=0.000613
t=32 s=4 time=0.000559
t=32 s=0 time=0.000284
t=33 s=10 time=0.00048
t=33 s=9 time=0.000473
t=33 s=8 time=0.000524
t=33 s=7 time=0.000713
t=33 s=6 time=0.001064
t=33 s=2 time=0.000907
t=33 s=1 time=0.000387
t=34 s=4 time=0.000582
t=34 s=3 time=0.000495
t=34 s=1 time=0.000412
t=35 s=11 time=0.000497
t=35 s=7 time=0.000995
t=35 s=3 time=0.000704
t=35 s=2 time=0.000683
t=35 s=1 time=0.000501
t=36 s=12 time=0.000501
t=36 s=11 time=0.000496
t=36 s=10 time=0.000514
t=36 s=9 time=0.000549
t=36 s=8 time=0.000701
t=36 s=7 time=0.000704
t=36 s=6 time=0.000681
t=36 s=4 time=0.000629
t=36 s=3 time=0.00058
t=36 s=2 time=0.000924
t=36 s=1 time=0.000452
t=36 s=0 time=0.000274
t=37 s=12 time=0.000522
t=37 s=6 time=0.00086
t=37 s=5 time=0.00108
t=37 s=4 time=0.001014
t=37 s=3 time=0.000697
t=37 s=2 time=0.000835
t=38 s=13 time=0.000641
t=38 s=12 time=0.000648
t=38 s=5 time=0.000823
t=38 s=4 time=0.001037
t=38 s=3 time=0.000694
t=39 s=13 time=0.000572
t=39 s=11 time=0.000683
t=39 s=10 time=0.000637
t=39 s=9 time=0.000786
t=39 s=8 time=0.000798
t=39 s=7 time=0.001382
t=39 s=6 time=0.001017
t=39 s=5 time=0.000922
t=39 s=3 time=0.001071
t=40 s=14 time=0.000579
t=40 s=13 time=0.000584
t=40 s=8 time=0.001091
t=40 s=7 time=0.001286
t=40 s=6 time=0.001567
t=40 s=5 time=0.001691
t=40 s=4 time=0.001095
t=40 s=3 time=0.000702
t=40 s=2 time=0.000654
t=40 s=0 time=0.000347
t=41 s=14 time=0.000599
t=41 s=8 time=0.001405
t=41 s=7 time=0.001107
t=41 s=6 time=0.001028
t=41 s=3 time=0.000717
t=41 s=2 time=0.000744
t=41 s=1 time=0.000556
t=42 s=12 time=0.000645
t=42 s=11 time=0.000666
t=42 s=10 time=0.000856
t=42 s=9 time=0.001879
t=42 s=8 time=0.002007
t=42 s=7 time=0.001595
t=42 s=5 time=0.001002
t=42 s=4 time=0.00088
t=42 s=3 time=0.000812
t=42 s=1 time=0.000598
t=43 s=15 time=0.000614
t=43 s=9 time=0.001747
t=43 s=7 time=0.001984
t=43 s=6 time=0.001131
t=43 s=5 time=0.000977
t=43 s=3 time=0.000943
t=43 s=2 time=0.000916
t=43 s=1 time=0.000561
t=44 s=10 time=0.001775
t=44 s=9 time=0.001698
t=44 s=8 time=0.001268
t=44 s=4 time=0.00155
t=44 s=3 time=0.001146
t=44 s=2 time=0.001417
t=44 s=0 time=0.000433
t=45 s=14 time=0.00066
t=45 s=13 time=0.000773
t=45 s=12 time=0.000778
t=45 s=11 time=0.001321
t=45 s=10 time=0.002033
t=45 s=9 time=0.001421
t=45 s=8 time=0.001377
t=45 s=6 time=0.001174
t=45 s=5 time=0.00144
t=45 s=4 time=0.001993
t=45 s=3 time=0.001351
t=45 s=2 time=0.001028
t=46 s=8 time=0.001784
t=46 s=7 time=0.001337
t=46 s=6 time=0.001241
t=46 s=5 time=0.001938
t=46 s=4 time=0.001566
t=46 s=3 time=0.00129
t=47 s=15 time=0.00069
t=47 s=11 time=0.001832
t=47 s=7 time=0.001374
t=47 s=6 time=0.001435
t=47 s=5 time=0.00199
t=47 s=3 time=0.001829
t=48 s=16 time=0.00067
t=48 s=15 time=0.000654
t=48 s=14 time=0.000727
t=48 s=13 time=0.000841
t=48 s=12 time=0.001435
t=48 s=11 time=0.001405
t=48 s=10 time=0.001362
t=48 s=9 time=0.001409
t=48 s=8 time=0.001925
t=48 s=7 time=0.001578
t=48 s=6 time=0.002441
t=48 s=5 time=0.002287
t=48 s=4 time=0.002064
t=48 s=0 time=0.000476
t=49 s=16 time=0.000708
t=49 s=10 time=0.001902
t=49 s=9 time=0.002255
t=49 s=8 time=0.002343
t=49 s=7 time=0.002285
t=49 s=6 time=0.002289
t=49 s=2 time=0.001112
t=49 s=1 time=0.001035
t=49 s=0 time=0.001034
t=50 s=17 time=0.000712
t=50 s=16 time=0.0007
t=50 s=9 time=0.001813
t=50 s=8 time=0.002044
t=50 s=7 time=0.001976
t=50 s=4 time=0.001948
t=50 s=3 time=0.001556
t=50 s=1 time=0.001252
t=50 s=0 time=0.000547
t=51 s=17 time=0.0008
t=51 s=15 time=0.000869
t=51 s=14 time=0.000894
t=51 s=13 time=0.00153
t=51 s=12 time=0.001501
t=51 s=11 time=0.002227
t=51 s=10 time=0.002467
t=51 s=9 time=0.002575
t=51 s=7 time=0.002513
t=51 s=6 time=0.00185
t=51 s=5 time=0.001595
t=51 s=4 time=0.001581
t=51 s=3 time=0.001558
t=51 s=2 time=0.00196
t=51 s=1 time=0.001332
t=52 s=18 time=0.000846
t=52 s=17 time=0.000844
t=52 s=12 time=0.00217
t=52 s=11 time=0.002527
t=52 s=10 time=0.002731
t=52 s=9 time=0.002627
t=52 s=8 time=0.002671
t=52 s=7 time=0.001953
t=52 s=6 time=0.001834
t=52 s=4 time=0.002333
t=52 s=3 time=0.001977
t=52 s=2 time=0.002344
t=52 s=1 time=0.001641
t=52 s=0 time=0.000615
t=53 s=18 time=0.000893
t=53 s=12 time=0.002569
t=53 s=11 time=0.002917
t=53 s=10 time=0.002234
t=53 s=6 time=0.002399
t=53 s=5 time=0.002543
t=53 s=4 time=0.002541
t=53 s=3 time=0.002575
t=53 s=2 time=0.002121
t=53 s=1 time=0.00098
t=54 s=16 time=0.001029
t=54 s=15 time=0.001174
t=54 s=14 time=0.00162
t=54 s=13 time=0.002649
t=54 s=12 time=0.002754
t=54 s=11 time=0.002881
t=54 s=10 time=0.002306
t=54 s=9 time=0.002207
t=54 s=8 time=0.002166
t=54 s=7 time=0.002157
t=54 s=6 time=0.002164
t=54 s=5 time=0.002841
t=54 s=4 time=0.003081
t=54 s=3 time=0.002846
t=54 s=2 time=0.001574
t=54 s=1 time=0.001035
t=55 s=19 time=0.001
t=55 s=13 time=0.002956
t=55 s=11 time=0.003003
t=55 s=10 time=0.003133
t=55 s=9 time=0.002956
t=55 s=8 time=0.00249
t=55 s=7 time=0.002963
t=55 s=6 time=0.003022
t=55 s=5 time=0.00311
t=55 s=3 time=0.003047
t=56 s=14 time=0.003065
t=56 s=13 time=0.002977
t=56 s=12 time=0.002842
t=56 s=8 time=0.003809
t=56 s=7 time=0.003312
t=56 s=6 time=0.00362
t=56 s=5 time=0.003189
t=56 s=4 time=0.003279
t=56 s=3 time=0.002704
t=56 s=2 time=0.002482
t=56 s=0 time=0.001033
t=57 s=18 time=0.001178
t=57 s=17 time=0.001225
t=57 s=16 time=0.001321
t=57 s=15 time=0.002756
t=57 s=14 time=0.00318
t=57 s=13 time=0.002832
t=57 s=12 time=0.002821
t=57 s=11 time=0.002857
t=57 s=10 time=0.003038
t=57 s=9 time=0.003209
t=57 s=8 time=0.003443
t=57 s=7 time=0.003725
t=57 s=6 time=0.003522
t=57 s=5 time=0.002767
t=57 s=3 time=0.002625
t=57 s=2 time=0.002399
t=57 s=1 time=0.001778
t=58 s=12 time=0.002977
t=58 s=11 time=0.003215
t=58 s=10 time=0.003295
t=58 s=9 time=0.003768
t=58 s=8 time=0.003739
t=58 s=7 time=0.003792
t=58 s=5 time=0.003511
t=58 s=4 time=0.003108
t=58 s=3 time=0.002994
t=58 s=2 time=0.001918
t=58 s=1 time=0.001878
t=58 s=0 time=0.00091
t=59 s=19 time=0.001231
t=59 s=15 time=0.003072
t=59 s=11 time=0.003248
t=59 s=10 time=0.0035
t=59 s=9 time=0.003804
t=59 s=7 time=0.00404
t=59 s=6 time=0.003718
t=59 s=5 time=0.00339
t=59 s=3 time=0.003137
t=59 s=2 time=0.002738
t=59 s=1 time=0.001972
t=59 s=0 time=0.000995
t=60 s=20 time=0.001281
t=60 s=19 time=0.001276
t=60 s=18 time=0.001392
t=60 s=17 time=0.001461
t=60 s=16 time=0.002849
t=60 s=15 time=0.003084
t=60 s=14 time=0.003073
t=60 s=13 time=0.003037
t=60 s=12 time=0.003571
t=60 s=11 time=0.003639
t=60 s=10 time=0.00417
t=60 s=9 time=0.003944
t=60 s=8 time=0.004143
t=60 s=7 time=0.003853
t=60 s=6 time=0.003638
t=60 s=4 time=0.003847
t=60 s=3 time=0.003591
t=60 s=2 time=0.003352
t=60 s=0 time=0.001171
[38;2;000;128;000mTime: 0.537217s (2025-08-28 09:18:50)
[0m
[38;2;200;255;255mFile: [0m
/Users/es2483/apps/sseqcpp_8_25/SSeqCpp/Adams/../include/algebras/myio.h(79:90)
[38;2;200;255;255mFunction: [0m
``:
[38;2;200;255;255mError: [0m
File c2_mo8_Adams_res.db does not exist.


[38;2;200;255;255mFile: [0m
/Users/es2483/apps/sseqcpp_8_25/SSeqCpp/Adams/../include/algebras/myio.h(79:90)
[38;2;200;255;255mFunction: [0m
``:
[38;2;200;255;255mError: [0m
File c2_mo8_Adams_res.db does not exist.


[38;2;200;255;255mFile: [0m
/Users/es2483/apps/sseqcpp_8_25/SSeqCpp/Adams/../include/algebras/myio.h(79:90)
[38;2;200;255;255mFunction: [0m
``:
[38;2;200;255;255mError: [0m
File c2_mo8_Adams_res.db does not exist.


[38;2;200;255;255mFile: [0m
/Users/es2483/apps/sseqcpp_8_25/SSeqCpp/Adams/../include/algebras/myio.h(79:90)
[38;2;200;255;255mFunction: [0m
``:
[38;2;200;255;255mError: [0m
File c2_mo8_Adams_res.db does not exist.

