  t=1, time=0.000227
  t=2, time=3e-06
  t=3, time=4e-06
t=4 s=0 threadsLeft=0
  t=4, time=3.7e-05
t=5 s=0 threadsLeft=1
t=5 s=1 threadsLeft=0
  t=5, time=3.7e-05
t=6 s=0 threadsLeft=1
t=6 s=1 threadsLeft=0
  t=6, time=7.5e-05
t=7 s=0 threadsLeft=1
t=7 s=1 threadsLeft=0
  t=7, time=3.4e-05
t=8 s=0 threadsLeft=0
  t=8, time=2.8e-05
t=9 s=0 threadsLeft=2
t=9 s=1 threadsLeft=1
t=9 s=2 threadsLeft=0
  t=9, time=4e-05
t=10 s=1 threadsLeft=1
t=10 s=2 threadsLeft=0
  t=10, time=3.9e-05
t=11 s=1 threadsLeft=1
t=11 s=2 threadsLeft=0
  t=11, time=3.2e-05
t=12 s=0 threadsLeft=2
t=12 s=1 threadsLeft=1
t=12 s=2 threadsLeft=0
  t=12, time=3.1e-05
t=13 s=1 threadsLeft=1
t=13 s=2 threadsLeft=0
  t=13, time=3.5e-05
t=14 s=0 threadsLeft=3
t=14 s=1 threadsLeft=2
t=14 s=2 threadsLeft=1
t=14 s=3 threadsLeft=0
  t=14, time=5.2e-05
t=15 s=1 threadsLeft=2
t=15 s=2 threadsLeft=1
t=15 s=3 threadsLeft=0
  t=15, time=4.8e-05
t=16 s=3 threadsLeft=2
t=16 s=4 threadsLeft=1
t=16 s=1 threadsLeft=0
  t=16, time=5.3e-05
t=17 s=2 threadsLeft=3
t=17 s=4 threadsLeft=2
t=17 s=5 threadsLeft=1
t=17 s=1 threadsLeft=0
  t=17, time=7e-05
t=18 s=1 threadsLeft=4
t=18 s=2 threadsLeft=3
t=18 s=3 threadsLeft=2
t=18 s=4 threadsLeft=1
t=18 s=5 threadsLeft=0
  t=18, time=8.5e-05
t=19 s=1 threadsLeft=4
t=19 s=2 threadsLeft=3
t=19 s=3 threadsLeft=2
t=19 s=4 threadsLeft=1
t=19 s=5 threadsLeft=0
  t=19, time=7.6e-05
t=20 s=0 threadsLeft=2
t=20 s=2 threadsLeft=1
t=20 s=4 threadsLeft=0
  t=20, time=6.3e-05
t=21 s=0 threadsLeft=6
t=21 s=1 threadsLeft=5
t=21 s=2 threadsLeft=4
t=21 s=3 threadsLeft=3
t=21 s=4 threadsLeft=2
t=21 s=5 threadsLeft=1
t=21 s=6 threadsLeft=0
  t=21, time=8.4e-05
t=22 s=0 threadsLeft=4
t=22 s=1 threadsLeft=3
t=22 s=2 threadsLeft=2
t=22 s=5 threadsLeft=1
t=22 s=6 threadsLeft=0
  t=22, time=6.2e-05
t=23 s=0 threadsLeft=4
t=23 s=1 threadsLeft=3
t=23 s=2 threadsLeft=2
t=23 s=5 threadsLeft=1
t=23 s=6 threadsLeft=0
  t=23, time=6.2e-05
t=24 s=0 threadsLeft=5
t=24 s=2 threadsLeft=4
t=24 s=3 threadsLeft=3
t=24 s=4 threadsLeft=2
t=24 s=5 threadsLeft=1
t=24 s=6 threadsLeft=0
  t=24, time=7.6e-05
t=25 s=0 threadsLeft=4
t=25 s=1 threadsLeft=3
t=25 s=2 threadsLeft=2
t=25 s=3 threadsLeft=1
t=25 s=6 threadsLeft=0
  t=25, time=6.3e-05
t=26 s=1 threadsLeft=4
t=26 s=2 threadsLeft=3
t=26 s=3 threadsLeft=2
t=26 s=6 threadsLeft=1
t=26 s=7 threadsLeft=0
  t=26, time=6.5e-05
t=27 s=0 threadsLeft=7
t=27 s=1 threadsLeft=6
t=27 s=3 threadsLeft=5
t=27 s=4 threadsLeft=4
t=27 s=2 threadsLeft=3
t=27 s=5 threadsLeft=2
t=27 s=6 threadsLeft=1
t=27 s=7 threadsLeft=0
  t=27, time=0.00012
t=28 s=0 threadsLeft=6
t=28 s=1 threadsLeft=5
t=28 s=2 threadsLeft=4
t=28 s=3 threadsLeft=3
t=28 s=4 threadsLeft=2
t=28 s=7 threadsLeft=1
t=28 s=8 threadsLeft=0
  t=28, time=0.000116
t=29 s=0 threadsLeft=5
t=29 s=1 threadsLeft=4
t=29 s=2 threadsLeft=3
t=29 s=8 threadsLeft=2
t=29 s=9 threadsLeft=1
t=29 s=4 threadsLeft=0
  t=29, time=0.000122
t=30 s=0 threadsLeft=9
t=30 s=1 threadsLeft=8
t=30 s=2 threadsLeft=7
t=30 s=3 threadsLeft=6
t=30 s=4 threadsLeft=5
t=30 s=5 threadsLeft=4
t=30 s=6 threadsLeft=3
t=30 s=7 threadsLeft=2
t=30 s=8 threadsLeft=1
t=30 s=9 threadsLeft=0
  t=30, time=0.000176
t=31 s=0 threadsLeft=7
t=31 s=1 threadsLeft=6
t=31 s=2 threadsLeft=5
t=31 s=3 threadsLeft=4
t=31 s=4 threadsLeft=3
t=31 s=7 threadsLeft=2
t=31 s=8 threadsLeft=1
t=31 s=9 threadsLeft=0
  t=31, time=0.000133
t=32 s=0 threadsLeft=5
t=32 s=2 threadsLeft=4
t=32 s=1 threadsLeft=3
t=32 s=3 threadsLeft=2
t=32 s=8 threadsLeft=1
t=32 s=4 threadsLeft=0
  t=32, time=0.000106
t=33 s=0 threadsLeft=9
t=33 s=2 threadsLeft=8
t=33 s=1 threadsLeft=7
t=33 s=4 threadsLeft=6
t=33 s=6 threadsLeft=5
t=33 s=8 threadsLeft=4
t=33 s=5 threadsLeft=3
t=33 s=10 threadsLeft=2
t=33 s=7 threadsLeft=1
t=33 s=9 threadsLeft=0
  t=33, time=0.000159
t=34 s=1 threadsLeft=6
t=34 s=2 threadsLeft=5
t=34 s=3 threadsLeft=4
t=34 s=9 threadsLeft=3
t=34 s=4 threadsLeft=2
t=34 s=10 threadsLeft=1
t=34 s=5 threadsLeft=0
  t=34, time=0.000148
t=35 s=0 threadsLeft=7
t=35 s=1 threadsLeft=6
t=35 s=2 threadsLeft=5
t=35 s=3 threadsLeft=4
t=35 s=4 threadsLeft=3
t=35 s=5 threadsLeft=2
t=35 s=9 threadsLeft=1
t=35 s=10 threadsLeft=0
  t=35, time=0.00015
t=36 s=1 threadsLeft=10
t=36 s=0 threadsLeft=9
t=36 s=2 threadsLeft=8
t=36 s=3 threadsLeft=7
t=36 s=4 threadsLeft=6
t=36 s=5 threadsLeft=5
t=36 s=6 threadsLeft=4
t=36 s=7 threadsLeft=3
t=36 s=8 threadsLeft=2
t=36 s=9 threadsLeft=1
t=36 s=10 threadsLeft=0
  t=36, time=0.000143
t=37 s=0 threadsLeft=7
t=37 s=1 threadsLeft=6
t=37 s=2 threadsLeft=5
t=37 s=3 threadsLeft=4
t=37 s=5 threadsLeft=3
t=37 s=6 threadsLeft=2
t=37 s=4 threadsLeft=1
t=37 s=10 threadsLeft=0
  t=37, time=0.000139
t=38 s=0 threadsLeft=8
t=38 s=1 threadsLeft=7
t=38 s=3 threadsLeft=6
t=38 s=2 threadsLeft=5
t=38 s=4 threadsLeft=4
t=38 s=6 threadsLeft=3
t=38 s=11 threadsLeft=2
t=38 s=5 threadsLeft=1
t=38 s=10 threadsLeft=0
  t=38, time=0.000163
t=39 s=0 threadsLeft=11
t=39 s=1 threadsLeft=10
t=39 s=2 threadsLeft=9
t=39 s=4 threadsLeft=8
t=39 s=3 threadsLeft=7
t=39 s=6 threadsLeft=6
t=39 s=8 threadsLeft=5
t=39 s=7 threadsLeft=4
t=39 s=9 threadsLeft=3
t=39 s=5 threadsLeft=2
t=39 s=11 threadsLeft=1
t=39 s=10 threadsLeft=0
  t=39, time=0.000194
t=40 s=0 threadsLeft=8
t=40 s=1 threadsLeft=7
t=40 s=2 threadsLeft=6
t=40 s=3 threadsLeft=5
t=40 s=5 threadsLeft=4
t=40 s=4 threadsLeft=3
t=40 s=11 threadsLeft=2
t=40 s=6 threadsLeft=1
t=40 s=12 threadsLeft=0
  t=40, time=0.000206
t=41 s=0 threadsLeft=8
t=41 s=2 threadsLeft=7
t=41 s=1 threadsLeft=6
t=41 s=3 threadsLeft=5
t=41 s=5 threadsLeft=4
t=41 s=6 threadsLeft=3
t=41 s=4 threadsLeft=2
t=41 s=13 threadsLeft=1
t=41 s=12 threadsLeft=0
  t=41, time=0.000156
t=42 s=1 threadsLeft=12
t=42 s=2 threadsLeft=11
t=42 s=3 threadsLeft=10
t=42 s=4 threadsLeft=9
t=42 s=5 threadsLeft=8
t=42 s=6 threadsLeft=7
t=42 s=8 threadsLeft=6
t=42 s=7 threadsLeft=5
t=42 s=9 threadsLeft=4
t=42 s=10 threadsLeft=3
t=42 s=11 threadsLeft=2
t=42 s=12 threadsLeft=1
t=42 s=13 threadsLeft=0
  t=42, time=0.000186
t=43 s=0 threadsLeft=10
t=43 s=1 threadsLeft=9
t=43 s=3 threadsLeft=8
t=43 s=2 threadsLeft=7
t=43 s=4 threadsLeft=6
t=43 s=5 threadsLeft=5
t=43 s=6 threadsLeft=4
t=43 s=7 threadsLeft=3
t=43 s=11 threadsLeft=2
t=43 s=12 threadsLeft=1
t=43 s=13 threadsLeft=0
  t=43, time=0.000195
t=44 s=0 threadsLeft=9
t=44 s=1 threadsLeft=8
t=44 s=2 threadsLeft=7
t=44 s=3 threadsLeft=6
t=44 s=4 threadsLeft=5
t=44 s=5 threadsLeft=4
t=44 s=6 threadsLeft=3
t=44 s=7 threadsLeft=2
t=44 s=8 threadsLeft=1
t=44 s=12 threadsLeft=0
  t=44, time=0.000189
t=45 s=0 threadsLeft=14
t=45 s=1 threadsLeft=13
t=45 s=3 threadsLeft=12
t=45 s=2 threadsLeft=11
t=45 s=6 threadsLeft=10
t=45 s=7 threadsLeft=9
t=45 s=5 threadsLeft=8
t=45 s=4 threadsLeft=7
t=45 s=9 threadsLeft=6
t=45 s=8 threadsLeft=5
t=45 s=10 threadsLeft=4
t=45 s=11 threadsLeft=3
t=45 s=12 threadsLeft=2
t=45 s=13 threadsLeft=1
t=45 s=14 threadsLeft=0
  t=45, time=0.00025
t=46 s=0 threadsLeft=11
t=46 s=1 threadsLeft=10
t=46 s=5 threadsLeft=9
t=46 s=2 threadsLeft=8
t=46 s=4 threadsLeft=7
t=46 s=13 threadsLeft=6
t=46 s=7 threadsLeft=5
t=46 s=3 threadsLeft=4
t=46 s=9 threadsLeft=3
t=46 s=6 threadsLeft=2
t=46 s=8 threadsLeft=1
t=46 s=14 threadsLeft=0
  t=46, time=0.000248
t=47 s=0 threadsLeft=11
t=47 s=1 threadsLeft=10
t=47 s=4 threadsLeft=9
t=47 s=3 threadsLeft=8
t=47 s=2 threadsLeft=7
t=47 s=7 threadsLeft=6
t=47 s=5 threadsLeft=5
t=47 s=8 threadsLeft=4
t=47 s=9 threadsLeft=3
t=47 s=13 threadsLeft=2
t=47 s=14 threadsLeft=1
t=47 s=6 threadsLeft=0
  t=47, time=0.000275
t=48 s=0 threadsLeft=14
t=48 s=2 threadsLeft=13
t=48 s=3 threadsLeft=12
t=48 s=1 threadsLeft=11
t=48 s=7 threadsLeft=10
t=48 s=5 threadsLeft=9
t=48 s=8 threadsLeft=8
t=48 s=6 threadsLeft=7
t=48 s=10 threadsLeft=6
t=48 s=4 threadsLeft=5
t=48 s=12 threadsLeft=4
t=48 s=9 threadsLeft=3
t=48 s=11 threadsLeft=2
t=48 s=13 threadsLeft=1
t=48 s=14 threadsLeft=0
  t=48, time=0.000282
t=49 s=1 threadsLeft=11
t=49 s=0 threadsLeft=10
t=49 s=4 threadsLeft=9
t=49 s=3 threadsLeft=8
t=49 s=6 threadsLeft=7
t=49 s=2 threadsLeft=6
t=49 s=9 threadsLeft=5
t=49 s=5 threadsLeft=4
t=49 s=14 threadsLeft=3
t=49 s=10 threadsLeft=2
t=49 s=7 threadsLeft=1
t=49 s=8 threadsLeft=0
  t=49, time=0.0003
t=50 s=1 threadsLeft=10
t=50 s=2 threadsLeft=9
t=50 s=6 threadsLeft=8
t=50 s=7 threadsLeft=7
t=50 s=3 threadsLeft=6
t=50 s=4 threadsLeft=5
t=50 s=15 threadsLeft=4
t=50 s=10 threadsLeft=3
t=50 s=9 threadsLeft=2
t=50 s=14 threadsLeft=1
t=50 s=5 threadsLeft=0
  t=50, time=0.000268
t=51 s=0 threadsLeft=15
t=51 s=3 threadsLeft=14
t=51 s=4 threadsLeft=13
t=51 s=1 threadsLeft=12
t=51 s=7 threadsLeft=11
t=51 s=6 threadsLeft=10
t=51 s=2 threadsLeft=9
t=51 s=8 threadsLeft=8
t=51 s=5 threadsLeft=7
t=51 s=9 threadsLeft=6
t=51 s=10 threadsLeft=5
t=51 s=11 threadsLeft=4
t=51 s=12 threadsLeft=3
t=51 s=13 threadsLeft=2
t=51 s=14 threadsLeft=1
t=51 s=15 threadsLeft=0
  t=51, time=0.000281
t=52 s=1 threadsLeft=12
t=52 s=3 threadsLeft=11
t=52 s=2 threadsLeft=10
t=52 s=5 threadsLeft=9
t=52 s=7 threadsLeft=8
t=52 s=4 threadsLeft=7
t=52 s=0 threadsLeft=6
t=52 s=8 threadsLeft=5
t=52 s=6 threadsLeft=4
t=52 s=9 threadsLeft=3
t=52 s=10 threadsLeft=2
t=52 s=15 threadsLeft=1
t=52 s=16 threadsLeft=0
  t=52, time=0.000296
t=53 s=0 threadsLeft=11
t=53 s=1 threadsLeft=10
t=53 s=2 threadsLeft=9
t=53 s=4 threadsLeft=8
t=53 s=8 threadsLeft=7
t=53 s=5 threadsLeft=6
t=53 s=10 threadsLeft=5
t=53 s=9 threadsLeft=4
t=53 s=6 threadsLeft=3
t=53 s=16 threadsLeft=2
t=53 s=3 threadsLeft=1
t=53 s=17 threadsLeft=0
  t=53, time=0.000311
t=54 s=4 threadsLeft=17
t=54 s=3 threadsLeft=16
t=54 s=5 threadsLeft=15
t=54 s=7 threadsLeft=14
t=54 s=6 threadsLeft=13
t=54 s=8 threadsLeft=12
t=54 s=9 threadsLeft=11
t=54 s=2 threadsLeft=10
t=54 s=10 threadsLeft=9
t=54 s=0 threadsLeft=8
t=54 s=1 threadsLeft=7
t=54 s=12 threadsLeft=6
t=54 s=11 threadsLeft=5
t=54 s=13 threadsLeft=4
t=54 s=14 threadsLeft=3
t=54 s=15 threadsLeft=2
t=54 s=16 threadsLeft=1
t=54 s=17 threadsLeft=0
  t=54, time=0.000396
t=55 s=4 threadsLeft=14
t=55 s=5 threadsLeft=13
t=55 s=0 threadsLeft=12
t=55 s=7 threadsLeft=11
t=55 s=6 threadsLeft=10
t=55 s=2 threadsLeft=9
t=55 s=3 threadsLeft=8
t=55 s=9 threadsLeft=7
t=55 s=8 threadsLeft=6
t=55 s=10 threadsLeft=5
t=55 s=11 threadsLeft=4
t=55 s=15 threadsLeft=3
t=55 s=16 threadsLeft=2
t=55 s=17 threadsLeft=1
t=55 s=1 threadsLeft=0
  t=55, time=0.000368
t=56 s=5 threadsLeft=12
t=56 s=7 threadsLeft=11
t=56 s=4 threadsLeft=10
t=56 s=6 threadsLeft=9
t=56 s=2 threadsLeft=8
t=56 s=3 threadsLeft=7
t=56 s=8 threadsLeft=6
t=56 s=10 threadsLeft=5
t=56 s=1 threadsLeft=4
t=56 s=11 threadsLeft=3
t=56 s=12 threadsLeft=2
t=56 s=16 threadsLeft=1
t=56 s=0 threadsLeft=0
  t=56, time=0.000319
t=57 s=3 threadsLeft=18
t=57 s=4 threadsLeft=17
t=57 s=5 threadsLeft=16
t=57 s=6 threadsLeft=15
t=57 s=8 threadsLeft=14
t=57 s=9 threadsLeft=13
t=57 s=2 threadsLeft=12
t=57 s=10 threadsLeft=11
t=57 s=7 threadsLeft=10
t=57 s=0 threadsLeft=9
t=57 s=11 threadsLeft=8
t=57 s=12 threadsLeft=7
t=57 s=13 threadsLeft=6
t=57 s=14 threadsLeft=5
t=57 s=1 threadsLeft=4
t=57 s=15 threadsLeft=3
t=57 s=16 threadsLeft=2
t=57 s=17 threadsLeft=1
t=57 s=18 threadsLeft=0
  t=57, time=0.000372
t=58 s=0 threadsLeft=15
t=58 s=5 threadsLeft=14
t=58 s=7 threadsLeft=13
t=58 s=6 threadsLeft=12
t=58 s=4 threadsLeft=11
t=58 s=10 threadsLeft=10
t=58 s=8 threadsLeft=9
t=58 s=3 threadsLeft=8
t=58 s=2 threadsLeft=7
t=58 s=9 threadsLeft=6
t=58 s=12 threadsLeft=5
t=58 s=11 threadsLeft=4
t=58 s=13 threadsLeft=3
t=58 s=17 threadsLeft=2
t=58 s=1 threadsLeft=1
t=58 s=18 threadsLeft=0
  t=58, time=0.000408
t=59 s=0 threadsLeft=15
t=59 s=4 threadsLeft=14
t=59 s=8 threadsLeft=13
t=59 s=10 threadsLeft=12
t=59 s=7 threadsLeft=11
t=59 s=6 threadsLeft=10
t=59 s=3 threadsLeft=9
t=59 s=5 threadsLeft=8
t=59 s=11 threadsLeft=7
t=59 s=9 threadsLeft=6
t=59 s=12 threadsLeft=5
t=59 s=13 threadsLeft=4
t=59 s=17 threadsLeft=3
t=59 s=18 threadsLeft=2
t=59 s=2 threadsLeft=1
t=59 s=1 threadsLeft=0
  t=59, time=0.000553
t=60 s=5 threadsLeft=18
t=60 s=6 threadsLeft=17
t=60 s=7 threadsLeft=16
t=60 s=8 threadsLeft=15
t=60 s=9 threadsLeft=14
t=60 s=10 threadsLeft=13
t=60 s=3 threadsLeft=12
t=60 s=11 threadsLeft=11
t=60 s=4 threadsLeft=10
t=60 s=14 threadsLeft=9
t=60 s=13 threadsLeft=8
t=60 s=12 threadsLeft=7
t=60 s=0 threadsLeft=6
t=60 s=15 threadsLeft=5
t=60 s=16 threadsLeft=4
t=60 s=2 threadsLeft=3
t=60 s=17 threadsLeft=2
t=60 s=18 threadsLeft=1
t=60 s=1 threadsLeft=0
  t=60, time=0.000561
gb.dim_Ext()=679
gb.dim_Gb()=1083
[38;2;000;128;000mTime: 0.113439s (2025-08-28 09:18:45)
[0mError(-1) - Unsupported arugment cw=c2_mo8
[38;2;000;128;000mTime: 0.019303s (2025-09-28 16:28:07)
[0mError(-1) - Unsupported arugment cw=c2_mo8
[38;2;000;128;000mTime: 0.01877s (2025-10-04 15:37:38)
[0mError(-1) - Unsupported arugment cw=c2_mo8
[38;2;000;128;000mTime: 0.019172s (2025-10-04 15:40:40)
[0mError(-1) - Unsupported arugment cw=c2_mo8
[38;2;000;128;000mTime: 0.01918s (2025-10-27 20:17:58)
[0m