t=0 s=0 time=9.9e-05
t=2 s=1 time=0.000361
t=3 s=1 time=0.000302
t=4 s=2 time=0.000304
t=4 s=1 time=0.000285
t=5 s=2 time=0.000424
t=7 s=3 time=0.000423
t=8 s=2 time=0.000402
t=8 s=1 time=0.00038
t=9 s=2 time=0.000436
t=10 s=2 time=0.000405
t=11 s=3 time=0.00044
t=11 s=2 time=0.00042
t=12 s=4 time=0.000317
t=12 s=3 time=0.000345
t=13 s=4 time=0.000344
t=13 s=3 time=0.000317
t=14 s=5 time=0.000387
t=14 s=4 time=0.000326
t=15 s=5 time=0.000328
t=16 s=6 time=0.00036
t=16 s=5 time=0.000344
t=16 s=2 time=0.000292
t=16 s=1 time=0.000264
t=17 s=6 time=0.000346
t=18 s=4 time=0.000329
t=18 s=3 time=0.000395
t=18 s=2 time=0.000311
t=19 s=7 time=0.000375
t=19 s=2 time=0.000567
t=20 s=5 time=0.000361
t=20 s=3 time=0.001507
t=20 s=2 time=0.000415
t=21 s=6 time=0.00054
t=21 s=5 time=0.000434
t=21 s=4 time=0.000439
t=21 s=3 time=0.000409
t=22 s=6 time=0.000495
t=22 s=4 time=0.000478
t=22 s=3 time=0.000443
t=23 s=7 time=0.000525
t=23 s=6 time=0.000502
t=23 s=4 time=0.000509
t=23 s=3 time=0.000513
t=24 s=8 time=0.000591
t=24 s=7 time=0.000391
t=24 s=5 time=0.000342
t=24 s=4 time=0.000364
t=24 s=3 time=0.00036
t=25 s=8 time=0.00043
t=25 s=7 time=0.000413
t=25 s=3 time=0.000324
t=26 s=9 time=0.00041
t=26 s=8 time=0.000384
t=26 s=5 time=0.00039
t=26 s=4 time=0.000345
t=27 s=9 time=0.000396
t=27 s=6 time=0.000366
t=27 s=5 time=0.000363
t=27 s=4 time=0.000448
t=28 s=10 time=0.000417
t=28 s=9 time=0.000417
t=28 s=5 time=0.00043
t=28 s=4 time=0.000398
t=29 s=10 time=0.000467
t=29 s=5 time=0.000381
t=30 s=8 time=0.000411
t=30 s=7 time=0.000447
t=30 s=6 time=0.000399
t=30 s=5 time=0.000455
t=31 s=11 time=0.00049
t=32 s=9 time=0.000441
t=32 s=6 time=0.000426
t=32 s=2 time=0.000358
t=32 s=1 time=0.000364
t=33 s=10 time=0.000547
t=33 s=9 time=0.000505
t=33 s=8 time=0.000506
t=33 s=7 time=0.000502
t=33 s=6 time=0.000529
t=34 s=10 time=0.000655
t=34 s=3 time=0.000628
t=34 s=2 time=0.000546
t=35 s=11 time=0.000662
t=35 s=10 time=0.000638
t=35 s=3 time=0.000649
t=35 s=2 time=0.000389
t=36 s=12 time=0.00059
t=36 s=11 time=0.000647
t=36 s=9 time=0.000563
t=36 s=8 time=0.000681
t=36 s=7 time=0.000589
t=36 s=6 time=0.000528
t=36 s=5 time=0.00055
t=36 s=4 time=0.000626
t=36 s=3 time=0.000547
t=36 s=2 time=0.000424
t=37 s=12 time=0.000597
t=37 s=11 time=0.000587
t=37 s=5 time=0.000513
t=37 s=4 time=0.000731
t=37 s=3 time=0.000541
t=38 s=13 time=0.000565
t=38 s=12 time=0.000523
t=38 s=6 time=0.000514
t=39 s=13 time=0.000542
t=39 s=10 time=0.000531
t=39 s=9 time=0.0005
t=39 s=8 time=0.000487
t=39 s=7 time=0.000545
t=39 s=6 time=0.00052
t=39 s=5 time=0.000534
t=39 s=4 time=0.000513
t=40 s=14 time=0.000554
t=40 s=13 time=0.000502
t=40 s=7 time=0.000551
t=40 s=6 time=0.000636
t=40 s=5 time=0.000613
t=40 s=3 time=0.000601
t=40 s=2 time=0.000357
t=41 s=14 time=0.000601
t=41 s=7 time=0.000651
t=41 s=6 time=0.000577
t=41 s=5 time=0.000611
t=41 s=3 time=0.000562
t=42 s=12 time=0.000532
t=42 s=11 time=0.000572
t=42 s=10 time=0.000523
t=42 s=9 time=0.000478
t=42 s=8 time=0.000549
t=42 s=7 time=0.000586
t=42 s=6 time=0.000545
t=42 s=5 time=0.000656
t=42 s=4 time=0.000831
t=42 s=3 time=0.000675
[38;2;000;128;000mTime: 0.067897s (2025-04-07 00:44:21)
[0mt=0 s=0 time=9.5e-05
t=2 s=1 time=0.000356
t=3 s=1 time=0.000342
t=4 s=2 time=0.000299
t=4 s=1 time=0.000296
t=5 s=2 time=0.000337
t=7 s=3 time=0.00038
t=8 s=2 time=0.000428
t=8 s=1 time=0.00034
t=9 s=2 time=0.00036
t=10 s=2 time=0.000357
t=11 s=3 time=0.000445
t=11 s=2 time=0.00038
t=12 s=4 time=0.000414
t=12 s=3 time=0.000425
t=13 s=4 time=0.000415
t=13 s=3 time=0.000432
t=14 s=5 time=0.000413
t=14 s=4 time=0.00041
t=15 s=5 time=0.000423
t=16 s=6 time=0.00047
t=16 s=5 time=0.000472
t=16 s=2 time=0.000383
t=16 s=1 time=0.0003
t=17 s=6 time=0.000362
t=18 s=4 time=0.000344
t=18 s=3 time=0.000311
t=18 s=2 time=0.000332
t=19 s=7 time=0.000357
t=19 s=2 time=0.000313
t=20 s=5 time=0.000339
t=20 s=3 time=0.000294
t=20 s=2 time=0.000304
t=21 s=6 time=0.000377
t=21 s=5 time=0.000325
t=21 s=4 time=0.000346
t=21 s=3 time=0.000304
t=22 s=6 time=0.000383
t=22 s=4 time=0.000352
t=22 s=3 time=0.000317
t=23 s=7 time=0.000424
t=23 s=6 time=0.000364
t=23 s=4 time=0.000393
t=23 s=3 time=0.000449
t=24 s=8 time=0.000515
t=24 s=7 time=0.00049
t=24 s=5 time=0.000415
t=24 s=4 time=0.000495
t=24 s=3 time=0.000391
t=25 s=8 time=0.000388
t=25 s=7 time=0.000384
t=25 s=3 time=0.000343
t=26 s=9 time=0.000452
t=26 s=8 time=0.0004
t=26 s=5 time=0.000489
t=26 s=4 time=0.000485
t=27 s=9 time=0.000523
t=27 s=6 time=0.000553
t=27 s=5 time=0.000501
t=27 s=4 time=0.000509
t=28 s=10 time=0.00047
t=28 s=9 time=0.000411
t=28 s=5 time=0.000427
t=28 s=4 time=0.000376
t=29 s=10 time=0.000433
t=29 s=5 time=0.000467
t=30 s=8 time=0.000436
t=30 s=7 time=0.000408
t=30 s=6 time=0.000406
t=30 s=5 time=0.000404
t=31 s=11 time=0.000456
t=32 s=9 time=0.000464
t=32 s=6 time=0.000472
t=32 s=2 time=0.000369
t=32 s=1 time=0.000281
t=33 s=10 time=0.00044
t=33 s=9 time=0.000456
t=33 s=8 time=0.000461
t=33 s=7 time=0.000416
t=33 s=6 time=0.000419
t=34 s=10 time=0.000521
t=34 s=3 time=0.000437
t=34 s=2 time=0.000314
t=35 s=11 time=0.000475
t=35 s=10 time=0.000442
t=35 s=3 time=0.000447
t=35 s=2 time=0.000327
t=36 s=12 time=0.000476
t=36 s=11 time=0.000518
t=36 s=9 time=0.000453
t=36 s=8 time=0.000517
t=36 s=7 time=0.000515
t=36 s=6 time=0.000524
t=36 s=5 time=0.00063
t=36 s=4 time=0.000736
t=36 s=3 time=0.000584
t=36 s=2 time=0.000427
t=37 s=12 time=0.000533
t=37 s=11 time=0.000517
t=37 s=5 time=0.000512
t=37 s=4 time=0.000777
t=37 s=3 time=0.000464
t=38 s=13 time=0.000534
t=38 s=12 time=0.000489
t=38 s=6 time=0.000528
t=39 s=13 time=0.000564
t=39 s=10 time=0.000504
t=39 s=9 time=0.000456
t=39 s=8 time=0.000479
t=39 s=7 time=0.000521
t=39 s=6 time=0.000492
t=39 s=5 time=0.000515
t=39 s=4 time=0.000522
t=40 s=14 time=0.000549
t=40 s=13 time=0.000544
t=40 s=7 time=0.000543
t=40 s=6 time=0.000574
t=40 s=5 time=0.000571
t=40 s=3 time=0.000562
t=40 s=2 time=0.000373
t=41 s=14 time=0.000611
t=41 s=7 time=0.000718
t=41 s=6 time=0.000692
t=41 s=5 time=0.000742
t=41 s=3 time=0.000646
t=42 s=12 time=0.000537
t=42 s=11 time=0.00059
t=42 s=10 time=0.000548
t=42 s=9 time=0.000493
t=42 s=8 time=0.00054
t=42 s=7 time=0.000533
t=42 s=6 time=0.000509
t=42 s=5 time=0.000697
t=42 s=4 time=0.000855
t=42 s=3 time=0.000758
t=43 s=15 time=0.000629
t=43 s=6 time=0.000574
t=43 s=4 time=0.00108
t=43 s=3 time=0.00072
t=44 s=13 time=0.000554
t=44 s=7 time=0.000646
t=44 s=6 time=0.000817
t=44 s=5 time=0.000971
t=44 s=4 time=0.001328
t=44 s=3 time=0.000851
t=45 s=14 time=0.000549
t=45 s=13 time=0.000559
t=45 s=12 time=0.000551
t=45 s=11 time=0.000536
t=45 s=10 time=0.000524
t=45 s=9 time=0.000603
t=45 s=8 time=0.000604
t=45 s=7 time=0.000754
t=45 s=6 time=0.000886
t=45 s=5 time=0.001191
t=45 s=4 time=0.001301
t=46 s=14 time=0.000689
t=46 s=8 time=0.000708
t=46 s=7 time=0.000905
t=46 s=6 time=0.000742
t=46 s=5 time=0.000775
t=47 s=15 time=0.000628
t=47 s=14 time=0.000573
t=47 s=7 time=0.000764
t=47 s=6 time=0.00109
t=47 s=5 time=0.001042
t=48 s=16 time=0.000645
t=48 s=15 time=0.000672
t=48 s=13 time=0.000707
t=48 s=12 time=0.000615
t=48 s=11 time=0.000599
t=48 s=10 time=0.000638
t=48 s=9 time=0.000834
t=48 s=8 time=0.000679
t=48 s=7 time=0.000784
t=48 s=6 time=0.000919
t=48 s=4 time=0.001194
t=48 s=3 time=0.001161
t=49 s=16 time=0.000613
t=49 s=15 time=0.000561
t=49 s=9 time=0.000726
t=49 s=8 time=0.000683
t=49 s=7 time=0.000796
t=50 s=17 time=0.000694
t=50 s=16 time=0.000631
t=50 s=10 time=0.000803
t=50 s=5 time=0.001659
t=50 s=4 time=0.001308
[38;2;000;128;000mTime: 0.106983s (2025-04-13 18:31:24)
[0mt=0 s=0 time=9.1e-05
t=2 s=1 time=0.000361
t=3 s=1 time=0.000284
t=4 s=2 time=0.000316
t=4 s=1 time=0.000314
t=5 s=2 time=0.00032
t=7 s=3 time=0.000322
t=8 s=2 time=0.000316
t=8 s=1 time=0.000264
t=9 s=2 time=0.000302
t=10 s=2 time=0.000303
t=11 s=3 time=0.000323
t=11 s=2 time=0.000309
t=12 s=4 time=0.000333
t=12 s=3 time=0.000323
t=13 s=4 time=0.000341
t=13 s=3 time=0.000366
t=14 s=5 time=0.000353
t=14 s=4 time=0.000335
t=15 s=5 time=0.000353
t=16 s=6 time=0.000361
t=16 s=5 time=0.000341
t=16 s=2 time=0.000271
t=16 s=1 time=0.000253
t=17 s=6 time=0.000342
t=18 s=4 time=0.000362
t=18 s=3 time=0.00042
t=18 s=2 time=0.00036
t=19 s=7 time=0.00046
t=19 s=2 time=0.000371
t=20 s=5 time=0.000463
t=20 s=3 time=0.000414
t=20 s=2 time=0.000369
t=21 s=6 time=0.00043
t=21 s=5 time=0.000418
t=21 s=4 time=0.000457
t=21 s=3 time=0.00041
t=22 s=6 time=0.000657
t=22 s=4 time=0.000423
t=22 s=3 time=0.000397
t=23 s=7 time=0.000476
t=23 s=6 time=0.000464
t=23 s=4 time=0.000429
t=23 s=3 time=0.000445
t=24 s=8 time=0.000468
t=24 s=7 time=0.000467
t=24 s=5 time=0.000427
t=24 s=4 time=0.000448
t=24 s=3 time=0.000413
t=25 s=8 time=0.000482
t=25 s=7 time=0.000513
t=25 s=3 time=0.000412
t=26 s=9 time=0.000473
t=26 s=8 time=0.000443
t=26 s=5 time=0.000409
t=26 s=4 time=0.000382
t=27 s=9 time=0.000443
t=27 s=6 time=0.00041
t=27 s=5 time=0.00037
t=27 s=4 time=0.000507
t=28 s=10 time=0.000463
t=28 s=9 time=0.000426
t=28 s=5 time=0.000413
t=28 s=4 time=0.00041
t=29 s=10 time=0.000462
t=29 s=5 time=0.000498
t=30 s=8 time=0.000433
t=30 s=7 time=0.000483
t=30 s=6 time=0.000427
t=30 s=5 time=0.000431
t=31 s=11 time=0.000523
t=32 s=9 time=0.000436
t=32 s=6 time=0.00045
t=32 s=2 time=0.000425
t=32 s=1 time=0.000303
t=33 s=10 time=0.000435
t=33 s=9 time=0.000418
t=33 s=8 time=0.000426
t=33 s=7 time=0.000427
t=33 s=6 time=0.00041
t=34 s=10 time=0.000491
t=34 s=3 time=0.000413
t=34 s=2 time=0.000313
t=35 s=11 time=0.000462
t=35 s=10 time=0.000539
t=35 s=3 time=0.000453
t=35 s=2 time=0.000324
t=36 s=12 time=0.000495
t=36 s=11 time=0.000448
t=36 s=9 time=0.000474
t=36 s=8 time=0.000469
t=36 s=7 time=0.000431
t=36 s=6 time=0.000449
t=36 s=5 time=0.000536
t=36 s=4 time=0.000514
t=36 s=3 time=0.000438
t=36 s=2 time=0.000372
t=37 s=12 time=0.000528
t=37 s=11 time=0.000468
t=37 s=5 time=0.000462
t=37 s=4 time=0.00069
t=37 s=3 time=0.000434
t=38 s=13 time=0.000553
t=38 s=12 time=0.000511
t=38 s=6 time=0.000527
t=39 s=13 time=0.00054
t=39 s=10 time=0.000495
t=39 s=9 time=0.000486
t=39 s=8 time=0.000451
t=39 s=7 time=0.000543
t=39 s=6 time=0.000542
t=39 s=5 time=0.000547
t=39 s=4 time=0.0005
t=40 s=14 time=0.000658
t=40 s=13 time=0.000526
t=40 s=7 time=0.000597
t=40 s=6 time=0.000712
t=40 s=5 time=0.000668
t=40 s=3 time=0.000669
t=40 s=2 time=0.000499
t=41 s=14 time=0.00062
t=41 s=7 time=0.000755
t=41 s=6 time=0.000914
t=41 s=5 time=0.000802
t=41 s=3 time=0.000655
t=42 s=12 time=0.000569
t=42 s=11 time=0.000645
t=42 s=10 time=0.000648
t=42 s=9 time=0.0006
t=42 s=8 time=0.000667
t=42 s=7 time=0.000628
t=42 s=6 time=0.00055
t=42 s=5 time=0.000685
t=42 s=4 time=0.000822
t=42 s=3 time=0.000694
t=43 s=15 time=0.000566
t=43 s=6 time=0.000598
t=43 s=4 time=0.001122
t=43 s=3 time=0.000738
t=44 s=13 time=0.000655
t=44 s=7 time=0.000753
t=44 s=6 time=0.0009
t=44 s=5 time=0.000937
t=44 s=4 time=0.001432
t=44 s=3 time=0.000931
t=45 s=14 time=0.000642
t=45 s=13 time=0.00067
t=45 s=12 time=0.000651
t=45 s=11 time=0.000578
t=45 s=10 time=0.000559
t=45 s=9 time=0.000601
t=45 s=8 time=0.000664
t=45 s=7 time=0.000745
t=45 s=6 time=0.000826
t=45 s=5 time=0.001089
t=45 s=4 time=0.001244
[38;2;000;128;000mTime: 0.082452s (2025-04-13 18:31:40)
[0m[38;2;000;128;000mTime: 0.00115s (2025-04-13 18:32:04)
[0mt=0 s=0 time=0.000109
t=2 s=1 time=0.000432
t=3 s=1 time=0.000477
t=4 s=2 time=0.000489
t=4 s=1 time=0.000903
t=5 s=2 time=0.00044
t=7 s=3 time=0.000415
t=8 s=2 time=0.000408
t=8 s=1 time=0.000372
t=9 s=2 time=0.000296
t=10 s=2 time=0.000298
t=11 s=3 time=0.000431
t=11 s=2 time=0.000347
t=12 s=4 time=0.000392
t=12 s=3 time=0.000412
t=13 s=4 time=0.000363
t=13 s=3 time=0.000304
t=14 s=5 time=0.000477
t=14 s=4 time=0.000465
t=15 s=5 time=0.0005
t=16 s=6 time=0.000529
t=16 s=5 time=0.000521
t=16 s=2 time=0.000468
t=16 s=1 time=0.000354
t=17 s=6 time=0.000403
t=18 s=4 time=0.000401
t=18 s=3 time=0.000345
t=18 s=2 time=0.000313
t=19 s=7 time=0.000419
t=19 s=2 time=0.000331
t=20 s=5 time=0.000336
t=20 s=3 time=0.000302
t=20 s=2 time=0.000272
t=21 s=6 time=0.000357
t=21 s=5 time=0.000322
t=21 s=4 time=0.000321
t=21 s=3 time=0.000312
t=22 s=6 time=0.00036
t=22 s=4 time=0.000326
t=22 s=3 time=0.000306
t=23 s=7 time=0.000383
t=23 s=6 time=0.001232
t=23 s=4 time=0.000502
t=23 s=3 time=0.000453
t=24 s=8 time=0.000475
t=24 s=7 time=0.000488
t=24 s=5 time=0.000482
t=24 s=4 time=0.000548
t=24 s=3 time=0.000501
t=25 s=8 time=0.000566
t=25 s=7 time=0.000541
t=25 s=3 time=0.000488
t=26 s=9 time=0.000561
t=26 s=8 time=0.000498
t=26 s=5 time=0.00053
t=26 s=4 time=0.000557
t=27 s=9 time=0.000713
t=27 s=6 time=0.00056
t=27 s=5 time=0.000524
t=27 s=4 time=0.00053
t=28 s=10 time=0.000511
t=28 s=9 time=0.000471
t=28 s=5 time=0.00048
t=28 s=4 time=0.000462
t=29 s=10 time=0.000534
t=29 s=5 time=0.000555
t=30 s=8 time=0.000565
t=30 s=7 time=0.000568
t=30 s=6 time=0.000538
t=30 s=5 time=0.00051
t=31 s=11 time=0.000453
t=32 s=9 time=0.00044
t=32 s=6 time=0.000495
t=32 s=2 time=0.000387
t=32 s=1 time=0.00032
t=33 s=10 time=0.000495
t=33 s=9 time=0.00046
t=33 s=8 time=0.00046
t=33 s=7 time=0.000458
t=33 s=6 time=0.000472
t=34 s=10 time=0.000737
t=34 s=3 time=0.000464
t=34 s=2 time=0.000359
t=35 s=11 time=0.000504
t=35 s=10 time=0.000471
t=35 s=3 time=0.000525
t=35 s=2 time=0.00037
t=36 s=12 time=0.000495
t=36 s=11 time=0.000471
t=36 s=9 time=0.000484
t=36 s=8 time=0.000511
t=36 s=7 time=0.000549
t=36 s=6 time=0.000508
t=36 s=5 time=0.000491
t=36 s=4 time=0.00054
t=36 s=3 time=0.000484
t=36 s=2 time=0.000403
t=37 s=12 time=0.000564
t=37 s=11 time=0.000489
t=37 s=5 time=0.000468
t=37 s=4 time=0.000711
t=37 s=3 time=0.000488
t=38 s=13 time=0.000579
t=38 s=12 time=0.00059
t=38 s=6 time=0.00062
t=39 s=13 time=0.000639
t=39 s=10 time=0.000608
t=39 s=9 time=0.000589
t=39 s=8 time=0.000573
t=39 s=7 time=0.000522
t=39 s=6 time=0.00048
t=39 s=5 time=0.000519
t=39 s=4 time=0.00051
t=40 s=14 time=0.000541
t=40 s=13 time=0.000533
t=40 s=7 time=0.000542
t=40 s=6 time=0.000572
t=40 s=5 time=0.000601
t=40 s=3 time=0.000826
t=40 s=2 time=0.000372
t=41 s=14 time=0.000537
t=41 s=7 time=0.00061
t=41 s=6 time=0.000606
t=41 s=5 time=0.000623
t=41 s=3 time=0.000694
t=42 s=12 time=0.000603
t=42 s=11 time=0.000622
t=42 s=10 time=0.000553
t=42 s=9 time=0.000566
t=42 s=8 time=0.000566
t=42 s=7 time=0.000558
t=42 s=6 time=0.000532
t=42 s=5 time=0.000682
t=42 s=4 time=0.000798
t=42 s=3 time=0.000705
t=43 s=15 time=0.000558
t=43 s=6 time=0.000567
t=43 s=4 time=0.001063
t=43 s=3 time=0.000728
t=44 s=13 time=0.00056
t=44 s=7 time=0.000648
t=44 s=6 time=0.000872
t=44 s=5 time=0.00093
t=44 s=4 time=0.001387
t=44 s=3 time=0.000814
t=45 s=14 time=0.000556
t=45 s=13 time=0.00054
t=45 s=12 time=0.000603
t=45 s=11 time=0.000569
t=45 s=10 time=0.000605
t=45 s=9 time=0.000721
t=45 s=8 time=0.00072
t=45 s=7 time=0.000761
t=45 s=6 time=0.000793
t=45 s=5 time=0.001036
t=45 s=4 time=0.001221
t=46 s=14 time=0.000631
t=46 s=8 time=0.000692
t=46 s=7 time=0.000786
t=46 s=6 time=0.000711
t=46 s=5 time=0.000761
t=47 s=15 time=0.000612
t=47 s=14 time=0.000544
t=47 s=7 time=0.000733
t=47 s=6 time=0.001118
t=47 s=5 time=0.001041
t=48 s=16 time=0.000642
t=48 s=15 time=0.000636
t=48 s=13 time=0.000631
t=48 s=12 time=0.000613
t=48 s=11 time=0.000596
t=48 s=10 time=0.000644
t=48 s=9 time=0.000881
t=48 s=8 time=0.000687
t=48 s=7 time=0.000789
t=48 s=6 time=0.000931
t=48 s=4 time=0.001113
t=48 s=3 time=0.00111
t=49 s=16 time=0.000648
t=49 s=15 time=0.000623
t=49 s=9 time=0.000683
t=49 s=8 time=0.000673
t=49 s=7 time=0.000757
t=50 s=17 time=0.000697
t=50 s=16 time=0.000687
t=50 s=10 time=0.000789
t=50 s=5 time=0.001545
t=50 s=4 time=0.001268
t=51 s=17 time=0.000668
t=51 s=14 time=0.000693
t=51 s=13 time=0.000631
t=51 s=12 time=0.000654
t=51 s=11 time=0.000792
t=51 s=10 time=0.001023
t=51 s=9 time=0.000804
t=51 s=8 time=0.000969
t=51 s=6 time=0.001089
t=51 s=5 time=0.001503
t=52 s=18 time=0.000701
t=52 s=17 time=0.000648
t=52 s=9 time=0.000779
t=52 s=6 time=0.001399
t=52 s=5 time=0.001773
t=52 s=4 time=0.002153
t=53 s=18 time=0.000698
t=53 s=11 time=0.000859
t=53 s=7 time=0.001511
t=53 s=6 time=0.001204
t=53 s=5 time=0.001783
t=53 s=4 time=0.00168
t=54 s=16 time=0.00074
t=54 s=15 time=0.000736
t=54 s=14 time=0.000692
t=54 s=13 time=0.000697
t=54 s=12 time=0.000948
t=54 s=11 time=0.000935
t=54 s=10 time=0.000864
t=54 s=9 time=0.000752
t=54 s=8 time=0.000845
t=54 s=7 time=0.001802
t=54 s=6 time=0.001756
t=54 s=5 time=0.002024
t=54 s=4 time=0.002508
t=55 s=19 time=0.00117
t=55 s=10 time=0.000891
t=55 s=9 time=0.000837
t=55 s=8 time=0.001798
t=55 s=7 time=0.001956
t=55 s=4 time=0.00299
[38;2;000;128;000mTime: 0.160769s (2025-04-14 11:05:14)
[0mt=0 s=0 time=0.000104
t=2 s=1 time=0.000347
t=3 s=1 time=0.000394
t=4 s=2 time=0.000425
t=4 s=1 time=0.000419
t=5 s=2 time=0.000469
t=7 s=3 time=0.000481
t=8 s=2 time=0.000461
t=8 s=1 time=0.00041
t=9 s=2 time=0.000535
t=10 s=2 time=0.000443
t=11 s=3 time=0.000424
t=11 s=2 time=0.000384
t=12 s=4 time=0.000459
t=12 s=3 time=0.000476
t=13 s=4 time=0.000496
t=13 s=3 time=0.000458
t=14 s=5 time=0.000487
t=14 s=4 time=0.000458
t=15 s=5 time=0.000465
t=16 s=6 time=0.000489
t=16 s=5 time=0.000448
t=16 s=2 time=0.000425
t=16 s=1 time=0.000402
t=17 s=6 time=0.000505
t=18 s=4 time=0.000491
t=18 s=3 time=0.000433
t=18 s=2 time=0.000369
t=19 s=7 time=0.00047
t=19 s=2 time=0.000377
t=20 s=5 time=0.000463
t=20 s=3 time=0.000465
t=20 s=2 time=0.000447
t=21 s=6 time=0.000464
t=21 s=5 time=0.000467
t=21 s=4 time=0.000451
t=21 s=3 time=0.000411
t=22 s=6 time=0.000825
t=22 s=4 time=0.000386
t=22 s=3 time=0.000358
t=23 s=7 time=0.000409
t=23 s=6 time=0.000396
t=23 s=4 time=0.000563
t=23 s=3 time=0.000439
t=24 s=8 time=0.000527
t=24 s=7 time=0.000421
t=24 s=5 time=0.000405
t=24 s=4 time=0.000394
t=24 s=3 time=0.000345
t=25 s=8 time=0.000438
t=25 s=7 time=0.00041
t=25 s=3 time=0.000363
t=26 s=9 time=0.000459
t=26 s=8 time=0.000421
t=26 s=5 time=0.000428
t=26 s=4 time=0.00039
t=27 s=9 time=0.000439
t=27 s=6 time=0.000402
t=27 s=5 time=0.000432
t=27 s=4 time=0.000535
t=28 s=10 time=0.001131
t=28 s=9 time=0.000571
t=28 s=5 time=0.000608
t=28 s=4 time=0.000518
t=29 s=10 time=0.000554
t=29 s=5 time=0.000445
t=30 s=8 time=0.000451
t=30 s=7 time=0.000451
t=30 s=6 time=0.000449
t=30 s=5 time=0.000502
t=31 s=11 time=0.000519
t=32 s=9 time=0.000472
t=32 s=6 time=0.000472
t=32 s=2 time=0.000368
t=32 s=1 time=0.000328
t=33 s=10 time=0.000533
t=33 s=9 time=0.000498
t=33 s=8 time=0.000515
t=33 s=7 time=0.000725
t=33 s=6 time=0.000461
t=34 s=10 time=0.000492
t=34 s=3 time=0.000453
t=34 s=2 time=0.000416
t=35 s=11 time=0.000624
t=35 s=10 time=0.000582
t=35 s=3 time=0.000587
t=35 s=2 time=0.000526
t=36 s=12 time=0.000619
t=36 s=11 time=0.000585
t=36 s=9 time=0.000624
t=36 s=8 time=0.00064
t=36 s=7 time=0.000606
t=36 s=6 time=0.000565
t=36 s=5 time=0.000603
t=36 s=4 time=0.000589
t=36 s=3 time=0.000468
t=36 s=2 time=0.000409
t=37 s=12 time=0.000554
t=37 s=11 time=0.000531
t=37 s=5 time=0.000486
t=37 s=4 time=0.000713
t=37 s=3 time=0.000484
t=38 s=13 time=0.000559
t=38 s=12 time=0.000552
t=38 s=6 time=0.000644
t=39 s=13 time=0.00067
t=39 s=10 time=0.000598
t=39 s=9 time=0.000572
t=39 s=8 time=0.000488
t=39 s=7 time=0.000544
t=39 s=6 time=0.000539
t=39 s=5 time=0.000527
t=39 s=4 time=0.000536
t=40 s=14 time=0.000602
t=40 s=13 time=0.000546
t=40 s=7 time=0.000566
t=40 s=6 time=0.000653
t=40 s=5 time=0.000611
t=40 s=3 time=0.000613
t=40 s=2 time=0.000388
t=41 s=14 time=0.000547
t=41 s=7 time=0.000635
t=41 s=6 time=0.000842
t=41 s=5 time=0.000695
t=41 s=3 time=0.000635
t=42 s=12 time=0.000555
t=42 s=11 time=0.000608
t=42 s=10 time=0.000566
t=42 s=9 time=0.000524
t=42 s=8 time=0.000655
t=42 s=7 time=0.000586
t=42 s=6 time=0.00054
t=42 s=5 time=0.000718
t=42 s=4 time=0.000847
t=42 s=3 time=0.000717
t=43 s=15 time=0.000554
t=43 s=6 time=0.000601
t=43 s=4 time=0.001067
t=43 s=3 time=0.000918
t=44 s=13 time=0.000613
t=44 s=7 time=0.000682
t=44 s=6 time=0.000934
t=44 s=5 time=0.001071
t=44 s=4 time=0.00148
t=44 s=3 time=0.000861
t=45 s=14 time=0.00059
t=45 s=13 time=0.000579
t=45 s=12 time=0.000607
t=45 s=11 time=0.000576
t=45 s=10 time=0.000592
t=45 s=9 time=0.000604
t=45 s=8 time=0.000608
t=45 s=7 time=0.000699
t=45 s=6 time=0.000758
t=45 s=5 time=0.00124
t=45 s=4 time=0.001228
t=46 s=14 time=0.000607
t=46 s=8 time=0.000783
t=46 s=7 time=0.000756
t=46 s=6 time=0.000681
t=46 s=5 time=0.000743
t=47 s=15 time=0.000626
t=47 s=14 time=0.000961
t=47 s=7 time=0.000862
t=47 s=6 time=0.001266
t=47 s=5 time=0.001139
t=48 s=16 time=0.000647
t=48 s=15 time=0.000645
t=48 s=13 time=0.000688
t=48 s=12 time=0.000624
t=48 s=11 time=0.000621
t=48 s=10 time=0.000632
t=48 s=9 time=0.000891
t=48 s=8 time=0.00071
t=48 s=7 time=0.000837
t=48 s=6 time=0.000839
t=48 s=4 time=0.001086
t=48 s=3 time=0.001126
t=49 s=16 time=0.000653
t=49 s=15 time=0.000615
t=49 s=9 time=0.000685
t=49 s=8 time=0.000695
t=49 s=7 time=0.000801
t=50 s=17 time=0.00068
t=50 s=16 time=0.000647
t=50 s=10 time=0.000769
t=50 s=5 time=0.001598
t=50 s=4 time=0.001351
t=51 s=17 time=0.000649
t=51 s=14 time=0.000643
t=51 s=13 time=0.000621
t=51 s=12 time=0.000664
t=51 s=11 time=0.000833
t=51 s=10 time=0.001167
t=51 s=9 time=0.001336
t=51 s=8 time=0.000885
t=51 s=6 time=0.000939
t=51 s=5 time=0.00139
t=52 s=18 time=0.000708
t=52 s=17 time=0.000703
t=52 s=9 time=0.000892
t=52 s=6 time=0.001495
t=52 s=5 time=0.001697
t=52 s=4 time=0.002194
t=53 s=18 time=0.00079
t=53 s=11 time=0.000877
t=53 s=7 time=0.001565
t=53 s=6 time=0.001167
t=53 s=5 time=0.001769
t=53 s=4 time=0.001654
t=54 s=16 time=0.00069
t=54 s=15 time=0.000681
t=54 s=14 time=0.00065
t=54 s=13 time=0.000634
t=54 s=12 time=0.000812
t=54 s=11 time=0.00083
t=54 s=10 time=0.000879
t=54 s=9 time=0.000799
t=54 s=8 time=0.00092
t=54 s=7 time=0.001838
t=54 s=6 time=0.001788
t=54 s=5 time=0.002061
t=54 s=4 time=0.002524
t=55 s=19 time=0.000818
t=55 s=10 time=0.001301
t=55 s=9 time=0.000837
t=55 s=8 time=0.001745
t=55 s=7 time=0.001981
t=55 s=4 time=0.00299
t=56 s=17 time=0.000696
t=56 s=8 time=0.001592
t=56 s=7 time=0.001708
t=56 s=6 time=0.00259
t=56 s=5 time=0.0022
t=57 s=18 time=0.000845
t=57 s=17 time=0.000736
t=57 s=16 time=0.000766
t=57 s=15 time=0.000736
t=57 s=14 time=0.000735
t=57 s=13 time=0.000858
t=57 s=12 time=0.000905
t=57 s=11 time=0.000937
t=57 s=10 time=0.00098
t=57 s=9 time=0.001145
t=57 s=6 time=0.002169
t=57 s=5 time=0.002626
t=58 s=18 time=0.000876
t=58 s=12 time=0.000956
t=58 s=11 time=0.000974
t=58 s=10 time=0.000909
t=58 s=9 time=0.00154
t=58 s=6 time=0.002427
t=58 s=5 time=0.004664
t=59 s=19 time=0.00085
t=59 s=18 time=0.000745
t=59 s=8 time=0.001715
t=59 s=7 time=0.002203
t=59 s=6 time=0.002651
t=59 s=5 time=0.004016
t=60 s=20 time=0.00084
t=60 s=19 time=0.00074
t=60 s=17 time=0.00075
t=60 s=16 time=0.000746
t=60 s=15 time=0.000773
t=60 s=14 time=0.001066
t=60 s=13 time=0.001477
t=60 s=12 time=0.001214
t=60 s=11 time=0.001162
t=60 s=10 time=0.00104
t=60 s=9 time=0.000974
t=60 s=8 time=0.002805
t=60 s=7 time=0.002429
t=60 s=6 time=0.002897
t=61 s=20 time=0.000875
t=61 s=19 time=0.00076
t=61 s=13 time=0.001075
t=61 s=12 time=0.001113
t=61 s=11 time=0.001035
t=61 s=10 time=0.001001
t=61 s=9 time=0.001043
t=61 s=8 time=0.002139
t=61 s=7 time=0.00253
t=61 s=6 time=0.00323
t=62 s=21 time=0.000867
t=62 s=20 time=0.000756
t=62 s=14 time=0.001078
t=62 s=9 time=0.001662
t=62 s=8 time=0.002391
t=62 s=7 time=0.003575
t=63 s=21 time=0.00095
t=63 s=18 time=0.000822
t=63 s=17 time=0.000822
t=63 s=16 time=0.000808
t=63 s=15 time=0.001119
t=63 s=14 time=0.001616
t=63 s=13 time=0.001172
t=63 s=12 time=0.001139
t=63 s=11 time=0.001081
t=63 s=10 time=0.001373
t=63 s=9 time=0.001606
t=63 s=7 time=0.003454
t=64 s=22 time=0.000887
t=64 s=21 time=0.000795
t=64 s=13 time=0.001134
t=64 s=12 time=0.00109
t=64 s=11 time=0.001171
t=64 s=10 time=0.001402
t=64 s=7 time=0.002604
t=64 s=6 time=0.004874
t=64 s=2 time=0.001121
t=64 s=1 time=0.000445
t=65 s=22 time=0.000882
t=65 s=15 time=0.00116
t=65 s=11 time=0.001543
t=65 s=10 time=0.001803
t=65 s=9 time=0.002352
t=65 s=8 time=0.003428
t=65 s=4 time=0.007199
t=66 s=20 time=0.000906
t=66 s=19 time=0.000881
t=66 s=18 time=0.00087
t=66 s=17 time=0.000916
t=66 s=16 time=0.001184
t=66 s=15 time=0.001173
t=66 s=14 time=0.001504
t=66 s=13 time=0.001221
t=66 s=12 time=0.001347
t=66 s=11 time=0.001919
t=66 s=10 time=0.002191
t=66 s=9 time=0.002194
t=66 s=4 time=0.005695
t=66 s=3 time=0.004924
t=66 s=2 time=0.000896
t=67 s=23 time=0.000846
t=67 s=14 time=0.001293
t=67 s=13 time=0.001345
t=67 s=12 time=0.001982
t=67 s=11 time=0.001552
t=67 s=10 time=0.001254
t=67 s=9 time=0.002537
t=67 s=8 time=0.003401
t=67 s=7 time=0.005961
t=67 s=6 time=0.007851
t=67 s=5 time=0.011738
t=67 s=3 time=0.004274
t=67 s=2 time=0.000832
t=68 s=21 time=0.000875
t=68 s=12 time=0.001639
t=68 s=11 time=0.001964
t=68 s=10 time=0.002794
t=68 s=6 time=0.010268
t=68 s=5 time=0.010693
t=68 s=4 time=0.009666
t=68 s=3 time=0.00787
t=68 s=2 time=0.001433
t=69 s=22 time=0.000983
t=69 s=21 time=0.001007
t=69 s=20 time=0.001012
t=69 s=19 time=0.001007
t=69 s=18 time=0.000959
t=69 s=17 time=0.001472
t=69 s=16 time=0.00127
t=69 s=15 time=0.001476
t=69 s=14 time=0.001528
t=69 s=13 time=0.001394
t=69 s=12 time=0.001339
t=69 s=11 time=0.001801
t=69 s=10 time=0.002327
t=69 s=9 time=0.002314
t=69 s=7 time=0.004779
t=69 s=6 time=0.013707
t=69 s=5 time=0.009915
t=69 s=4 time=0.009428
t=69 s=3 time=0.004221
t=70 s=22 time=0.001084
t=70 s=16 time=0.00159
t=70 s=15 time=0.001718
t=70 s=14 time=0.001691
t=70 s=13 time=0.002296
t=70 s=12 time=0.001626
t=70 s=9 time=0.005356
t=70 s=8 time=0.008442
t=70 s=7 time=0.011176
t=70 s=6 time=0.014074
t=70 s=5 time=0.010937
[38;2;000;128;000mTime: 0.556391s (2025-04-14 11:08:53)
[0mt=0 s=0 time=7.9e-05
t=2 s=1 time=0.000369
t=3 s=1 time=0.000309
t=4 s=2 time=0.000363
t=4 s=1 time=0.000367
t=5 s=2 time=0.00041
t=7 s=3 time=0.000428
t=8 s=2 time=0.000372
t=8 s=1 time=0.000349
t=9 s=2 time=0.000385
t=10 s=2 time=0.000401
t=11 s=3 time=0.000411
t=11 s=2 time=0.000357
t=12 s=4 time=0.000404
t=12 s=3 time=0.000427
t=13 s=4 time=0.000489
t=13 s=3 time=0.000397
t=14 s=5 time=0.000495
t=14 s=4 time=0.00042
t=15 s=5 time=0.000447
t=16 s=6 time=0.000466
t=16 s=5 time=0.000412
t=16 s=2 time=0.00037
t=16 s=1 time=0.000399
t=17 s=6 time=0.000479
t=18 s=4 time=0.000466
t=18 s=3 time=0.000409
t=18 s=2 time=0.000367
t=19 s=7 time=0.000467
t=19 s=2 time=0.000389
t=20 s=5 time=0.000454
t=20 s=3 time=0.000417
t=20 s=2 time=0.000367
t=21 s=6 time=0.000463
t=21 s=5 time=0.000395
t=21 s=4 time=0.000349
t=21 s=3 time=0.000411
t=22 s=6 time=0.0008
t=22 s=4 time=0.00057
t=22 s=3 time=0.000507
t=23 s=7 time=0.000691
t=23 s=6 time=0.000622
t=23 s=4 time=0.000553
t=23 s=3 time=0.000489
t=24 s=8 time=0.000497
t=24 s=7 time=0.000466
t=24 s=5 time=0.000525
t=24 s=4 time=0.000533
t=24 s=3 time=0.000542
t=25 s=8 time=0.000618
t=25 s=7 time=0.000626
t=25 s=3 time=0.000498
t=26 s=9 time=0.000835
t=26 s=8 time=0.00054
t=26 s=5 time=0.000607
t=26 s=4 time=0.000516
t=27 s=9 time=0.000516
t=27 s=6 time=0.00048
t=27 s=5 time=0.000435
t=27 s=4 time=0.000516
t=28 s=10 time=0.000521
t=28 s=9 time=0.000491
t=28 s=5 time=0.000473
t=28 s=4 time=0.000419
t=29 s=10 time=0.000455
t=29 s=5 time=0.000399
t=30 s=8 time=0.000429
t=30 s=7 time=0.000419
t=30 s=6 time=0.000416
t=30 s=5 time=0.00043
t=31 s=11 time=0.000439
t=32 s=9 time=0.000442
t=32 s=6 time=0.000413
t=32 s=2 time=0.000334
t=32 s=1 time=0.000284
t=33 s=10 time=0.000446
t=33 s=9 time=0.00043
t=33 s=8 time=0.000438
t=33 s=7 time=0.000419
t=33 s=6 time=0.000434
t=34 s=10 time=0.000473
t=34 s=3 time=0.000435
t=34 s=2 time=0.000317
t=35 s=11 time=0.000483
t=35 s=10 time=0.000448
t=35 s=3 time=0.000474
t=35 s=2 time=0.00033
t=36 s=12 time=0.000454
t=36 s=11 time=0.00049
t=36 s=9 time=0.000471
t=36 s=8 time=0.000471
t=36 s=7 time=0.00048
t=36 s=6 time=0.000446
t=36 s=5 time=0.000504
t=36 s=4 time=0.000544
t=36 s=3 time=0.000428
t=36 s=2 time=0.00035
t=37 s=12 time=0.000534
t=37 s=11 time=0.000529
t=37 s=5 time=0.000434
t=37 s=4 time=0.00067
t=37 s=3 time=0.000465
t=38 s=13 time=0.000523
t=38 s=12 time=0.0005
t=38 s=6 time=0.000509
t=39 s=13 time=0.000538
t=39 s=10 time=0.000519
t=39 s=9 time=0.00052
t=39 s=8 time=0.000542
t=39 s=7 time=0.000582
t=39 s=6 time=0.000574
t=39 s=5 time=0.000584
t=39 s=4 time=0.000609
t=40 s=14 time=0.000645
t=40 s=13 time=0.000659
t=40 s=7 time=0.000672
t=40 s=6 time=0.000766
t=40 s=5 time=0.000699
t=40 s=3 time=0.000639
t=40 s=2 time=0.000404
t=41 s=14 time=0.000565
t=41 s=7 time=0.000604
t=41 s=6 time=0.000612
t=41 s=5 time=0.000603
t=41 s=3 time=0.000599
t=42 s=12 time=0.000627
t=42 s=11 time=0.000758
t=42 s=10 time=0.000706
t=42 s=9 time=0.000627
t=42 s=8 time=0.000815
t=42 s=7 time=0.00064
t=42 s=6 time=0.00052
t=42 s=5 time=0.000712
t=42 s=4 time=0.000934
t=42 s=3 time=0.000813
t=43 s=15 time=0.000702
t=43 s=6 time=0.000755
t=43 s=4 time=0.001361
t=43 s=3 time=0.000811
t=44 s=13 time=0.000608
t=44 s=7 time=0.000696
t=44 s=6 time=0.000873
t=44 s=5 time=0.001003
t=44 s=4 time=0.001451
t=44 s=3 time=0.000918
t=45 s=14 time=0.000664
t=45 s=13 time=0.000547
t=45 s=12 time=0.000599
t=45 s=11 time=0.000557
t=45 s=10 time=0.000636
t=45 s=9 time=0.00069
t=45 s=8 time=0.000727
t=45 s=7 time=0.000752
t=45 s=6 time=0.000832
t=45 s=5 time=0.001028
t=45 s=4 time=0.001163
t=46 s=14 time=0.000559
t=46 s=8 time=0.000636
t=46 s=7 time=0.000782
t=46 s=6 time=0.000672
t=46 s=5 time=0.00071
t=47 s=15 time=0.000574
t=47 s=14 time=0.000536
t=47 s=7 time=0.000686
t=47 s=6 time=0.001114
t=47 s=5 time=0.001035
t=48 s=16 time=0.000596
t=48 s=15 time=0.000622
t=48 s=13 time=0.000643
t=48 s=12 time=0.000679
t=48 s=11 time=0.000583
t=48 s=10 time=0.000657
t=48 s=9 time=0.000834
t=48 s=8 time=0.000658
t=48 s=7 time=0.000768
t=48 s=6 time=0.000804
t=48 s=4 time=0.001086
t=48 s=3 time=0.001121
t=49 s=16 time=0.000711
t=49 s=15 time=0.000613
t=49 s=9 time=0.000729
t=49 s=8 time=0.000695
t=49 s=7 time=0.000801
t=50 s=17 time=0.000666
t=50 s=16 time=0.000646
t=50 s=10 time=0.000717
t=50 s=5 time=0.001577
t=50 s=4 time=0.001349
t=51 s=17 time=0.000671
t=51 s=14 time=0.000633
t=51 s=13 time=0.000641
t=51 s=12 time=0.000673
t=51 s=11 time=0.000804
t=51 s=10 time=0.001038
t=51 s=9 time=0.000757
t=51 s=8 time=0.000909
t=51 s=6 time=0.000986
t=51 s=5 time=0.00143
t=52 s=18 time=0.000705
t=52 s=17 time=0.000677
t=52 s=9 time=0.000792
t=52 s=6 time=0.001407
t=52 s=5 time=0.001513
t=52 s=4 time=0.002068
t=53 s=18 time=0.000749
t=53 s=11 time=0.000865
t=53 s=7 time=0.001592
t=53 s=6 time=0.001132
t=53 s=5 time=0.001749
t=53 s=4 time=0.001619
t=54 s=16 time=0.000661
t=54 s=15 time=0.000639
t=54 s=14 time=0.000635
t=54 s=13 time=0.000662
t=54 s=12 time=0.00085
t=54 s=11 time=0.000847
t=54 s=10 time=0.0009
t=54 s=9 time=0.000774
t=54 s=8 time=0.000873
t=54 s=7 time=0.001887
t=54 s=6 time=0.001778
t=54 s=5 time=0.00212
t=54 s=4 time=0.002713
t=55 s=19 time=0.000915
t=55 s=10 time=0.000899
t=55 s=9 time=0.000865
t=55 s=8 time=0.001907
t=55 s=7 time=0.002217
t=55 s=4 time=0.003226
t=56 s=17 time=0.000833
t=56 s=8 time=0.001554
t=56 s=7 time=0.001717
t=56 s=6 time=0.002519
t=56 s=5 time=0.002173
t=57 s=18 time=0.000711
t=57 s=17 time=0.000633
t=57 s=16 time=0.000652
t=57 s=15 time=0.000716
t=57 s=14 time=0.000716
t=57 s=13 time=0.000888
t=57 s=12 time=0.000913
t=57 s=11 time=0.001012
t=57 s=10 time=0.000968
t=57 s=9 time=0.001199
t=57 s=6 time=0.002389
t=57 s=5 time=0.002984
t=58 s=18 time=0.000976
t=58 s=12 time=0.000993
t=58 s=11 time=0.001004
t=58 s=10 time=0.000935
t=58 s=9 time=0.001532
t=58 s=6 time=0.002385
t=58 s=5 time=0.004426
t=59 s=19 time=0.000822
t=59 s=18 time=0.000716
t=59 s=8 time=0.001753
t=59 s=7 time=0.00231
t=59 s=6 time=0.002957
t=59 s=5 time=0.004079
t=60 s=20 time=0.000966
t=60 s=19 time=0.000839
t=60 s=17 time=0.000864
t=60 s=16 time=0.000858
t=60 s=15 time=0.000817
t=60 s=14 time=0.000989
t=60 s=13 time=0.001431
t=60 s=12 time=0.001199
t=60 s=11 time=0.001264
t=60 s=10 time=0.001192
t=60 s=9 time=0.00118
t=60 s=8 time=0.002918
t=60 s=7 time=0.002742
t=60 s=6 time=0.003237
t=61 s=20 time=0.001015
t=61 s=19 time=0.000882
t=61 s=13 time=0.001121
t=61 s=12 time=0.00123
t=61 s=11 time=0.001209
t=61 s=10 time=0.001165
t=61 s=9 time=0.001173
t=61 s=8 time=0.002406
t=61 s=7 time=0.002835
t=61 s=6 time=0.003221
t=62 s=21 time=0.00101
t=62 s=20 time=0.000794
t=62 s=14 time=0.001158
t=62 s=9 time=0.001759
t=62 s=8 time=0.002454
t=62 s=7 time=0.003778
t=63 s=21 time=0.001104
t=63 s=18 time=0.000899
t=63 s=17 time=0.000854
t=63 s=16 time=0.000903
t=63 s=15 time=0.001229
t=63 s=14 time=0.001545
t=63 s=13 time=0.001256
t=63 s=12 time=0.001103
t=63 s=11 time=0.001065
t=63 s=10 time=0.001519
t=63 s=9 time=0.001771
t=63 s=7 time=0.003704
t=64 s=22 time=0.00113
t=64 s=21 time=0.000881
t=64 s=13 time=0.001261
t=64 s=12 time=0.00127
t=64 s=11 time=0.00127
t=64 s=10 time=0.001531
t=64 s=7 time=0.002789
t=64 s=6 time=0.005111
t=64 s=2 time=0.001252
t=64 s=1 time=0.000497
t=65 s=22 time=0.000872
t=65 s=15 time=0.001276
t=65 s=11 time=0.001769
t=65 s=10 time=0.001958
t=65 s=9 time=0.002527
t=65 s=8 time=0.0036
t=65 s=4 time=0.007342
[38;2;000;128;000mTime: 0.310472s (2025-04-14 11:14:36)
[0mt=0 s=0 time=8.9e-05
t=2 s=1 time=0.000333
t=3 s=1 time=0.000351
t=4 s=2 time=0.000292
t=4 s=1 time=0.000301
t=5 s=2 time=0.0003
t=7 s=3 time=0.000291
t=8 s=2 time=0.000281
t=8 s=1 time=0.000296
t=9 s=2 time=0.000398
t=10 s=2 time=0.000398
t=11 s=3 time=0.000402
t=11 s=2 time=0.000398
t=12 s=4 time=0.000446
t=12 s=3 time=0.00046
t=13 s=4 time=0.00042
t=13 s=3 time=0.000375
t=14 s=5 time=0.000485
t=14 s=4 time=0.000413
t=15 s=5 time=0.000443
t=16 s=6 time=0.000379
t=16 s=5 time=0.000339
t=16 s=2 time=0.000285
t=16 s=1 time=0.000261
t=17 s=6 time=0.000361
t=18 s=4 time=0.000292
t=18 s=3 time=0.000278
t=18 s=2 time=0.000274
t=19 s=7 time=0.000325
t=19 s=2 time=0.000279
t=20 s=5 time=0.000381
t=20 s=3 time=0.000353
t=20 s=2 time=0.000312
t=21 s=6 time=0.000353
t=21 s=5 time=0.000342
t=21 s=4 time=0.000333
t=21 s=3 time=0.00035
t=22 s=6 time=0.000393
t=22 s=4 time=0.000337
t=22 s=3 time=0.000305
t=23 s=7 time=0.000421
t=23 s=6 time=0.00037
t=23 s=4 time=0.000453
t=23 s=3 time=0.000328
t=24 s=8 time=0.00035
t=24 s=7 time=0.000341
t=24 s=5 time=0.00036
t=24 s=4 time=0.000314
t=24 s=3 time=0.000297
t=25 s=8 time=0.000399
t=25 s=7 time=0.000338
t=25 s=3 time=0.000299
t=26 s=9 time=0.000394
t=26 s=8 time=0.000489
t=26 s=5 time=0.000402
t=26 s=4 time=0.000378
t=27 s=9 time=0.000421
t=27 s=6 time=0.000399
t=27 s=5 time=0.000386
t=27 s=4 time=0.000449
t=28 s=10 time=0.000446
t=28 s=9 time=0.000427
t=28 s=5 time=0.000432
t=28 s=4 time=0.000376
t=29 s=10 time=0.00043
t=29 s=5 time=0.000408
t=30 s=8 time=0.000413
t=30 s=7 time=0.000418
t=30 s=6 time=0.000404
t=30 s=5 time=0.000395
t=31 s=11 time=0.000445
t=32 s=9 time=0.000455
t=32 s=6 time=0.000451
t=32 s=2 time=0.000352
t=32 s=1 time=0.000311
t=33 s=10 time=0.000493
t=33 s=9 time=0.000513
t=33 s=8 time=0.000534
t=33 s=7 time=0.000529
t=33 s=6 time=0.000543
t=34 s=10 time=0.000583
t=34 s=3 time=0.00056
t=34 s=2 time=0.000449
t=35 s=11 time=0.000569
t=35 s=10 time=0.000542
t=35 s=3 time=0.000529
t=35 s=2 time=0.000411
t=36 s=12 time=0.000529
t=36 s=11 time=0.000481
t=36 s=9 time=0.000469
t=36 s=8 time=0.000479
t=36 s=7 time=0.000424
t=36 s=6 time=0.000431
t=36 s=5 time=0.000549
t=36 s=4 time=0.000519
t=36 s=3 time=0.000438
t=36 s=2 time=0.000335
t=37 s=12 time=0.000504
t=37 s=11 time=0.000469
t=37 s=5 time=0.000439
t=37 s=4 time=0.000695
t=37 s=3 time=0.000447
t=38 s=13 time=0.000575
t=38 s=12 time=0.000478
t=38 s=6 time=0.000485
t=39 s=13 time=0.000516
t=39 s=10 time=0.000471
t=39 s=9 time=0.000475
t=39 s=8 time=0.000456
t=39 s=7 time=0.000489
t=39 s=6 time=0.00051
t=39 s=5 time=0.000569
t=39 s=4 time=0.000536
[38;2;000;128;000mTime: 0.049456s (2025-04-14 12:47:26)
[0mt=0 s=0 time=0.000114
t=2 s=1 time=0.000365
t=3 s=1 time=0.000296
t=4 s=2 time=0.000286
t=4 s=1 time=0.000267
t=5 s=2 time=0.000314
t=7 s=3 time=0.000287
t=8 s=2 time=0.000297
t=8 s=1 time=0.00026
t=9 s=2 time=0.00028
t=10 s=2 time=0.000344
t=11 s=3 time=0.000409
t=11 s=2 time=0.000393
t=12 s=4 time=0.000416
t=12 s=3 time=0.000416
t=13 s=4 time=0.000409
t=13 s=3 time=0.000425
t=14 s=5 time=0.000441
t=14 s=4 time=0.000396
t=15 s=5 time=0.000411
t=16 s=6 time=0.000405
t=16 s=5 time=0.00037
t=16 s=2 time=0.000407
t=16 s=1 time=0.000355
t=17 s=6 time=0.000456
t=18 s=4 time=0.000419
t=18 s=3 time=0.000399
t=18 s=2 time=0.000362
t=19 s=7 time=0.000447
t=19 s=2 time=0.000372
t=20 s=5 time=0.00044
t=20 s=3 time=0.000431
t=20 s=2 time=0.000445
t=21 s=6 time=0.000461
t=21 s=5 time=0.000414
t=21 s=4 time=0.000402
t=21 s=3 time=0.000394
t=22 s=6 time=0.000383
t=22 s=4 time=0.000343
t=22 s=3 time=0.000409
t=23 s=7 time=0.000465
t=23 s=6 time=0.000443
t=23 s=4 time=0.000425
t=23 s=3 time=0.000407
t=24 s=8 time=0.000494
t=24 s=7 time=0.00044
t=24 s=5 time=0.000331
t=24 s=4 time=0.000364
t=24 s=3 time=0.000382
t=25 s=8 time=0.000567
t=25 s=7 time=0.000414
t=25 s=3 time=0.000369
t=26 s=9 time=0.000533
t=26 s=8 time=0.000525
t=26 s=5 time=0.000494
t=26 s=4 time=0.000452
t=27 s=9 time=0.000493
t=27 s=6 time=0.000534
t=27 s=5 time=0.000471
t=27 s=4 time=0.000526
t=28 s=10 time=0.000529
t=28 s=9 time=0.000537
t=28 s=5 time=0.000533
t=28 s=4 time=0.000459
t=29 s=10 time=0.000566
t=29 s=5 time=0.000501
t=30 s=8 time=0.000561
t=30 s=7 time=0.000626
t=30 s=6 time=0.000477
t=30 s=5 time=0.000506
t=31 s=11 time=0.000424
t=32 s=9 time=0.000383
t=32 s=6 time=0.000405
t=32 s=2 time=0.000345
t=32 s=1 time=0.000284
t=33 s=10 time=0.000408
t=33 s=9 time=0.000395
t=33 s=8 time=0.000379
t=33 s=7 time=0.000395
t=33 s=6 time=0.000479
t=34 s=10 time=0.000471
t=34 s=3 time=0.000406
t=34 s=2 time=0.000301
t=35 s=11 time=0.000399
t=35 s=10 time=0.000389
t=35 s=3 time=0.000423
t=35 s=2 time=0.000311
t=36 s=12 time=0.000415
t=36 s=11 time=0.000384
t=36 s=9 time=0.000407
t=36 s=8 time=0.000426
t=36 s=7 time=0.000408
t=36 s=6 time=0.000415
t=36 s=5 time=0.000473
t=36 s=4 time=0.00052
t=36 s=3 time=0.000464
t=36 s=2 time=0.00038
t=37 s=12 time=0.000546
t=37 s=11 time=0.000493
t=37 s=5 time=0.000488
t=37 s=4 time=0.000778
t=37 s=3 time=0.000439
t=38 s=13 time=0.000529
t=38 s=12 time=0.000475
t=38 s=6 time=0.000457
t=39 s=13 time=0.000523
t=39 s=10 time=0.000476
t=39 s=9 time=0.000472
t=39 s=8 time=0.000488
t=39 s=7 time=0.000473
t=39 s=6 time=0.000468
t=39 s=5 time=0.00053
t=39 s=4 time=0.000471
t=40 s=14 time=0.000573
t=40 s=13 time=0.000574
t=40 s=7 time=0.000588
t=40 s=6 time=0.000673
t=40 s=5 time=0.000666
t=40 s=3 time=0.000646
t=40 s=2 time=0.000409
t=41 s=14 time=0.000545
t=41 s=7 time=0.000637
t=41 s=6 time=0.00062
t=41 s=5 time=0.000628
t=41 s=3 time=0.000575
t=42 s=12 time=0.000558
t=42 s=11 time=0.000639
t=42 s=10 time=0.000519
t=42 s=9 time=0.000487
t=42 s=8 time=0.000592
t=42 s=7 time=0.000548
t=42 s=6 time=0.000518
t=42 s=5 time=0.000633
t=42 s=4 time=0.000802
t=42 s=3 time=0.000674
t=43 s=15 time=0.000555
t=43 s=6 time=0.00056
t=43 s=4 time=0.001057
t=43 s=3 time=0.000688
t=44 s=13 time=0.000517
t=44 s=7 time=0.000619
t=44 s=6 time=0.000817
t=44 s=5 time=0.00092
t=44 s=4 time=0.001425
t=44 s=3 time=0.000816
t=45 s=14 time=0.000584
t=45 s=13 time=0.000543
t=45 s=12 time=0.000521
t=45 s=11 time=0.000516
t=45 s=10 time=0.000489
t=45 s=9 time=0.000532
t=45 s=8 time=0.000577
t=45 s=7 time=0.000662
t=45 s=6 time=0.000722
t=45 s=5 time=0.000964
t=45 s=4 time=0.001186
t=46 s=14 time=0.000579
t=46 s=8 time=0.000639
t=46 s=7 time=0.000748
t=46 s=6 time=0.000692
t=46 s=5 time=0.000736
t=47 s=15 time=0.00059
t=47 s=14 time=0.000593
t=47 s=7 time=0.000737
t=47 s=6 time=0.00118
t=47 s=5 time=0.001136
[38;2;000;128;000mTime: 0.087478s (2025-04-14 21:45:21)
[0m
[38;2;200;255;255mFile: [0m
/Users/es2483/apps/SSeqCpp/Adams/../include/algebras/myio.h(79:90)
[38;2;200;255;255mFunction: [0m
``:
[38;2;200;255;255mError: [0m
File C2_Adams_res.db does not exist.

t=0 s=0 time=0.000108
t=2 s=1 time=0.00043
t=3 s=1 time=0.000426
t=4 s=2 time=0.000361
t=4 s=1 time=0.000329
t=5 s=2 time=0.000416
t=7 s=3 time=0.000379
t=8 s=2 time=0.000373
t=8 s=1 time=0.000341
t=9 s=2 time=0.000347
t=10 s=2 time=0.000401
t=11 s=3 time=0.000397
t=11 s=2 time=0.000353
t=12 s=4 time=0.000399
t=12 s=3 time=0.000428
t=13 s=4 time=0.000405
t=13 s=3 time=0.000385
t=14 s=5 time=0.000435
t=14 s=4 time=0.000367
t=15 s=5 time=0.00036
t=16 s=6 time=0.000361
t=16 s=5 time=0.000311
t=16 s=2 time=0.000315
t=16 s=1 time=0.000362
t=17 s=6 time=0.000376
t=18 s=4 time=0.000365
t=18 s=3 time=0.000308
t=18 s=2 time=0.000273
t=19 s=7 time=0.000315
t=19 s=2 time=0.000273
t=20 s=5 time=0.000339
t=20 s=3 time=0.000317
t=20 s=2 time=0.000272
t=21 s=6 time=0.000357
t=21 s=5 time=0.000402
t=21 s=4 time=0.000413
t=21 s=3 time=0.000457
t=22 s=6 time=0.00039
t=22 s=4 time=0.000339
t=22 s=3 time=0.000381
t=23 s=7 time=0.00038
t=23 s=6 time=0.000326
t=23 s=4 time=0.000329
t=23 s=3 time=0.00033
t=24 s=8 time=0.000362
t=24 s=7 time=0.000353
t=24 s=5 time=0.000337
t=24 s=4 time=0.000653
t=24 s=3 time=0.00033
t=25 s=8 time=0.000372
t=25 s=7 time=0.000409
t=25 s=3 time=0.00034
t=26 s=9 time=0.000425
t=26 s=8 time=0.000394
t=26 s=5 time=0.000458
t=26 s=4 time=0.000432
t=27 s=9 time=0.000519
t=27 s=6 time=0.000474
t=27 s=5 time=0.000463
t=27 s=4 time=0.000528
t=28 s=10 time=0.00061
t=28 s=9 time=0.000602
t=28 s=5 time=0.000548
t=28 s=4 time=0.000484
t=29 s=10 time=0.000542
t=29 s=5 time=0.000528
t=30 s=8 time=0.000668
t=30 s=7 time=0.000526
t=30 s=6 time=0.000505
t=30 s=5 time=0.000656
t=31 s=11 time=0.000572
t=32 s=9 time=0.000447
t=32 s=6 time=0.000494
t=32 s=2 time=0.000528
t=32 s=1 time=0.000536
t=33 s=10 time=0.000523
t=33 s=9 time=0.000464
t=33 s=8 time=0.00072
t=33 s=7 time=0.000569
t=33 s=6 time=0.000429
t=34 s=10 time=0.000494
t=34 s=3 time=0.000613
t=34 s=2 time=0.000426
t=35 s=11 time=0.000403
t=35 s=10 time=0.000424
t=35 s=3 time=0.000426
t=35 s=2 time=0.000341
t=36 s=12 time=0.000459
t=36 s=11 time=0.000433
t=36 s=9 time=0.000447
t=36 s=8 time=0.000447
t=36 s=7 time=0.000476
t=36 s=6 time=0.000528
t=36 s=5 time=0.000509
t=36 s=4 time=0.000497
t=36 s=3 time=0.000427
t=36 s=2 time=0.000361
t=37 s=12 time=0.000465
t=37 s=11 time=0.000444
t=37 s=5 time=0.000431
t=37 s=4 time=0.000683
t=37 s=3 time=0.000557
t=38 s=13 time=0.000565
t=38 s=12 time=0.000501
t=38 s=6 time=0.000446
t=39 s=13 time=0.000496
t=39 s=10 time=0.0005
t=39 s=9 time=0.000464
t=39 s=8 time=0.000471
t=39 s=7 time=0.000562
t=39 s=6 time=0.000628
t=39 s=5 time=0.000549
t=39 s=4 time=0.000544
t=40 s=14 time=0.000515
t=40 s=13 time=0.000466
t=40 s=7 time=0.000484
t=40 s=6 time=0.00054
t=40 s=5 time=0.000539
t=40 s=3 time=0.00054
t=40 s=2 time=0.000328
t=41 s=14 time=0.000491
t=41 s=7 time=0.000575
t=41 s=6 time=0.000599
t=41 s=5 time=0.000686
t=41 s=3 time=0.000616
t=42 s=12 time=0.000575
t=42 s=11 time=0.000622
t=42 s=10 time=0.000574
t=42 s=9 time=0.000582
t=42 s=8 time=0.000647
t=42 s=7 time=0.000577
t=42 s=6 time=0.000585
t=42 s=5 time=0.000754
t=42 s=4 time=0.001014
t=42 s=3 time=0.000702
t=43 s=15 time=0.000575
t=43 s=6 time=0.000648
t=43 s=4 time=0.00107
t=43 s=3 time=0.000754
t=44 s=13 time=0.000588
t=44 s=7 time=0.000665
t=44 s=6 time=0.000782
t=44 s=5 time=0.000847
t=44 s=4 time=0.001388
t=44 s=3 time=0.000833
t=45 s=14 time=0.000609
t=45 s=13 time=0.00063
t=45 s=12 time=0.000557
t=45 s=11 time=0.000536
t=45 s=10 time=0.000524
t=45 s=9 time=0.000593
t=45 s=8 time=0.000623
t=45 s=7 time=0.000663
t=45 s=6 time=0.00073
t=45 s=5 time=0.001036
t=45 s=4 time=0.001312
t=46 s=14 time=0.000697
t=46 s=8 time=0.00074
t=46 s=7 time=0.000861
t=46 s=6 time=0.000795
t=46 s=5 time=0.00086
t=47 s=15 time=0.000882
t=47 s=14 time=0.000908
t=47 s=7 time=0.000831
t=47 s=6 time=0.001216
t=47 s=5 time=0.001208
t=48 s=16 time=0.000641
t=48 s=15 time=0.00071
t=48 s=13 time=0.00062
t=48 s=12 time=0.000607
t=48 s=11 time=0.000583
t=48 s=10 time=0.000615
t=48 s=9 time=0.000736
t=48 s=8 time=0.000828
t=48 s=7 time=0.001172
t=48 s=6 time=0.001027
t=48 s=4 time=0.001315
t=48 s=3 time=0.001283
t=49 s=16 time=0.000703
t=49 s=15 time=0.000645
t=49 s=9 time=0.000852
t=49 s=8 time=0.000779
t=49 s=7 time=0.000869
t=50 s=17 time=0.000565
t=50 s=16 time=0.00052
t=50 s=10 time=0.000659
t=50 s=5 time=0.001588
t=50 s=4 time=0.001428
t=51 s=17 time=0.000614
t=51 s=14 time=0.000592
t=51 s=13 time=0.000629
t=51 s=12 time=0.000715
t=51 s=11 time=0.000965
t=51 s=10 time=0.000977
t=51 s=9 time=0.000681
t=51 s=8 time=0.000988
t=51 s=6 time=0.001201
t=51 s=5 time=0.001598
t=52 s=18 time=0.000803
t=52 s=17 time=0.000627
t=52 s=9 time=0.000847
t=52 s=6 time=0.001543
t=52 s=5 time=0.00171
t=52 s=4 time=0.002201
t=53 s=18 time=0.000672
t=53 s=11 time=0.000773
t=53 s=7 time=0.00148
t=53 s=6 time=0.001213
t=53 s=5 time=0.001816
t=53 s=4 time=0.001792
t=54 s=16 time=0.000718
t=54 s=15 time=0.000604
t=54 s=14 time=0.000727
t=54 s=13 time=0.000708
t=54 s=12 time=0.000981
t=54 s=11 time=0.000762
t=54 s=10 time=0.000709
t=54 s=9 time=0.000643
t=54 s=8 time=0.000759
t=54 s=7 time=0.001738
t=54 s=6 time=0.001856
t=54 s=5 time=0.00213
t=54 s=4 time=0.002607
t=55 s=19 time=0.000878
t=55 s=10 time=0.000914
t=55 s=9 time=0.0008
t=55 s=8 time=0.002019
t=55 s=7 time=0.002257
t=55 s=4 time=0.003033
[38;2;000;128;000mTime: 0.159037s (2025-04-15 13:34:15)
[0mt=0 s=0 time=0.000133
t=2 s=1 time=0.000657
t=3 s=1 time=0.000504
t=4 s=2 time=0.000417
t=4 s=1 time=0.000408
t=5 s=2 time=0.000392
t=7 s=3 time=0.000433
t=8 s=2 time=0.000454
t=8 s=1 time=0.000408
t=9 s=2 time=0.00043
t=10 s=2 time=0.000387
t=11 s=3 time=0.000408
t=11 s=2 time=0.000362
t=12 s=4 time=0.000389
t=12 s=3 time=0.000416
t=13 s=4 time=0.000434
t=13 s=3 time=0.000373
t=14 s=5 time=0.000399
t=14 s=4 time=0.000387
t=15 s=5 time=0.000381
t=16 s=6 time=0.000477
t=16 s=5 time=0.000345
t=16 s=2 time=0.000283
t=16 s=1 time=0.000266
t=17 s=6 time=0.000348
t=18 s=4 time=0.000347
t=18 s=3 time=0.000298
t=18 s=2 time=0.000344
t=19 s=7 time=0.000471
t=19 s=2 time=0.000384
t=20 s=5 time=0.000452
t=20 s=3 time=0.000413
t=20 s=2 time=0.000411
t=21 s=6 time=0.000448
t=21 s=5 time=0.000437
t=21 s=4 time=0.000403
t=21 s=3 time=0.000404
t=22 s=6 time=0.0005
t=22 s=4 time=0.000449
t=22 s=3 time=0.000408
t=23 s=7 time=0.000483
t=23 s=6 time=0.00045
t=23 s=4 time=0.000439
t=23 s=3 time=0.000293
t=24 s=8 time=0.000358
t=24 s=7 time=0.000455
t=24 s=5 time=0.000469
t=24 s=4 time=0.000438
t=24 s=3 time=0.000423
t=25 s=8 time=0.000474
t=25 s=7 time=0.000493
t=25 s=3 time=0.000438
t=26 s=9 time=0.000577
t=26 s=8 time=0.000386
t=26 s=5 time=0.000397
t=26 s=4 time=0.000374
t=27 s=9 time=0.000454
t=27 s=6 time=0.000416
t=27 s=5 time=0.000365
t=27 s=4 time=0.00044
t=28 s=10 time=0.000429
t=28 s=9 time=0.000418
t=28 s=5 time=0.000431
t=28 s=4 time=0.000358
t=29 s=10 time=0.000422
t=29 s=5 time=0.000385
t=30 s=8 time=0.000397
t=30 s=7 time=0.000434
t=30 s=6 time=0.0004
t=30 s=5 time=0.000416
t=31 s=11 time=0.000436
t=32 s=9 time=0.000421
t=32 s=6 time=0.000394
t=32 s=2 time=0.000321
t=32 s=1 time=0.000278
t=33 s=10 time=0.000439
t=33 s=9 time=0.000441
t=33 s=8 time=0.000417
t=33 s=7 time=0.000424
t=33 s=6 time=0.000425
t=34 s=10 time=0.000453
t=34 s=3 time=0.000421
t=34 s=2 time=0.000355
t=35 s=11 time=0.000566
t=35 s=10 time=0.000524
t=35 s=3 time=0.000606
t=35 s=2 time=0.000481
t=36 s=12 time=0.000585
t=36 s=11 time=0.000594
t=36 s=9 time=0.000523
t=36 s=8 time=0.000573
t=36 s=7 time=0.000524
t=36 s=6 time=0.000522
t=36 s=5 time=0.000616
t=36 s=4 time=0.000635
t=36 s=3 time=0.000561
t=36 s=2 time=0.000436
t=37 s=12 time=0.000614
t=37 s=11 time=0.000638
t=37 s=5 time=0.000584
t=37 s=4 time=0.000846
t=37 s=3 time=0.000441
t=38 s=13 time=0.000512
t=38 s=12 time=0.000474
t=38 s=6 time=0.000521
t=39 s=13 time=0.000547
t=39 s=10 time=0.000484
t=39 s=9 time=0.00046
t=39 s=8 time=0.000499
t=39 s=7 time=0.000494
t=39 s=6 time=0.000489
t=39 s=5 time=0.000481
t=39 s=4 time=0.000487
t=40 s=14 time=0.00055
t=40 s=13 time=0.000523
t=40 s=7 time=0.000567
t=40 s=6 time=0.00072
t=40 s=5 time=0.000694
t=40 s=3 time=0.000643
t=40 s=2 time=0.000439
t=41 s=14 time=0.000583
t=41 s=7 time=0.000573
t=41 s=6 time=0.000577
t=41 s=5 time=0.000742
t=41 s=3 time=0.000547
t=42 s=12 time=0.000549
t=42 s=11 time=0.000552
t=42 s=10 time=0.000521
t=42 s=9 time=0.000491
t=42 s=8 time=0.000578
t=42 s=7 time=0.000641
t=42 s=6 time=0.000607
t=42 s=5 time=0.000742
t=42 s=4 time=0.000891
t=42 s=3 time=0.000707
t=43 s=15 time=0.000546
t=43 s=6 time=0.000528
t=43 s=4 time=0.001013
t=43 s=3 time=0.000672
t=44 s=13 time=0.000566
t=44 s=7 time=0.000644
t=44 s=6 time=0.000804
t=44 s=5 time=0.000892
t=44 s=4 time=0.001396
t=44 s=3 time=0.000839
t=45 s=14 time=0.00058
t=45 s=13 time=0.000535
t=45 s=12 time=0.000545
t=45 s=11 time=0.00052
t=45 s=10 time=0.000502
t=45 s=9 time=0.000541
t=45 s=8 time=0.000544
t=45 s=7 time=0.000612
t=45 s=6 time=0.000698
t=45 s=5 time=0.000957
t=45 s=4 time=0.001202
t=46 s=14 time=0.0006
t=46 s=8 time=0.000646
t=46 s=7 time=0.000749
t=46 s=6 time=0.00065
t=46 s=5 time=0.00073
t=47 s=15 time=0.000611
t=47 s=14 time=0.000547
t=47 s=7 time=0.000673
t=47 s=6 time=0.001118
t=47 s=5 time=0.001036
t=48 s=16 time=0.000621
t=48 s=15 time=0.000629
t=48 s=13 time=0.000627
t=48 s=12 time=0.000571
t=48 s=11 time=0.000547
t=48 s=10 time=0.0006
t=48 s=9 time=0.000857
t=48 s=8 time=0.000741
t=48 s=7 time=0.000894
t=48 s=6 time=0.000911
t=48 s=4 time=0.001128
t=48 s=3 time=0.001105
t=49 s=16 time=0.00061
t=49 s=15 time=0.000547
t=49 s=9 time=0.000646
t=49 s=8 time=0.00065
t=49 s=7 time=0.000746
t=50 s=17 time=0.000643
t=50 s=16 time=0.000653
t=50 s=10 time=0.000811
t=50 s=5 time=0.001569
t=50 s=4 time=0.001224
t=51 s=17 time=0.000607
t=51 s=14 time=0.000627
t=51 s=13 time=0.000632
t=51 s=12 time=0.000665
t=51 s=11 time=0.000759
t=51 s=10 time=0.000936
t=51 s=9 time=0.000743
t=51 s=8 time=0.000807
t=51 s=6 time=0.000894
t=51 s=5 time=0.001397
t=52 s=18 time=0.000683
t=52 s=17 time=0.00063
t=52 s=9 time=0.000739
t=52 s=6 time=0.001351
t=52 s=5 time=0.00144
t=52 s=4 time=0.002128
t=53 s=18 time=0.000786
t=53 s=11 time=0.000948
t=53 s=7 time=0.001558
t=53 s=6 time=0.001312
t=53 s=5 time=0.001864
t=53 s=4 time=0.001765
t=54 s=16 time=0.001112
t=54 s=15 time=0.000739
t=54 s=14 time=0.000689
t=54 s=13 time=0.00065
t=54 s=12 time=0.000965
t=54 s=11 time=0.000784
t=54 s=10 time=0.000782
t=54 s=9 time=0.000684
t=54 s=8 time=0.000797
t=54 s=7 time=0.001815
t=54 s=6 time=0.001692
t=54 s=5 time=0.002037
t=54 s=4 time=0.002395
t=55 s=19 time=0.001019
t=55 s=10 time=0.000841
t=55 s=9 time=0.000793
t=55 s=8 time=0.001715
t=55 s=7 time=0.001945
t=55 s=4 time=0.003039
[38;2;000;128;000mTime: 0.155289s (2025-04-15 14:14:00)
[0mt=0 s=0 time=0.000102
t=2 s=1 time=0.000463
t=3 s=1 time=0.000394
t=4 s=2 time=0.000319
t=4 s=1 time=0.000332
t=5 s=2 time=0.000311
t=7 s=3 time=0.000327
t=8 s=2 time=0.000398
t=8 s=1 time=0.000391
t=9 s=2 time=0.000429
t=10 s=2 time=0.000421
t=11 s=3 time=0.000431
t=11 s=2 time=0.000397
t=12 s=4 time=0.000475
t=12 s=3 time=0.000454
t=13 s=4 time=0.000444
t=13 s=3 time=0.000412
t=14 s=5 time=0.000519
t=14 s=4 time=0.000432
t=15 s=5 time=0.000456
t=16 s=6 time=0.000489
t=16 s=5 time=0.00046
t=16 s=2 time=0.000426
t=16 s=1 time=0.000409
t=17 s=6 time=0.000479
t=18 s=4 time=0.000432
t=18 s=3 time=0.000426
t=18 s=2 time=0.000415
t=19 s=7 time=0.000454
t=19 s=2 time=0.000383
t=20 s=5 time=0.000445
t=20 s=3 time=0.000405
t=20 s=2 time=0.000418
t=21 s=6 time=0.00047
t=21 s=5 time=0.000439
t=21 s=4 time=0.000428
t=21 s=3 time=0.00043
t=22 s=6 time=0.000508
t=22 s=4 time=0.000444
t=22 s=3 time=0.00039
t=23 s=7 time=0.000474
t=23 s=6 time=0.000469
t=23 s=4 time=0.000492
t=23 s=3 time=0.000462
t=24 s=8 time=0.000605
t=24 s=7 time=0.000496
t=24 s=5 time=0.00046
t=24 s=4 time=0.000484
t=24 s=3 time=0.000449
t=25 s=8 time=0.000535
t=25 s=7 time=0.000635
t=25 s=3 time=0.000411
t=26 s=9 time=0.00043
t=26 s=8 time=0.000395
t=26 s=5 time=0.000377
t=26 s=4 time=0.000369
t=27 s=9 time=0.000439
t=27 s=6 time=0.000433
t=27 s=5 time=0.00039
t=27 s=4 time=0.000482
t=28 s=10 time=0.000449
t=28 s=9 time=0.000443
t=28 s=5 time=0.000483
t=28 s=4 time=0.000457
t=29 s=10 time=0.000534
t=29 s=5 time=0.000408
t=30 s=8 time=0.00041
t=30 s=7 time=0.000458
t=30 s=6 time=0.00042
t=30 s=5 time=0.000426
t=31 s=11 time=0.000494
t=32 s=9 time=0.00044
t=32 s=6 time=0.000434
t=32 s=2 time=0.000365
t=32 s=1 time=0.000298
t=33 s=10 time=0.000467
t=33 s=9 time=0.000421
t=33 s=8 time=0.000462
t=33 s=7 time=0.00042
t=33 s=6 time=0.000458
t=34 s=10 time=0.000485
t=34 s=3 time=0.000458
t=34 s=2 time=0.000355
t=35 s=11 time=0.00049
t=35 s=10 time=0.000465
t=35 s=3 time=0.000436
t=35 s=2 time=0.000423
t=36 s=12 time=0.000576
t=36 s=11 time=0.000525
t=36 s=9 time=0.000529
t=36 s=8 time=0.000563
t=36 s=7 time=0.000482
t=36 s=6 time=0.000454
t=36 s=5 time=0.000517
t=36 s=4 time=0.000539
t=36 s=3 time=0.000437
t=36 s=2 time=0.00037
t=37 s=12 time=0.000624
t=37 s=11 time=0.000564
t=37 s=5 time=0.000491
t=37 s=4 time=0.000716
t=37 s=3 time=0.000459
t=38 s=13 time=0.000532
t=38 s=12 time=0.000519
t=38 s=6 time=0.000471
t=39 s=13 time=0.00054
t=39 s=10 time=0.0005
t=39 s=9 time=0.000472
t=39 s=8 time=0.000479
t=39 s=7 time=0.000555
t=39 s=6 time=0.000509
t=39 s=5 time=0.000531
t=39 s=4 time=0.000507
t=40 s=14 time=0.000574
t=40 s=13 time=0.000527
t=40 s=7 time=0.000589
t=40 s=6 time=0.000573
t=40 s=5 time=0.00074
t=40 s=3 time=0.000571
t=40 s=2 time=0.0004
t=41 s=14 time=0.000598
t=41 s=7 time=0.000667
t=41 s=6 time=0.000614
t=41 s=5 time=0.000675
t=41 s=3 time=0.000598
t=42 s=12 time=0.000588
t=42 s=11 time=0.000649
t=42 s=10 time=0.000654
t=42 s=9 time=0.000573
t=42 s=8 time=0.000682
t=42 s=7 time=0.000655
t=42 s=6 time=0.000581
t=42 s=5 time=0.000686
t=42 s=4 time=0.000826
t=42 s=3 time=0.000785
t=43 s=15 time=0.000714
t=43 s=6 time=0.000688
t=43 s=4 time=0.001127
t=43 s=3 time=0.000743
t=44 s=13 time=0.000619
t=44 s=7 time=0.000717
t=44 s=6 time=0.00095
t=44 s=5 time=0.000941
t=44 s=4 time=0.001468
t=44 s=3 time=0.000827
t=45 s=14 time=0.000621
t=45 s=13 time=0.000563
t=45 s=12 time=0.000578
t=45 s=11 time=0.00053
t=45 s=10 time=0.000538
t=45 s=9 time=0.000628
t=45 s=8 time=0.000602
t=45 s=7 time=0.000779
t=45 s=6 time=0.000888
t=45 s=5 time=0.001067
t=45 s=4 time=0.001206
t=46 s=14 time=0.000657
t=46 s=8 time=0.000674
t=46 s=7 time=0.000859
t=46 s=6 time=0.000811
t=46 s=5 time=0.000788
t=47 s=15 time=0.000643
t=47 s=14 time=0.000634
t=47 s=7 time=0.000775
t=47 s=6 time=0.001208
t=47 s=5 time=0.001093
t=48 s=16 time=0.000714
t=48 s=15 time=0.000696
t=48 s=13 time=0.000685
t=48 s=12 time=0.000646
t=48 s=11 time=0.000617
t=48 s=10 time=0.000604
t=48 s=9 time=0.000791
t=48 s=8 time=0.000701
t=48 s=7 time=0.000848
t=48 s=6 time=0.000994
t=48 s=4 time=0.001255
t=48 s=3 time=0.001154
t=49 s=16 time=0.000641
t=49 s=15 time=0.000618
t=49 s=9 time=0.00071
t=49 s=8 time=0.000646
t=49 s=7 time=0.000763
t=50 s=17 time=0.00064
t=50 s=16 time=0.000648
t=50 s=10 time=0.000715
t=50 s=5 time=0.001603
t=50 s=4 time=0.00129
t=51 s=17 time=0.00064
t=51 s=14 time=0.000629
t=51 s=13 time=0.000618
t=51 s=12 time=0.000606
t=51 s=11 time=0.000769
t=51 s=10 time=0.001015
t=51 s=9 time=0.000776
t=51 s=8 time=0.000829
t=51 s=6 time=0.000961
t=51 s=5 time=0.001421
t=52 s=18 time=0.000725
t=52 s=17 time=0.000682
t=52 s=9 time=0.000895
t=52 s=6 time=0.001444
t=52 s=5 time=0.001476
t=52 s=4 time=0.002167
t=53 s=18 time=0.000689
t=53 s=11 time=0.000812
t=53 s=7 time=0.001523
t=53 s=6 time=0.001216
t=53 s=5 time=0.001826
t=53 s=4 time=0.001681
t=54 s=16 time=0.000711
t=54 s=15 time=0.000717
t=54 s=14 time=0.000654
t=54 s=13 time=0.000618
t=54 s=12 time=0.000768
t=54 s=11 time=0.000784
t=54 s=10 time=0.000823
t=54 s=9 time=0.000759
t=54 s=8 time=0.000841
t=54 s=7 time=0.001797
t=54 s=6 time=0.001816
t=54 s=5 time=0.002033
t=54 s=4 time=0.002588
t=55 s=19 time=0.000803
t=55 s=10 time=0.000837
t=55 s=9 time=0.000794
t=55 s=8 time=0.001714
t=55 s=7 time=0.001924
t=55 s=4 time=0.003027
t=56 s=17 time=0.000708
t=56 s=8 time=0.001533
t=56 s=7 time=0.001735
t=56 s=6 time=0.002598
t=56 s=5 time=0.00224
t=57 s=18 time=0.000796
t=57 s=17 time=0.000691
t=57 s=16 time=0.000705
t=57 s=15 time=0.000778
t=57 s=14 time=0.000773
t=57 s=13 time=0.000884
t=57 s=12 time=0.000841
t=57 s=11 time=0.000855
t=57 s=10 time=0.000877
t=57 s=9 time=0.001057
t=57 s=6 time=0.002066
t=57 s=5 time=0.00269
t=58 s=18 time=0.000827
t=58 s=12 time=0.00091
t=58 s=11 time=0.00091
t=58 s=10 time=0.000885
t=58 s=9 time=0.001567
t=58 s=6 time=0.002459
t=58 s=5 time=0.004452
t=59 s=19 time=0.000973
t=59 s=18 time=0.000851
t=59 s=8 time=0.001769
t=59 s=7 time=0.002251
t=59 s=6 time=0.002714
t=59 s=5 time=0.003835
t=60 s=20 time=0.000848
t=60 s=19 time=0.000753
t=60 s=17 time=0.000865
t=60 s=16 time=0.000833
t=60 s=15 time=0.000792
t=60 s=14 time=0.000903
t=60 s=13 time=0.001202
t=60 s=12 time=0.000974
t=60 s=11 time=0.000976
t=60 s=10 time=0.000926
t=60 s=9 time=0.000936
t=60 s=8 time=0.00257
t=60 s=7 time=0.002535
t=60 s=6 time=0.002967
t=61 s=20 time=0.000854
t=61 s=19 time=0.000782
t=61 s=13 time=0.001037
t=61 s=12 time=0.001068
t=61 s=11 time=0.001084
t=61 s=10 time=0.001029
t=61 s=9 time=0.001021
t=61 s=8 time=0.002268
t=61 s=7 time=0.002612
t=61 s=6 time=0.003129
t=62 s=21 time=0.000923
t=62 s=20 time=0.000775
t=62 s=14 time=0.001035
t=62 s=9 time=0.00167
t=62 s=8 time=0.002455
t=62 s=7 time=0.00363
t=63 s=21 time=0.00408
t=63 s=18 time=0.000831
t=63 s=17 time=0.000731
t=63 s=16 time=0.000739
t=63 s=15 time=0.001084
t=63 s=14 time=0.001483
t=63 s=13 time=0.001199
t=63 s=12 time=0.001029
t=63 s=11 time=0.001006
t=63 s=10 time=0.001338
t=63 s=9 time=0.001664
t=63 s=7 time=0.003504
t=64 s=22 time=0.000968
t=64 s=21 time=0.000789
t=64 s=13 time=0.001107
t=64 s=12 time=0.001103
t=64 s=11 time=0.001147
t=64 s=10 time=0.001407
t=64 s=7 time=0.002662
t=64 s=6 time=0.004931
t=64 s=2 time=0.001138
t=64 s=1 time=0.000458
t=65 s=22 time=0.000847
t=65 s=15 time=0.001124
t=65 s=11 time=0.001532
t=65 s=10 time=0.001898
t=65 s=9 time=0.002393
t=65 s=8 time=0.003442
t=65 s=4 time=0.007191
t=66 s=20 time=0.000909
t=66 s=19 time=0.000881
t=66 s=18 time=0.000842
t=66 s=17 time=0.000844
t=66 s=16 time=0.001168
t=66 s=15 time=0.001068
t=66 s=14 time=0.001228
t=66 s=13 time=0.001276
t=66 s=12 time=0.001276
t=66 s=11 time=0.001854
t=66 s=10 time=0.00202
t=66 s=9 time=0.002049
t=66 s=4 time=0.005748
t=66 s=3 time=0.004842
t=66 s=2 time=0.000907
t=67 s=23 time=0.000838
t=67 s=14 time=0.001248
t=67 s=13 time=0.001337
t=67 s=12 time=0.001789
t=67 s=11 time=0.001311
t=67 s=10 time=0.001181
t=67 s=9 time=0.002617
t=67 s=8 time=0.003468
t=67 s=7 time=0.005957
t=67 s=6 time=0.007708
t=67 s=5 time=0.011875
t=67 s=3 time=0.00438
t=67 s=2 time=0.000759
t=68 s=21 time=0.001013
t=68 s=12 time=0.001588
t=68 s=11 time=0.002113
t=68 s=10 time=0.002748
t=68 s=6 time=0.010314
t=68 s=5 time=0.010868
t=68 s=4 time=0.00982
t=68 s=3 time=0.007965
t=68 s=2 time=0.001446
t=69 s=22 time=0.001019
t=69 s=21 time=0.000934
t=69 s=20 time=0.00084
t=69 s=19 time=0.000894
t=69 s=18 time=0.000939
t=69 s=17 time=0.001298
t=69 s=16 time=0.001302
t=69 s=15 time=0.00151
t=69 s=14 time=0.001467
t=69 s=13 time=0.001377
t=69 s=12 time=0.001348
t=69 s=11 time=0.001707
t=69 s=10 time=0.002273
t=69 s=9 time=0.002319
t=69 s=7 time=0.004829
t=69 s=6 time=0.013557
t=69 s=5 time=0.009996
t=69 s=4 time=0.009496
t=69 s=3 time=0.004198
t=70 s=22 time=0.001021
t=70 s=16 time=0.00143
t=70 s=15 time=0.001553
t=70 s=14 time=0.001474
t=70 s=13 time=0.002128
t=70 s=12 time=0.001482
t=70 s=9 time=0.00543
t=70 s=8 time=0.008582
t=70 s=7 time=0.010956
t=70 s=6 time=0.013964
t=70 s=5 time=0.011113
t=71 s=23 time=0.001171
t=71 s=22 time=0.001018
t=71 s=11 time=0.002585
t=71 s=8 time=0.00559
t=71 s=7 time=0.010212
t=71 s=6 time=0.008404
t=71 s=5 time=0.011685
t=71 s=4 time=0.007104
t=72 s=24 time=0.001124
t=72 s=23 time=0.001102
t=72 s=21 time=0.001062
t=72 s=20 time=0.001046
t=72 s=19 time=0.001089
t=72 s=18 time=0.001467
t=72 s=17 time=0.002126
t=72 s=16 time=0.001603
t=72 s=15 time=0.001531
t=72 s=14 time=0.001509
t=72 s=13 time=0.001447
t=72 s=12 time=0.00224
t=72 s=11 time=0.002806
t=72 s=10 time=0.006286
t=72 s=9 time=0.007058
t=72 s=8 time=0.005609
t=72 s=7 time=0.014482
t=72 s=6 time=0.015308
t=72 s=5 time=0.018172
t=72 s=4 time=0.014684
t=72 s=3 time=0.00728
t=72 s=2 time=0.001337
t=73 s=24 time=0.001072
t=73 s=23 time=0.000976
t=73 s=17 time=0.001606
t=73 s=16 time=0.001869
t=73 s=15 time=0.001684
t=73 s=14 time=0.001694
t=73 s=13 time=0.001655
t=73 s=12 time=0.001485
t=73 s=11 time=0.001581
t=73 s=10 time=0.006001
t=73 s=9 time=0.008215
t=73 s=8 time=0.011727
t=73 s=7 time=0.015598
t=73 s=4 time=0.015954
t=73 s=3 time=0.005097
t=74 s=25 time=0.001231
t=74 s=24 time=0.001033
t=74 s=18 time=0.001817
t=74 s=11 time=0.003899
t=74 s=10 time=0.004417
t=74 s=9 time=0.005828
t=74 s=7 time=0.008665
t=74 s=6 time=0.024392
t=74 s=5 time=0.014456
t=74 s=4 time=0.018983
t=74 s=3 time=0.007218
t=75 s=25 time=0.001159
t=75 s=22 time=0.001159
t=75 s=21 time=0.001128
t=75 s=20 time=0.001072
t=75 s=19 time=0.001787
t=75 s=18 time=0.00256
t=75 s=17 time=0.00186
t=75 s=16 time=0.001704
t=75 s=15 time=0.001597
t=75 s=14 time=0.002485
t=75 s=13 time=0.002752
t=75 s=12 time=0.002296
t=75 s=11 time=0.00511
t=75 s=10 time=0.008391
t=75 s=9 time=0.010262
t=75 s=8 time=0.012569
t=75 s=7 time=0.024794
t=75 s=6 time=0.026787
t=75 s=5 time=0.022171
t=75 s=4 time=0.025849
t=75 s=3 time=0.008416
t=76 s=26 time=0.001192
t=76 s=25 time=0.001106
t=76 s=17 time=0.002072
t=76 s=16 time=0.001932
t=76 s=15 time=0.00189
t=76 s=14 time=0.001774
t=76 s=13 time=0.001825
t=76 s=11 time=0.004703
t=76 s=10 time=0.008519
t=76 s=9 time=0.00984
t=76 s=8 time=0.01206
t=76 s=7 time=0.016064
t=76 s=6 time=0.031551
t=76 s=5 time=0.037076
t=76 s=4 time=0.020717
t=77 s=26 time=0.001372
t=77 s=19 time=0.002129
t=77 s=15 time=0.002176
t=77 s=12 time=0.003622
t=77 s=11 time=0.004801
t=77 s=9 time=0.00481
t=77 s=8 time=0.023979
t=77 s=7 time=0.027417
t=77 s=6 time=0.036353
t=77 s=5 time=0.032468
t=77 s=4 time=0.01832
t=78 s=24 time=0.001321
t=78 s=23 time=0.001253
t=78 s=22 time=0.001246
t=78 s=21 time=0.001223
t=78 s=20 time=0.003287
t=78 s=19 time=0.001821
t=78 s=18 time=0.001895
t=78 s=17 time=0.00178
t=78 s=16 time=0.00166
t=78 s=15 time=0.002586
t=78 s=14 time=0.00287
t=78 s=13 time=0.003177
t=78 s=12 time=0.005127
t=78 s=11 time=0.00656
t=78 s=10 time=0.00753
t=78 s=9 time=0.009883
t=78 s=8 time=0.02147
t=78 s=7 time=0.029853
t=78 s=6 time=0.033628
t=78 s=5 time=0.024351
t=79 s=27 time=0.001564
t=79 s=18 time=0.00218
t=79 s=17 time=0.001833
t=79 s=16 time=0.00268
t=79 s=15 time=0.002056
t=79 s=14 time=0.001975
t=79 s=13 time=0.001955
t=79 s=12 time=0.004619
t=79 s=11 time=0.00888
t=79 s=10 time=0.013427
t=79 s=9 time=0.022657
t=79 s=8 time=0.016009
t=79 s=7 time=0.016207
t=79 s=6 time=0.014548
t=80 s=25 time=0.001436
t=80 s=16 time=0.002385
t=80 s=12 time=0.003966
t=80 s=11 time=0.007089
t=80 s=10 time=0.00982
t=80 s=9 time=0.018502
t=80 s=8 time=0.027509
t=80 s=7 time=0.049694
t=80 s=6 time=0.046104
t=80 s=5 time=0.028503
t=80 s=3 time=0.016036
t=80 s=2 time=0.002598
[38;2;000;128;000mTime: 1.833667s (2025-04-29 19:54:08)
[0m