t=2 s=2 threadsLeft=0
t=2 time=0.000148
t=3 s=3 threadsLeft=0
t=3 time=0.000329
t=4 s=4 threadsLeft=1
t=4 s=2 threadsLeft=0
t=4 time=0.000321
t=5 s=5 threadsLeft=2
t=5 s=3 threadsLeft=1
t=5 s=2 threadsLeft=0
t=5 time=0.000348
t=6 s=6 threadsLeft=1
t=6 s=4 threadsLeft=0
t=6 time=0.000309
t=7 s=7 threadsLeft=2
t=7 s=5 threadsLeft=1
t=7 s=2 threadsLeft=0
t=7 time=0.00032
t=8 s=8 threadsLeft=3
t=8 s=6 threadsLeft=2
t=8 s=2 threadsLeft=1
t=8 s=3 threadsLeft=0
t=8 time=0.000351
t=9 s=9 threadsLeft=1
t=9 s=7 threadsLeft=0
t=9 time=0.000318
t=10 s=10 threadsLeft=2
t=10 s=8 threadsLeft=1
t=10 s=2 threadsLeft=0
t=10 time=0.000327
t=11 s=11 threadsLeft=2
t=11 s=9 threadsLeft=1
t=11 s=3 threadsLeft=0
t=11 time=0.000331
t=12 s=12 threadsLeft=2
t=12 s=10 threadsLeft=1
t=12 s=4 threadsLeft=0
t=12 time=0.000301
t=13 s=13 threadsLeft=2
t=13 s=11 threadsLeft=1
t=13 s=5 threadsLeft=0
t=13 time=0.000342
t=14 s=14 threadsLeft=2
t=14 s=12 threadsLeft=1
t=14 s=6 threadsLeft=0
t=14 time=0.00035
t=15 s=15 threadsLeft=5
t=15 s=13 threadsLeft=4
t=15 s=7 threadsLeft=3
t=15 s=5 threadsLeft=2
t=15 s=4 threadsLeft=1
t=15 s=3 threadsLeft=0
t=15 time=0.000427
t=16 s=16 threadsLeft=5
t=16 s=14 threadsLeft=4
t=16 s=8 threadsLeft=3
t=16 s=6 threadsLeft=2
t=16 s=5 threadsLeft=1
t=16 s=4 threadsLeft=0
t=16 time=0.000414
t=17 s=17 threadsLeft=6
t=17 s=15 threadsLeft=5
t=17 s=9 threadsLeft=4
t=17 s=7 threadsLeft=3
t=17 s=6 threadsLeft=2
t=17 s=5 threadsLeft=1
t=17 s=3 threadsLeft=0
t=17 time=0.000431
t=18 s=18 threadsLeft=9
t=18 s=16 threadsLeft=8
t=18 s=10 threadsLeft=7
t=18 s=8 threadsLeft=6
t=18 s=6 threadsLeft=5
t=18 s=5 threadsLeft=4
t=18 s=2 threadsLeft=3
t=18 s=3 threadsLeft=2
t=18 s=4 threadsLeft=1
t=18 s=4 threadsLeft=0
t=18 time=0.000517
t=19 s=19 threadsLeft=9
t=19 s=17 threadsLeft=8
t=19 s=11 threadsLeft=7
t=19 s=9 threadsLeft=6
t=19 s=7 threadsLeft=5
t=19 s=6 threadsLeft=4
t=19 s=3 threadsLeft=3
t=19 s=5 threadsLeft=2
t=19 s=5 threadsLeft=1
t=19 s=4 threadsLeft=0
t=19 time=0.000595
t=20 s=20 threadsLeft=10
t=20 s=18 threadsLeft=9
t=20 s=12 threadsLeft=8
t=20 s=10 threadsLeft=7
t=20 s=8 threadsLeft=6
t=20 s=7 threadsLeft=5
t=20 s=4 threadsLeft=4
t=20 s=6 threadsLeft=3
t=20 s=6 threadsLeft=2
t=20 s=2 threadsLeft=1
t=20 s=3 threadsLeft=0
t=20 time=0.000639
t=21 s=21 threadsLeft=11
t=21 s=19 threadsLeft=10
t=21 s=11 threadsLeft=9
t=21 s=13 threadsLeft=8
t=21 s=9 threadsLeft=7
t=21 s=7 threadsLeft=6
t=21 s=5 threadsLeft=5
t=21 s=5 threadsLeft=4
t=21 s=3 threadsLeft=3
t=21 s=4 threadsLeft=2
t=21 s=2 threadsLeft=1
t=21 s=4 threadsLeft=0
t=21 time=0.000755
t=22 s=22 threadsLeft=12
t=22 s=20 threadsLeft=11
t=22 s=14 threadsLeft=10
t=22 s=12 threadsLeft=9
t=22 s=10 threadsLeft=8
t=22 s=8 threadsLeft=7
t=22 s=6 threadsLeft=6
t=22 s=6 threadsLeft=5
t=22 s=4 threadsLeft=4
t=22 s=2 threadsLeft=3
t=22 s=5 threadsLeft=2
t=22 s=4 threadsLeft=1
t=22 s=5 threadsLeft=0
t=22 time=0.000666
t=23 s=23 threadsLeft=11
t=23 s=21 threadsLeft=10
t=23 s=15 threadsLeft=9
t=23 s=13 threadsLeft=8
t=23 s=11 threadsLeft=7
t=23 s=9 threadsLeft=6
t=23 s=7 threadsLeft=5
t=23 s=7 threadsLeft=4
t=23 s=5 threadsLeft=3
t=23 s=3 threadsLeft=2
t=23 s=2 threadsLeft=1
t=23 s=6 threadsLeft=0
t=23 time=0.000563
t=24 s=24 threadsLeft=15
t=24 s=22 threadsLeft=14
t=24 s=16 threadsLeft=13
t=24 s=14 threadsLeft=12
t=24 s=12 threadsLeft=11
t=24 s=10 threadsLeft=10
t=24 s=8 threadsLeft=9
t=24 s=8 threadsLeft=8
t=24 s=6 threadsLeft=7
t=24 s=5 threadsLeft=6
t=24 s=4 threadsLeft=5
t=24 s=4 threadsLeft=4
t=24 s=2 threadsLeft=3
t=24 s=2 threadsLeft=2
t=24 s=4 threadsLeft=1
t=24 s=3 threadsLeft=0
t=24 time=0.000712
t=25 s=25 threadsLeft=13
t=25 s=23 threadsLeft=12
t=25 s=17 threadsLeft=11
t=25 s=15 threadsLeft=10
t=25 s=13 threadsLeft=9
t=25 s=11 threadsLeft=8
t=25 s=9 threadsLeft=7
t=25 s=9 threadsLeft=6
t=25 s=7 threadsLeft=5
t=25 s=5 threadsLeft=4
t=25 s=3 threadsLeft=3
t=25 s=6 threadsLeft=2
t=25 s=5 threadsLeft=1
t=25 s=5 threadsLeft=0
t=25 time=0.000687
t=26 s=26 threadsLeft=13
t=26 s=24 threadsLeft=12
t=26 s=18 threadsLeft=11
t=26 s=16 threadsLeft=10
t=26 s=14 threadsLeft=9
t=26 s=12 threadsLeft=8
t=26 s=10 threadsLeft=7
t=26 s=10 threadsLeft=6
t=26 s=8 threadsLeft=5
t=26 s=6 threadsLeft=4
t=26 s=4 threadsLeft=3
t=26 s=2 threadsLeft=2
t=26 s=2 threadsLeft=1
t=26 s=6 threadsLeft=0
t=26 time=0.000609
t=27 s=27 threadsLeft=16
t=27 s=25 threadsLeft=15
t=27 s=19 threadsLeft=14
t=27 s=17 threadsLeft=13
t=27 s=15 threadsLeft=12
t=27 s=13 threadsLeft=11
t=27 s=11 threadsLeft=10
t=27 s=11 threadsLeft=9
t=27 s=9 threadsLeft=8
t=27 s=9 threadsLeft=7
t=27 s=7 threadsLeft=6
t=27 s=5 threadsLeft=5
t=27 s=8 threadsLeft=4
t=27 s=3 threadsLeft=3
t=27 s=5 threadsLeft=2
t=27 s=3 threadsLeft=1
t=27 s=7 threadsLeft=0
t=27 time=0.000692
t=28 s=28 threadsLeft=18
t=28 s=26 threadsLeft=17
t=28 s=20 threadsLeft=16
t=28 s=18 threadsLeft=15
t=28 s=16 threadsLeft=14
t=28 s=14 threadsLeft=13
t=28 s=12 threadsLeft=12
t=28 s=12 threadsLeft=11
t=28 s=10 threadsLeft=10
t=28 s=10 threadsLeft=9
t=28 s=8 threadsLeft=8
t=28 s=9 threadsLeft=7
t=28 s=6 threadsLeft=6
t=28 s=4 threadsLeft=5
t=28 s=4 threadsLeft=4
t=28 s=8 threadsLeft=3
t=28 s=2 threadsLeft=2
t=28 s=5 threadsLeft=1
t=28 s=6 threadsLeft=0
t=28 time=0.000949
t=29 s=29 threadsLeft=17
t=29 s=27 threadsLeft=16
t=29 s=21 threadsLeft=15
t=29 s=19 threadsLeft=14
t=29 s=17 threadsLeft=13
t=29 s=15 threadsLeft=12
t=29 s=13 threadsLeft=11
t=29 s=13 threadsLeft=10
t=29 s=11 threadsLeft=9
t=29 s=11 threadsLeft=8
t=29 s=10 threadsLeft=7
t=29 s=9 threadsLeft=6
t=29 s=9 threadsLeft=5
t=29 s=7 threadsLeft=4
t=29 s=5 threadsLeft=3
t=29 s=5 threadsLeft=2
t=29 s=3 threadsLeft=1
t=29 s=7 threadsLeft=0
t=29 time=0.000855
t=30 s=30 threadsLeft=22
t=30 s=28 threadsLeft=21
t=30 s=22 threadsLeft=20
t=30 s=20 threadsLeft=19
t=30 s=18 threadsLeft=18
t=30 s=16 threadsLeft=17
t=30 s=14 threadsLeft=16
t=30 s=14 threadsLeft=15
t=30 s=12 threadsLeft=14
t=30 s=12 threadsLeft=13
t=30 s=10 threadsLeft=12
t=30 s=10 threadsLeft=11
t=30 s=9 threadsLeft=10
t=30 s=8 threadsLeft=9
t=30 s=6 threadsLeft=8
t=30 s=6 threadsLeft=7
t=30 s=6 threadsLeft=6
t=30 s=5 threadsLeft=5
t=30 s=2 threadsLeft=4
t=30 s=4 threadsLeft=3
t=30 s=8 threadsLeft=2
t=30 s=8 threadsLeft=1
t=30 s=7 threadsLeft=0
t=30 time=0.000784
t=31 s=31 threadsLeft=25
t=31 s=29 threadsLeft=24
t=31 s=23 threadsLeft=23
t=31 s=21 threadsLeft=22
t=31 s=19 threadsLeft=21
t=31 s=17 threadsLeft=20
t=31 s=15 threadsLeft=19
t=31 s=15 threadsLeft=18
t=31 s=13 threadsLeft=17
t=31 s=13 threadsLeft=16
t=31 s=11 threadsLeft=15
t=31 s=11 threadsLeft=14
t=31 s=10 threadsLeft=13
t=31 s=9 threadsLeft=12
t=31 s=9 threadsLeft=11
t=31 s=9 threadsLeft=10
t=31 s=5 threadsLeft=9
t=31 s=7 threadsLeft=8
t=31 s=7 threadsLeft=7
t=31 s=5 threadsLeft=6
t=31 s=3 threadsLeft=5
t=31 s=4 threadsLeft=4
t=31 s=7 threadsLeft=3
t=31 s=3 threadsLeft=2
t=31 s=3 threadsLeft=1
t=31 s=8 threadsLeft=0
t=31 time=0.000874
t=32 s=32 threadsLeft=26
t=32 s=30 threadsLeft=25
t=32 s=24 threadsLeft=24
t=32 s=22 threadsLeft=23
t=32 s=20 threadsLeft=22
t=32 s=18 threadsLeft=21
t=32 s=16 threadsLeft=20
t=32 s=16 threadsLeft=19
t=32 s=14 threadsLeft=18
t=32 s=14 threadsLeft=17
t=32 s=12 threadsLeft=16
t=32 s=12 threadsLeft=15
t=32 s=10 threadsLeft=14
t=32 s=11 threadsLeft=13
t=32 s=10 threadsLeft=12
t=32 s=8 threadsLeft=11
t=32 s=10 threadsLeft=10
t=32 s=8 threadsLeft=9
t=32 s=8 threadsLeft=8
t=32 s=6 threadsLeft=7
t=32 s=6 threadsLeft=6
t=32 s=5 threadsLeft=5
t=32 s=4 threadsLeft=4
t=32 s=4 threadsLeft=3
t=32 s=4 threadsLeft=2
t=32 s=7 threadsLeft=1
t=32 s=6 threadsLeft=0
t=32 time=0.00096
t=33 s=33 threadsLeft=31
t=33 s=31 threadsLeft=30
t=33 s=25 threadsLeft=29
t=33 s=23 threadsLeft=28
t=33 s=21 threadsLeft=27
t=33 s=19 threadsLeft=26
t=33 s=17 threadsLeft=25
t=33 s=15 threadsLeft=24
t=33 s=17 threadsLeft=23
t=33 s=15 threadsLeft=22
t=33 s=13 threadsLeft=21
t=33 s=13 threadsLeft=20
t=33 s=11 threadsLeft=19
t=33 s=9 threadsLeft=18
t=33 s=9 threadsLeft=17
t=33 s=9 threadsLeft=16
t=33 s=9 threadsLeft=15
t=33 s=11 threadsLeft=14
t=33 s=7 threadsLeft=13
t=33 s=7 threadsLeft=12
t=33 s=6 threadsLeft=11
t=33 s=6 threadsLeft=10
t=33 s=8 threadsLeft=9
t=33 s=5 threadsLeft=8
t=33 s=5 threadsLeft=7
t=33 s=5 threadsLeft=6
t=33 s=2 threadsLeft=5
t=33 s=3 threadsLeft=4
t=33 s=3 threadsLeft=3
t=33 s=7 threadsLeft=2
t=33 s=8 threadsLeft=1
t=33 s=7 threadsLeft=0
t=33 time=0.001103
t=34 s=34 threadsLeft=36
t=34 s=32 threadsLeft=35
t=34 s=26 threadsLeft=34
t=34 s=24 threadsLeft=33
t=34 s=3 threadsLeft=32
t=34 s=2 threadsLeft=31
t=34 s=20 threadsLeft=30
t=34 s=18 threadsLeft=29
t=34 s=22 threadsLeft=28
t=34 s=16 threadsLeft=27
t=34 s=3 threadsLeft=26
t=34 s=2 threadsLeft=25
t=34 s=14 threadsLeft=24
t=34 s=2 threadsLeft=23
t=34 s=16 threadsLeft=22
t=34 s=18 threadsLeft=21
t=34 s=14 threadsLeft=20
t=34 s=12 threadsLeft=19
t=34 s=12 threadsLeft=18
t=34 s=10 threadsLeft=17
t=34 s=10 threadsLeft=16
t=34 s=10 threadsLeft=15
t=34 s=10 threadsLeft=14
t=34 s=8 threadsLeft=13
t=34 s=8 threadsLeft=12
t=34 s=6 threadsLeft=11
t=34 s=6 threadsLeft=10
t=34 s=6 threadsLeft=9
t=34 s=5 threadsLeft=8
t=34 s=4 threadsLeft=7
t=34 s=4 threadsLeft=6
t=34 s=9 threadsLeft=5
t=34 s=4 threadsLeft=4
t=34 s=4 threadsLeft=3
t=34 s=9 threadsLeft=2
t=34 s=8 threadsLeft=1
t=34 s=8 threadsLeft=0
t=34 time=0.001014
t=35 s=35 threadsLeft=36
t=35 s=33 threadsLeft=35
t=35 s=27 threadsLeft=34
t=35 s=4 threadsLeft=33
t=35 s=3 threadsLeft=32
t=35 s=21 threadsLeft=31
t=35 s=25 threadsLeft=30
t=35 s=4 threadsLeft=29
t=35 s=23 threadsLeft=28
t=35 s=17 threadsLeft=27
t=35 s=19 threadsLeft=26
t=35 s=17 threadsLeft=25
t=35 s=15 threadsLeft=24
t=35 s=3 threadsLeft=23
t=35 s=3 threadsLeft=22
t=35 s=19 threadsLeft=21
t=35 s=15 threadsLeft=20
t=35 s=13 threadsLeft=19
t=35 s=13 threadsLeft=18
t=35 s=11 threadsLeft=17
t=35 s=11 threadsLeft=16
t=35 s=11 threadsLeft=15
t=35 s=11 threadsLeft=14
t=35 s=9 threadsLeft=13
t=35 s=9 threadsLeft=12
t=35 s=7 threadsLeft=11
t=35 s=7 threadsLeft=10
t=35 s=7 threadsLeft=9
t=35 s=6 threadsLeft=8
t=35 s=5 threadsLeft=7
t=35 s=10 threadsLeft=6
t=35 s=5 threadsLeft=5
t=35 s=9 threadsLeft=4
t=35 s=5 threadsLeft=3
t=35 s=5 threadsLeft=2
t=35 s=7 threadsLeft=1
t=35 s=6 threadsLeft=0
t=35 time=0.001207
t=36 s=36 threadsLeft=43
t=36 s=34 threadsLeft=42
t=36 s=6 threadsLeft=41
t=36 s=28 threadsLeft=40
t=36 s=6 threadsLeft=39
t=36 s=26 threadsLeft=38
t=36 s=4 threadsLeft=37
t=36 s=6 threadsLeft=36
t=36 s=24 threadsLeft=35
t=36 s=4 threadsLeft=34
t=36 s=20 threadsLeft=33
t=36 s=20 threadsLeft=32
t=36 s=3 threadsLeft=31
t=36 s=18 threadsLeft=30
t=36 s=2 threadsLeft=29
t=36 s=3 threadsLeft=28
t=36 s=18 threadsLeft=27
t=36 s=2 threadsLeft=26
t=36 s=22 threadsLeft=25
t=36 s=16 threadsLeft=24
t=36 s=2 threadsLeft=23
t=36 s=4 threadsLeft=22
t=36 s=16 threadsLeft=21
t=36 s=2 threadsLeft=20
t=36 s=14 threadsLeft=19
t=36 s=14 threadsLeft=18
t=36 s=12 threadsLeft=17
t=36 s=12 threadsLeft=16
t=36 s=12 threadsLeft=15
t=36 s=12 threadsLeft=14
t=36 s=10 threadsLeft=13
t=36 s=10 threadsLeft=12
t=36 s=10 threadsLeft=11
t=36 s=8 threadsLeft=10
t=36 s=8 threadsLeft=9
t=36 s=9 threadsLeft=8
t=36 s=8 threadsLeft=7
t=36 s=7 threadsLeft=6
t=36 s=6 threadsLeft=5
t=36 s=7 threadsLeft=4
t=36 s=8 threadsLeft=3
t=36 s=6 threadsLeft=2
t=36 s=8 threadsLeft=1
t=36 s=7 threadsLeft=0
t=36 time=0.001137
t=37 s=37 threadsLeft=45
t=37 s=5 threadsLeft=44
t=37 s=35 threadsLeft=43
t=37 s=5 threadsLeft=42
t=37 s=29 threadsLeft=41
t=37 s=27 threadsLeft=40
t=37 s=5 threadsLeft=39
t=37 s=5 threadsLeft=38
t=37 s=25 threadsLeft=37
t=37 s=23 threadsLeft=36
t=37 s=21 threadsLeft=35
t=37 s=21 threadsLeft=34
t=37 s=4 threadsLeft=33
t=37 s=19 threadsLeft=32
t=37 s=3 threadsLeft=31
t=37 s=4 threadsLeft=30
t=37 s=19 threadsLeft=29
t=37 s=3 threadsLeft=28
t=37 s=17 threadsLeft=27
t=37 s=3 threadsLeft=26
t=37 s=4 threadsLeft=25
t=37 s=17 threadsLeft=24
t=37 s=3 threadsLeft=23
t=37 s=2 threadsLeft=22
t=37 s=15 threadsLeft=21
t=37 s=2 threadsLeft=20
t=37 s=15 threadsLeft=19
t=37 s=2 threadsLeft=18
t=37 s=13 threadsLeft=17
t=37 s=13 threadsLeft=16
t=37 s=13 threadsLeft=15
t=37 s=13 threadsLeft=14
t=37 s=11 threadsLeft=13
t=37 s=11 threadsLeft=12
t=37 s=11 threadsLeft=11
t=37 s=9 threadsLeft=10
t=37 s=9 threadsLeft=9
t=37 s=9 threadsLeft=8
t=37 s=7 threadsLeft=7
t=37 s=7 threadsLeft=6
t=37 s=7 threadsLeft=5
t=37 s=5 threadsLeft=4
t=37 s=10 threadsLeft=3
t=37 s=9 threadsLeft=2
t=37 s=9 threadsLeft=1
t=37 s=8 threadsLeft=0
Something is wrong: d_inv(x) is not well defined. s=0, xs[i]=Sq(8,2)v_{3}+Sq(2,4)v_{3}+Sq(4,4)v_{2}+Sq(2,0,2)v_{2}

[38;2;200;255;255mFile: [0m
/Users/es2483/apps/sseqcpp_8_25/SSeqCpp/Adams/../include/algebras/myio.h(79:90)
[38;2;200;255;255mFunction: [0m
``:
[38;2;200;255;255mError: [0m
File ceta_mo8_Adams_res.db does not exist.


[38;2;200;255;255mFile: [0m
/Users/es2483/apps/sseqcpp_8_25/SSeqCpp/Adams/../include/algebras/myio.h(79:90)
[38;2;200;255;255mFunction: [0m
``:
[38;2;200;255;255mError: [0m
File ceta_mo8_Adams_res.db does not exist.

