t=2 s=2 threadsLeft=0
t=2 time=0.000157
t=3 s=3 threadsLeft=0
t=3 time=0.000347
t=4 s=2 threadsLeft=1
t=4 s=4 threadsLeft=0
t=4 time=0.000374
t=5 s=5 threadsLeft=2
t=5 s=2 threadsLeft=1
t=5 s=3 threadsLeft=0
t=5 time=0.000374
t=6 s=6 threadsLeft=1
t=6 s=4 threadsLeft=0
t=6 time=0.000338
t=7 s=7 threadsLeft=2
t=7 s=5 threadsLeft=1
t=7 s=2 threadsLeft=0
t=7 time=0.000357
t=8 s=8 threadsLeft=3
t=8 s=6 threadsLeft=2
t=8 s=2 threadsLeft=1
t=8 s=3 threadsLeft=0
t=8 time=0.000414
t=9 s=9 threadsLeft=2
t=9 s=7 threadsLeft=1
t=9 s=2 threadsLeft=0
t=9 time=0.000363
t=10 s=10 threadsLeft=3
t=10 s=8 threadsLeft=2
t=10 s=2 threadsLeft=1
t=10 s=3 threadsLeft=0
t=10 time=0.00044
t=11 s=11 threadsLeft=4
t=11 s=9 threadsLeft=3
t=11 s=4 threadsLeft=2
t=11 s=3 threadsLeft=1
t=11 s=2 threadsLeft=0
t=11 time=0.000541
t=12 s=12 threadsLeft=2
t=12 s=10 threadsLeft=1
t=12 s=3 threadsLeft=0
t=12 time=0.000421
t=13 s=13 threadsLeft=2
t=13 s=11 threadsLeft=1
t=13 s=4 threadsLeft=0
t=13 time=0.000422
t=14 s=14 threadsLeft=3
t=14 s=12 threadsLeft=2
t=14 s=5 threadsLeft=1
t=14 s=3 threadsLeft=0
t=14 time=0.000438
t=15 s=15 threadsLeft=2
t=15 s=13 threadsLeft=1
t=15 s=4 threadsLeft=0
t=15 time=0.000417
t=16 s=16 threadsLeft=3
t=16 s=14 threadsLeft=2
t=16 s=2 threadsLeft=1
t=16 s=5 threadsLeft=0
t=16 time=0.000437
t=17 s=17 threadsLeft=4
t=17 s=15 threadsLeft=3
t=17 s=2 threadsLeft=2
t=17 s=6 threadsLeft=1
t=17 s=3 threadsLeft=0
t=17 time=0.000472
t=18 s=18 threadsLeft=5
t=18 s=16 threadsLeft=4
t=18 s=2 threadsLeft=3
t=18 s=3 threadsLeft=2
t=18 s=5 threadsLeft=1
t=18 s=4 threadsLeft=0
t=18 time=0.000531
t=19 s=19 threadsLeft=6
t=19 s=17 threadsLeft=5
t=19 s=2 threadsLeft=4
t=19 s=6 threadsLeft=3
t=19 s=5 threadsLeft=2
t=19 s=4 threadsLeft=1
t=19 s=3 threadsLeft=0
t=19 time=0.000614
t=20 s=20 threadsLeft=6
t=20 s=18 threadsLeft=5
t=20 s=7 threadsLeft=4
t=20 s=2 threadsLeft=3
t=20 s=6 threadsLeft=2
t=20 s=3 threadsLeft=1
t=20 s=5 threadsLeft=0
t=20 time=0.000565
t=21 s=21 threadsLeft=6
t=21 s=19 threadsLeft=5
t=21 s=5 threadsLeft=4
t=21 s=6 threadsLeft=3
t=21 s=3 threadsLeft=2
t=21 s=4 threadsLeft=1
t=21 s=4 threadsLeft=0
t=21 time=0.000629
t=22 s=22 threadsLeft=8
t=22 s=20 threadsLeft=7
t=22 s=2 threadsLeft=6
t=22 s=7 threadsLeft=5
t=22 s=6 threadsLeft=4
t=22 s=5 threadsLeft=3
t=22 s=3 threadsLeft=2
t=22 s=5 threadsLeft=1
t=22 s=4 threadsLeft=0
t=22 time=0.000767
t=23 s=23 threadsLeft=6
t=23 s=21 threadsLeft=5
t=23 s=8 threadsLeft=4
t=23 s=7 threadsLeft=3
t=23 s=6 threadsLeft=2
t=23 s=6 threadsLeft=1
t=23 s=3 threadsLeft=0
t=23 time=0.000591
t=24 s=24 threadsLeft=8
t=24 s=22 threadsLeft=7
t=24 s=7 threadsLeft=6
t=24 s=5 threadsLeft=5
t=24 s=3 threadsLeft=4
t=24 s=3 threadsLeft=3
t=24 s=4 threadsLeft=2
t=24 s=4 threadsLeft=1
t=24 s=4 threadsLeft=0
t=24 time=0.000922
t=25 s=25 threadsLeft=5
t=25 s=23 threadsLeft=4
t=25 s=8 threadsLeft=3
t=25 s=6 threadsLeft=2
t=25 s=5 threadsLeft=1
t=25 s=5 threadsLeft=0
t=25 time=0.000869
t=26 s=26 threadsLeft=6
t=26 s=24 threadsLeft=5
t=26 s=9 threadsLeft=4
t=26 s=6 threadsLeft=3
t=26 s=7 threadsLeft=2
t=26 s=3 threadsLeft=1
t=26 s=4 threadsLeft=0
t=26 time=0.000985
t=27 s=27 threadsLeft=4
t=27 s=25 threadsLeft=3
t=27 s=8 threadsLeft=2
t=27 s=5 threadsLeft=1
t=27 s=4 threadsLeft=0
t=27 time=0.000963
t=28 s=28 threadsLeft=6
t=28 s=26 threadsLeft=5
t=28 s=9 threadsLeft=4
t=28 s=5 threadsLeft=3
t=28 s=6 threadsLeft=2
t=28 s=5 threadsLeft=1
t=28 s=4 threadsLeft=0
t=28 time=0.001108
t=29 s=29 threadsLeft=3
t=29 s=27 threadsLeft=2
t=29 s=10 threadsLeft=1
t=29 s=6 threadsLeft=0
t=29 time=0.00079
t=30 s=30 threadsLeft=5
t=30 s=28 threadsLeft=4
t=30 s=9 threadsLeft=3
t=30 s=5 threadsLeft=2
t=30 s=8 threadsLeft=1
t=30 s=7 threadsLeft=0
t=30 time=0.0008
t=31 s=31 threadsLeft=6
t=31 s=29 threadsLeft=5
t=31 s=10 threadsLeft=4
t=31 s=9 threadsLeft=3
t=31 s=8 threadsLeft=2
t=31 s=6 threadsLeft=1
t=31 s=5 threadsLeft=0
t=31 time=0.001769
t=32 s=32 threadsLeft=7
t=32 s=30 threadsLeft=6
t=32 s=11 threadsLeft=5
t=32 s=2 threadsLeft=4
t=32 s=10 threadsLeft=3
t=32 s=9 threadsLeft=2
t=32 s=7 threadsLeft=1
t=32 s=6 threadsLeft=0
t=32 time=0.001536
t=33 s=33 threadsLeft=8
t=33 s=31 threadsLeft=7
t=33 s=2 threadsLeft=6
t=33 s=9 threadsLeft=5
t=33 s=10 threadsLeft=4
t=33 s=8 threadsLeft=3
t=33 s=8 threadsLeft=2
t=33 s=3 threadsLeft=1
t=33 s=7 threadsLeft=0
t=33 time=0.001151
t=34 s=34 threadsLeft=9
t=34 s=32 threadsLeft=8
t=34 s=11 threadsLeft=7
t=34 s=10 threadsLeft=6
t=34 s=9 threadsLeft=5
t=34 s=9 threadsLeft=4
t=34 s=3 threadsLeft=3
t=34 s=8 threadsLeft=2
t=34 s=6 threadsLeft=1
t=34 s=4 threadsLeft=0
t=34 time=0.002444
t=35 s=35 threadsLeft=10
t=35 s=33 threadsLeft=9
t=35 s=2 threadsLeft=8
t=35 s=12 threadsLeft=7
t=35 s=11 threadsLeft=6
t=35 s=10 threadsLeft=5
t=35 s=10 threadsLeft=4
t=35 s=3 threadsLeft=3
t=35 s=4 threadsLeft=2
t=35 s=7 threadsLeft=1
t=35 s=5 threadsLeft=0
t=35 time=0.003815
t=36 s=36 threadsLeft=14
t=36 s=34 threadsLeft=13
t=36 s=2 threadsLeft=12
t=36 s=6 threadsLeft=11
t=36 s=9 threadsLeft=10
t=36 s=11 threadsLeft=9
t=36 s=3 threadsLeft=8
t=36 s=8 threadsLeft=7
t=36 s=3 threadsLeft=6
t=36 s=8 threadsLeft=5
t=36 s=7 threadsLeft=4
t=36 s=5 threadsLeft=3
t=36 s=5 threadsLeft=2
t=36 s=4 threadsLeft=1
t=36 s=4 threadsLeft=0
t=36 time=0.003224
t=37 s=37 threadsLeft=12
t=37 s=35 threadsLeft=11
t=37 s=12 threadsLeft=10
t=37 s=10 threadsLeft=9
t=37 s=9 threadsLeft=8
t=37 s=9 threadsLeft=7
t=37 s=3 threadsLeft=6
t=37 s=8 threadsLeft=5
t=37 s=6 threadsLeft=4
t=37 s=4 threadsLeft=3
t=37 s=7 threadsLeft=2
t=37 s=4 threadsLeft=1
t=37 s=5 threadsLeft=0
t=37 time=0.004978
t=38 s=38 threadsLeft=12
t=38 s=36 threadsLeft=11
t=38 s=2 threadsLeft=10
t=38 s=13 threadsLeft=9
t=38 s=11 threadsLeft=8
t=38 s=10 threadsLeft=7
t=38 s=6 threadsLeft=6
t=38 s=8 threadsLeft=5
t=38 s=7 threadsLeft=4
t=38 s=7 threadsLeft=3
t=38 s=5 threadsLeft=2
t=38 s=6 threadsLeft=1
t=38 s=5 threadsLeft=0
t=38 time=0.00372
t=39 s=39 threadsLeft=12
t=39 s=37 threadsLeft=11
t=39 s=12 threadsLeft=10
t=39 s=9 threadsLeft=9
t=39 s=9 threadsLeft=8
t=39 s=3 threadsLeft=7
t=39 s=8 threadsLeft=6
t=39 s=8 threadsLeft=5
t=39 s=8 threadsLeft=4
t=39 s=7 threadsLeft=3
t=39 s=7 threadsLeft=2
t=39 s=6 threadsLeft=1
t=39 s=4 threadsLeft=0
t=39 time=0.005367
t=40 s=40 threadsLeft=16
t=40 s=38 threadsLeft=15
t=40 s=13 threadsLeft=14
t=40 s=9 threadsLeft=13
t=40 s=2 threadsLeft=12
t=40 s=10 threadsLeft=11
t=40 s=10 threadsLeft=10
t=40 s=9 threadsLeft=9
t=40 s=9 threadsLeft=8
t=40 s=3 threadsLeft=7
t=40 s=8 threadsLeft=6
t=40 s=8 threadsLeft=5
t=40 s=7 threadsLeft=4
t=40 s=4 threadsLeft=3
t=40 s=6 threadsLeft=2
t=40 s=5 threadsLeft=1
t=40 s=5 threadsLeft=0
t=40 time=0.007391
t=41 s=41 threadsLeft=9
t=41 s=39 threadsLeft=8
t=41 s=14 threadsLeft=7
t=41 s=10 threadsLeft=6
t=41 s=11 threadsLeft=5
t=41 s=10 threadsLeft=4
t=41 s=3 threadsLeft=3
t=41 s=9 threadsLeft=2
t=41 s=8 threadsLeft=1
t=41 s=7 threadsLeft=0
t=41 time=0.002625
t=42 s=42 threadsLeft=18
t=42 s=40 threadsLeft=17
t=42 s=13 threadsLeft=16
t=42 s=7 threadsLeft=15
t=42 s=12 threadsLeft=14
t=42 s=11 threadsLeft=13
t=42 s=9 threadsLeft=12
t=42 s=6 threadsLeft=11
t=42 s=9 threadsLeft=10
t=42 s=10 threadsLeft=9
t=42 s=3 threadsLeft=8
t=42 s=8 threadsLeft=7
t=42 s=8 threadsLeft=6
t=42 s=7 threadsLeft=5
t=42 s=4 threadsLeft=4
t=42 s=4 threadsLeft=3
t=42 s=6 threadsLeft=2
t=42 s=5 threadsLeft=1
t=42 s=5 threadsLeft=0
t=42 time=0.01046
[38;2;000;128;000mTime: 0.083092s (2025-04-07 00:44:25)
[0mt=2 s=2 threadsLeft=0
t=2 time=0.000242
t=3 s=3 threadsLeft=0
t=3 time=0.000368
t=4 s=4 threadsLeft=1
t=4 s=2 threadsLeft=0
t=4 time=0.000351
t=5 s=5 threadsLeft=2
t=5 s=3 threadsLeft=1
t=5 s=2 threadsLeft=0
t=5 time=0.000371
t=6 s=6 threadsLeft=1
t=6 s=4 threadsLeft=0
t=6 time=0.00037
t=7 s=7 threadsLeft=2
t=7 s=2 threadsLeft=1
t=7 s=5 threadsLeft=0
t=7 time=0.000377
t=8 s=8 threadsLeft=3
t=8 s=6 threadsLeft=2
t=8 s=2 threadsLeft=1
t=8 s=3 threadsLeft=0
t=8 time=0.00034
t=9 s=9 threadsLeft=2
t=9 s=2 threadsLeft=1
t=9 s=7 threadsLeft=0
t=9 time=0.000341
t=10 s=10 threadsLeft=3
t=10 s=8 threadsLeft=2
t=10 s=2 threadsLeft=1
t=10 s=3 threadsLeft=0
t=10 time=0.000341
t=11 s=11 threadsLeft=4
t=11 s=9 threadsLeft=3
t=11 s=2 threadsLeft=2
t=11 s=3 threadsLeft=1
t=11 s=4 threadsLeft=0
t=11 time=0.000361
t=12 s=12 threadsLeft=2
t=12 s=10 threadsLeft=1
t=12 s=3 threadsLeft=0
t=12 time=0.000382
t=13 s=13 threadsLeft=2
t=13 s=11 threadsLeft=1
t=13 s=4 threadsLeft=0
t=13 time=0.000359
t=14 s=14 threadsLeft=3
t=14 s=12 threadsLeft=2
t=14 s=5 threadsLeft=1
t=14 s=3 threadsLeft=0
t=14 time=0.000378
t=15 s=15 threadsLeft=2
t=15 s=13 threadsLeft=1
t=15 s=4 threadsLeft=0
t=15 time=0.000346
t=16 s=16 threadsLeft=3
t=16 s=14 threadsLeft=2
t=16 s=2 threadsLeft=1
t=16 s=5 threadsLeft=0
t=16 time=0.000388
t=17 s=17 threadsLeft=4
t=17 s=15 threadsLeft=3
t=17 s=2 threadsLeft=2
t=17 s=6 threadsLeft=1
t=17 s=3 threadsLeft=0
t=17 time=0.000394
t=18 s=18 threadsLeft=5
t=18 s=16 threadsLeft=4
t=18 s=2 threadsLeft=3
t=18 s=3 threadsLeft=2
t=18 s=5 threadsLeft=1
t=18 s=4 threadsLeft=0
t=18 time=0.000421
t=19 s=19 threadsLeft=6
t=19 s=17 threadsLeft=5
t=19 s=2 threadsLeft=4
t=19 s=6 threadsLeft=3
t=19 s=4 threadsLeft=2
t=19 s=5 threadsLeft=1
t=19 s=3 threadsLeft=0
t=19 time=0.000546
t=20 s=20 threadsLeft=6
t=20 s=18 threadsLeft=5
t=20 s=7 threadsLeft=4
t=20 s=2 threadsLeft=3
t=20 s=6 threadsLeft=2
t=20 s=3 threadsLeft=1
t=20 s=5 threadsLeft=0
t=20 time=0.000468
t=21 s=21 threadsLeft=6
t=21 s=19 threadsLeft=5
t=21 s=5 threadsLeft=4
t=21 s=6 threadsLeft=3
t=21 s=3 threadsLeft=2
t=21 s=4 threadsLeft=1
t=21 s=4 threadsLeft=0
t=21 time=0.000682
t=22 s=22 threadsLeft=8
t=22 s=20 threadsLeft=7
t=22 s=7 threadsLeft=6
t=22 s=2 threadsLeft=5
t=22 s=6 threadsLeft=4
t=22 s=3 threadsLeft=3
t=22 s=5 threadsLeft=2
t=22 s=5 threadsLeft=1
t=22 s=4 threadsLeft=0
t=22 time=0.000667
t=23 s=23 threadsLeft=6
t=23 s=21 threadsLeft=5
t=23 s=8 threadsLeft=4
t=23 s=7 threadsLeft=3
t=23 s=6 threadsLeft=2
t=23 s=3 threadsLeft=1
t=23 s=6 threadsLeft=0
t=23 time=0.000564
t=24 s=24 threadsLeft=8
t=24 s=22 threadsLeft=7
t=24 s=7 threadsLeft=6
t=24 s=5 threadsLeft=5
t=24 s=3 threadsLeft=4
t=24 s=3 threadsLeft=3
t=24 s=4 threadsLeft=2
t=24 s=4 threadsLeft=1
t=24 s=4 threadsLeft=0
t=24 time=0.000847
t=25 s=25 threadsLeft=5
t=25 s=23 threadsLeft=4
t=25 s=8 threadsLeft=3
t=25 s=6 threadsLeft=2
t=25 s=5 threadsLeft=1
t=25 s=5 threadsLeft=0
t=25 time=0.000788
t=26 s=26 threadsLeft=6
t=26 s=24 threadsLeft=5
t=26 s=9 threadsLeft=4
t=26 s=6 threadsLeft=3
t=26 s=3 threadsLeft=2
t=26 s=7 threadsLeft=1
t=26 s=4 threadsLeft=0
t=26 time=0.000938
t=27 s=27 threadsLeft=4
t=27 s=25 threadsLeft=3
t=27 s=8 threadsLeft=2
t=27 s=5 threadsLeft=1
t=27 s=4 threadsLeft=0
t=27 time=0.000986
t=28 s=28 threadsLeft=6
t=28 s=26 threadsLeft=5
t=28 s=9 threadsLeft=4
t=28 s=5 threadsLeft=3
t=28 s=6 threadsLeft=2
t=28 s=5 threadsLeft=1
t=28 s=4 threadsLeft=0
t=28 time=0.001235
t=29 s=29 threadsLeft=3
t=29 s=27 threadsLeft=2
t=29 s=10 threadsLeft=1
t=29 s=6 threadsLeft=0
t=29 time=0.000893
t=30 s=30 threadsLeft=5
t=30 s=28 threadsLeft=4
t=30 s=9 threadsLeft=3
t=30 s=5 threadsLeft=2
t=30 s=8 threadsLeft=1
t=30 s=7 threadsLeft=0
t=30 time=0.000787
t=31 s=31 threadsLeft=6
t=31 s=29 threadsLeft=5
t=31 s=9 threadsLeft=4
t=31 s=10 threadsLeft=3
t=31 s=8 threadsLeft=2
t=31 s=6 threadsLeft=1
t=31 s=5 threadsLeft=0
t=31 time=0.001727
t=32 s=32 threadsLeft=7
t=32 s=30 threadsLeft=6
t=32 s=11 threadsLeft=5
t=32 s=2 threadsLeft=4
t=32 s=10 threadsLeft=3
t=32 s=9 threadsLeft=2
t=32 s=7 threadsLeft=1
t=32 s=6 threadsLeft=0
t=32 time=0.001593
t=33 s=33 threadsLeft=8
t=33 s=31 threadsLeft=7
t=33 s=9 threadsLeft=6
t=33 s=2 threadsLeft=5
t=33 s=10 threadsLeft=4
t=33 s=8 threadsLeft=3
t=33 s=8 threadsLeft=2
t=33 s=3 threadsLeft=1
t=33 s=7 threadsLeft=0
t=33 time=0.001165
t=34 s=34 threadsLeft=9
t=34 s=32 threadsLeft=8
t=34 s=10 threadsLeft=7
t=34 s=11 threadsLeft=6
t=34 s=9 threadsLeft=5
t=34 s=9 threadsLeft=4
t=34 s=3 threadsLeft=3
t=34 s=8 threadsLeft=2
t=34 s=6 threadsLeft=1
t=34 s=4 threadsLeft=0
t=34 time=0.002558
t=35 s=35 threadsLeft=10
t=35 s=33 threadsLeft=9
t=35 s=2 threadsLeft=8
t=35 s=11 threadsLeft=7
t=35 s=12 threadsLeft=6
t=35 s=10 threadsLeft=5
t=35 s=10 threadsLeft=4
t=35 s=3 threadsLeft=3
t=35 s=4 threadsLeft=2
t=35 s=7 threadsLeft=1
t=35 s=5 threadsLeft=0
t=35 time=0.003997
t=36 s=36 threadsLeft=14
t=36 s=34 threadsLeft=13
t=36 s=9 threadsLeft=12
t=36 s=2 threadsLeft=11
t=36 s=6 threadsLeft=10
t=36 s=11 threadsLeft=9
t=36 s=8 threadsLeft=8
t=36 s=3 threadsLeft=7
t=36 s=3 threadsLeft=6
t=36 s=8 threadsLeft=5
t=36 s=7 threadsLeft=4
t=36 s=5 threadsLeft=3
t=36 s=4 threadsLeft=2
t=36 s=5 threadsLeft=1
t=36 s=4 threadsLeft=0
t=36 time=0.003345
t=37 s=37 threadsLeft=12
t=37 s=35 threadsLeft=11
t=37 s=12 threadsLeft=10
t=37 s=10 threadsLeft=9
t=37 s=9 threadsLeft=8
t=37 s=9 threadsLeft=7
t=37 s=3 threadsLeft=6
t=37 s=8 threadsLeft=5
t=37 s=6 threadsLeft=4
t=37 s=4 threadsLeft=3
t=37 s=7 threadsLeft=2
t=37 s=4 threadsLeft=1
t=37 s=5 threadsLeft=0
t=37 time=0.005081
t=38 s=38 threadsLeft=12
t=38 s=36 threadsLeft=11
t=38 s=2 threadsLeft=10
t=38 s=13 threadsLeft=9
t=38 s=11 threadsLeft=8
t=38 s=10 threadsLeft=7
t=38 s=6 threadsLeft=6
t=38 s=8 threadsLeft=5
t=38 s=7 threadsLeft=4
t=38 s=7 threadsLeft=3
t=38 s=5 threadsLeft=2
t=38 s=6 threadsLeft=1
t=38 s=5 threadsLeft=0
t=38 time=0.003725
t=39 s=39 threadsLeft=12
t=39 s=37 threadsLeft=11
t=39 s=12 threadsLeft=10
t=39 s=9 threadsLeft=9
t=39 s=3 threadsLeft=8
t=39 s=9 threadsLeft=7
t=39 s=8 threadsLeft=6
t=39 s=8 threadsLeft=5
t=39 s=8 threadsLeft=4
t=39 s=7 threadsLeft=3
t=39 s=7 threadsLeft=2
t=39 s=6 threadsLeft=1
t=39 s=4 threadsLeft=0
t=39 time=0.005457
t=40 s=40 threadsLeft=16
t=40 s=38 threadsLeft=15
t=40 s=13 threadsLeft=14
t=40 s=9 threadsLeft=13
t=40 s=2 threadsLeft=12
t=40 s=10 threadsLeft=11
t=40 s=10 threadsLeft=10
t=40 s=9 threadsLeft=9
t=40 s=9 threadsLeft=8
t=40 s=3 threadsLeft=7
t=40 s=8 threadsLeft=6
t=40 s=8 threadsLeft=5
t=40 s=7 threadsLeft=4
t=40 s=4 threadsLeft=3
t=40 s=6 threadsLeft=2
t=40 s=5 threadsLeft=1
t=40 s=5 threadsLeft=0
t=40 time=0.009111
t=41 s=41 threadsLeft=9
t=41 s=39 threadsLeft=8
t=41 s=14 threadsLeft=7
t=41 s=10 threadsLeft=6
t=41 s=11 threadsLeft=5
t=41 s=10 threadsLeft=4
t=41 s=3 threadsLeft=3
t=41 s=9 threadsLeft=2
t=41 s=8 threadsLeft=1
t=41 s=7 threadsLeft=0
t=41 time=0.002868
t=42 s=42 threadsLeft=18
t=42 s=40 threadsLeft=17
t=42 s=7 threadsLeft=16
t=42 s=13 threadsLeft=15
t=42 s=12 threadsLeft=14
t=42 s=11 threadsLeft=13
t=42 s=9 threadsLeft=12
t=42 s=6 threadsLeft=11
t=42 s=9 threadsLeft=10
t=42 s=10 threadsLeft=9
t=42 s=3 threadsLeft=8
t=42 s=8 threadsLeft=7
t=42 s=8 threadsLeft=6
t=42 s=7 threadsLeft=5
t=42 s=4 threadsLeft=4
t=42 s=4 threadsLeft=3
t=42 s=6 threadsLeft=2
t=42 s=5 threadsLeft=1
t=42 s=5 threadsLeft=0
t=42 time=0.010223
t=43 s=43 threadsLeft=14
t=43 s=41 threadsLeft=13
t=43 s=13 threadsLeft=12
t=43 s=14 threadsLeft=11
t=43 s=12 threadsLeft=10
t=43 s=10 threadsLeft=9
t=43 s=11 threadsLeft=8
t=43 s=3 threadsLeft=7
t=43 s=9 threadsLeft=6
t=43 s=10 threadsLeft=5
t=43 s=9 threadsLeft=4
t=43 s=8 threadsLeft=3
t=43 s=6 threadsLeft=2
t=43 s=4 threadsLeft=1
t=43 s=5 threadsLeft=0
t=43 time=0.010609
t=44 s=44 threadsLeft=12
t=44 s=42 threadsLeft=11
t=44 s=15 threadsLeft=10
t=44 s=14 threadsLeft=9
t=44 s=13 threadsLeft=8
t=44 s=11 threadsLeft=7
t=44 s=3 threadsLeft=6
t=44 s=10 threadsLeft=5
t=44 s=7 threadsLeft=4
t=44 s=4 threadsLeft=3
t=44 s=7 threadsLeft=2
t=44 s=4 threadsLeft=1
t=44 s=6 threadsLeft=0
t=44 time=0.010258
t=45 s=45 threadsLeft=15
t=45 s=43 threadsLeft=14
t=45 s=13 threadsLeft=13
t=45 s=14 threadsLeft=12
t=45 s=12 threadsLeft=11
t=45 s=8 threadsLeft=10
t=45 s=12 threadsLeft=9
t=45 s=9 threadsLeft=8
t=45 s=11 threadsLeft=7
t=45 s=8 threadsLeft=6
t=45 s=8 threadsLeft=5
t=45 s=7 threadsLeft=4
t=45 s=4 threadsLeft=3
t=45 s=6 threadsLeft=2
t=45 s=5 threadsLeft=1
t=45 s=5 threadsLeft=0
t=45 time=0.019172
t=46 s=46 threadsLeft=16
t=46 s=44 threadsLeft=15
t=46 s=14 threadsLeft=14
t=46 s=15 threadsLeft=13
t=46 s=13 threadsLeft=12
t=46 s=13 threadsLeft=11
t=46 s=12 threadsLeft=10
t=46 s=3 threadsLeft=9
t=46 s=9 threadsLeft=8
t=46 s=10 threadsLeft=7
t=46 s=9 threadsLeft=6
t=46 s=8 threadsLeft=5
t=46 s=7 threadsLeft=4
t=46 s=7 threadsLeft=3
t=46 s=4 threadsLeft=2
t=46 s=6 threadsLeft=1
t=46 s=6 threadsLeft=0
t=46 time=0.0163
t=47 s=47 threadsLeft=12
t=47 s=45 threadsLeft=11
t=47 s=15 threadsLeft=10
t=47 s=16 threadsLeft=9
t=47 s=14 threadsLeft=8
t=47 s=14 threadsLeft=7
t=47 s=11 threadsLeft=6
t=47 s=10 threadsLeft=5
t=47 s=8 threadsLeft=4
t=47 s=7 threadsLeft=3
t=47 s=4 threadsLeft=2
t=47 s=5 threadsLeft=1
t=47 s=5 threadsLeft=0
t=47 time=0.022631
t=48 s=48 threadsLeft=16
t=48 s=46 threadsLeft=15
t=48 s=8 threadsLeft=14
t=48 s=13 threadsLeft=13
t=48 s=15 threadsLeft=12
t=48 s=9 threadsLeft=11
t=48 s=12 threadsLeft=10
t=48 s=12 threadsLeft=9
t=48 s=7 threadsLeft=8
t=48 s=3 threadsLeft=7
t=48 s=11 threadsLeft=6
t=48 s=9 threadsLeft=5
t=48 s=8 threadsLeft=4
t=48 s=4 threadsLeft=3
t=48 s=6 threadsLeft=2
t=48 s=6 threadsLeft=1
t=48 s=5 threadsLeft=0
t=48 time=0.027575
t=49 s=49 threadsLeft=11
t=49 s=47 threadsLeft=10
t=49 s=16 threadsLeft=9
t=49 s=14 threadsLeft=8
t=49 s=13 threadsLeft=7
t=49 s=13 threadsLeft=6
t=49 s=12 threadsLeft=5
t=49 s=9 threadsLeft=4
t=49 s=10 threadsLeft=3
t=49 s=5 threadsLeft=2
t=49 s=4 threadsLeft=1
t=49 s=7 threadsLeft=0
t=49 time=0.02211
t=50 s=50 threadsLeft=10
t=50 s=48 threadsLeft=9
t=50 s=17 threadsLeft=8
t=50 s=15 threadsLeft=7
t=50 s=14 threadsLeft=6
t=50 s=8 threadsLeft=5
t=50 s=3 threadsLeft=4
t=50 s=11 threadsLeft=3
t=50 s=6 threadsLeft=2
t=50 s=6 threadsLeft=1
t=50 s=5 threadsLeft=0
t=50 time=0.039995
t=51 s=51 threadsLeft=12
t=51 s=49 threadsLeft=11
t=51 s=9 threadsLeft=10
t=51 s=16 threadsLeft=9
t=51 s=13 threadsLeft=8
t=51 s=10 threadsLeft=7
t=51 s=12 threadsLeft=6
t=51 s=12 threadsLeft=5
t=51 s=11 threadsLeft=4
t=51 s=4 threadsLeft=3
t=51 s=7 threadsLeft=2
t=51 s=6 threadsLeft=1
t=51 s=5 threadsLeft=0
t=51 time=0.037815
t=52 s=52 threadsLeft=12
t=52 s=50 threadsLeft=11
t=52 s=17 threadsLeft=10
t=52 s=14 threadsLeft=9
t=52 s=13 threadsLeft=8
t=52 s=13 threadsLeft=7
t=52 s=12 threadsLeft=6
t=52 s=8 threadsLeft=5
t=52 s=4 threadsLeft=4
t=52 s=5 threadsLeft=3
t=52 s=5 threadsLeft=2
t=52 s=7 threadsLeft=1
t=52 s=6 threadsLeft=0
t=52 time=0.041013
t=53 s=53 threadsLeft=10
t=53 s=51 threadsLeft=9
t=53 s=18 threadsLeft=8
t=53 s=14 threadsLeft=7
t=53 s=9 threadsLeft=6
t=53 s=10 threadsLeft=5
t=53 s=11 threadsLeft=4
t=53 s=6 threadsLeft=3
t=53 s=7 threadsLeft=2
t=53 s=6 threadsLeft=1
t=53 s=5 threadsLeft=0
t=53 time=0.075719
t=54 s=54 threadsLeft=18
t=54 s=52 threadsLeft=17
t=54 s=9 threadsLeft=16
t=54 s=10 threadsLeft=15
t=54 s=17 threadsLeft=14
t=54 s=16 threadsLeft=13
t=54 s=13 threadsLeft=12
t=54 s=15 threadsLeft=11
t=54 s=8 threadsLeft=10
t=54 s=12 threadsLeft=9
t=54 s=12 threadsLeft=8
t=54 s=11 threadsLeft=7
t=54 s=11 threadsLeft=6
t=54 s=4 threadsLeft=5
t=54 s=4 threadsLeft=4
t=54 s=7 threadsLeft=3
t=54 s=5 threadsLeft=2
t=54 s=6 threadsLeft=1
t=54 s=5 threadsLeft=0
t=54 time=0.085843
t=55 s=55 threadsLeft=12
t=55 s=53 threadsLeft=11
t=55 s=17 threadsLeft=10
t=55 s=18 threadsLeft=9
t=55 s=16 threadsLeft=8
t=55 s=14 threadsLeft=7
t=55 s=13 threadsLeft=6
t=55 s=13 threadsLeft=5
t=55 s=12 threadsLeft=4
t=55 s=8 threadsLeft=3
t=55 s=7 threadsLeft=2
t=55 s=6 threadsLeft=1
t=55 s=7 threadsLeft=0
t=55 time=0.073058
t=56 s=56 threadsLeft=17
t=56 s=54 threadsLeft=16
t=56 s=9 threadsLeft=15
t=56 s=18 threadsLeft=14
t=56 s=19 threadsLeft=13
t=56 s=17 threadsLeft=12
t=56 s=15 threadsLeft=11
t=56 s=14 threadsLeft=10
t=56 s=10 threadsLeft=9
t=56 s=11 threadsLeft=8
t=56 s=8 threadsLeft=7
t=56 s=4 threadsLeft=6
t=56 s=8 threadsLeft=5
t=56 s=7 threadsLeft=4
t=56 s=6 threadsLeft=3
t=56 s=6 threadsLeft=2
t=56 s=5 threadsLeft=1
t=56 s=5 threadsLeft=0
t=56 time=0.132574
t=57 s=57 threadsLeft=16
t=57 s=55 threadsLeft=15
t=57 s=10 threadsLeft=14
t=57 s=11 threadsLeft=13
t=57 s=17 threadsLeft=12
t=57 s=18 threadsLeft=11
t=57 s=16 threadsLeft=10
t=57 s=16 threadsLeft=9
t=57 s=15 threadsLeft=8
t=57 s=13 threadsLeft=7
t=57 s=12 threadsLeft=6
t=57 s=12 threadsLeft=5
t=57 s=7 threadsLeft=4
t=57 s=5 threadsLeft=3
t=57 s=7 threadsLeft=2
t=57 s=6 threadsLeft=1
t=57 s=6 threadsLeft=0
t=57 time=0.140299
t=58 s=58 threadsLeft=12
t=58 s=56 threadsLeft=11
t=58 s=18 threadsLeft=10
t=58 s=19 threadsLeft=9
t=58 s=17 threadsLeft=8
t=58 s=17 threadsLeft=7
t=58 s=16 threadsLeft=6
t=58 s=14 threadsLeft=5
t=58 s=13 threadsLeft=4
t=58 s=8 threadsLeft=3
t=58 s=6 threadsLeft=2
t=58 s=7 threadsLeft=1
t=58 s=5 threadsLeft=0
t=58 time=0.184724
t=59 s=59 threadsLeft=14
t=59 s=57 threadsLeft=13
t=59 s=19 threadsLeft=12
t=59 s=20 threadsLeft=11
t=59 s=18 threadsLeft=10
t=59 s=18 threadsLeft=9
t=59 s=10 threadsLeft=8
t=59 s=15 threadsLeft=7
t=59 s=11 threadsLeft=6
t=59 s=12 threadsLeft=5
t=59 s=9 threadsLeft=4
t=59 s=9 threadsLeft=3
t=59 s=8 threadsLeft=2
t=59 s=5 threadsLeft=1
t=59 s=6 threadsLeft=0
t=59 time=0.139659
t=60 s=60 threadsLeft=19
t=60 s=58 threadsLeft=18
t=60 s=10 threadsLeft=17
t=60 s=17 threadsLeft=16
t=60 s=9 threadsLeft=15
t=60 s=19 threadsLeft=14
t=60 s=16 threadsLeft=13
t=60 s=11 threadsLeft=12
t=60 s=16 threadsLeft=11
t=60 s=14 threadsLeft=10
t=60 s=12 threadsLeft=9
t=60 s=13 threadsLeft=8
t=60 s=15 threadsLeft=7
t=60 s=13 threadsLeft=6
t=60 s=7 threadsLeft=5
t=60 s=8 threadsLeft=4
t=60 s=6 threadsLeft=3
t=60 s=6 threadsLeft=2
t=60 s=7 threadsLeft=1
t=60 s=5 threadsLeft=0
t=60 time=0.232553
t=61 s=61 threadsLeft=9
t=61 s=59 threadsLeft=8
t=61 s=20 threadsLeft=7
t=61 s=18 threadsLeft=6
t=61 s=17 threadsLeft=5
t=61 s=17 threadsLeft=4
t=61 s=16 threadsLeft=3
t=61 s=15 threadsLeft=2
t=61 s=14 threadsLeft=1
t=61 s=8 threadsLeft=0
t=61 time=0.05807
t=62 s=62 threadsLeft=17
t=62 s=60 threadsLeft=16
t=62 s=10 threadsLeft=15
t=62 s=21 threadsLeft=14
t=62 s=19 threadsLeft=13
t=62 s=18 threadsLeft=12
t=62 s=11 threadsLeft=11
t=62 s=16 threadsLeft=10
t=62 s=15 threadsLeft=9
t=62 s=15 threadsLeft=8
t=62 s=12 threadsLeft=7
t=62 s=14 threadsLeft=6
t=62 s=13 threadsLeft=5
t=62 s=9 threadsLeft=4
t=62 s=9 threadsLeft=3
t=62 s=7 threadsLeft=2
t=62 s=8 threadsLeft=1
t=62 s=8 threadsLeft=0
t=62 time=0.207888
t=63 s=63 threadsLeft=16
t=63 s=61 threadsLeft=15
t=63 s=11 threadsLeft=14
t=63 s=12 threadsLeft=13
t=63 s=20 threadsLeft=12
t=63 s=17 threadsLeft=11
t=63 s=17 threadsLeft=10
t=63 s=13 threadsLeft=9
t=63 s=16 threadsLeft=8
t=63 s=16 threadsLeft=7
t=63 s=16 threadsLeft=6
t=63 s=14 threadsLeft=5
t=63 s=15 threadsLeft=4
t=63 s=15 threadsLeft=3
t=63 s=14 threadsLeft=2
t=63 s=10 threadsLeft=1
t=63 s=9 threadsLeft=0
t=63 time=0.082695
t=64 s=64 threadsLeft=17
t=64 s=62 threadsLeft=16
t=64 s=21 threadsLeft=15
t=64 s=2 threadsLeft=14
t=64 s=18 threadsLeft=13
t=64 s=18 threadsLeft=12
t=64 s=17 threadsLeft=11
t=64 s=17 threadsLeft=10
t=64 s=17 threadsLeft=9
t=64 s=16 threadsLeft=8
t=64 s=16 threadsLeft=7
t=64 s=15 threadsLeft=6
t=64 s=10 threadsLeft=5
t=64 s=11 threadsLeft=4
t=64 s=7 threadsLeft=3
t=64 s=8 threadsLeft=2
t=64 s=6 threadsLeft=1
t=64 s=7 threadsLeft=0
t=64 time=0.282058
t=65 s=65 threadsLeft=22
t=65 s=63 threadsLeft=21
t=65 s=22 threadsLeft=20
t=65 s=11 threadsLeft=19
t=65 s=19 threadsLeft=18
t=65 s=12 threadsLeft=17
t=65 s=18 threadsLeft=16
t=65 s=18 threadsLeft=15
t=65 s=2 threadsLeft=14
t=65 s=17 threadsLeft=13
t=65 s=13 threadsLeft=12
t=65 s=16 threadsLeft=11
t=65 s=15 threadsLeft=10
t=65 s=3 threadsLeft=9
t=65 s=14 threadsLeft=8
t=65 s=12 threadsLeft=7
t=65 s=11 threadsLeft=6
t=65 s=4 threadsLeft=5
t=65 s=9 threadsLeft=4
t=65 s=9 threadsLeft=3
t=65 s=8 threadsLeft=2
t=65 s=7 threadsLeft=1
t=65 s=8 threadsLeft=0
t=65 time=0.285746
t=66 s=66 threadsLeft=27
t=66 s=64 threadsLeft=26
t=66 s=11 threadsLeft=25
t=66 s=21 threadsLeft=24
t=66 s=13 threadsLeft=23
t=66 s=10 threadsLeft=22
t=66 s=20 threadsLeft=21
t=66 s=17 threadsLeft=20
t=66 s=19 threadsLeft=19
t=66 s=18 threadsLeft=18
t=66 s=14 threadsLeft=17
t=66 s=16 threadsLeft=16
t=66 s=12 threadsLeft=15
t=66 s=16 threadsLeft=14
t=66 s=15 threadsLeft=13
t=66 s=17 threadsLeft=12
t=66 s=3 threadsLeft=11
t=66 s=15 threadsLeft=10
t=66 s=13 threadsLeft=9
t=66 s=12 threadsLeft=8
t=66 s=11 threadsLeft=7
t=66 s=10 threadsLeft=6
t=66 s=10 threadsLeft=5
t=66 s=10 threadsLeft=4
t=66 s=4 threadsLeft=3
t=66 s=9 threadsLeft=2
t=66 s=9 threadsLeft=1
t=66 s=6 threadsLeft=0
t=66 time=0.184957
t=67 s=67 threadsLeft=26
t=67 s=65 threadsLeft=25
t=67 s=22 threadsLeft=24
t=67 s=21 threadsLeft=23
t=67 s=19 threadsLeft=22
t=67 s=20 threadsLeft=21
t=67 s=18 threadsLeft=20
t=67 s=18 threadsLeft=19
t=67 s=17 threadsLeft=18
t=67 s=17 threadsLeft=17
t=67 s=16 threadsLeft=16
t=67 s=3 threadsLeft=15
t=67 s=2 threadsLeft=14
t=67 s=14 threadsLeft=13
t=67 s=4 threadsLeft=12
t=67 s=13 threadsLeft=11
t=67 s=12 threadsLeft=10
t=67 s=11 threadsLeft=9
t=67 s=11 threadsLeft=8
t=67 s=5 threadsLeft=7
t=67 s=6 threadsLeft=6
t=67 s=6 threadsLeft=5
t=67 s=8 threadsLeft=4
t=67 s=5 threadsLeft=3
t=67 s=7 threadsLeft=2
t=67 s=8 threadsLeft=1
t=67 s=7 threadsLeft=0
t=67 time=0.393877
t=68 s=68 threadsLeft=30
t=68 s=66 threadsLeft=29
t=68 s=11 threadsLeft=28
t=68 s=12 threadsLeft=27
t=68 s=21 threadsLeft=26
t=68 s=13 threadsLeft=25
t=68 s=19 threadsLeft=24
t=68 s=18 threadsLeft=23
t=68 s=14 threadsLeft=22
t=68 s=10 threadsLeft=21
t=68 s=15 threadsLeft=20
t=68 s=2 threadsLeft=19
t=68 s=23 threadsLeft=18
t=68 s=22 threadsLeft=17
t=68 s=3 threadsLeft=16
t=68 s=15 threadsLeft=15
t=68 s=13 threadsLeft=14
t=68 s=3 threadsLeft=13
t=68 s=14 threadsLeft=12
t=68 s=12 threadsLeft=11
t=68 s=12 threadsLeft=10
t=68 s=5 threadsLeft=9
t=68 s=4 threadsLeft=8
t=68 s=9 threadsLeft=7
t=68 s=9 threadsLeft=6
t=68 s=7 threadsLeft=5
t=68 s=8 threadsLeft=4
t=68 s=8 threadsLeft=3
t=68 s=6 threadsLeft=2
t=68 s=7 threadsLeft=1
t=68 s=6 threadsLeft=0
t=68 time=0.673755
t=69 s=69 threadsLeft=32
t=69 s=67 threadsLeft=31
t=69 s=13 threadsLeft=30
t=69 s=12 threadsLeft=29
t=69 s=21 threadsLeft=28
t=69 s=22 threadsLeft=27
t=69 s=20 threadsLeft=26
t=69 s=20 threadsLeft=25
t=69 s=14 threadsLeft=24
t=69 s=19 threadsLeft=23
t=69 s=17 threadsLeft=22
t=69 s=15 threadsLeft=21
t=69 s=16 threadsLeft=20
t=69 s=3 threadsLeft=19
t=69 s=16 threadsLeft=18
t=69 s=16 threadsLeft=17
t=69 s=13 threadsLeft=16
t=69 s=15 threadsLeft=15
t=69 s=14 threadsLeft=14
t=69 s=6 threadsLeft=13
t=69 s=4 threadsLeft=12
t=69 s=11 threadsLeft=11
t=69 s=10 threadsLeft=10
t=69 s=9 threadsLeft=9
t=69 s=4 threadsLeft=8
t=69 s=10 threadsLeft=7
t=69 s=9 threadsLeft=6
t=69 s=6 threadsLeft=5
t=69 s=6 threadsLeft=4
t=69 s=5 threadsLeft=3
t=69 s=5 threadsLeft=2
t=69 s=7 threadsLeft=1
t=69 s=5 threadsLeft=0
t=69 time=0.718743
t=70 s=70 threadsLeft=32
t=70 s=2 threadsLeft=31
t=70 s=68 threadsLeft=30
t=70 s=22 threadsLeft=29
t=70 s=23 threadsLeft=28
t=70 s=21 threadsLeft=27
t=70 s=21 threadsLeft=26
t=70 s=20 threadsLeft=25
t=70 s=18 threadsLeft=24
t=70 s=17 threadsLeft=23
t=70 s=17 threadsLeft=22
t=70 s=15 threadsLeft=21
t=70 s=16 threadsLeft=20
t=70 s=3 threadsLeft=19
t=70 s=14 threadsLeft=18
t=70 s=12 threadsLeft=17
t=70 s=7 threadsLeft=16
t=70 s=11 threadsLeft=15
t=70 s=11 threadsLeft=14
t=70 s=10 threadsLeft=13
t=70 s=8 threadsLeft=12
t=70 s=5 threadsLeft=11
t=70 s=9 threadsLeft=10
t=70 s=7 threadsLeft=9
t=70 s=8 threadsLeft=8
t=70 s=7 threadsLeft=7
t=70 s=7 threadsLeft=6
t=70 s=7 threadsLeft=5
t=70 s=8 threadsLeft=4
t=70 s=8 threadsLeft=3
t=70 s=6 threadsLeft=2
t=70 s=6 threadsLeft=1
t=70 s=6 threadsLeft=0
t=70 time=0.861706
t=71 s=71 threadsLeft=32
t=71 s=69 threadsLeft=31
t=71 s=12 threadsLeft=30
t=71 s=23 threadsLeft=29
t=71 s=24 threadsLeft=28
t=71 s=13 threadsLeft=27
t=71 s=22 threadsLeft=26
t=71 s=22 threadsLeft=25
t=71 s=14 threadsLeft=24
t=71 s=19 threadsLeft=23
t=71 s=3 threadsLeft=22
t=71 s=18 threadsLeft=21
t=71 s=15 threadsLeft=20
t=71 s=16 threadsLeft=19
t=71 s=15 threadsLeft=18
t=71 s=13 threadsLeft=17
t=71 s=12 threadsLeft=16
t=71 s=8 threadsLeft=15
t=71 s=11 threadsLeft=14
t=71 s=9 threadsLeft=13
t=71 s=10 threadsLeft=12
t=71 s=4 threadsLeft=11
t=71 s=6 threadsLeft=10
t=71 s=9 threadsLeft=9
t=71 s=7 threadsLeft=8
t=71 s=9 threadsLeft=7
t=71 s=6 threadsLeft=6
t=71 s=5 threadsLeft=5
t=71 s=6 threadsLeft=4
t=71 s=7 threadsLeft=3
t=71 s=7 threadsLeft=2
t=71 s=8 threadsLeft=1
t=71 s=8 threadsLeft=0
t=71 time=0.811284
t=72 s=72 threadsLeft=38
t=72 s=70 threadsLeft=37
t=72 s=12 threadsLeft=36
t=72 s=14 threadsLeft=35
t=72 s=11 threadsLeft=34
t=72 s=15 threadsLeft=33
t=72 s=21 threadsLeft=32
t=72 s=23 threadsLeft=31
t=72 s=16 threadsLeft=30
t=72 s=20 threadsLeft=29
t=72 s=17 threadsLeft=28
t=72 s=20 threadsLeft=27
t=72 s=19 threadsLeft=26
t=72 s=2 threadsLeft=25
t=72 s=3 threadsLeft=24
t=72 s=17 threadsLeft=23
t=72 s=13 threadsLeft=22
t=72 s=16 threadsLeft=21
t=72 s=12 threadsLeft=20
t=72 s=11 threadsLeft=19
t=72 s=4 threadsLeft=18
t=72 s=11 threadsLeft=17
t=72 s=9 threadsLeft=16
t=72 s=4 threadsLeft=15
t=72 s=10 threadsLeft=14
t=72 s=10 threadsLeft=13
t=72 s=10 threadsLeft=12
t=72 s=7 threadsLeft=11
t=72 s=8 threadsLeft=10
t=72 s=9 threadsLeft=9
t=72 s=8 threadsLeft=8
t=72 s=5 threadsLeft=7
t=72 s=6 threadsLeft=6
t=72 s=8 threadsLeft=5
t=72 s=5 threadsLeft=4
t=72 s=6 threadsLeft=3
t=72 s=7 threadsLeft=2
t=72 s=5 threadsLeft=1
t=72 s=7 threadsLeft=0
t=72 time=1.103096
t=73 s=73 threadsLeft=33
t=73 s=71 threadsLeft=32
t=73 s=24 threadsLeft=31
t=73 s=22 threadsLeft=30
t=73 s=21 threadsLeft=29
t=73 s=21 threadsLeft=28
t=73 s=20 threadsLeft=27
t=73 s=3 threadsLeft=26
t=73 s=18 threadsLeft=25
t=73 s=17 threadsLeft=24
t=73 s=13 threadsLeft=23
t=73 s=12 threadsLeft=22
t=73 s=10 threadsLeft=21
t=73 s=12 threadsLeft=20
t=73 s=11 threadsLeft=19
t=73 s=11 threadsLeft=18
t=73 s=11 threadsLeft=17
t=73 s=11 threadsLeft=16
t=73 s=4 threadsLeft=15
t=73 s=8 threadsLeft=14
t=73 s=7 threadsLeft=13
t=73 s=10 threadsLeft=12
t=73 s=10 threadsLeft=11
t=73 s=9 threadsLeft=10
t=73 s=9 threadsLeft=9
t=73 s=7 threadsLeft=8
t=73 s=6 threadsLeft=7
t=73 s=7 threadsLeft=6
t=73 s=7 threadsLeft=5
t=73 s=8 threadsLeft=4
t=73 s=5 threadsLeft=3
t=73 s=6 threadsLeft=2
t=73 s=8 threadsLeft=1
t=73 s=6 threadsLeft=0
t=73 time=1.392988
t=74 s=74 threadsLeft=36
t=74 s=72 threadsLeft=35
t=74 s=12 threadsLeft=34
t=74 s=13 threadsLeft=33
t=74 s=14 threadsLeft=32
t=74 s=11 threadsLeft=31
t=74 s=25 threadsLeft=30
t=74 s=23 threadsLeft=29
t=74 s=22 threadsLeft=28
t=74 s=15 threadsLeft=27
t=74 s=16 threadsLeft=26
t=74 s=19 threadsLeft=25
t=74 s=3 threadsLeft=24
t=74 s=14 threadsLeft=23
t=74 s=13 threadsLeft=22
t=74 s=12 threadsLeft=21
t=74 s=4 threadsLeft=20
t=74 s=11 threadsLeft=19
t=74 s=12 threadsLeft=18
t=74 s=12 threadsLeft=17
t=74 s=10 threadsLeft=16
t=74 s=4 threadsLeft=15
t=74 s=11 threadsLeft=14
t=74 s=9 threadsLeft=13
t=74 s=4 threadsLeft=12
t=74 s=9 threadsLeft=11
t=74 s=10 threadsLeft=10
t=74 s=6 threadsLeft=9
t=74 s=5 threadsLeft=8
t=74 s=9 threadsLeft=7
t=74 s=7 threadsLeft=6
t=74 s=8 threadsLeft=5
t=74 s=8 threadsLeft=4
t=74 s=8 threadsLeft=3
t=74 s=7 threadsLeft=2
t=74 s=7 threadsLeft=1
t=74 s=5 threadsLeft=0
t=74 time=1.451061
t=75 s=75 threadsLeft=34
t=75 s=73 threadsLeft=33
t=75 s=13 threadsLeft=32
t=75 s=14 threadsLeft=31
t=75 s=24 threadsLeft=30
t=75 s=16 threadsLeft=29
t=75 s=21 threadsLeft=28
t=75 s=20 threadsLeft=27
t=75 s=17 threadsLeft=26
t=75 s=18 threadsLeft=25
t=75 s=20 threadsLeft=24
t=75 s=15 threadsLeft=23
t=75 s=19 threadsLeft=22
t=75 s=3 threadsLeft=21
t=75 s=10 threadsLeft=20
t=75 s=13 threadsLeft=19
t=75 s=12 threadsLeft=18
t=75 s=12 threadsLeft=17
t=75 s=4 threadsLeft=16
t=75 s=13 threadsLeft=15
t=75 s=11 threadsLeft=14
t=75 s=11 threadsLeft=13
t=75 s=10 threadsLeft=12
t=75 s=10 threadsLeft=11
t=75 s=5 threadsLeft=10
t=75 s=9 threadsLeft=9
t=75 s=7 threadsLeft=8
t=75 s=7 threadsLeft=7
t=75 s=5 threadsLeft=6
t=75 s=6 threadsLeft=5
t=75 s=6 threadsLeft=4
t=75 s=7 threadsLeft=3
t=75 s=8 threadsLeft=2
t=75 s=6 threadsLeft=1
t=75 s=6 threadsLeft=0
t=75 time=1.623931
t=76 s=76 threadsLeft=30
t=76 s=74 threadsLeft=29
t=76 s=25 threadsLeft=28
t=76 s=22 threadsLeft=27
t=76 s=21 threadsLeft=26
t=76 s=21 threadsLeft=25
t=76 s=20 threadsLeft=24
t=76 s=13 threadsLeft=23
t=76 s=13 threadsLeft=22
t=76 s=14 threadsLeft=21
t=76 s=14 threadsLeft=20
t=76 s=12 threadsLeft=19
t=76 s=4 threadsLeft=18
t=76 s=11 threadsLeft=17
t=76 s=9 threadsLeft=16
t=76 s=12 threadsLeft=15
t=76 s=11 threadsLeft=14
t=76 s=11 threadsLeft=13
t=76 s=8 threadsLeft=12
t=76 s=11 threadsLeft=11
t=76 s=10 threadsLeft=10
t=76 s=10 threadsLeft=9
t=76 s=9 threadsLeft=8
t=76 s=9 threadsLeft=7
t=76 s=10 threadsLeft=6
t=76 s=8 threadsLeft=5
t=76 s=9 threadsLeft=4
t=76 s=5 threadsLeft=3
t=76 s=8 threadsLeft=2
t=76 s=7 threadsLeft=1
t=76 s=6 threadsLeft=0
t=76 time=2.057847
t=77 s=77 threadsLeft=29
t=77 s=75 threadsLeft=28
t=77 s=15 threadsLeft=27
t=77 s=13 threadsLeft=26
t=77 s=14 threadsLeft=25
t=77 s=26 threadsLeft=24
t=77 s=16 threadsLeft=23
t=77 s=22 threadsLeft=22
t=77 s=18 threadsLeft=21
t=77 s=19 threadsLeft=20
t=77 s=17 threadsLeft=19
t=77 s=15 threadsLeft=18
t=77 s=14 threadsLeft=17
t=77 s=15 threadsLeft=16
t=77 s=13 threadsLeft=15
t=77 s=12 threadsLeft=14
t=77 s=12 threadsLeft=13
t=77 s=12 threadsLeft=12
t=77 s=11 threadsLeft=11
t=77 s=9 threadsLeft=10
t=77 s=5 threadsLeft=9
t=77 s=10 threadsLeft=8
t=77 s=8 threadsLeft=7
t=77 s=7 threadsLeft=6
t=77 s=7 threadsLeft=5
t=77 s=8 threadsLeft=4
t=77 s=8 threadsLeft=3
t=77 s=6 threadsLeft=2
t=77 s=7 threadsLeft=1
t=77 s=6 threadsLeft=0
t=77 time=2.171319
t=78 s=78 threadsLeft=38
t=78 s=76 threadsLeft=37
t=78 s=16 threadsLeft=36
t=78 s=15 threadsLeft=35
t=78 s=25 threadsLeft=34
t=78 s=17 threadsLeft=33
t=78 s=24 threadsLeft=32
t=78 s=23 threadsLeft=31
t=78 s=18 threadsLeft=30
t=78 s=14 threadsLeft=29
t=78 s=21 threadsLeft=28
t=78 s=20 threadsLeft=27
t=78 s=13 threadsLeft=26
t=78 s=12 threadsLeft=25
t=78 s=20 threadsLeft=24
t=78 s=19 threadsLeft=23
t=78 s=19 threadsLeft=22
t=78 s=14 threadsLeft=21
t=78 s=15 threadsLeft=20
t=78 s=16 threadsLeft=19
t=78 s=13 threadsLeft=18
t=78 s=11 threadsLeft=17
t=78 s=14 threadsLeft=16
t=78 s=11 threadsLeft=15
t=78 s=4 threadsLeft=14
t=78 s=13 threadsLeft=13
t=78 s=11 threadsLeft=12
t=78 s=10 threadsLeft=11
t=78 s=10 threadsLeft=10
t=78 s=10 threadsLeft=9
t=78 s=9 threadsLeft=8
t=78 s=6 threadsLeft=7
t=78 s=8 threadsLeft=6
t=78 s=5 threadsLeft=5
t=78 s=9 threadsLeft=4
t=78 s=6 threadsLeft=3
t=78 s=7 threadsLeft=2
t=78 s=7 threadsLeft=1
t=78 s=8 threadsLeft=0
t=78 time=2.332942
t=79 s=79 threadsLeft=30
t=79 s=77 threadsLeft=29
t=79 s=25 threadsLeft=28
t=79 s=26 threadsLeft=27
t=79 s=24 threadsLeft=26
t=79 s=22 threadsLeft=25
t=79 s=21 threadsLeft=24
t=79 s=21 threadsLeft=23
t=79 s=20 threadsLeft=22
t=79 s=17 threadsLeft=21
t=79 s=16 threadsLeft=20
t=79 s=14 threadsLeft=19
t=79 s=15 threadsLeft=18
t=79 s=15 threadsLeft=17
t=79 s=14 threadsLeft=16
t=79 s=12 threadsLeft=15
t=79 s=12 threadsLeft=14
t=79 s=12 threadsLeft=13
t=79 s=11 threadsLeft=12
t=79 s=11 threadsLeft=11
t=79 s=11 threadsLeft=10
t=79 s=11 threadsLeft=9
t=79 s=5 threadsLeft=8
t=79 s=10 threadsLeft=7
t=79 s=8 threadsLeft=6
t=79 s=10 threadsLeft=5
t=79 s=9 threadsLeft=4
t=79 s=7 threadsLeft=3
t=79 s=6 threadsLeft=2
t=79 s=6 threadsLeft=1
t=79 s=7 threadsLeft=0
t=79 time=2.563283
t=80 s=80 threadsLeft=42
t=80 s=78 threadsLeft=41
t=80 s=26 threadsLeft=40
t=80 s=27 threadsLeft=39
t=80 s=16 threadsLeft=38
t=80 s=17 threadsLeft=37
t=80 s=2 threadsLeft=36
t=80 s=25 threadsLeft=35
t=80 s=22 threadsLeft=34
t=80 s=23 threadsLeft=33
t=80 s=15 threadsLeft=32
t=80 s=14 threadsLeft=31
t=80 s=13 threadsLeft=30
t=80 s=12 threadsLeft=29
t=80 s=18 threadsLeft=28
t=80 s=19 threadsLeft=27
t=80 s=18 threadsLeft=26
t=80 s=17 threadsLeft=25
t=80 s=15 threadsLeft=24
t=80 s=3 threadsLeft=23
t=80 s=16 threadsLeft=22
t=80 s=16 threadsLeft=21
t=80 s=11 threadsLeft=20
t=80 s=13 threadsLeft=19
t=80 s=12 threadsLeft=18
t=80 s=12 threadsLeft=17
t=80 s=12 threadsLeft=16
t=80 s=11 threadsLeft=15
t=80 s=11 threadsLeft=14
t=80 s=11 threadsLeft=13
t=80 s=10 threadsLeft=12
t=80 s=10 threadsLeft=11
t=80 s=9 threadsLeft=10
t=80 s=5 threadsLeft=9
t=80 s=6 threadsLeft=8
t=80 s=9 threadsLeft=7
t=80 s=6 threadsLeft=6
t=80 s=8 threadsLeft=5
t=80 s=7 threadsLeft=4
t=80 s=7 threadsLeft=3
t=80 s=8 threadsLeft=2
t=80 s=7 threadsLeft=1
t=80 s=8 threadsLeft=0
t=80 time=3.917115
[38;2;000;128;000mTime: 24.582879s (2025-04-29 19:56:07)
[0m