t=3 s=1 threadsLeft=0
  t=3 time=0.00029
t=4 s=2 threadsLeft=1
t=4 s=1 threadsLeft=0
  t=4 time=0.000362
t=5 s=3 threadsLeft=0
  t=5 time=0.000303
t=6 s=4 threadsLeft=2
t=6 s=2 threadsLeft=1
t=6 s=1 threadsLeft=0
  t=6 time=0.000355
t=7 s=5 threadsLeft=1
t=7 s=2 threadsLeft=0
  t=7 time=0.000318
t=8 s=6 threadsLeft=1
t=8 s=3 threadsLeft=0
  t=8 time=0.000276
t=9 s=7 threadsLeft=0
  t=9 time=0.000249
t=10 s=8 threadsLeft=2
t=10 s=2 threadsLeft=1
t=10 s=1 threadsLeft=0
  t=10 time=0.000296
t=11 s=9 threadsLeft=1
t=11 s=2 threadsLeft=0
  t=11 time=0.000291
t=12 s=10 threadsLeft=2
t=12 s=3 threadsLeft=1
t=12 s=2 threadsLeft=0
  t=12 time=0.000343
t=13 s=11 threadsLeft=2
t=13 s=4 threadsLeft=1
t=13 s=3 threadsLeft=0
  t=13 time=0.000392
t=14 s=12 threadsLeft=1
t=14 s=3 threadsLeft=0
  t=14 time=0.000294
t=15 s=13 threadsLeft=1
t=15 s=4 threadsLeft=0
  t=15 time=0.000274
t=16 s=14 threadsLeft=1
t=16 s=5 threadsLeft=0
  t=16 time=0.000275
t=17 s=15 threadsLeft=0
  t=17 time=0.00026
t=18 s=16 threadsLeft=4
t=18 s=6 threadsLeft=3
t=18 s=5 threadsLeft=2
t=18 s=2 threadsLeft=1
t=18 s=1 threadsLeft=0
  t=18 time=0.000318
t=19 s=17 threadsLeft=3
t=19 s=6 threadsLeft=2
t=19 s=2 threadsLeft=1
t=19 s=3 threadsLeft=0
  t=19 time=0.000303
t=20 s=18 threadsLeft=4
t=20 s=7 threadsLeft=3
t=20 s=4 threadsLeft=2
t=20 s=3 threadsLeft=1
t=20 s=2 threadsLeft=0
  t=20 time=0.000425
t=21 s=19 threadsLeft=2
t=21 s=5 threadsLeft=1
t=21 s=4 threadsLeft=0
  t=21 time=0.000363
t=22 s=20 threadsLeft=5
t=22 s=6 threadsLeft=4
t=22 s=5 threadsLeft=3
t=22 s=5 threadsLeft=2
t=22 s=3 threadsLeft=1
t=22 s=2 threadsLeft=0
  t=22 time=0.000423
t=23 s=21 threadsLeft=3
t=23 s=6 threadsLeft=2
t=23 s=4 threadsLeft=1
t=23 s=3 threadsLeft=0
  t=23 time=0.000397
t=24 s=22 threadsLeft=6
t=24 s=7 threadsLeft=5
t=24 s=6 threadsLeft=4
t=24 s=5 threadsLeft=3
t=24 s=4 threadsLeft=2
t=24 s=4 threadsLeft=1
t=24 s=3 threadsLeft=0
  t=24 time=0.000481
t=25 s=23 threadsLeft=4
t=25 s=8 threadsLeft=3
t=25 s=7 threadsLeft=2
t=25 s=6 threadsLeft=1
t=25 s=5 threadsLeft=0
  t=25 time=0.000424
t=26 s=24 threadsLeft=3
t=26 s=7 threadsLeft=2
t=26 s=4 threadsLeft=1
t=26 s=3 threadsLeft=0
  t=26 time=0.000447
t=27 s=25 threadsLeft=2
t=27 s=8 threadsLeft=1
t=27 s=5 threadsLeft=0
  t=27 time=0.0004
t=28 s=26 threadsLeft=4
t=28 s=9 threadsLeft=3
t=28 s=6 threadsLeft=2
t=28 s=5 threadsLeft=1
t=28 s=4 threadsLeft=0
  t=28 time=0.000455
t=29 s=27 threadsLeft=1
t=29 s=4 threadsLeft=0
  t=29 time=0.000446
t=30 s=28 threadsLeft=3
t=30 s=10 threadsLeft=2
t=30 s=9 threadsLeft=1
t=30 s=5 threadsLeft=0
  t=30 time=0.00045
t=31 s=29 threadsLeft=3
t=31 s=10 threadsLeft=2
t=31 s=6 threadsLeft=1
t=31 s=5 threadsLeft=0
  t=31 time=0.000463
t=32 s=30 threadsLeft=3
t=32 s=11 threadsLeft=2
t=32 s=8 threadsLeft=1
t=32 s=7 threadsLeft=0
  t=32 time=0.000445
t=33 s=31 threadsLeft=2
t=33 s=9 threadsLeft=1
t=33 s=8 threadsLeft=0
  t=33 time=0.000401
t=34 s=32 threadsLeft=6
t=34 s=10 threadsLeft=5
t=34 s=9 threadsLeft=4
t=34 s=9 threadsLeft=3
t=34 s=2 threadsLeft=2
t=34 s=1 threadsLeft=1
t=34 s=6 threadsLeft=0
  t=34 time=0.000622
t=35 s=33 threadsLeft=5
t=35 s=10 threadsLeft=4
t=35 s=8 threadsLeft=3
t=35 s=7 threadsLeft=2
t=35 s=2 threadsLeft=1
t=35 s=3 threadsLeft=0
  t=35 time=0.000724
t=36 s=34 threadsLeft=8
t=36 s=11 threadsLeft=7
t=36 s=10 threadsLeft=6
t=36 s=9 threadsLeft=5
t=36 s=8 threadsLeft=4
t=36 s=2 threadsLeft=3
t=36 s=3 threadsLeft=2
t=36 s=4 threadsLeft=1
t=36 s=3 threadsLeft=0
  t=36 time=0.000922
t=37 s=35 threadsLeft=6
t=37 s=12 threadsLeft=5
t=37 s=11 threadsLeft=4
t=37 s=10 threadsLeft=3
t=37 s=4 threadsLeft=2
t=37 s=9 threadsLeft=1
t=37 s=5 threadsLeft=0
  t=37 time=0.000707
t=38 s=36 threadsLeft=9
t=38 s=8 threadsLeft=8
t=38 s=11 threadsLeft=7
t=38 s=7 threadsLeft=6
t=38 s=5 threadsLeft=5
t=38 s=5 threadsLeft=4
t=38 s=6 threadsLeft=3
t=38 s=3 threadsLeft=2
t=38 s=2 threadsLeft=1
t=38 s=4 threadsLeft=0
  t=38 time=0.000802
t=39 s=37 threadsLeft=7
t=39 s=12 threadsLeft=6
t=39 s=9 threadsLeft=5
t=39 s=8 threadsLeft=4
t=39 s=6 threadsLeft=3
t=39 s=7 threadsLeft=2
t=39 s=3 threadsLeft=1
t=39 s=4 threadsLeft=0
  t=39 time=0.00098
t=40 s=38 threadsLeft=8
t=40 s=13 threadsLeft=7
t=40 s=10 threadsLeft=6
t=40 s=9 threadsLeft=5
t=40 s=8 threadsLeft=4
t=40 s=7 threadsLeft=3
t=40 s=5 threadsLeft=2
t=40 s=6 threadsLeft=1
t=40 s=4 threadsLeft=0
  t=40 time=0.000852
t=41 s=39 threadsLeft=4
t=41 s=8 threadsLeft=3
t=41 s=9 threadsLeft=2
t=41 s=8 threadsLeft=1
t=41 s=7 threadsLeft=0
  t=41 time=0.000498
t=42 s=40 threadsLeft=11
t=42 s=14 threadsLeft=10
t=42 s=13 threadsLeft=9
t=42 s=10 threadsLeft=8
t=42 s=9 threadsLeft=7
t=42 s=9 threadsLeft=6
t=42 s=8 threadsLeft=5
t=42 s=7 threadsLeft=4
t=42 s=2 threadsLeft=3
t=42 s=6 threadsLeft=2
t=42 s=5 threadsLeft=1
t=42 s=3 threadsLeft=0
  t=42 time=0.001039
[38;2;000;128;000mTime: 0.955772s (2025-04-07 00:44:24)
[0mt=3 s=1 threadsLeft=0
  t=3 time=0.000379
t=4 s=2 threadsLeft=1
t=4 s=1 threadsLeft=0
  t=4 time=0.000375
t=5 s=3 threadsLeft=0
  t=5 time=0.000342
t=6 s=4 threadsLeft=2
t=6 s=2 threadsLeft=1
t=6 s=1 threadsLeft=0
  t=6 time=0.000325
t=7 s=5 threadsLeft=1
t=7 s=2 threadsLeft=0
  t=7 time=0.000296
t=8 s=6 threadsLeft=1
t=8 s=3 threadsLeft=0
  t=8 time=0.000282
t=9 s=7 threadsLeft=0
  t=9 time=0.000246
t=10 s=8 threadsLeft=2
t=10 s=2 threadsLeft=1
t=10 s=1 threadsLeft=0
  t=10 time=0.000348
t=11 s=9 threadsLeft=1
t=11 s=2 threadsLeft=0
  t=11 time=0.000384
t=12 s=10 threadsLeft=2
t=12 s=3 threadsLeft=1
t=12 s=2 threadsLeft=0
  t=12 time=0.000364
t=13 s=11 threadsLeft=2
t=13 s=4 threadsLeft=1
t=13 s=3 threadsLeft=0
  t=13 time=0.000353
t=14 s=12 threadsLeft=1
t=14 s=3 threadsLeft=0
  t=14 time=0.000347
t=15 s=13 threadsLeft=1
t=15 s=4 threadsLeft=0
  t=15 time=0.000382
t=16 s=14 threadsLeft=1
t=16 s=5 threadsLeft=0
  t=16 time=0.000366
t=17 s=15 threadsLeft=0
  t=17 time=0.000312
t=18 s=16 threadsLeft=4
t=18 s=6 threadsLeft=3
t=18 s=5 threadsLeft=2
t=18 s=2 threadsLeft=1
t=18 s=1 threadsLeft=0
  t=18 time=0.000398
t=19 s=17 threadsLeft=3
t=19 s=6 threadsLeft=2
t=19 s=2 threadsLeft=1
t=19 s=3 threadsLeft=0
  t=19 time=0.00039
t=20 s=18 threadsLeft=4
t=20 s=7 threadsLeft=3
t=20 s=4 threadsLeft=2
t=20 s=2 threadsLeft=1
t=20 s=3 threadsLeft=0
  t=20 time=0.000454
t=21 s=19 threadsLeft=2
t=21 s=5 threadsLeft=1
t=21 s=4 threadsLeft=0
  t=21 time=0.000435
t=22 s=20 threadsLeft=5
t=22 s=6 threadsLeft=4
t=22 s=5 threadsLeft=3
t=22 s=5 threadsLeft=2
t=22 s=3 threadsLeft=1
t=22 s=2 threadsLeft=0
  t=22 time=0.000509
t=23 s=21 threadsLeft=3
t=23 s=6 threadsLeft=2
t=23 s=4 threadsLeft=1
t=23 s=3 threadsLeft=0
  t=23 time=0.000477
t=24 s=22 threadsLeft=6
t=24 s=7 threadsLeft=5
t=24 s=6 threadsLeft=4
t=24 s=5 threadsLeft=3
t=24 s=4 threadsLeft=2
t=24 s=4 threadsLeft=1
t=24 s=3 threadsLeft=0
  t=24 time=0.000514
t=25 s=23 threadsLeft=4
t=25 s=8 threadsLeft=3
t=25 s=7 threadsLeft=2
t=25 s=6 threadsLeft=1
t=25 s=5 threadsLeft=0
  t=25 time=0.000497
t=26 s=24 threadsLeft=3
t=26 s=7 threadsLeft=2
t=26 s=4 threadsLeft=1
t=26 s=3 threadsLeft=0
  t=26 time=0.000527
t=27 s=25 threadsLeft=2
t=27 s=8 threadsLeft=1
t=27 s=5 threadsLeft=0
  t=27 time=0.000395
t=28 s=26 threadsLeft=4
t=28 s=9 threadsLeft=3
t=28 s=6 threadsLeft=2
t=28 s=5 threadsLeft=1
t=28 s=4 threadsLeft=0
  t=28 time=0.000402
t=29 s=27 threadsLeft=1
t=29 s=4 threadsLeft=0
  t=29 time=0.000365
t=30 s=28 threadsLeft=3
t=30 s=10 threadsLeft=2
t=30 s=9 threadsLeft=1
t=30 s=5 threadsLeft=0
  t=30 time=0.000388
t=31 s=29 threadsLeft=3
t=31 s=10 threadsLeft=2
t=31 s=5 threadsLeft=1
t=31 s=6 threadsLeft=0
  t=31 time=0.000425
t=32 s=30 threadsLeft=3
t=32 s=11 threadsLeft=2
t=32 s=8 threadsLeft=1
t=32 s=7 threadsLeft=0
  t=32 time=0.000428
t=33 s=31 threadsLeft=2
t=33 s=9 threadsLeft=1
t=33 s=8 threadsLeft=0
  t=33 time=0.000362
t=34 s=32 threadsLeft=6
t=34 s=10 threadsLeft=5
t=34 s=9 threadsLeft=4
t=34 s=9 threadsLeft=3
t=34 s=1 threadsLeft=2
t=34 s=2 threadsLeft=1
t=34 s=6 threadsLeft=0
  t=34 time=0.000526
t=35 s=33 threadsLeft=5
t=35 s=10 threadsLeft=4
t=35 s=8 threadsLeft=3
t=35 s=2 threadsLeft=2
t=35 s=7 threadsLeft=1
t=35 s=3 threadsLeft=0
  t=35 time=0.000653
t=36 s=34 threadsLeft=8
t=36 s=11 threadsLeft=7
t=36 s=10 threadsLeft=6
t=36 s=8 threadsLeft=5
t=36 s=9 threadsLeft=4
t=36 s=4 threadsLeft=3
t=36 s=2 threadsLeft=2
t=36 s=3 threadsLeft=1
t=36 s=3 threadsLeft=0
  t=36 time=0.001052
t=37 s=35 threadsLeft=6
t=37 s=12 threadsLeft=5
t=37 s=11 threadsLeft=4
t=37 s=9 threadsLeft=3
t=37 s=10 threadsLeft=2
t=37 s=4 threadsLeft=1
t=37 s=5 threadsLeft=0
  t=37 time=0.000775
t=38 s=36 threadsLeft=9
t=38 s=8 threadsLeft=8
t=38 s=6 threadsLeft=7
t=38 s=11 threadsLeft=6
t=38 s=7 threadsLeft=5
t=38 s=5 threadsLeft=4
t=38 s=3 threadsLeft=3
t=38 s=2 threadsLeft=2
t=38 s=4 threadsLeft=1
t=38 s=5 threadsLeft=0
  t=38 time=0.000775
t=39 s=37 threadsLeft=7
t=39 s=12 threadsLeft=6
t=39 s=9 threadsLeft=5
t=39 s=8 threadsLeft=4
t=39 s=6 threadsLeft=3
t=39 s=7 threadsLeft=2
t=39 s=3 threadsLeft=1
t=39 s=4 threadsLeft=0
  t=39 time=0.001038
t=40 s=38 threadsLeft=8
t=40 s=13 threadsLeft=7
t=40 s=10 threadsLeft=6
t=40 s=9 threadsLeft=5
t=40 s=5 threadsLeft=4
t=40 s=8 threadsLeft=3
t=40 s=7 threadsLeft=2
t=40 s=6 threadsLeft=1
t=40 s=4 threadsLeft=0
  t=40 time=0.000876
t=41 s=39 threadsLeft=4
t=41 s=8 threadsLeft=3
t=41 s=9 threadsLeft=2
t=41 s=8 threadsLeft=1
t=41 s=7 threadsLeft=0
  t=41 time=0.000514
t=42 s=40 threadsLeft=11
t=42 s=14 threadsLeft=10
t=42 s=13 threadsLeft=9
t=42 s=10 threadsLeft=8
t=42 s=9 threadsLeft=7
t=42 s=9 threadsLeft=6
t=42 s=8 threadsLeft=5
t=42 s=7 threadsLeft=4
t=42 s=2 threadsLeft=3
t=42 s=6 threadsLeft=2
t=42 s=5 threadsLeft=1
t=42 s=3 threadsLeft=0
  t=42 time=0.001088
t=43 s=41 threadsLeft=6
t=43 s=14 threadsLeft=5
t=43 s=10 threadsLeft=4
t=43 s=11 threadsLeft=3
t=43 s=10 threadsLeft=2
t=43 s=9 threadsLeft=1
t=43 s=3 threadsLeft=0
  t=43 time=0.001411
t=44 s=42 threadsLeft=10
t=44 s=15 threadsLeft=9
t=44 s=12 threadsLeft=8
t=44 s=7 threadsLeft=7
t=44 s=11 threadsLeft=6
t=44 s=8 threadsLeft=5
t=44 s=6 threadsLeft=4
t=44 s=5 threadsLeft=3
t=44 s=4 threadsLeft=2
t=44 s=3 threadsLeft=1
t=44 s=4 threadsLeft=0
  t=44 time=0.001728
t=45 s=43 threadsLeft=7
t=45 s=13 threadsLeft=6
t=45 s=12 threadsLeft=5
t=45 s=9 threadsLeft=4
t=45 s=8 threadsLeft=3
t=45 s=5 threadsLeft=2
t=45 s=4 threadsLeft=1
t=45 s=6 threadsLeft=0
  t=45 time=0.001241
t=46 s=44 threadsLeft=13
t=46 s=14 threadsLeft=12
t=46 s=13 threadsLeft=11
t=46 s=13 threadsLeft=10
t=46 s=10 threadsLeft=9
t=46 s=9 threadsLeft=8
t=46 s=6 threadsLeft=7
t=46 s=7 threadsLeft=6
t=46 s=7 threadsLeft=5
t=46 s=6 threadsLeft=4
t=46 s=5 threadsLeft=3
t=46 s=4 threadsLeft=2
t=46 s=3 threadsLeft=1
t=46 s=4 threadsLeft=0
  t=46 time=0.002056
t=47 s=45 threadsLeft=9
t=47 s=14 threadsLeft=8
t=47 s=8 threadsLeft=7
t=47 s=12 threadsLeft=6
t=47 s=11 threadsLeft=5
t=47 s=8 threadsLeft=4
t=47 s=7 threadsLeft=3
t=47 s=5 threadsLeft=2
t=47 s=5 threadsLeft=1
t=47 s=4 threadsLeft=0
  t=47 time=0.002055
t=48 s=46 threadsLeft=10
t=48 s=15 threadsLeft=9
t=48 s=14 threadsLeft=8
t=48 s=13 threadsLeft=7
t=48 s=12 threadsLeft=6
t=48 s=9 threadsLeft=5
t=48 s=8 threadsLeft=4
t=48 s=7 threadsLeft=3
t=48 s=6 threadsLeft=2
t=48 s=6 threadsLeft=1
t=48 s=5 threadsLeft=0
  t=48 time=0.001777
t=49 s=47 threadsLeft=6
t=49 s=16 threadsLeft=5
t=49 s=15 threadsLeft=4
t=49 s=14 threadsLeft=3
t=49 s=13 threadsLeft=2
t=49 s=10 threadsLeft=1
t=49 s=9 threadsLeft=0
  t=49 time=0.000786
t=50 s=48 threadsLeft=9
t=50 s=15 threadsLeft=8
t=50 s=8 threadsLeft=7
t=50 s=9 threadsLeft=6
t=50 s=12 threadsLeft=5
t=50 s=11 threadsLeft=4
t=50 s=7 threadsLeft=3
t=50 s=4 threadsLeft=2
t=50 s=3 threadsLeft=1
t=50 s=6 threadsLeft=0
  t=50 time=0.002558
[38;2;000;128;000mTime: 0.990844s (2025-04-13 18:31:27)
[0mt=3 s=1 threadsLeft=0
  t=3 time=0.000314
t=4 s=2 threadsLeft=1
t=4 s=1 threadsLeft=0
  t=4 time=0.000376
t=5 s=3 threadsLeft=0
  t=5 time=0.00037
t=6 s=4 threadsLeft=2
t=6 s=2 threadsLeft=1
t=6 s=1 threadsLeft=0
  t=6 time=0.000394
t=7 s=5 threadsLeft=1
t=7 s=2 threadsLeft=0
  t=7 time=0.000391
t=8 s=6 threadsLeft=1
t=8 s=3 threadsLeft=0
  t=8 time=0.000375
t=9 s=7 threadsLeft=0
  t=9 time=0.000371
t=10 s=8 threadsLeft=2
t=10 s=2 threadsLeft=1
t=10 s=1 threadsLeft=0
  t=10 time=0.000374
t=11 s=9 threadsLeft=1
t=11 s=2 threadsLeft=0
  t=11 time=0.000382
t=12 s=10 threadsLeft=2
t=12 s=3 threadsLeft=1
t=12 s=2 threadsLeft=0
  t=12 time=0.000398
t=13 s=11 threadsLeft=2
t=13 s=4 threadsLeft=1
t=13 s=3 threadsLeft=0
  t=13 time=0.000403
t=14 s=12 threadsLeft=1
t=14 s=3 threadsLeft=0
  t=14 time=0.000392
t=15 s=13 threadsLeft=1
t=15 s=4 threadsLeft=0
  t=15 time=0.000505
t=16 s=14 threadsLeft=1
t=16 s=5 threadsLeft=0
  t=16 time=0.000367
t=17 s=15 threadsLeft=0
  t=17 time=0.000348
t=18 s=16 threadsLeft=4
t=18 s=6 threadsLeft=3
t=18 s=5 threadsLeft=2
t=18 s=2 threadsLeft=1
t=18 s=1 threadsLeft=0
  t=18 time=0.000424
t=19 s=17 threadsLeft=3
t=19 s=6 threadsLeft=2
t=19 s=2 threadsLeft=1
t=19 s=3 threadsLeft=0
  t=19 time=0.000413
t=20 s=18 threadsLeft=4
t=20 s=7 threadsLeft=3
t=20 s=4 threadsLeft=2
t=20 s=3 threadsLeft=1
t=20 s=2 threadsLeft=0
  t=20 time=0.000445
t=21 s=19 threadsLeft=2
t=21 s=5 threadsLeft=1
t=21 s=4 threadsLeft=0
  t=21 time=0.00046
t=22 s=20 threadsLeft=5
t=22 s=6 threadsLeft=4
t=22 s=5 threadsLeft=3
t=22 s=3 threadsLeft=2
t=22 s=2 threadsLeft=1
t=22 s=5 threadsLeft=0
  t=22 time=0.000507
t=23 s=21 threadsLeft=3
t=23 s=6 threadsLeft=2
t=23 s=4 threadsLeft=1
t=23 s=3 threadsLeft=0
  t=23 time=0.000526
t=24 s=22 threadsLeft=6
t=24 s=7 threadsLeft=5
t=24 s=6 threadsLeft=4
t=24 s=5 threadsLeft=3
t=24 s=4 threadsLeft=2
t=24 s=3 threadsLeft=1
t=24 s=4 threadsLeft=0
  t=24 time=0.000644
t=25 s=23 threadsLeft=4
t=25 s=8 threadsLeft=3
t=25 s=7 threadsLeft=2
t=25 s=6 threadsLeft=1
t=25 s=5 threadsLeft=0
  t=25 time=0.000549
t=26 s=24 threadsLeft=3
t=26 s=7 threadsLeft=2
t=26 s=4 threadsLeft=1
t=26 s=3 threadsLeft=0
  t=26 time=0.000556
t=27 s=25 threadsLeft=2
t=27 s=8 threadsLeft=1
t=27 s=5 threadsLeft=0
  t=27 time=0.000431
t=28 s=26 threadsLeft=4
t=28 s=9 threadsLeft=3
t=28 s=6 threadsLeft=2
t=28 s=4 threadsLeft=1
t=28 s=5 threadsLeft=0
  t=28 time=0.000542
t=29 s=27 threadsLeft=1
t=29 s=4 threadsLeft=0
  t=29 time=0.00047
t=30 s=28 threadsLeft=3
t=30 s=10 threadsLeft=2
t=30 s=5 threadsLeft=1
t=30 s=9 threadsLeft=0
  t=30 time=0.000576
t=31 s=29 threadsLeft=3
t=31 s=10 threadsLeft=2
t=31 s=6 threadsLeft=1
t=31 s=5 threadsLeft=0
  t=31 time=0.000599
t=32 s=30 threadsLeft=3
t=32 s=11 threadsLeft=2
t=32 s=8 threadsLeft=1
t=32 s=7 threadsLeft=0
  t=32 time=0.000482
t=33 s=31 threadsLeft=2
t=33 s=9 threadsLeft=1
t=33 s=8 threadsLeft=0
  t=33 time=0.000467
t=34 s=32 threadsLeft=6
t=34 s=10 threadsLeft=5
t=34 s=9 threadsLeft=4
t=34 s=9 threadsLeft=3
t=34 s=1 threadsLeft=2
t=34 s=2 threadsLeft=1
t=34 s=6 threadsLeft=0
  t=34 time=0.000644
t=35 s=33 threadsLeft=5
t=35 s=10 threadsLeft=4
t=35 s=8 threadsLeft=3
t=35 s=7 threadsLeft=2
t=35 s=2 threadsLeft=1
t=35 s=3 threadsLeft=0
  t=35 time=0.000831
t=36 s=34 threadsLeft=8
t=36 s=11 threadsLeft=7
t=36 s=10 threadsLeft=6
t=36 s=9 threadsLeft=5
t=36 s=8 threadsLeft=4
t=36 s=2 threadsLeft=3
t=36 s=3 threadsLeft=2
t=36 s=4 threadsLeft=1
t=36 s=3 threadsLeft=0
  t=36 time=0.001106
t=37 s=35 threadsLeft=6
t=37 s=12 threadsLeft=5
t=37 s=11 threadsLeft=4
t=37 s=10 threadsLeft=3
t=37 s=9 threadsLeft=2
t=37 s=4 threadsLeft=1
t=37 s=5 threadsLeft=0
  t=37 time=0.000858
t=38 s=36 threadsLeft=9
t=38 s=8 threadsLeft=8
t=38 s=6 threadsLeft=7
t=38 s=7 threadsLeft=6
t=38 s=11 threadsLeft=5
t=38 s=2 threadsLeft=4
t=38 s=5 threadsLeft=3
t=38 s=4 threadsLeft=2
t=38 s=5 threadsLeft=1
t=38 s=3 threadsLeft=0
  t=38 time=0.000944
t=39 s=37 threadsLeft=7
t=39 s=12 threadsLeft=6
t=39 s=9 threadsLeft=5
t=39 s=8 threadsLeft=4
t=39 s=6 threadsLeft=3
t=39 s=7 threadsLeft=2
t=39 s=3 threadsLeft=1
t=39 s=4 threadsLeft=0
  t=39 time=0.001165
t=40 s=38 threadsLeft=8
t=40 s=13 threadsLeft=7
t=40 s=10 threadsLeft=6
t=40 s=6 threadsLeft=5
t=40 s=9 threadsLeft=4
t=40 s=8 threadsLeft=3
t=40 s=7 threadsLeft=2
t=40 s=5 threadsLeft=1
t=40 s=4 threadsLeft=0
  t=40 time=0.001
t=41 s=39 threadsLeft=4
t=41 s=8 threadsLeft=3
t=41 s=9 threadsLeft=2
t=41 s=8 threadsLeft=1
t=41 s=7 threadsLeft=0
  t=41 time=0.000666
t=42 s=40 threadsLeft=11
t=42 s=14 threadsLeft=10
t=42 s=13 threadsLeft=9
t=42 s=10 threadsLeft=8
t=42 s=9 threadsLeft=7
t=42 s=9 threadsLeft=6
t=42 s=2 threadsLeft=5
t=42 s=8 threadsLeft=4
t=42 s=7 threadsLeft=3
t=42 s=6 threadsLeft=2
t=42 s=5 threadsLeft=1
t=42 s=3 threadsLeft=0
  t=42 time=0.001225
t=43 s=41 threadsLeft=6
t=43 s=14 threadsLeft=5
t=43 s=11 threadsLeft=4
t=43 s=10 threadsLeft=3
t=43 s=10 threadsLeft=2
t=43 s=9 threadsLeft=1
t=43 s=3 threadsLeft=0
  t=43 time=0.001529
t=44 s=42 threadsLeft=10
t=44 s=15 threadsLeft=9
t=44 s=12 threadsLeft=8
t=44 s=8 threadsLeft=7
t=44 s=7 threadsLeft=6
t=44 s=11 threadsLeft=5
t=44 s=6 threadsLeft=4
t=44 s=5 threadsLeft=3
t=44 s=4 threadsLeft=2
t=44 s=3 threadsLeft=1
t=44 s=4 threadsLeft=0
  t=44 time=0.001735
t=45 s=43 threadsLeft=7
t=45 s=13 threadsLeft=6
t=45 s=12 threadsLeft=5
t=45 s=9 threadsLeft=4
t=45 s=8 threadsLeft=3
t=45 s=5 threadsLeft=2
t=45 s=4 threadsLeft=1
t=45 s=6 threadsLeft=0
  t=45 time=0.001322
[38;2;000;128;000mTime: 0.985892s (2025-04-13 18:31:43)
[0m[38;2;000;128;000mTime: 0.011458s (2025-04-13 18:32:04)
[0mt=3 s=1 threadsLeft=0
  t=3 time=0.000373
t=4 s=2 threadsLeft=1
t=4 s=1 threadsLeft=0
  t=4 time=0.000475
t=5 s=3 threadsLeft=0
  t=5 time=0.00046
t=6 s=4 threadsLeft=2
t=6 s=2 threadsLeft=1
t=6 s=1 threadsLeft=0
  t=6 time=0.000423
t=7 s=5 threadsLeft=1
t=7 s=2 threadsLeft=0
  t=7 time=0.000368
t=8 s=6 threadsLeft=1
t=8 s=3 threadsLeft=0
  t=8 time=0.000405
t=9 s=7 threadsLeft=0
  t=9 time=0.000329
t=10 s=8 threadsLeft=2
t=10 s=2 threadsLeft=1
t=10 s=1 threadsLeft=0
  t=10 time=0.000426
t=11 s=9 threadsLeft=1
t=11 s=2 threadsLeft=0
  t=11 time=0.000409
t=12 s=10 threadsLeft=2
t=12 s=3 threadsLeft=1
t=12 s=2 threadsLeft=0
  t=12 time=0.000417
t=13 s=11 threadsLeft=2
t=13 s=4 threadsLeft=1
t=13 s=3 threadsLeft=0
  t=13 time=0.000387
t=14 s=12 threadsLeft=1
t=14 s=3 threadsLeft=0
  t=14 time=0.000378
t=15 s=13 threadsLeft=1
t=15 s=4 threadsLeft=0
  t=15 time=0.000358
t=16 s=14 threadsLeft=1
t=16 s=5 threadsLeft=0
  t=16 time=0.000442
t=17 s=15 threadsLeft=0
  t=17 time=0.000369
t=18 s=16 threadsLeft=4
t=18 s=6 threadsLeft=3
t=18 s=5 threadsLeft=2
t=18 s=2 threadsLeft=1
t=18 s=1 threadsLeft=0
  t=18 time=0.000437
t=19 s=17 threadsLeft=3
t=19 s=6 threadsLeft=2
t=19 s=3 threadsLeft=1
t=19 s=2 threadsLeft=0
  t=19 time=0.000431
t=20 s=18 threadsLeft=4
t=20 s=7 threadsLeft=3
t=20 s=4 threadsLeft=2
t=20 s=3 threadsLeft=1
t=20 s=2 threadsLeft=0
  t=20 time=0.000428
t=21 s=19 threadsLeft=2
t=21 s=5 threadsLeft=1
t=21 s=4 threadsLeft=0
  t=21 time=0.000376
t=22 s=20 threadsLeft=5
t=22 s=6 threadsLeft=4
t=22 s=5 threadsLeft=3
t=22 s=5 threadsLeft=2
t=22 s=3 threadsLeft=1
t=22 s=2 threadsLeft=0
  t=22 time=0.000451
t=23 s=21 threadsLeft=3
t=23 s=6 threadsLeft=2
t=23 s=4 threadsLeft=1
t=23 s=3 threadsLeft=0
  t=23 time=0.000474
t=24 s=22 threadsLeft=6
t=24 s=7 threadsLeft=5
t=24 s=6 threadsLeft=4
t=24 s=5 threadsLeft=3
t=24 s=4 threadsLeft=2
t=24 s=4 threadsLeft=1
t=24 s=3 threadsLeft=0
  t=24 time=0.000534
t=25 s=23 threadsLeft=4
t=25 s=8 threadsLeft=3
t=25 s=7 threadsLeft=2
t=25 s=6 threadsLeft=1
t=25 s=5 threadsLeft=0
  t=25 time=0.000608
t=26 s=24 threadsLeft=3
t=26 s=7 threadsLeft=2
t=26 s=4 threadsLeft=1
t=26 s=3 threadsLeft=0
  t=26 time=0.000511
t=27 s=25 threadsLeft=2
t=27 s=8 threadsLeft=1
t=27 s=5 threadsLeft=0
  t=27 time=0.00046
t=28 s=26 threadsLeft=4
t=28 s=9 threadsLeft=3
t=28 s=6 threadsLeft=2
t=28 s=5 threadsLeft=1
t=28 s=4 threadsLeft=0
  t=28 time=0.000497
t=29 s=27 threadsLeft=1
t=29 s=4 threadsLeft=0
  t=29 time=0.000444
t=30 s=28 threadsLeft=3
t=30 s=10 threadsLeft=2
t=30 s=9 threadsLeft=1
t=30 s=5 threadsLeft=0
  t=30 time=0.000444
t=31 s=29 threadsLeft=3
t=31 s=10 threadsLeft=2
t=31 s=6 threadsLeft=1
t=31 s=5 threadsLeft=0
  t=31 time=0.00046
t=32 s=30 threadsLeft=3
t=32 s=11 threadsLeft=2
t=32 s=8 threadsLeft=1
t=32 s=7 threadsLeft=0
  t=32 time=0.000436
t=33 s=31 threadsLeft=2
t=33 s=9 threadsLeft=1
t=33 s=8 threadsLeft=0
  t=33 time=0.000385
t=34 s=32 threadsLeft=6
t=34 s=10 threadsLeft=5
t=34 s=9 threadsLeft=4
t=34 s=9 threadsLeft=3
t=34 s=1 threadsLeft=2
t=34 s=2 threadsLeft=1
t=34 s=6 threadsLeft=0
  t=34 time=0.000573
t=35 s=33 threadsLeft=5
t=35 s=10 threadsLeft=4
t=35 s=8 threadsLeft=3
t=35 s=7 threadsLeft=2
t=35 s=2 threadsLeft=1
t=35 s=3 threadsLeft=0
  t=35 time=0.000784
t=36 s=34 threadsLeft=8
t=36 s=11 threadsLeft=7
t=36 s=10 threadsLeft=6
t=36 s=9 threadsLeft=5
t=36 s=8 threadsLeft=4
t=36 s=2 threadsLeft=3
t=36 s=4 threadsLeft=2
t=36 s=3 threadsLeft=1
t=36 s=3 threadsLeft=0
  t=36 time=0.000918
t=37 s=35 threadsLeft=6
t=37 s=12 threadsLeft=5
t=37 s=11 threadsLeft=4
t=37 s=10 threadsLeft=3
t=37 s=9 threadsLeft=2
t=37 s=4 threadsLeft=1
t=37 s=5 threadsLeft=0
  t=37 time=0.000721
t=38 s=36 threadsLeft=9
t=38 s=8 threadsLeft=8
t=38 s=11 threadsLeft=7
t=38 s=7 threadsLeft=6
t=38 s=5 threadsLeft=5
t=38 s=2 threadsLeft=4
t=38 s=3 threadsLeft=3
t=38 s=6 threadsLeft=2
t=38 s=5 threadsLeft=1
t=38 s=4 threadsLeft=0
  t=38 time=0.000778
t=39 s=37 threadsLeft=7
t=39 s=12 threadsLeft=6
t=39 s=9 threadsLeft=5
t=39 s=8 threadsLeft=4
t=39 s=6 threadsLeft=3
t=39 s=7 threadsLeft=2
t=39 s=3 threadsLeft=1
t=39 s=4 threadsLeft=0
  t=39 time=0.001
t=40 s=38 threadsLeft=8
t=40 s=13 threadsLeft=7
t=40 s=10 threadsLeft=6
t=40 s=9 threadsLeft=5
t=40 s=8 threadsLeft=4
t=40 s=7 threadsLeft=3
t=40 s=6 threadsLeft=2
t=40 s=5 threadsLeft=1
t=40 s=4 threadsLeft=0
  t=40 time=0.000862
t=41 s=39 threadsLeft=4
t=41 s=8 threadsLeft=3
t=41 s=9 threadsLeft=2
t=41 s=8 threadsLeft=1
t=41 s=7 threadsLeft=0
  t=41 time=0.000541
t=42 s=40 threadsLeft=11
t=42 s=14 threadsLeft=10
t=42 s=13 threadsLeft=9
t=42 s=10 threadsLeft=8
t=42 s=9 threadsLeft=7
t=42 s=9 threadsLeft=6
t=42 s=8 threadsLeft=5
t=42 s=7 threadsLeft=4
t=42 s=2 threadsLeft=3
t=42 s=5 threadsLeft=2
t=42 s=6 threadsLeft=1
t=42 s=3 threadsLeft=0
  t=42 time=0.001056
t=43 s=41 threadsLeft=6
t=43 s=14 threadsLeft=5
t=43 s=11 threadsLeft=4
t=43 s=10 threadsLeft=3
t=43 s=10 threadsLeft=2
t=43 s=9 threadsLeft=1
t=43 s=3 threadsLeft=0
  t=43 time=0.001459
t=44 s=42 threadsLeft=10
t=44 s=15 threadsLeft=9
t=44 s=12 threadsLeft=8
t=44 s=7 threadsLeft=7
t=44 s=8 threadsLeft=6
t=44 s=6 threadsLeft=5
t=44 s=11 threadsLeft=4
t=44 s=5 threadsLeft=3
t=44 s=3 threadsLeft=2
t=44 s=4 threadsLeft=1
t=44 s=4 threadsLeft=0
  t=44 time=0.001697
t=45 s=43 threadsLeft=7
t=45 s=13 threadsLeft=6
t=45 s=12 threadsLeft=5
t=45 s=9 threadsLeft=4
t=45 s=8 threadsLeft=3
t=45 s=5 threadsLeft=2
t=45 s=6 threadsLeft=1
t=45 s=4 threadsLeft=0
  t=45 time=0.001301
t=46 s=44 threadsLeft=13
t=46 s=14 threadsLeft=12
t=46 s=13 threadsLeft=11
t=46 s=13 threadsLeft=10
t=46 s=10 threadsLeft=9
t=46 s=9 threadsLeft=8
t=46 s=7 threadsLeft=7
t=46 s=6 threadsLeft=6
t=46 s=6 threadsLeft=5
t=46 s=7 threadsLeft=4
t=46 s=5 threadsLeft=3
t=46 s=3 threadsLeft=2
t=46 s=4 threadsLeft=1
t=46 s=4 threadsLeft=0
  t=46 time=0.002071
t=47 s=45 threadsLeft=9
t=47 s=14 threadsLeft=8
t=47 s=8 threadsLeft=7
t=47 s=12 threadsLeft=6
t=47 s=11 threadsLeft=5
t=47 s=8 threadsLeft=4
t=47 s=7 threadsLeft=3
t=47 s=5 threadsLeft=2
t=47 s=5 threadsLeft=1
t=47 s=4 threadsLeft=0
  t=47 time=0.002082
t=48 s=46 threadsLeft=10
t=48 s=15 threadsLeft=9
t=48 s=14 threadsLeft=8
t=48 s=13 threadsLeft=7
t=48 s=9 threadsLeft=6
t=48 s=12 threadsLeft=5
t=48 s=8 threadsLeft=4
t=48 s=7 threadsLeft=3
t=48 s=6 threadsLeft=2
t=48 s=6 threadsLeft=1
t=48 s=5 threadsLeft=0
  t=48 time=0.001869
t=49 s=47 threadsLeft=6
t=49 s=16 threadsLeft=5
t=49 s=15 threadsLeft=4
t=49 s=14 threadsLeft=3
t=49 s=13 threadsLeft=2
t=49 s=10 threadsLeft=1
t=49 s=9 threadsLeft=0
  t=49 time=0.000825
t=50 s=48 threadsLeft=9
t=50 s=15 threadsLeft=8
t=50 s=9 threadsLeft=7
t=50 s=8 threadsLeft=6
t=50 s=12 threadsLeft=5
t=50 s=11 threadsLeft=4
t=50 s=7 threadsLeft=3
t=50 s=4 threadsLeft=2
t=50 s=3 threadsLeft=1
t=50 s=6 threadsLeft=0
  t=50 time=0.002695
t=51 s=49 threadsLeft=6
t=51 s=16 threadsLeft=5
t=51 s=13 threadsLeft=4
t=51 s=12 threadsLeft=3
t=51 s=5 threadsLeft=2
t=51 s=7 threadsLeft=1
t=51 s=4 threadsLeft=0
  t=51 time=0.003111
t=52 s=50 threadsLeft=8
t=52 s=17 threadsLeft=7
t=52 s=14 threadsLeft=6
t=52 s=13 threadsLeft=5
t=52 s=10 threadsLeft=4
t=52 s=8 threadsLeft=3
t=52 s=5 threadsLeft=2
t=52 s=6 threadsLeft=1
t=52 s=5 threadsLeft=0
  t=52 time=0.003127
t=53 s=51 threadsLeft=5
t=53 s=9 threadsLeft=4
t=53 s=12 threadsLeft=3
t=53 s=11 threadsLeft=2
t=53 s=10 threadsLeft=1
t=53 s=6 threadsLeft=0
  t=53 time=0.002534
t=54 s=52 threadsLeft=9
t=54 s=18 threadsLeft=8
t=54 s=17 threadsLeft=7
t=54 s=13 threadsLeft=6
t=54 s=12 threadsLeft=5
t=54 s=11 threadsLeft=4
t=54 s=5 threadsLeft=3
t=54 s=7 threadsLeft=2
t=54 s=6 threadsLeft=1
t=54 s=4 threadsLeft=0
  t=54 time=0.003763
t=55 s=53 threadsLeft=6
t=55 s=18 threadsLeft=5
t=55 s=14 threadsLeft=4
t=55 s=13 threadsLeft=3
t=55 s=7 threadsLeft=2
t=55 s=6 threadsLeft=1
t=55 s=5 threadsLeft=0
  t=55 time=0.00341
[38;2;000;128;000mTime: 0.992787s (2025-04-14 11:05:19)
[0mt=3 s=1 threadsLeft=0
  t=3 time=0.000309
t=4 s=2 threadsLeft=1
t=4 s=1 threadsLeft=0
  t=4 time=0.000464
t=5 s=3 threadsLeft=0
  t=5 time=0.000276
t=6 s=4 threadsLeft=2
t=6 s=2 threadsLeft=1
t=6 s=1 threadsLeft=0
  t=6 time=0.000375
t=7 s=5 threadsLeft=1
t=7 s=2 threadsLeft=0
  t=7 time=0.000289
t=8 s=6 threadsLeft=1
t=8 s=3 threadsLeft=0
  t=8 time=0.000282
t=9 s=7 threadsLeft=0
  t=9 time=0.00035
t=10 s=8 threadsLeft=2
t=10 s=2 threadsLeft=1
t=10 s=1 threadsLeft=0
  t=10 time=0.00036
t=11 s=9 threadsLeft=1
t=11 s=2 threadsLeft=0
  t=11 time=0.000343
t=12 s=10 threadsLeft=2
t=12 s=3 threadsLeft=1
t=12 s=2 threadsLeft=0
  t=12 time=0.000312
t=13 s=11 threadsLeft=2
t=13 s=4 threadsLeft=1
t=13 s=3 threadsLeft=0
  t=13 time=0.000326
t=14 s=12 threadsLeft=1
t=14 s=3 threadsLeft=0
  t=14 time=0.000301
t=15 s=13 threadsLeft=1
t=15 s=4 threadsLeft=0
  t=15 time=0.000266
t=16 s=14 threadsLeft=1
t=16 s=5 threadsLeft=0
  t=16 time=0.000295
t=17 s=15 threadsLeft=0
  t=17 time=0.000298
t=18 s=16 threadsLeft=4
t=18 s=6 threadsLeft=3
t=18 s=5 threadsLeft=2
t=18 s=2 threadsLeft=1
t=18 s=1 threadsLeft=0
  t=18 time=0.000364
t=19 s=17 threadsLeft=3
t=19 s=6 threadsLeft=2
t=19 s=3 threadsLeft=1
t=19 s=2 threadsLeft=0
  t=19 time=0.000326
t=20 s=18 threadsLeft=4
t=20 s=7 threadsLeft=3
t=20 s=4 threadsLeft=2
t=20 s=3 threadsLeft=1
t=20 s=2 threadsLeft=0
  t=20 time=0.000367
t=21 s=19 threadsLeft=2
t=21 s=5 threadsLeft=1
t=21 s=4 threadsLeft=0
  t=21 time=0.00034
t=22 s=20 threadsLeft=5
t=22 s=6 threadsLeft=4
t=22 s=5 threadsLeft=3
t=22 s=5 threadsLeft=2
t=22 s=3 threadsLeft=1
t=22 s=2 threadsLeft=0
  t=22 time=0.00038
t=23 s=21 threadsLeft=3
t=23 s=6 threadsLeft=2
t=23 s=4 threadsLeft=1
t=23 s=3 threadsLeft=0
  t=23 time=0.000389
t=24 s=22 threadsLeft=6
t=24 s=7 threadsLeft=5
t=24 s=6 threadsLeft=4
t=24 s=5 threadsLeft=3
t=24 s=4 threadsLeft=2
t=24 s=4 threadsLeft=1
t=24 s=3 threadsLeft=0
  t=24 time=0.000484
t=25 s=23 threadsLeft=4
t=25 s=8 threadsLeft=3
t=25 s=7 threadsLeft=2
t=25 s=5 threadsLeft=1
t=25 s=6 threadsLeft=0
  t=25 time=0.000506
t=26 s=24 threadsLeft=3
t=26 s=7 threadsLeft=2
t=26 s=4 threadsLeft=1
t=26 s=3 threadsLeft=0
  t=26 time=0.000477
t=27 s=25 threadsLeft=2
t=27 s=8 threadsLeft=1
t=27 s=5 threadsLeft=0
  t=27 time=0.0004
t=28 s=26 threadsLeft=4
t=28 s=9 threadsLeft=3
t=28 s=6 threadsLeft=2
t=28 s=5 threadsLeft=1
t=28 s=4 threadsLeft=0
  t=28 time=0.000485
t=29 s=27 threadsLeft=1
t=29 s=4 threadsLeft=0
  t=29 time=0.000447
t=30 s=28 threadsLeft=3
t=30 s=10 threadsLeft=2
t=30 s=9 threadsLeft=1
t=30 s=5 threadsLeft=0
  t=30 time=0.000487
t=31 s=29 threadsLeft=3
t=31 s=10 threadsLeft=2
t=31 s=6 threadsLeft=1
t=31 s=5 threadsLeft=0
  t=31 time=0.00059
t=32 s=30 threadsLeft=3
t=32 s=11 threadsLeft=2
t=32 s=8 threadsLeft=1
t=32 s=7 threadsLeft=0
  t=32 time=0.000449
t=33 s=31 threadsLeft=2
t=33 s=9 threadsLeft=1
t=33 s=8 threadsLeft=0
  t=33 time=0.000503
t=34 s=32 threadsLeft=6
t=34 s=10 threadsLeft=5
t=34 s=9 threadsLeft=4
t=34 s=9 threadsLeft=3
t=34 s=1 threadsLeft=2
t=34 s=2 threadsLeft=1
t=34 s=6 threadsLeft=0
  t=34 time=0.000594
t=35 s=33 threadsLeft=5
t=35 s=10 threadsLeft=4
t=35 s=8 threadsLeft=3
t=35 s=7 threadsLeft=2
t=35 s=2 threadsLeft=1
t=35 s=3 threadsLeft=0
  t=35 time=0.00071
t=36 s=34 threadsLeft=8
t=36 s=11 threadsLeft=7
t=36 s=10 threadsLeft=6
t=36 s=9 threadsLeft=5
t=36 s=8 threadsLeft=4
t=36 s=2 threadsLeft=3
t=36 s=3 threadsLeft=2
t=36 s=4 threadsLeft=1
t=36 s=3 threadsLeft=0
  t=36 time=0.001029
t=37 s=35 threadsLeft=6
t=37 s=12 threadsLeft=5
t=37 s=11 threadsLeft=4
t=37 s=10 threadsLeft=3
t=37 s=9 threadsLeft=2
t=37 s=4 threadsLeft=1
t=37 s=5 threadsLeft=0
  t=37 time=0.000895
t=38 s=36 threadsLeft=9
t=38 s=8 threadsLeft=8
t=38 s=11 threadsLeft=7
t=38 s=6 threadsLeft=6
t=38 s=7 threadsLeft=5
t=38 s=5 threadsLeft=4
t=38 s=5 threadsLeft=3
t=38 s=4 threadsLeft=2
t=38 s=2 threadsLeft=1
t=38 s=3 threadsLeft=0
  t=38 time=0.000852
t=39 s=37 threadsLeft=7
t=39 s=12 threadsLeft=6
t=39 s=9 threadsLeft=5
t=39 s=8 threadsLeft=4
t=39 s=6 threadsLeft=3
t=39 s=7 threadsLeft=2
t=39 s=3 threadsLeft=1
t=39 s=4 threadsLeft=0
  t=39 time=0.000977
t=40 s=38 threadsLeft=8
t=40 s=13 threadsLeft=7
t=40 s=10 threadsLeft=6
t=40 s=9 threadsLeft=5
t=40 s=8 threadsLeft=4
t=40 s=7 threadsLeft=3
t=40 s=6 threadsLeft=2
t=40 s=5 threadsLeft=1
t=40 s=4 threadsLeft=0
  t=40 time=0.000814
t=41 s=39 threadsLeft=4
t=41 s=8 threadsLeft=3
t=41 s=9 threadsLeft=2
t=41 s=8 threadsLeft=1
t=41 s=7 threadsLeft=0
  t=41 time=0.000508
t=42 s=40 threadsLeft=11
t=42 s=14 threadsLeft=10
t=42 s=13 threadsLeft=9
t=42 s=10 threadsLeft=8
t=42 s=9 threadsLeft=7
t=42 s=9 threadsLeft=6
t=42 s=8 threadsLeft=5
t=42 s=7 threadsLeft=4
t=42 s=2 threadsLeft=3
t=42 s=5 threadsLeft=2
t=42 s=3 threadsLeft=1
t=42 s=6 threadsLeft=0
  t=42 time=0.001086
t=43 s=41 threadsLeft=6
t=43 s=14 threadsLeft=5
t=43 s=10 threadsLeft=4
t=43 s=11 threadsLeft=3
t=43 s=10 threadsLeft=2
t=43 s=9 threadsLeft=1
t=43 s=3 threadsLeft=0
  t=43 time=0.001429
t=44 s=42 threadsLeft=10
t=44 s=15 threadsLeft=9
t=44 s=12 threadsLeft=8
t=44 s=11 threadsLeft=7
t=44 s=7 threadsLeft=6
t=44 s=8 threadsLeft=5
t=44 s=6 threadsLeft=4
t=44 s=5 threadsLeft=3
t=44 s=4 threadsLeft=2
t=44 s=3 threadsLeft=1
t=44 s=4 threadsLeft=0
  t=44 time=0.001738
t=45 s=43 threadsLeft=7
t=45 s=13 threadsLeft=6
t=45 s=12 threadsLeft=5
t=45 s=9 threadsLeft=4
t=45 s=8 threadsLeft=3
t=45 s=5 threadsLeft=2
t=45 s=6 threadsLeft=1
t=45 s=4 threadsLeft=0
  t=45 time=0.001386
t=46 s=44 threadsLeft=13
t=46 s=14 threadsLeft=12
t=46 s=13 threadsLeft=11
t=46 s=13 threadsLeft=10
t=46 s=10 threadsLeft=9
t=46 s=9 threadsLeft=8
t=46 s=6 threadsLeft=7
t=46 s=7 threadsLeft=6
t=46 s=7 threadsLeft=5
t=46 s=5 threadsLeft=4
t=46 s=6 threadsLeft=3
t=46 s=4 threadsLeft=2
t=46 s=3 threadsLeft=1
t=46 s=4 threadsLeft=0
  t=46 time=0.002172
t=47 s=45 threadsLeft=9
t=47 s=14 threadsLeft=8
t=47 s=8 threadsLeft=7
t=47 s=12 threadsLeft=6
t=47 s=11 threadsLeft=5
t=47 s=8 threadsLeft=4
t=47 s=7 threadsLeft=3
t=47 s=5 threadsLeft=2
t=47 s=5 threadsLeft=1
t=47 s=4 threadsLeft=0
  t=47 time=0.002077
t=48 s=46 threadsLeft=10
t=48 s=15 threadsLeft=9
t=48 s=14 threadsLeft=8
t=48 s=13 threadsLeft=7
t=48 s=12 threadsLeft=6
t=48 s=9 threadsLeft=5
t=48 s=8 threadsLeft=4
t=48 s=7 threadsLeft=3
t=48 s=6 threadsLeft=2
t=48 s=5 threadsLeft=1
t=48 s=6 threadsLeft=0
  t=48 time=0.001823
t=49 s=47 threadsLeft=6
t=49 s=16 threadsLeft=5
t=49 s=15 threadsLeft=4
t=49 s=14 threadsLeft=3
t=49 s=13 threadsLeft=2
t=49 s=10 threadsLeft=1
t=49 s=9 threadsLeft=0
  t=49 time=0.000765
t=50 s=48 threadsLeft=9
t=50 s=15 threadsLeft=8
t=50 s=9 threadsLeft=7
t=50 s=12 threadsLeft=6
t=50 s=8 threadsLeft=5
t=50 s=11 threadsLeft=4
t=50 s=7 threadsLeft=3
t=50 s=4 threadsLeft=2
t=50 s=3 threadsLeft=1
t=50 s=6 threadsLeft=0
  t=50 time=0.002672
t=51 s=49 threadsLeft=6
t=51 s=16 threadsLeft=5
t=51 s=13 threadsLeft=4
t=51 s=12 threadsLeft=3
t=51 s=5 threadsLeft=2
t=51 s=7 threadsLeft=1
t=51 s=4 threadsLeft=0
  t=51 time=0.003492
t=52 s=50 threadsLeft=8
t=52 s=17 threadsLeft=7
t=52 s=14 threadsLeft=6
t=52 s=13 threadsLeft=5
t=52 s=10 threadsLeft=4
t=52 s=8 threadsLeft=3
t=52 s=5 threadsLeft=2
t=52 s=5 threadsLeft=1
t=52 s=6 threadsLeft=0
  t=52 time=0.003081
t=53 s=51 threadsLeft=5
t=53 s=9 threadsLeft=4
t=53 s=12 threadsLeft=3
t=53 s=11 threadsLeft=2
t=53 s=10 threadsLeft=1
t=53 s=6 threadsLeft=0
  t=53 time=0.00265
t=54 s=52 threadsLeft=9
t=54 s=18 threadsLeft=8
t=54 s=17 threadsLeft=7
t=54 s=13 threadsLeft=6
t=54 s=12 threadsLeft=5
t=54 s=11 threadsLeft=4
t=54 s=5 threadsLeft=3
t=54 s=7 threadsLeft=2
t=54 s=6 threadsLeft=1
t=54 s=4 threadsLeft=0
  t=54 time=0.003728
t=55 s=53 threadsLeft=6
t=55 s=18 threadsLeft=5
t=55 s=14 threadsLeft=4
t=55 s=13 threadsLeft=3
t=55 s=7 threadsLeft=2
t=55 s=6 threadsLeft=1
t=55 s=5 threadsLeft=0
  t=55 time=0.003464
t=56 s=54 threadsLeft=12
t=56 s=19 threadsLeft=11
t=56 s=16 threadsLeft=10
t=56 s=15 threadsLeft=9
t=56 s=9 threadsLeft=8
t=56 s=12 threadsLeft=7
t=56 s=10 threadsLeft=6
t=56 s=11 threadsLeft=5
t=56 s=8 threadsLeft=4
t=56 s=7 threadsLeft=3
t=56 s=5 threadsLeft=2
t=56 s=6 threadsLeft=1
t=56 s=4 threadsLeft=0
  t=56 time=0.004851
t=57 s=55 threadsLeft=9
t=57 s=17 threadsLeft=8
t=57 s=16 threadsLeft=7
t=57 s=13 threadsLeft=6
t=57 s=12 threadsLeft=5
t=57 s=8 threadsLeft=4
t=57 s=8 threadsLeft=3
t=57 s=7 threadsLeft=2
t=57 s=7 threadsLeft=1
t=57 s=6 threadsLeft=0
  t=57 time=0.004168
t=58 s=56 threadsLeft=8
t=58 s=18 threadsLeft=7
t=58 s=17 threadsLeft=6
t=58 s=17 threadsLeft=5
t=58 s=14 threadsLeft=4
t=58 s=13 threadsLeft=3
t=58 s=8 threadsLeft=2
t=58 s=5 threadsLeft=1
t=58 s=6 threadsLeft=0
  t=58 time=0.004446
t=59 s=57 threadsLeft=10
t=59 s=18 threadsLeft=9
t=59 s=16 threadsLeft=8
t=59 s=15 threadsLeft=7
t=59 s=12 threadsLeft=6
t=59 s=11 threadsLeft=5
t=59 s=10 threadsLeft=4
t=59 s=9 threadsLeft=3
t=59 s=9 threadsLeft=2
t=59 s=5 threadsLeft=1
t=59 s=6 threadsLeft=0
  t=59 time=0.005191
t=60 s=58 threadsLeft=7
t=60 s=19 threadsLeft=6
t=60 s=18 threadsLeft=5
t=60 s=17 threadsLeft=4
t=60 s=16 threadsLeft=3
t=60 s=7 threadsLeft=2
t=60 s=6 threadsLeft=1
t=60 s=5 threadsLeft=0
  t=60 time=0.006329
t=61 s=59 threadsLeft=5
t=61 s=20 threadsLeft=4
t=61 s=19 threadsLeft=3
t=61 s=18 threadsLeft=2
t=61 s=17 threadsLeft=1
t=61 s=8 threadsLeft=0
  t=61 time=0.003014
t=62 s=60 threadsLeft=13
t=62 s=16 threadsLeft=12
t=62 s=19 threadsLeft=11
t=62 s=11 threadsLeft=10
t=62 s=15 threadsLeft=9
t=62 s=10 threadsLeft=8
t=62 s=9 threadsLeft=7
t=62 s=14 threadsLeft=6
t=62 s=13 threadsLeft=5
t=62 s=12 threadsLeft=4
t=62 s=13 threadsLeft=3
t=62 s=8 threadsLeft=2
t=62 s=7 threadsLeft=1
t=62 s=6 threadsLeft=0
  t=62 time=0.007086
t=63 s=61 threadsLeft=5
t=63 s=20 threadsLeft=4
t=63 s=17 threadsLeft=3
t=63 s=16 threadsLeft=2
t=63 s=14 threadsLeft=1
t=63 s=15 threadsLeft=0
  t=63 time=0.000861
t=64 s=62 threadsLeft=9
t=64 s=21 threadsLeft=8
t=64 s=18 threadsLeft=7
t=64 s=17 threadsLeft=6
t=64 s=16 threadsLeft=5
t=64 s=15 threadsLeft=4
t=64 s=14 threadsLeft=3
t=64 s=9 threadsLeft=2
t=64 s=8 threadsLeft=1
t=64 s=7 threadsLeft=0
  t=64 time=0.006706
t=65 s=63 threadsLeft=10
t=65 s=16 threadsLeft=9
t=65 s=17 threadsLeft=8
t=65 s=11 threadsLeft=7
t=65 s=12 threadsLeft=6
t=65 s=16 threadsLeft=5
t=65 s=15 threadsLeft=4
t=65 s=13 threadsLeft=3
t=65 s=14 threadsLeft=2
t=65 s=10 threadsLeft=1
t=65 s=9 threadsLeft=0
  t=65 time=0.003264
t=66 s=64 threadsLeft=14
t=66 s=22 threadsLeft=13
t=66 s=21 threadsLeft=12
t=66 s=18 threadsLeft=11
t=66 s=17 threadsLeft=10
t=66 s=17 threadsLeft=9
t=66 s=1 threadsLeft=8
t=66 s=15 threadsLeft=7
t=66 s=2 threadsLeft=6
t=66 s=16 threadsLeft=5
t=66 s=10 threadsLeft=4
t=66 s=11 threadsLeft=3
t=66 s=10 threadsLeft=2
t=66 s=7 threadsLeft=1
t=66 s=6 threadsLeft=0
  t=66 time=0.010047
t=67 s=65 threadsLeft=15
t=67 s=22 threadsLeft=14
t=67 s=18 threadsLeft=13
t=67 s=18 threadsLeft=12
t=67 s=19 threadsLeft=11
t=67 s=17 threadsLeft=10
t=67 s=2 threadsLeft=9
t=67 s=12 threadsLeft=8
t=67 s=11 threadsLeft=7
t=67 s=11 threadsLeft=6
t=67 s=9 threadsLeft=5
t=67 s=8 threadsLeft=4
t=67 s=3 threadsLeft=3
t=67 s=8 threadsLeft=2
t=67 s=7 threadsLeft=1
t=67 s=4 threadsLeft=0
  t=67 time=0.019744
t=68 s=66 threadsLeft=20
t=68 s=23 threadsLeft=19
t=68 s=20 threadsLeft=18
t=68 s=13 threadsLeft=17
t=68 s=19 threadsLeft=16
t=68 s=16 threadsLeft=15
t=68 s=14 threadsLeft=14
t=68 s=11 threadsLeft=13
t=68 s=12 threadsLeft=12
t=68 s=10 threadsLeft=11
t=68 s=15 threadsLeft=10
t=68 s=2 threadsLeft=9
t=68 s=3 threadsLeft=8
t=68 s=13 threadsLeft=7
t=68 s=12 threadsLeft=6
t=68 s=10 threadsLeft=5
t=68 s=9 threadsLeft=4
t=68 s=3 threadsLeft=3
t=68 s=9 threadsLeft=2
t=68 s=8 threadsLeft=1
t=68 s=4 threadsLeft=0
  t=68 time=0.02051
t=69 s=67 threadsLeft=16
t=69 s=21 threadsLeft=15
t=69 s=20 threadsLeft=14
t=69 s=17 threadsLeft=13
t=69 s=16 threadsLeft=12
t=69 s=13 threadsLeft=11
t=69 s=14 threadsLeft=10
t=69 s=4 threadsLeft=9
t=69 s=12 threadsLeft=8
t=69 s=11 threadsLeft=7
t=69 s=10 threadsLeft=6
t=69 s=6 threadsLeft=5
t=69 s=5 threadsLeft=4
t=69 s=6 threadsLeft=3
t=69 s=5 threadsLeft=2
t=69 s=7 threadsLeft=1
t=69 s=5 threadsLeft=0
  t=69 time=0.032399
t=70 s=68 threadsLeft=19
t=70 s=22 threadsLeft=18
t=70 s=21 threadsLeft=17
t=70 s=21 threadsLeft=16
t=70 s=18 threadsLeft=15
t=70 s=17 threadsLeft=14
t=70 s=15 threadsLeft=13
t=70 s=14 threadsLeft=12
t=70 s=5 threadsLeft=11
t=70 s=2 threadsLeft=10
t=70 s=12 threadsLeft=9
t=70 s=11 threadsLeft=8
t=70 s=3 threadsLeft=7
t=70 s=3 threadsLeft=6
t=70 s=8 threadsLeft=5
t=70 s=7 threadsLeft=4
t=70 s=7 threadsLeft=3
t=70 s=6 threadsLeft=2
t=70 s=4 threadsLeft=1
t=70 s=6 threadsLeft=0
  t=70 time=0.029781
[38;2;000;128;000mTime: 1.163554s (2025-04-14 11:09:34)
[0mt=3 s=1 threadsLeft=0
  t=3 time=0.000303
t=4 s=2 threadsLeft=1
t=4 s=1 threadsLeft=0
  t=4 time=0.000313
t=5 s=3 threadsLeft=0
  t=5 time=0.000251
t=6 s=4 threadsLeft=2
t=6 s=2 threadsLeft=1
t=6 s=1 threadsLeft=0
  t=6 time=0.000333
t=7 s=5 threadsLeft=1
t=7 s=2 threadsLeft=0
  t=7 time=0.000315
t=8 s=6 threadsLeft=1
t=8 s=3 threadsLeft=0
  t=8 time=0.000292
t=9 s=7 threadsLeft=0
  t=9 time=0.000255
t=10 s=8 threadsLeft=2
t=10 s=2 threadsLeft=1
t=10 s=1 threadsLeft=0
  t=10 time=0.000292
t=11 s=9 threadsLeft=1
t=11 s=2 threadsLeft=0
  t=11 time=0.000267
t=12 s=10 threadsLeft=2
t=12 s=3 threadsLeft=1
t=12 s=2 threadsLeft=0
  t=12 time=0.000303
t=13 s=11 threadsLeft=2
t=13 s=4 threadsLeft=1
t=13 s=3 threadsLeft=0
  t=13 time=0.000364
t=14 s=12 threadsLeft=1
t=14 s=3 threadsLeft=0
  t=14 time=0.000443
t=15 s=13 threadsLeft=1
t=15 s=4 threadsLeft=0
  t=15 time=0.000383
t=16 s=14 threadsLeft=1
t=16 s=5 threadsLeft=0
  t=16 time=0.000363
t=17 s=15 threadsLeft=0
  t=17 time=0.000402
t=18 s=16 threadsLeft=4
t=18 s=6 threadsLeft=3
t=18 s=5 threadsLeft=2
t=18 s=1 threadsLeft=1
t=18 s=2 threadsLeft=0
  t=18 time=0.000505
t=19 s=17 threadsLeft=3
t=19 s=6 threadsLeft=2
t=19 s=3 threadsLeft=1
t=19 s=2 threadsLeft=0
  t=19 time=0.00041
t=20 s=18 threadsLeft=4
t=20 s=7 threadsLeft=3
t=20 s=4 threadsLeft=2
t=20 s=3 threadsLeft=1
t=20 s=2 threadsLeft=0
  t=20 time=0.000461
t=21 s=19 threadsLeft=2
t=21 s=5 threadsLeft=1
t=21 s=4 threadsLeft=0
  t=21 time=0.000389
t=22 s=20 threadsLeft=5
t=22 s=6 threadsLeft=4
t=22 s=5 threadsLeft=3
t=22 s=5 threadsLeft=2
t=22 s=3 threadsLeft=1
t=22 s=2 threadsLeft=0
  t=22 time=0.000441
t=23 s=21 threadsLeft=3
t=23 s=6 threadsLeft=2
t=23 s=4 threadsLeft=1
t=23 s=3 threadsLeft=0
  t=23 time=0.000439
t=24 s=22 threadsLeft=6
t=24 s=7 threadsLeft=5
t=24 s=6 threadsLeft=4
t=24 s=5 threadsLeft=3
t=24 s=4 threadsLeft=2
t=24 s=4 threadsLeft=1
t=24 s=3 threadsLeft=0
  t=24 time=0.000518
t=25 s=23 threadsLeft=4
t=25 s=8 threadsLeft=3
t=25 s=7 threadsLeft=2
t=25 s=6 threadsLeft=1
t=25 s=5 threadsLeft=0
  t=25 time=0.00049
t=26 s=24 threadsLeft=3
t=26 s=7 threadsLeft=2
t=26 s=4 threadsLeft=1
t=26 s=3 threadsLeft=0
  t=26 time=0.000476
t=27 s=25 threadsLeft=2
t=27 s=8 threadsLeft=1
t=27 s=5 threadsLeft=0
  t=27 time=0.000417
t=28 s=26 threadsLeft=4
t=28 s=9 threadsLeft=3
t=28 s=6 threadsLeft=2
t=28 s=5 threadsLeft=1
t=28 s=4 threadsLeft=0
  t=28 time=0.000462
t=29 s=27 threadsLeft=1
t=29 s=4 threadsLeft=0
  t=29 time=0.000426
t=30 s=28 threadsLeft=3
t=30 s=10 threadsLeft=2
t=30 s=9 threadsLeft=1
t=30 s=5 threadsLeft=0
  t=30 time=0.00053
t=31 s=29 threadsLeft=3
t=31 s=10 threadsLeft=2
t=31 s=6 threadsLeft=1
t=31 s=5 threadsLeft=0
  t=31 time=0.000508
t=32 s=30 threadsLeft=3
t=32 s=11 threadsLeft=2
t=32 s=8 threadsLeft=1
t=32 s=7 threadsLeft=0
  t=32 time=0.000441
t=33 s=31 threadsLeft=2
t=33 s=9 threadsLeft=1
t=33 s=8 threadsLeft=0
  t=33 time=0.000369
t=34 s=32 threadsLeft=6
t=34 s=10 threadsLeft=5
t=34 s=9 threadsLeft=4
t=34 s=9 threadsLeft=3
t=34 s=1 threadsLeft=2
t=34 s=2 threadsLeft=1
t=34 s=6 threadsLeft=0
  t=34 time=0.00058
t=35 s=33 threadsLeft=5
t=35 s=10 threadsLeft=4
t=35 s=8 threadsLeft=3
t=35 s=7 threadsLeft=2
t=35 s=2 threadsLeft=1
t=35 s=3 threadsLeft=0
  t=35 time=0.000702
t=36 s=34 threadsLeft=8
t=36 s=11 threadsLeft=7
t=36 s=10 threadsLeft=6
t=36 s=9 threadsLeft=5
t=36 s=8 threadsLeft=4
t=36 s=2 threadsLeft=3
t=36 s=4 threadsLeft=2
t=36 s=3 threadsLeft=1
t=36 s=3 threadsLeft=0
  t=36 time=0.001095
t=37 s=35 threadsLeft=6
t=37 s=12 threadsLeft=5
t=37 s=11 threadsLeft=4
t=37 s=10 threadsLeft=3
t=37 s=9 threadsLeft=2
t=37 s=4 threadsLeft=1
t=37 s=5 threadsLeft=0
  t=37 time=0.000797
t=38 s=36 threadsLeft=9
t=38 s=11 threadsLeft=8
t=38 s=8 threadsLeft=7
t=38 s=6 threadsLeft=6
t=38 s=7 threadsLeft=5
t=38 s=2 threadsLeft=4
t=38 s=5 threadsLeft=3
t=38 s=5 threadsLeft=2
t=38 s=4 threadsLeft=1
t=38 s=3 threadsLeft=0
  t=38 time=0.000877
t=39 s=37 threadsLeft=7
t=39 s=12 threadsLeft=6
t=39 s=9 threadsLeft=5
t=39 s=8 threadsLeft=4
t=39 s=7 threadsLeft=3
t=39 s=6 threadsLeft=2
t=39 s=3 threadsLeft=1
t=39 s=4 threadsLeft=0
  t=39 time=0.001119
t=40 s=38 threadsLeft=8
t=40 s=13 threadsLeft=7
t=40 s=10 threadsLeft=6
t=40 s=9 threadsLeft=5
t=40 s=8 threadsLeft=4
t=40 s=6 threadsLeft=3
t=40 s=7 threadsLeft=2
t=40 s=4 threadsLeft=1
t=40 s=5 threadsLeft=0
  t=40 time=0.001021
t=41 s=39 threadsLeft=4
t=41 s=8 threadsLeft=3
t=41 s=8 threadsLeft=2
t=41 s=9 threadsLeft=1
t=41 s=7 threadsLeft=0
  t=41 time=0.000678
t=42 s=40 threadsLeft=11
t=42 s=14 threadsLeft=10
t=42 s=13 threadsLeft=9
t=42 s=10 threadsLeft=8
t=42 s=9 threadsLeft=7
t=42 s=9 threadsLeft=6
t=42 s=8 threadsLeft=5
t=42 s=7 threadsLeft=4
t=42 s=2 threadsLeft=3
t=42 s=6 threadsLeft=2
t=42 s=5 threadsLeft=1
t=42 s=3 threadsLeft=0
  t=42 time=0.001104
t=43 s=41 threadsLeft=6
t=43 s=14 threadsLeft=5
t=43 s=10 threadsLeft=4
t=43 s=11 threadsLeft=3
t=43 s=10 threadsLeft=2
t=43 s=9 threadsLeft=1
t=43 s=3 threadsLeft=0
  t=43 time=0.001475
t=44 s=42 threadsLeft=10
t=44 s=15 threadsLeft=9
t=44 s=12 threadsLeft=8
t=44 s=11 threadsLeft=7
t=44 s=7 threadsLeft=6
t=44 s=8 threadsLeft=5
t=44 s=6 threadsLeft=4
t=44 s=5 threadsLeft=3
t=44 s=4 threadsLeft=2
t=44 s=3 threadsLeft=1
t=44 s=4 threadsLeft=0
  t=44 time=0.001735
t=45 s=43 threadsLeft=7
t=45 s=13 threadsLeft=6
t=45 s=12 threadsLeft=5
t=45 s=9 threadsLeft=4
t=45 s=8 threadsLeft=3
t=45 s=5 threadsLeft=2
t=45 s=4 threadsLeft=1
t=45 s=6 threadsLeft=0
  t=45 time=0.001314
t=46 s=44 threadsLeft=13
t=46 s=14 threadsLeft=12
t=46 s=13 threadsLeft=11
t=46 s=13 threadsLeft=10
t=46 s=10 threadsLeft=9
t=46 s=9 threadsLeft=8
t=46 s=6 threadsLeft=7
t=46 s=7 threadsLeft=6
t=46 s=7 threadsLeft=5
t=46 s=5 threadsLeft=4
t=46 s=6 threadsLeft=3
t=46 s=3 threadsLeft=2
t=46 s=4 threadsLeft=1
t=46 s=4 threadsLeft=0
  t=46 time=0.002087
t=47 s=45 threadsLeft=9
t=47 s=14 threadsLeft=8
t=47 s=8 threadsLeft=7
t=47 s=12 threadsLeft=6
t=47 s=11 threadsLeft=5
t=47 s=7 threadsLeft=4
t=47 s=8 threadsLeft=3
t=47 s=5 threadsLeft=2
t=47 s=5 threadsLeft=1
t=47 s=4 threadsLeft=0
  t=47 time=0.002128
t=48 s=46 threadsLeft=10
t=48 s=15 threadsLeft=9
t=48 s=14 threadsLeft=8
t=48 s=13 threadsLeft=7
t=48 s=9 threadsLeft=6
t=48 s=12 threadsLeft=5
t=48 s=8 threadsLeft=4
t=48 s=7 threadsLeft=3
t=48 s=6 threadsLeft=2
t=48 s=6 threadsLeft=1
t=48 s=5 threadsLeft=0
  t=48 time=0.001863
t=49 s=47 threadsLeft=6
t=49 s=16 threadsLeft=5
t=49 s=15 threadsLeft=4
t=49 s=14 threadsLeft=3
t=49 s=13 threadsLeft=2
t=49 s=10 threadsLeft=1
t=49 s=9 threadsLeft=0
  t=49 time=0.001008
t=50 s=48 threadsLeft=9
t=50 s=15 threadsLeft=8
t=50 s=9 threadsLeft=7
t=50 s=8 threadsLeft=6
t=50 s=12 threadsLeft=5
t=50 s=11 threadsLeft=4
t=50 s=7 threadsLeft=3
t=50 s=4 threadsLeft=2
t=50 s=3 threadsLeft=1
t=50 s=6 threadsLeft=0
  t=50 time=0.0027
t=51 s=49 threadsLeft=6
t=51 s=16 threadsLeft=5
t=51 s=13 threadsLeft=4
t=51 s=12 threadsLeft=3
t=51 s=5 threadsLeft=2
t=51 s=7 threadsLeft=1
t=51 s=4 threadsLeft=0
  t=51 time=0.003197
t=52 s=50 threadsLeft=8
t=52 s=17 threadsLeft=7
t=52 s=14 threadsLeft=6
t=52 s=13 threadsLeft=5
t=52 s=10 threadsLeft=4
t=52 s=8 threadsLeft=3
t=52 s=5 threadsLeft=2
t=52 s=6 threadsLeft=1
t=52 s=5 threadsLeft=0
  t=52 time=0.003119
t=53 s=51 threadsLeft=5
t=53 s=12 threadsLeft=4
t=53 s=9 threadsLeft=3
t=53 s=10 threadsLeft=2
t=53 s=11 threadsLeft=1
t=53 s=6 threadsLeft=0
  t=53 time=0.00269
t=54 s=52 threadsLeft=9
t=54 s=18 threadsLeft=8
t=54 s=17 threadsLeft=7
t=54 s=13 threadsLeft=6
t=54 s=12 threadsLeft=5
t=54 s=11 threadsLeft=4
t=54 s=5 threadsLeft=3
t=54 s=7 threadsLeft=2
t=54 s=6 threadsLeft=1
t=54 s=4 threadsLeft=0
  t=54 time=0.003715
t=55 s=53 threadsLeft=6
t=55 s=18 threadsLeft=5
t=55 s=14 threadsLeft=4
t=55 s=13 threadsLeft=3
t=55 s=7 threadsLeft=2
t=55 s=6 threadsLeft=1
t=55 s=5 threadsLeft=0
  t=55 time=0.003701
t=56 s=54 threadsLeft=12
t=56 s=19 threadsLeft=11
t=56 s=16 threadsLeft=10
t=56 s=15 threadsLeft=9
t=56 s=9 threadsLeft=8
t=56 s=12 threadsLeft=7
t=56 s=10 threadsLeft=6
t=56 s=11 threadsLeft=5
t=56 s=8 threadsLeft=4
t=56 s=7 threadsLeft=3
t=56 s=5 threadsLeft=2
t=56 s=6 threadsLeft=1
t=56 s=4 threadsLeft=0
  t=56 time=0.004847
t=57 s=55 threadsLeft=9
t=57 s=17 threadsLeft=8
t=57 s=16 threadsLeft=7
t=57 s=13 threadsLeft=6
t=57 s=12 threadsLeft=5
t=57 s=8 threadsLeft=4
t=57 s=8 threadsLeft=3
t=57 s=7 threadsLeft=2
t=57 s=7 threadsLeft=1
t=57 s=6 threadsLeft=0
  t=57 time=0.004254
t=58 s=56 threadsLeft=8
t=58 s=18 threadsLeft=7
t=58 s=17 threadsLeft=6
t=58 s=17 threadsLeft=5
t=58 s=13 threadsLeft=4
t=58 s=14 threadsLeft=3
t=58 s=8 threadsLeft=2
t=58 s=5 threadsLeft=1
t=58 s=6 threadsLeft=0
  t=58 time=0.004445
t=59 s=57 threadsLeft=10
t=59 s=18 threadsLeft=9
t=59 s=16 threadsLeft=8
t=59 s=10 threadsLeft=7
t=59 s=12 threadsLeft=6
t=59 s=15 threadsLeft=5
t=59 s=11 threadsLeft=4
t=59 s=9 threadsLeft=3
t=59 s=9 threadsLeft=2
t=59 s=5 threadsLeft=1
t=59 s=6 threadsLeft=0
  t=59 time=0.005219
t=60 s=58 threadsLeft=7
t=60 s=19 threadsLeft=6
t=60 s=18 threadsLeft=5
t=60 s=17 threadsLeft=4
t=60 s=16 threadsLeft=3
t=60 s=7 threadsLeft=2
t=60 s=6 threadsLeft=1
t=60 s=5 threadsLeft=0
  t=60 time=0.006277
t=61 s=59 threadsLeft=5
t=61 s=20 threadsLeft=4
t=61 s=19 threadsLeft=3
t=61 s=18 threadsLeft=2
t=61 s=17 threadsLeft=1
t=61 s=8 threadsLeft=0
  t=61 time=0.003053
t=62 s=60 threadsLeft=13
t=62 s=19 threadsLeft=12
t=62 s=16 threadsLeft=11
t=62 s=10 threadsLeft=10
t=62 s=13 threadsLeft=9
t=62 s=15 threadsLeft=8
t=62 s=11 threadsLeft=7
t=62 s=12 threadsLeft=6
t=62 s=9 threadsLeft=5
t=62 s=14 threadsLeft=4
t=62 s=13 threadsLeft=3
t=62 s=8 threadsLeft=2
t=62 s=7 threadsLeft=1
t=62 s=6 threadsLeft=0
  t=62 time=0.007206
t=63 s=61 threadsLeft=5
t=63 s=20 threadsLeft=4
t=63 s=17 threadsLeft=3
t=63 s=16 threadsLeft=2
t=63 s=14 threadsLeft=1
t=63 s=15 threadsLeft=0
  t=63 time=0.000997
t=64 s=62 threadsLeft=9
t=64 s=21 threadsLeft=8
t=64 s=18 threadsLeft=7
t=64 s=17 threadsLeft=6
t=64 s=16 threadsLeft=5
t=64 s=15 threadsLeft=4
t=64 s=14 threadsLeft=3
t=64 s=9 threadsLeft=2
t=64 s=8 threadsLeft=1
t=64 s=7 threadsLeft=0
  t=64 time=0.006569
t=65 s=63 threadsLeft=10
t=65 s=17 threadsLeft=9
t=65 s=16 threadsLeft=8
t=65 s=12 threadsLeft=7
t=65 s=11 threadsLeft=6
t=65 s=16 threadsLeft=5
t=65 s=13 threadsLeft=4
t=65 s=15 threadsLeft=3
t=65 s=14 threadsLeft=2
t=65 s=10 threadsLeft=1
t=65 s=9 threadsLeft=0
  t=65 time=0.003268
[38;2;000;128;000mTime: 1.042592s (2025-04-14 11:14:58)
[0mt=3 s=1 threadsLeft=0
  t=3 time=0.000437
t=4 s=2 threadsLeft=1
t=4 s=1 threadsLeft=0
  t=4 time=0.00065
t=5 s=3 threadsLeft=0
  t=5 time=0.000325
t=6 s=4 threadsLeft=2
t=6 s=2 threadsLeft=1
t=6 s=1 threadsLeft=0
  t=6 time=0.000338
t=7 s=5 threadsLeft=1
t=7 s=2 threadsLeft=0
  t=7 time=0.000333
t=8 s=6 threadsLeft=1
t=8 s=3 threadsLeft=0
  t=8 time=0.000334
t=9 s=7 threadsLeft=0
  t=9 time=0.000483
t=10 s=8 threadsLeft=2
t=10 s=2 threadsLeft=1
t=10 s=1 threadsLeft=0
  t=10 time=0.000378
t=11 s=9 threadsLeft=1
t=11 s=2 threadsLeft=0
  t=11 time=0.000353
t=12 s=10 threadsLeft=2
t=12 s=3 threadsLeft=1
t=12 s=2 threadsLeft=0
  t=12 time=0.000313
t=13 s=11 threadsLeft=2
t=13 s=4 threadsLeft=1
t=13 s=3 threadsLeft=0
  t=13 time=0.000315
t=14 s=12 threadsLeft=1
t=14 s=3 threadsLeft=0
  t=14 time=0.00032
t=15 s=13 threadsLeft=1
t=15 s=4 threadsLeft=0
  t=15 time=0.000288
t=16 s=14 threadsLeft=1
t=16 s=5 threadsLeft=0
  t=16 time=0.000289
t=17 s=15 threadsLeft=0
  t=17 time=0.000744
t=18 s=16 threadsLeft=4
t=18 s=6 threadsLeft=3
t=18 s=5 threadsLeft=2
t=18 s=2 threadsLeft=1
t=18 s=1 threadsLeft=0
  t=18 time=0.000488
t=19 s=17 threadsLeft=3
t=19 s=6 threadsLeft=2
t=19 s=3 threadsLeft=1
t=19 s=2 threadsLeft=0
  t=19 time=0.000459
t=20 s=18 threadsLeft=4
t=20 s=7 threadsLeft=3
t=20 s=4 threadsLeft=2
t=20 s=3 threadsLeft=1
t=20 s=2 threadsLeft=0
  t=20 time=0.000555
t=21 s=19 threadsLeft=2
t=21 s=5 threadsLeft=1
t=21 s=4 threadsLeft=0
  t=21 time=0.000416
t=22 s=20 threadsLeft=5
t=22 s=6 threadsLeft=4
t=22 s=5 threadsLeft=3
t=22 s=5 threadsLeft=2
t=22 s=3 threadsLeft=1
t=22 s=2 threadsLeft=0
  t=22 time=0.000525
t=23 s=21 threadsLeft=3
t=23 s=6 threadsLeft=2
t=23 s=4 threadsLeft=1
t=23 s=3 threadsLeft=0
  t=23 time=0.00047
t=24 s=22 threadsLeft=6
t=24 s=7 threadsLeft=5
t=24 s=6 threadsLeft=4
t=24 s=4 threadsLeft=3
t=24 s=4 threadsLeft=2
t=24 s=5 threadsLeft=1
t=24 s=3 threadsLeft=0
  t=24 time=0.000568
t=25 s=23 threadsLeft=4
t=25 s=8 threadsLeft=3
t=25 s=7 threadsLeft=2
t=25 s=6 threadsLeft=1
t=25 s=5 threadsLeft=0
  t=25 time=0.000519
t=26 s=24 threadsLeft=3
t=26 s=7 threadsLeft=2
t=26 s=4 threadsLeft=1
t=26 s=3 threadsLeft=0
  t=26 time=0.000469
t=27 s=25 threadsLeft=2
t=27 s=8 threadsLeft=1
t=27 s=5 threadsLeft=0
  t=27 time=0.000401
t=28 s=26 threadsLeft=4
t=28 s=9 threadsLeft=3
t=28 s=6 threadsLeft=2
t=28 s=5 threadsLeft=1
t=28 s=4 threadsLeft=0
  t=28 time=0.000465
t=29 s=27 threadsLeft=1
t=29 s=4 threadsLeft=0
  t=29 time=0.000443
t=30 s=28 threadsLeft=3
t=30 s=10 threadsLeft=2
t=30 s=9 threadsLeft=1
t=30 s=5 threadsLeft=0
  t=30 time=0.00048
t=31 s=29 threadsLeft=3
t=31 s=10 threadsLeft=2
t=31 s=6 threadsLeft=1
t=31 s=5 threadsLeft=0
  t=31 time=0.000469
t=32 s=30 threadsLeft=3
t=32 s=11 threadsLeft=2
t=32 s=8 threadsLeft=1
t=32 s=7 threadsLeft=0
  t=32 time=0.000449
t=33 s=31 threadsLeft=2
t=33 s=9 threadsLeft=1
t=33 s=8 threadsLeft=0
  t=33 time=0.000417
t=34 s=32 threadsLeft=6
t=34 s=10 threadsLeft=5
t=34 s=9 threadsLeft=4
t=34 s=9 threadsLeft=3
t=34 s=1 threadsLeft=2
t=34 s=2 threadsLeft=1
t=34 s=6 threadsLeft=0
  t=34 time=0.000658
t=35 s=33 threadsLeft=5
t=35 s=10 threadsLeft=4
t=35 s=8 threadsLeft=3
t=35 s=7 threadsLeft=2
t=35 s=2 threadsLeft=1
t=35 s=3 threadsLeft=0
  t=35 time=0.000748
t=36 s=34 threadsLeft=8
t=36 s=11 threadsLeft=7
t=36 s=10 threadsLeft=6
t=36 s=9 threadsLeft=5
t=36 s=8 threadsLeft=4
t=36 s=2 threadsLeft=3
t=36 s=4 threadsLeft=2
t=36 s=3 threadsLeft=1
t=36 s=3 threadsLeft=0
  t=36 time=0.00106
t=37 s=35 threadsLeft=6
t=37 s=12 threadsLeft=5
t=37 s=11 threadsLeft=4
t=37 s=10 threadsLeft=3
t=37 s=9 threadsLeft=2
t=37 s=4 threadsLeft=1
t=37 s=5 threadsLeft=0
  t=37 time=0.000852
t=38 s=36 threadsLeft=9
t=38 s=8 threadsLeft=8
t=38 s=11 threadsLeft=7
t=38 s=7 threadsLeft=6
t=38 s=5 threadsLeft=5
t=38 s=6 threadsLeft=4
t=38 s=5 threadsLeft=3
t=38 s=2 threadsLeft=2
t=38 s=4 threadsLeft=1
t=38 s=3 threadsLeft=0
  t=38 time=0.000832
t=39 s=37 threadsLeft=7
t=39 s=12 threadsLeft=6
t=39 s=9 threadsLeft=5
t=39 s=8 threadsLeft=4
t=39 s=6 threadsLeft=3
t=39 s=7 threadsLeft=2
t=39 s=3 threadsLeft=1
t=39 s=4 threadsLeft=0
  t=39 time=0.000947
[38;2;000;128;000mTime: 0.956946s (2025-04-14 12:47:28)
[0mt=3 s=1 threadsLeft=0
  t=3 time=0.000376
t=4 s=2 threadsLeft=1
t=4 s=1 threadsLeft=0
  t=4 time=0.000493
t=5 s=3 threadsLeft=0
  t=5 time=0.000395
t=6 s=4 threadsLeft=2
t=6 s=2 threadsLeft=1
t=6 s=1 threadsLeft=0
  t=6 time=0.000454
t=7 s=5 threadsLeft=1
t=7 s=2 threadsLeft=0
  t=7 time=0.000394
t=8 s=6 threadsLeft=1
t=8 s=3 threadsLeft=0
  t=8 time=0.000398
t=9 s=7 threadsLeft=0
  t=9 time=0.000316
t=10 s=8 threadsLeft=2
t=10 s=2 threadsLeft=1
t=10 s=1 threadsLeft=0
  t=10 time=0.000396
t=11 s=9 threadsLeft=1
t=11 s=2 threadsLeft=0
  t=11 time=0.000393
t=12 s=10 threadsLeft=2
t=12 s=3 threadsLeft=1
t=12 s=2 threadsLeft=0
  t=12 time=0.000401
t=13 s=11 threadsLeft=2
t=13 s=4 threadsLeft=1
t=13 s=3 threadsLeft=0
  t=13 time=0.000375
t=14 s=12 threadsLeft=1
t=14 s=3 threadsLeft=0
  t=14 time=0.000375
t=15 s=13 threadsLeft=1
t=15 s=4 threadsLeft=0
  t=15 time=0.000406
t=16 s=14 threadsLeft=1
t=16 s=5 threadsLeft=0
  t=16 time=0.000535
t=17 s=15 threadsLeft=0
  t=17 time=0.000563
t=18 s=16 threadsLeft=4
t=18 s=6 threadsLeft=3
t=18 s=1 threadsLeft=2
t=18 s=5 threadsLeft=1
t=18 s=2 threadsLeft=0
  t=18 time=0.000444
t=19 s=17 threadsLeft=3
t=19 s=6 threadsLeft=2
t=19 s=3 threadsLeft=1
t=19 s=2 threadsLeft=0
  t=19 time=0.000396
t=20 s=18 threadsLeft=4
t=20 s=7 threadsLeft=3
t=20 s=4 threadsLeft=2
t=20 s=3 threadsLeft=1
t=20 s=2 threadsLeft=0
  t=20 time=0.000555
t=21 s=19 threadsLeft=2
t=21 s=5 threadsLeft=1
t=21 s=4 threadsLeft=0
  t=21 time=0.000405
t=22 s=20 threadsLeft=5
t=22 s=6 threadsLeft=4
t=22 s=5 threadsLeft=3
t=22 s=5 threadsLeft=2
t=22 s=3 threadsLeft=1
t=22 s=2 threadsLeft=0
  t=22 time=0.000447
t=23 s=21 threadsLeft=3
t=23 s=6 threadsLeft=2
t=23 s=4 threadsLeft=1
t=23 s=3 threadsLeft=0
  t=23 time=0.000387
t=24 s=22 threadsLeft=6
t=24 s=7 threadsLeft=5
t=24 s=6 threadsLeft=4
t=24 s=5 threadsLeft=3
t=24 s=4 threadsLeft=2
t=24 s=4 threadsLeft=1
t=24 s=3 threadsLeft=0
  t=24 time=0.00046
t=25 s=23 threadsLeft=4
t=25 s=8 threadsLeft=3
t=25 s=7 threadsLeft=2
t=25 s=6 threadsLeft=1
t=25 s=5 threadsLeft=0
  t=25 time=0.000457
t=26 s=24 threadsLeft=3
t=26 s=7 threadsLeft=2
t=26 s=4 threadsLeft=1
t=26 s=3 threadsLeft=0
  t=26 time=0.000488
t=27 s=25 threadsLeft=2
t=27 s=8 threadsLeft=1
t=27 s=5 threadsLeft=0
  t=27 time=0.000439
t=28 s=26 threadsLeft=4
t=28 s=9 threadsLeft=3
t=28 s=6 threadsLeft=2
t=28 s=5 threadsLeft=1
t=28 s=4 threadsLeft=0
  t=28 time=0.000458
t=29 s=27 threadsLeft=1
t=29 s=4 threadsLeft=0
  t=29 time=0.000434
t=30 s=28 threadsLeft=3
t=30 s=10 threadsLeft=2
t=30 s=9 threadsLeft=1
t=30 s=5 threadsLeft=0
  t=30 time=0.00049
t=31 s=29 threadsLeft=3
t=31 s=10 threadsLeft=2
t=31 s=6 threadsLeft=1
t=31 s=5 threadsLeft=0
  t=31 time=0.000464
t=32 s=30 threadsLeft=3
t=32 s=11 threadsLeft=2
t=32 s=8 threadsLeft=1
t=32 s=7 threadsLeft=0
  t=32 time=0.000401
t=33 s=31 threadsLeft=2
t=33 s=9 threadsLeft=1
t=33 s=8 threadsLeft=0
  t=33 time=0.000484
t=34 s=32 threadsLeft=6
t=34 s=9 threadsLeft=5
t=34 s=10 threadsLeft=4
t=34 s=9 threadsLeft=3
t=34 s=2 threadsLeft=2
t=34 s=1 threadsLeft=1
t=34 s=6 threadsLeft=0
  t=34 time=0.000718
t=35 s=33 threadsLeft=5
t=35 s=10 threadsLeft=4
t=35 s=8 threadsLeft=3
t=35 s=2 threadsLeft=2
t=35 s=3 threadsLeft=1
t=35 s=7 threadsLeft=0
  t=35 time=0.0009
t=36 s=34 threadsLeft=8
t=36 s=11 threadsLeft=7
t=36 s=10 threadsLeft=6
t=36 s=9 threadsLeft=5
t=36 s=8 threadsLeft=4
t=36 s=2 threadsLeft=3
t=36 s=3 threadsLeft=2
t=36 s=4 threadsLeft=1
t=36 s=3 threadsLeft=0
  t=36 time=0.001172
t=37 s=35 threadsLeft=6
t=37 s=11 threadsLeft=5
t=37 s=12 threadsLeft=4
t=37 s=10 threadsLeft=3
t=37 s=9 threadsLeft=2
t=37 s=4 threadsLeft=1
t=37 s=5 threadsLeft=0
  t=37 time=0.000784
t=38 s=36 threadsLeft=9
t=38 s=8 threadsLeft=8
t=38 s=11 threadsLeft=7
t=38 s=6 threadsLeft=6
t=38 s=5 threadsLeft=5
t=38 s=7 threadsLeft=4
t=38 s=2 threadsLeft=3
t=38 s=5 threadsLeft=2
t=38 s=3 threadsLeft=1
t=38 s=4 threadsLeft=0
  t=38 time=0.00079
t=39 s=37 threadsLeft=7
t=39 s=12 threadsLeft=6
t=39 s=9 threadsLeft=5
t=39 s=8 threadsLeft=4
t=39 s=6 threadsLeft=3
t=39 s=7 threadsLeft=2
t=39 s=3 threadsLeft=1
t=39 s=4 threadsLeft=0
  t=39 time=0.001036
t=40 s=38 threadsLeft=8
t=40 s=13 threadsLeft=7
t=40 s=10 threadsLeft=6
t=40 s=9 threadsLeft=5
t=40 s=8 threadsLeft=4
t=40 s=7 threadsLeft=3
t=40 s=6 threadsLeft=2
t=40 s=5 threadsLeft=1
t=40 s=4 threadsLeft=0
  t=40 time=0.000905
t=41 s=39 threadsLeft=4
t=41 s=8 threadsLeft=3
t=41 s=9 threadsLeft=2
t=41 s=8 threadsLeft=1
t=41 s=7 threadsLeft=0
  t=41 time=0.00054
t=42 s=40 threadsLeft=11
t=42 s=14 threadsLeft=10
t=42 s=13 threadsLeft=9
t=42 s=10 threadsLeft=8
t=42 s=9 threadsLeft=7
t=42 s=9 threadsLeft=6
t=42 s=8 threadsLeft=5
t=42 s=7 threadsLeft=4
t=42 s=2 threadsLeft=3
t=42 s=5 threadsLeft=2
t=42 s=6 threadsLeft=1
t=42 s=3 threadsLeft=0
  t=42 time=0.001157
t=43 s=41 threadsLeft=6
t=43 s=14 threadsLeft=5
t=43 s=10 threadsLeft=4
t=43 s=11 threadsLeft=3
t=43 s=10 threadsLeft=2
t=43 s=9 threadsLeft=1
t=43 s=3 threadsLeft=0
  t=43 time=0.001518
t=44 s=42 threadsLeft=10
t=44 s=15 threadsLeft=9
t=44 s=12 threadsLeft=8
t=44 s=7 threadsLeft=7
t=44 s=11 threadsLeft=6
t=44 s=8 threadsLeft=5
t=44 s=6 threadsLeft=4
t=44 s=5 threadsLeft=3
t=44 s=4 threadsLeft=2
t=44 s=3 threadsLeft=1
t=44 s=4 threadsLeft=0
  t=44 time=0.001915
t=45 s=43 threadsLeft=7
t=45 s=13 threadsLeft=6
t=45 s=12 threadsLeft=5
t=45 s=8 threadsLeft=4
t=45 s=9 threadsLeft=3
t=45 s=5 threadsLeft=2
t=45 s=4 threadsLeft=1
t=45 s=6 threadsLeft=0
  t=45 time=0.001496
t=46 s=44 threadsLeft=13
t=46 s=14 threadsLeft=12
t=46 s=13 threadsLeft=11
t=46 s=13 threadsLeft=10
t=46 s=9 threadsLeft=9
t=46 s=10 threadsLeft=8
t=46 s=6 threadsLeft=7
t=46 s=7 threadsLeft=6
t=46 s=7 threadsLeft=5
t=46 s=5 threadsLeft=4
t=46 s=6 threadsLeft=3
t=46 s=3 threadsLeft=2
t=46 s=4 threadsLeft=1
t=46 s=4 threadsLeft=0
  t=46 time=0.002208
t=47 s=45 threadsLeft=9
t=47 s=14 threadsLeft=8
t=47 s=12 threadsLeft=7
t=47 s=8 threadsLeft=6
t=47 s=11 threadsLeft=5
t=47 s=8 threadsLeft=4
t=47 s=7 threadsLeft=3
t=47 s=5 threadsLeft=2
t=47 s=5 threadsLeft=1
t=47 s=4 threadsLeft=0
  t=47 time=0.002326
[38;2;000;128;000mTime: 0.971426s (2025-04-14 21:45:23)
[0mjson error: Adams.json: 0x65 - [json.exception.parse_error.101] parse error at line 22, column 1: syntax error while parsing object - unexpected '['; expected '}'
t=3 s=1 threadsLeft=0
  t=3 time=0.00032
t=4 s=2 threadsLeft=1
t=4 s=1 threadsLeft=0
  t=4 time=0.000384
t=5 s=3 threadsLeft=0
  t=5 time=0.000327
t=6 s=4 threadsLeft=2
t=6 s=2 threadsLeft=1
t=6 s=1 threadsLeft=0
  t=6 time=0.00035
t=7 s=5 threadsLeft=1
t=7 s=2 threadsLeft=0
  t=7 time=0.000303
t=8 s=6 threadsLeft=1
t=8 s=3 threadsLeft=0
  t=8 time=0.000273
t=9 s=7 threadsLeft=0
  t=9 time=0.000271
t=10 s=8 threadsLeft=2
t=10 s=2 threadsLeft=1
t=10 s=1 threadsLeft=0
  t=10 time=0.000283
t=11 s=9 threadsLeft=1
t=11 s=2 threadsLeft=0
  t=11 time=0.000303
t=12 s=10 threadsLeft=2
t=12 s=3 threadsLeft=1
t=12 s=2 threadsLeft=0
  t=12 time=0.000317
t=13 s=11 threadsLeft=2
t=13 s=4 threadsLeft=1
t=13 s=3 threadsLeft=0
  t=13 time=0.000306
t=14 s=12 threadsLeft=1
t=14 s=3 threadsLeft=0
  t=14 time=0.000294
t=15 s=13 threadsLeft=1
t=15 s=4 threadsLeft=0
  t=15 time=0.000302
t=16 s=14 threadsLeft=1
t=16 s=5 threadsLeft=0
  t=16 time=0.000282
t=17 s=15 threadsLeft=0
  t=17 time=0.00026
t=18 s=16 threadsLeft=4
t=18 s=6 threadsLeft=3
t=18 s=5 threadsLeft=2
t=18 s=2 threadsLeft=1
t=18 s=1 threadsLeft=0
  t=18 time=0.000346
t=19 s=17 threadsLeft=3
t=19 s=6 threadsLeft=2
t=19 s=2 threadsLeft=1
t=19 s=3 threadsLeft=0
  t=19 time=0.000441
t=20 s=18 threadsLeft=4
t=20 s=7 threadsLeft=3
t=20 s=4 threadsLeft=2
t=20 s=3 threadsLeft=1
t=20 s=2 threadsLeft=0
  t=20 time=0.000375
t=21 s=19 threadsLeft=2
t=21 s=5 threadsLeft=1
t=21 s=4 threadsLeft=0
  t=21 time=0.000357
t=22 s=20 threadsLeft=5
t=22 s=6 threadsLeft=4
t=22 s=5 threadsLeft=3
t=22 s=5 threadsLeft=2
t=22 s=3 threadsLeft=1
t=22 s=2 threadsLeft=0
  t=22 time=0.000409
t=23 s=21 threadsLeft=3
t=23 s=6 threadsLeft=2
t=23 s=4 threadsLeft=1
t=23 s=3 threadsLeft=0
  t=23 time=0.000442
t=24 s=22 threadsLeft=6
t=24 s=7 threadsLeft=5
t=24 s=6 threadsLeft=4
t=24 s=5 threadsLeft=3
t=24 s=4 threadsLeft=2
t=24 s=4 threadsLeft=1
t=24 s=3 threadsLeft=0
  t=24 time=0.000561
t=25 s=23 threadsLeft=4
t=25 s=8 threadsLeft=3
t=25 s=7 threadsLeft=2
t=25 s=6 threadsLeft=1
t=25 s=5 threadsLeft=0
  t=25 time=0.000513
t=26 s=24 threadsLeft=3
t=26 s=7 threadsLeft=2
t=26 s=4 threadsLeft=1
t=26 s=3 threadsLeft=0
  t=26 time=0.000437
t=27 s=25 threadsLeft=2
t=27 s=8 threadsLeft=1
t=27 s=5 threadsLeft=0
  t=27 time=0.00038
t=28 s=26 threadsLeft=4
t=28 s=9 threadsLeft=3
t=28 s=6 threadsLeft=2
t=28 s=5 threadsLeft=1
t=28 s=4 threadsLeft=0
  t=28 time=0.000403
t=29 s=27 threadsLeft=1
t=29 s=4 threadsLeft=0
  t=29 time=0.000352
t=30 s=28 threadsLeft=3
t=30 s=10 threadsLeft=2
t=30 s=9 threadsLeft=1
t=30 s=5 threadsLeft=0
  t=30 time=0.000396
t=31 s=29 threadsLeft=3
t=31 s=10 threadsLeft=2
t=31 s=6 threadsLeft=1
t=31 s=5 threadsLeft=0
  t=31 time=0.000441
t=32 s=30 threadsLeft=3
t=32 s=11 threadsLeft=2
t=32 s=8 threadsLeft=1
t=32 s=7 threadsLeft=0
  t=32 time=0.000433
t=33 s=31 threadsLeft=2
t=33 s=9 threadsLeft=1
t=33 s=8 threadsLeft=0
  t=33 time=0.000409
t=34 s=32 threadsLeft=6
t=34 s=10 threadsLeft=5
t=34 s=9 threadsLeft=4
t=34 s=9 threadsLeft=3
t=34 s=1 threadsLeft=2
t=34 s=2 threadsLeft=1
t=34 s=6 threadsLeft=0
  t=34 time=0.000705
t=35 s=33 threadsLeft=5
t=35 s=10 threadsLeft=4
t=35 s=8 threadsLeft=3
t=35 s=7 threadsLeft=2
t=35 s=2 threadsLeft=1
t=35 s=3 threadsLeft=0
  t=35 time=0.000722
t=36 s=34 threadsLeft=8
t=36 s=11 threadsLeft=7
t=36 s=10 threadsLeft=6
t=36 s=9 threadsLeft=5
t=36 s=8 threadsLeft=4
t=36 s=2 threadsLeft=3
t=36 s=3 threadsLeft=2
t=36 s=4 threadsLeft=1
t=36 s=3 threadsLeft=0
  t=36 time=0.00111
t=37 s=35 threadsLeft=6
t=37 s=12 threadsLeft=5
t=37 s=11 threadsLeft=4
t=37 s=10 threadsLeft=3
t=37 s=9 threadsLeft=2
t=37 s=4 threadsLeft=1
t=37 s=5 threadsLeft=0
  t=37 time=0.000727
t=38 s=36 threadsLeft=9
t=38 s=8 threadsLeft=8
t=38 s=11 threadsLeft=7
t=38 s=6 threadsLeft=6
t=38 s=7 threadsLeft=5
t=38 s=5 threadsLeft=4
t=38 s=2 threadsLeft=3
t=38 s=5 threadsLeft=2
t=38 s=3 threadsLeft=1
t=38 s=4 threadsLeft=0
  t=38 time=0.000764
t=39 s=37 threadsLeft=7
t=39 s=12 threadsLeft=6
t=39 s=9 threadsLeft=5
t=39 s=8 threadsLeft=4
t=39 s=6 threadsLeft=3
t=39 s=7 threadsLeft=2
t=39 s=3 threadsLeft=1
t=39 s=4 threadsLeft=0
  t=39 time=0.001022
t=40 s=38 threadsLeft=8
t=40 s=13 threadsLeft=7
t=40 s=10 threadsLeft=6
t=40 s=8 threadsLeft=5
t=40 s=7 threadsLeft=4
t=40 s=6 threadsLeft=3
t=40 s=9 threadsLeft=2
t=40 s=5 threadsLeft=1
t=40 s=4 threadsLeft=0
  t=40 time=0.000858
t=41 s=39 threadsLeft=4
t=41 s=9 threadsLeft=3
t=41 s=8 threadsLeft=2
t=41 s=8 threadsLeft=1
t=41 s=7 threadsLeft=0
  t=41 time=0.000581
t=42 s=40 threadsLeft=11
t=42 s=14 threadsLeft=10
t=42 s=13 threadsLeft=9
t=42 s=10 threadsLeft=8
t=42 s=9 threadsLeft=7
t=42 s=9 threadsLeft=6
t=42 s=8 threadsLeft=5
t=42 s=2 threadsLeft=4
t=42 s=7 threadsLeft=3
t=42 s=3 threadsLeft=2
t=42 s=5 threadsLeft=1
t=42 s=6 threadsLeft=0
  t=42 time=0.001114
t=43 s=41 threadsLeft=6
t=43 s=14 threadsLeft=5
t=43 s=10 threadsLeft=4
t=43 s=11 threadsLeft=3
t=43 s=9 threadsLeft=2
t=43 s=10 threadsLeft=1
t=43 s=3 threadsLeft=0
  t=43 time=0.001387
t=44 s=42 threadsLeft=10
t=44 s=15 threadsLeft=9
t=44 s=12 threadsLeft=8
t=44 s=11 threadsLeft=7
t=44 s=7 threadsLeft=6
t=44 s=8 threadsLeft=5
t=44 s=6 threadsLeft=4
t=44 s=5 threadsLeft=3
t=44 s=4 threadsLeft=2
t=44 s=3 threadsLeft=1
t=44 s=4 threadsLeft=0
  t=44 time=0.001744
t=45 s=43 threadsLeft=7
t=45 s=13 threadsLeft=6
t=45 s=12 threadsLeft=5
t=45 s=9 threadsLeft=4
t=45 s=8 threadsLeft=3
t=45 s=5 threadsLeft=2
t=45 s=4 threadsLeft=1
t=45 s=6 threadsLeft=0
  t=45 time=0.001319
t=46 s=44 threadsLeft=13
t=46 s=14 threadsLeft=12
t=46 s=13 threadsLeft=11
t=46 s=13 threadsLeft=10
t=46 s=10 threadsLeft=9
t=46 s=9 threadsLeft=8
t=46 s=7 threadsLeft=7
t=46 s=6 threadsLeft=6
t=46 s=7 threadsLeft=5
t=46 s=5 threadsLeft=4
t=46 s=6 threadsLeft=3
t=46 s=3 threadsLeft=2
t=46 s=4 threadsLeft=1
t=46 s=4 threadsLeft=0
  t=46 time=0.002097
t=47 s=45 threadsLeft=9
t=47 s=14 threadsLeft=8
t=47 s=12 threadsLeft=7
t=47 s=11 threadsLeft=6
t=47 s=8 threadsLeft=5
t=47 s=8 threadsLeft=4
t=47 s=7 threadsLeft=3
t=47 s=5 threadsLeft=2
t=47 s=5 threadsLeft=1
t=47 s=4 threadsLeft=0
  t=47 time=0.002254
t=48 s=46 threadsLeft=10
t=48 s=15 threadsLeft=9
t=48 s=14 threadsLeft=8
t=48 s=13 threadsLeft=7
t=48 s=12 threadsLeft=6
t=48 s=8 threadsLeft=5
t=48 s=9 threadsLeft=4
t=48 s=7 threadsLeft=3
t=48 s=6 threadsLeft=2
t=48 s=6 threadsLeft=1
t=48 s=5 threadsLeft=0
  t=48 time=0.001864
t=49 s=47 threadsLeft=6
t=49 s=16 threadsLeft=5
t=49 s=15 threadsLeft=4
t=49 s=14 threadsLeft=3
t=49 s=13 threadsLeft=2
t=49 s=10 threadsLeft=1
t=49 s=9 threadsLeft=0
  t=49 time=0.000856
t=50 s=48 threadsLeft=9
t=50 s=15 threadsLeft=8
t=50 s=8 threadsLeft=7
t=50 s=9 threadsLeft=6
t=50 s=12 threadsLeft=5
t=50 s=11 threadsLeft=4
t=50 s=7 threadsLeft=3
t=50 s=4 threadsLeft=2
t=50 s=3 threadsLeft=1
t=50 s=6 threadsLeft=0
  t=50 time=0.002638
t=51 s=49 threadsLeft=6
t=51 s=16 threadsLeft=5
t=51 s=13 threadsLeft=4
t=51 s=12 threadsLeft=3
t=51 s=5 threadsLeft=2
t=51 s=7 threadsLeft=1
t=51 s=4 threadsLeft=0
  t=51 time=0.003307
t=52 s=17 threadsLeft=8
t=52 s=50 threadsLeft=7
t=52 s=14 threadsLeft=6
t=52 s=13 threadsLeft=5
t=52 s=10 threadsLeft=4
t=52 s=8 threadsLeft=3
t=52 s=5 threadsLeft=2
t=52 s=5 threadsLeft=1
t=52 s=6 threadsLeft=0
  t=52 time=0.003186
t=53 s=51 threadsLeft=5
t=53 s=12 threadsLeft=4
t=53 s=9 threadsLeft=3
t=53 s=11 threadsLeft=2
t=53 s=10 threadsLeft=1
t=53 s=6 threadsLeft=0
  t=53 time=0.002852
t=54 s=52 threadsLeft=9
t=54 s=18 threadsLeft=8
t=54 s=17 threadsLeft=7
t=54 s=13 threadsLeft=6
t=54 s=12 threadsLeft=5
t=54 s=11 threadsLeft=4
t=54 s=5 threadsLeft=3
t=54 s=7 threadsLeft=2
t=54 s=6 threadsLeft=1
t=54 s=4 threadsLeft=0
  t=54 time=0.003842
t=55 s=53 threadsLeft=6
t=55 s=18 threadsLeft=5
t=55 s=14 threadsLeft=4
t=55 s=13 threadsLeft=3
t=55 s=7 threadsLeft=2
t=55 s=6 threadsLeft=1
t=55 s=5 threadsLeft=0
  t=55 time=0.00352
[38;2;000;128;000mTime: 1.006742s (2025-04-15 13:34:19)
[0mt=3 s=1 threadsLeft=0
  t=3 time=0.000351
t=4 s=2 threadsLeft=1
t=4 s=1 threadsLeft=0
  t=4 time=0.000338
t=5 s=3 threadsLeft=0
  t=5 time=0.000285
t=6 s=4 threadsLeft=2
t=6 s=2 threadsLeft=1
t=6 s=1 threadsLeft=0
  t=6 time=0.000294
t=7 s=5 threadsLeft=1
t=7 s=2 threadsLeft=0
  t=7 time=0.000288
t=8 s=6 threadsLeft=1
t=8 s=3 threadsLeft=0
  t=8 time=0.000257
t=9 s=7 threadsLeft=0
  t=9 time=0.000247
t=10 s=8 threadsLeft=2
t=10 s=2 threadsLeft=1
t=10 s=1 threadsLeft=0
  t=10 time=0.000336
t=11 s=9 threadsLeft=1
t=11 s=2 threadsLeft=0
  t=11 time=0.000356
t=12 s=10 threadsLeft=2
t=12 s=3 threadsLeft=1
t=12 s=2 threadsLeft=0
  t=12 time=0.000325
t=13 s=11 threadsLeft=2
t=13 s=4 threadsLeft=1
t=13 s=3 threadsLeft=0
  t=13 time=0.000287
t=14 s=12 threadsLeft=1
t=14 s=3 threadsLeft=0
  t=14 time=0.000259
t=15 s=13 threadsLeft=1
t=15 s=4 threadsLeft=0
  t=15 time=0.000261
t=16 s=14 threadsLeft=1
t=16 s=5 threadsLeft=0
  t=16 time=0.000258
t=17 s=15 threadsLeft=0
  t=17 time=0.000264
t=18 s=16 threadsLeft=4
t=18 s=6 threadsLeft=3
t=18 s=5 threadsLeft=2
t=18 s=2 threadsLeft=1
t=18 s=1 threadsLeft=0
  t=18 time=0.000325
t=19 s=17 threadsLeft=3
t=19 s=6 threadsLeft=2
t=19 s=3 threadsLeft=1
t=19 s=2 threadsLeft=0
  t=19 time=0.000317
t=20 s=18 threadsLeft=4
t=20 s=7 threadsLeft=3
t=20 s=4 threadsLeft=2
t=20 s=3 threadsLeft=1
t=20 s=2 threadsLeft=0
  t=20 time=0.000328
t=21 s=19 threadsLeft=2
t=21 s=5 threadsLeft=1
t=21 s=4 threadsLeft=0
  t=21 time=0.000275
t=22 s=20 threadsLeft=5
t=22 s=6 threadsLeft=4
t=22 s=5 threadsLeft=3
t=22 s=5 threadsLeft=2
t=22 s=2 threadsLeft=1
t=22 s=3 threadsLeft=0
  t=22 time=0.000404
t=23 s=21 threadsLeft=3
t=23 s=6 threadsLeft=2
t=23 s=4 threadsLeft=1
t=23 s=3 threadsLeft=0
  t=23 time=0.000384
t=24 s=22 threadsLeft=6
t=24 s=7 threadsLeft=5
t=24 s=6 threadsLeft=4
t=24 s=5 threadsLeft=3
t=24 s=4 threadsLeft=2
t=24 s=4 threadsLeft=1
t=24 s=3 threadsLeft=0
  t=24 time=0.000471
t=25 s=23 threadsLeft=4
t=25 s=8 threadsLeft=3
t=25 s=7 threadsLeft=2
t=25 s=6 threadsLeft=1
t=25 s=5 threadsLeft=0
  t=25 time=0.000481
t=26 s=24 threadsLeft=3
t=26 s=7 threadsLeft=2
t=26 s=4 threadsLeft=1
t=26 s=3 threadsLeft=0
  t=26 time=0.000479
t=27 s=25 threadsLeft=2
t=27 s=8 threadsLeft=1
t=27 s=5 threadsLeft=0
  t=27 time=0.000393
t=28 s=26 threadsLeft=4
t=28 s=9 threadsLeft=3
t=28 s=6 threadsLeft=2
t=28 s=5 threadsLeft=1
t=28 s=4 threadsLeft=0
  t=28 time=0.000474
t=29 s=27 threadsLeft=1
t=29 s=4 threadsLeft=0
  t=29 time=0.000408
t=30 s=28 threadsLeft=3
t=30 s=10 threadsLeft=2
t=30 s=9 threadsLeft=1
t=30 s=5 threadsLeft=0
  t=30 time=0.000427
t=31 s=29 threadsLeft=3
t=31 s=10 threadsLeft=2
t=31 s=6 threadsLeft=1
t=31 s=5 threadsLeft=0
  t=31 time=0.000417
t=32 s=30 threadsLeft=3
t=32 s=11 threadsLeft=2
t=32 s=8 threadsLeft=1
t=32 s=7 threadsLeft=0
  t=32 time=0.000447
t=33 s=31 threadsLeft=2
t=33 s=9 threadsLeft=1
t=33 s=8 threadsLeft=0
  t=33 time=0.000383
t=34 s=32 threadsLeft=6
t=34 s=10 threadsLeft=5
t=34 s=9 threadsLeft=4
t=34 s=9 threadsLeft=3
t=34 s=1 threadsLeft=2
t=34 s=2 threadsLeft=1
t=34 s=6 threadsLeft=0
  t=34 time=0.000537
t=35 s=33 threadsLeft=5
t=35 s=10 threadsLeft=4
t=35 s=8 threadsLeft=3
t=35 s=7 threadsLeft=2
t=35 s=3 threadsLeft=1
t=35 s=2 threadsLeft=0
  t=35 time=0.00073
t=36 s=34 threadsLeft=8
t=36 s=11 threadsLeft=7
t=36 s=10 threadsLeft=6
t=36 s=9 threadsLeft=5
t=36 s=8 threadsLeft=4
t=36 s=3 threadsLeft=3
t=36 s=2 threadsLeft=2
t=36 s=4 threadsLeft=1
t=36 s=3 threadsLeft=0
  t=36 time=0.001023
t=37 s=35 threadsLeft=6
t=37 s=12 threadsLeft=5
t=37 s=11 threadsLeft=4
t=37 s=10 threadsLeft=3
t=37 s=9 threadsLeft=2
t=37 s=4 threadsLeft=1
t=37 s=5 threadsLeft=0
  t=37 time=0.000812
t=38 s=36 threadsLeft=9
t=38 s=8 threadsLeft=8
t=38 s=11 threadsLeft=7
t=38 s=7 threadsLeft=6
t=38 s=5 threadsLeft=5
t=38 s=6 threadsLeft=4
t=38 s=2 threadsLeft=3
t=38 s=3 threadsLeft=2
t=38 s=5 threadsLeft=1
t=38 s=4 threadsLeft=0
  t=38 time=0.000896
t=39 s=37 threadsLeft=7
t=39 s=12 threadsLeft=6
t=39 s=9 threadsLeft=5
t=39 s=8 threadsLeft=4
t=39 s=7 threadsLeft=3
t=39 s=6 threadsLeft=2
t=39 s=3 threadsLeft=1
t=39 s=4 threadsLeft=0
  t=39 time=0.001013
t=40 s=38 threadsLeft=8
t=40 s=13 threadsLeft=7
t=40 s=10 threadsLeft=6
t=40 s=9 threadsLeft=5
t=40 s=8 threadsLeft=4
t=40 s=7 threadsLeft=3
t=40 s=5 threadsLeft=2
t=40 s=6 threadsLeft=1
t=40 s=4 threadsLeft=0
  t=40 time=0.000929
t=41 s=39 threadsLeft=4
t=41 s=8 threadsLeft=3
t=41 s=9 threadsLeft=2
t=41 s=8 threadsLeft=1
t=41 s=7 threadsLeft=0
  t=41 time=0.000535
t=42 s=40 threadsLeft=11
t=42 s=14 threadsLeft=10
t=42 s=13 threadsLeft=9
t=42 s=10 threadsLeft=8
t=42 s=9 threadsLeft=7
t=42 s=9 threadsLeft=6
t=42 s=2 threadsLeft=5
t=42 s=8 threadsLeft=4
t=42 s=7 threadsLeft=3
t=42 s=5 threadsLeft=2
t=42 s=3 threadsLeft=1
t=42 s=6 threadsLeft=0
  t=42 time=0.001061
t=43 s=41 threadsLeft=6
t=43 s=14 threadsLeft=5
t=43 s=11 threadsLeft=4
t=43 s=10 threadsLeft=3
t=43 s=10 threadsLeft=2
t=43 s=9 threadsLeft=1
t=43 s=3 threadsLeft=0
  t=43 time=0.001401
t=44 s=42 threadsLeft=10
t=44 s=15 threadsLeft=9
t=44 s=12 threadsLeft=8
t=44 s=11 threadsLeft=7
t=44 s=7 threadsLeft=6
t=44 s=8 threadsLeft=5
t=44 s=6 threadsLeft=4
t=44 s=5 threadsLeft=3
t=44 s=4 threadsLeft=2
t=44 s=3 threadsLeft=1
t=44 s=4 threadsLeft=0
  t=44 time=0.001741
t=45 s=43 threadsLeft=7
t=45 s=13 threadsLeft=6
t=45 s=12 threadsLeft=5
t=45 s=9 threadsLeft=4
t=45 s=8 threadsLeft=3
t=45 s=5 threadsLeft=2
t=45 s=4 threadsLeft=1
t=45 s=6 threadsLeft=0
  t=45 time=0.001608
t=46 s=44 threadsLeft=13
t=46 s=14 threadsLeft=12
t=46 s=13 threadsLeft=11
t=46 s=13 threadsLeft=10
t=46 s=10 threadsLeft=9
t=46 s=9 threadsLeft=8
t=46 s=7 threadsLeft=7
t=46 s=6 threadsLeft=6
t=46 s=7 threadsLeft=5
t=46 s=6 threadsLeft=4
t=46 s=5 threadsLeft=3
t=46 s=3 threadsLeft=2
t=46 s=4 threadsLeft=1
t=46 s=4 threadsLeft=0
  t=46 time=0.002009
t=47 s=45 threadsLeft=9
t=47 s=14 threadsLeft=8
t=47 s=8 threadsLeft=7
t=47 s=11 threadsLeft=6
t=47 s=12 threadsLeft=5
t=47 s=8 threadsLeft=4
t=47 s=7 threadsLeft=3
t=47 s=5 threadsLeft=2
t=47 s=5 threadsLeft=1
t=47 s=4 threadsLeft=0
  t=47 time=0.002111
t=48 s=46 threadsLeft=10
t=48 s=15 threadsLeft=9
t=48 s=14 threadsLeft=8
t=48 s=13 threadsLeft=7
t=48 s=12 threadsLeft=6
t=48 s=8 threadsLeft=5
t=48 s=7 threadsLeft=4
t=48 s=9 threadsLeft=3
t=48 s=6 threadsLeft=2
t=48 s=6 threadsLeft=1
t=48 s=5 threadsLeft=0
  t=48 time=0.001714
t=49 s=47 threadsLeft=6
t=49 s=16 threadsLeft=5
t=49 s=15 threadsLeft=4
t=49 s=14 threadsLeft=3
t=49 s=13 threadsLeft=2
t=49 s=10 threadsLeft=1
t=49 s=9 threadsLeft=0
  t=49 time=0.000821
t=50 s=48 threadsLeft=9
t=50 s=15 threadsLeft=8
t=50 s=9 threadsLeft=7
t=50 s=8 threadsLeft=6
t=50 s=12 threadsLeft=5
t=50 s=11 threadsLeft=4
t=50 s=7 threadsLeft=3
t=50 s=4 threadsLeft=2
t=50 s=3 threadsLeft=1
t=50 s=6 threadsLeft=0
  t=50 time=0.00309
t=51 s=49 threadsLeft=6
t=51 s=16 threadsLeft=5
t=51 s=13 threadsLeft=4
t=51 s=12 threadsLeft=3
t=51 s=5 threadsLeft=2
t=51 s=7 threadsLeft=1
t=51 s=4 threadsLeft=0
  t=51 time=0.003264
t=52 s=50 threadsLeft=8
t=52 s=17 threadsLeft=7
t=52 s=14 threadsLeft=6
t=52 s=13 threadsLeft=5
t=52 s=10 threadsLeft=4
t=52 s=8 threadsLeft=3
t=52 s=5 threadsLeft=2
t=52 s=5 threadsLeft=1
t=52 s=6 threadsLeft=0
  t=52 time=0.00312
t=53 s=51 threadsLeft=5
t=53 s=12 threadsLeft=4
t=53 s=9 threadsLeft=3
t=53 s=11 threadsLeft=2
t=53 s=10 threadsLeft=1
t=53 s=6 threadsLeft=0
  t=53 time=0.002869
t=54 s=52 threadsLeft=9
t=54 s=18 threadsLeft=8
t=54 s=17 threadsLeft=7
t=54 s=13 threadsLeft=6
t=54 s=12 threadsLeft=5
t=54 s=11 threadsLeft=4
t=54 s=5 threadsLeft=3
t=54 s=7 threadsLeft=2
t=54 s=6 threadsLeft=1
t=54 s=4 threadsLeft=0
  t=54 time=0.003898
t=55 s=53 threadsLeft=6
t=55 s=18 threadsLeft=5
t=55 s=14 threadsLeft=4
t=55 s=13 threadsLeft=3
t=55 s=7 threadsLeft=2
t=55 s=6 threadsLeft=1
t=55 s=5 threadsLeft=0
  t=55 time=0.003556
[38;2;000;128;000mTime: 0.992771s (2025-04-15 14:14:04)
[0m
[38;2;200;255;255mFile: [0m
/Users/es2483/apps/SSeqCpp/Adams/../include/algebras/myio.h(79:90)
[38;2;200;255;255mFunction: [0m
``:
[38;2;200;255;255mError: [0m
File Ceta_Adams_res.db does not exist.

t=3 s=1 threadsLeft=0
  t=3 time=0.000391
t=4 s=2 threadsLeft=1
t=4 s=1 threadsLeft=0
  t=4 time=0.000433
t=5 s=3 threadsLeft=0
  t=5 time=0.000384
t=6 s=4 threadsLeft=2
t=6 s=2 threadsLeft=1
t=6 s=1 threadsLeft=0
  t=6 time=0.000398
t=7 s=5 threadsLeft=1
t=7 s=2 threadsLeft=0
  t=7 time=0.000369
t=8 s=6 threadsLeft=1
t=8 s=3 threadsLeft=0
  t=8 time=0.000374
t=9 s=7 threadsLeft=0
  t=9 time=0.000408
t=10 s=8 threadsLeft=2
t=10 s=2 threadsLeft=1
t=10 s=1 threadsLeft=0
  t=10 time=0.000598
t=11 s=9 threadsLeft=1
t=11 s=2 threadsLeft=0
  t=11 time=0.000464
t=12 s=10 threadsLeft=2
t=12 s=3 threadsLeft=1
t=12 s=2 threadsLeft=0
  t=12 time=0.000459
t=13 s=11 threadsLeft=2
t=13 s=4 threadsLeft=1
t=13 s=3 threadsLeft=0
  t=13 time=0.000444
t=14 s=12 threadsLeft=1
t=14 s=3 threadsLeft=0
  t=14 time=0.000361
t=15 s=13 threadsLeft=1
t=15 s=4 threadsLeft=0
  t=15 time=0.000382
t=16 s=14 threadsLeft=1
t=16 s=5 threadsLeft=0
  t=16 time=0.000358
t=17 s=15 threadsLeft=0
  t=17 time=0.000347
t=18 s=16 threadsLeft=4
t=18 s=6 threadsLeft=3
t=18 s=5 threadsLeft=2
t=18 s=2 threadsLeft=1
t=18 s=1 threadsLeft=0
  t=18 time=0.000422
t=19 s=17 threadsLeft=3
t=19 s=6 threadsLeft=2
t=19 s=3 threadsLeft=1
t=19 s=2 threadsLeft=0
  t=19 time=0.000434
t=20 s=18 threadsLeft=4
t=20 s=7 threadsLeft=3
t=20 s=4 threadsLeft=2
t=20 s=3 threadsLeft=1
t=20 s=2 threadsLeft=0
  t=20 time=0.000375
t=21 s=19 threadsLeft=2
t=21 s=5 threadsLeft=1
t=21 s=4 threadsLeft=0
  t=21 time=0.000339
t=22 s=20 threadsLeft=5
t=22 s=6 threadsLeft=4
t=22 s=5 threadsLeft=3
t=22 s=5 threadsLeft=2
t=22 s=3 threadsLeft=1
t=22 s=2 threadsLeft=0
  t=22 time=0.000418
t=23 s=21 threadsLeft=3
t=23 s=6 threadsLeft=2
t=23 s=4 threadsLeft=1
t=23 s=3 threadsLeft=0
  t=23 time=0.000435
t=24 s=22 threadsLeft=6
t=24 s=7 threadsLeft=5
t=24 s=6 threadsLeft=4
t=24 s=5 threadsLeft=3
t=24 s=4 threadsLeft=2
t=24 s=4 threadsLeft=1
t=24 s=3 threadsLeft=0
  t=24 time=0.000515
t=25 s=23 threadsLeft=4
t=25 s=8 threadsLeft=3
t=25 s=7 threadsLeft=2
t=25 s=6 threadsLeft=1
t=25 s=5 threadsLeft=0
  t=25 time=0.000427
t=26 s=24 threadsLeft=3
t=26 s=7 threadsLeft=2
t=26 s=4 threadsLeft=1
t=26 s=3 threadsLeft=0
  t=26 time=0.000414
t=27 s=25 threadsLeft=2
t=27 s=8 threadsLeft=1
t=27 s=5 threadsLeft=0
  t=27 time=0.00034
t=28 s=26 threadsLeft=4
t=28 s=9 threadsLeft=3
t=28 s=6 threadsLeft=2
t=28 s=5 threadsLeft=1
t=28 s=4 threadsLeft=0
  t=28 time=0.000386
t=29 s=27 threadsLeft=1
t=29 s=4 threadsLeft=0
  t=29 time=0.000348
t=30 s=28 threadsLeft=3
t=30 s=10 threadsLeft=2
t=30 s=9 threadsLeft=1
t=30 s=5 threadsLeft=0
  t=30 time=0.000405
t=31 s=29 threadsLeft=3
t=31 s=10 threadsLeft=2
t=31 s=6 threadsLeft=1
t=31 s=5 threadsLeft=0
  t=31 time=0.000496
t=32 s=30 threadsLeft=3
t=32 s=11 threadsLeft=2
t=32 s=8 threadsLeft=1
t=32 s=7 threadsLeft=0
  t=32 time=0.000463
t=33 s=31 threadsLeft=2
t=33 s=9 threadsLeft=1
t=33 s=8 threadsLeft=0
  t=33 time=0.000406
t=34 s=32 threadsLeft=6
t=34 s=10 threadsLeft=5
t=34 s=9 threadsLeft=4
t=34 s=9 threadsLeft=3
t=34 s=1 threadsLeft=2
t=34 s=2 threadsLeft=1
t=34 s=6 threadsLeft=0
  t=34 time=0.000576
t=35 s=33 threadsLeft=5
t=35 s=10 threadsLeft=4
t=35 s=8 threadsLeft=3
t=35 s=7 threadsLeft=2
t=35 s=2 threadsLeft=1
t=35 s=3 threadsLeft=0
  t=35 time=0.0007
t=36 s=34 threadsLeft=8
t=36 s=11 threadsLeft=7
t=36 s=10 threadsLeft=6
t=36 s=9 threadsLeft=5
t=36 s=2 threadsLeft=4
t=36 s=3 threadsLeft=3
t=36 s=4 threadsLeft=2
t=36 s=8 threadsLeft=1
t=36 s=3 threadsLeft=0
  t=36 time=0.000956
t=37 s=35 threadsLeft=6
t=37 s=12 threadsLeft=5
t=37 s=11 threadsLeft=4
t=37 s=10 threadsLeft=3
t=37 s=9 threadsLeft=2
t=37 s=4 threadsLeft=1
t=37 s=5 threadsLeft=0
  t=37 time=0.000733
t=38 s=36 threadsLeft=9
t=38 s=8 threadsLeft=8
t=38 s=11 threadsLeft=7
t=38 s=7 threadsLeft=6
t=38 s=5 threadsLeft=5
t=38 s=2 threadsLeft=4
t=38 s=6 threadsLeft=3
t=38 s=5 threadsLeft=2
t=38 s=4 threadsLeft=1
t=38 s=3 threadsLeft=0
  t=38 time=0.000793
t=39 s=37 threadsLeft=7
t=39 s=12 threadsLeft=6
t=39 s=9 threadsLeft=5
t=39 s=8 threadsLeft=4
t=39 s=6 threadsLeft=3
t=39 s=7 threadsLeft=2
t=39 s=3 threadsLeft=1
t=39 s=4 threadsLeft=0
  t=39 time=0.001045
t=40 s=38 threadsLeft=8
t=40 s=13 threadsLeft=7
t=40 s=10 threadsLeft=6
t=40 s=9 threadsLeft=5
t=40 s=8 threadsLeft=4
t=40 s=5 threadsLeft=3
t=40 s=7 threadsLeft=2
t=40 s=6 threadsLeft=1
t=40 s=4 threadsLeft=0
  t=40 time=0.000888
t=41 s=39 threadsLeft=4
t=41 s=9 threadsLeft=3
t=41 s=8 threadsLeft=2
t=41 s=8 threadsLeft=1
t=41 s=7 threadsLeft=0
  t=41 time=0.000536
t=42 s=40 threadsLeft=11
t=42 s=14 threadsLeft=10
t=42 s=13 threadsLeft=9
t=42 s=10 threadsLeft=8
t=42 s=9 threadsLeft=7
t=42 s=9 threadsLeft=6
t=42 s=8 threadsLeft=5
t=42 s=2 threadsLeft=4
t=42 s=7 threadsLeft=3
t=42 s=5 threadsLeft=2
t=42 s=6 threadsLeft=1
t=42 s=3 threadsLeft=0
  t=42 time=0.001085
t=43 s=41 threadsLeft=6
t=43 s=14 threadsLeft=5
t=43 s=10 threadsLeft=4
t=43 s=10 threadsLeft=3
t=43 s=11 threadsLeft=2
t=43 s=9 threadsLeft=1
t=43 s=3 threadsLeft=0
  t=43 time=0.001545
t=44 s=42 threadsLeft=10
t=44 s=15 threadsLeft=9
t=44 s=12 threadsLeft=8
t=44 s=11 threadsLeft=7
t=44 s=7 threadsLeft=6
t=44 s=6 threadsLeft=5
t=44 s=8 threadsLeft=4
t=44 s=5 threadsLeft=3
t=44 s=4 threadsLeft=2
t=44 s=3 threadsLeft=1
t=44 s=4 threadsLeft=0
  t=44 time=0.001842
t=45 s=43 threadsLeft=7
t=45 s=13 threadsLeft=6
t=45 s=12 threadsLeft=5
t=45 s=9 threadsLeft=4
t=45 s=8 threadsLeft=3
t=45 s=5 threadsLeft=2
t=45 s=6 threadsLeft=1
t=45 s=4 threadsLeft=0
  t=45 time=0.001359
t=46 s=44 threadsLeft=13
t=46 s=14 threadsLeft=12
t=46 s=13 threadsLeft=11
t=46 s=13 threadsLeft=10
t=46 s=10 threadsLeft=9
t=46 s=9 threadsLeft=8
t=46 s=7 threadsLeft=7
t=46 s=6 threadsLeft=6
t=46 s=7 threadsLeft=5
t=46 s=5 threadsLeft=4
t=46 s=6 threadsLeft=3
t=46 s=3 threadsLeft=2
t=46 s=4 threadsLeft=1
t=46 s=4 threadsLeft=0
  t=46 time=0.00219
t=47 s=45 threadsLeft=9
t=47 s=14 threadsLeft=8
t=47 s=8 threadsLeft=7
t=47 s=12 threadsLeft=6
t=47 s=11 threadsLeft=5
t=47 s=8 threadsLeft=4
t=47 s=7 threadsLeft=3
t=47 s=5 threadsLeft=2
t=47 s=5 threadsLeft=1
t=47 s=4 threadsLeft=0
  t=47 time=0.002172
t=48 s=46 threadsLeft=10
t=48 s=15 threadsLeft=9
t=48 s=14 threadsLeft=8
t=48 s=13 threadsLeft=7
t=48 s=12 threadsLeft=6
t=48 s=9 threadsLeft=5
t=48 s=8 threadsLeft=4
t=48 s=7 threadsLeft=3
t=48 s=6 threadsLeft=2
t=48 s=6 threadsLeft=1
t=48 s=5 threadsLeft=0
  t=48 time=0.001918
t=49 s=47 threadsLeft=6
t=49 s=16 threadsLeft=5
t=49 s=15 threadsLeft=4
t=49 s=14 threadsLeft=3
t=49 s=13 threadsLeft=2
t=49 s=10 threadsLeft=1
t=49 s=9 threadsLeft=0
  t=49 time=0.000779
t=50 s=48 threadsLeft=9
t=50 s=15 threadsLeft=8
t=50 s=8 threadsLeft=7
t=50 s=9 threadsLeft=6
t=50 s=11 threadsLeft=5
t=50 s=12 threadsLeft=4
t=50 s=7 threadsLeft=3
t=50 s=4 threadsLeft=2
t=50 s=3 threadsLeft=1
t=50 s=6 threadsLeft=0
  t=50 time=0.002748
t=51 s=49 threadsLeft=6
t=51 s=16 threadsLeft=5
t=51 s=13 threadsLeft=4
t=51 s=12 threadsLeft=3
t=51 s=5 threadsLeft=2
t=51 s=7 threadsLeft=1
t=51 s=4 threadsLeft=0
  t=51 time=0.003259
t=52 s=50 threadsLeft=8
t=52 s=17 threadsLeft=7
t=52 s=14 threadsLeft=6
t=52 s=13 threadsLeft=5
t=52 s=10 threadsLeft=4
t=52 s=8 threadsLeft=3
t=52 s=5 threadsLeft=2
t=52 s=5 threadsLeft=1
t=52 s=6 threadsLeft=0
  t=52 time=0.003186
t=53 s=51 threadsLeft=5
t=53 s=9 threadsLeft=4
t=53 s=12 threadsLeft=3
t=53 s=11 threadsLeft=2
t=53 s=10 threadsLeft=1
t=53 s=6 threadsLeft=0
  t=53 time=0.002772
t=54 s=52 threadsLeft=9
t=54 s=18 threadsLeft=8
t=54 s=17 threadsLeft=7
t=54 s=13 threadsLeft=6
t=54 s=12 threadsLeft=5
t=54 s=11 threadsLeft=4
t=54 s=5 threadsLeft=3
t=54 s=7 threadsLeft=2
t=54 s=6 threadsLeft=1
t=54 s=4 threadsLeft=0
  t=54 time=0.003763
t=55 s=53 threadsLeft=6
t=55 s=18 threadsLeft=5
t=55 s=14 threadsLeft=4
t=55 s=13 threadsLeft=3
t=55 s=7 threadsLeft=2
t=55 s=6 threadsLeft=1
t=55 s=5 threadsLeft=0
  t=55 time=0.003481
t=56 s=54 threadsLeft=12
t=56 s=19 threadsLeft=11
t=56 s=15 threadsLeft=10
t=56 s=10 threadsLeft=9
t=56 s=9 threadsLeft=8
t=56 s=16 threadsLeft=7
t=56 s=12 threadsLeft=6
t=56 s=11 threadsLeft=5
t=56 s=8 threadsLeft=4
t=56 s=7 threadsLeft=3
t=56 s=5 threadsLeft=2
t=56 s=6 threadsLeft=1
t=56 s=4 threadsLeft=0
  t=56 time=0.004855
t=57 s=55 threadsLeft=9
t=57 s=17 threadsLeft=8
t=57 s=16 threadsLeft=7
t=57 s=13 threadsLeft=6
t=57 s=12 threadsLeft=5
t=57 s=8 threadsLeft=4
t=57 s=8 threadsLeft=3
t=57 s=7 threadsLeft=2
t=57 s=7 threadsLeft=1
t=57 s=6 threadsLeft=0
  t=57 time=0.004226
t=58 s=56 threadsLeft=8
t=58 s=18 threadsLeft=7
t=58 s=17 threadsLeft=6
t=58 s=17 threadsLeft=5
t=58 s=13 threadsLeft=4
t=58 s=14 threadsLeft=3
t=58 s=8 threadsLeft=2
t=58 s=5 threadsLeft=1
t=58 s=6 threadsLeft=0
  t=58 time=0.004325
t=59 s=57 threadsLeft=10
t=59 s=18 threadsLeft=9
t=59 s=16 threadsLeft=8
t=59 s=15 threadsLeft=7
t=59 s=10 threadsLeft=6
t=59 s=11 threadsLeft=5
t=59 s=12 threadsLeft=4
t=59 s=9 threadsLeft=3
t=59 s=9 threadsLeft=2
t=59 s=5 threadsLeft=1
t=59 s=6 threadsLeft=0
  t=59 time=0.005188
t=60 s=58 threadsLeft=7
t=60 s=19 threadsLeft=6
t=60 s=18 threadsLeft=5
t=60 s=17 threadsLeft=4
t=60 s=16 threadsLeft=3
t=60 s=7 threadsLeft=2
t=60 s=6 threadsLeft=1
t=60 s=5 threadsLeft=0
  t=60 time=0.006267
t=61 s=59 threadsLeft=5
t=61 s=20 threadsLeft=4
t=61 s=19 threadsLeft=3
t=61 s=18 threadsLeft=2
t=61 s=17 threadsLeft=1
t=61 s=8 threadsLeft=0
  t=61 time=0.003133
t=62 s=60 threadsLeft=13
t=62 s=19 threadsLeft=12
t=62 s=16 threadsLeft=11
t=62 s=13 threadsLeft=10
t=62 s=15 threadsLeft=9
t=62 s=10 threadsLeft=8
t=62 s=11 threadsLeft=7
t=62 s=12 threadsLeft=6
t=62 s=9 threadsLeft=5
t=62 s=14 threadsLeft=4
t=62 s=13 threadsLeft=3
t=62 s=8 threadsLeft=2
t=62 s=7 threadsLeft=1
t=62 s=6 threadsLeft=0
  t=62 time=0.00727
t=63 s=61 threadsLeft=5
t=63 s=20 threadsLeft=4
t=63 s=17 threadsLeft=3
t=63 s=16 threadsLeft=2
t=63 s=14 threadsLeft=1
t=63 s=15 threadsLeft=0
  t=63 time=0.001004
t=64 s=62 threadsLeft=9
t=64 s=21 threadsLeft=8
t=64 s=18 threadsLeft=7
t=64 s=17 threadsLeft=6
t=64 s=15 threadsLeft=5
t=64 s=16 threadsLeft=4
t=64 s=14 threadsLeft=3
t=64 s=9 threadsLeft=2
t=64 s=8 threadsLeft=1
t=64 s=7 threadsLeft=0
  t=64 time=0.006795
t=65 s=63 threadsLeft=10
t=65 s=17 threadsLeft=9
t=65 s=16 threadsLeft=8
t=65 s=11 threadsLeft=7
t=65 s=12 threadsLeft=6
t=65 s=13 threadsLeft=5
t=65 s=16 threadsLeft=4
t=65 s=15 threadsLeft=3
t=65 s=14 threadsLeft=2
t=65 s=10 threadsLeft=1
t=65 s=9 threadsLeft=0
  t=65 time=0.003259
t=66 s=64 threadsLeft=14
t=66 s=22 threadsLeft=13
t=66 s=21 threadsLeft=12
t=66 s=18 threadsLeft=11
t=66 s=17 threadsLeft=10
t=66 s=17 threadsLeft=9
t=66 s=1 threadsLeft=8
t=66 s=16 threadsLeft=7
t=66 s=15 threadsLeft=6
t=66 s=2 threadsLeft=5
t=66 s=10 threadsLeft=4
t=66 s=11 threadsLeft=3
t=66 s=10 threadsLeft=2
t=66 s=7 threadsLeft=1
t=66 s=6 threadsLeft=0
  t=66 time=0.00994
t=67 s=65 threadsLeft=15
t=67 s=22 threadsLeft=14
t=67 s=18 threadsLeft=13
t=67 s=18 threadsLeft=12
t=67 s=19 threadsLeft=11
t=67 s=17 threadsLeft=10
t=67 s=2 threadsLeft=9
t=67 s=12 threadsLeft=8
t=67 s=11 threadsLeft=7
t=67 s=11 threadsLeft=6
t=67 s=8 threadsLeft=5
t=67 s=9 threadsLeft=4
t=67 s=3 threadsLeft=3
t=67 s=8 threadsLeft=2
t=67 s=7 threadsLeft=1
t=67 s=4 threadsLeft=0
  t=67 time=0.019765
t=68 s=66 threadsLeft=20
t=68 s=23 threadsLeft=19
t=68 s=20 threadsLeft=18
t=68 s=19 threadsLeft=17
t=68 s=13 threadsLeft=16
t=68 s=16 threadsLeft=15
t=68 s=12 threadsLeft=14
t=68 s=14 threadsLeft=13
t=68 s=11 threadsLeft=12
t=68 s=10 threadsLeft=11
t=68 s=15 threadsLeft=10
t=68 s=2 threadsLeft=9
t=68 s=3 threadsLeft=8
t=68 s=13 threadsLeft=7
t=68 s=12 threadsLeft=6
t=68 s=10 threadsLeft=5
t=68 s=9 threadsLeft=4
t=68 s=3 threadsLeft=3
t=68 s=9 threadsLeft=2
t=68 s=8 threadsLeft=1
t=68 s=4 threadsLeft=0
  t=68 time=0.020571
t=69 s=67 threadsLeft=16
t=69 s=21 threadsLeft=15
t=69 s=20 threadsLeft=14
t=69 s=17 threadsLeft=13
t=69 s=16 threadsLeft=12
t=69 s=13 threadsLeft=11
t=69 s=12 threadsLeft=10
t=69 s=14 threadsLeft=9
t=69 s=4 threadsLeft=8
t=69 s=11 threadsLeft=7
t=69 s=10 threadsLeft=6
t=69 s=6 threadsLeft=5
t=69 s=5 threadsLeft=4
t=69 s=5 threadsLeft=3
t=69 s=6 threadsLeft=2
t=69 s=7 threadsLeft=1
t=69 s=5 threadsLeft=0
  t=69 time=0.032682
t=70 s=68 threadsLeft=19
t=70 s=22 threadsLeft=18
t=70 s=21 threadsLeft=17
t=70 s=21 threadsLeft=16
t=70 s=18 threadsLeft=15
t=70 s=17 threadsLeft=14
t=70 s=2 threadsLeft=13
t=70 s=15 threadsLeft=12
t=70 s=14 threadsLeft=11
t=70 s=5 threadsLeft=10
t=70 s=12 threadsLeft=9
t=70 s=11 threadsLeft=8
t=70 s=3 threadsLeft=7
t=70 s=8 threadsLeft=6
t=70 s=3 threadsLeft=5
t=70 s=7 threadsLeft=4
t=70 s=7 threadsLeft=3
t=70 s=6 threadsLeft=2
t=70 s=4 threadsLeft=1
t=70 s=6 threadsLeft=0
  t=70 time=0.029957
t=71 s=69 threadsLeft=21
t=71 s=22 threadsLeft=20
t=71 s=19 threadsLeft=19
t=71 s=20 threadsLeft=18
t=71 s=14 threadsLeft=17
t=71 s=15 threadsLeft=16
t=71 s=13 threadsLeft=15
t=71 s=12 threadsLeft=14
t=71 s=16 threadsLeft=13
t=71 s=16 threadsLeft=12
t=71 s=15 threadsLeft=11
t=71 s=13 threadsLeft=10
t=71 s=6 threadsLeft=9
t=71 s=9 threadsLeft=8
t=71 s=10 threadsLeft=7
t=71 s=3 threadsLeft=6
t=71 s=9 threadsLeft=5
t=71 s=8 threadsLeft=4
t=71 s=6 threadsLeft=3
t=71 s=7 threadsLeft=2
t=71 s=5 threadsLeft=1
t=71 s=4 threadsLeft=0
  t=71 time=0.03024
t=72 s=70 threadsLeft=18
t=72 s=23 threadsLeft=17
t=72 s=22 threadsLeft=16
t=72 s=21 threadsLeft=15
t=72 s=20 threadsLeft=14
t=72 s=17 threadsLeft=13
t=72 s=16 threadsLeft=12
t=72 s=7 threadsLeft=11
t=72 s=11 threadsLeft=10
t=72 s=8 threadsLeft=9
t=72 s=10 threadsLeft=8
t=72 s=8 threadsLeft=7
t=72 s=9 threadsLeft=6
t=72 s=8 threadsLeft=5
t=72 s=4 threadsLeft=4
t=72 s=7 threadsLeft=3
t=72 s=7 threadsLeft=2
t=72 s=5 threadsLeft=1
t=72 s=6 threadsLeft=0
  t=72 time=0.028998
t=73 s=71 threadsLeft=16
t=73 s=24 threadsLeft=15
t=73 s=23 threadsLeft=14
t=73 s=22 threadsLeft=13
t=73 s=21 threadsLeft=12
t=73 s=17 threadsLeft=11
t=73 s=18 threadsLeft=10
t=73 s=8 threadsLeft=9
t=73 s=12 threadsLeft=8
t=73 s=11 threadsLeft=7
t=73 s=11 threadsLeft=6
t=73 s=9 threadsLeft=5
t=73 s=10 threadsLeft=4
t=73 s=8 threadsLeft=3
t=73 s=6 threadsLeft=2
t=73 s=7 threadsLeft=1
t=73 s=7 threadsLeft=0
  t=73 time=0.026615
t=74 s=72 threadsLeft=29
t=74 s=23 threadsLeft=28
t=74 s=14 threadsLeft=27
t=74 s=13 threadsLeft=26
t=74 s=15 threadsLeft=25
t=74 s=12 threadsLeft=24
t=74 s=11 threadsLeft=23
t=74 s=16 threadsLeft=22
t=74 s=17 threadsLeft=21
t=74 s=20 threadsLeft=20
t=74 s=19 threadsLeft=19
t=74 s=12 threadsLeft=18
t=74 s=9 threadsLeft=17
t=74 s=9 threadsLeft=16
t=74 s=11 threadsLeft=15
t=74 s=2 threadsLeft=14
t=74 s=8 threadsLeft=13
t=74 s=10 threadsLeft=12
t=74 s=10 threadsLeft=11
t=74 s=10 threadsLeft=10
t=74 s=5 threadsLeft=9
t=74 s=9 threadsLeft=8
t=74 s=3 threadsLeft=7
t=74 s=8 threadsLeft=6
t=74 s=8 threadsLeft=5
t=74 s=5 threadsLeft=4
t=74 s=7 threadsLeft=3
t=74 s=6 threadsLeft=2
t=74 s=7 threadsLeft=1
t=74 s=4 threadsLeft=0
  t=74 time=0.044885
t=75 s=73 threadsLeft=18
t=75 s=24 threadsLeft=17
t=75 s=21 threadsLeft=16
t=75 s=20 threadsLeft=15
t=75 s=13 threadsLeft=14
t=75 s=12 threadsLeft=13
t=75 s=10 threadsLeft=12
t=75 s=11 threadsLeft=11
t=75 s=11 threadsLeft=10
t=75 s=9 threadsLeft=9
t=75 s=3 threadsLeft=8
t=75 s=10 threadsLeft=7
t=75 s=7 threadsLeft=6
t=75 s=8 threadsLeft=5
t=75 s=5 threadsLeft=4
t=75 s=7 threadsLeft=3
t=75 s=6 threadsLeft=2
t=75 s=6 threadsLeft=1
t=75 s=4 threadsLeft=0
  t=75 time=0.055509
t=76 s=74 threadsLeft=22
t=76 s=25 threadsLeft=21
t=76 s=22 threadsLeft=20
t=76 s=21 threadsLeft=19
t=76 s=18 threadsLeft=18
t=76 s=14 threadsLeft=17
t=76 s=13 threadsLeft=16
t=76 s=11 threadsLeft=15
t=76 s=12 threadsLeft=14
t=76 s=12 threadsLeft=13
t=76 s=10 threadsLeft=12
t=76 s=11 threadsLeft=11
t=76 s=9 threadsLeft=10
t=76 s=11 threadsLeft=9
t=76 s=10 threadsLeft=8
t=76 s=3 threadsLeft=7
t=76 s=9 threadsLeft=6
t=76 s=8 threadsLeft=5
t=76 s=4 threadsLeft=4
t=76 s=7 threadsLeft=3
t=76 s=6 threadsLeft=2
t=76 s=5 threadsLeft=1
t=76 s=4 threadsLeft=0
  t=76 time=0.06717
t=77 s=75 threadsLeft=19
t=77 s=20 threadsLeft=18
t=77 s=14 threadsLeft=17
t=77 s=16 threadsLeft=16
t=77 s=15 threadsLeft=15
t=77 s=13 threadsLeft=14
t=77 s=17 threadsLeft=13
t=77 s=18 threadsLeft=12
t=77 s=19 threadsLeft=11
t=77 s=10 threadsLeft=10
t=77 s=12 threadsLeft=9
t=77 s=13 threadsLeft=8
t=77 s=8 threadsLeft=7
t=77 s=5 threadsLeft=6
t=77 s=4 threadsLeft=5
t=77 s=5 threadsLeft=4
t=77 s=7 threadsLeft=3
t=77 s=7 threadsLeft=2
t=77 s=6 threadsLeft=1
t=77 s=6 threadsLeft=0
  t=77 time=0.072592
t=78 s=76 threadsLeft=19
t=78 s=26 threadsLeft=18
t=78 s=25 threadsLeft=17
t=78 s=21 threadsLeft=16
t=78 s=20 threadsLeft=15
t=78 s=19 threadsLeft=14
t=78 s=13 threadsLeft=13
t=78 s=14 threadsLeft=12
t=78 s=9 threadsLeft=11
t=78 s=11 threadsLeft=10
t=78 s=8 threadsLeft=9
t=78 s=11 threadsLeft=8
t=78 s=8 threadsLeft=7
t=78 s=10 threadsLeft=6
t=78 s=9 threadsLeft=5
t=78 s=10 threadsLeft=4
t=78 s=4 threadsLeft=3
t=78 s=5 threadsLeft=2
t=78 s=7 threadsLeft=1
t=78 s=6 threadsLeft=0
  t=78 time=0.056066
t=79 s=77 threadsLeft=19
t=79 s=26 threadsLeft=18
t=79 s=22 threadsLeft=17
t=79 s=21 threadsLeft=16
t=79 s=14 threadsLeft=15
t=79 s=15 threadsLeft=14
t=79 s=15 threadsLeft=13
t=79 s=12 threadsLeft=12
t=79 s=12 threadsLeft=11
t=79 s=9 threadsLeft=10
t=79 s=11 threadsLeft=9
t=79 s=11 threadsLeft=8
t=79 s=10 threadsLeft=7
t=79 s=5 threadsLeft=6
t=79 s=8 threadsLeft=5
t=79 s=8 threadsLeft=4
t=79 s=7 threadsLeft=3
t=79 s=6 threadsLeft=2
t=79 s=6 threadsLeft=1
t=79 s=7 threadsLeft=0
  t=79 time=0.086224
t=80 s=78 threadsLeft=26
t=80 s=27 threadsLeft=25
t=80 s=24 threadsLeft=24
t=80 s=23 threadsLeft=23
t=80 s=17 threadsLeft=22
t=80 s=16 threadsLeft=21
t=80 s=18 threadsLeft=20
t=80 s=15 threadsLeft=19
t=80 s=14 threadsLeft=18
t=80 s=13 threadsLeft=17
t=80 s=20 threadsLeft=16
t=80 s=12 threadsLeft=15
t=80 s=19 threadsLeft=14
t=80 s=15 threadsLeft=13
t=80 s=16 threadsLeft=12
t=80 s=13 threadsLeft=11
t=80 s=14 threadsLeft=10
t=80 s=12 threadsLeft=9
t=80 s=11 threadsLeft=8
t=80 s=11 threadsLeft=7
t=80 s=9 threadsLeft=6
t=80 s=10 threadsLeft=5
t=80 s=10 threadsLeft=4
t=80 s=6 threadsLeft=3
t=80 s=8 threadsLeft=2
t=80 s=9 threadsLeft=1
t=80 s=7 threadsLeft=0
  t=80 time=0.054711
[38;2;000;128;000mTime: 0.739396s (2025-04-29 19:54:47)
[0m