t=0 s=0 time=0.000105
t=1 s=1 time=0.00046
t=2 s=2 time=0.000418
t=3 s=3 time=0.000433
t=3 s=1 time=0.000928
t=4 s=4 time=0.000399
t=4 s=2 time=0.00029
t=4 s=1 time=0.000283
t=5 s=5 time=0.000313
t=5 s=3 time=0.000321
t=5 s=2 time=0.000293
t=6 s=6 time=0.000285
t=6 s=4 time=0.000284
t=6 s=1 time=0.000261
t=7 s=7 time=0.000285
t=7 s=5 time=0.000279
t=7 s=2 time=0.000354
t=8 s=8 time=0.000426
t=8 s=6 time=0.000378
t=8 s=3 time=0.000432
t=8 s=2 time=0.000377
t=9 s=9 time=0.000337
t=9 s=7 time=0.000311
t=10 s=10 time=0.000278
t=10 s=8 time=0.000297
t=10 s=2 time=0.000314
t=11 s=11 time=0.000281
t=11 s=9 time=0.000293
t=11 s=3 time=0.000323
t=12 s=12 time=0.000315
t=12 s=10 time=0.000275
t=12 s=4 time=0.000336
t=13 s=13 time=0.000308
t=13 s=11 time=0.000391
t=13 s=5 time=0.000466
t=14 s=14 time=0.000386
t=14 s=12 time=0.000306
t=14 s=6 time=0.000334
t=15 s=15 time=0.000333
t=15 s=13 time=0.000457
t=15 s=7 time=0.000414
t=15 s=5 time=0.000392
t=15 s=4 time=0.00033
t=15 s=3 time=0.00044
t=16 s=16 time=0.000372
t=16 s=14 time=0.0003
t=16 s=8 time=0.000326
t=16 s=6 time=0.000334
t=16 s=5 time=0.000334
t=16 s=4 time=0.000331
t=16 s=0 time=0.000259
t=17 s=17 time=0.000404
t=17 s=15 time=0.000398
t=17 s=9 time=0.000431
t=17 s=7 time=0.000513
t=17 s=6 time=0.000497
t=17 s=5 time=0.000453
t=17 s=3 time=0.000305
t=17 s=1 time=0.000291
t=18 s=18 time=0.000287
t=18 s=16 time=0.000284
t=18 s=10 time=0.000747
t=18 s=8 time=0.000452
t=18 s=6 time=0.00046
t=18 s=5 time=0.000464
t=18 s=4 time=0.000449
t=18 s=3 time=0.000421
t=18 s=2 time=0.000434
t=19 s=19 time=0.00037
t=19 s=17 time=0.000282
t=19 s=11 time=0.000341
t=19 s=9 time=0.000354
t=19 s=7 time=0.000414
t=19 s=6 time=0.000488
t=19 s=5 time=0.000529
t=19 s=4 time=0.000376
t=19 s=3 time=0.000328
t=19 s=1 time=0.000402
t=20 s=20 time=0.000431
t=20 s=18 time=0.000491
t=20 s=12 time=0.00053
t=20 s=10 time=0.000479
t=20 s=8 time=0.000434
t=20 s=7 time=0.00044
t=20 s=6 time=0.000503
t=20 s=4 time=0.000393
t=20 s=3 time=0.000374
t=20 s=2 time=0.000769
t=20 s=1 time=0.000382
t=20 s=0 time=0.000317
t=21 s=21 time=0.000306
t=21 s=19 time=0.000296
t=21 s=13 time=0.000333
t=21 s=11 time=0.000425
t=21 s=9 time=0.00046
t=21 s=7 time=0.000522
t=21 s=5 time=0.000562
t=21 s=4 time=0.00052
t=21 s=3 time=0.000395
t=21 s=2 time=0.000431
t=21 s=1 time=0.000378
t=22 s=22 time=0.000385
t=22 s=20 time=0.000334
t=22 s=14 time=0.000368
t=22 s=12 time=0.000498
t=22 s=10 time=0.000519
t=22 s=8 time=0.000486
t=22 s=6 time=0.000589
t=22 s=5 time=0.000701
t=22 s=4 time=0.000602
t=22 s=2 time=0.000424
t=22 s=1 time=0.000356
t=22 s=0 time=0.000269
t=23 s=23 time=0.000305
t=23 s=21 time=0.000307
t=23 s=15 time=0.000367
t=23 s=13 time=0.000427
t=23 s=11 time=0.000508
t=23 s=9 time=0.000465
t=23 s=7 time=0.000564
t=23 s=6 time=0.00051
t=23 s=5 time=0.000696
t=23 s=3 time=0.000379
t=23 s=2 time=0.0004
t=23 s=1 time=0.000376
t=24 s=24 time=0.000312
t=24 s=22 time=0.000357
t=24 s=16 time=0.000397
t=24 s=14 time=0.000526
t=24 s=12 time=0.000601
t=24 s=10 time=0.00051
t=24 s=8 time=0.000642
t=24 s=6 time=0.000622
t=24 s=5 time=0.000528
t=24 s=4 time=0.000643
t=24 s=3 time=0.000411
t=24 s=2 time=0.000497
t=25 s=25 time=0.000375
t=25 s=23 time=0.000449
t=25 s=17 time=0.000456
t=25 s=15 time=0.00041
t=25 s=13 time=0.000386
t=25 s=11 time=0.000436
t=25 s=9 time=0.000609
t=25 s=7 time=0.00054
t=25 s=6 time=0.000541
t=25 s=5 time=0.000734
t=25 s=3 time=0.00047
t=25 s=1 time=0.000366
t=26 s=26 time=0.000357
t=26 s=24 time=0.000428
t=26 s=18 time=0.000443
t=26 s=16 time=0.000458
t=26 s=14 time=0.000412
t=26 s=12 time=0.000435
t=26 s=10 time=0.000625
t=26 s=8 time=0.000521
t=26 s=6 time=0.000643
t=26 s=4 time=0.000501
t=26 s=2 time=0.000513
t=26 s=1 time=0.000352
t=27 s=27 time=0.000334
t=27 s=25 time=0.000362
t=27 s=19 time=0.000337
t=27 s=17 time=0.000386
t=27 s=15 time=0.000464
t=27 s=13 time=0.000509
t=27 s=11 time=0.000669
t=27 s=9 time=0.000738
t=27 s=8 time=0.000593
t=27 s=7 time=0.000964
t=27 s=5 time=0.000724
t=27 s=3 time=0.000593
t=28 s=28 time=0.000373
t=28 s=26 time=0.000328
t=28 s=20 time=0.000388
t=28 s=18 time=0.000355
t=28 s=16 time=0.000594
t=28 s=14 time=0.000445
t=28 s=12 time=0.000639
t=28 s=10 time=0.000693
t=28 s=9 time=0.000562
t=28 s=8 time=0.000694
t=28 s=6 time=0.000717
t=28 s=5 time=0.000559
t=28 s=4 time=0.000685
t=28 s=2 time=0.000492
t=29 s=29 time=0.000364
t=29 s=27 time=0.000337
t=29 s=21 time=0.000365
t=29 s=19 time=0.000395
t=29 s=17 time=0.000458
t=29 s=15 time=0.000467
t=29 s=13 time=0.000594
t=29 s=11 time=0.000721
t=29 s=10 time=0.000652
t=29 s=9 time=0.000836
t=29 s=7 time=0.000754
t=29 s=5 time=0.000787
t=29 s=3 time=0.000501
t=30 s=30 time=0.000332
t=30 s=28 time=0.000329
t=30 s=22 time=0.000351
t=30 s=20 time=0.000373
t=30 s=18 time=0.000404
t=30 s=16 time=0.000437
t=30 s=14 time=0.000613
t=30 s=12 time=0.000749
t=30 s=10 time=0.000821
t=30 s=9 time=0.000676
t=30 s=8 time=0.001002
t=30 s=7 time=0.000881
t=30 s=6 time=0.001228
t=30 s=5 time=0.000691
t=30 s=4 time=0.000586
t=30 s=2 time=0.000522
t=31 s=31 time=0.00039
t=31 s=29 time=0.000387
t=31 s=23 time=0.000403
t=31 s=21 time=0.000386
t=31 s=19 time=0.000464
t=31 s=17 time=0.000496
t=31 s=15 time=0.000637
t=31 s=13 time=0.000732
t=31 s=11 time=0.000819
t=31 s=10 time=0.000706
t=31 s=9 time=0.001047
t=31 s=8 time=0.000668
t=31 s=7 time=0.001026
t=31 s=5 time=0.001037
t=31 s=4 time=0.000697
t=31 s=3 time=0.000749
t=32 s=32 time=0.000414
t=32 s=30 time=0.000363
t=32 s=24 time=0.00041
t=32 s=22 time=0.000409
t=32 s=20 time=0.00043
t=32 s=18 time=0.000501
t=32 s=16 time=0.000681
t=32 s=14 time=0.000746
t=32 s=12 time=0.000885
t=32 s=11 time=0.00082
t=32 s=10 time=0.001218
t=32 s=8 time=0.001341
t=32 s=7 time=0.000776
t=32 s=6 time=0.001144
t=32 s=5 time=0.000741
t=32 s=4 time=0.000999
t=32 s=0 time=0.000383
t=33 s=33 time=0.000534
t=33 s=31 time=0.000426
t=33 s=25 time=0.000472
t=33 s=23 time=0.000464
t=33 s=21 time=0.000519
t=33 s=19 time=0.000502
t=33 s=17 time=0.000693
t=33 s=15 time=0.00078
t=33 s=13 time=0.000903
t=33 s=11 time=0.001005
t=33 s=9 time=0.001382
t=33 s=8 time=0.001051
t=33 s=7 time=0.001417
t=33 s=6 time=0.00099
t=33 s=5 time=0.001138
t=33 s=3 time=0.000668
t=33 s=2 time=0.00053
t=33 s=1 time=0.000596
t=34 s=34 time=0.00039
t=34 s=32 time=0.000376
t=34 s=26 time=0.000413
t=34 s=24 time=0.000429
t=34 s=22 time=0.000474
t=34 s=20 time=0.000498
t=34 s=18 time=0.000637
t=34 s=16 time=0.000754
t=34 s=14 time=0.000956
t=34 s=12 time=0.001035
t=34 s=10 time=0.001536
t=34 s=9 time=0.001064
t=34 s=8 time=0.001519
t=34 s=6 time=0.001425
t=34 s=5 time=0.001187
t=34 s=4 time=0.001542
t=34 s=3 time=0.00099
t=34 s=2 time=0.000923
t=35 s=35 time=0.00057
t=35 s=33 time=0.0005
t=35 s=27 time=0.00054
t=35 s=25 time=0.000539
t=35 s=23 time=0.000527
t=35 s=21 time=0.000573
t=35 s=19 time=0.000751
t=35 s=17 time=0.000999
t=35 s=15 time=0.000968
t=35 s=13 time=0.001213
t=35 s=11 time=0.001782
t=35 s=10 time=0.001009
t=35 s=9 time=0.001539
t=35 s=7 time=0.001797
t=35 s=6 time=0.001263
t=35 s=5 time=0.00167
t=35 s=4 time=0.00121
t=35 s=3 time=0.001076
t=35 s=1 time=0.000676
t=36 s=36 time=0.000466
t=36 s=34 time=0.000482
t=36 s=28 time=0.000479
t=36 s=26 time=0.000531
t=36 s=24 time=0.000627
t=36 s=22 time=0.000703
t=36 s=20 time=0.000818
t=36 s=18 time=0.000875
t=36 s=16 time=0.000976
t=36 s=14 time=0.001114
t=36 s=12 time=0.001706
t=36 s=10 time=0.001617
t=36 s=9 time=0.001101
t=36 s=8 time=0.002065
t=36 s=7 time=0.001656
t=36 s=6 time=0.002037
t=36 s=4 time=0.001437
t=36 s=3 time=0.000913
t=36 s=2 time=0.001078
t=36 s=1 time=0.001157
t=36 s=0 time=0.000477
t=37 s=37 time=0.000583
t=37 s=35 time=0.000696
t=37 s=29 time=0.000687
t=37 s=27 time=0.000606
t=37 s=25 time=0.000608
t=37 s=23 time=0.000653
t=37 s=21 time=0.000791
t=37 s=19 time=0.000872
t=37 s=17 time=0.001096
t=37 s=15 time=0.001233
t=37 s=13 time=0.001742
t=37 s=11 time=0.001674
t=37 s=10 time=0.001129
t=37 s=9 time=0.002071
t=37 s=8 time=0.001175
t=37 s=7 time=0.001697
t=37 s=5 time=0.001983
t=37 s=4 time=0.00146
t=37 s=3 time=0.001374
t=37 s=2 time=0.001062
t=37 s=1 time=0.000745
t=38 s=38 time=0.000491
t=38 s=36 time=0.000505
t=38 s=30 time=0.000542
t=38 s=28 time=0.000628
t=38 s=26 time=0.000652
t=38 s=24 time=0.000668
t=38 s=22 time=0.000767
t=38 s=20 time=0.000848
t=38 s=18 time=0.000991
t=38 s=16 time=0.001071
t=38 s=14 time=0.001689
t=38 s=12 time=0.001629
t=38 s=10 time=0.002131
t=38 s=8 time=0.001989
t=38 s=7 time=0.001261
t=38 s=6 time=0.002116
t=38 s=5 time=0.001837
t=38 s=4 time=0.002228
t=38 s=2 time=0.001053
t=38 s=1 time=0.000752
t=38 s=0 time=0.000484
t=39 s=39 time=0.000531
t=39 s=37 time=0.000638
t=39 s=31 time=0.000654
t=39 s=29 time=0.00071
t=39 s=27 time=0.000597
t=39 s=25 time=0.000638
t=39 s=23 time=0.000795
t=39 s=21 time=0.000952
t=39 s=19 time=0.000994
t=39 s=17 time=0.001129
t=39 s=15 time=0.001809
t=39 s=13 time=0.001943
t=39 s=12 time=0.001317
t=39 s=11 time=0.002034
t=39 s=9 time=0.002267
t=39 s=8 time=0.001715
t=39 s=7 time=0.002171
t=39 s=6 time=0.001282
t=39 s=5 time=0.001841
t=39 s=3 time=0.001567
t=39 s=2 time=0.00125
t=39 s=1 time=0.000831
t=40 s=40 time=0.000557
t=40 s=38 time=0.00051
t=40 s=32 time=0.000625
t=40 s=30 time=0.000621
t=40 s=28 time=0.000665
t=40 s=26 time=0.000648
t=40 s=24 time=0.000847
t=40 s=22 time=0.001013
t=40 s=20 time=0.001167
t=40 s=18 time=0.001238
t=40 s=16 time=0.001819
t=40 s=14 time=0.001979
t=40 s=13 time=0.001147
t=40 s=12 time=0.002096
t=40 s=10 time=0.002177
t=40 s=9 time=0.001352
t=40 s=8 time=0.002255
t=40 s=6 time=0.002144
t=40 s=5 time=0.001337
t=40 s=4 time=0.002136
t=40 s=3 time=0.001873
t=40 s=2 time=0.001614
t=40 s=0 time=0.000619
t=41 s=41 time=0.00061
t=41 s=39 time=0.000639
t=41 s=33 time=0.000628
t=41 s=31 time=0.000714
t=41 s=29 time=0.000725
t=41 s=27 time=0.000798
t=41 s=25 time=0.001021
t=41 s=23 time=0.00109
t=41 s=21 time=0.001079
t=41 s=19 time=0.001261
t=41 s=17 time=0.00189
t=41 s=15 time=0.002234
t=41 s=14 time=0.001426
t=41 s=13 time=0.002256
t=41 s=11 time=0.002211
t=41 s=9 time=0.00242
t=41 s=7 time=0.002569
t=41 s=6 time=0.001633
t=41 s=5 time=0.002385
t=41 s=4 time=0.00142
t=41 s=3 time=0.001608
t=41 s=1 time=0.00105
t=42 s=42 time=0.000661
t=42 s=40 time=0.000662
t=42 s=34 time=0.000684
t=42 s=32 time=0.00069
t=42 s=30 time=0.000704
t=42 s=28 time=0.00072
t=42 s=26 time=0.000944
t=42 s=24 time=0.000949
t=42 s=22 time=0.001051
t=42 s=20 time=0.001252
t=42 s=18 time=0.001781
t=42 s=16 time=0.002033
t=42 s=14 time=0.002256
t=42 s=13 time=0.001558
t=42 s=12 time=0.002394
t=42 s=11 time=0.001658
t=42 s=10 time=0.002502
t=42 s=9 time=0.001967
t=42 s=8 time=0.002559
t=42 s=7 time=0.0017
t=42 s=6 time=0.002433
t=42 s=4 time=0.002095
t=42 s=3 time=0.001143
t=42 s=2 time=0.001827
t=42 s=1 time=0.001083
t=42 s=0 time=0.000803
t=43 s=43 time=0.000697
t=43 s=41 time=0.000745
t=43 s=35 time=0.000794
t=43 s=33 time=0.000742
t=43 s=31 time=0.000809
t=43 s=29 time=0.000914
t=43 s=27 time=0.001042
t=43 s=25 time=0.001265
t=43 s=23 time=0.001236
t=43 s=21 time=0.001253
t=43 s=19 time=0.001852
t=43 s=17 time=0.002137
t=43 s=15 time=0.002354
t=43 s=14 time=0.001591
t=43 s=13 time=0.002418
t=43 s=12 time=0.001544
t=43 s=11 time=0.002444
t=43 s=9 time=0.002472
t=43 s=8 time=0.00188
t=43 s=7 time=0.002499
t=43 s=5 time=0.002446
t=43 s=4 time=0.001536
t=43 s=3 time=0.002102
t=43 s=1 time=0.00091
t=44 s=44 time=0.000712
t=44 s=42 time=0.000721
t=44 s=36 time=0.000762
t=44 s=34 time=0.000774
t=44 s=32 time=0.000791
t=44 s=30 time=0.000892
t=44 s=28 time=0.001047
t=44 s=26 time=0.001128
t=44 s=24 time=0.001249
t=44 s=22 time=0.001356
t=44 s=20 time=0.001961
t=44 s=18 time=0.002105
t=44 s=16 time=0.002194
t=44 s=15 time=0.001525
t=44 s=14 time=0.002484
t=44 s=12 time=0.00263
t=44 s=11 time=0.001764
t=44 s=10 time=0.003126
t=44 s=9 time=0.001857
t=44 s=8 time=0.002652
t=44 s=7 time=0.001827
t=44 s=6 time=0.00242
t=44 s=5 time=0.001633
t=44 s=4 time=0.002374
t=44 s=2 time=0.001876
t=44 s=0 time=0.000775
t=45 s=45 time=0.000793
t=45 s=43 time=0.000771
t=45 s=37 time=0.000801
t=45 s=35 time=0.000821
t=45 s=33 time=0.000837
t=45 s=31 time=0.000864
t=45 s=29 time=0.001002
t=45 s=27 time=0.001114
t=45 s=25 time=0.001224
t=45 s=23 time=0.001363
t=45 s=21 time=0.001885
t=45 s=19 time=0.002117
t=45 s=17 time=0.0023
t=45 s=15 time=0.002346
t=45 s=13 time=0.002576
t=45 s=12 time=0.002309
t=45 s=11 time=0.002708
t=45 s=10 time=0.002459
t=45 s=9 time=0.002823
t=45 s=8 time=0.002221
t=45 s=7 time=0.003189
t=45 s=6 time=0.002113
t=45 s=5 time=0.002785
t=45 s=3 time=0.002246
t=45 s=1 time=0.00123
t=46 s=46 time=0.000935
t=46 s=44 time=0.000859
t=46 s=38 time=0.000867
t=46 s=36 time=0.000906
t=46 s=34 time=0.000937
t=46 s=32 time=0.000951
t=46 s=30 time=0.001193
t=46 s=28 time=0.001276
t=46 s=26 time=0.001332
t=46 s=24 time=0.001419
t=46 s=22 time=0.001993
t=46 s=20 time=0.00266
t=46 s=18 time=0.002326
t=46 s=16 time=0.002577
t=46 s=14 time=0.003059
t=46 s=13 time=0.002871
t=46 s=12 time=0.00298
t=46 s=10 time=0.003094
t=46 s=9 time=0.002256
t=46 s=8 time=0.002971
t=46 s=7 time=0.00278
t=46 s=6 time=0.002988
t=46 s=5 time=0.002025
t=46 s=4 time=0.002567
t=46 s=2 time=0.001889
t=46 s=0 time=0.000919
t=47 s=47 time=0.000938
t=47 s=45 time=0.000938
t=47 s=39 time=0.000979
t=47 s=37 time=0.000981
t=47 s=35 time=0.00105
t=47 s=33 time=0.001093
t=47 s=31 time=0.00128
t=47 s=29 time=0.001333
t=47 s=27 time=0.001485
t=47 s=25 time=0.001668
t=47 s=23 time=0.002161
t=47 s=21 time=0.002436
t=47 s=19 time=0.00258
t=47 s=17 time=0.002587
t=47 s=15 time=0.002979
t=47 s=14 time=0.002181
t=47 s=13 time=0.002969
t=47 s=11 time=0.003361
t=47 s=10 time=0.003128
t=47 s=9 time=0.003346
t=47 s=8 time=0.003082
t=47 s=7 time=0.003185
t=47 s=5 time=0.00313
t=47 s=4 time=0.002561
t=47 s=3 time=0.003129
t=47 s=1 time=0.001694
t=48 s=48 time=0.001092
t=48 s=46 time=0.001056
t=48 s=40 time=0.001027
t=48 s=38 time=0.001051
t=48 s=36 time=0.001077
t=48 s=34 time=0.001092
t=48 s=32 time=0.001285
t=48 s=30 time=0.001356
t=48 s=28 time=0.001414
t=48 s=26 time=0.001552
t=48 s=24 time=0.002264
t=48 s=22 time=0.002451
t=48 s=20 time=0.002481
t=48 s=18 time=0.002575
t=48 s=16 time=0.002905
t=48 s=14 time=0.003306
t=48 s=13 time=0.002504
t=48 s=12 time=0.003412
t=48 s=11 time=0.003388
t=48 s=10 time=0.003557
t=48 s=9 time=0.00268
t=48 s=8 time=0.003419
t=48 s=7 time=0.003215
t=48 s=6 time=0.00342
t=48 s=5 time=0.003066
t=48 s=4 time=0.003137
t=48 s=2 time=0.001952
t=48 s=0 time=0.001139
t=49 s=49 time=0.001156
t=49 s=47 time=0.001162
t=49 s=41 time=0.001157
t=49 s=39 time=0.001234
t=49 s=37 time=0.001395
t=49 s=35 time=0.001307
t=49 s=33 time=0.001417
t=49 s=31 time=0.001499
t=49 s=29 time=0.001626
t=49 s=27 time=0.00169
t=49 s=25 time=0.00232
t=49 s=23 time=0.002762
t=49 s=21 time=0.002687
t=49 s=19 time=0.002727
t=49 s=17 time=0.003044
t=49 s=15 time=0.003262
t=49 s=14 time=0.00279
t=49 s=13 time=0.003625
t=49 s=12 time=0.002926
t=49 s=11 time=0.003596
t=49 s=9 time=0.00391
t=49 s=8 time=0.003509
t=49 s=7 time=0.003966
t=49 s=6 time=0.003381
t=49 s=5 time=0.00348
t=49 s=3 time=0.002833
t=49 s=2 time=0.001953
t=49 s=1 time=0.002545
t=49 s=0 time=0.001353
t=50 s=50 time=0.001326
t=50 s=48 time=0.001291
t=50 s=42 time=0.001296
t=50 s=40 time=0.001326
t=50 s=38 time=0.001345
t=50 s=36 time=0.001397
t=50 s=34 time=0.001576
t=50 s=32 time=0.001706
t=50 s=30 time=0.001717
t=50 s=28 time=0.001904
t=50 s=26 time=0.002591
t=50 s=24 time=0.002783
t=50 s=22 time=0.002854
t=50 s=20 time=0.002889
t=50 s=18 time=0.003208
t=50 s=16 time=0.003346
t=50 s=14 time=0.004207
t=50 s=12 time=0.003973
t=50 s=11 time=0.003354
t=50 s=10 time=0.004266
t=50 s=9 time=0.004168
t=50 s=8 time=0.00429
t=50 s=6 time=0.00388
t=50 s=5 time=0.003386
t=50 s=4 time=0.003547
t=50 s=3 time=0.002985
t=50 s=2 time=0.003093
t=51 s=51 time=0.001565
t=51 s=49 time=0.001421
t=51 s=43 time=0.001474
t=51 s=41 time=0.001439
t=51 s=39 time=0.001528
t=51 s=37 time=0.001548
t=51 s=35 time=0.00166
t=51 s=33 time=0.001744
t=51 s=31 time=0.001854
t=51 s=29 time=0.001917
t=51 s=27 time=0.002519
t=51 s=25 time=0.00283
t=51 s=23 time=0.002915
t=51 s=21 time=0.003099
t=51 s=19 time=0.003391
t=51 s=17 time=0.003558
t=51 s=16 time=0.003005
t=51 s=15 time=0.003932
t=51 s=13 time=0.004121
t=51 s=12 time=0.003837
t=51 s=11 time=0.004643
t=51 s=10 time=0.004416
t=51 s=9 time=0.004732
t=51 s=7 time=0.00469
t=51 s=6 time=0.004243
t=51 s=5 time=0.004781
t=51 s=4 time=0.004061
t=51 s=3 time=0.003849
t=51 s=1 time=0.002587
t=52 s=52 time=0.001755
t=52 s=50 time=0.001634
t=52 s=44 time=0.001747
t=52 s=42 time=0.001722
t=52 s=40 time=0.00185
t=52 s=38 time=0.001778
t=52 s=36 time=0.002022
t=52 s=34 time=0.001925
t=52 s=32 time=0.002049
t=52 s=30 time=0.002235
t=52 s=28 time=0.003115
t=52 s=26 time=0.003487
t=52 s=24 time=0.003293
t=52 s=22 time=0.003292
t=52 s=20 time=0.003657
t=52 s=18 time=0.004053
t=52 s=17 time=0.003217
t=52 s=16 time=0.0041
t=52 s=14 time=0.004543
t=52 s=13 time=0.004011
t=52 s=12 time=0.005148
t=52 s=10 time=0.005402
t=52 s=9 time=0.00415
t=52 s=8 time=0.005065
t=52 s=7 time=0.004879
t=52 s=6 time=0.004957
t=52 s=4 time=0.004269
t=52 s=3 time=0.00354
t=52 s=2 time=0.003509
t=52 s=1 time=0.002886
t=52 s=0 time=0.001747
t=53 s=53 time=0.001842
t=53 s=51 time=0.001819
t=53 s=45 time=0.001932
t=53 s=43 time=0.001956
t=53 s=41 time=0.001913
t=53 s=39 time=0.001896
t=53 s=37 time=0.002055
t=53 s=35 time=0.002144
t=53 s=33 time=0.002225
t=53 s=31 time=0.002486
t=53 s=29 time=0.00304
t=53 s=27 time=0.00329
t=53 s=25 time=0.003382
t=53 s=23 time=0.003937
t=53 s=21 time=0.003726
t=53 s=19 time=0.003995
t=53 s=18 time=0.003233
t=53 s=17 time=0.004246
t=53 s=15 time=0.004705
t=53 s=13 time=0.004911
t=53 s=11 time=0.005143
t=53 s=10 time=0.004771
t=53 s=9 time=0.005646
t=53 s=8 time=0.004855
t=53 s=7 time=0.005069
t=53 s=5 time=0.005104
t=53 s=4 time=0.004367
t=53 s=3 time=0.004504
t=53 s=2 time=0.003849
t=53 s=1 time=0.003534
t=54 s=54 time=0.002069
t=54 s=52 time=0.001979
t=54 s=46 time=0.001972
t=54 s=44 time=0.001998
t=54 s=42 time=0.002097
t=54 s=40 time=0.002077
t=54 s=38 time=0.002313
t=54 s=36 time=0.002446
t=54 s=34 time=0.002407
t=54 s=32 time=0.002518
t=54 s=30 time=0.003156
t=54 s=28 time=0.003378
t=54 s=26 time=0.003476
t=54 s=24 time=0.003624
t=54 s=22 time=0.00409
t=54 s=20 time=0.004233
t=54 s=18 time=0.004623
t=54 s=17 time=0.00401
t=54 s=16 time=0.004788
t=54 s=15 time=0.004243
t=54 s=14 time=0.005288
t=54 s=13 time=0.004578
t=54 s=12 time=0.005898
t=54 s=11 time=0.005649
t=54 s=10 time=0.006015
t=54 s=9 time=0.005169
t=54 s=8 time=0.005636
t=54 s=7 time=0.005225
t=54 s=6 time=0.006504
t=54 s=5 time=0.005717
t=54 s=4 time=0.005342
t=54 s=2 time=0.004161
t=54 s=1 time=0.00336
t=54 s=0 time=0.002341
t=55 s=55 time=0.002364
t=55 s=53 time=0.002304
t=55 s=47 time=0.00228
t=55 s=45 time=0.002299
t=55 s=43 time=0.002294
t=55 s=41 time=0.002489
t=55 s=39 time=0.002677
t=55 s=37 time=0.002638
t=55 s=35 time=0.002675
t=55 s=33 time=0.002783
t=55 s=31 time=0.003376
t=55 s=29 time=0.003591
t=55 s=27 time=0.003896
t=55 s=25 time=0.00389
t=55 s=23 time=0.004316
t=55 s=21 time=0.00458
t=55 s=19 time=0.005005
t=55 s=18 time=0.004111
t=55 s=17 time=0.005136
t=55 s=16 time=0.004405
t=55 s=15 time=0.005571
t=55 s=13 time=0.006676
t=55 s=12 time=0.005442
t=55 s=11 time=0.006907
t=55 s=9 time=0.006805
t=55 s=8 time=0.006071
t=55 s=7 time=0.006957
t=55 s=6 time=0.009419
t=55 s=5 time=0.006743
t=55 s=3 time=0.005401
t=55 s=2 time=0.004796
t=55 s=1 time=0.004076
t=56 s=56 time=0.002711
t=56 s=54 time=0.002621
t=56 s=48 time=0.002703
t=56 s=46 time=0.002592
t=56 s=44 time=0.00256
t=56 s=42 time=0.00281
t=56 s=40 time=0.002893
t=56 s=38 time=0.002989
t=56 s=36 time=0.003057
t=56 s=34 time=0.003175
t=56 s=32 time=0.00408
t=56 s=30 time=0.004037
t=56 s=28 time=0.00423
t=56 s=26 time=0.004242
t=56 s=24 time=0.004476
t=56 s=22 time=0.004895
t=56 s=20 time=0.00528
t=56 s=19 time=0.004797
t=56 s=18 time=0.005754
t=56 s=16 time=0.006318
t=56 s=15 time=0.005418
t=56 s=14 time=0.006651
t=56 s=13 time=0.006053
t=56 s=12 time=0.007073
t=56 s=11 time=0.006452
t=56 s=10 time=0.00736
t=56 s=9 time=0.006555
t=56 s=8 time=0.007935
t=56 s=6 time=0.007612
t=56 s=5 time=0.006694
t=56 s=4 time=0.006757
t=56 s=3 time=0.005689
t=56 s=2 time=0.005265
t=56 s=0 time=0.003261
t=57 s=57 time=0.003368
t=57 s=55 time=0.00324
t=57 s=49 time=0.003397
t=57 s=47 time=0.003366
t=57 s=45 time=0.003175
t=57 s=43 time=0.003406
t=57 s=41 time=0.003679
t=57 s=39 time=0.003719
t=57 s=37 time=0.00376
t=57 s=35 time=0.003756
t=57 s=33 time=0.004484
t=57 s=31 time=0.00488
t=57 s=29 time=0.005134
t=57 s=27 time=0.005255
t=57 s=25 time=0.005455
t=57 s=23 time=0.005558
t=57 s=21 time=0.005846
t=57 s=19 time=0.006454
t=57 s=17 time=0.007377
t=57 s=16 time=0.006396
t=57 s=15 time=0.007189
t=57 s=14 time=0.006599
t=57 s=13 time=0.008052
t=57 s=12 time=0.007022
t=57 s=11 time=0.008027
t=57 s=10 time=0.007144
t=57 s=9 time=0.00881
t=57 s=7 time=0.008944
t=57 s=6 time=0.007535
t=57 s=5 time=0.008266
t=57 s=4 time=0.007543
t=57 s=3 time=0.006279
t=57 s=1 time=0.005093
t=58 s=58 time=0.003792
t=58 s=56 time=0.003616
t=58 s=50 time=0.003526
t=58 s=48 time=0.003639
t=58 s=46 time=0.003644
t=58 s=44 time=0.003997
t=58 s=42 time=0.004093
t=58 s=40 time=0.003902
t=58 s=38 time=0.004136
t=58 s=36 time=0.004265
t=58 s=34 time=0.005275
t=58 s=32 time=0.005572
t=58 s=30 time=0.005507
t=58 s=28 time=0.005351
t=58 s=26 time=0.005614
t=58 s=24 time=0.005856
t=58 s=22 time=0.006323
t=58 s=20 time=0.00664
t=58 s=18 time=0.00734
t=58 s=17 time=0.006633
t=58 s=16 time=0.007626
t=58 s=14 time=0.008364
t=58 s=13 time=0.00765
t=58 s=12 time=0.008419
t=58 s=11 time=0.007744
t=58 s=10 time=0.009414
t=58 s=9 time=0.008427
t=58 s=8 time=0.01023
t=58 s=7 time=0.008164
t=58 s=6 time=0.008983
t=58 s=4 time=0.007986
t=58 s=3 time=0.006627
t=58 s=2 time=0.00616
t=58 s=1 time=0.005301
t=58 s=0 time=0.004004
t=59 s=59 time=0.004137
t=59 s=57 time=0.004235
t=59 s=51 time=0.004292
t=59 s=49 time=0.004455
t=59 s=47 time=0.00428
t=59 s=45 time=0.00427
t=59 s=43 time=0.004672
t=59 s=41 time=0.004921
t=59 s=39 time=0.005069
t=59 s=37 time=0.005133
t=59 s=35 time=0.00573
t=59 s=33 time=0.006054
t=59 s=31 time=0.006158
t=59 s=29 time=0.006006
t=59 s=27 time=0.006314
t=59 s=25 time=0.006708
t=59 s=23 time=0.007092
t=59 s=21 time=0.007419
t=59 s=19 time=0.008464
t=59 s=18 time=0.007493
t=59 s=17 time=0.00844
t=59 s=15 time=0.00913
t=59 s=14 time=0.008484
t=59 s=13 time=0.009526
t=59 s=12 time=0.008616
t=59 s=11 time=0.010413
t=59 s=10 time=0.009056
t=59 s=9 time=0.01039
t=59 s=8 time=0.008768
t=59 s=7 time=0.01041
t=59 s=5 time=0.009688
t=59 s=4 time=0.008085
t=59 s=3 time=0.008248
t=59 s=2 time=0.006318
t=59 s=1 time=0.005739
t=60 s=60 time=0.004776
t=60 s=58 time=0.004886
t=60 s=52 time=0.0047
t=60 s=50 time=0.004786
t=60 s=48 time=0.004693
t=60 s=46 time=0.004816
t=60 s=44 time=0.005002
t=60 s=42 time=0.00497
t=60 s=40 time=0.005162
t=60 s=38 time=0.005339
t=60 s=36 time=0.005854
t=60 s=34 time=0.006291
t=60 s=32 time=0.006253
t=60 s=30 time=0.006246
t=60 s=28 time=0.006582
t=60 s=26 time=0.007011
t=60 s=24 time=0.007466
t=60 s=22 time=0.007618
t=60 s=20 time=0.008447
t=60 s=18 time=0.00892
t=60 s=17 time=0.008426
t=60 s=16 time=0.009926
t=60 s=15 time=0.009055
t=60 s=14 time=0.010286
t=60 s=13 time=0.009666
t=60 s=12 time=0.011278
t=60 s=11 time=0.009877
t=60 s=10 time=0.011956
t=60 s=9 time=0.010705
t=60 s=8 time=0.011724
t=60 s=7 time=0.010032
t=60 s=6 time=0.010442
t=60 s=5 time=0.009323
t=60 s=4 time=0.009686
t=60 s=2 time=0.00811
t=60 s=0 time=0.005086
[38;2;000;128;000mTime: 2.467931s (2025-08-28 09:18:53)
[0m
[38;2;200;255;255mFile: [0m
/Users/es2483/apps/sseqcpp_8_25/SSeqCpp/Adams/../include/algebras/myio.h(79:90)
[38;2;200;255;255mFunction: [0m
``:
[38;2;200;255;255mError: [0m
File ceta_mo8_Adams_res.db does not exist.


[38;2;200;255;255mFile: [0m
/Users/es2483/apps/sseqcpp_8_25/SSeqCpp/Adams/../include/algebras/myio.h(79:90)
[38;2;200;255;255mFunction: [0m
``:
[38;2;200;255;255mError: [0m
File ceta_mo8_Adams_res.db does not exist.


[38;2;200;255;255mFile: [0m
/Users/es2483/apps/sseqcpp_8_25/SSeqCpp/Adams/../include/algebras/myio.h(79:90)
[38;2;200;255;255mFunction: [0m
``:
[38;2;200;255;255mError: [0m
File ceta_mo8_Adams_res.db does not exist.


[38;2;200;255;255mFile: [0m
/Users/es2483/apps/sseqcpp_8_25/SSeqCpp/Adams/../include/algebras/myio.h(79:90)
[38;2;200;255;255mFunction: [0m
``:
[38;2;200;255;255mError: [0m
File ceta_mo8_Adams_res.db does not exist.

