[38;2;000;128;000mTime: 0.00457s (2025-08-28 09:19:04)
[0m
[38;2;200;255;255mFile: [0m
/Users/es2483/apps/sseqcpp_8_25/SSeqCpp/Adams/../include/algebras/myio.h(79:90)
[38;2;200;255;255mFunction: [0m
``:
[38;2;200;255;255mError: [0m
File ceta_mo8_AdamsSS.db does not exist.


[38;2;200;255;255mFile: [0m
/Users/es2483/apps/sseqcpp_8_25/SSeqCpp/Adams/../include/algebras/myio.h(79:90)
[38;2;200;255;255mFunction: [0m
``:
[38;2;200;255;255mError: [0m
File ceta_mo8_AdamsSS.db does not exist.


[38;2;200;255;255mFile: [0m
/Users/es2483/apps/sseqcpp_8_25/SSeqCpp/Adams/../include/algebras/myio.h(79:90)
[38;2;200;255;255mFunction: [0m
``:
[38;2;200;255;255mError: [0m
File ceta_mo8_AdamsSS.db does not exist.


[38;2;200;255;255mFile: [0m
/Users/es2483/apps/sseqcpp_8_25/SSeqCpp/Adams/../include/algebras/myio.h(79:90)
[38;2;200;255;255mFunction: [0m
``:
[38;2;200;255;255mError: [0m
File ceta_mo8_AdamsSS.db does not exist.

