t=0 s=0 time=7.4e-05
t=1 s=1 time=0.000456
t=2 s=2 time=0.000391
t=2 s=1 time=0.000342
t=3 s=3 time=0.000378
t=4 s=4 time=0.000405
t=4 s=2 time=0.000417
t=5 s=5 time=0.000455
t=6 s=6 time=0.000442
t=6 s=1 time=0.000433
t=7 s=7 time=0.000316
t=7 s=3 time=0.000319
t=8 s=8 time=0.000356
t=8 s=4 time=0.00041
t=8 s=2 time=0.000395
t=9 s=9 time=0.000412
t=9 s=5 time=0.00033
t=9 s=2 time=0.000319
t=10 s=10 time=0.000333
t=10 s=6 time=0.000321
t=10 s=3 time=0.000374
t=11 s=11 time=0.000375
t=11 s=7 time=0.000356
t=11 s=3 time=0.000363
t=12 s=12 time=0.000348
t=12 s=8 time=0.000376
t=12 s=4 time=0.000443
t=12 s=2 time=0.0004
t=13 s=13 time=0.000414
t=13 s=9 time=0.000414
t=13 s=5 time=0.000387
t=13 s=4 time=0.000342
t=14 s=14 time=0.000313
t=14 s=10 time=0.000323
t=14 s=6 time=0.000356
t=14 s=5 time=0.000367
t=15 s=15 time=0.000315
t=15 s=11 time=0.000366
t=15 s=7 time=0.000491
t=15 s=3 time=0.000518
t=16 s=16 time=0.000386
t=16 s=12 time=0.000342
t=16 s=8 time=0.000366
t=16 s=6 time=0.000387
t=16 s=4 time=0.000393
t=16 s=0 time=0.000272
t=17 s=17 time=0.000311
t=17 s=13 time=0.00032
t=17 s=9 time=0.000383
t=17 s=5 time=0.000405
t=17 s=4 time=0.000399
t=17 s=1 time=0.000306
t=18 s=18 time=0.000317
t=18 s=14 time=0.000301
t=18 s=10 time=0.000348
t=18 s=6 time=0.000379
t=18 s=5 time=0.000401
t=18 s=4 time=0.000389
t=18 s=3 time=0.000347
t=18 s=2 time=0.000591
t=18 s=1 time=0.000331
t=19 s=19 time=0.000321
t=19 s=15 time=0.000299
t=19 s=11 time=0.000355
t=19 s=7 time=0.00051
t=19 s=5 time=0.000502
t=19 s=3 time=0.000356
t=20 s=20 time=0.000301
t=20 s=16 time=0.000315
t=20 s=12 time=0.000357
t=20 s=8 time=0.000538
t=20 s=6 time=0.000539
t=20 s=4 time=0.000506
t=20 s=2 time=0.000403
t=20 s=0 time=0.000387
t=21 s=21 time=0.000414
t=21 s=17 time=0.000415
t=21 s=13 time=0.000464
t=21 s=9 time=0.000503
t=21 s=6 time=0.000493
t=21 s=5 time=0.000616
t=21 s=4 time=0.000475
t=21 s=1 time=0.000391
t=22 s=22 time=0.000359
t=22 s=18 time=0.0004
t=22 s=14 time=0.000425
t=22 s=10 time=0.000597
t=22 s=7 time=0.000477
t=22 s=6 time=0.00059
t=22 s=2 time=0.00035
t=22 s=1 time=0.000332
t=23 s=23 time=0.000316
t=23 s=19 time=0.000328
t=23 s=15 time=0.000371
t=23 s=11 time=0.000541
t=23 s=7 time=0.001202
t=23 s=3 time=0.000641
t=24 s=24 time=0.000457
t=24 s=20 time=0.00039
t=24 s=16 time=0.000401
t=24 s=12 time=0.000603
t=24 s=8 time=0.000862
t=24 s=6 time=0.000694
t=24 s=5 time=0.000783
t=24 s=4 time=0.000842
t=24 s=2 time=0.000488
t=24 s=0 time=0.000332
t=25 s=25 time=0.000413
t=25 s=21 time=0.000402
t=25 s=17 time=0.000449
t=25 s=13 time=0.000718
t=25 s=9 time=0.00111
t=25 s=8 time=0.000574
t=25 s=5 time=0.000665
t=25 s=2 time=0.000434
t=25 s=1 time=0.000429
t=26 s=26 time=0.000365
t=26 s=22 time=0.000402
t=26 s=18 time=0.000522
t=26 s=14 time=0.000594
t=26 s=10 time=0.000889
t=26 s=9 time=0.000598
t=26 s=6 time=0.000727
t=26 s=3 time=0.001001
t=26 s=2 time=0.000572
t=26 s=1 time=0.000397
t=27 s=27 time=0.00036
t=27 s=23 time=0.000492
t=27 s=19 time=0.000541
t=27 s=15 time=0.000617
t=27 s=11 time=0.000908
t=27 s=7 time=0.001102
t=27 s=6 time=0.000599
t=27 s=5 time=0.000604
t=27 s=3 time=0.00074
t=27 s=2 time=0.000484
t=28 s=28 time=0.000364
t=28 s=24 time=0.000408
t=28 s=20 time=0.000434
t=28 s=16 time=0.000554
t=28 s=12 time=0.000852
t=28 s=10 time=0.000647
t=28 s=8 time=0.001086
t=28 s=4 time=0.001051
t=28 s=2 time=0.000528
t=29 s=29 time=0.000435
t=29 s=25 time=0.000417
t=29 s=21 time=0.000429
t=29 s=17 time=0.000542
t=29 s=13 time=0.000872
t=29 s=9 time=0.001079
t=29 s=8 time=0.000647
t=29 s=5 time=0.001178
t=29 s=4 time=0.000806
t=29 s=3 time=0.0007
t=29 s=1 time=0.000604
t=30 s=30 time=0.00054
t=30 s=26 time=0.000479
t=30 s=22 time=0.000469
t=30 s=18 time=0.000575
t=30 s=14 time=0.000955
t=30 s=10 time=0.001192
t=30 s=9 time=0.000815
t=30 s=8 time=0.000744
t=30 s=7 time=0.000648
t=30 s=6 time=0.00151
t=30 s=5 time=0.001047
t=30 s=2 time=0.000574
t=30 s=1 time=0.000474
t=31 s=31 time=0.000447
t=31 s=27 time=0.000477
t=31 s=23 time=0.000482
t=31 s=19 time=0.0006
t=31 s=15 time=0.00093
t=31 s=11 time=0.00138
t=31 s=9 time=0.0007
t=31 s=7 time=0.001328
t=31 s=3 time=0.001295
t=31 s=2 time=0.00056
t=32 s=32 time=0.000428
t=32 s=28 time=0.000436
t=32 s=24 time=0.000527
t=32 s=20 time=0.000691
t=32 s=16 time=0.000928
t=32 s=12 time=0.001323
t=32 s=10 time=0.000761
t=32 s=8 time=0.001504
t=32 s=6 time=0.000963
t=32 s=4 time=0.001414
t=32 s=2 time=0.000569
t=32 s=0 time=0.000364
t=33 s=33 time=0.00043
t=33 s=29 time=0.000417
t=33 s=25 time=0.000554
t=33 s=21 time=0.000682
t=33 s=17 time=0.001041
t=33 s=13 time=0.001463
t=33 s=10 time=0.000881
t=33 s=9 time=0.002101
t=33 s=8 time=0.000938
t=33 s=7 time=0.000785
t=33 s=6 time=0.000794
t=33 s=5 time=0.00149
t=33 s=4 time=0.00076
t=33 s=3 time=0.000604
t=33 s=2 time=0.000567
t=33 s=1 time=0.000619
t=34 s=34 time=0.00042
t=34 s=30 time=0.000415
t=34 s=26 time=0.000484
t=34 s=22 time=0.000645
t=34 s=18 time=0.001044
t=34 s=14 time=0.001429
t=34 s=11 time=0.000838
t=34 s=10 time=0.001812
t=34 s=6 time=0.001565
t=34 s=5 time=0.001101
t=34 s=4 time=0.000794
t=34 s=3 time=0.000811
t=34 s=2 time=0.00083
t=34 s=1 time=0.000554
t=35 s=35 time=0.000419
t=35 s=31 time=0.000439
t=35 s=27 time=0.000525
t=35 s=23 time=0.000621
t=35 s=19 time=0.000915
t=35 s=15 time=0.00133
t=35 s=11 time=0.001848
t=35 s=7 time=0.001841
t=35 s=5 time=0.000945
t=35 s=3 time=0.001426
t=35 s=2 time=0.0007
t=36 s=36 time=0.000452
t=36 s=32 time=0.000462
t=36 s=28 time=0.000488
t=36 s=24 time=0.000637
t=36 s=20 time=0.000906
t=36 s=16 time=0.001307
t=36 s=12 time=0.002006
t=36 s=10 time=0.001013
t=36 s=9 time=0.000932
t=36 s=8 time=0.001948
t=36 s=7 time=0.001101
t=36 s=6 time=0.001561
t=36 s=4 time=0.001804
t=36 s=2 time=0.000877
t=36 s=0 time=0.000429
t=37 s=37 time=0.000455
t=37 s=33 time=0.000457
t=37 s=29 time=0.000497
t=37 s=25 time=0.000687
t=37 s=21 time=0.001071
t=37 s=17 time=0.001659
t=37 s=13 time=0.001879
t=37 s=12 time=0.001031
t=37 s=9 time=0.001882
t=37 s=6 time=0.001284
t=37 s=5 time=0.001994
t=37 s=4 time=0.001287
t=37 s=3 time=0.000826
t=37 s=1 time=0.000679
t=38 s=38 time=0.00053
t=38 s=34 time=0.000538
t=38 s=30 time=0.00062
t=38 s=26 time=0.000754
t=38 s=22 time=0.000968
t=38 s=18 time=0.001658
t=38 s=14 time=0.001866
t=38 s=13 time=0.001071
t=38 s=10 time=0.002033
t=38 s=7 time=0.001733
t=38 s=6 time=0.002153
t=38 s=5 time=0.001177
t=38 s=2 time=0.00091
t=38 s=1 time=0.000691
t=39 s=39 time=0.000493
t=39 s=35 time=0.000498
t=39 s=31 time=0.000589
t=39 s=27 time=0.000727
t=39 s=23 time=0.000996
t=39 s=19 time=0.00139
t=39 s=15 time=0.002169
t=39 s=11 time=0.002137
t=39 s=10 time=0.001409
t=39 s=9 time=0.001166
t=39 s=8 time=0.001265
t=39 s=7 time=0.002308
t=39 s=6 time=0.00138
t=39 s=3 time=0.001843
t=39 s=2 time=0.00084
t=40 s=40 time=0.000553
t=40 s=36 time=0.00074
t=40 s=32 time=0.00057
t=40 s=28 time=0.000775
t=40 s=24 time=0.001112
t=40 s=20 time=0.001514
t=40 s=16 time=0.001937
t=40 s=14 time=0.00117
t=40 s=12 time=0.002284
t=40 s=8 time=0.002605
t=40 s=6 time=0.002338
t=40 s=5 time=0.001426
t=40 s=4 time=0.002213
t=40 s=2 time=0.001113
t=40 s=0 time=0.000558
t=41 s=41 time=0.000621
t=41 s=37 time=0.000717
t=41 s=33 time=0.000761
t=41 s=29 time=0.000873
t=41 s=25 time=0.001324
t=41 s=21 time=0.001988
t=41 s=17 time=0.002172
t=41 s=13 time=0.002488
t=41 s=12 time=0.001822
t=41 s=9 time=0.0026
t=41 s=8 time=0.002184
t=41 s=7 time=0.001545
t=41 s=5 time=0.002196
t=41 s=4 time=0.001293
t=41 s=3 time=0.001035
t=41 s=2 time=0.001058
t=41 s=1 time=0.001318
t=42 s=42 time=0.000651
t=42 s=38 time=0.000614
t=42 s=34 time=0.000685
t=42 s=30 time=0.000818
t=42 s=26 time=0.001143
t=42 s=22 time=0.001492
t=42 s=18 time=0.002009
t=42 s=14 time=0.002531
t=42 s=13 time=0.001574
t=42 s=12 time=0.001403
t=42 s=11 time=0.001369
t=42 s=10 time=0.002458
t=42 s=9 time=0.00243
t=42 s=8 time=0.001722
t=42 s=7 time=0.001598
t=42 s=6 time=0.002437
t=42 s=5 time=0.001623
t=42 s=4 time=0.001309
t=42 s=3 time=0.001601
t=42 s=2 time=0.001814
t=42 s=1 time=0.000985
t=43 s=43 time=0.000675
t=43 s=39 time=0.000706
t=43 s=35 time=0.000986
t=43 s=31 time=0.000976
t=43 s=27 time=0.001188
t=43 s=23 time=0.001668
t=43 s=19 time=0.002257
t=43 s=15 time=0.002428
t=43 s=13 time=0.001539
t=43 s=11 time=0.002683
t=43 s=7 time=0.002961
t=43 s=6 time=0.002255
t=43 s=5 time=0.001927
t=43 s=3 time=0.002128
t=43 s=2 time=0.001266
t=44 s=44 time=0.000718
t=44 s=40 time=0.000709
t=44 s=36 time=0.000756
t=44 s=32 time=0.000945
t=44 s=28 time=0.001216
t=44 s=24 time=0.001603
t=44 s=20 time=0.002119
t=44 s=16 time=0.002327
t=44 s=14 time=0.001901
t=44 s=12 time=0.002705
t=44 s=10 time=0.002328
t=44 s=8 time=0.002938
t=44 s=6 time=0.001847
t=44 s=4 time=0.002419
t=44 s=2 time=0.001743
t=44 s=0 time=0.00077
t=45 s=45 time=0.001101
t=45 s=41 time=0.000964
t=45 s=37 time=0.000846
t=45 s=33 time=0.000981
t=45 s=29 time=0.00122
t=45 s=25 time=0.001691
t=45 s=21 time=0.002179
t=45 s=17 time=0.002647
t=45 s=14 time=0.001791
t=45 s=13 time=0.002706
t=45 s=12 time=0.001951
t=45 s=11 time=0.001888
t=45 s=10 time=0.002122
t=45 s=9 time=0.003143
t=45 s=8 time=0.002834
t=45 s=7 time=0.002067
t=45 s=6 time=0.001847
t=45 s=5 time=0.002949
t=45 s=4 time=0.002535
t=45 s=3 time=0.001924
t=45 s=1 time=0.001353
t=46 s=46 time=0.000898
t=46 s=42 time=0.00086
t=46 s=38 time=0.001
t=46 s=34 time=0.001064
t=46 s=30 time=0.001308
t=46 s=26 time=0.001707
t=46 s=22 time=0.002237
t=46 s=18 time=0.002519
t=46 s=15 time=0.001893
t=46 s=14 time=0.002911
t=46 s=10 time=0.003343
t=46 s=9 time=0.002992
t=46 s=8 time=0.00284
t=46 s=7 time=0.003026
t=46 s=6 time=0.003174
t=46 s=5 time=0.002743
t=46 s=2 time=0.002387
t=46 s=1 time=0.001373
t=47 s=47 time=0.001061
t=47 s=43 time=0.001048
t=47 s=39 time=0.001154
t=47 s=35 time=0.001266
t=47 s=31 time=0.001512
t=47 s=27 time=0.001836
t=47 s=23 time=0.002343
t=47 s=19 time=0.002621
t=47 s=15 time=0.003262
t=47 s=11 time=0.00352
t=47 s=9 time=0.003226
t=47 s=7 time=0.003571
t=47 s=6 time=0.002448
t=47 s=3 time=0.002582
t=47 s=2 time=0.001837
t=48 s=48 time=0.001028
t=48 s=44 time=0.001028
t=48 s=40 time=0.001013
t=48 s=36 time=0.001197
t=48 s=32 time=0.001487
t=48 s=28 time=0.001879
t=48 s=24 time=0.002445
t=48 s=20 time=0.002842
t=48 s=16 time=0.003377
t=48 s=14 time=0.002341
t=48 s=13 time=0.0024
t=48 s=12 time=0.003744
t=48 s=11 time=0.002812
t=48 s=10 time=0.003254
t=48 s=9 time=0.002744
t=48 s=8 time=0.003929
t=48 s=6 time=0.003315
t=48 s=5 time=0.00255
t=48 s=4 time=0.003501
t=48 s=2 time=0.001902
t=48 s=0 time=0.001152
t=49 s=49 time=0.001158
t=49 s=45 time=0.001135
t=49 s=41 time=0.001186
t=49 s=37 time=0.001409
t=49 s=33 time=0.001693
t=49 s=29 time=0.002608
t=49 s=25 time=0.0026
t=49 s=21 time=0.00282
t=49 s=17 time=0.003356
t=49 s=16 time=0.002481
t=49 s=13 time=0.003686
t=49 s=10 time=0.00336
t=49 s=9 time=0.004304
t=49 s=8 time=0.003576
t=49 s=7 time=0.003659
t=49 s=6 time=0.002871
t=49 s=5 time=0.003606
t=49 s=4 time=0.003054
t=49 s=3 time=0.002494
t=49 s=2 time=0.00212
t=49 s=1 time=0.002733
t=49 s=0 time=0.00134
t=50 s=50 time=0.001308
t=50 s=46 time=0.001274
t=50 s=42 time=0.001344
t=50 s=38 time=0.001492
t=50 s=34 time=0.001723
t=50 s=30 time=0.00213
t=50 s=26 time=0.002681
t=50 s=22 time=0.003155
t=50 s=18 time=0.003779
t=50 s=17 time=0.00274
t=50 s=14 time=0.003929
t=50 s=11 time=0.003587
t=50 s=10 time=0.004522
t=50 s=9 time=0.00353
t=50 s=6 time=0.003954
t=50 s=5 time=0.003497
t=50 s=4 time=0.003277
t=50 s=3 time=0.003259
t=50 s=2 time=0.003261
t=50 s=1 time=0.002889
t=51 s=51 time=0.001535
t=51 s=47 time=0.00149
t=51 s=43 time=0.001504
t=51 s=39 time=0.001585
t=51 s=35 time=0.001968
t=51 s=31 time=0.002516
t=51 s=27 time=0.002941
t=51 s=23 time=0.003206
t=51 s=19 time=0.003965
t=51 s=15 time=0.004502
t=51 s=14 time=0.003477
t=51 s=13 time=0.003195
t=51 s=12 time=0.00343
t=51 s=11 time=0.005073
t=51 s=10 time=0.004438
t=51 s=9 time=0.0038
t=51 s=7 time=0.004892
t=51 s=6 time=0.004278
t=51 s=5 time=0.00407
t=51 s=4 time=0.003123
t=51 s=3 time=0.003691
t=51 s=2 time=0.00334
t=51 s=1 time=0.001995
t=52 s=52 time=0.001748
t=52 s=48 time=0.001735
t=52 s=44 time=0.001766
t=52 s=40 time=0.001874
t=52 s=36 time=0.002104
t=52 s=32 time=0.002561
t=52 s=28 time=0.003168
t=52 s=24 time=0.00346
t=52 s=20 time=0.004168
t=52 s=18 time=0.002973
t=52 s=16 time=0.004503
t=52 s=12 time=0.005521
t=52 s=10 time=0.005054
t=52 s=9 time=0.00452
t=52 s=8 time=0.00603
t=52 s=7 time=0.004204
t=52 s=6 time=0.004213
t=52 s=4 time=0.004483
t=52 s=2 time=0.003717
t=52 s=0 time=0.002051
t=53 s=53 time=0.001958
t=53 s=49 time=0.001922
t=53 s=45 time=0.001862
t=53 s=41 time=0.001931
t=53 s=37 time=0.002257
t=53 s=33 time=0.002683
t=53 s=29 time=0.003267
t=53 s=25 time=0.003536
t=53 s=21 time=0.004127
t=53 s=17 time=0.004703
t=53 s=16 time=0.003719
t=53 s=13 time=0.005676
t=53 s=12 time=0.004848
t=53 s=11 time=0.004734
t=53 s=9 time=0.005873
t=53 s=8 time=0.004768
t=53 s=7 time=0.004426
t=53 s=6 time=0.004508
t=53 s=5 time=0.005403
t=53 s=4 time=0.004588
t=53 s=3 time=0.004365
t=53 s=1 time=0.00359
t=54 s=54 time=0.002189
t=54 s=50 time=0.002113
t=54 s=46 time=0.00202
t=54 s=42 time=0.002116
t=54 s=38 time=0.002421
t=54 s=34 time=0.003424
t=54 s=30 time=0.003447
t=54 s=26 time=0.003823
t=54 s=22 time=0.004343
t=54 s=18 time=0.00529
t=54 s=17 time=0.004371
t=54 s=16 time=0.004155
t=54 s=15 time=0.004428
t=54 s=14 time=0.006101
t=54 s=13 time=0.005208
t=54 s=12 time=0.004694
t=54 s=11 time=0.004801
t=54 s=10 time=0.006769
t=54 s=9 time=0.005783
t=54 s=8 time=0.005155
t=54 s=7 time=0.004939
t=54 s=6 time=0.006193
t=54 s=5 time=0.005186
t=54 s=2 time=0.004093
t=54 s=1 time=0.003375
t=55 s=55 time=0.002451
t=55 s=51 time=0.002211
t=55 s=47 time=0.002315
t=55 s=43 time=0.002381
t=55 s=39 time=0.00266
t=55 s=35 time=0.003051
t=55 s=31 time=0.003588
t=55 s=27 time=0.003959
t=55 s=23 time=0.004702
t=55 s=19 time=0.005234
t=55 s=17 time=0.004271
t=55 s=15 time=0.006264
t=55 s=11 time=0.007374
t=55 s=10 time=0.006006
t=55 s=9 time=0.005718
t=55 s=8 time=0.005388
t=55 s=7 time=0.007499
t=55 s=6 time=0.005956
t=55 s=3 time=0.0052
t=55 s=2 time=0.004494
t=55 s=1 time=0.003042
t=56 s=56 time=0.002563
t=56 s=52 time=0.002501
t=56 s=48 time=0.002527
t=56 s=44 time=0.002695
t=56 s=40 time=0.002953
t=56 s=36 time=0.003546
t=56 s=32 time=0.00404
t=56 s=28 time=0.00486
t=56 s=24 time=0.005049
t=56 s=20 time=0.005864
t=56 s=18 time=0.004965
t=56 s=16 time=0.006901
t=56 s=14 time=0.006469
t=56 s=12 time=0.008266
t=56 s=10 time=0.006547
t=56 s=8 time=0.008545
t=56 s=6 time=0.00669
t=56 s=5 time=0.006525
t=56 s=4 time=0.007318
t=56 s=2 time=0.005197
t=56 s=0 time=0.003213
t=57 s=57 time=0.00295
t=57 s=53 time=0.003288
t=57 s=49 time=0.003152
t=57 s=45 time=0.003227
t=57 s=41 time=0.003507
t=57 s=37 time=0.00411
t=57 s=33 time=0.004861
t=57 s=29 time=0.005135
t=57 s=25 time=0.005675
t=57 s=21 time=0.006268
t=57 s=18 time=0.005232
t=57 s=17 time=0.007451
t=57 s=16 time=0.006694
t=57 s=15 time=0.006443
t=57 s=14 time=0.006421
t=57 s=13 time=0.008853
t=57 s=12 time=0.007587
t=57 s=11 time=0.007237
t=57 s=10 time=0.006898
t=57 s=9 time=0.009287
t=57 s=8 time=0.007808
t=57 s=7 time=0.007803
t=57 s=6 time=0.00691
t=57 s=5 time=0.008081
t=57 s=4 time=0.006642
t=57 s=3 time=0.006058
t=57 s=2 time=0.005347
t=57 s=1 time=0.00528
t=58 s=58 time=0.003679
t=58 s=54 time=0.003545
t=58 s=50 time=0.003559
t=58 s=46 time=0.003744
t=58 s=42 time=0.004003
t=58 s=38 time=0.004628
t=58 s=34 time=0.004933
t=58 s=30 time=0.00533
t=58 s=26 time=0.005897
t=58 s=22 time=0.006644
t=58 s=19 time=0.005612
t=58 s=18 time=0.007862
t=58 s=14 time=0.009045
t=58 s=13 time=0.007826
t=58 s=12 time=0.007602
t=58 s=11 time=0.007756
t=58 s=10 time=0.010661
t=58 s=9 time=0.008953
t=58 s=8 time=0.008223
t=58 s=7 time=0.00774
t=58 s=6 time=0.009017
t=58 s=5 time=0.007425
t=58 s=4 time=0.006964
t=58 s=3 time=0.006965
t=58 s=2 time=0.006514
t=58 s=1 time=0.005406
t=58 s=0 time=0.004085
t=59 s=59 time=0.00473
t=59 s=55 time=0.004235
t=59 s=51 time=0.004332
t=59 s=47 time=0.00452
t=59 s=43 time=0.004595
t=59 s=39 time=0.00486
t=59 s=35 time=0.005437
t=59 s=31 time=0.005997
t=59 s=27 time=0.006404
t=59 s=23 time=0.007265
t=59 s=19 time=0.008478
t=59 s=15 time=0.009775
t=59 s=13 time=0.008472
t=59 s=11 time=0.011591
t=59 s=10 time=0.009241
t=59 s=7 time=0.011037
t=59 s=6 time=0.009152
t=59 s=5 time=0.008437
t=59 s=3 time=0.007965
t=59 s=2 time=0.006707
t=60 s=60 time=0.004931
t=60 s=56 time=0.004618
t=60 s=52 time=0.004533
t=60 s=48 time=0.005004
t=60 s=44 time=0.005362
t=60 s=40 time=0.005567
t=60 s=36 time=0.006121
t=60 s=32 time=0.006682
t=60 s=28 time=0.006918
t=60 s=24 time=0.008086
t=60 s=20 time=0.00957
t=60 s=18 time=0.008165
t=60 s=17 time=0.007819
t=60 s=16 time=0.010995
t=60 s=15 time=0.009663
t=60 s=14 time=0.009276
t=60 s=13 time=0.008931
t=60 s=12 time=0.013013
t=60 s=11 time=0.010608
t=60 s=10 time=0.010299
t=60 s=9 time=0.009618
t=60 s=8 time=0.013257
t=60 s=7 time=0.01046
t=60 s=6 time=0.009979
t=60 s=4 time=0.010353
t=60 s=2 time=0.00787
t=60 s=0 time=0.005239
[38;2;000;128;000mTime: 1.86706s (2025-08-28 09:18:55)
[0m
[38;2;200;255;255mFile: [0m
/Users/es2483/apps/sseqcpp_8_25/SSeqCpp/Adams/../include/algebras/myio.h(79:90)
[38;2;200;255;255mFunction: [0m
``:
[38;2;200;255;255mError: [0m
File cnu_mo8_Adams_res.db does not exist.


[38;2;200;255;255mFile: [0m
/Users/es2483/apps/sseqcpp_8_25/SSeqCpp/Adams/../include/algebras/myio.h(79:90)
[38;2;200;255;255mFunction: [0m
``:
[38;2;200;255;255mError: [0m
File cnu_mo8_Adams_res.db does not exist.


[38;2;200;255;255mFile: [0m
/Users/es2483/apps/sseqcpp_8_25/SSeqCpp/Adams/../include/algebras/myio.h(79:90)
[38;2;200;255;255mFunction: [0m
``:
[38;2;200;255;255mError: [0m
File cnu_mo8_Adams_res.db does not exist.


[38;2;200;255;255mFile: [0m
/Users/es2483/apps/sseqcpp_8_25/SSeqCpp/Adams/../include/algebras/myio.h(79:90)
[38;2;200;255;255mFunction: [0m
``:
[38;2;200;255;255mError: [0m
File cnu_mo8_Adams_res.db does not exist.

