t=5 s=1 threadsLeft=0
  t=5 time=0.000359
t=6 s=2 threadsLeft=1
t=6 s=1 threadsLeft=0
  t=6 time=0.000429
t=7 s=3 threadsLeft=0
  t=7 time=0.000344
t=8 s=4 threadsLeft=2
t=8 s=2 threadsLeft=1
t=8 s=1 threadsLeft=0
  t=8 time=0.000312
t=9 s=5 threadsLeft=1
t=9 s=2 threadsLeft=0
  t=9 time=0.000296
t=10 s=6 threadsLeft=1
t=10 s=3 threadsLeft=0
  t=10 time=0.000276
t=11 s=7 threadsLeft=0
  t=11 time=0.000281
t=12 s=8 threadsLeft=2
t=12 s=2 threadsLeft=1
t=12 s=1 threadsLeft=0
  t=12 time=0.000358
t=13 s=9 threadsLeft=1
t=13 s=2 threadsLeft=0
  t=13 time=0.000314
t=14 s=10 threadsLeft=2
t=14 s=3 threadsLeft=1
t=14 s=2 threadsLeft=0
  t=14 time=0.000354
t=15 s=11 threadsLeft=2
t=15 s=4 threadsLeft=1
t=15 s=3 threadsLeft=0
  t=15 time=0.000349
t=16 s=12 threadsLeft=1
t=16 s=3 threadsLeft=0
  t=16 time=0.000294
t=17 s=13 threadsLeft=1
t=17 s=4 threadsLeft=0
  t=17 time=0.000273
t=18 s=14 threadsLeft=1
t=18 s=5 threadsLeft=0
  t=18 time=0.000274
t=19 s=15 threadsLeft=0
  t=19 time=0.000254
t=20 s=16 threadsLeft=4
t=20 s=6 threadsLeft=3
t=20 s=5 threadsLeft=2
t=20 s=2 threadsLeft=1
t=20 s=1 threadsLeft=0
  t=20 time=0.000322
t=21 s=17 threadsLeft=3
t=21 s=6 threadsLeft=2
t=21 s=3 threadsLeft=1
t=21 s=2 threadsLeft=0
  t=21 time=0.000329
t=22 s=18 threadsLeft=4
t=22 s=7 threadsLeft=3
t=22 s=4 threadsLeft=2
t=22 s=3 threadsLeft=1
t=22 s=2 threadsLeft=0
  t=22 time=0.00034
t=23 s=19 threadsLeft=2
t=23 s=5 threadsLeft=1
t=23 s=4 threadsLeft=0
  t=23 time=0.000386
t=24 s=20 threadsLeft=5
t=24 s=6 threadsLeft=4
t=24 s=5 threadsLeft=3
t=24 s=5 threadsLeft=2
t=24 s=2 threadsLeft=1
t=24 s=3 threadsLeft=0
  t=24 time=0.000516
t=25 s=21 threadsLeft=3
t=25 s=6 threadsLeft=2
t=25 s=4 threadsLeft=1
t=25 s=3 threadsLeft=0
  t=25 time=0.000447
t=26 s=22 threadsLeft=6
t=26 s=7 threadsLeft=5
t=26 s=6 threadsLeft=4
t=26 s=5 threadsLeft=3
t=26 s=4 threadsLeft=2
t=26 s=4 threadsLeft=1
t=26 s=3 threadsLeft=0
  t=26 time=0.000544
t=27 s=23 threadsLeft=4
t=27 s=8 threadsLeft=3
t=27 s=7 threadsLeft=2
t=27 s=6 threadsLeft=1
t=27 s=5 threadsLeft=0
  t=27 time=0.000496
t=28 s=24 threadsLeft=3
t=28 s=7 threadsLeft=2
t=28 s=4 threadsLeft=1
t=28 s=3 threadsLeft=0
  t=28 time=0.000447
t=29 s=25 threadsLeft=2
t=29 s=8 threadsLeft=1
t=29 s=5 threadsLeft=0
  t=29 time=0.000402
t=30 s=26 threadsLeft=4
t=30 s=9 threadsLeft=3
t=30 s=6 threadsLeft=2
t=30 s=5 threadsLeft=1
t=30 s=4 threadsLeft=0
  t=30 time=0.000512
t=31 s=27 threadsLeft=1
t=31 s=4 threadsLeft=0
  t=31 time=0.000404
t=32 s=28 threadsLeft=3
t=32 s=10 threadsLeft=2
t=32 s=9 threadsLeft=1
t=32 s=5 threadsLeft=0
  t=32 time=0.000379
t=33 s=29 threadsLeft=3
t=33 s=10 threadsLeft=2
t=33 s=6 threadsLeft=1
t=33 s=5 threadsLeft=0
  t=33 time=0.000436
t=34 s=30 threadsLeft=3
t=34 s=11 threadsLeft=2
t=34 s=8 threadsLeft=1
t=34 s=7 threadsLeft=0
  t=34 time=0.000402
t=35 s=31 threadsLeft=2
t=35 s=9 threadsLeft=1
t=35 s=8 threadsLeft=0
  t=35 time=0.000332
t=36 s=32 threadsLeft=6
t=36 s=10 threadsLeft=5
t=36 s=9 threadsLeft=4
t=36 s=9 threadsLeft=3
t=36 s=1 threadsLeft=2
t=36 s=2 threadsLeft=1
t=36 s=6 threadsLeft=0
  t=36 time=0.000595
t=37 s=33 threadsLeft=5
t=37 s=10 threadsLeft=4
t=37 s=8 threadsLeft=3
t=37 s=7 threadsLeft=2
t=37 s=2 threadsLeft=1
t=37 s=3 threadsLeft=0
  t=37 time=0.000706
t=38 s=34 threadsLeft=8
t=38 s=11 threadsLeft=7
t=38 s=10 threadsLeft=6
t=38 s=9 threadsLeft=5
t=38 s=8 threadsLeft=4
t=38 s=2 threadsLeft=3
t=38 s=4 threadsLeft=2
t=38 s=3 threadsLeft=1
t=38 s=3 threadsLeft=0
  t=38 time=0.001011
t=39 s=35 threadsLeft=6
t=39 s=12 threadsLeft=5
t=39 s=11 threadsLeft=4
t=39 s=10 threadsLeft=3
t=39 s=9 threadsLeft=2
t=39 s=4 threadsLeft=1
t=39 s=5 threadsLeft=0
  t=39 time=0.000748
t=40 s=36 threadsLeft=9
t=40 s=11 threadsLeft=8
t=40 s=8 threadsLeft=7
t=40 s=7 threadsLeft=6
t=40 s=6 threadsLeft=5
t=40 s=5 threadsLeft=4
t=40 s=2 threadsLeft=3
t=40 s=3 threadsLeft=2
t=40 s=5 threadsLeft=1
t=40 s=4 threadsLeft=0
  t=40 time=0.000859
t=41 s=37 threadsLeft=7
t=41 s=12 threadsLeft=6
t=41 s=9 threadsLeft=5
t=41 s=8 threadsLeft=4
t=41 s=6 threadsLeft=3
t=41 s=7 threadsLeft=2
t=41 s=3 threadsLeft=1
t=41 s=4 threadsLeft=0
  t=41 time=0.000967
t=42 s=38 threadsLeft=8
t=42 s=13 threadsLeft=7
t=42 s=10 threadsLeft=6
t=42 s=9 threadsLeft=5
t=42 s=7 threadsLeft=4
t=42 s=8 threadsLeft=3
t=42 s=6 threadsLeft=2
t=42 s=5 threadsLeft=1
t=42 s=4 threadsLeft=0
  t=42 time=0.000881
[38;2;000;128;000mTime: 0.753303s (2025-04-07 00:44:24)
[0mt=5 s=1 threadsLeft=0
  t=5 time=0.000328
t=6 s=2 threadsLeft=1
t=6 s=1 threadsLeft=0
  t=6 time=0.000375
t=7 s=3 threadsLeft=0
  t=7 time=0.000288
t=8 s=4 threadsLeft=2
t=8 s=2 threadsLeft=1
t=8 s=1 threadsLeft=0
  t=8 time=0.000386
t=9 s=5 threadsLeft=1
t=9 s=2 threadsLeft=0
  t=9 time=0.000302
t=10 s=6 threadsLeft=1
t=10 s=3 threadsLeft=0
  t=10 time=0.000291
t=11 s=7 threadsLeft=0
  t=11 time=0.000244
t=12 s=8 threadsLeft=2
t=12 s=2 threadsLeft=1
t=12 s=1 threadsLeft=0
  t=12 time=0.000372
t=13 s=9 threadsLeft=1
t=13 s=2 threadsLeft=0
  t=13 time=0.000423
t=14 s=10 threadsLeft=2
t=14 s=3 threadsLeft=1
t=14 s=2 threadsLeft=0
  t=14 time=0.000398
t=15 s=11 threadsLeft=2
t=15 s=4 threadsLeft=1
t=15 s=3 threadsLeft=0
  t=15 time=0.000482
t=16 s=12 threadsLeft=1
t=16 s=3 threadsLeft=0
  t=16 time=0.000376
t=17 s=13 threadsLeft=1
t=17 s=4 threadsLeft=0
  t=17 time=0.000406
t=18 s=14 threadsLeft=1
t=18 s=5 threadsLeft=0
  t=18 time=0.000387
t=19 s=15 threadsLeft=0
  t=19 time=0.000369
t=20 s=16 threadsLeft=4
t=20 s=6 threadsLeft=3
t=20 s=5 threadsLeft=2
t=20 s=1 threadsLeft=1
t=20 s=2 threadsLeft=0
  t=20 time=0.000515
t=21 s=17 threadsLeft=3
t=21 s=6 threadsLeft=2
t=21 s=3 threadsLeft=1
t=21 s=2 threadsLeft=0
  t=21 time=0.000481
t=22 s=18 threadsLeft=4
t=22 s=7 threadsLeft=3
t=22 s=4 threadsLeft=2
t=22 s=2 threadsLeft=1
t=22 s=3 threadsLeft=0
  t=22 time=0.0005
t=23 s=19 threadsLeft=2
t=23 s=5 threadsLeft=1
t=23 s=4 threadsLeft=0
  t=23 time=0.00046
t=24 s=20 threadsLeft=5
t=24 s=6 threadsLeft=4
t=24 s=5 threadsLeft=3
t=24 s=5 threadsLeft=2
t=24 s=3 threadsLeft=1
t=24 s=2 threadsLeft=0
  t=24 time=0.000543
t=25 s=21 threadsLeft=3
t=25 s=4 threadsLeft=2
t=25 s=6 threadsLeft=1
t=25 s=3 threadsLeft=0
  t=25 time=0.000513
t=26 s=22 threadsLeft=6
t=26 s=7 threadsLeft=5
t=26 s=6 threadsLeft=4
t=26 s=4 threadsLeft=3
t=26 s=5 threadsLeft=2
t=26 s=4 threadsLeft=1
t=26 s=3 threadsLeft=0
  t=26 time=0.000593
t=27 s=23 threadsLeft=4
t=27 s=8 threadsLeft=3
t=27 s=6 threadsLeft=2
t=27 s=5 threadsLeft=1
t=27 s=7 threadsLeft=0
  t=27 time=0.000551
t=28 s=24 threadsLeft=3
t=28 s=7 threadsLeft=2
t=28 s=4 threadsLeft=1
t=28 s=3 threadsLeft=0
  t=28 time=0.000544
t=29 s=25 threadsLeft=2
t=29 s=8 threadsLeft=1
t=29 s=5 threadsLeft=0
  t=29 time=0.000469
t=30 s=26 threadsLeft=4
t=30 s=9 threadsLeft=3
t=30 s=6 threadsLeft=2
t=30 s=4 threadsLeft=1
t=30 s=5 threadsLeft=0
  t=30 time=0.000637
t=31 s=27 threadsLeft=1
t=31 s=4 threadsLeft=0
  t=31 time=0.000587
t=32 s=28 threadsLeft=3
t=32 s=10 threadsLeft=2
t=32 s=9 threadsLeft=1
t=32 s=5 threadsLeft=0
  t=32 time=0.000519
t=33 s=29 threadsLeft=3
t=33 s=10 threadsLeft=2
t=33 s=6 threadsLeft=1
t=33 s=5 threadsLeft=0
  t=33 time=0.000564
t=34 s=30 threadsLeft=3
t=34 s=11 threadsLeft=2
t=34 s=8 threadsLeft=1
t=34 s=7 threadsLeft=0
  t=34 time=0.000489
t=35 s=31 threadsLeft=2
t=35 s=9 threadsLeft=1
t=35 s=8 threadsLeft=0
  t=35 time=0.00046
t=36 s=32 threadsLeft=6
t=36 s=10 threadsLeft=5
t=36 s=9 threadsLeft=4
t=36 s=9 threadsLeft=3
t=36 s=2 threadsLeft=2
t=36 s=1 threadsLeft=1
t=36 s=6 threadsLeft=0
  t=36 time=0.000651
t=37 s=33 threadsLeft=5
t=37 s=10 threadsLeft=4
t=37 s=8 threadsLeft=3
t=37 s=2 threadsLeft=2
t=37 s=7 threadsLeft=1
t=37 s=3 threadsLeft=0
  t=37 time=0.000965
t=38 s=34 threadsLeft=8
t=38 s=11 threadsLeft=7
t=38 s=10 threadsLeft=6
t=38 s=8 threadsLeft=5
t=38 s=9 threadsLeft=4
t=38 s=3 threadsLeft=3
t=38 s=2 threadsLeft=2
t=38 s=4 threadsLeft=1
t=38 s=3 threadsLeft=0
  t=38 time=0.001272
t=39 s=35 threadsLeft=6
t=39 s=12 threadsLeft=5
t=39 s=10 threadsLeft=4
t=39 s=9 threadsLeft=3
t=39 s=11 threadsLeft=2
t=39 s=4 threadsLeft=1
t=39 s=5 threadsLeft=0
  t=39 time=0.000868
t=40 s=36 threadsLeft=9
t=40 s=11 threadsLeft=8
t=40 s=8 threadsLeft=7
t=40 s=6 threadsLeft=6
t=40 s=5 threadsLeft=5
t=40 s=7 threadsLeft=4
t=40 s=5 threadsLeft=3
t=40 s=2 threadsLeft=2
t=40 s=3 threadsLeft=1
t=40 s=4 threadsLeft=0
  t=40 time=0.000846
t=41 s=37 threadsLeft=7
t=41 s=12 threadsLeft=6
t=41 s=9 threadsLeft=5
t=41 s=8 threadsLeft=4
t=41 s=6 threadsLeft=3
t=41 s=7 threadsLeft=2
t=41 s=3 threadsLeft=1
t=41 s=4 threadsLeft=0
  t=41 time=0.000971
t=42 s=38 threadsLeft=8
t=42 s=13 threadsLeft=7
t=42 s=10 threadsLeft=6
t=42 s=9 threadsLeft=5
t=42 s=7 threadsLeft=4
t=42 s=8 threadsLeft=3
t=42 s=6 threadsLeft=2
t=42 s=5 threadsLeft=1
t=42 s=4 threadsLeft=0
  t=42 time=0.000804
t=43 s=39 threadsLeft=4
t=43 s=8 threadsLeft=3
t=43 s=9 threadsLeft=2
t=43 s=8 threadsLeft=1
t=43 s=7 threadsLeft=0
  t=43 time=0.000532
t=44 s=40 threadsLeft=11
t=44 s=14 threadsLeft=10
t=44 s=13 threadsLeft=9
t=44 s=10 threadsLeft=8
t=44 s=9 threadsLeft=7
t=44 s=9 threadsLeft=6
t=44 s=8 threadsLeft=5
t=44 s=7 threadsLeft=4
t=44 s=2 threadsLeft=3
t=44 s=6 threadsLeft=2
t=44 s=3 threadsLeft=1
t=44 s=5 threadsLeft=0
  t=44 time=0.001041
t=45 s=41 threadsLeft=6
t=45 s=14 threadsLeft=5
t=45 s=10 threadsLeft=4
t=45 s=11 threadsLeft=3
t=45 s=10 threadsLeft=2
t=45 s=9 threadsLeft=1
t=45 s=3 threadsLeft=0
  t=45 time=0.001444
t=46 s=42 threadsLeft=10
t=46 s=15 threadsLeft=9
t=46 s=12 threadsLeft=8
t=46 s=7 threadsLeft=7
t=46 s=11 threadsLeft=6
t=46 s=8 threadsLeft=5
t=46 s=6 threadsLeft=4
t=46 s=5 threadsLeft=3
t=46 s=3 threadsLeft=2
t=46 s=4 threadsLeft=1
t=46 s=4 threadsLeft=0
  t=46 time=0.002006
t=47 s=43 threadsLeft=7
t=47 s=13 threadsLeft=6
t=47 s=12 threadsLeft=5
t=47 s=9 threadsLeft=4
t=47 s=8 threadsLeft=3
t=47 s=4 threadsLeft=2
t=47 s=6 threadsLeft=1
t=47 s=5 threadsLeft=0
  t=47 time=0.001588
t=48 s=44 threadsLeft=13
t=48 s=14 threadsLeft=12
t=48 s=13 threadsLeft=11
t=48 s=13 threadsLeft=10
t=48 s=10 threadsLeft=9
t=48 s=9 threadsLeft=8
t=48 s=7 threadsLeft=7
t=48 s=6 threadsLeft=6
t=48 s=7 threadsLeft=5
t=48 s=6 threadsLeft=4
t=48 s=5 threadsLeft=3
t=48 s=3 threadsLeft=2
t=48 s=4 threadsLeft=1
t=48 s=4 threadsLeft=0
  t=48 time=0.002321
t=49 s=45 threadsLeft=9
t=49 s=14 threadsLeft=8
t=49 s=12 threadsLeft=7
t=49 s=11 threadsLeft=6
t=49 s=8 threadsLeft=5
t=49 s=8 threadsLeft=4
t=49 s=7 threadsLeft=3
t=49 s=5 threadsLeft=2
t=49 s=5 threadsLeft=1
t=49 s=4 threadsLeft=0
  t=49 time=0.002087
t=50 s=46 threadsLeft=10
t=50 s=15 threadsLeft=9
t=50 s=14 threadsLeft=8
t=50 s=13 threadsLeft=7
t=50 s=12 threadsLeft=6
t=50 s=9 threadsLeft=5
t=50 s=8 threadsLeft=4
t=50 s=7 threadsLeft=3
t=50 s=6 threadsLeft=2
t=50 s=5 threadsLeft=1
t=50 s=6 threadsLeft=0
  t=50 time=0.001832
[38;2;000;128;000mTime: 0.782991s (2025-04-13 18:31:28)
[0mt=5 s=1 threadsLeft=0
  t=5 time=0.000403
t=6 s=2 threadsLeft=1
t=6 s=1 threadsLeft=0
  t=6 time=0.000454
t=7 s=3 threadsLeft=0
  t=7 time=0.000351
t=8 s=4 threadsLeft=2
t=8 s=2 threadsLeft=1
t=8 s=1 threadsLeft=0
  t=8 time=0.000388
t=9 s=5 threadsLeft=1
t=9 s=2 threadsLeft=0
  t=9 time=0.000357
t=10 s=6 threadsLeft=1
t=10 s=3 threadsLeft=0
  t=10 time=0.000345
t=11 s=7 threadsLeft=0
  t=11 time=0.000317
t=12 s=8 threadsLeft=2
t=12 s=2 threadsLeft=1
t=12 s=1 threadsLeft=0
  t=12 time=0.000354
t=13 s=9 threadsLeft=1
t=13 s=2 threadsLeft=0
  t=13 time=0.000367
t=14 s=10 threadsLeft=2
t=14 s=3 threadsLeft=1
t=14 s=2 threadsLeft=0
  t=14 time=0.000421
t=15 s=11 threadsLeft=2
t=15 s=4 threadsLeft=1
t=15 s=3 threadsLeft=0
  t=15 time=0.000451
t=16 s=12 threadsLeft=1
t=16 s=3 threadsLeft=0
  t=16 time=0.000376
t=17 s=13 threadsLeft=1
t=17 s=4 threadsLeft=0
  t=17 time=0.000391
t=18 s=14 threadsLeft=1
t=18 s=5 threadsLeft=0
  t=18 time=0.000371
t=19 s=15 threadsLeft=0
  t=19 time=0.000357
t=20 s=16 threadsLeft=4
t=20 s=6 threadsLeft=3
t=20 s=5 threadsLeft=2
t=20 s=2 threadsLeft=1
t=20 s=1 threadsLeft=0
  t=20 time=0.000497
t=21 s=17 threadsLeft=3
t=21 s=6 threadsLeft=2
t=21 s=2 threadsLeft=1
t=21 s=3 threadsLeft=0
  t=21 time=0.000445
t=22 s=18 threadsLeft=4
t=22 s=7 threadsLeft=3
t=22 s=4 threadsLeft=2
t=22 s=3 threadsLeft=1
t=22 s=2 threadsLeft=0
  t=22 time=0.000442
t=23 s=19 threadsLeft=2
t=23 s=5 threadsLeft=1
t=23 s=4 threadsLeft=0
  t=23 time=0.000439
t=24 s=20 threadsLeft=5
t=24 s=6 threadsLeft=4
t=24 s=5 threadsLeft=3
t=24 s=5 threadsLeft=2
t=24 s=3 threadsLeft=1
t=24 s=2 threadsLeft=0
  t=24 time=0.000463
t=25 s=21 threadsLeft=3
t=25 s=6 threadsLeft=2
t=25 s=4 threadsLeft=1
t=25 s=3 threadsLeft=0
  t=25 time=0.000499
t=26 s=22 threadsLeft=6
t=26 s=7 threadsLeft=5
t=26 s=6 threadsLeft=4
t=26 s=4 threadsLeft=3
t=26 s=5 threadsLeft=2
t=26 s=4 threadsLeft=1
t=26 s=3 threadsLeft=0
  t=26 time=0.000583
t=27 s=23 threadsLeft=4
t=27 s=8 threadsLeft=3
t=27 s=6 threadsLeft=2
t=27 s=7 threadsLeft=1
t=27 s=5 threadsLeft=0
  t=27 time=0.000492
t=28 s=24 threadsLeft=3
t=28 s=7 threadsLeft=2
t=28 s=4 threadsLeft=1
t=28 s=3 threadsLeft=0
  t=28 time=0.000498
t=29 s=25 threadsLeft=2
t=29 s=8 threadsLeft=1
t=29 s=5 threadsLeft=0
  t=29 time=0.000429
t=30 s=26 threadsLeft=4
t=30 s=9 threadsLeft=3
t=30 s=6 threadsLeft=2
t=30 s=5 threadsLeft=1
t=30 s=4 threadsLeft=0
  t=30 time=0.00057
t=31 s=27 threadsLeft=1
t=31 s=4 threadsLeft=0
  t=31 time=0.000483
t=32 s=28 threadsLeft=3
t=32 s=10 threadsLeft=2
t=32 s=9 threadsLeft=1
t=32 s=5 threadsLeft=0
  t=32 time=0.000498
t=33 s=29 threadsLeft=3
t=33 s=10 threadsLeft=2
t=33 s=6 threadsLeft=1
t=33 s=5 threadsLeft=0
  t=33 time=0.000563
t=34 s=30 threadsLeft=3
t=34 s=11 threadsLeft=2
t=34 s=8 threadsLeft=1
t=34 s=7 threadsLeft=0
  t=34 time=0.000481
t=35 s=31 threadsLeft=2
t=35 s=9 threadsLeft=1
t=35 s=8 threadsLeft=0
  t=35 time=0.000428
t=36 s=32 threadsLeft=6
t=36 s=10 threadsLeft=5
t=36 s=9 threadsLeft=4
t=36 s=9 threadsLeft=3
t=36 s=2 threadsLeft=2
t=36 s=1 threadsLeft=1
t=36 s=6 threadsLeft=0
  t=36 time=0.00059
t=37 s=33 threadsLeft=5
t=37 s=10 threadsLeft=4
t=37 s=8 threadsLeft=3
t=37 s=7 threadsLeft=2
t=37 s=2 threadsLeft=1
t=37 s=3 threadsLeft=0
  t=37 time=0.000764
t=38 s=34 threadsLeft=8
t=38 s=11 threadsLeft=7
t=38 s=10 threadsLeft=6
t=38 s=9 threadsLeft=5
t=38 s=8 threadsLeft=4
t=38 s=2 threadsLeft=3
t=38 s=3 threadsLeft=2
t=38 s=4 threadsLeft=1
t=38 s=3 threadsLeft=0
  t=38 time=0.000979
t=39 s=35 threadsLeft=6
t=39 s=12 threadsLeft=5
t=39 s=11 threadsLeft=4
t=39 s=10 threadsLeft=3
t=39 s=9 threadsLeft=2
t=39 s=4 threadsLeft=1
t=39 s=5 threadsLeft=0
  t=39 time=0.000685
t=40 s=36 threadsLeft=9
t=40 s=11 threadsLeft=8
t=40 s=8 threadsLeft=7
t=40 s=6 threadsLeft=6
t=40 s=7 threadsLeft=5
t=40 s=5 threadsLeft=4
t=40 s=5 threadsLeft=3
t=40 s=2 threadsLeft=2
t=40 s=3 threadsLeft=1
t=40 s=4 threadsLeft=0
  t=40 time=0.000823
t=41 s=37 threadsLeft=7
t=41 s=12 threadsLeft=6
t=41 s=9 threadsLeft=5
t=41 s=8 threadsLeft=4
t=41 s=6 threadsLeft=3
t=41 s=7 threadsLeft=2
t=41 s=3 threadsLeft=1
t=41 s=4 threadsLeft=0
  t=41 time=0.000907
t=42 s=38 threadsLeft=8
t=42 s=13 threadsLeft=7
t=42 s=10 threadsLeft=6
t=42 s=9 threadsLeft=5
t=42 s=8 threadsLeft=4
t=42 s=7 threadsLeft=3
t=42 s=6 threadsLeft=2
t=42 s=5 threadsLeft=1
t=42 s=4 threadsLeft=0
  t=42 time=0.000851
t=43 s=39 threadsLeft=4
t=43 s=9 threadsLeft=3
t=43 s=8 threadsLeft=2
t=43 s=8 threadsLeft=1
t=43 s=7 threadsLeft=0
  t=43 time=0.000567
t=44 s=40 threadsLeft=11
t=44 s=14 threadsLeft=10
t=44 s=13 threadsLeft=9
t=44 s=10 threadsLeft=8
t=44 s=9 threadsLeft=7
t=44 s=9 threadsLeft=6
t=44 s=2 threadsLeft=5
t=44 s=7 threadsLeft=4
t=44 s=8 threadsLeft=3
t=44 s=6 threadsLeft=2
t=44 s=3 threadsLeft=1
t=44 s=5 threadsLeft=0
  t=44 time=0.001011
t=45 s=41 threadsLeft=6
t=45 s=14 threadsLeft=5
t=45 s=10 threadsLeft=4
t=45 s=11 threadsLeft=3
t=45 s=10 threadsLeft=2
t=45 s=9 threadsLeft=1
t=45 s=3 threadsLeft=0
  t=45 time=0.001428
[38;2;000;128;000mTime: 0.772112s (2025-04-13 18:31:44)
[0m[38;2;000;128;000mTime: 0.012199s (2025-04-13 18:32:04)
[0mt=5 s=1 threadsLeft=0
  t=5 time=0.000348
t=6 s=2 threadsLeft=1
t=6 s=1 threadsLeft=0
  t=6 time=0.000365
t=7 s=3 threadsLeft=0
  t=7 time=0.000293
t=8 s=4 threadsLeft=2
t=8 s=2 threadsLeft=1
t=8 s=1 threadsLeft=0
  t=8 time=0.000416
t=9 s=5 threadsLeft=1
t=9 s=2 threadsLeft=0
  t=9 time=0.000301
t=10 s=6 threadsLeft=1
t=10 s=3 threadsLeft=0
  t=10 time=0.000287
t=11 s=7 threadsLeft=0
  t=11 time=0.00027
t=12 s=8 threadsLeft=2
t=12 s=2 threadsLeft=1
t=12 s=1 threadsLeft=0
  t=12 time=0.000323
t=13 s=9 threadsLeft=1
t=13 s=2 threadsLeft=0
  t=13 time=0.000329
t=14 s=10 threadsLeft=2
t=14 s=3 threadsLeft=1
t=14 s=2 threadsLeft=0
  t=14 time=0.000293
t=15 s=11 threadsLeft=2
t=15 s=4 threadsLeft=1
t=15 s=3 threadsLeft=0
  t=15 time=0.000293
t=16 s=12 threadsLeft=1
t=16 s=3 threadsLeft=0
  t=16 time=0.000281
t=17 s=13 threadsLeft=1
t=17 s=4 threadsLeft=0
  t=17 time=0.00028
t=18 s=14 threadsLeft=1
t=18 s=5 threadsLeft=0
  t=18 time=0.000298
t=19 s=15 threadsLeft=0
  t=19 time=0.000294
t=20 s=16 threadsLeft=4
t=20 s=6 threadsLeft=3
t=20 s=5 threadsLeft=2
t=20 s=2 threadsLeft=1
t=20 s=1 threadsLeft=0
  t=20 time=0.000383
t=21 s=17 threadsLeft=3
t=21 s=6 threadsLeft=2
t=21 s=3 threadsLeft=1
t=21 s=2 threadsLeft=0
  t=21 time=0.000427
t=22 s=18 threadsLeft=4
t=22 s=7 threadsLeft=3
t=22 s=4 threadsLeft=2
t=22 s=3 threadsLeft=1
t=22 s=2 threadsLeft=0
  t=22 time=0.000414
t=23 s=19 threadsLeft=2
t=23 s=5 threadsLeft=1
t=23 s=4 threadsLeft=0
  t=23 time=0.000403
t=24 s=20 threadsLeft=5
t=24 s=6 threadsLeft=4
t=24 s=5 threadsLeft=3
t=24 s=5 threadsLeft=2
t=24 s=2 threadsLeft=1
t=24 s=3 threadsLeft=0
  t=24 time=0.000548
t=25 s=21 threadsLeft=3
t=25 s=6 threadsLeft=2
t=25 s=4 threadsLeft=1
t=25 s=3 threadsLeft=0
  t=25 time=0.000441
t=26 s=22 threadsLeft=6
t=26 s=7 threadsLeft=5
t=26 s=6 threadsLeft=4
t=26 s=5 threadsLeft=3
t=26 s=4 threadsLeft=2
t=26 s=4 threadsLeft=1
t=26 s=3 threadsLeft=0
  t=26 time=0.00052
t=27 s=23 threadsLeft=4
t=27 s=8 threadsLeft=3
t=27 s=7 threadsLeft=2
t=27 s=6 threadsLeft=1
t=27 s=5 threadsLeft=0
  t=27 time=0.00052
t=28 s=24 threadsLeft=3
t=28 s=7 threadsLeft=2
t=28 s=4 threadsLeft=1
t=28 s=3 threadsLeft=0
  t=28 time=0.000458
t=29 s=25 threadsLeft=2
t=29 s=8 threadsLeft=1
t=29 s=5 threadsLeft=0
  t=29 time=0.00042
t=30 s=26 threadsLeft=4
t=30 s=9 threadsLeft=3
t=30 s=6 threadsLeft=2
t=30 s=5 threadsLeft=1
t=30 s=4 threadsLeft=0
  t=30 time=0.000523
t=31 s=27 threadsLeft=1
t=31 s=4 threadsLeft=0
  t=31 time=0.000474
t=32 s=28 threadsLeft=3
t=32 s=10 threadsLeft=2
t=32 s=9 threadsLeft=1
t=32 s=5 threadsLeft=0
  t=32 time=0.000517
t=33 s=29 threadsLeft=3
t=33 s=10 threadsLeft=2
t=33 s=6 threadsLeft=1
t=33 s=5 threadsLeft=0
  t=33 time=0.000621
t=34 s=30 threadsLeft=3
t=34 s=11 threadsLeft=2
t=34 s=8 threadsLeft=1
t=34 s=7 threadsLeft=0
  t=34 time=0.000464
t=35 s=31 threadsLeft=2
t=35 s=9 threadsLeft=1
t=35 s=8 threadsLeft=0
  t=35 time=0.000412
t=36 s=32 threadsLeft=6
t=36 s=10 threadsLeft=5
t=36 s=9 threadsLeft=4
t=36 s=9 threadsLeft=3
t=36 s=1 threadsLeft=2
t=36 s=2 threadsLeft=1
t=36 s=6 threadsLeft=0
  t=36 time=0.000655
t=37 s=33 threadsLeft=5
t=37 s=10 threadsLeft=4
t=37 s=8 threadsLeft=3
t=37 s=7 threadsLeft=2
t=37 s=2 threadsLeft=1
t=37 s=3 threadsLeft=0
  t=37 time=0.000772
t=38 s=34 threadsLeft=8
t=38 s=11 threadsLeft=7
t=38 s=10 threadsLeft=6
t=38 s=8 threadsLeft=5
t=38 s=9 threadsLeft=4
t=38 s=3 threadsLeft=3
t=38 s=2 threadsLeft=2
t=38 s=4 threadsLeft=1
t=38 s=3 threadsLeft=0
  t=38 time=0.00092
t=39 s=35 threadsLeft=6
t=39 s=12 threadsLeft=5
t=39 s=11 threadsLeft=4
t=39 s=10 threadsLeft=3
t=39 s=4 threadsLeft=2
t=39 s=9 threadsLeft=1
t=39 s=5 threadsLeft=0
  t=39 time=0.000731
t=40 s=36 threadsLeft=9
t=40 s=11 threadsLeft=8
t=40 s=8 threadsLeft=7
t=40 s=7 threadsLeft=6
t=40 s=5 threadsLeft=5
t=40 s=5 threadsLeft=4
t=40 s=2 threadsLeft=3
t=40 s=6 threadsLeft=2
t=40 s=3 threadsLeft=1
t=40 s=4 threadsLeft=0
  t=40 time=0.000894
t=41 s=37 threadsLeft=7
t=41 s=12 threadsLeft=6
t=41 s=9 threadsLeft=5
t=41 s=8 threadsLeft=4
t=41 s=6 threadsLeft=3
t=41 s=7 threadsLeft=2
t=41 s=3 threadsLeft=1
t=41 s=4 threadsLeft=0
  t=41 time=0.001013
t=42 s=38 threadsLeft=8
t=42 s=13 threadsLeft=7
t=42 s=10 threadsLeft=6
t=42 s=9 threadsLeft=5
t=42 s=7 threadsLeft=4
t=42 s=8 threadsLeft=3
t=42 s=6 threadsLeft=2
t=42 s=4 threadsLeft=1
t=42 s=5 threadsLeft=0
  t=42 time=0.000857
t=43 s=39 threadsLeft=4
t=43 s=8 threadsLeft=3
t=43 s=9 threadsLeft=2
t=43 s=8 threadsLeft=1
t=43 s=7 threadsLeft=0
  t=43 time=0.000557
t=44 s=40 threadsLeft=11
t=44 s=14 threadsLeft=10
t=44 s=13 threadsLeft=9
t=44 s=10 threadsLeft=8
t=44 s=9 threadsLeft=7
t=44 s=9 threadsLeft=6
t=44 s=8 threadsLeft=5
t=44 s=2 threadsLeft=4
t=44 s=7 threadsLeft=3
t=44 s=3 threadsLeft=2
t=44 s=5 threadsLeft=1
t=44 s=6 threadsLeft=0
  t=44 time=0.001126
t=45 s=41 threadsLeft=6
t=45 s=14 threadsLeft=5
t=45 s=10 threadsLeft=4
t=45 s=10 threadsLeft=3
t=45 s=11 threadsLeft=2
t=45 s=9 threadsLeft=1
t=45 s=3 threadsLeft=0
  t=45 time=0.001403
t=46 s=42 threadsLeft=10
t=46 s=15 threadsLeft=9
t=46 s=12 threadsLeft=8
t=46 s=11 threadsLeft=7
t=46 s=7 threadsLeft=6
t=46 s=8 threadsLeft=5
t=46 s=6 threadsLeft=4
t=46 s=5 threadsLeft=3
t=46 s=3 threadsLeft=2
t=46 s=4 threadsLeft=1
t=46 s=4 threadsLeft=0
  t=46 time=0.001946
t=47 s=43 threadsLeft=7
t=47 s=13 threadsLeft=6
t=47 s=12 threadsLeft=5
t=47 s=9 threadsLeft=4
t=47 s=8 threadsLeft=3
t=47 s=6 threadsLeft=2
t=47 s=4 threadsLeft=1
t=47 s=5 threadsLeft=0
  t=47 time=0.001681
t=48 s=44 threadsLeft=13
t=48 s=14 threadsLeft=12
t=48 s=13 threadsLeft=11
t=48 s=13 threadsLeft=10
t=48 s=10 threadsLeft=9
t=48 s=9 threadsLeft=8
t=48 s=7 threadsLeft=7
t=48 s=6 threadsLeft=6
t=48 s=7 threadsLeft=5
t=48 s=6 threadsLeft=4
t=48 s=3 threadsLeft=3
t=48 s=5 threadsLeft=2
t=48 s=4 threadsLeft=1
t=48 s=4 threadsLeft=0
  t=48 time=0.0023
t=49 s=45 threadsLeft=9
t=49 s=14 threadsLeft=8
t=49 s=12 threadsLeft=7
t=49 s=11 threadsLeft=6
t=49 s=8 threadsLeft=5
t=49 s=7 threadsLeft=4
t=49 s=8 threadsLeft=3
t=49 s=5 threadsLeft=2
t=49 s=5 threadsLeft=1
t=49 s=4 threadsLeft=0
  t=49 time=0.002121
t=50 s=46 threadsLeft=10
t=50 s=15 threadsLeft=9
t=50 s=14 threadsLeft=8
t=50 s=13 threadsLeft=7
t=50 s=12 threadsLeft=6
t=50 s=9 threadsLeft=5
t=50 s=8 threadsLeft=4
t=50 s=7 threadsLeft=3
t=50 s=6 threadsLeft=2
t=50 s=6 threadsLeft=1
t=50 s=5 threadsLeft=0
  t=50 time=0.001924
t=51 s=47 threadsLeft=6
t=51 s=16 threadsLeft=5
t=51 s=15 threadsLeft=4
t=51 s=14 threadsLeft=3
t=51 s=13 threadsLeft=2
t=51 s=9 threadsLeft=1
t=51 s=10 threadsLeft=0
  t=51 time=0.000745
t=52 s=48 threadsLeft=9
t=52 s=15 threadsLeft=8
t=52 s=9 threadsLeft=7
t=52 s=12 threadsLeft=6
t=52 s=8 threadsLeft=5
t=52 s=11 threadsLeft=4
t=52 s=7 threadsLeft=3
t=52 s=4 threadsLeft=2
t=52 s=3 threadsLeft=1
t=52 s=6 threadsLeft=0
  t=52 time=0.002203
t=53 s=49 threadsLeft=6
t=53 s=16 threadsLeft=5
t=53 s=13 threadsLeft=4
t=53 s=12 threadsLeft=3
t=53 s=5 threadsLeft=2
t=53 s=7 threadsLeft=1
t=53 s=4 threadsLeft=0
  t=53 time=0.002976
t=54 s=50 threadsLeft=8
t=54 s=17 threadsLeft=7
t=54 s=14 threadsLeft=6
t=54 s=13 threadsLeft=5
t=54 s=10 threadsLeft=4
t=54 s=8 threadsLeft=3
t=54 s=5 threadsLeft=2
t=54 s=6 threadsLeft=1
t=54 s=5 threadsLeft=0
  t=54 time=0.003282
t=55 s=51 threadsLeft=5
t=55 s=12 threadsLeft=4
t=55 s=9 threadsLeft=3
t=55 s=10 threadsLeft=2
t=55 s=11 threadsLeft=1
t=55 s=6 threadsLeft=0
  t=55 time=0.002305
[38;2;000;128;000mTime: 0.77774s (2025-04-14 11:05:20)
[0mt=5 s=1 threadsLeft=0
  t=5 time=0.00031
t=6 s=2 threadsLeft=1
t=6 s=1 threadsLeft=0
  t=6 time=0.00035
t=7 s=3 threadsLeft=0
  t=7 time=0.000372
t=8 s=4 threadsLeft=2
t=8 s=2 threadsLeft=1
t=8 s=1 threadsLeft=0
  t=8 time=0.00052
t=9 s=5 threadsLeft=1
t=9 s=2 threadsLeft=0
  t=9 time=0.000392
t=10 s=6 threadsLeft=1
t=10 s=3 threadsLeft=0
  t=10 time=0.000392
t=11 s=7 threadsLeft=0
  t=11 time=0.000437
t=12 s=8 threadsLeft=2
t=12 s=2 threadsLeft=1
t=12 s=1 threadsLeft=0
  t=12 time=0.000421
t=13 s=9 threadsLeft=1
t=13 s=2 threadsLeft=0
  t=13 time=0.000378
t=14 s=10 threadsLeft=2
t=14 s=2 threadsLeft=1
t=14 s=3 threadsLeft=0
  t=14 time=0.00047
t=15 s=11 threadsLeft=2
t=15 s=4 threadsLeft=1
t=15 s=3 threadsLeft=0
  t=15 time=0.000402
t=16 s=12 threadsLeft=1
t=16 s=3 threadsLeft=0
  t=16 time=0.000412
t=17 s=13 threadsLeft=1
t=17 s=4 threadsLeft=0
  t=17 time=0.000374
t=18 s=14 threadsLeft=1
t=18 s=5 threadsLeft=0
  t=18 time=0.000369
t=19 s=15 threadsLeft=0
  t=19 time=0.000327
t=20 s=16 threadsLeft=4
t=20 s=6 threadsLeft=3
t=20 s=5 threadsLeft=2
t=20 s=2 threadsLeft=1
t=20 s=1 threadsLeft=0
  t=20 time=0.000407
t=21 s=17 threadsLeft=3
t=21 s=6 threadsLeft=2
t=21 s=3 threadsLeft=1
t=21 s=2 threadsLeft=0
  t=21 time=0.000414
t=22 s=18 threadsLeft=4
t=22 s=7 threadsLeft=3
t=22 s=4 threadsLeft=2
t=22 s=3 threadsLeft=1
t=22 s=2 threadsLeft=0
  t=22 time=0.000441
t=23 s=19 threadsLeft=2
t=23 s=5 threadsLeft=1
t=23 s=4 threadsLeft=0
  t=23 time=0.000338
t=24 s=20 threadsLeft=5
t=24 s=6 threadsLeft=4
t=24 s=5 threadsLeft=3
t=24 s=5 threadsLeft=2
t=24 s=2 threadsLeft=1
t=24 s=3 threadsLeft=0
  t=24 time=0.000365
t=25 s=21 threadsLeft=3
t=25 s=6 threadsLeft=2
t=25 s=4 threadsLeft=1
t=25 s=3 threadsLeft=0
  t=25 time=0.000406
t=26 s=22 threadsLeft=6
t=26 s=7 threadsLeft=5
t=26 s=6 threadsLeft=4
t=26 s=5 threadsLeft=3
t=26 s=4 threadsLeft=2
t=26 s=4 threadsLeft=1
t=26 s=3 threadsLeft=0
  t=26 time=0.000471
t=27 s=23 threadsLeft=4
t=27 s=8 threadsLeft=3
t=27 s=7 threadsLeft=2
t=27 s=6 threadsLeft=1
t=27 s=5 threadsLeft=0
  t=27 time=0.000373
t=28 s=24 threadsLeft=3
t=28 s=7 threadsLeft=2
t=28 s=4 threadsLeft=1
t=28 s=3 threadsLeft=0
  t=28 time=0.00035
t=29 s=25 threadsLeft=2
t=29 s=8 threadsLeft=1
t=29 s=5 threadsLeft=0
  t=29 time=0.000306
t=30 s=26 threadsLeft=4
t=30 s=9 threadsLeft=3
t=30 s=6 threadsLeft=2
t=30 s=5 threadsLeft=1
t=30 s=4 threadsLeft=0
  t=30 time=0.000419
t=31 s=27 threadsLeft=1
t=31 s=4 threadsLeft=0
  t=31 time=0.000353
t=32 s=28 threadsLeft=3
t=32 s=10 threadsLeft=2
t=32 s=9 threadsLeft=1
t=32 s=5 threadsLeft=0
  t=32 time=0.000345
t=33 s=29 threadsLeft=3
t=33 s=10 threadsLeft=2
t=33 s=6 threadsLeft=1
t=33 s=5 threadsLeft=0
  t=33 time=0.000388
t=34 s=30 threadsLeft=3
t=34 s=11 threadsLeft=2
t=34 s=8 threadsLeft=1
t=34 s=7 threadsLeft=0
  t=34 time=0.000372
t=35 s=31 threadsLeft=2
t=35 s=9 threadsLeft=1
t=35 s=8 threadsLeft=0
  t=35 time=0.000308
t=36 s=32 threadsLeft=6
t=36 s=10 threadsLeft=5
t=36 s=9 threadsLeft=4
t=36 s=9 threadsLeft=3
t=36 s=1 threadsLeft=2
t=36 s=2 threadsLeft=1
t=36 s=6 threadsLeft=0
  t=36 time=0.000481
t=37 s=33 threadsLeft=5
t=37 s=10 threadsLeft=4
t=37 s=8 threadsLeft=3
t=37 s=7 threadsLeft=2
t=37 s=2 threadsLeft=1
t=37 s=3 threadsLeft=0
  t=37 time=0.000659
t=38 s=34 threadsLeft=8
t=38 s=11 threadsLeft=7
t=38 s=10 threadsLeft=6
t=38 s=9 threadsLeft=5
t=38 s=8 threadsLeft=4
t=38 s=2 threadsLeft=3
t=38 s=3 threadsLeft=2
t=38 s=4 threadsLeft=1
t=38 s=3 threadsLeft=0
  t=38 time=0.000885
t=39 s=35 threadsLeft=6
t=39 s=12 threadsLeft=5
t=39 s=11 threadsLeft=4
t=39 s=10 threadsLeft=3
t=39 s=9 threadsLeft=2
t=39 s=4 threadsLeft=1
t=39 s=5 threadsLeft=0
  t=39 time=0.000645
t=40 s=36 threadsLeft=9
t=40 s=11 threadsLeft=8
t=40 s=8 threadsLeft=7
t=40 s=6 threadsLeft=6
t=40 s=7 threadsLeft=5
t=40 s=5 threadsLeft=4
t=40 s=5 threadsLeft=3
t=40 s=2 threadsLeft=2
t=40 s=4 threadsLeft=1
t=40 s=3 threadsLeft=0
  t=40 time=0.000825
t=41 s=37 threadsLeft=7
t=41 s=12 threadsLeft=6
t=41 s=9 threadsLeft=5
t=41 s=8 threadsLeft=4
t=41 s=6 threadsLeft=3
t=41 s=7 threadsLeft=2
t=41 s=3 threadsLeft=1
t=41 s=4 threadsLeft=0
  t=41 time=0.00115
t=42 s=38 threadsLeft=8
t=42 s=13 threadsLeft=7
t=42 s=10 threadsLeft=6
t=42 s=9 threadsLeft=5
t=42 s=7 threadsLeft=4
t=42 s=8 threadsLeft=3
t=42 s=6 threadsLeft=2
t=42 s=5 threadsLeft=1
t=42 s=4 threadsLeft=0
  t=42 time=0.000837
t=43 s=39 threadsLeft=4
t=43 s=8 threadsLeft=3
t=43 s=8 threadsLeft=2
t=43 s=9 threadsLeft=1
t=43 s=7 threadsLeft=0
  t=43 time=0.000529
t=44 s=40 threadsLeft=11
t=44 s=14 threadsLeft=10
t=44 s=13 threadsLeft=9
t=44 s=10 threadsLeft=8
t=44 s=9 threadsLeft=7
t=44 s=9 threadsLeft=6
t=44 s=8 threadsLeft=5
t=44 s=2 threadsLeft=4
t=44 s=7 threadsLeft=3
t=44 s=5 threadsLeft=2
t=44 s=6 threadsLeft=1
t=44 s=3 threadsLeft=0
  t=44 time=0.001139
t=45 s=41 threadsLeft=6
t=45 s=14 threadsLeft=5
t=45 s=10 threadsLeft=4
t=45 s=11 threadsLeft=3
t=45 s=10 threadsLeft=2
t=45 s=9 threadsLeft=1
t=45 s=3 threadsLeft=0
  t=45 time=0.001523
t=46 s=42 threadsLeft=10
t=46 s=15 threadsLeft=9
t=46 s=12 threadsLeft=8
t=46 s=11 threadsLeft=7
t=46 s=7 threadsLeft=6
t=46 s=8 threadsLeft=5
t=46 s=6 threadsLeft=4
t=46 s=5 threadsLeft=3
t=46 s=4 threadsLeft=2
t=46 s=3 threadsLeft=1
t=46 s=4 threadsLeft=0
  t=46 time=0.002049
t=47 s=43 threadsLeft=7
t=47 s=13 threadsLeft=6
t=47 s=12 threadsLeft=5
t=47 s=9 threadsLeft=4
t=47 s=8 threadsLeft=3
t=47 s=6 threadsLeft=2
t=47 s=4 threadsLeft=1
t=47 s=5 threadsLeft=0
  t=47 time=0.001687
t=48 s=44 threadsLeft=13
t=48 s=14 threadsLeft=12
t=48 s=13 threadsLeft=11
t=48 s=13 threadsLeft=10
t=48 s=10 threadsLeft=9
t=48 s=9 threadsLeft=8
t=48 s=6 threadsLeft=7
t=48 s=7 threadsLeft=6
t=48 s=7 threadsLeft=5
t=48 s=6 threadsLeft=4
t=48 s=5 threadsLeft=3
t=48 s=3 threadsLeft=2
t=48 s=4 threadsLeft=1
t=48 s=4 threadsLeft=0
  t=48 time=0.002243
t=49 s=45 threadsLeft=9
t=49 s=14 threadsLeft=8
t=49 s=12 threadsLeft=7
t=49 s=8 threadsLeft=6
t=49 s=11 threadsLeft=5
t=49 s=8 threadsLeft=4
t=49 s=7 threadsLeft=3
t=49 s=5 threadsLeft=2
t=49 s=5 threadsLeft=1
t=49 s=4 threadsLeft=0
  t=49 time=0.002123
t=50 s=46 threadsLeft=10
t=50 s=15 threadsLeft=9
t=50 s=14 threadsLeft=8
t=50 s=13 threadsLeft=7
t=50 s=12 threadsLeft=6
t=50 s=9 threadsLeft=5
t=50 s=8 threadsLeft=4
t=50 s=7 threadsLeft=3
t=50 s=6 threadsLeft=2
t=50 s=6 threadsLeft=1
t=50 s=5 threadsLeft=0
  t=50 time=0.001987
t=51 s=47 threadsLeft=6
t=51 s=16 threadsLeft=5
t=51 s=15 threadsLeft=4
t=51 s=14 threadsLeft=3
t=51 s=13 threadsLeft=2
t=51 s=10 threadsLeft=1
t=51 s=9 threadsLeft=0
  t=51 time=0.00072
t=52 s=48 threadsLeft=9
t=52 s=15 threadsLeft=8
t=52 s=9 threadsLeft=7
t=52 s=12 threadsLeft=6
t=52 s=8 threadsLeft=5
t=52 s=11 threadsLeft=4
t=52 s=7 threadsLeft=3
t=52 s=4 threadsLeft=2
t=52 s=3 threadsLeft=1
t=52 s=6 threadsLeft=0
  t=52 time=0.002138
t=53 s=49 threadsLeft=6
t=53 s=16 threadsLeft=5
t=53 s=13 threadsLeft=4
t=53 s=12 threadsLeft=3
t=53 s=7 threadsLeft=2
t=53 s=5 threadsLeft=1
t=53 s=4 threadsLeft=0
  t=53 time=0.003105
t=54 s=50 threadsLeft=8
t=54 s=17 threadsLeft=7
t=54 s=14 threadsLeft=6
t=54 s=13 threadsLeft=5
t=54 s=10 threadsLeft=4
t=54 s=8 threadsLeft=3
t=54 s=5 threadsLeft=2
t=54 s=6 threadsLeft=1
t=54 s=5 threadsLeft=0
  t=54 time=0.003336
t=55 s=51 threadsLeft=5
t=55 s=9 threadsLeft=4
t=55 s=12 threadsLeft=3
t=55 s=11 threadsLeft=2
t=55 s=10 threadsLeft=1
t=55 s=6 threadsLeft=0
  t=55 time=0.002313
t=56 s=52 threadsLeft=9
t=56 s=18 threadsLeft=8
t=56 s=17 threadsLeft=7
t=56 s=13 threadsLeft=6
t=56 s=12 threadsLeft=5
t=56 s=11 threadsLeft=4
t=56 s=5 threadsLeft=3
t=56 s=7 threadsLeft=2
t=56 s=6 threadsLeft=1
t=56 s=4 threadsLeft=0
  t=56 time=0.003705
t=57 s=53 threadsLeft=6
t=57 s=18 threadsLeft=5
t=57 s=14 threadsLeft=4
t=57 s=13 threadsLeft=3
t=57 s=7 threadsLeft=2
t=57 s=6 threadsLeft=1
t=57 s=5 threadsLeft=0
  t=57 time=0.004014
t=58 s=54 threadsLeft=12
t=58 s=19 threadsLeft=11
t=58 s=16 threadsLeft=10
t=58 s=15 threadsLeft=9
t=58 s=9 threadsLeft=8
t=58 s=10 threadsLeft=7
t=58 s=12 threadsLeft=6
t=58 s=11 threadsLeft=5
t=58 s=8 threadsLeft=4
t=58 s=7 threadsLeft=3
t=58 s=5 threadsLeft=2
t=58 s=6 threadsLeft=1
t=58 s=4 threadsLeft=0
  t=58 time=0.005558
t=59 s=55 threadsLeft=9
t=59 s=17 threadsLeft=8
t=59 s=16 threadsLeft=7
t=59 s=13 threadsLeft=6
t=59 s=12 threadsLeft=5
t=59 s=8 threadsLeft=4
t=59 s=8 threadsLeft=3
t=59 s=7 threadsLeft=2
t=59 s=7 threadsLeft=1
t=59 s=6 threadsLeft=0
  t=59 time=0.003772
t=60 s=56 threadsLeft=8
t=60 s=18 threadsLeft=7
t=60 s=17 threadsLeft=6
t=60 s=17 threadsLeft=5
t=60 s=14 threadsLeft=4
t=60 s=13 threadsLeft=3
t=60 s=8 threadsLeft=2
t=60 s=5 threadsLeft=1
t=60 s=6 threadsLeft=0
  t=60 time=0.004478
t=61 s=57 threadsLeft=10
t=61 s=18 threadsLeft=9
t=61 s=16 threadsLeft=8
t=61 s=15 threadsLeft=7
t=61 s=11 threadsLeft=6
t=61 s=10 threadsLeft=5
t=61 s=12 threadsLeft=4
t=61 s=9 threadsLeft=3
t=61 s=9 threadsLeft=2
t=61 s=5 threadsLeft=1
t=61 s=6 threadsLeft=0
  t=61 time=0.00542
t=62 s=58 threadsLeft=7
t=62 s=19 threadsLeft=6
t=62 s=18 threadsLeft=5
t=62 s=17 threadsLeft=4
t=62 s=16 threadsLeft=3
t=62 s=7 threadsLeft=2
t=62 s=6 threadsLeft=1
t=62 s=5 threadsLeft=0
  t=62 time=0.007395
t=63 s=59 threadsLeft=5
t=63 s=20 threadsLeft=4
t=63 s=19 threadsLeft=3
t=63 s=18 threadsLeft=2
t=63 s=17 threadsLeft=1
t=63 s=8 threadsLeft=0
  t=63 time=0.002844
t=64 s=60 threadsLeft=13
t=64 s=16 threadsLeft=12
t=64 s=19 threadsLeft=11
t=64 s=11 threadsLeft=10
t=64 s=15 threadsLeft=9
t=64 s=12 threadsLeft=8
t=64 s=10 threadsLeft=7
t=64 s=13 threadsLeft=6
t=64 s=14 threadsLeft=5
t=64 s=13 threadsLeft=4
t=64 s=9 threadsLeft=3
t=64 s=7 threadsLeft=2
t=64 s=8 threadsLeft=1
t=64 s=6 threadsLeft=0
  t=64 time=0.006275
t=65 s=61 threadsLeft=5
t=65 s=20 threadsLeft=4
t=65 s=17 threadsLeft=3
t=65 s=16 threadsLeft=2
t=65 s=14 threadsLeft=1
t=65 s=15 threadsLeft=0
  t=65 time=0.000816
t=66 s=62 threadsLeft=9
t=66 s=21 threadsLeft=8
t=66 s=18 threadsLeft=7
t=66 s=17 threadsLeft=6
t=66 s=16 threadsLeft=5
t=66 s=15 threadsLeft=4
t=66 s=14 threadsLeft=3
t=66 s=9 threadsLeft=2
t=66 s=8 threadsLeft=1
t=66 s=7 threadsLeft=0
  t=66 time=0.006836
t=67 s=63 threadsLeft=10
t=67 s=16 threadsLeft=9
t=67 s=17 threadsLeft=8
t=67 s=11 threadsLeft=7
t=67 s=12 threadsLeft=6
t=67 s=16 threadsLeft=5
t=67 s=15 threadsLeft=4
t=67 s=13 threadsLeft=3
t=67 s=14 threadsLeft=2
t=67 s=10 threadsLeft=1
t=67 s=9 threadsLeft=0
  t=67 time=0.00377
t=68 s=64 threadsLeft=14
t=68 s=22 threadsLeft=13
t=68 s=21 threadsLeft=12
t=68 s=18 threadsLeft=11
t=68 s=17 threadsLeft=10
t=68 s=17 threadsLeft=9
t=68 s=1 threadsLeft=8
t=68 s=15 threadsLeft=7
t=68 s=16 threadsLeft=6
t=68 s=2 threadsLeft=5
t=68 s=10 threadsLeft=4
t=68 s=11 threadsLeft=3
t=68 s=10 threadsLeft=2
t=68 s=7 threadsLeft=1
t=68 s=6 threadsLeft=0
  t=68 time=0.009021
t=69 s=65 threadsLeft=15
t=69 s=22 threadsLeft=14
t=69 s=18 threadsLeft=13
t=69 s=18 threadsLeft=12
t=69 s=17 threadsLeft=11
t=69 s=19 threadsLeft=10
t=69 s=2 threadsLeft=9
t=69 s=11 threadsLeft=8
t=69 s=11 threadsLeft=7
t=69 s=12 threadsLeft=6
t=69 s=9 threadsLeft=5
t=69 s=8 threadsLeft=4
t=69 s=3 threadsLeft=3
t=69 s=7 threadsLeft=2
t=69 s=8 threadsLeft=1
t=69 s=4 threadsLeft=0
  t=69 time=0.019471
t=70 s=66 threadsLeft=20
t=70 s=23 threadsLeft=19
t=70 s=20 threadsLeft=18
t=70 s=19 threadsLeft=17
t=70 s=13 threadsLeft=16
t=70 s=11 threadsLeft=15
t=70 s=12 threadsLeft=14
t=70 s=15 threadsLeft=13
t=70 s=16 threadsLeft=12
t=70 s=14 threadsLeft=11
t=70 s=10 threadsLeft=10
t=70 s=2 threadsLeft=9
t=70 s=3 threadsLeft=8
t=70 s=13 threadsLeft=7
t=70 s=12 threadsLeft=6
t=70 s=10 threadsLeft=5
t=70 s=9 threadsLeft=4
t=70 s=3 threadsLeft=3
t=70 s=9 threadsLeft=2
t=70 s=8 threadsLeft=1
t=70 s=4 threadsLeft=0
  t=70 time=0.023381
[38;2;000;128;000mTime: 0.898773s (2025-04-14 11:09:35)
[0mt=5 s=1 threadsLeft=0
  t=5 time=0.0004
t=6 s=2 threadsLeft=1
t=6 s=1 threadsLeft=0
  t=6 time=0.000504
t=7 s=3 threadsLeft=0
  t=7 time=0.00029
t=8 s=4 threadsLeft=2
t=8 s=2 threadsLeft=1
t=8 s=1 threadsLeft=0
  t=8 time=0.000338
t=9 s=5 threadsLeft=1
t=9 s=2 threadsLeft=0
  t=9 time=0.000307
t=10 s=6 threadsLeft=1
t=10 s=3 threadsLeft=0
  t=10 time=0.000288
t=11 s=7 threadsLeft=0
  t=11 time=0.000259
t=12 s=8 threadsLeft=2
t=12 s=2 threadsLeft=1
t=12 s=1 threadsLeft=0
  t=12 time=0.000306
t=13 s=9 threadsLeft=1
t=13 s=2 threadsLeft=0
  t=13 time=0.000283
t=14 s=10 threadsLeft=2
t=14 s=3 threadsLeft=1
t=14 s=2 threadsLeft=0
  t=14 time=0.000391
t=15 s=11 threadsLeft=2
t=15 s=4 threadsLeft=1
t=15 s=3 threadsLeft=0
  t=15 time=0.000413
t=16 s=12 threadsLeft=1
t=16 s=3 threadsLeft=0
  t=16 time=0.000358
t=17 s=13 threadsLeft=1
t=17 s=4 threadsLeft=0
  t=17 time=0.000345
t=18 s=14 threadsLeft=1
t=18 s=5 threadsLeft=0
  t=18 time=0.000369
t=19 s=15 threadsLeft=0
  t=19 time=0.000404
t=20 s=16 threadsLeft=4
t=20 s=6 threadsLeft=3
t=20 s=5 threadsLeft=2
t=20 s=2 threadsLeft=1
t=20 s=1 threadsLeft=0
  t=20 time=0.000485
t=21 s=17 threadsLeft=3
t=21 s=6 threadsLeft=2
t=21 s=2 threadsLeft=1
t=21 s=3 threadsLeft=0
  t=21 time=0.000535
t=22 s=18 threadsLeft=4
t=22 s=7 threadsLeft=3
t=22 s=4 threadsLeft=2
t=22 s=3 threadsLeft=1
t=22 s=2 threadsLeft=0
  t=22 time=0.000467
t=23 s=19 threadsLeft=2
t=23 s=5 threadsLeft=1
t=23 s=4 threadsLeft=0
  t=23 time=0.000451
t=24 s=20 threadsLeft=5
t=24 s=6 threadsLeft=4
t=24 s=5 threadsLeft=3
t=24 s=5 threadsLeft=2
t=24 s=3 threadsLeft=1
t=24 s=2 threadsLeft=0
  t=24 time=0.000436
t=25 s=21 threadsLeft=3
t=25 s=6 threadsLeft=2
t=25 s=4 threadsLeft=1
t=25 s=3 threadsLeft=0
  t=25 time=0.000521
t=26 s=22 threadsLeft=6
t=26 s=7 threadsLeft=5
t=26 s=6 threadsLeft=4
t=26 s=5 threadsLeft=3
t=26 s=4 threadsLeft=2
t=26 s=4 threadsLeft=1
t=26 s=3 threadsLeft=0
  t=26 time=0.00048
t=27 s=23 threadsLeft=4
t=27 s=8 threadsLeft=3
t=27 s=7 threadsLeft=2
t=27 s=6 threadsLeft=1
t=27 s=5 threadsLeft=0
  t=27 time=0.000467
t=28 s=24 threadsLeft=3
t=28 s=7 threadsLeft=2
t=28 s=4 threadsLeft=1
t=28 s=3 threadsLeft=0
  t=28 time=0.000461
t=29 s=25 threadsLeft=2
t=29 s=8 threadsLeft=1
t=29 s=5 threadsLeft=0
  t=29 time=0.000452
t=30 s=26 threadsLeft=4
t=30 s=9 threadsLeft=3
t=30 s=6 threadsLeft=2
t=30 s=5 threadsLeft=1
t=30 s=4 threadsLeft=0
  t=30 time=0.000545
t=31 s=27 threadsLeft=1
t=31 s=4 threadsLeft=0
  t=31 time=0.000484
t=32 s=28 threadsLeft=3
t=32 s=10 threadsLeft=2
t=32 s=9 threadsLeft=1
t=32 s=5 threadsLeft=0
  t=32 time=0.000471
t=33 s=29 threadsLeft=3
t=33 s=10 threadsLeft=2
t=33 s=6 threadsLeft=1
t=33 s=5 threadsLeft=0
  t=33 time=0.000585
t=34 s=30 threadsLeft=3
t=34 s=11 threadsLeft=2
t=34 s=8 threadsLeft=1
t=34 s=7 threadsLeft=0
  t=34 time=0.000498
t=35 s=31 threadsLeft=2
t=35 s=9 threadsLeft=1
t=35 s=8 threadsLeft=0
  t=35 time=0.000449
t=36 s=32 threadsLeft=6
t=36 s=10 threadsLeft=5
t=36 s=9 threadsLeft=4
t=36 s=9 threadsLeft=3
t=36 s=2 threadsLeft=2
t=36 s=6 threadsLeft=1
t=36 s=1 threadsLeft=0
  t=36 time=0.000651
t=37 s=33 threadsLeft=5
t=37 s=10 threadsLeft=4
t=37 s=8 threadsLeft=3
t=37 s=7 threadsLeft=2
t=37 s=2 threadsLeft=1
t=37 s=3 threadsLeft=0
  t=37 time=0.000798
t=38 s=34 threadsLeft=8
t=38 s=11 threadsLeft=7
t=38 s=9 threadsLeft=6
t=38 s=8 threadsLeft=5
t=38 s=10 threadsLeft=4
t=38 s=2 threadsLeft=3
t=38 s=3 threadsLeft=2
t=38 s=3 threadsLeft=1
t=38 s=4 threadsLeft=0
  t=38 time=0.00111
t=39 s=35 threadsLeft=6
t=39 s=12 threadsLeft=5
t=39 s=11 threadsLeft=4
t=39 s=10 threadsLeft=3
t=39 s=9 threadsLeft=2
t=39 s=4 threadsLeft=1
t=39 s=5 threadsLeft=0
  t=39 time=0.000814
t=40 s=36 threadsLeft=9
t=40 s=11 threadsLeft=8
t=40 s=8 threadsLeft=7
t=40 s=7 threadsLeft=6
t=40 s=5 threadsLeft=5
t=40 s=6 threadsLeft=4
t=40 s=5 threadsLeft=3
t=40 s=2 threadsLeft=2
t=40 s=3 threadsLeft=1
t=40 s=4 threadsLeft=0
  t=40 time=0.000814
t=41 s=37 threadsLeft=7
t=41 s=12 threadsLeft=6
t=41 s=9 threadsLeft=5
t=41 s=8 threadsLeft=4
t=41 s=6 threadsLeft=3
t=41 s=7 threadsLeft=2
t=41 s=3 threadsLeft=1
t=41 s=4 threadsLeft=0
  t=41 time=0.000916
t=42 s=38 threadsLeft=8
t=42 s=13 threadsLeft=7
t=42 s=10 threadsLeft=6
t=42 s=9 threadsLeft=5
t=42 s=7 threadsLeft=4
t=42 s=8 threadsLeft=3
t=42 s=6 threadsLeft=2
t=42 s=5 threadsLeft=1
t=42 s=4 threadsLeft=0
  t=42 time=0.000846
t=43 s=39 threadsLeft=4
t=43 s=8 threadsLeft=3
t=43 s=9 threadsLeft=2
t=43 s=8 threadsLeft=1
t=43 s=7 threadsLeft=0
  t=43 time=0.000891
t=44 s=40 threadsLeft=11
t=44 s=14 threadsLeft=10
t=44 s=13 threadsLeft=9
t=44 s=9 threadsLeft=8
t=44 s=10 threadsLeft=7
t=44 s=9 threadsLeft=6
t=44 s=8 threadsLeft=5
t=44 s=7 threadsLeft=4
t=44 s=2 threadsLeft=3
t=44 s=6 threadsLeft=2
t=44 s=5 threadsLeft=1
t=44 s=3 threadsLeft=0
  t=44 time=0.001083
t=45 s=41 threadsLeft=6
t=45 s=14 threadsLeft=5
t=45 s=10 threadsLeft=4
t=45 s=10 threadsLeft=3
t=45 s=11 threadsLeft=2
t=45 s=9 threadsLeft=1
t=45 s=3 threadsLeft=0
  t=45 time=0.001443
t=46 s=42 threadsLeft=10
t=46 s=15 threadsLeft=9
t=46 s=12 threadsLeft=8
t=46 s=11 threadsLeft=7
t=46 s=7 threadsLeft=6
t=46 s=8 threadsLeft=5
t=46 s=6 threadsLeft=4
t=46 s=5 threadsLeft=3
t=46 s=4 threadsLeft=2
t=46 s=3 threadsLeft=1
t=46 s=4 threadsLeft=0
  t=46 time=0.001978
t=47 s=43 threadsLeft=7
t=47 s=13 threadsLeft=6
t=47 s=12 threadsLeft=5
t=47 s=9 threadsLeft=4
t=47 s=8 threadsLeft=3
t=47 s=6 threadsLeft=2
t=47 s=4 threadsLeft=1
t=47 s=5 threadsLeft=0
  t=47 time=0.001609
t=48 s=44 threadsLeft=13
t=48 s=14 threadsLeft=12
t=48 s=13 threadsLeft=11
t=48 s=13 threadsLeft=10
t=48 s=10 threadsLeft=9
t=48 s=9 threadsLeft=8
t=48 s=6 threadsLeft=7
t=48 s=7 threadsLeft=6
t=48 s=7 threadsLeft=5
t=48 s=6 threadsLeft=4
t=48 s=3 threadsLeft=3
t=48 s=5 threadsLeft=2
t=48 s=4 threadsLeft=1
t=48 s=4 threadsLeft=0
  t=48 time=0.002262
t=49 s=45 threadsLeft=9
t=49 s=14 threadsLeft=8
t=49 s=12 threadsLeft=7
t=49 s=11 threadsLeft=6
t=49 s=8 threadsLeft=5
t=49 s=8 threadsLeft=4
t=49 s=7 threadsLeft=3
t=49 s=5 threadsLeft=2
t=49 s=5 threadsLeft=1
t=49 s=4 threadsLeft=0
  t=49 time=0.002037
t=50 s=46 threadsLeft=10
t=50 s=15 threadsLeft=9
t=50 s=14 threadsLeft=8
t=50 s=13 threadsLeft=7
t=50 s=12 threadsLeft=6
t=50 s=9 threadsLeft=5
t=50 s=8 threadsLeft=4
t=50 s=7 threadsLeft=3
t=50 s=6 threadsLeft=2
t=50 s=6 threadsLeft=1
t=50 s=5 threadsLeft=0
  t=50 time=0.001853
t=51 s=47 threadsLeft=6
t=51 s=16 threadsLeft=5
t=51 s=15 threadsLeft=4
t=51 s=14 threadsLeft=3
t=51 s=13 threadsLeft=2
t=51 s=9 threadsLeft=1
t=51 s=10 threadsLeft=0
  t=51 time=0.000769
t=52 s=48 threadsLeft=9
t=52 s=15 threadsLeft=8
t=52 s=9 threadsLeft=7
t=52 s=12 threadsLeft=6
t=52 s=8 threadsLeft=5
t=52 s=11 threadsLeft=4
t=52 s=7 threadsLeft=3
t=52 s=3 threadsLeft=2
t=52 s=4 threadsLeft=1
t=52 s=6 threadsLeft=0
  t=52 time=0.0022
t=53 s=49 threadsLeft=6
t=53 s=16 threadsLeft=5
t=53 s=13 threadsLeft=4
t=53 s=12 threadsLeft=3
t=53 s=5 threadsLeft=2
t=53 s=7 threadsLeft=1
t=53 s=4 threadsLeft=0
  t=53 time=0.003119
t=54 s=50 threadsLeft=8
t=54 s=17 threadsLeft=7
t=54 s=14 threadsLeft=6
t=54 s=13 threadsLeft=5
t=54 s=10 threadsLeft=4
t=54 s=8 threadsLeft=3
t=54 s=5 threadsLeft=2
t=54 s=6 threadsLeft=1
t=54 s=5 threadsLeft=0
  t=54 time=0.003284
t=55 s=51 threadsLeft=5
t=55 s=12 threadsLeft=4
t=55 s=9 threadsLeft=3
t=55 s=11 threadsLeft=2
t=55 s=10 threadsLeft=1
t=55 s=6 threadsLeft=0
  t=55 time=0.002242
t=56 s=52 threadsLeft=9
t=56 s=18 threadsLeft=8
t=56 s=17 threadsLeft=7
t=56 s=13 threadsLeft=6
t=56 s=12 threadsLeft=5
t=56 s=11 threadsLeft=4
t=56 s=5 threadsLeft=3
t=56 s=7 threadsLeft=2
t=56 s=6 threadsLeft=1
t=56 s=4 threadsLeft=0
  t=56 time=0.00369
t=57 s=53 threadsLeft=6
t=57 s=18 threadsLeft=5
t=57 s=14 threadsLeft=4
t=57 s=13 threadsLeft=3
t=57 s=7 threadsLeft=2
t=57 s=6 threadsLeft=1
t=57 s=5 threadsLeft=0
  t=57 time=0.003951
t=58 s=54 threadsLeft=12
t=58 s=19 threadsLeft=11
t=58 s=16 threadsLeft=10
t=58 s=15 threadsLeft=9
t=58 s=10 threadsLeft=8
t=58 s=12 threadsLeft=7
t=58 s=9 threadsLeft=6
t=58 s=11 threadsLeft=5
t=58 s=8 threadsLeft=4
t=58 s=7 threadsLeft=3
t=58 s=5 threadsLeft=2
t=58 s=6 threadsLeft=1
t=58 s=4 threadsLeft=0
  t=58 time=0.005577
t=59 s=55 threadsLeft=9
t=59 s=17 threadsLeft=8
t=59 s=16 threadsLeft=7
t=59 s=13 threadsLeft=6
t=59 s=12 threadsLeft=5
t=59 s=8 threadsLeft=4
t=59 s=8 threadsLeft=3
t=59 s=7 threadsLeft=2
t=59 s=7 threadsLeft=1
t=59 s=6 threadsLeft=0
  t=59 time=0.003792
t=60 s=56 threadsLeft=8
t=60 s=18 threadsLeft=7
t=60 s=17 threadsLeft=6
t=60 s=17 threadsLeft=5
t=60 s=13 threadsLeft=4
t=60 s=14 threadsLeft=3
t=60 s=8 threadsLeft=2
t=60 s=6 threadsLeft=1
t=60 s=5 threadsLeft=0
  t=60 time=0.004458
t=61 s=57 threadsLeft=10
t=61 s=18 threadsLeft=9
t=61 s=16 threadsLeft=8
t=61 s=15 threadsLeft=7
t=61 s=10 threadsLeft=6
t=61 s=11 threadsLeft=5
t=61 s=12 threadsLeft=4
t=61 s=9 threadsLeft=3
t=61 s=9 threadsLeft=2
t=61 s=5 threadsLeft=1
t=61 s=6 threadsLeft=0
  t=61 time=0.005341
t=62 s=58 threadsLeft=7
t=62 s=19 threadsLeft=6
t=62 s=18 threadsLeft=5
t=62 s=17 threadsLeft=4
t=62 s=16 threadsLeft=3
t=62 s=7 threadsLeft=2
t=62 s=6 threadsLeft=1
t=62 s=5 threadsLeft=0
  t=62 time=0.007564
t=63 s=59 threadsLeft=5
t=63 s=20 threadsLeft=4
t=63 s=19 threadsLeft=3
t=63 s=18 threadsLeft=2
t=63 s=17 threadsLeft=1
t=63 s=8 threadsLeft=0
  t=63 time=0.002863
t=64 s=60 threadsLeft=13
t=64 s=16 threadsLeft=12
t=64 s=19 threadsLeft=11
t=64 s=11 threadsLeft=10
t=64 s=13 threadsLeft=9
t=64 s=12 threadsLeft=8
t=64 s=10 threadsLeft=7
t=64 s=15 threadsLeft=6
t=64 s=9 threadsLeft=5
t=64 s=14 threadsLeft=4
t=64 s=13 threadsLeft=3
t=64 s=7 threadsLeft=2
t=64 s=8 threadsLeft=1
t=64 s=6 threadsLeft=0
  t=64 time=0.006351
t=65 s=61 threadsLeft=5
t=65 s=20 threadsLeft=4
t=65 s=17 threadsLeft=3
t=65 s=16 threadsLeft=2
t=65 s=14 threadsLeft=1
t=65 s=15 threadsLeft=0
  t=65 time=0.00091
[38;2;000;128;000mTime: 0.829981s (2025-04-14 11:14:58)
[0mt=5 s=1 threadsLeft=0
  t=5 time=0.000388
t=6 s=2 threadsLeft=1
t=6 s=1 threadsLeft=0
  t=6 time=0.000436
t=7 s=3 threadsLeft=0
  t=7 time=0.000381
t=8 s=4 threadsLeft=2
t=8 s=2 threadsLeft=1
t=8 s=1 threadsLeft=0
  t=8 time=0.000424
t=9 s=5 threadsLeft=1
t=9 s=2 threadsLeft=0
  t=9 time=0.000395
t=10 s=6 threadsLeft=1
t=10 s=3 threadsLeft=0
  t=10 time=0.000356
t=11 s=7 threadsLeft=0
  t=11 time=0.000302
t=12 s=8 threadsLeft=2
t=12 s=2 threadsLeft=1
t=12 s=1 threadsLeft=0
  t=12 time=0.000422
t=13 s=9 threadsLeft=1
t=13 s=2 threadsLeft=0
  t=13 time=0.000306
t=14 s=10 threadsLeft=2
t=14 s=3 threadsLeft=1
t=14 s=2 threadsLeft=0
  t=14 time=0.000348
t=15 s=11 threadsLeft=2
t=15 s=4 threadsLeft=1
t=15 s=3 threadsLeft=0
  t=15 time=0.000327
t=16 s=12 threadsLeft=1
t=16 s=3 threadsLeft=0
  t=16 time=0.000307
t=17 s=13 threadsLeft=1
t=17 s=4 threadsLeft=0
  t=17 time=0.000293
t=18 s=14 threadsLeft=1
t=18 s=5 threadsLeft=0
  t=18 time=0.000278
t=19 s=15 threadsLeft=0
  t=19 time=0.000273
t=20 s=16 threadsLeft=4
t=20 s=6 threadsLeft=3
t=20 s=5 threadsLeft=2
t=20 s=2 threadsLeft=1
t=20 s=1 threadsLeft=0
  t=20 time=0.000328
t=21 s=17 threadsLeft=3
t=21 s=6 threadsLeft=2
t=21 s=2 threadsLeft=1
t=21 s=3 threadsLeft=0
  t=21 time=0.000419
t=22 s=18 threadsLeft=4
t=22 s=7 threadsLeft=3
t=22 s=4 threadsLeft=2
t=22 s=3 threadsLeft=1
t=22 s=2 threadsLeft=0
  t=22 time=0.000447
t=23 s=19 threadsLeft=2
t=23 s=5 threadsLeft=1
t=23 s=4 threadsLeft=0
  t=23 time=0.000441
t=24 s=20 threadsLeft=5
t=24 s=6 threadsLeft=4
t=24 s=5 threadsLeft=3
t=24 s=5 threadsLeft=2
t=24 s=3 threadsLeft=1
t=24 s=2 threadsLeft=0
  t=24 time=0.000446
t=25 s=21 threadsLeft=3
t=25 s=6 threadsLeft=2
t=25 s=4 threadsLeft=1
t=25 s=3 threadsLeft=0
  t=25 time=0.000442
t=26 s=22 threadsLeft=6
t=26 s=7 threadsLeft=5
t=26 s=6 threadsLeft=4
t=26 s=5 threadsLeft=3
t=26 s=4 threadsLeft=2
t=26 s=4 threadsLeft=1
t=26 s=3 threadsLeft=0
  t=26 time=0.000561
t=27 s=23 threadsLeft=4
t=27 s=8 threadsLeft=3
t=27 s=7 threadsLeft=2
t=27 s=6 threadsLeft=1
t=27 s=5 threadsLeft=0
  t=27 time=0.00053
t=28 s=24 threadsLeft=3
t=28 s=7 threadsLeft=2
t=28 s=4 threadsLeft=1
t=28 s=3 threadsLeft=0
  t=28 time=0.000476
t=29 s=25 threadsLeft=2
t=29 s=8 threadsLeft=1
t=29 s=5 threadsLeft=0
  t=29 time=0.000435
t=30 s=26 threadsLeft=4
t=30 s=9 threadsLeft=3
t=30 s=6 threadsLeft=2
t=30 s=5 threadsLeft=1
t=30 s=4 threadsLeft=0
  t=30 time=0.0006
t=31 s=27 threadsLeft=1
t=31 s=4 threadsLeft=0
  t=31 time=0.000574
t=32 s=28 threadsLeft=3
t=32 s=10 threadsLeft=2
t=32 s=9 threadsLeft=1
t=32 s=5 threadsLeft=0
  t=32 time=0.000483
t=33 s=29 threadsLeft=3
t=33 s=10 threadsLeft=2
t=33 s=6 threadsLeft=1
t=33 s=5 threadsLeft=0
  t=33 time=0.000517
t=34 s=30 threadsLeft=3
t=34 s=11 threadsLeft=2
t=34 s=8 threadsLeft=1
t=34 s=7 threadsLeft=0
  t=34 time=0.00034
t=35 s=31 threadsLeft=2
t=35 s=9 threadsLeft=1
t=35 s=8 threadsLeft=0
  t=35 time=0.000331
t=36 s=32 threadsLeft=6
t=36 s=10 threadsLeft=5
t=36 s=9 threadsLeft=4
t=36 s=9 threadsLeft=3
t=36 s=1 threadsLeft=2
t=36 s=2 threadsLeft=1
t=36 s=6 threadsLeft=0
  t=36 time=0.000544
t=37 s=33 threadsLeft=5
t=37 s=10 threadsLeft=4
t=37 s=8 threadsLeft=3
t=37 s=7 threadsLeft=2
t=37 s=2 threadsLeft=1
t=37 s=3 threadsLeft=0
  t=37 time=0.000687
t=38 s=34 threadsLeft=8
t=38 s=11 threadsLeft=7
t=38 s=10 threadsLeft=6
t=38 s=9 threadsLeft=5
t=38 s=8 threadsLeft=4
t=38 s=2 threadsLeft=3
t=38 s=3 threadsLeft=2
t=38 s=4 threadsLeft=1
t=38 s=3 threadsLeft=0
  t=38 time=0.000942
t=39 s=35 threadsLeft=6
t=39 s=12 threadsLeft=5
t=39 s=11 threadsLeft=4
t=39 s=10 threadsLeft=3
t=39 s=9 threadsLeft=2
t=39 s=4 threadsLeft=1
t=39 s=5 threadsLeft=0
  t=39 time=0.000677
[38;2;000;128;000mTime: 0.750612s (2025-04-14 12:47:29)
[0mt=5 s=1 threadsLeft=0
  t=5 time=0.000387
t=6 s=2 threadsLeft=1
t=6 s=1 threadsLeft=0
  t=6 time=0.000435
t=7 s=3 threadsLeft=0
  t=7 time=0.000341
t=8 s=4 threadsLeft=2
t=8 s=2 threadsLeft=1
t=8 s=1 threadsLeft=0
  t=8 time=0.0004
t=9 s=5 threadsLeft=1
t=9 s=2 threadsLeft=0
  t=9 time=0.000391
t=10 s=6 threadsLeft=1
t=10 s=3 threadsLeft=0
  t=10 time=0.000346
t=11 s=7 threadsLeft=0
  t=11 time=0.00038
t=12 s=8 threadsLeft=2
t=12 s=2 threadsLeft=1
t=12 s=1 threadsLeft=0
  t=12 time=0.000382
t=13 s=9 threadsLeft=1
t=13 s=2 threadsLeft=0
  t=13 time=0.000387
t=14 s=10 threadsLeft=2
t=14 s=2 threadsLeft=1
t=14 s=3 threadsLeft=0
  t=14 time=0.000352
t=15 s=11 threadsLeft=2
t=15 s=4 threadsLeft=1
t=15 s=3 threadsLeft=0
  t=15 time=0.000369
t=16 s=12 threadsLeft=1
t=16 s=3 threadsLeft=0
  t=16 time=0.000385
t=17 s=13 threadsLeft=1
t=17 s=4 threadsLeft=0
  t=17 time=0.000368
t=18 s=14 threadsLeft=1
t=18 s=5 threadsLeft=0
  t=18 time=0.000358
t=19 s=15 threadsLeft=0
  t=19 time=0.000334
t=20 s=16 threadsLeft=4
t=20 s=6 threadsLeft=3
t=20 s=5 threadsLeft=2
t=20 s=2 threadsLeft=1
t=20 s=1 threadsLeft=0
  t=20 time=0.000449
t=21 s=17 threadsLeft=3
t=21 s=6 threadsLeft=2
t=21 s=3 threadsLeft=1
t=21 s=2 threadsLeft=0
  t=21 time=0.000415
t=22 s=18 threadsLeft=4
t=22 s=7 threadsLeft=3
t=22 s=4 threadsLeft=2
t=22 s=3 threadsLeft=1
t=22 s=2 threadsLeft=0
  t=22 time=0.000476
t=23 s=19 threadsLeft=2
t=23 s=5 threadsLeft=1
t=23 s=4 threadsLeft=0
  t=23 time=0.000428
t=24 s=20 threadsLeft=5
t=24 s=6 threadsLeft=4
t=24 s=5 threadsLeft=3
t=24 s=5 threadsLeft=2
t=24 s=3 threadsLeft=1
t=24 s=2 threadsLeft=0
  t=24 time=0.000444
t=25 s=21 threadsLeft=3
t=25 s=6 threadsLeft=2
t=25 s=4 threadsLeft=1
t=25 s=3 threadsLeft=0
  t=25 time=0.000411
t=26 s=22 threadsLeft=6
t=26 s=7 threadsLeft=5
t=26 s=6 threadsLeft=4
t=26 s=5 threadsLeft=3
t=26 s=4 threadsLeft=2
t=26 s=4 threadsLeft=1
t=26 s=3 threadsLeft=0
  t=26 time=0.00061
t=27 s=23 threadsLeft=4
t=27 s=8 threadsLeft=3
t=27 s=7 threadsLeft=2
t=27 s=6 threadsLeft=1
t=27 s=5 threadsLeft=0
  t=27 time=0.000459
t=28 s=24 threadsLeft=3
t=28 s=7 threadsLeft=2
t=28 s=4 threadsLeft=1
t=28 s=3 threadsLeft=0
  t=28 time=0.000405
t=29 s=25 threadsLeft=2
t=29 s=8 threadsLeft=1
t=29 s=5 threadsLeft=0
  t=29 time=0.000309
t=30 s=26 threadsLeft=4
t=30 s=9 threadsLeft=3
t=30 s=6 threadsLeft=2
t=30 s=5 threadsLeft=1
t=30 s=4 threadsLeft=0
  t=30 time=0.000404
t=31 s=27 threadsLeft=1
t=31 s=4 threadsLeft=0
  t=31 time=0.000357
t=32 s=28 threadsLeft=3
t=32 s=10 threadsLeft=2
t=32 s=9 threadsLeft=1
t=32 s=5 threadsLeft=0
  t=32 time=0.000374
t=33 s=29 threadsLeft=3
t=33 s=10 threadsLeft=2
t=33 s=6 threadsLeft=1
t=33 s=5 threadsLeft=0
  t=33 time=0.000404
t=34 s=30 threadsLeft=3
t=34 s=11 threadsLeft=2
t=34 s=8 threadsLeft=1
t=34 s=7 threadsLeft=0
  t=34 time=0.000449
t=35 s=31 threadsLeft=2
t=35 s=9 threadsLeft=1
t=35 s=8 threadsLeft=0
  t=35 time=0.000392
t=36 s=32 threadsLeft=6
t=36 s=10 threadsLeft=5
t=36 s=9 threadsLeft=4
t=36 s=9 threadsLeft=3
t=36 s=1 threadsLeft=2
t=36 s=6 threadsLeft=1
t=36 s=2 threadsLeft=0
  t=36 time=0.000572
t=37 s=33 threadsLeft=5
t=37 s=10 threadsLeft=4
t=37 s=8 threadsLeft=3
t=37 s=7 threadsLeft=2
t=37 s=2 threadsLeft=1
t=37 s=3 threadsLeft=0
  t=37 time=0.00077
t=38 s=34 threadsLeft=8
t=38 s=11 threadsLeft=7
t=38 s=10 threadsLeft=6
t=38 s=9 threadsLeft=5
t=38 s=8 threadsLeft=4
t=38 s=2 threadsLeft=3
t=38 s=3 threadsLeft=2
t=38 s=4 threadsLeft=1
t=38 s=3 threadsLeft=0
  t=38 time=0.001109
t=39 s=35 threadsLeft=6
t=39 s=12 threadsLeft=5
t=39 s=11 threadsLeft=4
t=39 s=10 threadsLeft=3
t=39 s=9 threadsLeft=2
t=39 s=4 threadsLeft=1
t=39 s=5 threadsLeft=0
  t=39 time=0.000791
t=40 s=36 threadsLeft=9
t=40 s=11 threadsLeft=8
t=40 s=8 threadsLeft=7
t=40 s=6 threadsLeft=6
t=40 s=5 threadsLeft=5
t=40 s=7 threadsLeft=4
t=40 s=5 threadsLeft=3
t=40 s=2 threadsLeft=2
t=40 s=3 threadsLeft=1
t=40 s=4 threadsLeft=0
  t=40 time=0.000945
t=41 s=37 threadsLeft=7
t=41 s=12 threadsLeft=6
t=41 s=9 threadsLeft=5
t=41 s=8 threadsLeft=4
t=41 s=7 threadsLeft=3
t=41 s=6 threadsLeft=2
t=41 s=3 threadsLeft=1
t=41 s=4 threadsLeft=0
  t=41 time=0.001039
t=42 s=38 threadsLeft=8
t=42 s=13 threadsLeft=7
t=42 s=10 threadsLeft=6
t=42 s=9 threadsLeft=5
t=42 s=7 threadsLeft=4
t=42 s=8 threadsLeft=3
t=42 s=6 threadsLeft=2
t=42 s=5 threadsLeft=1
t=42 s=4 threadsLeft=0
  t=42 time=0.000831
t=43 s=39 threadsLeft=4
t=43 s=8 threadsLeft=3
t=43 s=9 threadsLeft=2
t=43 s=8 threadsLeft=1
t=43 s=7 threadsLeft=0
  t=43 time=0.000551
t=44 s=40 threadsLeft=11
t=44 s=14 threadsLeft=10
t=44 s=13 threadsLeft=9
t=44 s=10 threadsLeft=8
t=44 s=9 threadsLeft=7
t=44 s=9 threadsLeft=6
t=44 s=8 threadsLeft=5
t=44 s=7 threadsLeft=4
t=44 s=2 threadsLeft=3
t=44 s=3 threadsLeft=2
t=44 s=6 threadsLeft=1
t=44 s=5 threadsLeft=0
  t=44 time=0.001059
t=45 s=41 threadsLeft=6
t=45 s=14 threadsLeft=5
t=45 s=11 threadsLeft=4
t=45 s=10 threadsLeft=3
t=45 s=10 threadsLeft=2
t=45 s=9 threadsLeft=1
t=45 s=3 threadsLeft=0
  t=45 time=0.001534
t=46 s=42 threadsLeft=10
t=46 s=15 threadsLeft=9
t=46 s=12 threadsLeft=8
t=46 s=11 threadsLeft=7
t=46 s=7 threadsLeft=6
t=46 s=8 threadsLeft=5
t=46 s=6 threadsLeft=4
t=46 s=5 threadsLeft=3
t=46 s=3 threadsLeft=2
t=46 s=4 threadsLeft=1
t=46 s=4 threadsLeft=0
  t=46 time=0.001917
t=47 s=43 threadsLeft=7
t=47 s=13 threadsLeft=6
t=47 s=12 threadsLeft=5
t=47 s=9 threadsLeft=4
t=47 s=8 threadsLeft=3
t=47 s=4 threadsLeft=2
t=47 s=6 threadsLeft=1
t=47 s=5 threadsLeft=0
  t=47 time=0.001568
[38;2;000;128;000mTime: 0.768574s (2025-04-14 21:45:24)
[0mjson error: Adams.json: 0x65 - [json.exception.parse_error.101] parse error at line 22, column 1: syntax error while parsing object - unexpected '['; expected '}'
t=5 s=1 threadsLeft=0
  t=5 time=0.000339
t=6 s=2 threadsLeft=1
t=6 s=1 threadsLeft=0
  t=6 time=0.000376
t=7 s=3 threadsLeft=0
  t=7 time=0.000312
t=8 s=4 threadsLeft=2
t=8 s=2 threadsLeft=1
t=8 s=1 threadsLeft=0
  t=8 time=0.000339
t=9 s=5 threadsLeft=1
t=9 s=2 threadsLeft=0
  t=9 time=0.000433
t=10 s=6 threadsLeft=1
t=10 s=3 threadsLeft=0
  t=10 time=0.000426
t=11 s=7 threadsLeft=0
  t=11 time=0.000294
t=12 s=8 threadsLeft=2
t=12 s=2 threadsLeft=1
t=12 s=1 threadsLeft=0
  t=12 time=0.00041
t=13 s=9 threadsLeft=1
t=13 s=2 threadsLeft=0
  t=13 time=0.000352
t=14 s=10 threadsLeft=2
t=14 s=3 threadsLeft=1
t=14 s=2 threadsLeft=0
  t=14 time=0.0004
t=15 s=11 threadsLeft=2
t=15 s=4 threadsLeft=1
t=15 s=3 threadsLeft=0
  t=15 time=0.000402
t=16 s=12 threadsLeft=1
t=16 s=3 threadsLeft=0
  t=16 time=0.000349
t=17 s=13 threadsLeft=1
t=17 s=4 threadsLeft=0
  t=17 time=0.000302
t=18 s=14 threadsLeft=1
t=18 s=5 threadsLeft=0
  t=18 time=0.000293
t=19 s=15 threadsLeft=0
  t=19 time=0.000333
t=20 s=16 threadsLeft=4
t=20 s=6 threadsLeft=3
t=20 s=5 threadsLeft=2
t=20 s=1 threadsLeft=1
t=20 s=2 threadsLeft=0
  t=20 time=0.000408
t=21 s=17 threadsLeft=3
t=21 s=6 threadsLeft=2
t=21 s=3 threadsLeft=1
t=21 s=2 threadsLeft=0
  t=21 time=0.000367
t=22 s=18 threadsLeft=4
t=22 s=7 threadsLeft=3
t=22 s=4 threadsLeft=2
t=22 s=3 threadsLeft=1
t=22 s=2 threadsLeft=0
  t=22 time=0.000452
t=23 s=19 threadsLeft=2
t=23 s=5 threadsLeft=1
t=23 s=4 threadsLeft=0
  t=23 time=0.00038
t=24 s=20 threadsLeft=5
t=24 s=6 threadsLeft=4
t=24 s=5 threadsLeft=3
t=24 s=5 threadsLeft=2
t=24 s=3 threadsLeft=1
t=24 s=2 threadsLeft=0
  t=24 time=0.00043
t=25 s=21 threadsLeft=3
t=25 s=6 threadsLeft=2
t=25 s=4 threadsLeft=1
t=25 s=3 threadsLeft=0
  t=25 time=0.000454
t=26 s=22 threadsLeft=6
t=26 s=7 threadsLeft=5
t=26 s=6 threadsLeft=4
t=26 s=5 threadsLeft=3
t=26 s=4 threadsLeft=2
t=26 s=4 threadsLeft=1
t=26 s=3 threadsLeft=0
  t=26 time=0.000525
t=27 s=23 threadsLeft=4
t=27 s=8 threadsLeft=3
t=27 s=7 threadsLeft=2
t=27 s=6 threadsLeft=1
t=27 s=5 threadsLeft=0
  t=27 time=0.000541
t=28 s=24 threadsLeft=3
t=28 s=7 threadsLeft=2
t=28 s=4 threadsLeft=1
t=28 s=3 threadsLeft=0
  t=28 time=0.000516
t=29 s=25 threadsLeft=2
t=29 s=8 threadsLeft=1
t=29 s=5 threadsLeft=0
  t=29 time=0.000482
t=30 s=26 threadsLeft=4
t=30 s=9 threadsLeft=3
t=30 s=6 threadsLeft=2
t=30 s=5 threadsLeft=1
t=30 s=4 threadsLeft=0
  t=30 time=0.000518
t=31 s=27 threadsLeft=1
t=31 s=4 threadsLeft=0
  t=31 time=0.00055
t=32 s=28 threadsLeft=3
t=32 s=10 threadsLeft=2
t=32 s=9 threadsLeft=1
t=32 s=5 threadsLeft=0
  t=32 time=0.000547
t=33 s=29 threadsLeft=3
t=33 s=10 threadsLeft=2
t=33 s=6 threadsLeft=1
t=33 s=5 threadsLeft=0
  t=33 time=0.000525
t=34 s=30 threadsLeft=3
t=34 s=11 threadsLeft=2
t=34 s=8 threadsLeft=1
t=34 s=7 threadsLeft=0
  t=34 time=0.000436
t=35 s=31 threadsLeft=2
t=35 s=9 threadsLeft=1
t=35 s=8 threadsLeft=0
  t=35 time=0.0004
t=36 s=32 threadsLeft=6
t=36 s=10 threadsLeft=5
t=36 s=9 threadsLeft=4
t=36 s=9 threadsLeft=3
t=36 s=2 threadsLeft=2
t=36 s=1 threadsLeft=1
t=36 s=6 threadsLeft=0
  t=36 time=0.000554
t=37 s=33 threadsLeft=5
t=37 s=10 threadsLeft=4
t=37 s=8 threadsLeft=3
t=37 s=7 threadsLeft=2
t=37 s=2 threadsLeft=1
t=37 s=3 threadsLeft=0
  t=37 time=0.00076
t=38 s=34 threadsLeft=8
t=38 s=11 threadsLeft=7
t=38 s=8 threadsLeft=6
t=38 s=10 threadsLeft=5
t=38 s=9 threadsLeft=4
t=38 s=2 threadsLeft=3
t=38 s=3 threadsLeft=2
t=38 s=4 threadsLeft=1
t=38 s=3 threadsLeft=0
  t=38 time=0.000978
t=39 s=35 threadsLeft=6
t=39 s=12 threadsLeft=5
t=39 s=11 threadsLeft=4
t=39 s=10 threadsLeft=3
t=39 s=9 threadsLeft=2
t=39 s=4 threadsLeft=1
t=39 s=5 threadsLeft=0
  t=39 time=0.000748
t=40 s=36 threadsLeft=9
t=40 s=11 threadsLeft=8
t=40 s=8 threadsLeft=7
t=40 s=6 threadsLeft=6
t=40 s=7 threadsLeft=5
t=40 s=5 threadsLeft=4
t=40 s=2 threadsLeft=3
t=40 s=5 threadsLeft=2
t=40 s=3 threadsLeft=1
t=40 s=4 threadsLeft=0
  t=40 time=0.000871
t=41 s=37 threadsLeft=7
t=41 s=12 threadsLeft=6
t=41 s=9 threadsLeft=5
t=41 s=8 threadsLeft=4
t=41 s=6 threadsLeft=3
t=41 s=7 threadsLeft=2
t=41 s=3 threadsLeft=1
t=41 s=4 threadsLeft=0
  t=41 time=0.00103
t=42 s=38 threadsLeft=8
t=42 s=13 threadsLeft=7
t=42 s=10 threadsLeft=6
t=42 s=9 threadsLeft=5
t=42 s=7 threadsLeft=4
t=42 s=8 threadsLeft=3
t=42 s=6 threadsLeft=2
t=42 s=5 threadsLeft=1
t=42 s=4 threadsLeft=0
  t=42 time=0.00093
t=43 s=39 threadsLeft=4
t=43 s=8 threadsLeft=3
t=43 s=9 threadsLeft=2
t=43 s=8 threadsLeft=1
t=43 s=7 threadsLeft=0
  t=43 time=0.000661
t=44 s=40 threadsLeft=11
t=44 s=14 threadsLeft=10
t=44 s=13 threadsLeft=9
t=44 s=10 threadsLeft=8
t=44 s=9 threadsLeft=7
t=44 s=9 threadsLeft=6
t=44 s=7 threadsLeft=5
t=44 s=8 threadsLeft=4
t=44 s=2 threadsLeft=3
t=44 s=6 threadsLeft=2
t=44 s=3 threadsLeft=1
t=44 s=5 threadsLeft=0
  t=44 time=0.001157
t=45 s=41 threadsLeft=6
t=45 s=14 threadsLeft=5
t=45 s=11 threadsLeft=4
t=45 s=10 threadsLeft=3
t=45 s=10 threadsLeft=2
t=45 s=9 threadsLeft=1
t=45 s=3 threadsLeft=0
  t=45 time=0.001618
t=46 s=42 threadsLeft=10
t=46 s=15 threadsLeft=9
t=46 s=12 threadsLeft=8
t=46 s=11 threadsLeft=7
t=46 s=7 threadsLeft=6
t=46 s=8 threadsLeft=5
t=46 s=6 threadsLeft=4
t=46 s=5 threadsLeft=3
t=46 s=3 threadsLeft=2
t=46 s=4 threadsLeft=1
t=46 s=4 threadsLeft=0
  t=46 time=0.001983
t=47 s=43 threadsLeft=7
t=47 s=13 threadsLeft=6
t=47 s=12 threadsLeft=5
t=47 s=9 threadsLeft=4
t=47 s=8 threadsLeft=3
t=47 s=4 threadsLeft=2
t=47 s=6 threadsLeft=1
t=47 s=5 threadsLeft=0
  t=47 time=0.001662
t=48 s=44 threadsLeft=13
t=48 s=14 threadsLeft=12
t=48 s=13 threadsLeft=11
t=48 s=13 threadsLeft=10
t=48 s=10 threadsLeft=9
t=48 s=9 threadsLeft=8
t=48 s=7 threadsLeft=7
t=48 s=6 threadsLeft=6
t=48 s=7 threadsLeft=5
t=48 s=6 threadsLeft=4
t=48 s=5 threadsLeft=3
t=48 s=3 threadsLeft=2
t=48 s=4 threadsLeft=1
t=48 s=4 threadsLeft=0
  t=48 time=0.002362
t=49 s=45 threadsLeft=9
t=49 s=14 threadsLeft=8
t=49 s=12 threadsLeft=7
t=49 s=8 threadsLeft=6
t=49 s=11 threadsLeft=5
t=49 s=8 threadsLeft=4
t=49 s=7 threadsLeft=3
t=49 s=5 threadsLeft=2
t=49 s=5 threadsLeft=1
t=49 s=4 threadsLeft=0
  t=49 time=0.002093
t=50 s=46 threadsLeft=10
t=50 s=15 threadsLeft=9
t=50 s=14 threadsLeft=8
t=50 s=13 threadsLeft=7
t=50 s=12 threadsLeft=6
t=50 s=9 threadsLeft=5
t=50 s=8 threadsLeft=4
t=50 s=7 threadsLeft=3
t=50 s=6 threadsLeft=2
t=50 s=5 threadsLeft=1
t=50 s=6 threadsLeft=0
  t=50 time=0.001972
t=51 s=47 threadsLeft=6
t=51 s=16 threadsLeft=5
t=51 s=14 threadsLeft=4
t=51 s=13 threadsLeft=3
t=51 s=15 threadsLeft=2
t=51 s=10 threadsLeft=1
t=51 s=9 threadsLeft=0
  t=51 time=0.000739
t=52 s=48 threadsLeft=9
t=52 s=15 threadsLeft=8
t=52 s=9 threadsLeft=7
t=52 s=12 threadsLeft=6
t=52 s=8 threadsLeft=5
t=52 s=11 threadsLeft=4
t=52 s=7 threadsLeft=3
t=52 s=4 threadsLeft=2
t=52 s=3 threadsLeft=1
t=52 s=6 threadsLeft=0
  t=52 time=0.002242
t=53 s=49 threadsLeft=6
t=53 s=16 threadsLeft=5
t=53 s=13 threadsLeft=4
t=53 s=12 threadsLeft=3
t=53 s=7 threadsLeft=2
t=53 s=5 threadsLeft=1
t=53 s=4 threadsLeft=0
  t=53 time=0.003445
t=54 s=50 threadsLeft=8
t=54 s=17 threadsLeft=7
t=54 s=14 threadsLeft=6
t=54 s=13 threadsLeft=5
t=54 s=10 threadsLeft=4
t=54 s=8 threadsLeft=3
t=54 s=5 threadsLeft=2
t=54 s=6 threadsLeft=1
t=54 s=5 threadsLeft=0
  t=54 time=0.003579
t=55 s=51 threadsLeft=5
t=55 s=9 threadsLeft=4
t=55 s=12 threadsLeft=3
t=55 s=11 threadsLeft=2
t=55 s=10 threadsLeft=1
t=55 s=6 threadsLeft=0
  t=55 time=0.002313
[38;2;000;128;000mTime: 0.794227s (2025-04-15 13:34:20)
[0mt=5 s=1 threadsLeft=0
  t=5 time=0.000313
t=6 s=2 threadsLeft=1
t=6 s=1 threadsLeft=0
  t=6 time=0.00033
t=7 s=3 threadsLeft=0
  t=7 time=0.000315
t=8 s=4 threadsLeft=2
t=8 s=2 threadsLeft=1
t=8 s=1 threadsLeft=0
  t=8 time=0.000328
t=9 s=5 threadsLeft=1
t=9 s=2 threadsLeft=0
  t=9 time=0.000355
t=10 s=3 threadsLeft=1
t=10 s=6 threadsLeft=0
  t=10 time=0.000428
t=11 s=7 threadsLeft=0
  t=11 time=0.000324
t=12 s=8 threadsLeft=2
t=12 s=2 threadsLeft=1
t=12 s=1 threadsLeft=0
  t=12 time=0.000327
t=13 s=9 threadsLeft=1
t=13 s=2 threadsLeft=0
  t=13 time=0.000307
t=14 s=10 threadsLeft=2
t=14 s=2 threadsLeft=1
t=14 s=3 threadsLeft=0
  t=14 time=0.000339
t=15 s=4 threadsLeft=2
t=15 s=11 threadsLeft=1
t=15 s=3 threadsLeft=0
  t=15 time=0.000452
t=16 s=12 threadsLeft=1
t=16 s=3 threadsLeft=0
  t=16 time=0.000325
t=17 s=13 threadsLeft=1
t=17 s=4 threadsLeft=0
  t=17 time=0.0003
t=18 s=14 threadsLeft=1
t=18 s=5 threadsLeft=0
  t=18 time=0.000291
t=19 s=15 threadsLeft=0
  t=19 time=0.00028
t=20 s=16 threadsLeft=4
t=20 s=1 threadsLeft=3
t=20 s=5 threadsLeft=2
t=20 s=2 threadsLeft=1
t=20 s=6 threadsLeft=0
  t=20 time=0.000476
t=21 s=17 threadsLeft=3
t=21 s=6 threadsLeft=2
t=21 s=3 threadsLeft=1
t=21 s=2 threadsLeft=0
  t=21 time=0.000374
t=22 s=18 threadsLeft=4
t=22 s=7 threadsLeft=3
t=22 s=4 threadsLeft=2
t=22 s=3 threadsLeft=1
t=22 s=2 threadsLeft=0
  t=22 time=0.000414
t=23 s=19 threadsLeft=2
t=23 s=5 threadsLeft=1
t=23 s=4 threadsLeft=0
  t=23 time=0.000343
t=24 s=20 threadsLeft=5
t=24 s=6 threadsLeft=4
t=24 s=5 threadsLeft=3
t=24 s=5 threadsLeft=2
t=24 s=3 threadsLeft=1
t=24 s=2 threadsLeft=0
  t=24 time=0.000384
t=25 s=21 threadsLeft=3
t=25 s=3 threadsLeft=2
t=25 s=6 threadsLeft=1
t=25 s=4 threadsLeft=0
  t=25 time=0.000438
t=26 s=22 threadsLeft=6
t=26 s=7 threadsLeft=5
t=26 s=6 threadsLeft=4
t=26 s=5 threadsLeft=3
t=26 s=4 threadsLeft=2
t=26 s=3 threadsLeft=1
t=26 s=4 threadsLeft=0
  t=26 time=0.000534
t=27 s=23 threadsLeft=4
t=27 s=8 threadsLeft=3
t=27 s=7 threadsLeft=2
t=27 s=6 threadsLeft=1
t=27 s=5 threadsLeft=0
  t=27 time=0.000406
t=28 s=24 threadsLeft=3
t=28 s=7 threadsLeft=2
t=28 s=4 threadsLeft=1
t=28 s=3 threadsLeft=0
  t=28 time=0.000369
t=29 s=25 threadsLeft=2
t=29 s=8 threadsLeft=1
t=29 s=5 threadsLeft=0
  t=29 time=0.000494
t=30 s=26 threadsLeft=4
t=30 s=9 threadsLeft=3
t=30 s=6 threadsLeft=2
t=30 s=5 threadsLeft=1
t=30 s=4 threadsLeft=0
  t=30 time=0.00051
t=31 s=27 threadsLeft=1
t=31 s=4 threadsLeft=0
  t=31 time=0.000524
t=32 s=28 threadsLeft=3
t=32 s=10 threadsLeft=2
t=32 s=9 threadsLeft=1
t=32 s=5 threadsLeft=0
  t=32 time=0.000551
t=33 s=29 threadsLeft=3
t=33 s=10 threadsLeft=2
t=33 s=6 threadsLeft=1
t=33 s=5 threadsLeft=0
  t=33 time=0.000602
t=34 s=30 threadsLeft=3
t=34 s=11 threadsLeft=2
t=34 s=8 threadsLeft=1
t=34 s=7 threadsLeft=0
  t=34 time=0.000538
t=35 s=31 threadsLeft=2
t=35 s=8 threadsLeft=1
t=35 s=9 threadsLeft=0
  t=35 time=0.000464
t=36 s=32 threadsLeft=6
t=36 s=10 threadsLeft=5
t=36 s=9 threadsLeft=4
t=36 s=9 threadsLeft=3
t=36 s=1 threadsLeft=2
t=36 s=2 threadsLeft=1
t=36 s=6 threadsLeft=0
  t=36 time=0.000645
t=37 s=33 threadsLeft=5
t=37 s=10 threadsLeft=4
t=37 s=8 threadsLeft=3
t=37 s=7 threadsLeft=2
t=37 s=2 threadsLeft=1
t=37 s=3 threadsLeft=0
  t=37 time=0.000835
t=38 s=34 threadsLeft=8
t=38 s=11 threadsLeft=7
t=38 s=9 threadsLeft=6
t=38 s=10 threadsLeft=5
t=38 s=8 threadsLeft=4
t=38 s=2 threadsLeft=3
t=38 s=3 threadsLeft=2
t=38 s=3 threadsLeft=1
t=38 s=4 threadsLeft=0
  t=38 time=0.00112
t=39 s=35 threadsLeft=6
t=39 s=12 threadsLeft=5
t=39 s=11 threadsLeft=4
t=39 s=10 threadsLeft=3
t=39 s=9 threadsLeft=2
t=39 s=4 threadsLeft=1
t=39 s=5 threadsLeft=0
  t=39 time=0.000737
t=40 s=36 threadsLeft=9
t=40 s=11 threadsLeft=8
t=40 s=8 threadsLeft=7
t=40 s=6 threadsLeft=6
t=40 s=7 threadsLeft=5
t=40 s=5 threadsLeft=4
t=40 s=2 threadsLeft=3
t=40 s=5 threadsLeft=2
t=40 s=3 threadsLeft=1
t=40 s=4 threadsLeft=0
  t=40 time=0.000865
t=41 s=37 threadsLeft=7
t=41 s=12 threadsLeft=6
t=41 s=9 threadsLeft=5
t=41 s=8 threadsLeft=4
t=41 s=6 threadsLeft=3
t=41 s=7 threadsLeft=2
t=41 s=3 threadsLeft=1
t=41 s=4 threadsLeft=0
  t=41 time=0.000995
t=42 s=38 threadsLeft=8
t=42 s=13 threadsLeft=7
t=42 s=10 threadsLeft=6
t=42 s=9 threadsLeft=5
t=42 s=8 threadsLeft=4
t=42 s=6 threadsLeft=3
t=42 s=7 threadsLeft=2
t=42 s=5 threadsLeft=1
t=42 s=4 threadsLeft=0
  t=42 time=0.000872
t=43 s=39 threadsLeft=4
t=43 s=8 threadsLeft=3
t=43 s=8 threadsLeft=2
t=43 s=9 threadsLeft=1
t=43 s=7 threadsLeft=0
  t=43 time=0.000631
t=44 s=40 threadsLeft=11
t=44 s=14 threadsLeft=10
t=44 s=13 threadsLeft=9
t=44 s=9 threadsLeft=8
t=44 s=10 threadsLeft=7
t=44 s=9 threadsLeft=6
t=44 s=7 threadsLeft=5
t=44 s=8 threadsLeft=4
t=44 s=2 threadsLeft=3
t=44 s=6 threadsLeft=2
t=44 s=3 threadsLeft=1
t=44 s=5 threadsLeft=0
  t=44 time=0.00112
t=45 s=41 threadsLeft=6
t=45 s=14 threadsLeft=5
t=45 s=10 threadsLeft=4
t=45 s=11 threadsLeft=3
t=45 s=10 threadsLeft=2
t=45 s=9 threadsLeft=1
t=45 s=3 threadsLeft=0
  t=45 time=0.001553
t=46 s=42 threadsLeft=10
t=46 s=15 threadsLeft=9
t=46 s=12 threadsLeft=8
t=46 s=11 threadsLeft=7
t=46 s=7 threadsLeft=6
t=46 s=8 threadsLeft=5
t=46 s=6 threadsLeft=4
t=46 s=5 threadsLeft=3
t=46 s=4 threadsLeft=2
t=46 s=3 threadsLeft=1
t=46 s=4 threadsLeft=0
  t=46 time=0.001998
t=47 s=43 threadsLeft=7
t=47 s=13 threadsLeft=6
t=47 s=12 threadsLeft=5
t=47 s=9 threadsLeft=4
t=47 s=8 threadsLeft=3
t=47 s=4 threadsLeft=2
t=47 s=6 threadsLeft=1
t=47 s=5 threadsLeft=0
  t=47 time=0.001768
t=48 s=44 threadsLeft=13
t=48 s=14 threadsLeft=12
t=48 s=13 threadsLeft=11
t=48 s=13 threadsLeft=10
t=48 s=10 threadsLeft=9
t=48 s=9 threadsLeft=8
t=48 s=7 threadsLeft=7
t=48 s=6 threadsLeft=6
t=48 s=7 threadsLeft=5
t=48 s=6 threadsLeft=4
t=48 s=5 threadsLeft=3
t=48 s=3 threadsLeft=2
t=48 s=4 threadsLeft=1
t=48 s=4 threadsLeft=0
  t=48 time=0.002351
t=49 s=45 threadsLeft=9
t=49 s=14 threadsLeft=8
t=49 s=8 threadsLeft=7
t=49 s=12 threadsLeft=6
t=49 s=11 threadsLeft=5
t=49 s=7 threadsLeft=4
t=49 s=8 threadsLeft=3
t=49 s=5 threadsLeft=2
t=49 s=5 threadsLeft=1
t=49 s=4 threadsLeft=0
  t=49 time=0.001981
t=50 s=46 threadsLeft=10
t=50 s=15 threadsLeft=9
t=50 s=14 threadsLeft=8
t=50 s=13 threadsLeft=7
t=50 s=12 threadsLeft=6
t=50 s=9 threadsLeft=5
t=50 s=8 threadsLeft=4
t=50 s=7 threadsLeft=3
t=50 s=6 threadsLeft=2
t=50 s=6 threadsLeft=1
t=50 s=5 threadsLeft=0
  t=50 time=0.001844
t=51 s=47 threadsLeft=6
t=51 s=16 threadsLeft=5
t=51 s=15 threadsLeft=4
t=51 s=14 threadsLeft=3
t=51 s=13 threadsLeft=2
t=51 s=10 threadsLeft=1
t=51 s=9 threadsLeft=0
  t=51 time=0.000743
t=52 s=48 threadsLeft=9
t=52 s=15 threadsLeft=8
t=52 s=8 threadsLeft=7
t=52 s=9 threadsLeft=6
t=52 s=12 threadsLeft=5
t=52 s=11 threadsLeft=4
t=52 s=7 threadsLeft=3
t=52 s=4 threadsLeft=2
t=52 s=3 threadsLeft=1
t=52 s=6 threadsLeft=0
  t=52 time=0.002156
t=53 s=49 threadsLeft=6
t=53 s=16 threadsLeft=5
t=53 s=13 threadsLeft=4
t=53 s=12 threadsLeft=3
t=53 s=5 threadsLeft=2
t=53 s=7 threadsLeft=1
t=53 s=4 threadsLeft=0
  t=53 time=0.003144
t=54 s=50 threadsLeft=8
t=54 s=17 threadsLeft=7
t=54 s=14 threadsLeft=6
t=54 s=13 threadsLeft=5
t=54 s=10 threadsLeft=4
t=54 s=8 threadsLeft=3
t=54 s=5 threadsLeft=2
t=54 s=6 threadsLeft=1
t=54 s=5 threadsLeft=0
  t=54 time=0.003284
t=55 s=51 threadsLeft=5
t=55 s=12 threadsLeft=4
t=55 s=9 threadsLeft=3
t=55 s=11 threadsLeft=2
t=55 s=10 threadsLeft=1
t=55 s=6 threadsLeft=0
  t=55 time=0.002317
[38;2;000;128;000mTime: 0.784921s (2025-04-15 14:14:05)
[0m
[38;2;200;255;255mFile: [0m
/Users/es2483/apps/SSeqCpp/Adams/../include/algebras/myio.h(79:90)
[38;2;200;255;255mFunction: [0m
``:
[38;2;200;255;255mError: [0m
File Cnu_Adams_res.db does not exist.

t=5 s=1 threadsLeft=0
  t=5 time=0.000377
t=6 s=2 threadsLeft=1
t=6 s=1 threadsLeft=0
  t=6 time=0.000372
t=7 s=3 threadsLeft=0
  t=7 time=0.0003
t=8 s=4 threadsLeft=2
t=8 s=2 threadsLeft=1
t=8 s=1 threadsLeft=0
  t=8 time=0.000313
t=9 s=5 threadsLeft=1
t=9 s=2 threadsLeft=0
  t=9 time=0.000325
t=10 s=6 threadsLeft=1
t=10 s=3 threadsLeft=0
  t=10 time=0.000335
t=11 s=7 threadsLeft=0
  t=11 time=0.000309
t=12 s=8 threadsLeft=2
t=12 s=2 threadsLeft=1
t=12 s=1 threadsLeft=0
  t=12 time=0.000304
t=13 s=9 threadsLeft=1
t=13 s=2 threadsLeft=0
  t=13 time=0.0003
t=14 s=10 threadsLeft=2
t=14 s=3 threadsLeft=1
t=14 s=2 threadsLeft=0
  t=14 time=0.000352
t=15 s=11 threadsLeft=2
t=15 s=4 threadsLeft=1
t=15 s=3 threadsLeft=0
  t=15 time=0.000355
t=16 s=12 threadsLeft=1
t=16 s=3 threadsLeft=0
  t=16 time=0.000345
t=17 s=13 threadsLeft=1
t=17 s=4 threadsLeft=0
  t=17 time=0.000378
t=18 s=14 threadsLeft=1
t=18 s=5 threadsLeft=0
  t=18 time=0.0004
t=19 s=15 threadsLeft=0
  t=19 time=0.000441
t=20 s=16 threadsLeft=4
t=20 s=6 threadsLeft=3
t=20 s=5 threadsLeft=2
t=20 s=2 threadsLeft=1
t=20 s=1 threadsLeft=0
  t=20 time=0.000443
t=21 s=17 threadsLeft=3
t=21 s=6 threadsLeft=2
t=21 s=2 threadsLeft=1
t=21 s=3 threadsLeft=0
  t=21 time=0.000421
t=22 s=18 threadsLeft=4
t=22 s=7 threadsLeft=3
t=22 s=4 threadsLeft=2
t=22 s=3 threadsLeft=1
t=22 s=2 threadsLeft=0
  t=22 time=0.00043
t=23 s=19 threadsLeft=2
t=23 s=5 threadsLeft=1
t=23 s=4 threadsLeft=0
  t=23 time=0.000401
t=24 s=20 threadsLeft=5
t=24 s=6 threadsLeft=4
t=24 s=5 threadsLeft=3
t=24 s=5 threadsLeft=2
t=24 s=3 threadsLeft=1
t=24 s=2 threadsLeft=0
  t=24 time=0.000449
t=25 s=21 threadsLeft=3
t=25 s=6 threadsLeft=2
t=25 s=4 threadsLeft=1
t=25 s=3 threadsLeft=0
  t=25 time=0.000476
t=26 s=22 threadsLeft=6
t=26 s=7 threadsLeft=5
t=26 s=6 threadsLeft=4
t=26 s=5 threadsLeft=3
t=26 s=4 threadsLeft=2
t=26 s=4 threadsLeft=1
t=26 s=3 threadsLeft=0
  t=26 time=0.000523
t=27 s=23 threadsLeft=4
t=27 s=8 threadsLeft=3
t=27 s=7 threadsLeft=2
t=27 s=6 threadsLeft=1
t=27 s=5 threadsLeft=0
  t=27 time=0.000496
t=28 s=24 threadsLeft=3
t=28 s=7 threadsLeft=2
t=28 s=4 threadsLeft=1
t=28 s=3 threadsLeft=0
  t=28 time=0.000367
t=29 s=25 threadsLeft=2
t=29 s=8 threadsLeft=1
t=29 s=5 threadsLeft=0
  t=29 time=0.000336
t=30 s=26 threadsLeft=4
t=30 s=9 threadsLeft=3
t=30 s=6 threadsLeft=2
t=30 s=5 threadsLeft=1
t=30 s=4 threadsLeft=0
  t=30 time=0.000438
t=31 s=27 threadsLeft=1
t=31 s=4 threadsLeft=0
  t=31 time=0.000357
t=32 s=28 threadsLeft=3
t=32 s=10 threadsLeft=2
t=32 s=9 threadsLeft=1
t=32 s=5 threadsLeft=0
  t=32 time=0.000429
t=33 s=29 threadsLeft=3
t=33 s=10 threadsLeft=2
t=33 s=6 threadsLeft=1
t=33 s=5 threadsLeft=0
  t=33 time=0.000453
t=34 s=30 threadsLeft=3
t=34 s=11 threadsLeft=2
t=34 s=8 threadsLeft=1
t=34 s=7 threadsLeft=0
  t=34 time=0.000387
t=35 s=31 threadsLeft=2
t=35 s=9 threadsLeft=1
t=35 s=8 threadsLeft=0
  t=35 time=0.000326
t=36 s=32 threadsLeft=6
t=36 s=10 threadsLeft=5
t=36 s=9 threadsLeft=4
t=36 s=9 threadsLeft=3
t=36 s=1 threadsLeft=2
t=36 s=2 threadsLeft=1
t=36 s=6 threadsLeft=0
  t=36 time=0.000508
t=37 s=33 threadsLeft=5
t=37 s=10 threadsLeft=4
t=37 s=8 threadsLeft=3
t=37 s=7 threadsLeft=2
t=37 s=2 threadsLeft=1
t=37 s=3 threadsLeft=0
  t=37 time=0.000715
t=38 s=34 threadsLeft=8
t=38 s=11 threadsLeft=7
t=38 s=9 threadsLeft=6
t=38 s=8 threadsLeft=5
t=38 s=10 threadsLeft=4
t=38 s=2 threadsLeft=3
t=38 s=3 threadsLeft=2
t=38 s=4 threadsLeft=1
t=38 s=3 threadsLeft=0
  t=38 time=0.001011
t=39 s=35 threadsLeft=6
t=39 s=12 threadsLeft=5
t=39 s=11 threadsLeft=4
t=39 s=10 threadsLeft=3
t=39 s=9 threadsLeft=2
t=39 s=4 threadsLeft=1
t=39 s=5 threadsLeft=0
  t=39 time=0.00073
t=40 s=36 threadsLeft=9
t=40 s=11 threadsLeft=8
t=40 s=8 threadsLeft=7
t=40 s=6 threadsLeft=6
t=40 s=5 threadsLeft=5
t=40 s=2 threadsLeft=4
t=40 s=3 threadsLeft=3
t=40 s=7 threadsLeft=2
t=40 s=5 threadsLeft=1
t=40 s=4 threadsLeft=0
  t=40 time=0.000893
t=41 s=37 threadsLeft=7
t=41 s=12 threadsLeft=6
t=41 s=9 threadsLeft=5
t=41 s=8 threadsLeft=4
t=41 s=6 threadsLeft=3
t=41 s=7 threadsLeft=2
t=41 s=3 threadsLeft=1
t=41 s=4 threadsLeft=0
  t=41 time=0.001025
t=42 s=38 threadsLeft=8
t=42 s=13 threadsLeft=7
t=42 s=10 threadsLeft=6
t=42 s=9 threadsLeft=5
t=42 s=7 threadsLeft=4
t=42 s=8 threadsLeft=3
t=42 s=6 threadsLeft=2
t=42 s=5 threadsLeft=1
t=42 s=4 threadsLeft=0
  t=42 time=0.000874
t=43 s=39 threadsLeft=4
t=43 s=8 threadsLeft=3
t=43 s=9 threadsLeft=2
t=43 s=8 threadsLeft=1
t=43 s=7 threadsLeft=0
  t=43 time=0.000571
t=44 s=40 threadsLeft=11
t=44 s=14 threadsLeft=10
t=44 s=13 threadsLeft=9
t=44 s=10 threadsLeft=8
t=44 s=9 threadsLeft=7
t=44 s=9 threadsLeft=6
t=44 s=7 threadsLeft=5
t=44 s=2 threadsLeft=4
t=44 s=8 threadsLeft=3
t=44 s=3 threadsLeft=2
t=44 s=5 threadsLeft=1
t=44 s=6 threadsLeft=0
  t=44 time=0.001128
t=45 s=41 threadsLeft=6
t=45 s=14 threadsLeft=5
t=45 s=10 threadsLeft=4
t=45 s=11 threadsLeft=3
t=45 s=10 threadsLeft=2
t=45 s=9 threadsLeft=1
t=45 s=3 threadsLeft=0
  t=45 time=0.001556
t=46 s=42 threadsLeft=10
t=46 s=15 threadsLeft=9
t=46 s=12 threadsLeft=8
t=46 s=11 threadsLeft=7
t=46 s=7 threadsLeft=6
t=46 s=8 threadsLeft=5
t=46 s=6 threadsLeft=4
t=46 s=3 threadsLeft=3
t=46 s=5 threadsLeft=2
t=46 s=4 threadsLeft=1
t=46 s=4 threadsLeft=0
  t=46 time=0.002032
t=47 s=43 threadsLeft=7
t=47 s=13 threadsLeft=6
t=47 s=12 threadsLeft=5
t=47 s=9 threadsLeft=4
t=47 s=8 threadsLeft=3
t=47 s=5 threadsLeft=2
t=47 s=6 threadsLeft=1
t=47 s=4 threadsLeft=0
  t=47 time=0.001647
t=48 s=44 threadsLeft=13
t=48 s=14 threadsLeft=12
t=48 s=13 threadsLeft=11
t=48 s=13 threadsLeft=10
t=48 s=10 threadsLeft=9
t=48 s=9 threadsLeft=8
t=48 s=7 threadsLeft=7
t=48 s=6 threadsLeft=6
t=48 s=7 threadsLeft=5
t=48 s=6 threadsLeft=4
t=48 s=3 threadsLeft=3
t=48 s=5 threadsLeft=2
t=48 s=4 threadsLeft=1
t=48 s=4 threadsLeft=0
  t=48 time=0.002316
t=49 s=45 threadsLeft=9
t=49 s=14 threadsLeft=8
t=49 s=12 threadsLeft=7
t=49 s=8 threadsLeft=6
t=49 s=11 threadsLeft=5
t=49 s=7 threadsLeft=4
t=49 s=8 threadsLeft=3
t=49 s=5 threadsLeft=2
t=49 s=5 threadsLeft=1
t=49 s=4 threadsLeft=0
  t=49 time=0.002121
t=50 s=46 threadsLeft=10
t=50 s=15 threadsLeft=9
t=50 s=14 threadsLeft=8
t=50 s=13 threadsLeft=7
t=50 s=12 threadsLeft=6
t=50 s=9 threadsLeft=5
t=50 s=8 threadsLeft=4
t=50 s=7 threadsLeft=3
t=50 s=6 threadsLeft=2
t=50 s=6 threadsLeft=1
t=50 s=5 threadsLeft=0
  t=50 time=0.001886
t=51 s=47 threadsLeft=6
t=51 s=16 threadsLeft=5
t=51 s=15 threadsLeft=4
t=51 s=14 threadsLeft=3
t=51 s=13 threadsLeft=2
t=51 s=10 threadsLeft=1
t=51 s=9 threadsLeft=0
  t=51 time=0.000729
t=52 s=48 threadsLeft=9
t=52 s=15 threadsLeft=8
t=52 s=12 threadsLeft=7
t=52 s=8 threadsLeft=6
t=52 s=9 threadsLeft=5
t=52 s=11 threadsLeft=4
t=52 s=7 threadsLeft=3
t=52 s=4 threadsLeft=2
t=52 s=3 threadsLeft=1
t=52 s=6 threadsLeft=0
  t=52 time=0.002253
t=53 s=49 threadsLeft=6
t=53 s=16 threadsLeft=5
t=53 s=13 threadsLeft=4
t=53 s=12 threadsLeft=3
t=53 s=5 threadsLeft=2
t=53 s=7 threadsLeft=1
t=53 s=4 threadsLeft=0
  t=53 time=0.003293
t=54 s=50 threadsLeft=8
t=54 s=17 threadsLeft=7
t=54 s=14 threadsLeft=6
t=54 s=13 threadsLeft=5
t=54 s=10 threadsLeft=4
t=54 s=8 threadsLeft=3
t=54 s=5 threadsLeft=2
t=54 s=6 threadsLeft=1
t=54 s=5 threadsLeft=0
  t=54 time=0.003396
t=55 s=51 threadsLeft=5
t=55 s=12 threadsLeft=4
t=55 s=9 threadsLeft=3
t=55 s=11 threadsLeft=2
t=55 s=10 threadsLeft=1
t=55 s=6 threadsLeft=0
  t=55 time=0.002308
t=56 s=52 threadsLeft=9
t=56 s=18 threadsLeft=8
t=56 s=17 threadsLeft=7
t=56 s=13 threadsLeft=6
t=56 s=12 threadsLeft=5
t=56 s=11 threadsLeft=4
t=56 s=5 threadsLeft=3
t=56 s=7 threadsLeft=2
t=56 s=6 threadsLeft=1
t=56 s=4 threadsLeft=0
  t=56 time=0.003623
t=57 s=53 threadsLeft=6
t=57 s=18 threadsLeft=5
t=57 s=13 threadsLeft=4
t=57 s=14 threadsLeft=3
t=57 s=7 threadsLeft=2
t=57 s=6 threadsLeft=1
t=57 s=5 threadsLeft=0
  t=57 time=0.003995
t=58 s=54 threadsLeft=12
t=58 s=19 threadsLeft=11
t=58 s=16 threadsLeft=10
t=58 s=9 threadsLeft=9
t=58 s=15 threadsLeft=8
t=58 s=10 threadsLeft=7
t=58 s=11 threadsLeft=6
t=58 s=12 threadsLeft=5
t=58 s=8 threadsLeft=4
t=58 s=7 threadsLeft=3
t=58 s=5 threadsLeft=2
t=58 s=6 threadsLeft=1
t=58 s=4 threadsLeft=0
  t=58 time=0.005399
t=59 s=55 threadsLeft=9
t=59 s=17 threadsLeft=8
t=59 s=16 threadsLeft=7
t=59 s=13 threadsLeft=6
t=59 s=12 threadsLeft=5
t=59 s=8 threadsLeft=4
t=59 s=8 threadsLeft=3
t=59 s=7 threadsLeft=2
t=59 s=7 threadsLeft=1
t=59 s=6 threadsLeft=0
  t=59 time=0.00381
t=60 s=56 threadsLeft=8
t=60 s=18 threadsLeft=7
t=60 s=17 threadsLeft=6
t=60 s=17 threadsLeft=5
t=60 s=14 threadsLeft=4
t=60 s=13 threadsLeft=3
t=60 s=8 threadsLeft=2
t=60 s=6 threadsLeft=1
t=60 s=5 threadsLeft=0
  t=60 time=0.004466
t=61 s=57 threadsLeft=10
t=61 s=18 threadsLeft=9
t=61 s=16 threadsLeft=8
t=61 s=10 threadsLeft=7
t=61 s=15 threadsLeft=6
t=61 s=11 threadsLeft=5
t=61 s=12 threadsLeft=4
t=61 s=9 threadsLeft=3
t=61 s=9 threadsLeft=2
t=61 s=5 threadsLeft=1
t=61 s=6 threadsLeft=0
  t=61 time=0.005442
t=62 s=58 threadsLeft=7
t=62 s=19 threadsLeft=6
t=62 s=18 threadsLeft=5
t=62 s=17 threadsLeft=4
t=62 s=16 threadsLeft=3
t=62 s=7 threadsLeft=2
t=62 s=6 threadsLeft=1
t=62 s=5 threadsLeft=0
  t=62 time=0.007616
t=63 s=59 threadsLeft=5
t=63 s=20 threadsLeft=4
t=63 s=18 threadsLeft=3
t=63 s=19 threadsLeft=2
t=63 s=17 threadsLeft=1
t=63 s=8 threadsLeft=0
  t=63 time=0.002811
t=64 s=60 threadsLeft=13
t=64 s=16 threadsLeft=12
t=64 s=19 threadsLeft=11
t=64 s=11 threadsLeft=10
t=64 s=10 threadsLeft=9
t=64 s=15 threadsLeft=8
t=64 s=13 threadsLeft=7
t=64 s=12 threadsLeft=6
t=64 s=14 threadsLeft=5
t=64 s=9 threadsLeft=4
t=64 s=13 threadsLeft=3
t=64 s=7 threadsLeft=2
t=64 s=8 threadsLeft=1
t=64 s=6 threadsLeft=0
  t=64 time=0.006196
t=65 s=61 threadsLeft=5
t=65 s=20 threadsLeft=4
t=65 s=17 threadsLeft=3
t=65 s=16 threadsLeft=2
t=65 s=14 threadsLeft=1
t=65 s=15 threadsLeft=0
  t=65 time=0.000904
t=66 s=62 threadsLeft=9
t=66 s=21 threadsLeft=8
t=66 s=18 threadsLeft=7
t=66 s=17 threadsLeft=6
t=66 s=16 threadsLeft=5
t=66 s=15 threadsLeft=4
t=66 s=14 threadsLeft=3
t=66 s=9 threadsLeft=2
t=66 s=8 threadsLeft=1
t=66 s=7 threadsLeft=0
  t=66 time=0.006743
t=67 s=63 threadsLeft=10
t=67 s=16 threadsLeft=9
t=67 s=17 threadsLeft=8
t=67 s=11 threadsLeft=7
t=67 s=12 threadsLeft=6
t=67 s=13 threadsLeft=5
t=67 s=16 threadsLeft=4
t=67 s=15 threadsLeft=3
t=67 s=14 threadsLeft=2
t=67 s=10 threadsLeft=1
t=67 s=9 threadsLeft=0
  t=67 time=0.003791
t=68 s=64 threadsLeft=14
t=68 s=22 threadsLeft=13
t=68 s=21 threadsLeft=12
t=68 s=18 threadsLeft=11
t=68 s=17 threadsLeft=10
t=68 s=1 threadsLeft=9
t=68 s=17 threadsLeft=8
t=68 s=16 threadsLeft=7
t=68 s=15 threadsLeft=6
t=68 s=2 threadsLeft=5
t=68 s=10 threadsLeft=4
t=68 s=11 threadsLeft=3
t=68 s=10 threadsLeft=2
t=68 s=7 threadsLeft=1
t=68 s=6 threadsLeft=0
  t=68 time=0.008963
t=69 s=65 threadsLeft=15
t=69 s=22 threadsLeft=14
t=69 s=18 threadsLeft=13
t=69 s=19 threadsLeft=12
t=69 s=17 threadsLeft=11
t=69 s=18 threadsLeft=10
t=69 s=2 threadsLeft=9
t=69 s=11 threadsLeft=8
t=69 s=11 threadsLeft=7
t=69 s=12 threadsLeft=6
t=69 s=9 threadsLeft=5
t=69 s=8 threadsLeft=4
t=69 s=3 threadsLeft=3
t=69 s=7 threadsLeft=2
t=69 s=8 threadsLeft=1
t=69 s=4 threadsLeft=0
  t=69 time=0.019317
t=70 s=66 threadsLeft=20
t=70 s=23 threadsLeft=19
t=70 s=20 threadsLeft=18
t=70 s=19 threadsLeft=17
t=70 s=13 threadsLeft=16
t=70 s=12 threadsLeft=15
t=70 s=14 threadsLeft=14
t=70 s=15 threadsLeft=13
t=70 s=11 threadsLeft=12
t=70 s=10 threadsLeft=11
t=70 s=16 threadsLeft=10
t=70 s=2 threadsLeft=9
t=70 s=3 threadsLeft=8
t=70 s=13 threadsLeft=7
t=70 s=12 threadsLeft=6
t=70 s=10 threadsLeft=5
t=70 s=9 threadsLeft=4
t=70 s=3 threadsLeft=3
t=70 s=9 threadsLeft=2
t=70 s=8 threadsLeft=1
t=70 s=4 threadsLeft=0
  t=70 time=0.023635
t=71 s=67 threadsLeft=16
t=71 s=21 threadsLeft=15
t=71 s=20 threadsLeft=14
t=71 s=17 threadsLeft=13
t=71 s=16 threadsLeft=12
t=71 s=13 threadsLeft=11
t=71 s=14 threadsLeft=10
t=71 s=4 threadsLeft=9
t=71 s=12 threadsLeft=8
t=71 s=11 threadsLeft=7
t=71 s=10 threadsLeft=6
t=71 s=6 threadsLeft=5
t=71 s=5 threadsLeft=4
t=71 s=6 threadsLeft=3
t=71 s=7 threadsLeft=2
t=71 s=5 threadsLeft=1
t=71 s=5 threadsLeft=0
  t=71 time=0.037329
t=72 s=68 threadsLeft=19
t=72 s=22 threadsLeft=18
t=72 s=21 threadsLeft=17
t=72 s=21 threadsLeft=16
t=72 s=18 threadsLeft=15
t=72 s=17 threadsLeft=14
t=72 s=2 threadsLeft=13
t=72 s=15 threadsLeft=12
t=72 s=14 threadsLeft=11
t=72 s=5 threadsLeft=10
t=72 s=12 threadsLeft=9
t=72 s=11 threadsLeft=8
t=72 s=3 threadsLeft=7
t=72 s=3 threadsLeft=6
t=72 s=7 threadsLeft=5
t=72 s=7 threadsLeft=4
t=72 s=8 threadsLeft=3
t=72 s=6 threadsLeft=2
t=72 s=4 threadsLeft=1
t=72 s=6 threadsLeft=0
  t=72 time=0.032822
t=73 s=69 threadsLeft=21
t=73 s=22 threadsLeft=20
t=73 s=13 threadsLeft=19
t=73 s=19 threadsLeft=18
t=73 s=14 threadsLeft=17
t=73 s=12 threadsLeft=16
t=73 s=15 threadsLeft=15
t=73 s=20 threadsLeft=14
t=73 s=16 threadsLeft=13
t=73 s=16 threadsLeft=12
t=73 s=15 threadsLeft=11
t=73 s=13 threadsLeft=10
t=73 s=6 threadsLeft=9
t=73 s=9 threadsLeft=8
t=73 s=10 threadsLeft=7
t=73 s=9 threadsLeft=6
t=73 s=3 threadsLeft=5
t=73 s=8 threadsLeft=4
t=73 s=7 threadsLeft=3
t=73 s=6 threadsLeft=2
t=73 s=5 threadsLeft=1
t=73 s=4 threadsLeft=0
  t=73 time=0.032496
t=74 s=70 threadsLeft=18
t=74 s=23 threadsLeft=17
t=74 s=22 threadsLeft=16
t=74 s=21 threadsLeft=15
t=74 s=20 threadsLeft=14
t=74 s=16 threadsLeft=13
t=74 s=17 threadsLeft=12
t=74 s=11 threadsLeft=11
t=74 s=7 threadsLeft=10
t=74 s=10 threadsLeft=9
t=74 s=8 threadsLeft=8
t=74 s=9 threadsLeft=7
t=74 s=8 threadsLeft=6
t=74 s=7 threadsLeft=5
t=74 s=4 threadsLeft=4
t=74 s=8 threadsLeft=3
t=74 s=7 threadsLeft=2
t=74 s=6 threadsLeft=1
t=74 s=5 threadsLeft=0
  t=74 time=0.034349
t=75 s=71 threadsLeft=16
t=75 s=23 threadsLeft=15
t=75 s=22 threadsLeft=14
t=75 s=24 threadsLeft=13
t=75 s=21 threadsLeft=12
t=75 s=17 threadsLeft=11
t=75 s=18 threadsLeft=10
t=75 s=12 threadsLeft=9
t=75 s=8 threadsLeft=8
t=75 s=11 threadsLeft=7
t=75 s=11 threadsLeft=6
t=75 s=10 threadsLeft=5
t=75 s=9 threadsLeft=4
t=75 s=7 threadsLeft=3
t=75 s=6 threadsLeft=2
t=75 s=8 threadsLeft=1
t=75 s=7 threadsLeft=0
  t=75 time=0.026371
t=76 s=72 threadsLeft=29
t=76 s=23 threadsLeft=28
t=76 s=13 threadsLeft=27
t=76 s=12 threadsLeft=26
t=76 s=15 threadsLeft=25
t=76 s=20 threadsLeft=24
t=76 s=14 threadsLeft=23
t=76 s=11 threadsLeft=22
t=76 s=17 threadsLeft=21
t=76 s=16 threadsLeft=20
t=76 s=19 threadsLeft=19
t=76 s=12 threadsLeft=18
t=76 s=9 threadsLeft=17
t=76 s=9 threadsLeft=16
t=76 s=11 threadsLeft=15
t=76 s=2 threadsLeft=14
t=76 s=10 threadsLeft=13
t=76 s=10 threadsLeft=12
t=76 s=10 threadsLeft=11
t=76 s=8 threadsLeft=10
t=76 s=9 threadsLeft=9
t=76 s=3 threadsLeft=8
t=76 s=5 threadsLeft=7
t=76 s=8 threadsLeft=6
t=76 s=8 threadsLeft=5
t=76 s=5 threadsLeft=4
t=76 s=7 threadsLeft=3
t=76 s=6 threadsLeft=2
t=76 s=7 threadsLeft=1
t=76 s=4 threadsLeft=0
  t=76 time=0.048084
t=77 s=73 threadsLeft=18
t=77 s=24 threadsLeft=17
t=77 s=21 threadsLeft=16
t=77 s=20 threadsLeft=15
t=77 s=13 threadsLeft=14
t=77 s=10 threadsLeft=13
t=77 s=12 threadsLeft=12
t=77 s=11 threadsLeft=11
t=77 s=11 threadsLeft=10
t=77 s=10 threadsLeft=9
t=77 s=9 threadsLeft=8
t=77 s=3 threadsLeft=7
t=77 s=7 threadsLeft=6
t=77 s=8 threadsLeft=5
t=77 s=7 threadsLeft=4
t=77 s=5 threadsLeft=3
t=77 s=6 threadsLeft=2
t=77 s=6 threadsLeft=1
t=77 s=4 threadsLeft=0
  t=77 time=0.052909
t=78 s=74 threadsLeft=22
t=78 s=25 threadsLeft=21
t=78 s=22 threadsLeft=20
t=78 s=21 threadsLeft=19
t=78 s=18 threadsLeft=18
t=78 s=14 threadsLeft=17
t=78 s=13 threadsLeft=16
t=78 s=11 threadsLeft=15
t=78 s=12 threadsLeft=14
t=78 s=12 threadsLeft=13
t=78 s=11 threadsLeft=12
t=78 s=11 threadsLeft=11
t=78 s=9 threadsLeft=10
t=78 s=10 threadsLeft=9
t=78 s=10 threadsLeft=8
t=78 s=3 threadsLeft=7
t=78 s=9 threadsLeft=6
t=78 s=4 threadsLeft=5
t=78 s=8 threadsLeft=4
t=78 s=7 threadsLeft=3
t=78 s=5 threadsLeft=2
t=78 s=6 threadsLeft=1
t=78 s=4 threadsLeft=0
  t=78 time=0.07418
t=79 s=75 threadsLeft=19
t=79 s=20 threadsLeft=18
t=79 s=15 threadsLeft=17
t=79 s=14 threadsLeft=16
t=79 s=13 threadsLeft=15
t=79 s=16 threadsLeft=14
t=79 s=17 threadsLeft=13
t=79 s=18 threadsLeft=12
t=79 s=19 threadsLeft=11
t=79 s=10 threadsLeft=10
t=79 s=13 threadsLeft=9
t=79 s=12 threadsLeft=8
t=79 s=5 threadsLeft=7
t=79 s=4 threadsLeft=6
t=79 s=8 threadsLeft=5
t=79 s=7 threadsLeft=4
t=79 s=7 threadsLeft=3
t=79 s=5 threadsLeft=2
t=79 s=6 threadsLeft=1
t=79 s=6 threadsLeft=0
  t=79 time=0.081279
t=80 s=76 threadsLeft=19
t=80 s=26 threadsLeft=18
t=80 s=25 threadsLeft=17
t=80 s=21 threadsLeft=16
t=80 s=20 threadsLeft=15
t=80 s=19 threadsLeft=14
t=80 s=13 threadsLeft=13
t=80 s=14 threadsLeft=12
t=80 s=9 threadsLeft=11
t=80 s=11 threadsLeft=10
t=80 s=8 threadsLeft=9
t=80 s=11 threadsLeft=8
t=80 s=10 threadsLeft=7
t=80 s=10 threadsLeft=6
t=80 s=9 threadsLeft=5
t=80 s=8 threadsLeft=4
t=80 s=4 threadsLeft=3
t=80 s=5 threadsLeft=2
t=80 s=7 threadsLeft=1
t=80 s=6 threadsLeft=0
  t=80 time=0.066109
[38;2;000;128;000mTime: 0.640399s (2025-04-29 19:54:48)
[0m