t=2 s=2 threadsLeft=0
t=2 time=0.000189
t=3 s=3 threadsLeft=0
t=3 time=0.000377
t=4 s=4 threadsLeft=1
t=4 s=2 threadsLeft=0
t=4 time=0.000422
t=5 s=5 threadsLeft=1
t=5 s=2 threadsLeft=0
t=5 time=0.000375
t=6 s=6 threadsLeft=1
t=6 s=3 threadsLeft=0
t=6 time=0.000362
t=7 s=7 threadsLeft=0
t=7 time=0.000367
t=8 s=8 threadsLeft=1
t=8 s=2 threadsLeft=0
t=8 time=0.000375
t=9 s=9 threadsLeft=0
t=9 time=0.00034
t=10 s=10 threadsLeft=0
t=10 time=0.000323
t=11 s=11 threadsLeft=1
t=11 s=3 threadsLeft=0
t=11 time=0.000395
t=12 s=12 threadsLeft=1
t=12 s=4 threadsLeft=0
t=12 time=0.000405
t=13 s=13 threadsLeft=3
t=13 s=5 threadsLeft=2
t=13 s=2 threadsLeft=1
t=13 s=4 threadsLeft=0
t=13 time=0.00047
t=14 s=14 threadsLeft=3
t=14 s=6 threadsLeft=2
t=14 s=5 threadsLeft=1
t=14 s=3 threadsLeft=0
t=14 time=0.00043
t=15 s=15 threadsLeft=1
t=15 s=7 threadsLeft=0
t=15 time=0.000391
t=16 s=16 threadsLeft=4
t=16 s=8 threadsLeft=3
t=16 s=6 threadsLeft=2
t=16 s=2 threadsLeft=1
t=16 s=5 threadsLeft=0
t=16 time=0.000445
t=17 s=17 threadsLeft=3
t=17 s=9 threadsLeft=2
t=17 s=2 threadsLeft=1
t=17 s=6 threadsLeft=0
t=17 time=0.0004
t=18 s=18 threadsLeft=7
t=18 s=10 threadsLeft=6
t=18 s=7 threadsLeft=5
t=18 s=3 threadsLeft=4
t=18 s=2 threadsLeft=3
t=18 s=2 threadsLeft=2
t=18 s=4 threadsLeft=1
t=18 s=3 threadsLeft=0
t=18 time=0.000561
t=19 s=19 threadsLeft=5
t=19 s=11 threadsLeft=4
t=19 s=3 threadsLeft=3
t=19 s=5 threadsLeft=2
t=19 s=4 threadsLeft=1
t=19 s=4 threadsLeft=0
t=19 time=0.000592
t=20 s=20 threadsLeft=7
t=20 s=12 threadsLeft=6
t=20 s=6 threadsLeft=5
t=20 s=2 threadsLeft=4
t=20 s=5 threadsLeft=3
t=20 s=3 threadsLeft=2
t=20 s=3 threadsLeft=1
t=20 s=5 threadsLeft=0
t=20 time=0.000552
t=21 s=21 threadsLeft=5
t=21 s=13 threadsLeft=4
t=21 s=6 threadsLeft=3
t=21 s=3 threadsLeft=2
t=21 s=4 threadsLeft=1
t=21 s=4 threadsLeft=0
t=21 time=0.000596
t=22 s=22 threadsLeft=6
t=22 s=14 threadsLeft=5
t=22 s=7 threadsLeft=4
t=22 s=3 threadsLeft=3
t=22 s=5 threadsLeft=2
t=22 s=4 threadsLeft=1
t=22 s=4 threadsLeft=0
t=22 time=0.000705
t=23 s=23 threadsLeft=5
t=23 s=15 threadsLeft=4
t=23 s=8 threadsLeft=3
t=23 s=7 threadsLeft=2
t=23 s=6 threadsLeft=1
t=23 s=5 threadsLeft=0
t=23 time=0.000549
t=24 s=24 threadsLeft=3
t=24 s=16 threadsLeft=2
t=24 s=4 threadsLeft=1
t=24 s=5 threadsLeft=0
t=24 time=0.000496
t=25 s=25 threadsLeft=6
t=25 s=17 threadsLeft=5
t=25 s=2 threadsLeft=4
t=25 s=8 threadsLeft=3
t=25 s=5 threadsLeft=2
t=25 s=6 threadsLeft=1
t=25 s=3 threadsLeft=0
t=25 time=0.000657
t=26 s=26 threadsLeft=9
t=26 s=18 threadsLeft=8
t=26 s=9 threadsLeft=7
t=26 s=2 threadsLeft=6
t=26 s=5 threadsLeft=5
t=26 s=6 threadsLeft=4
t=26 s=7 threadsLeft=3
t=26 s=3 threadsLeft=2
t=26 s=4 threadsLeft=1
t=26 s=4 threadsLeft=0
t=26 time=0.000944
t=27 s=27 threadsLeft=4
t=27 s=19 threadsLeft=3
t=27 s=4 threadsLeft=2
t=27 s=5 threadsLeft=1
t=27 s=4 threadsLeft=0
t=27 time=0.000845
t=28 s=28 threadsLeft=9
t=28 s=20 threadsLeft=8
t=28 s=10 threadsLeft=7
t=28 s=2 threadsLeft=6
t=28 s=9 threadsLeft=5
t=28 s=6 threadsLeft=4
t=28 s=3 threadsLeft=3
t=28 s=5 threadsLeft=2
t=28 s=5 threadsLeft=1
t=28 s=5 threadsLeft=0
t=28 time=0.00096
t=29 s=29 threadsLeft=5
t=29 s=21 threadsLeft=4
t=29 s=10 threadsLeft=3
t=29 s=3 threadsLeft=2
t=29 s=6 threadsLeft=1
t=29 s=6 threadsLeft=0
t=29 time=0.000731
t=30 s=30 threadsLeft=10
t=30 s=22 threadsLeft=9
t=30 s=11 threadsLeft=8
t=30 s=8 threadsLeft=7
t=30 s=7 threadsLeft=6
t=30 s=6 threadsLeft=5
t=30 s=7 threadsLeft=4
t=30 s=3 threadsLeft=3
t=30 s=4 threadsLeft=2
t=30 s=5 threadsLeft=1
t=30 s=4 threadsLeft=0
t=30 time=0.001327
t=31 s=31 threadsLeft=7
t=31 s=23 threadsLeft=6
t=31 s=9 threadsLeft=5
t=31 s=8 threadsLeft=4
t=31 s=7 threadsLeft=3
t=31 s=8 threadsLeft=2
t=31 s=6 threadsLeft=1
t=31 s=5 threadsLeft=0
t=31 time=0.001653
t=32 s=32 threadsLeft=9
t=32 s=24 threadsLeft=8
t=32 s=2 threadsLeft=7
t=32 s=10 threadsLeft=6
t=32 s=9 threadsLeft=5
t=32 s=9 threadsLeft=4
t=32 s=3 threadsLeft=3
t=32 s=4 threadsLeft=2
t=32 s=7 threadsLeft=1
t=32 s=6 threadsLeft=0
t=32 time=0.001094
t=33 s=33 threadsLeft=8
t=33 s=25 threadsLeft=7
t=33 s=2 threadsLeft=6
t=33 s=10 threadsLeft=5
t=33 s=8 threadsLeft=4
t=33 s=8 threadsLeft=3
t=33 s=7 threadsLeft=2
t=33 s=3 threadsLeft=1
t=33 s=5 threadsLeft=0
t=33 time=0.001483
t=34 s=34 threadsLeft=11
t=34 s=26 threadsLeft=10
t=34 s=11 threadsLeft=9
t=34 s=2 threadsLeft=8
t=34 s=9 threadsLeft=7
t=34 s=8 threadsLeft=6
t=34 s=3 threadsLeft=5
t=34 s=3 threadsLeft=4
t=34 s=4 threadsLeft=3
t=34 s=6 threadsLeft=2
t=34 s=5 threadsLeft=1
t=34 s=4 threadsLeft=0
t=34 time=0.0019
t=35 s=35 threadsLeft=8
t=35 s=27 threadsLeft=7
t=35 s=12 threadsLeft=6
t=35 s=11 threadsLeft=5
t=35 s=10 threadsLeft=4
t=35 s=9 threadsLeft=3
t=35 s=4 threadsLeft=2
t=35 s=4 threadsLeft=1
t=35 s=5 threadsLeft=0
t=35 time=0.002606
t=36 s=36 threadsLeft=11
t=36 s=28 threadsLeft=10
t=36 s=2 threadsLeft=9
t=36 s=5 threadsLeft=8
t=36 s=9 threadsLeft=7
t=36 s=8 threadsLeft=6
t=36 s=3 threadsLeft=5
t=36 s=6 threadsLeft=4
t=36 s=7 threadsLeft=3
t=36 s=5 threadsLeft=2
t=36 s=5 threadsLeft=1
t=36 s=4 threadsLeft=0
t=36 time=0.001729
t=37 s=37 threadsLeft=11
t=37 s=29 threadsLeft=10
t=37 s=12 threadsLeft=9
t=37 s=10 threadsLeft=8
t=37 s=9 threadsLeft=7
t=37 s=6 threadsLeft=6
t=37 s=3 threadsLeft=5
t=37 s=8 threadsLeft=4
t=37 s=7 threadsLeft=3
t=37 s=6 threadsLeft=2
t=37 s=4 threadsLeft=1
t=37 s=5 threadsLeft=0
t=37 time=0.003754
t=38 s=38 threadsLeft=10
t=38 s=30 threadsLeft=9
t=38 s=13 threadsLeft=8
t=38 s=10 threadsLeft=7
t=38 s=11 threadsLeft=6
t=38 s=7 threadsLeft=5
t=38 s=9 threadsLeft=4
t=38 s=8 threadsLeft=3
t=38 s=4 threadsLeft=2
t=38 s=6 threadsLeft=1
t=38 s=5 threadsLeft=0
t=38 time=0.004261
t=39 s=39 threadsLeft=5
t=39 s=31 threadsLeft=4
t=39 s=8 threadsLeft=3
t=39 s=8 threadsLeft=2
t=39 s=9 threadsLeft=1
t=39 s=7 threadsLeft=0
t=39 time=0.001278
t=40 s=40 threadsLeft=14
t=40 s=32 threadsLeft=13
t=40 s=14 threadsLeft=12
t=40 s=2 threadsLeft=11
t=40 s=13 threadsLeft=10
t=40 s=9 threadsLeft=9
t=40 s=10 threadsLeft=8
t=40 s=9 threadsLeft=7
t=40 s=3 threadsLeft=6
t=40 s=9 threadsLeft=5
t=40 s=7 threadsLeft=4
t=40 s=8 threadsLeft=3
t=40 s=6 threadsLeft=2
t=40 s=5 threadsLeft=1
t=40 s=6 threadsLeft=0
t=40 time=0.004453
t=41 s=41 threadsLeft=8
t=41 s=33 threadsLeft=7
t=41 s=14 threadsLeft=6
t=41 s=10 threadsLeft=5
t=41 s=3 threadsLeft=4
t=41 s=10 threadsLeft=3
t=41 s=9 threadsLeft=2
t=41 s=8 threadsLeft=1
t=41 s=7 threadsLeft=0
t=41 time=0.002475
t=42 s=42 threadsLeft=15
t=42 s=34 threadsLeft=14
t=42 s=15 threadsLeft=13
t=42 s=12 threadsLeft=12
t=42 s=11 threadsLeft=11
t=42 s=7 threadsLeft=10
t=42 s=11 threadsLeft=9
t=42 s=10 threadsLeft=8
t=42 s=8 threadsLeft=7
t=42 s=3 threadsLeft=6
t=42 s=9 threadsLeft=5
t=42 s=6 threadsLeft=4
t=42 s=8 threadsLeft=3
t=42 s=4 threadsLeft=2
t=42 s=4 threadsLeft=1
t=42 s=5 threadsLeft=0
t=42 time=0.009828
[38;2;000;128;000mTime: 0.070339s (2025-04-07 00:44:25)
[0mt=2 s=2 threadsLeft=0
t=2 time=0.000309
t=3 s=3 threadsLeft=0
t=3 time=0.000417
t=4 s=4 threadsLeft=1
t=4 s=2 threadsLeft=0
t=4 time=0.000341
t=5 s=5 threadsLeft=1
t=5 s=2 threadsLeft=0
t=5 time=0.000334
t=6 s=6 threadsLeft=1
t=6 s=3 threadsLeft=0
t=6 time=0.000394
t=7 s=7 threadsLeft=0
t=7 time=0.000319
t=8 s=8 threadsLeft=1
t=8 s=2 threadsLeft=0
t=8 time=0.000307
t=9 s=9 threadsLeft=0
t=9 time=0.000377
t=10 s=10 threadsLeft=0
t=10 time=0.000321
t=11 s=11 threadsLeft=1
t=11 s=3 threadsLeft=0
t=11 time=0.00036
t=12 s=12 threadsLeft=1
t=12 s=4 threadsLeft=0
t=12 time=0.000324
t=13 s=13 threadsLeft=3
t=13 s=5 threadsLeft=2
t=13 s=2 threadsLeft=1
t=13 s=4 threadsLeft=0
t=13 time=0.000355
t=14 s=14 threadsLeft=3
t=14 s=6 threadsLeft=2
t=14 s=5 threadsLeft=1
t=14 s=3 threadsLeft=0
t=14 time=0.000372
t=15 s=15 threadsLeft=1
t=15 s=7 threadsLeft=0
t=15 time=0.000333
t=16 s=16 threadsLeft=4
t=16 s=8 threadsLeft=3
t=16 s=6 threadsLeft=2
t=16 s=2 threadsLeft=1
t=16 s=5 threadsLeft=0
t=16 time=0.000546
t=17 s=17 threadsLeft=3
t=17 s=9 threadsLeft=2
t=17 s=2 threadsLeft=1
t=17 s=6 threadsLeft=0
t=17 time=0.00048
t=18 s=18 threadsLeft=7
t=18 s=10 threadsLeft=6
t=18 s=7 threadsLeft=5
t=18 s=2 threadsLeft=4
t=18 s=2 threadsLeft=3
t=18 s=3 threadsLeft=2
t=18 s=3 threadsLeft=1
t=18 s=4 threadsLeft=0
t=18 time=0.000592
t=19 s=19 threadsLeft=5
t=19 s=11 threadsLeft=4
t=19 s=5 threadsLeft=3
t=19 s=3 threadsLeft=2
t=19 s=4 threadsLeft=1
t=19 s=4 threadsLeft=0
t=19 time=0.000614
t=20 s=20 threadsLeft=7
t=20 s=12 threadsLeft=6
t=20 s=6 threadsLeft=5
t=20 s=2 threadsLeft=4
t=20 s=3 threadsLeft=3
t=20 s=5 threadsLeft=2
t=20 s=3 threadsLeft=1
t=20 s=5 threadsLeft=0
t=20 time=0.000676
t=21 s=21 threadsLeft=5
t=21 s=13 threadsLeft=4
t=21 s=6 threadsLeft=3
t=21 s=4 threadsLeft=2
t=21 s=3 threadsLeft=1
t=21 s=4 threadsLeft=0
t=21 time=0.000668
t=22 s=22 threadsLeft=6
t=22 s=14 threadsLeft=5
t=22 s=7 threadsLeft=4
t=22 s=4 threadsLeft=3
t=22 s=3 threadsLeft=2
t=22 s=5 threadsLeft=1
t=22 s=4 threadsLeft=0
t=22 time=0.00071
t=23 s=23 threadsLeft=5
t=23 s=15 threadsLeft=4
t=23 s=8 threadsLeft=3
t=23 s=7 threadsLeft=2
t=23 s=6 threadsLeft=1
t=23 s=5 threadsLeft=0
t=23 time=0.000711
t=24 s=24 threadsLeft=3
t=24 s=16 threadsLeft=2
t=24 s=4 threadsLeft=1
t=24 s=5 threadsLeft=0
t=24 time=0.000526
t=25 s=25 threadsLeft=6
t=25 s=17 threadsLeft=5
t=25 s=2 threadsLeft=4
t=25 s=8 threadsLeft=3
t=25 s=5 threadsLeft=2
t=25 s=6 threadsLeft=1
t=25 s=3 threadsLeft=0
t=25 time=0.000568
t=26 s=26 threadsLeft=9
t=26 s=18 threadsLeft=8
t=26 s=9 threadsLeft=7
t=26 s=2 threadsLeft=6
t=26 s=5 threadsLeft=5
t=26 s=7 threadsLeft=4
t=26 s=6 threadsLeft=3
t=26 s=3 threadsLeft=2
t=26 s=4 threadsLeft=1
t=26 s=4 threadsLeft=0
t=26 time=0.00092
t=27 s=27 threadsLeft=4
t=27 s=19 threadsLeft=3
t=27 s=4 threadsLeft=2
t=27 s=5 threadsLeft=1
t=27 s=4 threadsLeft=0
t=27 time=0.00077
t=28 s=28 threadsLeft=9
t=28 s=20 threadsLeft=8
t=28 s=10 threadsLeft=7
t=28 s=2 threadsLeft=6
t=28 s=9 threadsLeft=5
t=28 s=6 threadsLeft=4
t=28 s=3 threadsLeft=3
t=28 s=5 threadsLeft=2
t=28 s=5 threadsLeft=1
t=28 s=5 threadsLeft=0
t=28 time=0.000943
t=29 s=29 threadsLeft=5
t=29 s=21 threadsLeft=4
t=29 s=10 threadsLeft=3
t=29 s=3 threadsLeft=2
t=29 s=6 threadsLeft=1
t=29 s=6 threadsLeft=0
t=29 time=0.000694
t=30 s=30 threadsLeft=10
t=30 s=22 threadsLeft=9
t=30 s=11 threadsLeft=8
t=30 s=8 threadsLeft=7
t=30 s=7 threadsLeft=6
t=30 s=7 threadsLeft=5
t=30 s=3 threadsLeft=4
t=30 s=6 threadsLeft=3
t=30 s=4 threadsLeft=2
t=30 s=5 threadsLeft=1
t=30 s=4 threadsLeft=0
t=30 time=0.001459
t=31 s=31 threadsLeft=7
t=31 s=23 threadsLeft=6
t=31 s=9 threadsLeft=5
t=31 s=8 threadsLeft=4
t=31 s=7 threadsLeft=3
t=31 s=8 threadsLeft=2
t=31 s=6 threadsLeft=1
t=31 s=5 threadsLeft=0
t=31 time=0.001635
t=32 s=32 threadsLeft=9
t=32 s=24 threadsLeft=8
t=32 s=2 threadsLeft=7
t=32 s=10 threadsLeft=6
t=32 s=9 threadsLeft=5
t=32 s=9 threadsLeft=4
t=32 s=3 threadsLeft=3
t=32 s=4 threadsLeft=2
t=32 s=7 threadsLeft=1
t=32 s=6 threadsLeft=0
t=32 time=0.001226
t=33 s=33 threadsLeft=8
t=33 s=25 threadsLeft=7
t=33 s=2 threadsLeft=6
t=33 s=10 threadsLeft=5
t=33 s=8 threadsLeft=4
t=33 s=7 threadsLeft=3
t=33 s=8 threadsLeft=2
t=33 s=3 threadsLeft=1
t=33 s=5 threadsLeft=0
t=33 time=0.001761
t=34 s=34 threadsLeft=11
t=34 s=26 threadsLeft=10
t=34 s=11 threadsLeft=9
t=34 s=2 threadsLeft=8
t=34 s=9 threadsLeft=7
t=34 s=8 threadsLeft=6
t=34 s=3 threadsLeft=5
t=34 s=3 threadsLeft=4
t=34 s=4 threadsLeft=3
t=34 s=5 threadsLeft=2
t=34 s=6 threadsLeft=1
t=34 s=4 threadsLeft=0
t=34 time=0.002087
t=35 s=35 threadsLeft=8
t=35 s=27 threadsLeft=7
t=35 s=12 threadsLeft=6
t=35 s=11 threadsLeft=5
t=35 s=10 threadsLeft=4
t=35 s=9 threadsLeft=3
t=35 s=4 threadsLeft=2
t=35 s=4 threadsLeft=1
t=35 s=5 threadsLeft=0
t=35 time=0.002968
t=36 s=36 threadsLeft=11
t=36 s=28 threadsLeft=10
t=36 s=2 threadsLeft=9
t=36 s=5 threadsLeft=8
t=36 s=8 threadsLeft=7
t=36 s=9 threadsLeft=6
t=36 s=3 threadsLeft=5
t=36 s=6 threadsLeft=4
t=36 s=7 threadsLeft=3
t=36 s=5 threadsLeft=2
t=36 s=5 threadsLeft=1
t=36 s=4 threadsLeft=0
t=36 time=0.001772
t=37 s=37 threadsLeft=11
t=37 s=29 threadsLeft=10
t=37 s=12 threadsLeft=9
t=37 s=10 threadsLeft=8
t=37 s=9 threadsLeft=7
t=37 s=6 threadsLeft=6
t=37 s=8 threadsLeft=5
t=37 s=3 threadsLeft=4
t=37 s=7 threadsLeft=3
t=37 s=6 threadsLeft=2
t=37 s=4 threadsLeft=1
t=37 s=5 threadsLeft=0
t=37 time=0.003913
t=38 s=38 threadsLeft=10
t=38 s=30 threadsLeft=9
t=38 s=13 threadsLeft=8
t=38 s=11 threadsLeft=7
t=38 s=10 threadsLeft=6
t=38 s=7 threadsLeft=5
t=38 s=9 threadsLeft=4
t=38 s=8 threadsLeft=3
t=38 s=4 threadsLeft=2
t=38 s=6 threadsLeft=1
t=38 s=5 threadsLeft=0
t=38 time=0.004432
t=39 s=39 threadsLeft=5
t=39 s=31 threadsLeft=4
t=39 s=8 threadsLeft=3
t=39 s=8 threadsLeft=2
t=39 s=9 threadsLeft=1
t=39 s=7 threadsLeft=0
t=39 time=0.001504
t=40 s=40 threadsLeft=14
t=40 s=32 threadsLeft=13
t=40 s=14 threadsLeft=12
t=40 s=2 threadsLeft=11
t=40 s=13 threadsLeft=10
t=40 s=9 threadsLeft=9
t=40 s=10 threadsLeft=8
t=40 s=3 threadsLeft=7
t=40 s=9 threadsLeft=6
t=40 s=9 threadsLeft=5
t=40 s=7 threadsLeft=4
t=40 s=8 threadsLeft=3
t=40 s=6 threadsLeft=2
t=40 s=5 threadsLeft=1
t=40 s=6 threadsLeft=0
t=40 time=0.004934
t=41 s=41 threadsLeft=8
t=41 s=33 threadsLeft=7
t=41 s=14 threadsLeft=6
t=41 s=10 threadsLeft=5
t=41 s=3 threadsLeft=4
t=41 s=10 threadsLeft=3
t=41 s=9 threadsLeft=2
t=41 s=8 threadsLeft=1
t=41 s=7 threadsLeft=0
t=41 time=0.002696
t=42 s=42 threadsLeft=15
t=42 s=34 threadsLeft=14
t=42 s=15 threadsLeft=13
t=42 s=11 threadsLeft=12
t=42 s=12 threadsLeft=11
t=42 s=7 threadsLeft=10
t=42 s=11 threadsLeft=9
t=42 s=10 threadsLeft=8
t=42 s=8 threadsLeft=7
t=42 s=9 threadsLeft=6
t=42 s=6 threadsLeft=5
t=42 s=3 threadsLeft=4
t=42 s=8 threadsLeft=3
t=42 s=4 threadsLeft=2
t=42 s=4 threadsLeft=1
t=42 s=5 threadsLeft=0
t=42 time=0.009789
t=43 s=43 threadsLeft=12
t=43 s=35 threadsLeft=11
t=43 s=13 threadsLeft=10
t=43 s=12 threadsLeft=9
t=43 s=12 threadsLeft=8
t=43 s=11 threadsLeft=7
t=43 s=10 threadsLeft=6
t=43 s=9 threadsLeft=5
t=43 s=9 threadsLeft=4
t=43 s=8 threadsLeft=3
t=43 s=4 threadsLeft=2
t=43 s=6 threadsLeft=1
t=43 s=5 threadsLeft=0
t=43 time=0.00821
t=44 s=44 threadsLeft=15
t=44 s=36 threadsLeft=14
t=44 s=2 threadsLeft=13
t=44 s=14 threadsLeft=12
t=44 s=13 threadsLeft=11
t=44 s=13 threadsLeft=10
t=44 s=11 threadsLeft=9
t=44 s=10 threadsLeft=8
t=44 s=3 threadsLeft=7
t=44 s=8 threadsLeft=6
t=44 s=9 threadsLeft=5
t=44 s=5 threadsLeft=4
t=44 s=7 threadsLeft=3
t=44 s=7 threadsLeft=2
t=44 s=6 threadsLeft=1
t=44 s=4 threadsLeft=0
t=44 time=0.006439
t=45 s=45 threadsLeft=13
t=45 s=37 threadsLeft=12
t=45 s=14 threadsLeft=11
t=45 s=12 threadsLeft=10
t=45 s=8 threadsLeft=9
t=45 s=12 threadsLeft=8
t=45 s=11 threadsLeft=7
t=45 s=9 threadsLeft=6
t=45 s=3 threadsLeft=5
t=45 s=6 threadsLeft=4
t=45 s=8 threadsLeft=3
t=45 s=7 threadsLeft=2
t=45 s=4 threadsLeft=1
t=45 s=5 threadsLeft=0
t=45 time=0.009947
t=46 s=46 threadsLeft=11
t=46 s=38 threadsLeft=10
t=46 s=15 threadsLeft=9
t=46 s=13 threadsLeft=8
t=46 s=12 threadsLeft=7
t=46 s=10 threadsLeft=6
t=46 s=7 threadsLeft=5
t=46 s=9 threadsLeft=4
t=46 s=6 threadsLeft=3
t=46 s=8 threadsLeft=2
t=46 s=4 threadsLeft=1
t=46 s=5 threadsLeft=0
t=46 time=0.019018
t=47 s=47 threadsLeft=9
t=47 s=39 threadsLeft=8
t=47 s=16 threadsLeft=7
t=47 s=15 threadsLeft=6
t=47 s=14 threadsLeft=5
t=47 s=13 threadsLeft=4
t=47 s=8 threadsLeft=3
t=47 s=8 threadsLeft=2
t=47 s=9 threadsLeft=1
t=47 s=7 threadsLeft=0
t=47 time=0.007427
t=48 s=48 threadsLeft=17
t=48 s=40 threadsLeft=16
t=48 s=8 threadsLeft=15
t=48 s=12 threadsLeft=14
t=48 s=13 threadsLeft=13
t=48 s=9 threadsLeft=12
t=48 s=7 threadsLeft=11
t=48 s=11 threadsLeft=10
t=48 s=10 threadsLeft=9
t=48 s=3 threadsLeft=8
t=48 s=9 threadsLeft=7
t=48 s=9 threadsLeft=6
t=48 s=7 threadsLeft=5
t=48 s=8 threadsLeft=4
t=48 s=4 threadsLeft=3
t=48 s=6 threadsLeft=2
t=48 s=6 threadsLeft=1
t=48 s=5 threadsLeft=0
t=48 time=0.017771
t=49 s=49 threadsLeft=11
t=49 s=41 threadsLeft=10
t=49 s=16 threadsLeft=9
t=49 s=13 threadsLeft=8
t=49 s=14 threadsLeft=7
t=49 s=12 threadsLeft=6
t=49 s=10 threadsLeft=5
t=49 s=10 threadsLeft=4
t=49 s=11 threadsLeft=3
t=49 s=9 threadsLeft=2
t=49 s=7 threadsLeft=1
t=49 s=5 threadsLeft=0
t=49 time=0.02404
t=50 s=50 threadsLeft=15
t=50 s=42 threadsLeft=14
t=50 s=17 threadsLeft=13
t=50 s=14 threadsLeft=12
t=50 s=15 threadsLeft=11
t=50 s=13 threadsLeft=10
t=50 s=12 threadsLeft=9
t=50 s=11 threadsLeft=8
t=50 s=3 threadsLeft=7
t=50 s=7 threadsLeft=6
t=50 s=10 threadsLeft=5
t=50 s=8 threadsLeft=4
t=50 s=8 threadsLeft=3
t=50 s=4 threadsLeft=2
t=50 s=6 threadsLeft=1
t=50 s=5 threadsLeft=0
t=50 time=0.031138
t=51 s=51 threadsLeft=13
t=51 s=43 threadsLeft=12
t=51 s=9 threadsLeft=11
t=51 s=12 threadsLeft=10
t=51 s=13 threadsLeft=9
t=51 s=12 threadsLeft=8
t=51 s=11 threadsLeft=7
t=51 s=10 threadsLeft=6
t=51 s=9 threadsLeft=5
t=51 s=8 threadsLeft=4
t=51 s=4 threadsLeft=3
t=51 s=6 threadsLeft=2
t=51 s=6 threadsLeft=1
t=51 s=5 threadsLeft=0
t=51 time=0.037649
t=52 s=52 threadsLeft=17
t=52 s=44 threadsLeft=16
t=52 s=18 threadsLeft=15
t=52 s=17 threadsLeft=14
t=52 s=14 threadsLeft=13
t=52 s=13 threadsLeft=12
t=52 s=13 threadsLeft=11
t=52 s=13 threadsLeft=10
t=52 s=12 threadsLeft=9
t=52 s=11 threadsLeft=8
t=52 s=10 threadsLeft=7
t=52 s=9 threadsLeft=6
t=52 s=7 threadsLeft=5
t=52 s=4 threadsLeft=4
t=52 s=7 threadsLeft=3
t=52 s=5 threadsLeft=2
t=52 s=6 threadsLeft=1
t=52 s=6 threadsLeft=0
t=52 time=0.040954
t=53 s=53 threadsLeft=14
t=53 s=45 threadsLeft=13
t=53 s=18 threadsLeft=12
t=53 s=14 threadsLeft=11
t=53 s=14 threadsLeft=10
t=53 s=13 threadsLeft=9
t=53 s=12 threadsLeft=8
t=53 s=11 threadsLeft=7
t=53 s=8 threadsLeft=6
t=53 s=7 threadsLeft=5
t=53 s=8 threadsLeft=4
t=53 s=7 threadsLeft=3
t=53 s=4 threadsLeft=2
t=53 s=5 threadsLeft=1
t=53 s=5 threadsLeft=0
t=53 time=0.050248
t=54 s=54 threadsLeft=21
t=54 s=46 threadsLeft=20
t=54 s=19 threadsLeft=19
t=54 s=16 threadsLeft=18
t=54 s=15 threadsLeft=17
t=54 s=15 threadsLeft=16
t=54 s=8 threadsLeft=15
t=54 s=9 threadsLeft=14
t=54 s=14 threadsLeft=13
t=54 s=10 threadsLeft=12
t=54 s=13 threadsLeft=11
t=54 s=12 threadsLeft=10
t=54 s=11 threadsLeft=9
t=54 s=12 threadsLeft=8
t=54 s=9 threadsLeft=7
t=54 s=4 threadsLeft=6
t=54 s=8 threadsLeft=5
t=54 s=7 threadsLeft=4
t=54 s=5 threadsLeft=3
t=54 s=6 threadsLeft=2
t=54 s=6 threadsLeft=1
t=54 s=5 threadsLeft=0
t=54 time=0.054187
t=55 s=55 threadsLeft=16
t=55 s=47 threadsLeft=15
t=55 s=17 threadsLeft=14
t=55 s=16 threadsLeft=13
t=55 s=16 threadsLeft=12
t=55 s=15 threadsLeft=11
t=55 s=14 threadsLeft=10
t=55 s=13 threadsLeft=9
t=55 s=13 threadsLeft=8
t=55 s=12 threadsLeft=7
t=55 s=10 threadsLeft=6
t=55 s=8 threadsLeft=5
t=55 s=9 threadsLeft=4
t=55 s=8 threadsLeft=3
t=55 s=7 threadsLeft=2
t=55 s=7 threadsLeft=1
t=55 s=6 threadsLeft=0
t=55 time=0.072816
t=56 s=56 threadsLeft=16
t=56 s=48 threadsLeft=15
t=56 s=18 threadsLeft=14
t=56 s=17 threadsLeft=13
t=56 s=17 threadsLeft=12
t=56 s=15 threadsLeft=11
t=56 s=14 threadsLeft=10
t=56 s=13 threadsLeft=9
t=56 s=8 threadsLeft=8
t=56 s=12 threadsLeft=7
t=56 s=3 threadsLeft=6
t=56 s=9 threadsLeft=5
t=56 s=11 threadsLeft=4
t=56 s=8 threadsLeft=3
t=56 s=7 threadsLeft=2
t=56 s=6 threadsLeft=1
t=56 s=6 threadsLeft=0
t=56 time=0.065121
t=57 s=57 threadsLeft=15
t=57 s=49 threadsLeft=14
t=57 s=10 threadsLeft=13
t=57 s=18 threadsLeft=12
t=57 s=16 threadsLeft=11
t=57 s=16 threadsLeft=10
t=57 s=15 threadsLeft=9
t=57 s=11 threadsLeft=8
t=57 s=13 threadsLeft=7
t=57 s=12 threadsLeft=6
t=57 s=12 threadsLeft=5
t=57 s=9 threadsLeft=4
t=57 s=9 threadsLeft=3
t=57 s=4 threadsLeft=2
t=57 s=7 threadsLeft=1
t=57 s=5 threadsLeft=0
t=57 time=0.055603
t=58 s=58 threadsLeft=10
t=58 s=50 threadsLeft=9
t=58 s=19 threadsLeft=8
t=58 s=16 threadsLeft=7
t=58 s=17 threadsLeft=6
t=58 s=14 threadsLeft=5
t=58 s=13 threadsLeft=4
t=58 s=10 threadsLeft=3
t=58 s=8 threadsLeft=2
t=58 s=5 threadsLeft=1
t=58 s=5 threadsLeft=0
t=58 time=0.095065
t=59 s=59 threadsLeft=11
t=59 s=51 threadsLeft=10
t=59 s=20 threadsLeft=9
t=59 s=19 threadsLeft=8
t=59 s=18 threadsLeft=7
t=59 s=17 threadsLeft=6
t=59 s=12 threadsLeft=5
t=59 s=9 threadsLeft=4
t=59 s=11 threadsLeft=3
t=59 s=10 threadsLeft=2
t=59 s=8 threadsLeft=1
t=59 s=6 threadsLeft=0
t=59 time=0.082478
t=60 s=60 threadsLeft=21
t=60 s=52 threadsLeft=20
t=60 s=10 threadsLeft=19
t=60 s=11 threadsLeft=18
t=60 s=9 threadsLeft=17
t=60 s=16 threadsLeft=16
t=60 s=17 threadsLeft=15
t=60 s=12 threadsLeft=14
t=60 s=13 threadsLeft=13
t=60 s=15 threadsLeft=12
t=60 s=14 threadsLeft=11
t=60 s=13 threadsLeft=10
t=60 s=13 threadsLeft=9
t=60 s=12 threadsLeft=8
t=60 s=11 threadsLeft=7
t=60 s=4 threadsLeft=6
t=60 s=8 threadsLeft=5
t=60 s=7 threadsLeft=4
t=60 s=5 threadsLeft=3
t=60 s=7 threadsLeft=2
t=60 s=6 threadsLeft=1
t=60 s=6 threadsLeft=0
t=60 time=0.13371
t=61 s=61 threadsLeft=12
t=61 s=53 threadsLeft=11
t=61 s=20 threadsLeft=10
t=61 s=17 threadsLeft=9
t=61 s=18 threadsLeft=8
t=61 s=16 threadsLeft=7
t=61 s=15 threadsLeft=6
t=61 s=14 threadsLeft=5
t=61 s=14 threadsLeft=4
t=61 s=13 threadsLeft=3
t=61 s=7 threadsLeft=2
t=61 s=6 threadsLeft=1
t=61 s=5 threadsLeft=0
t=61 time=0.129086
t=62 s=62 threadsLeft=20
t=62 s=54 threadsLeft=19
t=62 s=21 threadsLeft=18
t=62 s=19 threadsLeft=17
t=62 s=18 threadsLeft=16
t=62 s=17 threadsLeft=15
t=62 s=9 threadsLeft=14
t=62 s=16 threadsLeft=13
t=62 s=15 threadsLeft=12
t=62 s=10 threadsLeft=11
t=62 s=14 threadsLeft=10
t=62 s=12 threadsLeft=9
t=62 s=11 threadsLeft=8
t=62 s=4 threadsLeft=7
t=62 s=8 threadsLeft=6
t=62 s=9 threadsLeft=5
t=62 s=8 threadsLeft=4
t=62 s=7 threadsLeft=3
t=62 s=7 threadsLeft=2
t=62 s=5 threadsLeft=1
t=62 s=6 threadsLeft=0
t=62 time=0.141075
t=63 s=63 threadsLeft=18
t=63 s=55 threadsLeft=17
t=63 s=11 threadsLeft=16
t=63 s=12 threadsLeft=15
t=63 s=17 threadsLeft=14
t=63 s=16 threadsLeft=13
t=63 s=13 threadsLeft=12
t=63 s=16 threadsLeft=11
t=63 s=15 threadsLeft=10
t=63 s=14 threadsLeft=9
t=63 s=13 threadsLeft=8
t=63 s=12 threadsLeft=7
t=63 s=10 threadsLeft=6
t=63 s=9 threadsLeft=5
t=63 s=8 threadsLeft=4
t=63 s=7 threadsLeft=3
t=63 s=8 threadsLeft=2
t=63 s=7 threadsLeft=1
t=63 s=6 threadsLeft=0
t=63 time=0.211916
t=64 s=64 threadsLeft=20
t=64 s=56 threadsLeft=19
t=64 s=22 threadsLeft=18
t=64 s=21 threadsLeft=17
t=64 s=18 threadsLeft=16
t=64 s=17 threadsLeft=15
t=64 s=2 threadsLeft=14
t=64 s=17 threadsLeft=13
t=64 s=17 threadsLeft=12
t=64 s=16 threadsLeft=11
t=64 s=15 threadsLeft=10
t=64 s=14 threadsLeft=9
t=64 s=13 threadsLeft=8
t=64 s=11 threadsLeft=7
t=64 s=10 threadsLeft=6
t=64 s=7 threadsLeft=5
t=64 s=10 threadsLeft=4
t=64 s=5 threadsLeft=3
t=64 s=8 threadsLeft=2
t=64 s=6 threadsLeft=1
t=64 s=6 threadsLeft=0
t=64 time=0.194266
t=65 s=65 threadsLeft=24
t=65 s=57 threadsLeft=23
t=65 s=22 threadsLeft=22
t=65 s=10 threadsLeft=21
t=65 s=17 threadsLeft=20
t=65 s=18 threadsLeft=19
t=65 s=18 threadsLeft=18
t=65 s=16 threadsLeft=17
t=65 s=15 threadsLeft=16
t=65 s=11 threadsLeft=15
t=65 s=2 threadsLeft=14
t=65 s=12 threadsLeft=13
t=65 s=3 threadsLeft=12
t=65 s=12 threadsLeft=11
t=65 s=11 threadsLeft=10
t=65 s=11 threadsLeft=9
t=65 s=4 threadsLeft=8
t=65 s=8 threadsLeft=7
t=65 s=9 threadsLeft=6
t=65 s=9 threadsLeft=5
t=65 s=7 threadsLeft=4
t=65 s=9 threadsLeft=3
t=65 s=5 threadsLeft=2
t=65 s=8 threadsLeft=1
t=65 s=6 threadsLeft=0
t=65 time=0.27039
t=66 s=66 threadsLeft=28
t=66 s=58 threadsLeft=27
t=66 s=23 threadsLeft=26
t=66 s=13 threadsLeft=25
t=66 s=12 threadsLeft=24
t=66 s=20 threadsLeft=23
t=66 s=11 threadsLeft=22
t=66 s=10 threadsLeft=21
t=66 s=19 threadsLeft=20
t=66 s=18 threadsLeft=19
t=66 s=14 threadsLeft=18
t=66 s=19 threadsLeft=17
t=66 s=17 threadsLeft=16
t=66 s=16 threadsLeft=15
t=66 s=15 threadsLeft=14
t=66 s=2 threadsLeft=13
t=66 s=16 threadsLeft=12
t=66 s=3 threadsLeft=11
t=66 s=3 threadsLeft=10
t=66 s=13 threadsLeft=9
t=66 s=12 threadsLeft=8
t=66 s=4 threadsLeft=7
t=66 s=10 threadsLeft=6
t=66 s=9 threadsLeft=5
t=66 s=9 threadsLeft=4
t=66 s=8 threadsLeft=3
t=66 s=5 threadsLeft=2
t=66 s=7 threadsLeft=1
t=66 s=6 threadsLeft=0
t=66 time=0.265881
t=67 s=67 threadsLeft=22
t=67 s=59 threadsLeft=21
t=67 s=21 threadsLeft=20
t=67 s=20 threadsLeft=19
t=67 s=19 threadsLeft=18
t=67 s=20 threadsLeft=17
t=67 s=18 threadsLeft=16
t=67 s=17 threadsLeft=15
t=67 s=17 threadsLeft=14
t=67 s=16 threadsLeft=13
t=67 s=14 threadsLeft=12
t=67 s=12 threadsLeft=11
t=67 s=13 threadsLeft=10
t=67 s=4 threadsLeft=9
t=67 s=11 threadsLeft=8
t=67 s=10 threadsLeft=7
t=67 s=8 threadsLeft=6
t=67 s=6 threadsLeft=5
t=67 s=5 threadsLeft=4
t=67 s=5 threadsLeft=3
t=67 s=6 threadsLeft=2
t=67 s=7 threadsLeft=1
t=67 s=5 threadsLeft=0
t=67 time=0.249238
t=68 s=68 threadsLeft=29
t=68 s=60 threadsLeft=28
t=68 s=22 threadsLeft=27
t=68 s=10 threadsLeft=26
t=68 s=21 threadsLeft=25
t=68 s=11 threadsLeft=24
t=68 s=21 threadsLeft=23
t=68 s=19 threadsLeft=22
t=68 s=18 threadsLeft=21
t=68 s=17 threadsLeft=20
t=68 s=12 threadsLeft=19
t=68 s=16 threadsLeft=18
t=68 s=13 threadsLeft=17
t=68 s=2 threadsLeft=16
t=68 s=15 threadsLeft=15
t=68 s=9 threadsLeft=14
t=68 s=3 threadsLeft=13
t=68 s=3 threadsLeft=12
t=68 s=12 threadsLeft=11
t=68 s=11 threadsLeft=10
t=68 s=4 threadsLeft=9
t=68 s=5 threadsLeft=8
t=68 s=7 threadsLeft=7
t=68 s=7 threadsLeft=6
t=68 s=6 threadsLeft=5
t=68 s=7 threadsLeft=4
t=68 s=8 threadsLeft=3
t=68 s=8 threadsLeft=2
t=68 s=6 threadsLeft=1
t=68 s=6 threadsLeft=0
t=68 time=0.344764
t=69 s=69 threadsLeft=23
t=69 s=61 threadsLeft=22
t=69 s=12 threadsLeft=21
t=69 s=13 threadsLeft=20
t=69 s=14 threadsLeft=19
t=69 s=22 threadsLeft=18
t=69 s=15 threadsLeft=17
t=69 s=20 threadsLeft=16
t=69 s=20 threadsLeft=15
t=69 s=19 threadsLeft=14
t=69 s=17 threadsLeft=13
t=69 s=16 threadsLeft=12
t=69 s=16 threadsLeft=11
t=69 s=3 threadsLeft=10
t=69 s=13 threadsLeft=9
t=69 s=6 threadsLeft=8
t=69 s=4 threadsLeft=7
t=69 s=10 threadsLeft=6
t=69 s=9 threadsLeft=5
t=69 s=7 threadsLeft=4
t=69 s=9 threadsLeft=3
t=69 s=6 threadsLeft=2
t=69 s=8 threadsLeft=1
t=69 s=5 threadsLeft=0
t=69 time=0.372996
t=70 s=70 threadsLeft=22
t=70 s=62 threadsLeft=21
t=70 s=23 threadsLeft=20
t=70 s=21 threadsLeft=19
t=70 s=20 threadsLeft=18
t=70 s=18 threadsLeft=17
t=70 s=17 threadsLeft=16
t=70 s=14 threadsLeft=15
t=70 s=11 threadsLeft=14
t=70 s=4 threadsLeft=13
t=70 s=9 threadsLeft=12
t=70 s=7 threadsLeft=11
t=70 s=10 threadsLeft=10
t=70 s=7 threadsLeft=9
t=70 s=8 threadsLeft=8
t=70 s=9 threadsLeft=7
t=70 s=8 threadsLeft=6
t=70 s=8 threadsLeft=5
t=70 s=8 threadsLeft=4
t=70 s=7 threadsLeft=3
t=70 s=7 threadsLeft=2
t=70 s=6 threadsLeft=1
t=70 s=5 threadsLeft=0
t=70 time=0.552858
t=71 s=71 threadsLeft=21
t=71 s=63 threadsLeft=20
t=71 s=23 threadsLeft=19
t=71 s=11 threadsLeft=18
t=71 s=24 threadsLeft=17
t=71 s=22 threadsLeft=16
t=71 s=21 threadsLeft=15
t=71 s=12 threadsLeft=14
t=71 s=16 threadsLeft=13
t=71 s=13 threadsLeft=12
t=71 s=14 threadsLeft=11
t=71 s=15 threadsLeft=10
t=71 s=12 threadsLeft=9
t=71 s=11 threadsLeft=8
t=71 s=8 threadsLeft=7
t=71 s=10 threadsLeft=6
t=71 s=7 threadsLeft=5
t=71 s=9 threadsLeft=4
t=71 s=6 threadsLeft=3
t=71 s=7 threadsLeft=2
t=71 s=9 threadsLeft=1
t=71 s=8 threadsLeft=0
t=71 time=0.451296
t=72 s=72 threadsLeft=32
t=72 s=2 threadsLeft=31
t=72 s=64 threadsLeft=30
t=72 s=20 threadsLeft=29
t=72 s=14 threadsLeft=28
t=72 s=12 threadsLeft=27
t=72 s=13 threadsLeft=26
t=72 s=21 threadsLeft=25
t=72 s=11 threadsLeft=24
t=72 s=15 threadsLeft=23
t=72 s=16 threadsLeft=22
t=72 s=17 threadsLeft=21
t=72 s=19 threadsLeft=20
t=72 s=18 threadsLeft=19
t=72 s=17 threadsLeft=18
t=72 s=17 threadsLeft=17
t=72 s=16 threadsLeft=16
t=72 s=3 threadsLeft=15
t=72 s=15 threadsLeft=14
t=72 s=4 threadsLeft=13
t=72 s=10 threadsLeft=12
t=72 s=10 threadsLeft=11
t=72 s=10 threadsLeft=10
t=72 s=9 threadsLeft=9
t=72 s=10 threadsLeft=8
t=72 s=9 threadsLeft=7
t=72 s=5 threadsLeft=6
t=72 s=6 threadsLeft=5
t=72 s=7 threadsLeft=4
t=72 s=5 threadsLeft=3
t=72 s=9 threadsLeft=2
t=72 s=8 threadsLeft=1
t=72 s=8 threadsLeft=0
t=72 time=0.654385
t=73 s=73 threadsLeft=22
t=73 s=65 threadsLeft=21
t=73 s=21 threadsLeft=20
t=73 s=24 threadsLeft=19
t=73 s=22 threadsLeft=18
t=73 s=20 threadsLeft=17
t=73 s=19 threadsLeft=16
t=73 s=18 threadsLeft=15
t=73 s=18 threadsLeft=14
t=73 s=17 threadsLeft=13
t=73 s=3 threadsLeft=12
t=73 s=11 threadsLeft=11
t=73 s=10 threadsLeft=10
t=73 s=11 threadsLeft=9
t=73 s=11 threadsLeft=8
t=73 s=4 threadsLeft=7
t=73 s=7 threadsLeft=6
t=73 s=10 threadsLeft=5
t=73 s=9 threadsLeft=4
t=73 s=7 threadsLeft=3
t=73 s=8 threadsLeft=2
t=73 s=6 threadsLeft=1
t=73 s=6 threadsLeft=0
t=73 time=0.846321
t=74 s=74 threadsLeft=29
t=74 s=66 threadsLeft=28
t=74 s=11 threadsLeft=27
t=74 s=25 threadsLeft=26
t=74 s=12 threadsLeft=25
t=74 s=22 threadsLeft=24
t=74 s=23 threadsLeft=23
t=74 s=21 threadsLeft=22
t=74 s=13 threadsLeft=21
t=74 s=10 threadsLeft=20
t=74 s=20 threadsLeft=19
t=74 s=19 threadsLeft=18
t=74 s=18 threadsLeft=17
t=74 s=14 threadsLeft=16
t=74 s=16 threadsLeft=15
t=74 s=3 threadsLeft=14
t=74 s=15 threadsLeft=13
t=74 s=12 threadsLeft=12
t=74 s=12 threadsLeft=11
t=74 s=11 threadsLeft=10
t=74 s=4 threadsLeft=9
t=74 s=11 threadsLeft=8
t=74 s=10 threadsLeft=7
t=74 s=4 threadsLeft=6
t=74 s=9 threadsLeft=5
t=74 s=8 threadsLeft=4
t=74 s=9 threadsLeft=3
t=74 s=7 threadsLeft=2
t=74 s=5 threadsLeft=1
t=74 s=6 threadsLeft=0
t=74 time=0.916225
t=75 s=75 threadsLeft=28
t=75 s=67 threadsLeft=27
t=75 s=16 threadsLeft=26
t=75 s=15 threadsLeft=25
t=75 s=13 threadsLeft=24
t=75 s=14 threadsLeft=23
t=75 s=17 threadsLeft=22
t=75 s=20 threadsLeft=21
t=75 s=21 threadsLeft=20
t=75 s=20 threadsLeft=19
t=75 s=19 threadsLeft=18
t=75 s=18 threadsLeft=17
t=75 s=17 threadsLeft=16
t=75 s=16 threadsLeft=15
t=75 s=14 threadsLeft=14
t=75 s=10 threadsLeft=13
t=75 s=12 threadsLeft=12
t=75 s=13 threadsLeft=11
t=75 s=13 threadsLeft=10
t=75 s=12 threadsLeft=9
t=75 s=11 threadsLeft=8
t=75 s=4 threadsLeft=7
t=75 s=5 threadsLeft=6
t=75 s=10 threadsLeft=5
t=75 s=8 threadsLeft=4
t=75 s=5 threadsLeft=3
t=75 s=5 threadsLeft=2
t=75 s=7 threadsLeft=1
t=75 s=6 threadsLeft=0
t=75 time=1.111121
t=76 s=76 threadsLeft=35
t=76 s=68 threadsLeft=34
t=76 s=26 threadsLeft=33
t=76 s=25 threadsLeft=32
t=76 s=2 threadsLeft=31
t=76 s=22 threadsLeft=30
t=76 s=21 threadsLeft=29
t=76 s=20 threadsLeft=28
t=76 s=21 threadsLeft=27
t=76 s=21 threadsLeft=26
t=76 s=18 threadsLeft=25
t=76 s=3 threadsLeft=24
t=76 s=17 threadsLeft=23
t=76 s=19 threadsLeft=22
t=76 s=15 threadsLeft=21
t=76 s=14 threadsLeft=20
t=76 s=14 threadsLeft=19
t=76 s=13 threadsLeft=18
t=76 s=11 threadsLeft=17
t=76 s=12 threadsLeft=16
t=76 s=9 threadsLeft=15
t=76 s=4 threadsLeft=14
t=76 s=11 threadsLeft=13
t=76 s=11 threadsLeft=12
t=76 s=5 threadsLeft=11
t=76 s=8 threadsLeft=10
t=76 s=10 threadsLeft=9
t=76 s=10 threadsLeft=8
t=76 s=7 threadsLeft=7
t=76 s=9 threadsLeft=6
t=76 s=6 threadsLeft=5
t=76 s=6 threadsLeft=4
t=76 s=5 threadsLeft=3
t=76 s=8 threadsLeft=2
t=76 s=7 threadsLeft=1
t=76 s=6 threadsLeft=0
t=76 time=1.289054
t=77 s=77 threadsLeft=37
t=77 s=69 threadsLeft=36
t=77 s=26 threadsLeft=35
t=77 s=22 threadsLeft=34
t=77 s=21 threadsLeft=33
t=77 s=13 threadsLeft=32
t=77 s=12 threadsLeft=31
t=77 s=14 threadsLeft=30
t=77 s=19 threadsLeft=29
t=77 s=15 threadsLeft=28
t=77 s=22 threadsLeft=27
t=77 s=20 threadsLeft=26
t=77 s=15 threadsLeft=25
t=77 s=3 threadsLeft=24
t=77 s=16 threadsLeft=23
t=77 s=16 threadsLeft=22
t=77 s=15 threadsLeft=21
t=77 s=14 threadsLeft=20
t=77 s=15 threadsLeft=19
t=77 s=13 threadsLeft=18
t=77 s=12 threadsLeft=17
t=77 s=12 threadsLeft=16
t=77 s=11 threadsLeft=15
t=77 s=4 threadsLeft=14
t=77 s=11 threadsLeft=13
t=77 s=6 threadsLeft=12
t=77 s=10 threadsLeft=11
t=77 s=9 threadsLeft=10
t=77 s=7 threadsLeft=9
t=77 s=5 threadsLeft=8
t=77 s=5 threadsLeft=7
t=77 s=8 threadsLeft=6
t=77 s=8 threadsLeft=5
t=77 s=8 threadsLeft=4
t=77 s=6 threadsLeft=3
t=77 s=9 threadsLeft=2
t=77 s=6 threadsLeft=1
t=77 s=7 threadsLeft=0
t=77 time=1.621996
t=78 s=78 threadsLeft=33
t=78 s=70 threadsLeft=32
t=78 s=17 threadsLeft=31
t=78 s=27 threadsLeft=30
t=78 s=16 threadsLeft=29
t=78 s=15 threadsLeft=28
t=78 s=24 threadsLeft=27
t=78 s=18 threadsLeft=26
t=78 s=14 threadsLeft=25
t=78 s=13 threadsLeft=24
t=78 s=23 threadsLeft=23
t=78 s=12 threadsLeft=22
t=78 s=22 threadsLeft=21
t=78 s=23 threadsLeft=20
t=78 s=21 threadsLeft=19
t=78 s=20 threadsLeft=18
t=78 s=19 threadsLeft=17
t=78 s=20 threadsLeft=16
t=78 s=17 threadsLeft=15
t=78 s=16 threadsLeft=14
t=78 s=15 threadsLeft=13
t=78 s=16 threadsLeft=12
t=78 s=14 threadsLeft=11
t=78 s=13 threadsLeft=10
t=78 s=4 threadsLeft=9
t=78 s=11 threadsLeft=8
t=78 s=12 threadsLeft=7
t=78 s=11 threadsLeft=6
t=78 s=7 threadsLeft=5
t=78 s=10 threadsLeft=4
t=78 s=6 threadsLeft=3
t=78 s=7 threadsLeft=2
t=78 s=8 threadsLeft=1
t=78 s=5 threadsLeft=0
t=78 time=1.250596
t=79 s=79 threadsLeft=27
t=79 s=71 threadsLeft=26
t=79 s=25 threadsLeft=25
t=79 s=24 threadsLeft=24
t=79 s=23 threadsLeft=23
t=79 s=24 threadsLeft=22
t=79 s=22 threadsLeft=21
t=79 s=21 threadsLeft=20
t=79 s=21 threadsLeft=19
t=79 s=20 threadsLeft=18
t=79 s=17 threadsLeft=17
t=79 s=18 threadsLeft=16
t=79 s=17 threadsLeft=15
t=79 s=16 threadsLeft=14
t=79 s=16 threadsLeft=13
t=79 s=14 threadsLeft=12
t=79 s=15 threadsLeft=11
t=79 s=12 threadsLeft=10
t=79 s=11 threadsLeft=9
t=79 s=11 threadsLeft=8
t=79 s=7 threadsLeft=7
t=79 s=8 threadsLeft=6
t=79 s=7 threadsLeft=5
t=79 s=10 threadsLeft=4
t=79 s=9 threadsLeft=3
t=79 s=6 threadsLeft=2
t=79 s=9 threadsLeft=1
t=79 s=8 threadsLeft=0
t=79 time=1.566051
t=80 s=80 threadsLeft=37
t=80 s=72 threadsLeft=36
t=80 s=26 threadsLeft=35
t=80 s=25 threadsLeft=34
t=80 s=15 threadsLeft=33
t=80 s=25 threadsLeft=32
t=80 s=23 threadsLeft=31
t=80 s=2 threadsLeft=30
t=80 s=22 threadsLeft=29
t=80 s=14 threadsLeft=28
t=80 s=13 threadsLeft=27
t=80 s=21 threadsLeft=26
t=80 s=12 threadsLeft=25
t=80 s=20 threadsLeft=24
t=80 s=11 threadsLeft=23
t=80 s=17 threadsLeft=22
t=80 s=3 threadsLeft=21
t=80 s=16 threadsLeft=20
t=80 s=17 threadsLeft=19
t=80 s=19 threadsLeft=18
t=80 s=18 threadsLeft=17
t=80 s=16 threadsLeft=16
t=80 s=15 threadsLeft=15
t=80 s=12 threadsLeft=14
t=80 s=12 threadsLeft=13
t=80 s=9 threadsLeft=12
t=80 s=7 threadsLeft=11
t=80 s=11 threadsLeft=10
t=80 s=5 threadsLeft=9
t=80 s=10 threadsLeft=8
t=80 s=8 threadsLeft=7
t=80 s=10 threadsLeft=6
t=80 s=6 threadsLeft=5
t=80 s=9 threadsLeft=4
t=80 s=7 threadsLeft=3
t=80 s=7 threadsLeft=2
t=80 s=8 threadsLeft=1
t=80 s=8 threadsLeft=0
t=80 time=2.113403
[38;2;000;128;000mTime: 15.449649s (2025-04-29 19:56:42)
[0m