t=9 s=1 threadsLeft=0
  t=9 time=0.000349
t=10 s=2 threadsLeft=1
t=10 s=1 threadsLeft=0
  t=10 time=0.000435
t=11 s=3 threadsLeft=0
  t=11 time=0.000314
t=12 s=4 threadsLeft=2
t=12 s=2 threadsLeft=1
t=12 s=1 threadsLeft=0
  t=12 time=0.000398
t=13 s=5 threadsLeft=1
t=13 s=2 threadsLeft=0
  t=13 time=0.000331
t=14 s=6 threadsLeft=1
t=14 s=3 threadsLeft=0
  t=14 time=0.00031
t=15 s=7 threadsLeft=0
  t=15 time=0.000266
t=16 s=8 threadsLeft=2
t=16 s=2 threadsLeft=1
t=16 s=1 threadsLeft=0
  t=16 time=0.000438
t=17 s=9 threadsLeft=1
t=17 s=2 threadsLeft=0
  t=17 time=0.000414
t=18 s=10 threadsLeft=2
t=18 s=3 threadsLeft=1
t=18 s=2 threadsLeft=0
  t=18 time=0.000399
t=19 s=11 threadsLeft=2
t=19 s=4 threadsLeft=1
t=19 s=3 threadsLeft=0
  t=19 time=0.000432
t=20 s=12 threadsLeft=1
t=20 s=3 threadsLeft=0
  t=20 time=0.000478
t=21 s=13 threadsLeft=1
t=21 s=4 threadsLeft=0
  t=21 time=0.000361
t=22 s=14 threadsLeft=1
t=22 s=5 threadsLeft=0
  t=22 time=0.000326
t=23 s=15 threadsLeft=0
  t=23 time=0.000358
t=24 s=16 threadsLeft=4
t=24 s=6 threadsLeft=3
t=24 s=2 threadsLeft=2
t=24 s=5 threadsLeft=1
t=24 s=1 threadsLeft=0
  t=24 time=0.00052
t=25 s=17 threadsLeft=3
t=25 s=6 threadsLeft=2
t=25 s=3 threadsLeft=1
t=25 s=2 threadsLeft=0
  t=25 time=0.000497
t=26 s=18 threadsLeft=4
t=26 s=7 threadsLeft=3
t=26 s=4 threadsLeft=2
t=26 s=2 threadsLeft=1
t=26 s=3 threadsLeft=0
  t=26 time=0.000664
t=27 s=19 threadsLeft=2
t=27 s=5 threadsLeft=1
t=27 s=4 threadsLeft=0
  t=27 time=0.000429
t=28 s=20 threadsLeft=5
t=28 s=6 threadsLeft=4
t=28 s=5 threadsLeft=3
t=28 s=2 threadsLeft=2
t=28 s=5 threadsLeft=1
t=28 s=3 threadsLeft=0
  t=28 time=0.000489
t=29 s=21 threadsLeft=3
t=29 s=6 threadsLeft=2
t=29 s=4 threadsLeft=1
t=29 s=3 threadsLeft=0
  t=29 time=0.000513
t=30 s=22 threadsLeft=6
t=30 s=7 threadsLeft=5
t=30 s=6 threadsLeft=4
t=30 s=5 threadsLeft=3
t=30 s=4 threadsLeft=2
t=30 s=3 threadsLeft=1
t=30 s=4 threadsLeft=0
  t=30 time=0.000755
t=31 s=23 threadsLeft=4
t=31 s=7 threadsLeft=3
t=31 s=8 threadsLeft=2
t=31 s=5 threadsLeft=1
t=31 s=6 threadsLeft=0
  t=31 time=0.000694
t=32 s=24 threadsLeft=3
t=32 s=7 threadsLeft=2
t=32 s=4 threadsLeft=1
t=32 s=3 threadsLeft=0
  t=32 time=0.000536
t=33 s=25 threadsLeft=2
t=33 s=8 threadsLeft=1
t=33 s=5 threadsLeft=0
  t=33 time=0.000404
t=34 s=26 threadsLeft=4
t=34 s=9 threadsLeft=3
t=34 s=6 threadsLeft=2
t=34 s=5 threadsLeft=1
t=34 s=4 threadsLeft=0
  t=34 time=0.000549
t=35 s=27 threadsLeft=1
t=35 s=4 threadsLeft=0
  t=35 time=0.000494
t=36 s=28 threadsLeft=3
t=36 s=10 threadsLeft=2
t=36 s=9 threadsLeft=1
t=36 s=5 threadsLeft=0
  t=36 time=0.000501
t=37 s=29 threadsLeft=3
t=37 s=10 threadsLeft=2
t=37 s=6 threadsLeft=1
t=37 s=5 threadsLeft=0
  t=37 time=0.000556
t=38 s=30 threadsLeft=3
t=38 s=11 threadsLeft=2
t=38 s=8 threadsLeft=1
t=38 s=7 threadsLeft=0
  t=38 time=0.000574
t=39 s=31 threadsLeft=2
t=39 s=9 threadsLeft=1
t=39 s=8 threadsLeft=0
  t=39 time=0.000521
t=40 s=32 threadsLeft=6
t=40 s=10 threadsLeft=5
t=40 s=9 threadsLeft=4
t=40 s=9 threadsLeft=3
t=40 s=1 threadsLeft=2
t=40 s=2 threadsLeft=1
t=40 s=6 threadsLeft=0
  t=40 time=0.000681
t=41 s=33 threadsLeft=5
t=41 s=10 threadsLeft=4
t=41 s=8 threadsLeft=3
t=41 s=7 threadsLeft=2
t=41 s=2 threadsLeft=1
t=41 s=3 threadsLeft=0
  t=41 time=0.000955
t=42 s=34 threadsLeft=8
t=42 s=11 threadsLeft=7
t=42 s=10 threadsLeft=6
t=42 s=9 threadsLeft=5
t=42 s=8 threadsLeft=4
t=42 s=3 threadsLeft=3
t=42 s=2 threadsLeft=2
t=42 s=4 threadsLeft=1
t=42 s=3 threadsLeft=0
  t=42 time=0.001123
t=43 s=35 threadsLeft=6
t=43 s=12 threadsLeft=5
t=43 s=11 threadsLeft=4
t=43 s=10 threadsLeft=3
t=43 s=9 threadsLeft=2
t=43 s=4 threadsLeft=1
t=43 s=5 threadsLeft=0
  t=43 time=0.000891
t=44 s=36 threadsLeft=9
t=44 s=11 threadsLeft=8
t=44 s=8 threadsLeft=7
t=44 s=5 threadsLeft=6
t=44 s=7 threadsLeft=5
t=44 s=5 threadsLeft=4
t=44 s=2 threadsLeft=3
t=44 s=6 threadsLeft=2
t=44 s=3 threadsLeft=1
t=44 s=4 threadsLeft=0
  t=44 time=0.001209
t=45 s=37 threadsLeft=7
t=45 s=12 threadsLeft=6
t=45 s=9 threadsLeft=5
t=45 s=8 threadsLeft=4
t=45 s=6 threadsLeft=3
t=45 s=7 threadsLeft=2
t=45 s=3 threadsLeft=1
t=45 s=4 threadsLeft=0
  t=45 time=0.001441
t=46 s=38 threadsLeft=8
t=46 s=13 threadsLeft=7
t=46 s=10 threadsLeft=6
t=46 s=9 threadsLeft=5
t=46 s=8 threadsLeft=4
t=46 s=7 threadsLeft=3
t=46 s=6 threadsLeft=2
t=46 s=5 threadsLeft=1
t=46 s=4 threadsLeft=0
  t=46 time=0.001306
t=47 s=39 threadsLeft=4
t=47 s=8 threadsLeft=3
t=47 s=9 threadsLeft=2
t=47 s=8 threadsLeft=1
t=47 s=7 threadsLeft=0
  t=47 time=0.000751
t=48 s=40 threadsLeft=11
t=48 s=14 threadsLeft=10
t=48 s=13 threadsLeft=9
t=48 s=9 threadsLeft=8
t=48 s=9 threadsLeft=7
t=48 s=10 threadsLeft=6
t=48 s=2 threadsLeft=5
t=48 s=8 threadsLeft=4
t=48 s=7 threadsLeft=3
t=48 s=5 threadsLeft=2
t=48 s=3 threadsLeft=1
t=48 s=6 threadsLeft=0
  t=48 time=0.001354
t=49 s=41 threadsLeft=6
t=49 s=14 threadsLeft=5
t=49 s=11 threadsLeft=4
t=49 s=10 threadsLeft=3
t=49 s=10 threadsLeft=2
t=49 s=9 threadsLeft=1
t=49 s=3 threadsLeft=0
  t=49 time=0.002034
t=50 s=42 threadsLeft=10
t=50 s=15 threadsLeft=9
t=50 s=12 threadsLeft=8
t=50 s=11 threadsLeft=7
t=50 s=8 threadsLeft=6
t=50 s=7 threadsLeft=5
t=50 s=6 threadsLeft=4
t=50 s=5 threadsLeft=3
t=50 s=3 threadsLeft=2
t=50 s=4 threadsLeft=1
t=50 s=4 threadsLeft=0
  t=50 time=0.002722
t=51 s=43 threadsLeft=7
t=51 s=13 threadsLeft=6
t=51 s=12 threadsLeft=5
t=51 s=9 threadsLeft=4
t=51 s=8 threadsLeft=3
t=51 s=5 threadsLeft=2
t=51 s=4 threadsLeft=1
t=51 s=6 threadsLeft=0
  t=51 time=0.002314
t=52 s=44 threadsLeft=13
t=52 s=14 threadsLeft=12
t=52 s=13 threadsLeft=11
t=52 s=13 threadsLeft=10
t=52 s=10 threadsLeft=9
t=52 s=9 threadsLeft=8
t=52 s=7 threadsLeft=7
t=52 s=5 threadsLeft=6
t=52 s=6 threadsLeft=5
t=52 s=7 threadsLeft=4
t=52 s=3 threadsLeft=3
t=52 s=6 threadsLeft=2
t=52 s=4 threadsLeft=1
t=52 s=4 threadsLeft=0
  t=52 time=0.002956
t=53 s=45 threadsLeft=9
t=53 s=14 threadsLeft=8
t=53 s=12 threadsLeft=7
t=53 s=8 threadsLeft=6
t=53 s=11 threadsLeft=5
t=53 s=8 threadsLeft=4
t=53 s=5 threadsLeft=3
t=53 s=7 threadsLeft=2
t=53 s=5 threadsLeft=1
t=53 s=4 threadsLeft=0
  t=53 time=0.003325
t=54 s=46 threadsLeft=10
t=54 s=15 threadsLeft=9
t=54 s=14 threadsLeft=8
t=54 s=13 threadsLeft=7
t=54 s=12 threadsLeft=6
t=54 s=9 threadsLeft=5
t=54 s=8 threadsLeft=4
t=54 s=7 threadsLeft=3
t=54 s=6 threadsLeft=2
t=54 s=5 threadsLeft=1
t=54 s=6 threadsLeft=0
  t=54 time=0.003231
t=55 s=47 threadsLeft=6
t=55 s=16 threadsLeft=5
t=55 s=15 threadsLeft=4
t=55 s=14 threadsLeft=3
t=55 s=13 threadsLeft=2
t=55 s=10 threadsLeft=1
t=55 s=9 threadsLeft=0
  t=55 time=0.001277
t=56 s=48 threadsLeft=9
t=56 s=15 threadsLeft=8
t=56 s=12 threadsLeft=7
t=56 s=9 threadsLeft=6
t=56 s=8 threadsLeft=5
t=56 s=11 threadsLeft=4
t=56 s=7 threadsLeft=3
t=56 s=4 threadsLeft=2
t=56 s=3 threadsLeft=1
t=56 s=6 threadsLeft=0
  t=56 time=0.003758
t=57 s=49 threadsLeft=6
t=57 s=16 threadsLeft=5
t=57 s=13 threadsLeft=4
t=57 s=12 threadsLeft=3
t=57 s=5 threadsLeft=2
t=57 s=7 threadsLeft=1
t=57 s=4 threadsLeft=0
  t=57 time=0.00413
t=58 s=50 threadsLeft=8
t=58 s=17 threadsLeft=7
t=58 s=14 threadsLeft=6
t=58 s=13 threadsLeft=5
t=58 s=10 threadsLeft=4
t=58 s=5 threadsLeft=3
t=58 s=8 threadsLeft=2
t=58 s=5 threadsLeft=1
t=58 s=6 threadsLeft=0
  t=58 time=0.005375
t=59 s=51 threadsLeft=5
t=59 s=9 threadsLeft=4
t=59 s=12 threadsLeft=3
t=59 s=11 threadsLeft=2
t=59 s=10 threadsLeft=1
t=59 s=6 threadsLeft=0
  t=59 time=0.004082
t=60 s=52 threadsLeft=9
t=60 s=18 threadsLeft=8
t=60 s=17 threadsLeft=7
t=60 s=13 threadsLeft=6
t=60 s=12 threadsLeft=5
t=60 s=11 threadsLeft=4
t=60 s=5 threadsLeft=3
t=60 s=7 threadsLeft=2
t=60 s=6 threadsLeft=1
t=60 s=4 threadsLeft=0
  t=60 time=0.005064
[38;2;000;128;000mTime: 0.540384s (2025-08-28 09:18:58)
[0mt=9 s=1 threadsLeft=0
  t=9 time=0.000296
t=10 s=2 threadsLeft=1
t=10 s=1 threadsLeft=0
  t=10 time=0.00037
t=11 s=3 threadsLeft=0
  t=11 time=0.000285
t=12 s=4 threadsLeft=2
t=12 s=2 threadsLeft=1
t=12 s=1 threadsLeft=0
  t=12 time=0.000373
t=13 s=5 threadsLeft=1
t=13 s=2 threadsLeft=0
  t=13 time=0.000313
t=14 s=6 threadsLeft=1
t=14 s=3 threadsLeft=0
  t=14 time=0.00036
t=15 s=7 threadsLeft=0
  t=15 time=0.00027
t=16 s=8 threadsLeft=2
t=16 s=2 threadsLeft=1
t=16 s=1 threadsLeft=0
  t=16 time=0.000358
t=17 s=9 threadsLeft=1
t=17 s=2 threadsLeft=0
  t=17 time=0.000388
t=18 s=10 threadsLeft=2
t=18 s=3 threadsLeft=1
t=18 s=2 threadsLeft=0
  t=18 time=0.00048
t=19 s=11 threadsLeft=2
t=19 s=4 threadsLeft=1
t=19 s=3 threadsLeft=0
  t=19 time=0.000314
t=20 s=12 threadsLeft=1
t=20 s=3 threadsLeft=0
  t=20 time=0.000283
t=21 s=13 threadsLeft=1
t=21 s=4 threadsLeft=0
  t=21 time=0.000277
t=22 s=14 threadsLeft=1
t=22 s=5 threadsLeft=0
  t=22 time=0.000305
t=23 s=15 threadsLeft=0
  t=23 time=0.000295
t=24 s=16 threadsLeft=4
t=24 s=6 threadsLeft=3
t=24 s=5 threadsLeft=2
t=24 s=2 threadsLeft=1
t=24 s=1 threadsLeft=0
  t=24 time=0.000355
t=25 s=17 threadsLeft=3
t=25 s=6 threadsLeft=2
t=25 s=3 threadsLeft=1
t=25 s=2 threadsLeft=0
  t=25 time=0.000338
t=26 s=18 threadsLeft=4
t=26 s=7 threadsLeft=3
t=26 s=4 threadsLeft=2
t=26 s=3 threadsLeft=1
t=26 s=2 threadsLeft=0
  t=26 time=0.000391
t=27 s=19 threadsLeft=2
t=27 s=5 threadsLeft=1
t=27 s=4 threadsLeft=0
  t=27 time=0.000352
t=28 s=20 threadsLeft=5
t=28 s=6 threadsLeft=4
t=28 s=5 threadsLeft=3
t=28 s=5 threadsLeft=2
t=28 s=3 threadsLeft=1
t=28 s=2 threadsLeft=0
  t=28 time=0.000366
t=29 s=21 threadsLeft=3
t=29 s=6 threadsLeft=2
t=29 s=4 threadsLeft=1
t=29 s=3 threadsLeft=0
  t=29 time=0.000365
t=30 s=22 threadsLeft=6
t=30 s=7 threadsLeft=5
t=30 s=6 threadsLeft=4
t=30 s=5 threadsLeft=3
t=30 s=4 threadsLeft=2
t=30 s=4 threadsLeft=1
t=30 s=3 threadsLeft=0
  t=30 time=0.000422
t=31 s=23 threadsLeft=4
t=31 s=8 threadsLeft=3
t=31 s=7 threadsLeft=2
t=31 s=6 threadsLeft=1
t=31 s=5 threadsLeft=0
  t=31 time=0.000351
t=32 s=24 threadsLeft=3
t=32 s=7 threadsLeft=2
t=32 s=4 threadsLeft=1
t=32 s=3 threadsLeft=0
  t=32 time=0.000407
t=33 s=25 threadsLeft=2
t=33 s=8 threadsLeft=1
t=33 s=5 threadsLeft=0
  t=33 time=0.000383
t=34 s=26 threadsLeft=4
t=34 s=9 threadsLeft=3
t=34 s=6 threadsLeft=2
t=34 s=5 threadsLeft=1
t=34 s=4 threadsLeft=0
  t=34 time=0.000477
t=35 s=27 threadsLeft=1
t=35 s=4 threadsLeft=0
  t=35 time=0.000411
t=36 s=28 threadsLeft=3
t=36 s=10 threadsLeft=2
t=36 s=9 threadsLeft=1
t=36 s=5 threadsLeft=0
  t=36 time=0.000402
t=37 s=29 threadsLeft=3
t=37 s=10 threadsLeft=2
t=37 s=6 threadsLeft=1
t=37 s=5 threadsLeft=0
  t=37 time=0.000431
t=38 s=30 threadsLeft=3
t=38 s=11 threadsLeft=2
t=38 s=8 threadsLeft=1
t=38 s=7 threadsLeft=0
  t=38 time=0.000372
t=39 s=31 threadsLeft=2
t=39 s=9 threadsLeft=1
t=39 s=8 threadsLeft=0
  t=39 time=0.000381
t=40 s=32 threadsLeft=6
t=40 s=10 threadsLeft=5
t=40 s=9 threadsLeft=4
t=40 s=9 threadsLeft=3
t=40 s=2 threadsLeft=2
t=40 s=6 threadsLeft=1
t=40 s=1 threadsLeft=0
  t=40 time=0.000609
t=41 s=33 threadsLeft=5
t=41 s=10 threadsLeft=4
t=41 s=8 threadsLeft=3
t=41 s=7 threadsLeft=2
t=41 s=2 threadsLeft=1
t=41 s=3 threadsLeft=0
  t=41 time=0.000818
t=42 s=34 threadsLeft=8
t=42 s=11 threadsLeft=7
t=42 s=10 threadsLeft=6
t=42 s=9 threadsLeft=5
t=42 s=8 threadsLeft=4
t=42 s=2 threadsLeft=3
t=42 s=3 threadsLeft=2
t=42 s=3 threadsLeft=1
t=42 s=4 threadsLeft=0
  t=42 time=0.000988
t=43 s=35 threadsLeft=6
t=43 s=12 threadsLeft=5
t=43 s=11 threadsLeft=4
t=43 s=10 threadsLeft=3
t=43 s=9 threadsLeft=2
t=43 s=4 threadsLeft=1
t=43 s=5 threadsLeft=0
  t=43 time=0.00083
t=44 s=36 threadsLeft=9
t=44 s=11 threadsLeft=8
t=44 s=8 threadsLeft=7
t=44 s=7 threadsLeft=6
t=44 s=5 threadsLeft=5
t=44 s=6 threadsLeft=4
t=44 s=2 threadsLeft=3
t=44 s=5 threadsLeft=2
t=44 s=3 threadsLeft=1
t=44 s=4 threadsLeft=0
  t=44 time=0.001053
t=45 s=37 threadsLeft=7
t=45 s=12 threadsLeft=6
t=45 s=9 threadsLeft=5
t=45 s=8 threadsLeft=4
t=45 s=6 threadsLeft=3
t=45 s=7 threadsLeft=2
t=45 s=3 threadsLeft=1
t=45 s=4 threadsLeft=0
  t=45 time=0.00126
t=46 s=38 threadsLeft=8
t=46 s=13 threadsLeft=7
t=46 s=10 threadsLeft=6
t=46 s=9 threadsLeft=5
t=46 s=7 threadsLeft=4
t=46 s=8 threadsLeft=3
t=46 s=6 threadsLeft=2
t=46 s=5 threadsLeft=1
t=46 s=4 threadsLeft=0
  t=46 time=0.001385
t=47 s=39 threadsLeft=4
t=47 s=8 threadsLeft=3
t=47 s=8 threadsLeft=2
t=47 s=9 threadsLeft=1
t=47 s=7 threadsLeft=0
  t=47 time=0.000667
t=48 s=40 threadsLeft=11
t=48 s=14 threadsLeft=10
t=48 s=13 threadsLeft=9
t=48 s=9 threadsLeft=8
t=48 s=9 threadsLeft=7
t=48 s=10 threadsLeft=6
t=48 s=8 threadsLeft=5
t=48 s=2 threadsLeft=4
t=48 s=7 threadsLeft=3
t=48 s=5 threadsLeft=2
t=48 s=3 threadsLeft=1
t=48 s=6 threadsLeft=0
  t=48 time=0.00142
t=49 s=41 threadsLeft=6
t=49 s=14 threadsLeft=5
t=49 s=10 threadsLeft=4
t=49 s=11 threadsLeft=3
t=49 s=10 threadsLeft=2
t=49 s=9 threadsLeft=1
t=49 s=3 threadsLeft=0
  t=49 time=0.001832
t=50 s=42 threadsLeft=10
t=50 s=15 threadsLeft=9
t=50 s=12 threadsLeft=8
t=50 s=11 threadsLeft=7
t=50 s=7 threadsLeft=6
t=50 s=8 threadsLeft=5
t=50 s=6 threadsLeft=4
t=50 s=5 threadsLeft=3
t=50 s=3 threadsLeft=2
t=50 s=4 threadsLeft=1
t=50 s=4 threadsLeft=0
  t=50 time=0.002703
t=51 s=43 threadsLeft=7
t=51 s=13 threadsLeft=6
t=51 s=12 threadsLeft=5
t=51 s=9 threadsLeft=4
t=51 s=8 threadsLeft=3
t=51 s=5 threadsLeft=2
t=51 s=4 threadsLeft=1
t=51 s=6 threadsLeft=0
  t=51 time=0.002104
t=52 s=44 threadsLeft=13
t=52 s=14 threadsLeft=12
t=52 s=13 threadsLeft=11
t=52 s=13 threadsLeft=10
t=52 s=10 threadsLeft=9
t=52 s=9 threadsLeft=8
t=52 s=6 threadsLeft=7
t=52 s=7 threadsLeft=6
t=52 s=7 threadsLeft=5
t=52 s=5 threadsLeft=4
t=52 s=3 threadsLeft=3
t=52 s=6 threadsLeft=2
t=52 s=4 threadsLeft=1
t=52 s=4 threadsLeft=0
  t=52 time=0.002857
t=53 s=45 threadsLeft=9
t=53 s=14 threadsLeft=8
t=53 s=8 threadsLeft=7
t=53 s=12 threadsLeft=6
t=53 s=11 threadsLeft=5
t=53 s=8 threadsLeft=4
t=53 s=7 threadsLeft=3
t=53 s=5 threadsLeft=2
t=53 s=5 threadsLeft=1
t=53 s=4 threadsLeft=0
  t=53 time=0.003328
t=54 s=46 threadsLeft=10
t=54 s=15 threadsLeft=9
t=54 s=14 threadsLeft=8
t=54 s=13 threadsLeft=7
t=54 s=12 threadsLeft=6
t=54 s=9 threadsLeft=5
t=54 s=8 threadsLeft=4
t=54 s=7 threadsLeft=3
t=54 s=6 threadsLeft=2
t=54 s=5 threadsLeft=1
t=54 s=6 threadsLeft=0
  t=54 time=0.003144
t=55 s=47 threadsLeft=6
t=55 s=16 threadsLeft=5
t=55 s=15 threadsLeft=4
t=55 s=14 threadsLeft=3
t=55 s=13 threadsLeft=2
t=55 s=10 threadsLeft=1
t=55 s=9 threadsLeft=0
  t=55 time=0.001291
[38;2;000;128;000mTime: 0.496003s (2025-09-28 16:28:13)
[0mt=9 s=1 threadsLeft=0
  t=9 time=0.000302
t=10 s=2 threadsLeft=1
t=10 s=1 threadsLeft=0
  t=10 time=0.000341
t=11 s=3 threadsLeft=0
  t=11 time=0.000298
t=12 s=4 threadsLeft=2
t=12 s=2 threadsLeft=1
t=12 s=1 threadsLeft=0
  t=12 time=0.00046
t=13 s=5 threadsLeft=1
t=13 s=2 threadsLeft=0
  t=13 time=0.000331
t=14 s=6 threadsLeft=1
t=14 s=3 threadsLeft=0
  t=14 time=0.000365
t=15 s=7 threadsLeft=0
  t=15 time=0.000348
t=16 s=8 threadsLeft=2
t=16 s=2 threadsLeft=1
t=16 s=1 threadsLeft=0
  t=16 time=0.000469
t=17 s=9 threadsLeft=1
t=17 s=2 threadsLeft=0
  t=17 time=0.00044
t=18 s=10 threadsLeft=2
t=18 s=3 threadsLeft=1
t=18 s=2 threadsLeft=0
  t=18 time=0.000426
t=19 s=11 threadsLeft=2
t=19 s=4 threadsLeft=1
t=19 s=3 threadsLeft=0
  t=19 time=0.000438
t=20 s=12 threadsLeft=1
t=20 s=3 threadsLeft=0
  t=20 time=0.000439
t=21 s=13 threadsLeft=1
t=21 s=4 threadsLeft=0
  t=21 time=0.000297
t=22 s=14 threadsLeft=1
t=22 s=5 threadsLeft=0
  t=22 time=0.000286
t=23 s=15 threadsLeft=0
  t=23 time=0.00025
t=24 s=16 threadsLeft=4
t=24 s=6 threadsLeft=3
t=24 s=5 threadsLeft=2
t=24 s=2 threadsLeft=1
t=24 s=1 threadsLeft=0
  t=24 time=0.000344
t=25 s=17 threadsLeft=3
t=25 s=6 threadsLeft=2
t=25 s=2 threadsLeft=1
t=25 s=3 threadsLeft=0
  t=25 time=0.000376
t=26 s=18 threadsLeft=4
t=26 s=7 threadsLeft=3
t=26 s=4 threadsLeft=2
t=26 s=3 threadsLeft=1
t=26 s=2 threadsLeft=0
  t=26 time=0.000392
t=27 s=19 threadsLeft=2
t=27 s=5 threadsLeft=1
t=27 s=4 threadsLeft=0
  t=27 time=0.000424
t=28 s=20 threadsLeft=5
t=28 s=6 threadsLeft=4
t=28 s=5 threadsLeft=3
t=28 s=5 threadsLeft=2
t=28 s=3 threadsLeft=1
t=28 s=2 threadsLeft=0
  t=28 time=0.000475
t=29 s=21 threadsLeft=3
t=29 s=6 threadsLeft=2
t=29 s=4 threadsLeft=1
t=29 s=3 threadsLeft=0
  t=29 time=0.000591
t=30 s=22 threadsLeft=6
t=30 s=7 threadsLeft=5
t=30 s=6 threadsLeft=4
t=30 s=5 threadsLeft=3
t=30 s=4 threadsLeft=2
t=30 s=4 threadsLeft=1
t=30 s=3 threadsLeft=0
  t=30 time=0.000582
t=31 s=23 threadsLeft=4
t=31 s=8 threadsLeft=3
t=31 s=7 threadsLeft=2
t=31 s=6 threadsLeft=1
t=31 s=5 threadsLeft=0
  t=31 time=0.000513
t=32 s=24 threadsLeft=3
t=32 s=7 threadsLeft=2
t=32 s=4 threadsLeft=1
t=32 s=3 threadsLeft=0
  t=32 time=0.000778
t=33 s=25 threadsLeft=2
t=33 s=8 threadsLeft=1
t=33 s=5 threadsLeft=0
  t=33 time=0.000457
t=34 s=26 threadsLeft=4
t=34 s=9 threadsLeft=3
t=34 s=6 threadsLeft=2
t=34 s=5 threadsLeft=1
t=34 s=4 threadsLeft=0
  t=34 time=0.000566
t=35 s=27 threadsLeft=1
t=35 s=4 threadsLeft=0
  t=35 time=0.000461
t=36 s=28 threadsLeft=3
t=36 s=10 threadsLeft=2
t=36 s=9 threadsLeft=1
t=36 s=5 threadsLeft=0
  t=36 time=0.000443
t=37 s=29 threadsLeft=3
t=37 s=10 threadsLeft=2
t=37 s=6 threadsLeft=1
t=37 s=5 threadsLeft=0
  t=37 time=0.000426
t=38 s=30 threadsLeft=3
t=38 s=11 threadsLeft=2
t=38 s=8 threadsLeft=1
t=38 s=7 threadsLeft=0
  t=38 time=0.000428
t=39 s=31 threadsLeft=2
t=39 s=9 threadsLeft=1
t=39 s=8 threadsLeft=0
  t=39 time=0.000507
t=40 s=32 threadsLeft=6
t=40 s=10 threadsLeft=5
t=40 s=9 threadsLeft=4
t=40 s=9 threadsLeft=3
t=40 s=1 threadsLeft=2
t=40 s=2 threadsLeft=1
t=40 s=6 threadsLeft=0
  t=40 time=0.000632
t=41 s=33 threadsLeft=5
t=41 s=10 threadsLeft=4
t=41 s=8 threadsLeft=3
t=41 s=7 threadsLeft=2
t=41 s=2 threadsLeft=1
t=41 s=3 threadsLeft=0
  t=41 time=0.00085
t=42 s=34 threadsLeft=8
t=42 s=11 threadsLeft=7
t=42 s=10 threadsLeft=6
t=42 s=9 threadsLeft=5
t=42 s=8 threadsLeft=4
t=42 s=2 threadsLeft=3
t=42 s=3 threadsLeft=2
t=42 s=3 threadsLeft=1
t=42 s=4 threadsLeft=0
  t=42 time=0.001029
t=43 s=35 threadsLeft=6
t=43 s=12 threadsLeft=5
t=43 s=11 threadsLeft=4
t=43 s=10 threadsLeft=3
t=43 s=9 threadsLeft=2
t=43 s=4 threadsLeft=1
t=43 s=5 threadsLeft=0
  t=43 time=0.000825
t=44 s=36 threadsLeft=9
t=44 s=8 threadsLeft=8
t=44 s=11 threadsLeft=7
t=44 s=6 threadsLeft=6
t=44 s=5 threadsLeft=5
t=44 s=7 threadsLeft=4
t=44 s=2 threadsLeft=3
t=44 s=3 threadsLeft=2
t=44 s=5 threadsLeft=1
t=44 s=4 threadsLeft=0
  t=44 time=0.001083
t=45 s=37 threadsLeft=7
t=45 s=12 threadsLeft=6
t=45 s=9 threadsLeft=5
t=45 s=8 threadsLeft=4
t=45 s=7 threadsLeft=3
t=45 s=6 threadsLeft=2
t=45 s=3 threadsLeft=1
t=45 s=4 threadsLeft=0
  t=45 time=0.001187
t=46 s=38 threadsLeft=8
t=46 s=13 threadsLeft=7
t=46 s=10 threadsLeft=6
t=46 s=9 threadsLeft=5
t=46 s=8 threadsLeft=4
t=46 s=7 threadsLeft=3
t=46 s=6 threadsLeft=2
t=46 s=5 threadsLeft=1
t=46 s=4 threadsLeft=0
  t=46 time=0.001358
t=47 s=39 threadsLeft=4
t=47 s=8 threadsLeft=3
t=47 s=9 threadsLeft=2
t=47 s=8 threadsLeft=1
t=47 s=7 threadsLeft=0
  t=47 time=0.000665
t=48 s=40 threadsLeft=11
t=48 s=14 threadsLeft=10
t=48 s=13 threadsLeft=9
t=48 s=10 threadsLeft=8
t=48 s=9 threadsLeft=7
t=48 s=9 threadsLeft=6
t=48 s=8 threadsLeft=5
t=48 s=2 threadsLeft=4
t=48 s=7 threadsLeft=3
t=48 s=3 threadsLeft=2
t=48 s=6 threadsLeft=1
t=48 s=5 threadsLeft=0
  t=48 time=0.001377
t=49 s=41 threadsLeft=6
t=49 s=14 threadsLeft=5
t=49 s=11 threadsLeft=4
t=49 s=10 threadsLeft=3
t=49 s=10 threadsLeft=2
t=49 s=9 threadsLeft=1
t=49 s=3 threadsLeft=0
  t=49 time=0.001799
t=50 s=42 threadsLeft=10
t=50 s=15 threadsLeft=9
t=50 s=12 threadsLeft=8
t=50 s=7 threadsLeft=7
t=50 s=8 threadsLeft=6
t=50 s=11 threadsLeft=5
t=50 s=6 threadsLeft=4
t=50 s=5 threadsLeft=3
t=50 s=3 threadsLeft=2
t=50 s=4 threadsLeft=1
t=50 s=4 threadsLeft=0
  t=50 time=0.002634
t=51 s=43 threadsLeft=7
t=51 s=13 threadsLeft=6
t=51 s=12 threadsLeft=5
t=51 s=9 threadsLeft=4
t=51 s=8 threadsLeft=3
t=51 s=5 threadsLeft=2
t=51 s=4 threadsLeft=1
t=51 s=6 threadsLeft=0
  t=51 time=0.002126
t=52 s=44 threadsLeft=13
t=52 s=14 threadsLeft=12
t=52 s=13 threadsLeft=11
t=52 s=13 threadsLeft=10
t=52 s=10 threadsLeft=9
t=52 s=9 threadsLeft=8
t=52 s=6 threadsLeft=7
t=52 s=7 threadsLeft=6
t=52 s=7 threadsLeft=5
t=52 s=5 threadsLeft=4
t=52 s=6 threadsLeft=3
t=52 s=3 threadsLeft=2
t=52 s=4 threadsLeft=1
t=52 s=4 threadsLeft=0
  t=52 time=0.002947
t=53 s=45 threadsLeft=9
t=53 s=14 threadsLeft=8
t=53 s=8 threadsLeft=7
t=53 s=12 threadsLeft=6
t=53 s=11 threadsLeft=5
t=53 s=8 threadsLeft=4
t=53 s=7 threadsLeft=3
t=53 s=5 threadsLeft=2
t=53 s=5 threadsLeft=1
t=53 s=4 threadsLeft=0
  t=53 time=0.00336
t=54 s=46 threadsLeft=10
t=54 s=15 threadsLeft=9
t=54 s=14 threadsLeft=8
t=54 s=13 threadsLeft=7
t=54 s=12 threadsLeft=6
t=54 s=9 threadsLeft=5
t=54 s=8 threadsLeft=4
t=54 s=7 threadsLeft=3
t=54 s=6 threadsLeft=2
t=54 s=5 threadsLeft=1
t=54 s=6 threadsLeft=0
  t=54 time=0.002989
t=55 s=47 threadsLeft=6
t=55 s=16 threadsLeft=5
t=55 s=15 threadsLeft=4
t=55 s=14 threadsLeft=3
t=55 s=13 threadsLeft=2
t=55 s=9 threadsLeft=1
t=55 s=10 threadsLeft=0
  t=55 time=0.001298
[38;2;000;128;000mTime: 0.508247s (2025-10-04 15:37:44)
[0mt=9 s=1 threadsLeft=0
  t=9 time=0.000313
t=10 s=2 threadsLeft=1
t=10 s=1 threadsLeft=0
  t=10 time=0.000461
t=11 s=3 threadsLeft=0
  t=11 time=0.000348
t=12 s=4 threadsLeft=2
t=12 s=2 threadsLeft=1
t=12 s=1 threadsLeft=0
  t=12 time=0.000376
t=13 s=5 threadsLeft=1
t=13 s=2 threadsLeft=0
  t=13 time=0.000296
t=14 s=6 threadsLeft=1
t=14 s=3 threadsLeft=0
  t=14 time=0.000329
t=15 s=7 threadsLeft=0
  t=15 time=0.000268
t=16 s=8 threadsLeft=2
t=16 s=2 threadsLeft=1
t=16 s=1 threadsLeft=0
  t=16 time=0.000341
t=17 s=9 threadsLeft=1
t=17 s=2 threadsLeft=0
  t=17 time=0.000339
t=18 s=10 threadsLeft=2
t=18 s=3 threadsLeft=1
t=18 s=2 threadsLeft=0
  t=18 time=0.000379
t=19 s=11 threadsLeft=2
t=19 s=4 threadsLeft=1
t=19 s=3 threadsLeft=0
  t=19 time=0.000319
t=20 s=12 threadsLeft=1
t=20 s=3 threadsLeft=0
  t=20 time=0.000371
t=21 s=13 threadsLeft=1
t=21 s=4 threadsLeft=0
  t=21 time=0.000396
t=22 s=14 threadsLeft=1
t=22 s=5 threadsLeft=0
  t=22 time=0.000398
t=23 s=15 threadsLeft=0
  t=23 time=0.00039
t=24 s=16 threadsLeft=4
t=24 s=6 threadsLeft=3
t=24 s=5 threadsLeft=2
t=24 s=1 threadsLeft=1
t=24 s=2 threadsLeft=0
  t=24 time=0.000426
t=25 s=17 threadsLeft=3
t=25 s=6 threadsLeft=2
t=25 s=3 threadsLeft=1
t=25 s=2 threadsLeft=0
  t=25 time=0.000434
t=26 s=18 threadsLeft=4
t=26 s=7 threadsLeft=3
t=26 s=4 threadsLeft=2
t=26 s=3 threadsLeft=1
t=26 s=2 threadsLeft=0
  t=26 time=0.000541
t=27 s=19 threadsLeft=2
t=27 s=5 threadsLeft=1
t=27 s=4 threadsLeft=0
  t=27 time=0.000438
t=28 s=20 threadsLeft=5
t=28 s=6 threadsLeft=4
t=28 s=5 threadsLeft=3
t=28 s=5 threadsLeft=2
t=28 s=2 threadsLeft=1
t=28 s=3 threadsLeft=0
  t=28 time=0.000505
t=29 s=21 threadsLeft=3
t=29 s=6 threadsLeft=2
t=29 s=4 threadsLeft=1
t=29 s=3 threadsLeft=0
  t=29 time=0.00046
t=30 s=22 threadsLeft=6
t=30 s=7 threadsLeft=5
t=30 s=6 threadsLeft=4
t=30 s=5 threadsLeft=3
t=30 s=4 threadsLeft=2
t=30 s=4 threadsLeft=1
t=30 s=3 threadsLeft=0
  t=30 time=0.000475
t=31 s=23 threadsLeft=4
t=31 s=8 threadsLeft=3
t=31 s=7 threadsLeft=2
t=31 s=6 threadsLeft=1
t=31 s=5 threadsLeft=0
  t=31 time=0.000368
t=32 s=24 threadsLeft=3
t=32 s=7 threadsLeft=2
t=32 s=4 threadsLeft=1
t=32 s=3 threadsLeft=0
  t=32 time=0.000414
t=33 s=25 threadsLeft=2
t=33 s=8 threadsLeft=1
t=33 s=5 threadsLeft=0
  t=33 time=0.000368
t=34 s=26 threadsLeft=4
t=34 s=9 threadsLeft=3
t=34 s=6 threadsLeft=2
t=34 s=5 threadsLeft=1
t=34 s=4 threadsLeft=0
  t=34 time=0.000505
t=35 s=27 threadsLeft=1
t=35 s=4 threadsLeft=0
  t=35 time=0.000436
t=36 s=28 threadsLeft=3
t=36 s=10 threadsLeft=2
t=36 s=9 threadsLeft=1
t=36 s=5 threadsLeft=0
  t=36 time=0.00041
t=37 s=29 threadsLeft=3
t=37 s=10 threadsLeft=2
t=37 s=6 threadsLeft=1
t=37 s=5 threadsLeft=0
  t=37 time=0.00043
t=38 s=30 threadsLeft=3
t=38 s=11 threadsLeft=2
t=38 s=8 threadsLeft=1
t=38 s=7 threadsLeft=0
  t=38 time=0.000373
t=39 s=31 threadsLeft=2
t=39 s=9 threadsLeft=1
t=39 s=8 threadsLeft=0
  t=39 time=0.000365
t=40 s=32 threadsLeft=6
t=40 s=10 threadsLeft=5
t=40 s=9 threadsLeft=4
t=40 s=9 threadsLeft=3
t=40 s=2 threadsLeft=2
t=40 s=6 threadsLeft=1
t=40 s=1 threadsLeft=0
  t=40 time=0.000561
t=41 s=33 threadsLeft=5
t=41 s=10 threadsLeft=4
t=41 s=8 threadsLeft=3
t=41 s=7 threadsLeft=2
t=41 s=2 threadsLeft=1
t=41 s=3 threadsLeft=0
  t=41 time=0.000826
t=42 s=34 threadsLeft=8
t=42 s=11 threadsLeft=7
t=42 s=10 threadsLeft=6
t=42 s=9 threadsLeft=5
t=42 s=8 threadsLeft=4
t=42 s=2 threadsLeft=3
t=42 s=3 threadsLeft=2
t=42 s=4 threadsLeft=1
t=42 s=3 threadsLeft=0
  t=42 time=0.001005
t=43 s=35 threadsLeft=6
t=43 s=12 threadsLeft=5
t=43 s=11 threadsLeft=4
t=43 s=10 threadsLeft=3
t=43 s=9 threadsLeft=2
t=43 s=4 threadsLeft=1
t=43 s=5 threadsLeft=0
  t=43 time=0.000833
t=44 s=36 threadsLeft=9
t=44 s=11 threadsLeft=8
t=44 s=8 threadsLeft=7
t=44 s=6 threadsLeft=6
t=44 s=5 threadsLeft=5
t=44 s=7 threadsLeft=4
t=44 s=5 threadsLeft=3
t=44 s=2 threadsLeft=2
t=44 s=3 threadsLeft=1
t=44 s=4 threadsLeft=0
  t=44 time=0.001077
t=45 s=37 threadsLeft=7
t=45 s=12 threadsLeft=6
t=45 s=9 threadsLeft=5
t=45 s=8 threadsLeft=4
t=45 s=6 threadsLeft=3
t=45 s=7 threadsLeft=2
t=45 s=3 threadsLeft=1
t=45 s=4 threadsLeft=0
  t=45 time=0.001284
t=46 s=38 threadsLeft=8
t=46 s=13 threadsLeft=7
t=46 s=10 threadsLeft=6
t=46 s=9 threadsLeft=5
t=46 s=7 threadsLeft=4
t=46 s=8 threadsLeft=3
t=46 s=6 threadsLeft=2
t=46 s=5 threadsLeft=1
t=46 s=4 threadsLeft=0
  t=46 time=0.001311
t=47 s=39 threadsLeft=4
t=47 s=8 threadsLeft=3
t=47 s=9 threadsLeft=2
t=47 s=8 threadsLeft=1
t=47 s=7 threadsLeft=0
  t=47 time=0.000693
t=48 s=40 threadsLeft=11
t=48 s=14 threadsLeft=10
t=48 s=13 threadsLeft=9
t=48 s=10 threadsLeft=8
t=48 s=9 threadsLeft=7
t=48 s=9 threadsLeft=6
t=48 s=8 threadsLeft=5
t=48 s=2 threadsLeft=4
t=48 s=7 threadsLeft=3
t=48 s=5 threadsLeft=2
t=48 s=3 threadsLeft=1
t=48 s=6 threadsLeft=0
  t=48 time=0.001392
t=49 s=41 threadsLeft=6
t=49 s=14 threadsLeft=5
t=49 s=10 threadsLeft=4
t=49 s=10 threadsLeft=3
t=49 s=11 threadsLeft=2
t=49 s=9 threadsLeft=1
t=49 s=3 threadsLeft=0
  t=49 time=0.001843
t=50 s=42 threadsLeft=10
t=50 s=15 threadsLeft=9
t=50 s=12 threadsLeft=8
t=50 s=7 threadsLeft=7
t=50 s=11 threadsLeft=6
t=50 s=8 threadsLeft=5
t=50 s=6 threadsLeft=4
t=50 s=5 threadsLeft=3
t=50 s=3 threadsLeft=2
t=50 s=4 threadsLeft=1
t=50 s=4 threadsLeft=0
  t=50 time=0.002724
t=51 s=43 threadsLeft=7
t=51 s=13 threadsLeft=6
t=51 s=12 threadsLeft=5
t=51 s=9 threadsLeft=4
t=51 s=8 threadsLeft=3
t=51 s=5 threadsLeft=2
t=51 s=4 threadsLeft=1
t=51 s=6 threadsLeft=0
  t=51 time=0.002051
t=52 s=44 threadsLeft=13
t=52 s=14 threadsLeft=12
t=52 s=13 threadsLeft=11
t=52 s=13 threadsLeft=10
t=52 s=10 threadsLeft=9
t=52 s=9 threadsLeft=8
t=52 s=6 threadsLeft=7
t=52 s=7 threadsLeft=6
t=52 s=5 threadsLeft=5
t=52 s=7 threadsLeft=4
t=52 s=3 threadsLeft=3
t=52 s=6 threadsLeft=2
t=52 s=4 threadsLeft=1
t=52 s=4 threadsLeft=0
  t=52 time=0.002945
t=53 s=45 threadsLeft=9
t=53 s=14 threadsLeft=8
t=53 s=8 threadsLeft=7
t=53 s=11 threadsLeft=6
t=53 s=12 threadsLeft=5
t=53 s=8 threadsLeft=4
t=53 s=7 threadsLeft=3
t=53 s=5 threadsLeft=2
t=53 s=5 threadsLeft=1
t=53 s=4 threadsLeft=0
  t=53 time=0.003304
t=54 s=46 threadsLeft=10
t=54 s=15 threadsLeft=9
t=54 s=14 threadsLeft=8
t=54 s=13 threadsLeft=7
t=54 s=12 threadsLeft=6
t=54 s=9 threadsLeft=5
t=54 s=8 threadsLeft=4
t=54 s=7 threadsLeft=3
t=54 s=6 threadsLeft=2
t=54 s=5 threadsLeft=1
t=54 s=6 threadsLeft=0
  t=54 time=0.002981
t=55 s=47 threadsLeft=6
t=55 s=16 threadsLeft=5
t=55 s=15 threadsLeft=4
t=55 s=14 threadsLeft=3
t=55 s=13 threadsLeft=2
t=55 s=10 threadsLeft=1
t=55 s=9 threadsLeft=0
  t=55 time=0.001303
[38;2;000;128;000mTime: 0.505439s (2025-10-04 15:40:46)
[0mt=9 s=1 threadsLeft=0
  t=9 time=0.000323
t=10 s=2 threadsLeft=1
t=10 s=1 threadsLeft=0
  t=10 time=0.000382
t=11 s=3 threadsLeft=0
  t=11 time=0.00032
t=12 s=4 threadsLeft=2
t=12 s=2 threadsLeft=1
t=12 s=1 threadsLeft=0
  t=12 time=0.000368
t=13 s=5 threadsLeft=1
t=13 s=2 threadsLeft=0
  t=13 time=0.000327
t=14 s=6 threadsLeft=1
t=14 s=3 threadsLeft=0
  t=14 time=0.000319
t=15 s=7 threadsLeft=0
  t=15 time=0.000263
t=16 s=8 threadsLeft=2
t=16 s=2 threadsLeft=1
t=16 s=1 threadsLeft=0
  t=16 time=0.000338
t=17 s=9 threadsLeft=1
t=17 s=2 threadsLeft=0
  t=17 time=0.000323
t=18 s=10 threadsLeft=2
t=18 s=3 threadsLeft=1
t=18 s=2 threadsLeft=0
  t=18 time=0.00033
t=19 s=11 threadsLeft=2
t=19 s=4 threadsLeft=1
t=19 s=3 threadsLeft=0
  t=19 time=0.00031
t=20 s=12 threadsLeft=1
t=20 s=3 threadsLeft=0
  t=20 time=0.000373
t=21 s=13 threadsLeft=1
t=21 s=4 threadsLeft=0
  t=21 time=0.000433
t=22 s=14 threadsLeft=1
t=22 s=5 threadsLeft=0
  t=22 time=0.000377
t=23 s=15 threadsLeft=0
  t=23 time=0.00049
t=24 s=16 threadsLeft=4
t=24 s=6 threadsLeft=3
t=24 s=5 threadsLeft=2
t=24 s=2 threadsLeft=1
t=24 s=1 threadsLeft=0
  t=24 time=0.000391
t=25 s=17 threadsLeft=3
t=25 s=6 threadsLeft=2
t=25 s=2 threadsLeft=1
t=25 s=3 threadsLeft=0
  t=25 time=0.000355
t=26 s=18 threadsLeft=4
t=26 s=7 threadsLeft=3
t=26 s=4 threadsLeft=2
t=26 s=3 threadsLeft=1
t=26 s=2 threadsLeft=0
  t=26 time=0.000599
t=27 s=19 threadsLeft=2
t=27 s=5 threadsLeft=1
t=27 s=4 threadsLeft=0
  t=27 time=0.000467
t=28 s=20 threadsLeft=5
t=28 s=6 threadsLeft=4
t=28 s=5 threadsLeft=3
t=28 s=5 threadsLeft=2
t=28 s=3 threadsLeft=1
t=28 s=2 threadsLeft=0
  t=28 time=0.000463
t=29 s=21 threadsLeft=3
t=29 s=6 threadsLeft=2
t=29 s=4 threadsLeft=1
t=29 s=3 threadsLeft=0
  t=29 time=0.000542
t=30 s=22 threadsLeft=6
t=30 s=7 threadsLeft=5
t=30 s=6 threadsLeft=4
t=30 s=5 threadsLeft=3
t=30 s=4 threadsLeft=2
t=30 s=3 threadsLeft=1
t=30 s=4 threadsLeft=0
  t=30 time=0.000536
t=31 s=23 threadsLeft=4
t=31 s=8 threadsLeft=3
t=31 s=7 threadsLeft=2
t=31 s=6 threadsLeft=1
t=31 s=5 threadsLeft=0
  t=31 time=0.000672
t=32 s=24 threadsLeft=3
t=32 s=7 threadsLeft=2
t=32 s=4 threadsLeft=1
t=32 s=3 threadsLeft=0
  t=32 time=0.000538
t=33 s=25 threadsLeft=2
t=33 s=8 threadsLeft=1
t=33 s=5 threadsLeft=0
  t=33 time=0.000363
t=34 s=26 threadsLeft=4
t=34 s=9 threadsLeft=3
t=34 s=6 threadsLeft=2
t=34 s=5 threadsLeft=1
t=34 s=4 threadsLeft=0
  t=34 time=0.000463
t=35 s=27 threadsLeft=1
t=35 s=4 threadsLeft=0
  t=35 time=0.000434
t=36 s=28 threadsLeft=3
t=36 s=10 threadsLeft=2
t=36 s=9 threadsLeft=1
t=36 s=5 threadsLeft=0
  t=36 time=0.000568
t=37 s=29 threadsLeft=3
t=37 s=10 threadsLeft=2
t=37 s=6 threadsLeft=1
t=37 s=5 threadsLeft=0
  t=37 time=0.000493
t=38 s=30 threadsLeft=3
t=38 s=11 threadsLeft=2
t=38 s=8 threadsLeft=1
t=38 s=7 threadsLeft=0
  t=38 time=0.00039
t=39 s=31 threadsLeft=2
t=39 s=9 threadsLeft=1
t=39 s=8 threadsLeft=0
  t=39 time=0.000583
t=40 s=32 threadsLeft=6
t=40 s=10 threadsLeft=5
t=40 s=9 threadsLeft=4
t=40 s=9 threadsLeft=3
t=40 s=1 threadsLeft=2
t=40 s=2 threadsLeft=1
t=40 s=6 threadsLeft=0
  t=40 time=0.000601
t=41 s=33 threadsLeft=5
t=41 s=10 threadsLeft=4
t=41 s=8 threadsLeft=3
t=41 s=7 threadsLeft=2
t=41 s=2 threadsLeft=1
t=41 s=3 threadsLeft=0
  t=41 time=0.00088
t=42 s=34 threadsLeft=8
t=42 s=11 threadsLeft=7
t=42 s=10 threadsLeft=6
t=42 s=9 threadsLeft=5
t=42 s=8 threadsLeft=4
t=42 s=3 threadsLeft=3
t=42 s=4 threadsLeft=2
t=42 s=2 threadsLeft=1
t=42 s=3 threadsLeft=0
  t=42 time=0.000999
t=43 s=35 threadsLeft=6
t=43 s=12 threadsLeft=5
t=43 s=11 threadsLeft=4
t=43 s=9 threadsLeft=3
t=43 s=10 threadsLeft=2
t=43 s=4 threadsLeft=1
t=43 s=5 threadsLeft=0
  t=43 time=0.000896
t=44 s=36 threadsLeft=9
t=44 s=11 threadsLeft=8
t=44 s=8 threadsLeft=7
t=44 s=6 threadsLeft=6
t=44 s=5 threadsLeft=5
t=44 s=7 threadsLeft=4
t=44 s=2 threadsLeft=3
t=44 s=5 threadsLeft=2
t=44 s=3 threadsLeft=1
t=44 s=4 threadsLeft=0
  t=44 time=0.001039
t=45 s=37 threadsLeft=7
t=45 s=12 threadsLeft=6
t=45 s=9 threadsLeft=5
t=45 s=8 threadsLeft=4
t=45 s=7 threadsLeft=3
t=45 s=6 threadsLeft=2
t=45 s=3 threadsLeft=1
t=45 s=4 threadsLeft=0
  t=45 time=0.001225
t=46 s=38 threadsLeft=8
t=46 s=13 threadsLeft=7
t=46 s=10 threadsLeft=6
t=46 s=8 threadsLeft=5
t=46 s=7 threadsLeft=4
t=46 s=6 threadsLeft=3
t=46 s=9 threadsLeft=2
t=46 s=5 threadsLeft=1
t=46 s=4 threadsLeft=0
  t=46 time=0.001296
t=47 s=39 threadsLeft=4
t=47 s=8 threadsLeft=3
t=47 s=9 threadsLeft=2
t=47 s=8 threadsLeft=1
t=47 s=7 threadsLeft=0
  t=47 time=0.000687
t=48 s=40 threadsLeft=11
t=48 s=14 threadsLeft=10
t=48 s=13 threadsLeft=9
t=48 s=9 threadsLeft=8
t=48 s=10 threadsLeft=7
t=48 s=9 threadsLeft=6
t=48 s=8 threadsLeft=5
t=48 s=2 threadsLeft=4
t=48 s=7 threadsLeft=3
t=48 s=3 threadsLeft=2
t=48 s=5 threadsLeft=1
t=48 s=6 threadsLeft=0
  t=48 time=0.001434
t=49 s=41 threadsLeft=6
t=49 s=14 threadsLeft=5
t=49 s=10 threadsLeft=4
t=49 s=11 threadsLeft=3
t=49 s=10 threadsLeft=2
t=49 s=9 threadsLeft=1
t=49 s=3 threadsLeft=0
  t=49 time=0.001889
t=50 s=42 threadsLeft=10
t=50 s=15 threadsLeft=9
t=50 s=12 threadsLeft=8
t=50 s=11 threadsLeft=7
t=50 s=7 threadsLeft=6
t=50 s=8 threadsLeft=5
t=50 s=6 threadsLeft=4
t=50 s=5 threadsLeft=3
t=50 s=3 threadsLeft=2
t=50 s=4 threadsLeft=1
t=50 s=4 threadsLeft=0
  t=50 time=0.00281
t=51 s=43 threadsLeft=7
t=51 s=13 threadsLeft=6
t=51 s=12 threadsLeft=5
t=51 s=9 threadsLeft=4
t=51 s=8 threadsLeft=3
t=51 s=5 threadsLeft=2
t=51 s=4 threadsLeft=1
t=51 s=6 threadsLeft=0
  t=51 time=0.00206
t=52 s=44 threadsLeft=13
t=52 s=14 threadsLeft=12
t=52 s=13 threadsLeft=11
t=52 s=13 threadsLeft=10
t=52 s=10 threadsLeft=9
t=52 s=9 threadsLeft=8
t=52 s=6 threadsLeft=7
t=52 s=7 threadsLeft=6
t=52 s=5 threadsLeft=5
t=52 s=7 threadsLeft=4
t=52 s=3 threadsLeft=3
t=52 s=6 threadsLeft=2
t=52 s=4 threadsLeft=1
t=52 s=4 threadsLeft=0
  t=52 time=0.002889
t=53 s=45 threadsLeft=9
t=53 s=14 threadsLeft=8
t=53 s=8 threadsLeft=7
t=53 s=12 threadsLeft=6
t=53 s=11 threadsLeft=5
t=53 s=8 threadsLeft=4
t=53 s=7 threadsLeft=3
t=53 s=5 threadsLeft=2
t=53 s=5 threadsLeft=1
t=53 s=4 threadsLeft=0
  t=53 time=0.003384
t=54 s=46 threadsLeft=10
t=54 s=15 threadsLeft=9
t=54 s=14 threadsLeft=8
t=54 s=13 threadsLeft=7
t=54 s=12 threadsLeft=6
t=54 s=9 threadsLeft=5
t=54 s=8 threadsLeft=4
t=54 s=7 threadsLeft=3
t=54 s=6 threadsLeft=2
t=54 s=5 threadsLeft=1
t=54 s=6 threadsLeft=0
  t=54 time=0.002939
t=55 s=47 threadsLeft=6
t=55 s=16 threadsLeft=5
t=55 s=15 threadsLeft=4
t=55 s=14 threadsLeft=3
t=55 s=13 threadsLeft=2
t=55 s=10 threadsLeft=1
t=55 s=9 threadsLeft=0
  t=55 time=0.001288
[38;2;000;128;000mTime: 0.482587s (2025-10-27 20:18:03)
[0mt=9 s=1 threadsLeft=0
  t=9 time=0.00031
t=10 s=2 threadsLeft=1
t=10 s=1 threadsLeft=0
  t=10 time=0.000371
t=11 s=3 threadsLeft=0
  t=11 time=0.000362
t=12 s=4 threadsLeft=2
t=12 s=2 threadsLeft=1
t=12 s=1 threadsLeft=0
  t=12 time=0.000359
t=13 s=5 threadsLeft=1
t=13 s=2 threadsLeft=0
  t=13 time=0.000322
t=14 s=6 threadsLeft=1
t=14 s=3 threadsLeft=0
  t=14 time=0.000333
t=15 s=7 threadsLeft=0
  t=15 time=0.000315
t=16 s=8 threadsLeft=2
t=16 s=2 threadsLeft=1
t=16 s=1 threadsLeft=0
  t=16 time=0.0003
t=17 s=9 threadsLeft=1
t=17 s=2 threadsLeft=0
  t=17 time=0.000343
t=18 s=10 threadsLeft=2
t=18 s=3 threadsLeft=1
t=18 s=2 threadsLeft=0
  t=18 time=0.000337
t=19 s=11 threadsLeft=2
t=19 s=4 threadsLeft=1
t=19 s=3 threadsLeft=0
  t=19 time=0.000319
t=20 s=12 threadsLeft=1
t=20 s=3 threadsLeft=0
  t=20 time=0.00029
t=21 s=13 threadsLeft=1
t=21 s=4 threadsLeft=0
  t=21 time=0.000285
t=22 s=14 threadsLeft=1
t=22 s=5 threadsLeft=0
  t=22 time=0.000268
t=23 s=15 threadsLeft=0
  t=23 time=0.000292
t=24 s=16 threadsLeft=4
t=24 s=6 threadsLeft=3
t=24 s=5 threadsLeft=2
t=24 s=2 threadsLeft=1
t=24 s=1 threadsLeft=0
  t=24 time=0.000442
t=25 s=17 threadsLeft=3
t=25 s=6 threadsLeft=2
t=25 s=3 threadsLeft=1
t=25 s=2 threadsLeft=0
  t=25 time=0.000452
t=26 s=18 threadsLeft=4
t=26 s=7 threadsLeft=3
t=26 s=4 threadsLeft=2
t=26 s=3 threadsLeft=1
t=26 s=2 threadsLeft=0
  t=26 time=0.000381
t=27 s=19 threadsLeft=2
t=27 s=5 threadsLeft=1
t=27 s=4 threadsLeft=0
  t=27 time=0.000344
t=28 s=20 threadsLeft=5
t=28 s=6 threadsLeft=4
t=28 s=5 threadsLeft=3
t=28 s=5 threadsLeft=2
t=28 s=3 threadsLeft=1
t=28 s=2 threadsLeft=0
  t=28 time=0.000376
t=29 s=21 threadsLeft=3
t=29 s=6 threadsLeft=2
t=29 s=4 threadsLeft=1
t=29 s=3 threadsLeft=0
  t=29 time=0.00037
t=30 s=22 threadsLeft=6
t=30 s=7 threadsLeft=5
t=30 s=6 threadsLeft=4
t=30 s=5 threadsLeft=3
t=30 s=4 threadsLeft=2
t=30 s=4 threadsLeft=1
t=30 s=3 threadsLeft=0
  t=30 time=0.000427
t=31 s=23 threadsLeft=4
t=31 s=8 threadsLeft=3
t=31 s=7 threadsLeft=2
t=31 s=6 threadsLeft=1
t=31 s=5 threadsLeft=0
  t=31 time=0.000367
t=32 s=24 threadsLeft=3
t=32 s=7 threadsLeft=2
t=32 s=4 threadsLeft=1
t=32 s=3 threadsLeft=0
  t=32 time=0.000462
t=33 s=25 threadsLeft=2
t=33 s=8 threadsLeft=1
t=33 s=5 threadsLeft=0
  t=33 time=0.00037
t=34 s=26 threadsLeft=4
t=34 s=9 threadsLeft=3
t=34 s=6 threadsLeft=2
t=34 s=5 threadsLeft=1
t=34 s=4 threadsLeft=0
  t=34 time=0.000486
t=35 s=27 threadsLeft=1
t=35 s=4 threadsLeft=0
  t=35 time=0.000422
t=36 s=28 threadsLeft=3
t=36 s=10 threadsLeft=2
t=36 s=9 threadsLeft=1
t=36 s=5 threadsLeft=0
  t=36 time=0.000405
t=37 s=29 threadsLeft=3
t=37 s=10 threadsLeft=2
t=37 s=6 threadsLeft=1
t=37 s=5 threadsLeft=0
  t=37 time=0.000417
t=38 s=30 threadsLeft=3
t=38 s=11 threadsLeft=2
t=38 s=8 threadsLeft=1
t=38 s=7 threadsLeft=0
  t=38 time=0.000371
t=39 s=31 threadsLeft=2
t=39 s=9 threadsLeft=1
t=39 s=8 threadsLeft=0
  t=39 time=0.000381
t=40 s=32 threadsLeft=6
t=40 s=10 threadsLeft=5
t=40 s=9 threadsLeft=4
t=40 s=9 threadsLeft=3
t=40 s=1 threadsLeft=2
t=40 s=2 threadsLeft=1
t=40 s=6 threadsLeft=0
  t=40 time=0.000659
t=41 s=33 threadsLeft=5
t=41 s=10 threadsLeft=4
t=41 s=8 threadsLeft=3
t=41 s=7 threadsLeft=2
t=41 s=2 threadsLeft=1
t=41 s=3 threadsLeft=0
  t=41 time=0.000867
t=42 s=34 threadsLeft=8
t=42 s=11 threadsLeft=7
t=42 s=10 threadsLeft=6
t=42 s=9 threadsLeft=5
t=42 s=8 threadsLeft=4
t=42 s=2 threadsLeft=3
t=42 s=3 threadsLeft=2
t=42 s=4 threadsLeft=1
t=42 s=3 threadsLeft=0
  t=42 time=0.000944
t=43 s=35 threadsLeft=6
t=43 s=12 threadsLeft=5
t=43 s=11 threadsLeft=4
t=43 s=10 threadsLeft=3
t=43 s=9 threadsLeft=2
t=43 s=4 threadsLeft=1
t=43 s=5 threadsLeft=0
  t=43 time=0.000829
t=44 s=36 threadsLeft=9
t=44 s=8 threadsLeft=8
t=44 s=11 threadsLeft=7
t=44 s=6 threadsLeft=6
t=44 s=5 threadsLeft=5
t=44 s=7 threadsLeft=4
t=44 s=2 threadsLeft=3
t=44 s=5 threadsLeft=2
t=44 s=3 threadsLeft=1
t=44 s=4 threadsLeft=0
  t=44 time=0.001064
t=45 s=37 threadsLeft=7
t=45 s=12 threadsLeft=6
t=45 s=9 threadsLeft=5
t=45 s=8 threadsLeft=4
t=45 s=6 threadsLeft=3
t=45 s=7 threadsLeft=2
t=45 s=3 threadsLeft=1
t=45 s=4 threadsLeft=0
  t=45 time=0.001272
t=46 s=38 threadsLeft=8
t=46 s=13 threadsLeft=7
t=46 s=10 threadsLeft=6
t=46 s=9 threadsLeft=5
t=46 s=8 threadsLeft=4
t=46 s=7 threadsLeft=3
t=46 s=6 threadsLeft=2
t=46 s=5 threadsLeft=1
t=46 s=4 threadsLeft=0
  t=46 time=0.001365
t=47 s=39 threadsLeft=4
t=47 s=8 threadsLeft=3
t=47 s=8 threadsLeft=2
t=47 s=9 threadsLeft=1
t=47 s=7 threadsLeft=0
  t=47 time=0.000766
t=48 s=40 threadsLeft=11
t=48 s=14 threadsLeft=10
t=48 s=13 threadsLeft=9
t=48 s=9 threadsLeft=8
t=48 s=9 threadsLeft=7
t=48 s=10 threadsLeft=6
t=48 s=8 threadsLeft=5
t=48 s=7 threadsLeft=4
t=48 s=2 threadsLeft=3
t=48 s=5 threadsLeft=2
t=48 s=3 threadsLeft=1
t=48 s=6 threadsLeft=0
  t=48 time=0.001487
t=49 s=41 threadsLeft=6
t=49 s=14 threadsLeft=5
t=49 s=11 threadsLeft=4
t=49 s=10 threadsLeft=3
t=49 s=10 threadsLeft=2
t=49 s=9 threadsLeft=1
t=49 s=3 threadsLeft=0
  t=49 time=0.001893
t=50 s=42 threadsLeft=10
t=50 s=15 threadsLeft=9
t=50 s=12 threadsLeft=8
t=50 s=11 threadsLeft=7
t=50 s=8 threadsLeft=6
t=50 s=7 threadsLeft=5
t=50 s=6 threadsLeft=4
t=50 s=5 threadsLeft=3
t=50 s=3 threadsLeft=2
t=50 s=4 threadsLeft=1
t=50 s=4 threadsLeft=0
  t=50 time=0.002708
[38;2;000;128;000mTime: 0.495337s (2025-10-29 20:48:34)
[0mt=9 s=1 threadsLeft=0
  t=9 time=0.000317
t=10 s=2 threadsLeft=1
t=10 s=1 threadsLeft=0
  t=10 time=0.000323
t=11 s=3 threadsLeft=0
  t=11 time=0.000343
t=12 s=4 threadsLeft=2
t=12 s=2 threadsLeft=1
t=12 s=1 threadsLeft=0
  t=12 time=0.000379
t=13 s=5 threadsLeft=1
t=13 s=2 threadsLeft=0
  t=13 time=0.00032
t=14 s=6 threadsLeft=1
t=14 s=3 threadsLeft=0
  t=14 time=0.000309
t=15 s=7 threadsLeft=0
  t=15 time=0.00029
t=16 s=8 threadsLeft=2
t=16 s=2 threadsLeft=1
t=16 s=1 threadsLeft=0
  t=16 time=0.000327
t=17 s=9 threadsLeft=1
t=17 s=2 threadsLeft=0
  t=17 time=0.000325
t=18 s=10 threadsLeft=2
t=18 s=3 threadsLeft=1
t=18 s=2 threadsLeft=0
  t=18 time=0.000341
t=19 s=11 threadsLeft=2
t=19 s=4 threadsLeft=1
t=19 s=3 threadsLeft=0
  t=19 time=0.00037
t=20 s=12 threadsLeft=1
t=20 s=3 threadsLeft=0
  t=20 time=0.000305
t=21 s=13 threadsLeft=1
t=21 s=4 threadsLeft=0
  t=21 time=0.000306
t=22 s=14 threadsLeft=1
t=22 s=5 threadsLeft=0
  t=22 time=0.000285
t=23 s=15 threadsLeft=0
  t=23 time=0.000307
t=24 s=16 threadsLeft=4
t=24 s=6 threadsLeft=3
t=24 s=5 threadsLeft=2
t=24 s=2 threadsLeft=1
t=24 s=1 threadsLeft=0
  t=24 time=0.000394
t=25 s=17 threadsLeft=3
t=25 s=6 threadsLeft=2
t=25 s=3 threadsLeft=1
t=25 s=2 threadsLeft=0
  t=25 time=0.000391
t=26 s=18 threadsLeft=4
t=26 s=7 threadsLeft=3
t=26 s=4 threadsLeft=2
t=26 s=3 threadsLeft=1
t=26 s=2 threadsLeft=0
  t=26 time=0.000431
t=27 s=19 threadsLeft=2
t=27 s=5 threadsLeft=1
t=27 s=4 threadsLeft=0
  t=27 time=0.000358
t=28 s=20 threadsLeft=5
t=28 s=6 threadsLeft=4
t=28 s=5 threadsLeft=3
t=28 s=5 threadsLeft=2
t=28 s=3 threadsLeft=1
t=28 s=2 threadsLeft=0
  t=28 time=0.000441
t=29 s=21 threadsLeft=3
t=29 s=6 threadsLeft=2
t=29 s=4 threadsLeft=1
t=29 s=3 threadsLeft=0
  t=29 time=0.000414
t=30 s=22 threadsLeft=6
t=30 s=7 threadsLeft=5
t=30 s=6 threadsLeft=4
t=30 s=5 threadsLeft=3
t=30 s=4 threadsLeft=2
t=30 s=3 threadsLeft=1
t=30 s=4 threadsLeft=0
  t=30 time=0.000587
t=31 s=23 threadsLeft=4
t=31 s=8 threadsLeft=3
t=31 s=7 threadsLeft=2
t=31 s=6 threadsLeft=1
t=31 s=5 threadsLeft=0
  t=31 time=0.000454
t=32 s=24 threadsLeft=3
t=32 s=7 threadsLeft=2
t=32 s=4 threadsLeft=1
t=32 s=3 threadsLeft=0
  t=32 time=0.000482
t=33 s=25 threadsLeft=2
t=33 s=8 threadsLeft=1
t=33 s=5 threadsLeft=0
  t=33 time=0.000644
t=34 s=26 threadsLeft=4
t=34 s=9 threadsLeft=3
t=34 s=6 threadsLeft=2
t=34 s=5 threadsLeft=1
t=34 s=4 threadsLeft=0
  t=34 time=0.000612
t=35 s=27 threadsLeft=1
t=35 s=4 threadsLeft=0
  t=35 time=0.000611
t=36 s=28 threadsLeft=3
t=36 s=10 threadsLeft=2
t=36 s=9 threadsLeft=1
t=36 s=5 threadsLeft=0
  t=36 time=0.000584
t=37 s=29 threadsLeft=3
t=37 s=10 threadsLeft=2
t=37 s=6 threadsLeft=1
t=37 s=5 threadsLeft=0
  t=37 time=0.000689
t=38 s=30 threadsLeft=3
t=38 s=11 threadsLeft=2
t=38 s=8 threadsLeft=1
t=38 s=7 threadsLeft=0
  t=38 time=0.000542
t=39 s=31 threadsLeft=2
t=39 s=9 threadsLeft=1
t=39 s=8 threadsLeft=0
  t=39 time=0.000539
t=40 s=32 threadsLeft=6
t=40 s=10 threadsLeft=5
t=40 s=9 threadsLeft=4
t=40 s=9 threadsLeft=3
t=40 s=1 threadsLeft=2
t=40 s=2 threadsLeft=1
t=40 s=6 threadsLeft=0
  t=40 time=0.000726
t=41 s=33 threadsLeft=5
t=41 s=10 threadsLeft=4
t=41 s=8 threadsLeft=3
t=41 s=7 threadsLeft=2
t=41 s=2 threadsLeft=1
t=41 s=3 threadsLeft=0
  t=41 time=0.000965
t=42 s=34 threadsLeft=8
t=42 s=11 threadsLeft=7
t=42 s=10 threadsLeft=6
t=42 s=9 threadsLeft=5
t=42 s=8 threadsLeft=4
t=42 s=2 threadsLeft=3
t=42 s=3 threadsLeft=2
t=42 s=4 threadsLeft=1
t=42 s=3 threadsLeft=0
  t=42 time=0.001049
t=43 s=35 threadsLeft=6
t=43 s=12 threadsLeft=5
t=43 s=11 threadsLeft=4
t=43 s=10 threadsLeft=3
t=43 s=9 threadsLeft=2
t=43 s=4 threadsLeft=1
t=43 s=5 threadsLeft=0
  t=43 time=0.000852
t=44 s=36 threadsLeft=9
t=44 s=11 threadsLeft=8
t=44 s=8 threadsLeft=7
t=44 s=6 threadsLeft=6
t=44 s=7 threadsLeft=5
t=44 s=5 threadsLeft=4
t=44 s=5 threadsLeft=3
t=44 s=2 threadsLeft=2
t=44 s=3 threadsLeft=1
t=44 s=4 threadsLeft=0
  t=44 time=0.001118
t=45 s=37 threadsLeft=7
t=45 s=12 threadsLeft=6
t=45 s=9 threadsLeft=5
t=45 s=8 threadsLeft=4
t=45 s=7 threadsLeft=3
t=45 s=6 threadsLeft=2
t=45 s=3 threadsLeft=1
t=45 s=4 threadsLeft=0
  t=45 time=0.001217
t=46 s=38 threadsLeft=8
t=46 s=13 threadsLeft=7
t=46 s=10 threadsLeft=6
t=46 s=9 threadsLeft=5
t=46 s=7 threadsLeft=4
t=46 s=8 threadsLeft=3
t=46 s=6 threadsLeft=2
t=46 s=5 threadsLeft=1
t=46 s=4 threadsLeft=0
  t=46 time=0.001273
t=47 s=39 threadsLeft=4
t=47 s=8 threadsLeft=3
t=47 s=8 threadsLeft=2
t=47 s=9 threadsLeft=1
t=47 s=7 threadsLeft=0
  t=47 time=0.000687
t=48 s=40 threadsLeft=11
t=48 s=14 threadsLeft=10
t=48 s=13 threadsLeft=9
t=48 s=10 threadsLeft=8
t=48 s=9 threadsLeft=7
t=48 s=9 threadsLeft=6
t=48 s=8 threadsLeft=5
t=48 s=7 threadsLeft=4
t=48 s=2 threadsLeft=3
t=48 s=5 threadsLeft=2
t=48 s=3 threadsLeft=1
t=48 s=6 threadsLeft=0
  t=48 time=0.001505
t=49 s=41 threadsLeft=6
t=49 s=14 threadsLeft=5
t=49 s=11 threadsLeft=4
t=49 s=10 threadsLeft=3
t=49 s=10 threadsLeft=2
t=49 s=9 threadsLeft=1
t=49 s=3 threadsLeft=0
  t=49 time=0.001922
t=50 s=42 threadsLeft=10
t=50 s=15 threadsLeft=9
t=50 s=12 threadsLeft=8
t=50 s=11 threadsLeft=7
t=50 s=7 threadsLeft=6
t=50 s=8 threadsLeft=5
t=50 s=6 threadsLeft=4
t=50 s=5 threadsLeft=3
t=50 s=3 threadsLeft=2
t=50 s=4 threadsLeft=1
t=50 s=4 threadsLeft=0
  t=50 time=0.002737
t=51 s=43 threadsLeft=7
t=51 s=13 threadsLeft=6
t=51 s=12 threadsLeft=5
t=51 s=9 threadsLeft=4
t=51 s=8 threadsLeft=3
t=51 s=5 threadsLeft=2
t=51 s=4 threadsLeft=1
t=51 s=6 threadsLeft=0
  t=51 time=0.002128
t=52 s=44 threadsLeft=13
t=52 s=14 threadsLeft=12
t=52 s=13 threadsLeft=11
t=52 s=13 threadsLeft=10
t=52 s=10 threadsLeft=9
t=52 s=9 threadsLeft=8
t=52 s=6 threadsLeft=7
t=52 s=7 threadsLeft=6
t=52 s=5 threadsLeft=5
t=52 s=7 threadsLeft=4
t=52 s=3 threadsLeft=3
t=52 s=6 threadsLeft=2
t=52 s=4 threadsLeft=1
t=52 s=4 threadsLeft=0
  t=52 time=0.003001
t=53 s=45 threadsLeft=9
t=53 s=14 threadsLeft=8
t=53 s=8 threadsLeft=7
t=53 s=12 threadsLeft=6
t=53 s=11 threadsLeft=5
t=53 s=8 threadsLeft=4
t=53 s=7 threadsLeft=3
t=53 s=5 threadsLeft=2
t=53 s=5 threadsLeft=1
t=53 s=4 threadsLeft=0
  t=53 time=0.003266
t=54 s=46 threadsLeft=10
t=54 s=15 threadsLeft=9
t=54 s=14 threadsLeft=8
t=54 s=13 threadsLeft=7
t=54 s=12 threadsLeft=6
t=54 s=9 threadsLeft=5
t=54 s=8 threadsLeft=4
t=54 s=7 threadsLeft=3
t=54 s=6 threadsLeft=2
t=54 s=5 threadsLeft=1
t=54 s=6 threadsLeft=0
  t=54 time=0.003192
t=55 s=47 threadsLeft=6
t=55 s=16 threadsLeft=5
t=55 s=15 threadsLeft=4
t=55 s=14 threadsLeft=3
t=55 s=13 threadsLeft=2
t=55 s=10 threadsLeft=1
t=55 s=9 threadsLeft=0
  t=55 time=0.00131
t=56 s=48 threadsLeft=9
t=56 s=15 threadsLeft=8
t=56 s=9 threadsLeft=7
t=56 s=12 threadsLeft=6
t=56 s=8 threadsLeft=5
t=56 s=11 threadsLeft=4
t=56 s=7 threadsLeft=3
t=56 s=3 threadsLeft=2
t=56 s=4 threadsLeft=1
t=56 s=6 threadsLeft=0
  t=56 time=0.003164
t=57 s=49 threadsLeft=6
t=57 s=16 threadsLeft=5
t=57 s=13 threadsLeft=4
t=57 s=12 threadsLeft=3
t=57 s=5 threadsLeft=2
t=57 s=7 threadsLeft=1
t=57 s=4 threadsLeft=0
  t=57 time=0.004221
t=58 s=50 threadsLeft=8
t=58 s=17 threadsLeft=7
t=58 s=14 threadsLeft=6
t=58 s=13 threadsLeft=5
t=58 s=10 threadsLeft=4
t=58 s=5 threadsLeft=3
t=58 s=8 threadsLeft=2
t=58 s=5 threadsLeft=1
t=58 s=6 threadsLeft=0
  t=58 time=0.005207
t=59 s=51 threadsLeft=5
t=59 s=9 threadsLeft=4
t=59 s=12 threadsLeft=3
t=59 s=11 threadsLeft=2
t=59 s=10 threadsLeft=1
t=59 s=6 threadsLeft=0
  t=59 time=0.004032
t=60 s=52 threadsLeft=9
t=60 s=18 threadsLeft=8
t=60 s=17 threadsLeft=7
t=60 s=13 threadsLeft=6
t=60 s=12 threadsLeft=5
t=60 s=11 threadsLeft=4
t=60 s=5 threadsLeft=3
t=60 s=7 threadsLeft=2
t=60 s=6 threadsLeft=1
t=60 s=4 threadsLeft=0
  t=60 time=0.005049
t=61 s=53 threadsLeft=6
t=61 s=18 threadsLeft=5
t=61 s=14 threadsLeft=4
t=61 s=13 threadsLeft=3
t=61 s=7 threadsLeft=2
t=61 s=5 threadsLeft=1
t=61 s=6 threadsLeft=0
  t=61 time=0.006064
t=62 s=54 threadsLeft=12
t=62 s=19 threadsLeft=11
t=62 s=15 threadsLeft=10
t=62 s=9 threadsLeft=9
t=62 s=10 threadsLeft=8
t=62 s=16 threadsLeft=7
t=62 s=12 threadsLeft=6
t=62 s=11 threadsLeft=5
t=62 s=8 threadsLeft=4
t=62 s=7 threadsLeft=3
t=62 s=5 threadsLeft=2
t=62 s=6 threadsLeft=1
t=62 s=4 threadsLeft=0
  t=62 time=0.007064
t=63 s=55 threadsLeft=9
t=63 s=17 threadsLeft=8
t=63 s=16 threadsLeft=7
t=63 s=13 threadsLeft=6
t=63 s=12 threadsLeft=5
t=63 s=8 threadsLeft=4
t=63 s=8 threadsLeft=3
t=63 s=7 threadsLeft=2
t=63 s=7 threadsLeft=1
t=63 s=6 threadsLeft=0
  t=63 time=0.007681
t=64 s=56 threadsLeft=8
t=64 s=18 threadsLeft=7
t=64 s=17 threadsLeft=6
t=64 s=17 threadsLeft=5
t=64 s=14 threadsLeft=4
t=64 s=13 threadsLeft=3
t=64 s=8 threadsLeft=2
t=64 s=5 threadsLeft=1
t=64 s=6 threadsLeft=0
  t=64 time=0.007695
t=65 s=57 threadsLeft=10
t=65 s=18 threadsLeft=9
t=65 s=16 threadsLeft=8
t=65 s=15 threadsLeft=7
t=65 s=11 threadsLeft=6
t=65 s=10 threadsLeft=5
t=65 s=12 threadsLeft=4
t=65 s=9 threadsLeft=3
t=65 s=9 threadsLeft=2
t=65 s=5 threadsLeft=1
t=65 s=6 threadsLeft=0
  t=65 time=0.009186
t=66 s=58 threadsLeft=7
t=66 s=19 threadsLeft=6
t=66 s=18 threadsLeft=5
t=66 s=17 threadsLeft=4
t=66 s=16 threadsLeft=3
t=66 s=7 threadsLeft=2
t=66 s=5 threadsLeft=1
t=66 s=6 threadsLeft=0
  t=66 time=0.010732
t=67 s=59 threadsLeft=5
t=67 s=20 threadsLeft=4
t=67 s=19 threadsLeft=3
t=67 s=18 threadsLeft=2
t=67 s=17 threadsLeft=1
t=67 s=8 threadsLeft=0
  t=67 time=0.0045
t=68 s=60 threadsLeft=13
t=68 s=19 threadsLeft=12
t=68 s=16 threadsLeft=11
t=68 s=10 threadsLeft=10
t=68 s=12 threadsLeft=9
t=68 s=15 threadsLeft=8
t=68 s=11 threadsLeft=7
t=68 s=13 threadsLeft=6
t=68 s=14 threadsLeft=5
t=68 s=13 threadsLeft=4
t=68 s=9 threadsLeft=3
t=68 s=8 threadsLeft=2
t=68 s=7 threadsLeft=1
t=68 s=6 threadsLeft=0
  t=68 time=0.01176
t=69 s=61 threadsLeft=5
t=69 s=20 threadsLeft=4
t=69 s=17 threadsLeft=3
t=69 s=16 threadsLeft=2
t=69 s=14 threadsLeft=1
t=69 s=15 threadsLeft=0
  t=69 time=0.001402
t=70 s=62 threadsLeft=9
t=70 s=21 threadsLeft=8
t=70 s=18 threadsLeft=7
t=70 s=17 threadsLeft=6
t=70 s=16 threadsLeft=5
t=70 s=15 threadsLeft=4
t=70 s=14 threadsLeft=3
t=70 s=9 threadsLeft=2
t=70 s=8 threadsLeft=1
t=70 s=7 threadsLeft=0
  t=70 time=0.011205
[38;2;000;128;000mTime: 0.657172s (2025-11-03 16:53:37)
[0mt=9 s=1 threadsLeft=0
  t=9 time=0.000306
t=10 s=2 threadsLeft=1
t=10 s=1 threadsLeft=0
  t=10 time=0.000343
t=11 s=3 threadsLeft=0
  t=11 time=0.000262
t=12 s=4 threadsLeft=2
t=12 s=2 threadsLeft=1
t=12 s=1 threadsLeft=0
  t=12 time=0.000333
t=13 s=5 threadsLeft=1
t=13 s=2 threadsLeft=0
  t=13 time=0.00032
t=14 s=6 threadsLeft=1
t=14 s=3 threadsLeft=0
  t=14 time=0.000341
t=15 s=7 threadsLeft=0
  t=15 time=0.000374
t=16 s=8 threadsLeft=2
t=16 s=2 threadsLeft=1
t=16 s=1 threadsLeft=0
  t=16 time=0.000426
t=17 s=9 threadsLeft=1
t=17 s=2 threadsLeft=0
  t=17 time=0.000413
t=18 s=10 threadsLeft=2
t=18 s=3 threadsLeft=1
t=18 s=2 threadsLeft=0
  t=18 time=0.000453
t=19 s=11 threadsLeft=2
t=19 s=4 threadsLeft=1
t=19 s=3 threadsLeft=0
  t=19 time=0.000447
t=20 s=12 threadsLeft=1
t=20 s=3 threadsLeft=0
  t=20 time=0.000393
t=21 s=13 threadsLeft=1
t=21 s=4 threadsLeft=0
  t=21 time=0.000413
t=22 s=14 threadsLeft=1
t=22 s=5 threadsLeft=0
  t=22 time=0.00042
t=23 s=15 threadsLeft=0
  t=23 time=0.000358
t=24 s=16 threadsLeft=4
t=24 s=6 threadsLeft=3
t=24 s=5 threadsLeft=2
t=24 s=2 threadsLeft=1
t=24 s=1 threadsLeft=0
  t=24 time=0.00038
t=25 s=17 threadsLeft=3
t=25 s=6 threadsLeft=2
t=25 s=3 threadsLeft=1
t=25 s=2 threadsLeft=0
  t=25 time=0.000379
t=26 s=18 threadsLeft=4
t=26 s=7 threadsLeft=3
t=26 s=4 threadsLeft=2
t=26 s=3 threadsLeft=1
t=26 s=2 threadsLeft=0
  t=26 time=0.000397
t=27 s=19 threadsLeft=2
t=27 s=5 threadsLeft=1
t=27 s=4 threadsLeft=0
  t=27 time=0.000379
t=28 s=20 threadsLeft=5
t=28 s=6 threadsLeft=4
t=28 s=5 threadsLeft=3
t=28 s=5 threadsLeft=2
t=28 s=3 threadsLeft=1
t=28 s=2 threadsLeft=0
  t=28 time=0.000459
t=29 s=21 threadsLeft=3
t=29 s=6 threadsLeft=2
t=29 s=4 threadsLeft=1
t=29 s=3 threadsLeft=0
  t=29 time=0.000499
t=30 s=22 threadsLeft=6
t=30 s=7 threadsLeft=5
t=30 s=6 threadsLeft=4
t=30 s=5 threadsLeft=3
t=30 s=4 threadsLeft=2
t=30 s=4 threadsLeft=1
t=30 s=3 threadsLeft=0
  t=30 time=0.00062
t=31 s=23 threadsLeft=4
t=31 s=8 threadsLeft=3
t=31 s=7 threadsLeft=2
t=31 s=6 threadsLeft=1
t=31 s=5 threadsLeft=0
  t=31 time=0.000561
t=32 s=24 threadsLeft=3
t=32 s=7 threadsLeft=2
t=32 s=4 threadsLeft=1
t=32 s=3 threadsLeft=0
  t=32 time=0.000455
t=33 s=25 threadsLeft=2
t=33 s=8 threadsLeft=1
t=33 s=5 threadsLeft=0
  t=33 time=0.000391
t=34 s=26 threadsLeft=4
t=34 s=9 threadsLeft=3
t=34 s=6 threadsLeft=2
t=34 s=5 threadsLeft=1
t=34 s=4 threadsLeft=0
  t=34 time=0.000504
t=35 s=27 threadsLeft=1
t=35 s=4 threadsLeft=0
  t=35 time=0.000433
t=36 s=28 threadsLeft=3
t=36 s=10 threadsLeft=2
t=36 s=9 threadsLeft=1
t=36 s=5 threadsLeft=0
  t=36 time=0.000475
t=37 s=29 threadsLeft=3
t=37 s=10 threadsLeft=2
t=37 s=6 threadsLeft=1
t=37 s=5 threadsLeft=0
  t=37 time=0.000524
t=38 s=30 threadsLeft=3
t=38 s=11 threadsLeft=2
t=38 s=8 threadsLeft=1
t=38 s=7 threadsLeft=0
  t=38 time=0.000505
t=39 s=31 threadsLeft=2
t=39 s=9 threadsLeft=1
t=39 s=8 threadsLeft=0
  t=39 time=0.000491
t=40 s=32 threadsLeft=6
t=40 s=10 threadsLeft=5
t=40 s=9 threadsLeft=4
t=40 s=9 threadsLeft=3
t=40 s=1 threadsLeft=2
t=40 s=2 threadsLeft=1
t=40 s=6 threadsLeft=0
  t=40 time=0.000541
t=41 s=33 threadsLeft=5
t=41 s=10 threadsLeft=4
t=41 s=8 threadsLeft=3
t=41 s=7 threadsLeft=2
t=41 s=2 threadsLeft=1
t=41 s=3 threadsLeft=0
  t=41 time=0.000835
t=42 s=34 threadsLeft=8
t=42 s=11 threadsLeft=7
t=42 s=10 threadsLeft=6
t=42 s=9 threadsLeft=5
t=42 s=8 threadsLeft=4
t=42 s=2 threadsLeft=3
t=42 s=4 threadsLeft=2
t=42 s=3 threadsLeft=1
t=42 s=3 threadsLeft=0
  t=42 time=0.001057
t=43 s=35 threadsLeft=6
t=43 s=12 threadsLeft=5
t=43 s=11 threadsLeft=4
t=43 s=10 threadsLeft=3
t=43 s=9 threadsLeft=2
t=43 s=5 threadsLeft=1
t=43 s=4 threadsLeft=0
  t=43 time=0.000839
t=44 s=36 threadsLeft=9
t=44 s=11 threadsLeft=8
t=44 s=8 threadsLeft=7
t=44 s=6 threadsLeft=6
t=44 s=5 threadsLeft=5
t=44 s=7 threadsLeft=4
t=44 s=2 threadsLeft=3
t=44 s=5 threadsLeft=2
t=44 s=3 threadsLeft=1
t=44 s=4 threadsLeft=0
  t=44 time=0.001099
t=45 s=37 threadsLeft=7
t=45 s=12 threadsLeft=6
t=45 s=9 threadsLeft=5
t=45 s=8 threadsLeft=4
t=45 s=6 threadsLeft=3
t=45 s=7 threadsLeft=2
t=45 s=3 threadsLeft=1
t=45 s=4 threadsLeft=0
  t=45 time=0.001241
t=46 s=38 threadsLeft=8
t=46 s=13 threadsLeft=7
t=46 s=10 threadsLeft=6
t=46 s=9 threadsLeft=5
t=46 s=7 threadsLeft=4
t=46 s=8 threadsLeft=3
t=46 s=6 threadsLeft=2
t=46 s=5 threadsLeft=1
t=46 s=4 threadsLeft=0
  t=46 time=0.001335
t=47 s=39 threadsLeft=4
t=47 s=8 threadsLeft=3
t=47 s=9 threadsLeft=2
t=47 s=8 threadsLeft=1
t=47 s=7 threadsLeft=0
  t=47 time=0.000727
t=48 s=40 threadsLeft=11
t=48 s=14 threadsLeft=10
t=48 s=13 threadsLeft=9
t=48 s=10 threadsLeft=8
t=48 s=9 threadsLeft=7
t=48 s=9 threadsLeft=6
t=48 s=8 threadsLeft=5
t=48 s=2 threadsLeft=4
t=48 s=7 threadsLeft=3
t=48 s=3 threadsLeft=2
t=48 s=5 threadsLeft=1
t=48 s=6 threadsLeft=0
  t=48 time=0.001464
t=49 s=41 threadsLeft=6
t=49 s=14 threadsLeft=5
t=49 s=11 threadsLeft=4
t=49 s=10 threadsLeft=3
t=49 s=10 threadsLeft=2
t=49 s=9 threadsLeft=1
t=49 s=3 threadsLeft=0
  t=49 time=0.001882
t=50 s=42 threadsLeft=10
t=50 s=15 threadsLeft=9
t=50 s=12 threadsLeft=8
t=50 s=11 threadsLeft=7
t=50 s=7 threadsLeft=6
t=50 s=8 threadsLeft=5
t=50 s=6 threadsLeft=4
t=50 s=5 threadsLeft=3
t=50 s=3 threadsLeft=2
t=50 s=4 threadsLeft=1
t=50 s=4 threadsLeft=0
  t=50 time=0.002594
t=51 s=43 threadsLeft=7
t=51 s=13 threadsLeft=6
t=51 s=12 threadsLeft=5
t=51 s=9 threadsLeft=4
t=51 s=8 threadsLeft=3
t=51 s=5 threadsLeft=2
t=51 s=4 threadsLeft=1
t=51 s=6 threadsLeft=0
  t=51 time=0.002096
t=52 s=44 threadsLeft=13
t=52 s=14 threadsLeft=12
t=52 s=13 threadsLeft=11
t=52 s=13 threadsLeft=10
t=52 s=10 threadsLeft=9
t=52 s=9 threadsLeft=8
t=52 s=7 threadsLeft=7
t=52 s=6 threadsLeft=6
t=52 s=7 threadsLeft=5
t=52 s=5 threadsLeft=4
t=52 s=3 threadsLeft=3
t=52 s=6 threadsLeft=2
t=52 s=4 threadsLeft=1
t=52 s=4 threadsLeft=0
  t=52 time=0.002944
t=53 s=45 threadsLeft=9
t=53 s=14 threadsLeft=8
t=53 s=8 threadsLeft=7
t=53 s=11 threadsLeft=6
t=53 s=12 threadsLeft=5
t=53 s=8 threadsLeft=4
t=53 s=5 threadsLeft=3
t=53 s=7 threadsLeft=2
t=53 s=5 threadsLeft=1
t=53 s=4 threadsLeft=0
  t=53 time=0.003458
t=54 s=46 threadsLeft=10
t=54 s=15 threadsLeft=9
t=54 s=14 threadsLeft=8
t=54 s=13 threadsLeft=7
t=54 s=12 threadsLeft=6
t=54 s=9 threadsLeft=5
t=54 s=8 threadsLeft=4
t=54 s=7 threadsLeft=3
t=54 s=6 threadsLeft=2
t=54 s=5 threadsLeft=1
t=54 s=6 threadsLeft=0
  t=54 time=0.003045
t=55 s=47 threadsLeft=6
t=55 s=16 threadsLeft=5
t=55 s=15 threadsLeft=4
t=55 s=14 threadsLeft=3
t=55 s=13 threadsLeft=2
t=55 s=10 threadsLeft=1
t=55 s=9 threadsLeft=0
  t=55 time=0.001316
t=56 s=48 threadsLeft=9
t=56 s=15 threadsLeft=8
t=56 s=9 threadsLeft=7
t=56 s=8 threadsLeft=6
t=56 s=12 threadsLeft=5
t=56 s=11 threadsLeft=4
t=56 s=7 threadsLeft=3
t=56 s=4 threadsLeft=2
t=56 s=3 threadsLeft=1
t=56 s=6 threadsLeft=0
  t=56 time=0.003128
t=57 s=49 threadsLeft=6
t=57 s=16 threadsLeft=5
t=57 s=13 threadsLeft=4
t=57 s=12 threadsLeft=3
t=57 s=5 threadsLeft=2
t=57 s=7 threadsLeft=1
t=57 s=4 threadsLeft=0
  t=57 time=0.004133
t=58 s=50 threadsLeft=8
t=58 s=17 threadsLeft=7
t=58 s=14 threadsLeft=6
t=58 s=13 threadsLeft=5
t=58 s=10 threadsLeft=4
t=58 s=8 threadsLeft=3
t=58 s=5 threadsLeft=2
t=58 s=5 threadsLeft=1
t=58 s=6 threadsLeft=0
  t=58 time=0.005183
t=59 s=51 threadsLeft=5
t=59 s=9 threadsLeft=4
t=59 s=12 threadsLeft=3
t=59 s=11 threadsLeft=2
t=59 s=10 threadsLeft=1
t=59 s=6 threadsLeft=0
  t=59 time=0.004051
t=60 s=52 threadsLeft=9
t=60 s=18 threadsLeft=8
t=60 s=17 threadsLeft=7
t=60 s=13 threadsLeft=6
t=60 s=12 threadsLeft=5
t=60 s=11 threadsLeft=4
t=60 s=5 threadsLeft=3
t=60 s=7 threadsLeft=2
t=60 s=6 threadsLeft=1
t=60 s=4 threadsLeft=0
  t=60 time=0.004931
t=61 s=53 threadsLeft=6
t=61 s=18 threadsLeft=5
t=61 s=14 threadsLeft=4
t=61 s=13 threadsLeft=3
t=61 s=7 threadsLeft=2
t=61 s=5 threadsLeft=1
t=61 s=6 threadsLeft=0
  t=61 time=0.006382
t=62 s=54 threadsLeft=12
t=62 s=19 threadsLeft=11
t=62 s=16 threadsLeft=10
t=62 s=15 threadsLeft=9
t=62 s=10 threadsLeft=8
t=62 s=9 threadsLeft=7
t=62 s=12 threadsLeft=6
t=62 s=11 threadsLeft=5
t=62 s=8 threadsLeft=4
t=62 s=7 threadsLeft=3
t=62 s=5 threadsLeft=2
t=62 s=6 threadsLeft=1
t=62 s=4 threadsLeft=0
  t=62 time=0.007115
t=63 s=55 threadsLeft=9
t=63 s=17 threadsLeft=8
t=63 s=16 threadsLeft=7
t=63 s=13 threadsLeft=6
t=63 s=12 threadsLeft=5
t=63 s=8 threadsLeft=4
t=63 s=8 threadsLeft=3
t=63 s=7 threadsLeft=2
t=63 s=7 threadsLeft=1
t=63 s=6 threadsLeft=0
  t=63 time=0.007623
t=64 s=56 threadsLeft=8
t=64 s=18 threadsLeft=7
t=64 s=17 threadsLeft=6
t=64 s=17 threadsLeft=5
t=64 s=14 threadsLeft=4
t=64 s=13 threadsLeft=3
t=64 s=8 threadsLeft=2
t=64 s=5 threadsLeft=1
t=64 s=6 threadsLeft=0
  t=64 time=0.007611
t=65 s=57 threadsLeft=10
t=65 s=18 threadsLeft=9
t=65 s=16 threadsLeft=8
t=65 s=10 threadsLeft=7
t=65 s=15 threadsLeft=6
t=65 s=11 threadsLeft=5
t=65 s=12 threadsLeft=4
t=65 s=9 threadsLeft=3
t=65 s=9 threadsLeft=2
t=65 s=5 threadsLeft=1
t=65 s=6 threadsLeft=0
  t=65 time=0.009415
t=66 s=58 threadsLeft=7
t=66 s=19 threadsLeft=6
t=66 s=18 threadsLeft=5
t=66 s=17 threadsLeft=4
t=66 s=16 threadsLeft=3
t=66 s=7 threadsLeft=2
t=66 s=5 threadsLeft=1
t=66 s=6 threadsLeft=0
  t=66 time=0.010681
t=67 s=59 threadsLeft=5
t=67 s=20 threadsLeft=4
t=67 s=19 threadsLeft=3
t=67 s=18 threadsLeft=2
t=67 s=17 threadsLeft=1
t=67 s=8 threadsLeft=0
  t=67 time=0.00464
t=68 s=60 threadsLeft=13
t=68 s=16 threadsLeft=12
t=68 s=19 threadsLeft=11
t=68 s=10 threadsLeft=10
t=68 s=15 threadsLeft=9
t=68 s=13 threadsLeft=8
t=68 s=11 threadsLeft=7
t=68 s=12 threadsLeft=6
t=68 s=14 threadsLeft=5
t=68 s=9 threadsLeft=4
t=68 s=13 threadsLeft=3
t=68 s=8 threadsLeft=2
t=68 s=7 threadsLeft=1
t=68 s=6 threadsLeft=0
  t=68 time=0.011578
t=69 s=61 threadsLeft=5
t=69 s=20 threadsLeft=4
t=69 s=17 threadsLeft=3
t=69 s=16 threadsLeft=2
t=69 s=15 threadsLeft=1
t=69 s=14 threadsLeft=0
  t=69 time=0.001422
t=70 s=62 threadsLeft=9
t=70 s=21 threadsLeft=8
t=70 s=18 threadsLeft=7
t=70 s=17 threadsLeft=6
t=70 s=16 threadsLeft=5
t=70 s=15 threadsLeft=4
t=70 s=14 threadsLeft=3
t=70 s=9 threadsLeft=2
t=70 s=8 threadsLeft=1
t=70 s=7 threadsLeft=0
  t=70 time=0.011378
[38;2;000;128;000mTime: 0.637642s (2025-11-03 16:58:23)
[0mt=9 s=1 threadsLeft=0
  t=9 time=0.000342
t=10 s=2 threadsLeft=1
t=10 s=1 threadsLeft=0
  t=10 time=0.000329
t=11 s=3 threadsLeft=0
  t=11 time=0.000341
t=12 s=4 threadsLeft=2
t=12 s=2 threadsLeft=1
t=12 s=1 threadsLeft=0
  t=12 time=0.000351
t=13 s=5 threadsLeft=1
t=13 s=2 threadsLeft=0
  t=13 time=0.000305
t=14 s=6 threadsLeft=1
t=14 s=3 threadsLeft=0
  t=14 time=0.000339
t=15 s=7 threadsLeft=0
  t=15 time=0.000275
t=16 s=8 threadsLeft=2
t=16 s=2 threadsLeft=1
t=16 s=1 threadsLeft=0
  t=16 time=0.000299
t=17 s=9 threadsLeft=1
t=17 s=2 threadsLeft=0
  t=17 time=0.000284
t=18 s=10 threadsLeft=2
t=18 s=3 threadsLeft=1
t=18 s=2 threadsLeft=0
  t=18 time=0.000324
t=19 s=11 threadsLeft=2
t=19 s=4 threadsLeft=1
t=19 s=3 threadsLeft=0
  t=19 time=0.000337
t=20 s=12 threadsLeft=1
t=20 s=3 threadsLeft=0
  t=20 time=0.000325
t=21 s=13 threadsLeft=1
t=21 s=4 threadsLeft=0
  t=21 time=0.000269
t=22 s=14 threadsLeft=1
t=22 s=5 threadsLeft=0
  t=22 time=0.000274
t=23 s=15 threadsLeft=0
  t=23 time=0.000309
t=24 s=16 threadsLeft=4
t=24 s=6 threadsLeft=3
t=24 s=5 threadsLeft=2
t=24 s=2 threadsLeft=1
t=24 s=1 threadsLeft=0
  t=24 time=0.000365
t=25 s=17 threadsLeft=3
t=25 s=6 threadsLeft=2
t=25 s=3 threadsLeft=1
t=25 s=2 threadsLeft=0
  t=25 time=0.000391
t=26 s=18 threadsLeft=4
t=26 s=7 threadsLeft=3
t=26 s=4 threadsLeft=2
t=26 s=3 threadsLeft=1
t=26 s=2 threadsLeft=0
  t=26 time=0.000428
t=27 s=19 threadsLeft=2
t=27 s=5 threadsLeft=1
t=27 s=4 threadsLeft=0
  t=27 time=0.000317
t=28 s=20 threadsLeft=5
t=28 s=6 threadsLeft=4
t=28 s=5 threadsLeft=3
t=28 s=5 threadsLeft=2
t=28 s=3 threadsLeft=1
t=28 s=2 threadsLeft=0
  t=28 time=0.000394
t=29 s=21 threadsLeft=3
t=29 s=6 threadsLeft=2
t=29 s=4 threadsLeft=1
t=29 s=3 threadsLeft=0
  t=29 time=0.000406
t=30 s=22 threadsLeft=6
t=30 s=7 threadsLeft=5
t=30 s=6 threadsLeft=4
t=30 s=5 threadsLeft=3
t=30 s=4 threadsLeft=2
t=30 s=4 threadsLeft=1
t=30 s=3 threadsLeft=0
  t=30 time=0.000523
t=31 s=23 threadsLeft=4
t=31 s=8 threadsLeft=3
t=31 s=7 threadsLeft=2
t=31 s=6 threadsLeft=1
t=31 s=5 threadsLeft=0
  t=31 time=0.000425
t=32 s=24 threadsLeft=3
t=32 s=7 threadsLeft=2
t=32 s=4 threadsLeft=1
t=32 s=3 threadsLeft=0
  t=32 time=0.000413
t=33 s=25 threadsLeft=2
t=33 s=8 threadsLeft=1
t=33 s=5 threadsLeft=0
  t=33 time=0.000348
t=34 s=26 threadsLeft=4
t=34 s=9 threadsLeft=3
t=34 s=6 threadsLeft=2
t=34 s=5 threadsLeft=1
t=34 s=4 threadsLeft=0
  t=34 time=0.000512
t=35 s=27 threadsLeft=1
t=35 s=4 threadsLeft=0
  t=35 time=0.000541
t=36 s=28 threadsLeft=3
t=36 s=10 threadsLeft=2
t=36 s=9 threadsLeft=1
t=36 s=5 threadsLeft=0
  t=36 time=0.000486
t=37 s=29 threadsLeft=3
t=37 s=10 threadsLeft=2
t=37 s=6 threadsLeft=1
t=37 s=5 threadsLeft=0
  t=37 time=0.000422
t=38 s=30 threadsLeft=3
t=38 s=11 threadsLeft=2
t=38 s=8 threadsLeft=1
t=38 s=7 threadsLeft=0
  t=38 time=0.000397
t=39 s=31 threadsLeft=2
t=39 s=9 threadsLeft=1
t=39 s=8 threadsLeft=0
  t=39 time=0.000372
t=40 s=32 threadsLeft=6
t=40 s=10 threadsLeft=5
t=40 s=9 threadsLeft=4
t=40 s=9 threadsLeft=3
t=40 s=1 threadsLeft=2
t=40 s=2 threadsLeft=1
t=40 s=6 threadsLeft=0
  t=40 time=0.000754
t=41 s=33 threadsLeft=5
t=41 s=10 threadsLeft=4
t=41 s=8 threadsLeft=3
t=41 s=7 threadsLeft=2
t=41 s=2 threadsLeft=1
t=41 s=3 threadsLeft=0
  t=41 time=0.001363
t=42 s=34 threadsLeft=8
t=42 s=11 threadsLeft=7
t=42 s=10 threadsLeft=6
t=42 s=9 threadsLeft=5
t=42 s=8 threadsLeft=4
t=42 s=2 threadsLeft=3
t=42 s=3 threadsLeft=2
t=42 s=4 threadsLeft=1
t=42 s=3 threadsLeft=0
  t=42 time=0.000986
t=43 s=35 threadsLeft=6
t=43 s=12 threadsLeft=5
t=43 s=11 threadsLeft=4
t=43 s=10 threadsLeft=3
t=43 s=9 threadsLeft=2
t=43 s=4 threadsLeft=1
t=43 s=5 threadsLeft=0
  t=43 time=0.00083
t=44 s=36 threadsLeft=9
t=44 s=11 threadsLeft=8
t=44 s=8 threadsLeft=7
t=44 s=6 threadsLeft=6
t=44 s=7 threadsLeft=5
t=44 s=5 threadsLeft=4
t=44 s=5 threadsLeft=3
t=44 s=2 threadsLeft=2
t=44 s=3 threadsLeft=1
t=44 s=4 threadsLeft=0
  t=44 time=0.001036
t=45 s=37 threadsLeft=7
t=45 s=12 threadsLeft=6
t=45 s=9 threadsLeft=5
t=45 s=8 threadsLeft=4
t=45 s=6 threadsLeft=3
t=45 s=7 threadsLeft=2
t=45 s=3 threadsLeft=1
t=45 s=4 threadsLeft=0
  t=45 time=0.00128
t=46 s=38 threadsLeft=8
t=46 s=13 threadsLeft=7
t=46 s=10 threadsLeft=6
t=46 s=9 threadsLeft=5
t=46 s=7 threadsLeft=4
t=46 s=8 threadsLeft=3
t=46 s=6 threadsLeft=2
t=46 s=5 threadsLeft=1
t=46 s=4 threadsLeft=0
  t=46 time=0.001323
t=47 s=39 threadsLeft=4
t=47 s=8 threadsLeft=3
t=47 s=9 threadsLeft=2
t=47 s=8 threadsLeft=1
t=47 s=7 threadsLeft=0
  t=47 time=0.000763
t=48 s=40 threadsLeft=11
t=48 s=14 threadsLeft=10
t=48 s=13 threadsLeft=9
t=48 s=9 threadsLeft=8
t=48 s=9 threadsLeft=7
t=48 s=10 threadsLeft=6
t=48 s=8 threadsLeft=5
t=48 s=2 threadsLeft=4
t=48 s=7 threadsLeft=3
t=48 s=5 threadsLeft=2
t=48 s=6 threadsLeft=1
t=48 s=3 threadsLeft=0
  t=48 time=0.00137
t=49 s=41 threadsLeft=6
t=49 s=14 threadsLeft=5
t=49 s=10 threadsLeft=4
t=49 s=11 threadsLeft=3
t=49 s=10 threadsLeft=2
t=49 s=9 threadsLeft=1
t=49 s=3 threadsLeft=0
  t=49 time=0.00184
t=50 s=42 threadsLeft=10
t=50 s=15 threadsLeft=9
t=50 s=12 threadsLeft=8
t=50 s=11 threadsLeft=7
t=50 s=7 threadsLeft=6
t=50 s=8 threadsLeft=5
t=50 s=6 threadsLeft=4
t=50 s=5 threadsLeft=3
t=50 s=3 threadsLeft=2
t=50 s=4 threadsLeft=1
t=50 s=4 threadsLeft=0
  t=50 time=0.002629
t=51 s=43 threadsLeft=7
t=51 s=13 threadsLeft=6
t=51 s=12 threadsLeft=5
t=51 s=9 threadsLeft=4
t=51 s=8 threadsLeft=3
t=51 s=5 threadsLeft=2
t=51 s=4 threadsLeft=1
t=51 s=6 threadsLeft=0
  t=51 time=0.002055
t=52 s=44 threadsLeft=13
t=52 s=14 threadsLeft=12
t=52 s=13 threadsLeft=11
t=52 s=13 threadsLeft=10
t=52 s=10 threadsLeft=9
t=52 s=9 threadsLeft=8
t=52 s=6 threadsLeft=7
t=52 s=7 threadsLeft=6
t=52 s=7 threadsLeft=5
t=52 s=5 threadsLeft=4
t=52 s=6 threadsLeft=3
t=52 s=3 threadsLeft=2
t=52 s=4 threadsLeft=1
t=52 s=4 threadsLeft=0
  t=52 time=0.002899
t=53 s=45 threadsLeft=9
t=53 s=14 threadsLeft=8
t=53 s=8 threadsLeft=7
t=53 s=12 threadsLeft=6
t=53 s=11 threadsLeft=5
t=53 s=8 threadsLeft=4
t=53 s=7 threadsLeft=3
t=53 s=5 threadsLeft=2
t=53 s=5 threadsLeft=1
t=53 s=4 threadsLeft=0
  t=53 time=0.003161
t=54 s=46 threadsLeft=10
t=54 s=15 threadsLeft=9
t=54 s=14 threadsLeft=8
t=54 s=13 threadsLeft=7
t=54 s=12 threadsLeft=6
t=54 s=9 threadsLeft=5
t=54 s=8 threadsLeft=4
t=54 s=7 threadsLeft=3
t=54 s=6 threadsLeft=2
t=54 s=5 threadsLeft=1
t=54 s=6 threadsLeft=0
  t=54 time=0.003247
t=55 s=47 threadsLeft=6
t=55 s=16 threadsLeft=5
t=55 s=15 threadsLeft=4
t=55 s=14 threadsLeft=3
t=55 s=13 threadsLeft=2
t=55 s=10 threadsLeft=1
t=55 s=9 threadsLeft=0
  t=55 time=0.001267
t=56 s=48 threadsLeft=9
t=56 s=15 threadsLeft=8
t=56 s=9 threadsLeft=7
t=56 s=12 threadsLeft=6
t=56 s=8 threadsLeft=5
t=56 s=11 threadsLeft=4
t=56 s=7 threadsLeft=3
t=56 s=4 threadsLeft=2
t=56 s=3 threadsLeft=1
t=56 s=6 threadsLeft=0
  t=56 time=0.003045
t=57 s=49 threadsLeft=6
t=57 s=16 threadsLeft=5
t=57 s=13 threadsLeft=4
t=57 s=12 threadsLeft=3
t=57 s=5 threadsLeft=2
t=57 s=7 threadsLeft=1
t=57 s=4 threadsLeft=0
  t=57 time=0.004153
t=58 s=50 threadsLeft=8
t=58 s=17 threadsLeft=7
t=58 s=14 threadsLeft=6
t=58 s=13 threadsLeft=5
t=58 s=10 threadsLeft=4
t=58 s=5 threadsLeft=3
t=58 s=8 threadsLeft=2
t=58 s=5 threadsLeft=1
t=58 s=6 threadsLeft=0
  t=58 time=0.004997
t=59 s=51 threadsLeft=5
t=59 s=9 threadsLeft=4
t=59 s=12 threadsLeft=3
t=59 s=11 threadsLeft=2
t=59 s=10 threadsLeft=1
t=59 s=6 threadsLeft=0
  t=59 time=0.004276
t=60 s=52 threadsLeft=9
t=60 s=18 threadsLeft=8
t=60 s=17 threadsLeft=7
t=60 s=13 threadsLeft=6
t=60 s=12 threadsLeft=5
t=60 s=11 threadsLeft=4
t=60 s=5 threadsLeft=3
t=60 s=7 threadsLeft=2
t=60 s=6 threadsLeft=1
t=60 s=4 threadsLeft=0
  t=60 time=0.004715
t=61 s=53 threadsLeft=6
t=61 s=18 threadsLeft=5
t=61 s=14 threadsLeft=4
t=61 s=13 threadsLeft=3
t=61 s=7 threadsLeft=2
t=61 s=5 threadsLeft=1
t=61 s=6 threadsLeft=0
  t=61 time=0.006263
t=62 s=54 threadsLeft=12
t=62 s=19 threadsLeft=11
t=62 s=16 threadsLeft=10
t=62 s=15 threadsLeft=9
t=62 s=10 threadsLeft=8
t=62 s=9 threadsLeft=7
t=62 s=12 threadsLeft=6
t=62 s=11 threadsLeft=5
t=62 s=8 threadsLeft=4
t=62 s=7 threadsLeft=3
t=62 s=5 threadsLeft=2
t=62 s=6 threadsLeft=1
t=62 s=4 threadsLeft=0
  t=62 time=0.006849
t=63 s=55 threadsLeft=9
t=63 s=17 threadsLeft=8
t=63 s=16 threadsLeft=7
t=63 s=13 threadsLeft=6
t=63 s=12 threadsLeft=5
t=63 s=8 threadsLeft=4
t=63 s=8 threadsLeft=3
t=63 s=7 threadsLeft=2
t=63 s=7 threadsLeft=1
t=63 s=6 threadsLeft=0
  t=63 time=0.007279
t=64 s=56 threadsLeft=8
t=64 s=18 threadsLeft=7
t=64 s=17 threadsLeft=6
t=64 s=17 threadsLeft=5
t=64 s=14 threadsLeft=4
t=64 s=13 threadsLeft=3
t=64 s=8 threadsLeft=2
t=64 s=5 threadsLeft=1
t=64 s=6 threadsLeft=0
  t=64 time=0.007411
t=65 s=57 threadsLeft=10
t=65 s=18 threadsLeft=9
t=65 s=16 threadsLeft=8
t=65 s=15 threadsLeft=7
t=65 s=10 threadsLeft=6
t=65 s=12 threadsLeft=5
t=65 s=11 threadsLeft=4
t=65 s=9 threadsLeft=3
t=65 s=9 threadsLeft=2
t=65 s=5 threadsLeft=1
t=65 s=6 threadsLeft=0
  t=65 time=0.008568
t=66 s=58 threadsLeft=7
t=66 s=19 threadsLeft=6
t=66 s=18 threadsLeft=5
t=66 s=17 threadsLeft=4
t=66 s=16 threadsLeft=3
t=66 s=7 threadsLeft=2
t=66 s=5 threadsLeft=1
t=66 s=6 threadsLeft=0
  t=66 time=0.010009
t=67 s=59 threadsLeft=5
t=67 s=20 threadsLeft=4
t=67 s=19 threadsLeft=3
t=67 s=18 threadsLeft=2
t=67 s=17 threadsLeft=1
t=67 s=8 threadsLeft=0
  t=67 time=0.004284
t=68 s=60 threadsLeft=13
t=68 s=16 threadsLeft=12
t=68 s=19 threadsLeft=11
t=68 s=11 threadsLeft=10
t=68 s=10 threadsLeft=9
t=68 s=15 threadsLeft=8
t=68 s=13 threadsLeft=7
t=68 s=12 threadsLeft=6
t=68 s=14 threadsLeft=5
t=68 s=9 threadsLeft=4
t=68 s=13 threadsLeft=3
t=68 s=8 threadsLeft=2
t=68 s=7 threadsLeft=1
t=68 s=6 threadsLeft=0
  t=68 time=0.011251
t=69 s=61 threadsLeft=5
t=69 s=20 threadsLeft=4
t=69 s=17 threadsLeft=3
t=69 s=16 threadsLeft=2
t=69 s=15 threadsLeft=1
t=69 s=14 threadsLeft=0
  t=69 time=0.001429
t=70 s=62 threadsLeft=9
t=70 s=21 threadsLeft=8
t=70 s=18 threadsLeft=7
t=70 s=17 threadsLeft=6
t=70 s=16 threadsLeft=5
t=70 s=15 threadsLeft=4
t=70 s=14 threadsLeft=3
t=70 s=9 threadsLeft=2
t=70 s=8 threadsLeft=1
t=70 s=7 threadsLeft=0
  t=70 time=0.01075
[38;2;000;128;000mTime: 0.635227s (2025-11-04 11:49:14)
[0mt=9 s=1 threadsLeft=0
  t=9 time=0.000397
t=10 s=2 threadsLeft=1
t=10 s=1 threadsLeft=0
  t=10 time=0.000341
t=11 s=3 threadsLeft=0
  t=11 time=0.000265
t=12 s=4 threadsLeft=2
t=12 s=2 threadsLeft=1
t=12 s=1 threadsLeft=0
  t=12 time=0.000337
t=13 s=5 threadsLeft=1
t=13 s=2 threadsLeft=0
  t=13 time=0.000345
t=14 s=6 threadsLeft=1
t=14 s=3 threadsLeft=0
  t=14 time=0.000289
t=15 s=7 threadsLeft=0
  t=15 time=0.000258
t=16 s=8 threadsLeft=2
t=16 s=2 threadsLeft=1
t=16 s=1 threadsLeft=0
  t=16 time=0.000316
t=17 s=9 threadsLeft=1
t=17 s=2 threadsLeft=0
  t=17 time=0.00041
t=18 s=10 threadsLeft=2
t=18 s=3 threadsLeft=1
t=18 s=2 threadsLeft=0
  t=18 time=0.000482
t=19 s=11 threadsLeft=2
t=19 s=4 threadsLeft=1
t=19 s=3 threadsLeft=0
  t=19 time=0.000365
t=20 s=12 threadsLeft=1
t=20 s=3 threadsLeft=0
  t=20 time=0.00029
t=21 s=13 threadsLeft=1
t=21 s=4 threadsLeft=0
  t=21 time=0.00031
t=22 s=14 threadsLeft=1
t=22 s=5 threadsLeft=0
  t=22 time=0.000278
t=23 s=15 threadsLeft=0
  t=23 time=0.000268
t=24 s=16 threadsLeft=4
t=24 s=6 threadsLeft=3
t=24 s=5 threadsLeft=2
t=24 s=1 threadsLeft=1
t=24 s=2 threadsLeft=0
  t=24 time=0.000382
t=25 s=17 threadsLeft=3
t=25 s=6 threadsLeft=2
t=25 s=3 threadsLeft=1
t=25 s=2 threadsLeft=0
  t=25 time=0.000439
t=26 s=18 threadsLeft=4
t=26 s=7 threadsLeft=3
t=26 s=4 threadsLeft=2
t=26 s=3 threadsLeft=1
t=26 s=2 threadsLeft=0
  t=26 time=0.000462
t=27 s=19 threadsLeft=2
t=27 s=5 threadsLeft=1
t=27 s=4 threadsLeft=0
  t=27 time=0.000365
t=28 s=20 threadsLeft=5
t=28 s=6 threadsLeft=4
t=28 s=5 threadsLeft=3
t=28 s=5 threadsLeft=2
t=28 s=3 threadsLeft=1
t=28 s=2 threadsLeft=0
  t=28 time=0.000423
t=29 s=21 threadsLeft=3
t=29 s=6 threadsLeft=2
t=29 s=4 threadsLeft=1
t=29 s=3 threadsLeft=0
  t=29 time=0.000371
t=30 s=22 threadsLeft=6
t=30 s=7 threadsLeft=5
t=30 s=6 threadsLeft=4
t=30 s=5 threadsLeft=3
t=30 s=4 threadsLeft=2
t=30 s=4 threadsLeft=1
t=30 s=3 threadsLeft=0
  t=30 time=0.000541
t=31 s=23 threadsLeft=4
t=31 s=8 threadsLeft=3
t=31 s=7 threadsLeft=2
t=31 s=6 threadsLeft=1
t=31 s=5 threadsLeft=0
  t=31 time=0.000383
t=32 s=24 threadsLeft=3
t=32 s=7 threadsLeft=2
t=32 s=4 threadsLeft=1
t=32 s=3 threadsLeft=0
  t=32 time=0.000422
t=33 s=25 threadsLeft=2
t=33 s=8 threadsLeft=1
t=33 s=5 threadsLeft=0
  t=33 time=0.000388
t=34 s=26 threadsLeft=4
t=34 s=9 threadsLeft=3
t=34 s=6 threadsLeft=2
t=34 s=5 threadsLeft=1
t=34 s=4 threadsLeft=0
  t=34 time=0.000505
t=35 s=27 threadsLeft=1
t=35 s=4 threadsLeft=0
  t=35 time=0.000493
t=36 s=28 threadsLeft=3
t=36 s=10 threadsLeft=2
t=36 s=9 threadsLeft=1
t=36 s=5 threadsLeft=0
  t=36 time=0.000481
t=37 s=29 threadsLeft=3
t=37 s=10 threadsLeft=2
t=37 s=6 threadsLeft=1
t=37 s=5 threadsLeft=0
  t=37 time=0.000479
t=38 s=30 threadsLeft=3
t=38 s=11 threadsLeft=2
t=38 s=8 threadsLeft=1
t=38 s=7 threadsLeft=0
  t=38 time=0.000439
t=39 s=31 threadsLeft=2
t=39 s=9 threadsLeft=1
t=39 s=8 threadsLeft=0
  t=39 time=0.000562
t=40 s=32 threadsLeft=6
t=40 s=10 threadsLeft=5
t=40 s=9 threadsLeft=4
t=40 s=9 threadsLeft=3
t=40 s=1 threadsLeft=2
t=40 s=2 threadsLeft=1
t=40 s=6 threadsLeft=0
  t=40 time=0.00076
t=41 s=33 threadsLeft=5
t=41 s=10 threadsLeft=4
t=41 s=8 threadsLeft=3
t=41 s=7 threadsLeft=2
t=41 s=2 threadsLeft=1
t=41 s=3 threadsLeft=0
  t=41 time=0.000897
t=42 s=34 threadsLeft=8
t=42 s=11 threadsLeft=7
t=42 s=10 threadsLeft=6
t=42 s=9 threadsLeft=5
t=42 s=8 threadsLeft=4
t=42 s=2 threadsLeft=3
t=42 s=3 threadsLeft=2
t=42 s=4 threadsLeft=1
t=42 s=3 threadsLeft=0
  t=42 time=0.00107
t=43 s=35 threadsLeft=6
t=43 s=12 threadsLeft=5
t=43 s=11 threadsLeft=4
t=43 s=10 threadsLeft=3
t=43 s=9 threadsLeft=2
t=43 s=4 threadsLeft=1
t=43 s=5 threadsLeft=0
  t=43 time=0.000897
t=44 s=36 threadsLeft=9
t=44 s=8 threadsLeft=8
t=44 s=11 threadsLeft=7
t=44 s=7 threadsLeft=6
t=44 s=5 threadsLeft=5
t=44 s=6 threadsLeft=4
t=44 s=5 threadsLeft=3
t=44 s=2 threadsLeft=2
t=44 s=3 threadsLeft=1
t=44 s=4 threadsLeft=0
  t=44 time=0.00104
t=45 s=37 threadsLeft=7
t=45 s=12 threadsLeft=6
t=45 s=9 threadsLeft=5
t=45 s=8 threadsLeft=4
t=45 s=6 threadsLeft=3
t=45 s=7 threadsLeft=2
t=45 s=3 threadsLeft=1
t=45 s=4 threadsLeft=0
  t=45 time=0.00123
t=46 s=38 threadsLeft=8
t=46 s=13 threadsLeft=7
t=46 s=10 threadsLeft=6
t=46 s=9 threadsLeft=5
t=46 s=7 threadsLeft=4
t=46 s=8 threadsLeft=3
t=46 s=6 threadsLeft=2
t=46 s=5 threadsLeft=1
t=46 s=4 threadsLeft=0
  t=46 time=0.001295
t=47 s=39 threadsLeft=4
t=47 s=8 threadsLeft=3
t=47 s=8 threadsLeft=2
t=47 s=9 threadsLeft=1
t=47 s=7 threadsLeft=0
  t=47 time=0.000692
t=48 s=40 threadsLeft=11
t=48 s=14 threadsLeft=10
t=48 s=13 threadsLeft=9
t=48 s=9 threadsLeft=8
t=48 s=10 threadsLeft=7
t=48 s=9 threadsLeft=6
t=48 s=2 threadsLeft=5
t=48 s=8 threadsLeft=4
t=48 s=7 threadsLeft=3
t=48 s=3 threadsLeft=2
t=48 s=5 threadsLeft=1
t=48 s=6 threadsLeft=0
  t=48 time=0.001386
t=49 s=41 threadsLeft=6
t=49 s=14 threadsLeft=5
t=49 s=10 threadsLeft=4
t=49 s=11 threadsLeft=3
t=49 s=10 threadsLeft=2
t=49 s=9 threadsLeft=1
t=49 s=3 threadsLeft=0
  t=49 time=0.001883
t=50 s=42 threadsLeft=10
t=50 s=15 threadsLeft=9
t=50 s=12 threadsLeft=8
t=50 s=11 threadsLeft=7
t=50 s=7 threadsLeft=6
t=50 s=8 threadsLeft=5
t=50 s=6 threadsLeft=4
t=50 s=5 threadsLeft=3
t=50 s=3 threadsLeft=2
t=50 s=4 threadsLeft=1
t=50 s=4 threadsLeft=0
  t=50 time=0.002821
t=51 s=43 threadsLeft=7
t=51 s=13 threadsLeft=6
t=51 s=12 threadsLeft=5
t=51 s=9 threadsLeft=4
t=51 s=8 threadsLeft=3
t=51 s=5 threadsLeft=2
t=51 s=4 threadsLeft=1
t=51 s=6 threadsLeft=0
  t=51 time=0.002349
t=52 s=44 threadsLeft=13
t=52 s=14 threadsLeft=12
t=52 s=13 threadsLeft=11
t=52 s=13 threadsLeft=10
t=52 s=10 threadsLeft=9
t=52 s=9 threadsLeft=8
t=52 s=6 threadsLeft=7
t=52 s=7 threadsLeft=6
t=52 s=5 threadsLeft=5
t=52 s=7 threadsLeft=4
t=52 s=6 threadsLeft=3
t=52 s=3 threadsLeft=2
t=52 s=4 threadsLeft=1
t=52 s=4 threadsLeft=0
  t=52 time=0.003072
t=53 s=45 threadsLeft=9
t=53 s=14 threadsLeft=8
t=53 s=11 threadsLeft=7
t=53 s=12 threadsLeft=6
t=53 s=8 threadsLeft=5
t=53 s=8 threadsLeft=4
t=53 s=5 threadsLeft=3
t=53 s=7 threadsLeft=2
t=53 s=5 threadsLeft=1
t=53 s=4 threadsLeft=0
  t=53 time=0.003343
t=54 s=46 threadsLeft=10
t=54 s=15 threadsLeft=9
t=54 s=14 threadsLeft=8
t=54 s=13 threadsLeft=7
t=54 s=12 threadsLeft=6
t=54 s=9 threadsLeft=5
t=54 s=8 threadsLeft=4
t=54 s=7 threadsLeft=3
t=54 s=6 threadsLeft=2
t=54 s=5 threadsLeft=1
t=54 s=6 threadsLeft=0
  t=54 time=0.003291
t=55 s=47 threadsLeft=6
t=55 s=16 threadsLeft=5
t=55 s=15 threadsLeft=4
t=55 s=14 threadsLeft=3
t=55 s=13 threadsLeft=2
t=55 s=10 threadsLeft=1
t=55 s=9 threadsLeft=0
  t=55 time=0.001317
t=56 s=48 threadsLeft=9
t=56 s=15 threadsLeft=8
t=56 s=8 threadsLeft=7
t=56 s=9 threadsLeft=6
t=56 s=12 threadsLeft=5
t=56 s=11 threadsLeft=4
t=56 s=7 threadsLeft=3
t=56 s=4 threadsLeft=2
t=56 s=3 threadsLeft=1
t=56 s=6 threadsLeft=0
  t=56 time=0.003317
t=57 s=49 threadsLeft=6
t=57 s=16 threadsLeft=5
t=57 s=13 threadsLeft=4
t=57 s=12 threadsLeft=3
t=57 s=5 threadsLeft=2
t=57 s=7 threadsLeft=1
t=57 s=4 threadsLeft=0
  t=57 time=0.004155
t=58 s=50 threadsLeft=8
t=58 s=17 threadsLeft=7
t=58 s=14 threadsLeft=6
t=58 s=13 threadsLeft=5
t=58 s=10 threadsLeft=4
t=58 s=8 threadsLeft=3
t=58 s=5 threadsLeft=2
t=58 s=5 threadsLeft=1
t=58 s=6 threadsLeft=0
  t=58 time=0.005298
t=59 s=51 threadsLeft=5
t=59 s=12 threadsLeft=4
t=59 s=9 threadsLeft=3
t=59 s=11 threadsLeft=2
t=59 s=10 threadsLeft=1
t=59 s=6 threadsLeft=0
  t=59 time=0.004258
t=60 s=52 threadsLeft=9
t=60 s=18 threadsLeft=8
t=60 s=17 threadsLeft=7
t=60 s=13 threadsLeft=6
t=60 s=12 threadsLeft=5
t=60 s=11 threadsLeft=4
t=60 s=5 threadsLeft=3
t=60 s=7 threadsLeft=2
t=60 s=6 threadsLeft=1
t=60 s=4 threadsLeft=0
  t=60 time=0.005072
t=61 s=53 threadsLeft=6
t=61 s=18 threadsLeft=5
t=61 s=14 threadsLeft=4
t=61 s=13 threadsLeft=3
t=61 s=7 threadsLeft=2
t=61 s=5 threadsLeft=1
t=61 s=6 threadsLeft=0
  t=61 time=0.00627
t=62 s=54 threadsLeft=12
t=62 s=19 threadsLeft=11
t=62 s=16 threadsLeft=10
t=62 s=15 threadsLeft=9
t=62 s=10 threadsLeft=8
t=62 s=9 threadsLeft=7
t=62 s=12 threadsLeft=6
t=62 s=11 threadsLeft=5
t=62 s=8 threadsLeft=4
t=62 s=7 threadsLeft=3
t=62 s=5 threadsLeft=2
t=62 s=6 threadsLeft=1
t=62 s=4 threadsLeft=0
  t=62 time=0.007101
t=63 s=55 threadsLeft=9
t=63 s=17 threadsLeft=8
t=63 s=16 threadsLeft=7
t=63 s=13 threadsLeft=6
t=63 s=12 threadsLeft=5
t=63 s=8 threadsLeft=4
t=63 s=8 threadsLeft=3
t=63 s=7 threadsLeft=2
t=63 s=7 threadsLeft=1
t=63 s=6 threadsLeft=0
  t=63 time=0.007756
t=64 s=56 threadsLeft=8
t=64 s=18 threadsLeft=7
t=64 s=17 threadsLeft=6
t=64 s=17 threadsLeft=5
t=64 s=14 threadsLeft=4
t=64 s=13 threadsLeft=3
t=64 s=8 threadsLeft=2
t=64 s=5 threadsLeft=1
t=64 s=6 threadsLeft=0
  t=64 time=0.00752
t=65 s=57 threadsLeft=10
t=65 s=18 threadsLeft=9
t=65 s=10 threadsLeft=8
t=65 s=11 threadsLeft=7
t=65 s=16 threadsLeft=6
t=65 s=12 threadsLeft=5
t=65 s=15 threadsLeft=4
t=65 s=9 threadsLeft=3
t=65 s=9 threadsLeft=2
t=65 s=5 threadsLeft=1
t=65 s=6 threadsLeft=0
  t=65 time=0.00901
t=66 s=58 threadsLeft=7
t=66 s=19 threadsLeft=6
t=66 s=18 threadsLeft=5
t=66 s=17 threadsLeft=4
t=66 s=16 threadsLeft=3
t=66 s=7 threadsLeft=2
t=66 s=5 threadsLeft=1
t=66 s=6 threadsLeft=0
  t=66 time=0.010389
t=67 s=59 threadsLeft=5
t=67 s=20 threadsLeft=4
t=67 s=19 threadsLeft=3
t=67 s=18 threadsLeft=2
t=67 s=17 threadsLeft=1
t=67 s=8 threadsLeft=0
  t=67 time=0.004719
t=68 s=60 threadsLeft=13
t=68 s=16 threadsLeft=12
t=68 s=10 threadsLeft=11
t=68 s=11 threadsLeft=10
t=68 s=19 threadsLeft=9
t=68 s=12 threadsLeft=8
t=68 s=13 threadsLeft=7
t=68 s=15 threadsLeft=6
t=68 s=9 threadsLeft=5
t=68 s=13 threadsLeft=4
t=68 s=14 threadsLeft=3
t=68 s=8 threadsLeft=2
t=68 s=7 threadsLeft=1
t=68 s=6 threadsLeft=0
  t=68 time=0.012141
t=69 s=61 threadsLeft=5
t=69 s=20 threadsLeft=4
t=69 s=17 threadsLeft=3
t=69 s=16 threadsLeft=2
t=69 s=14 threadsLeft=1
t=69 s=15 threadsLeft=0
  t=69 time=0.001579
t=70 s=62 threadsLeft=9
t=70 s=21 threadsLeft=8
t=70 s=18 threadsLeft=7
t=70 s=17 threadsLeft=6
t=70 s=15 threadsLeft=5
t=70 s=16 threadsLeft=4
t=70 s=14 threadsLeft=3
t=70 s=9 threadsLeft=2
t=70 s=8 threadsLeft=1
t=70 s=7 threadsLeft=0
  t=70 time=0.011312
[38;2;000;128;000mTime: 0.657643s (2025-11-04 12:07:51)
[0mt=9 s=1 threadsLeft=0
  t=9 time=0.00033
t=10 s=2 threadsLeft=1
t=10 s=1 threadsLeft=0
  t=10 time=0.000328
t=11 s=3 threadsLeft=0
  t=11 time=0.00031
t=12 s=4 threadsLeft=2
t=12 s=2 threadsLeft=1
t=12 s=1 threadsLeft=0
  t=12 time=0.000377
t=13 s=5 threadsLeft=1
t=13 s=2 threadsLeft=0
  t=13 time=0.00031
t=14 s=6 threadsLeft=1
t=14 s=3 threadsLeft=0
  t=14 time=0.000603
t=15 s=7 threadsLeft=0
  t=15 time=0.000396
t=16 s=8 threadsLeft=2
t=16 s=2 threadsLeft=1
t=16 s=1 threadsLeft=0
  t=16 time=0.000335
t=17 s=9 threadsLeft=1
t=17 s=2 threadsLeft=0
  t=17 time=0.000322
t=18 s=10 threadsLeft=2
t=18 s=2 threadsLeft=1
t=18 s=3 threadsLeft=0
  t=18 time=0.000331
t=19 s=11 threadsLeft=2
t=19 s=4 threadsLeft=1
t=19 s=3 threadsLeft=0
  t=19 time=0.000315
t=20 s=12 threadsLeft=1
t=20 s=3 threadsLeft=0
  t=20 time=0.000273
t=21 s=13 threadsLeft=1
t=21 s=4 threadsLeft=0
  t=21 time=0.00027
t=22 s=14 threadsLeft=1
t=22 s=5 threadsLeft=0
  t=22 time=0.00028
t=23 s=15 threadsLeft=0
  t=23 time=0.000276
t=24 s=16 threadsLeft=4
t=24 s=6 threadsLeft=3
t=24 s=5 threadsLeft=2
t=24 s=2 threadsLeft=1
t=24 s=1 threadsLeft=0
  t=24 time=0.000417
t=25 s=17 threadsLeft=3
t=25 s=6 threadsLeft=2
t=25 s=3 threadsLeft=1
t=25 s=2 threadsLeft=0
  t=25 time=0.000401
t=26 s=18 threadsLeft=4
t=26 s=7 threadsLeft=3
t=26 s=4 threadsLeft=2
t=26 s=3 threadsLeft=1
t=26 s=2 threadsLeft=0
  t=26 time=0.0004
t=27 s=19 threadsLeft=2
t=27 s=5 threadsLeft=1
t=27 s=4 threadsLeft=0
  t=27 time=0.000341
t=28 s=20 threadsLeft=5
t=28 s=6 threadsLeft=4
t=28 s=5 threadsLeft=3
t=28 s=5 threadsLeft=2
t=28 s=3 threadsLeft=1
t=28 s=2 threadsLeft=0
  t=28 time=0.000397
t=29 s=21 threadsLeft=3
t=29 s=6 threadsLeft=2
t=29 s=4 threadsLeft=1
t=29 s=3 threadsLeft=0
  t=29 time=0.000388
t=30 s=22 threadsLeft=6
t=30 s=7 threadsLeft=5
t=30 s=6 threadsLeft=4
t=30 s=5 threadsLeft=3
t=30 s=4 threadsLeft=2
t=30 s=4 threadsLeft=1
t=30 s=3 threadsLeft=0
  t=30 time=0.000571
t=31 s=23 threadsLeft=4
t=31 s=8 threadsLeft=3
t=31 s=7 threadsLeft=2
t=31 s=5 threadsLeft=1
t=31 s=6 threadsLeft=0
  t=31 time=0.000421
t=32 s=24 threadsLeft=3
t=32 s=7 threadsLeft=2
t=32 s=4 threadsLeft=1
t=32 s=3 threadsLeft=0
  t=32 time=0.000479
t=33 s=25 threadsLeft=2
t=33 s=8 threadsLeft=1
t=33 s=5 threadsLeft=0
  t=33 time=0.000392
t=34 s=26 threadsLeft=4
t=34 s=9 threadsLeft=3
t=34 s=6 threadsLeft=2
t=34 s=5 threadsLeft=1
t=34 s=4 threadsLeft=0
  t=34 time=0.000511
t=35 s=27 threadsLeft=1
t=35 s=4 threadsLeft=0
  t=35 time=0.000621
t=36 s=28 threadsLeft=3
t=36 s=10 threadsLeft=2
t=36 s=9 threadsLeft=1
t=36 s=5 threadsLeft=0
  t=36 time=0.000599
t=37 s=29 threadsLeft=3
t=37 s=10 threadsLeft=2
t=37 s=6 threadsLeft=1
t=37 s=5 threadsLeft=0
  t=37 time=0.000558
t=38 s=30 threadsLeft=3
t=38 s=11 threadsLeft=2
t=38 s=8 threadsLeft=1
t=38 s=7 threadsLeft=0
  t=38 time=0.000404
t=39 s=31 threadsLeft=2
t=39 s=9 threadsLeft=1
t=39 s=8 threadsLeft=0
  t=39 time=0.000415
t=40 s=32 threadsLeft=6
t=40 s=10 threadsLeft=5
t=40 s=9 threadsLeft=4
t=40 s=9 threadsLeft=3
t=40 s=1 threadsLeft=2
t=40 s=2 threadsLeft=1
t=40 s=6 threadsLeft=0
  t=40 time=0.000602
t=41 s=33 threadsLeft=5
t=41 s=10 threadsLeft=4
t=41 s=8 threadsLeft=3
t=41 s=7 threadsLeft=2
t=41 s=2 threadsLeft=1
t=41 s=3 threadsLeft=0
  t=41 time=0.000861
t=42 s=34 threadsLeft=8
t=42 s=11 threadsLeft=7
t=42 s=10 threadsLeft=6
t=42 s=9 threadsLeft=5
t=42 s=8 threadsLeft=4
t=42 s=2 threadsLeft=3
t=42 s=3 threadsLeft=2
t=42 s=4 threadsLeft=1
t=42 s=3 threadsLeft=0
  t=42 time=0.00095
t=43 s=35 threadsLeft=6
t=43 s=12 threadsLeft=5
t=43 s=11 threadsLeft=4
t=43 s=10 threadsLeft=3
t=43 s=9 threadsLeft=2
t=43 s=4 threadsLeft=1
t=43 s=5 threadsLeft=0
  t=43 time=0.000819
t=44 s=36 threadsLeft=9
t=44 s=11 threadsLeft=8
t=44 s=8 threadsLeft=7
t=44 s=6 threadsLeft=6
t=44 s=7 threadsLeft=5
t=44 s=5 threadsLeft=4
t=44 s=5 threadsLeft=3
t=44 s=2 threadsLeft=2
t=44 s=3 threadsLeft=1
t=44 s=4 threadsLeft=0
  t=44 time=0.001067
t=45 s=37 threadsLeft=7
t=45 s=12 threadsLeft=6
t=45 s=9 threadsLeft=5
t=45 s=8 threadsLeft=4
t=45 s=6 threadsLeft=3
t=45 s=7 threadsLeft=2
t=45 s=3 threadsLeft=1
t=45 s=4 threadsLeft=0
  t=45 time=0.001212
t=46 s=38 threadsLeft=8
t=46 s=13 threadsLeft=7
t=46 s=10 threadsLeft=6
t=46 s=9 threadsLeft=5
t=46 s=8 threadsLeft=4
t=46 s=7 threadsLeft=3
t=46 s=6 threadsLeft=2
t=46 s=5 threadsLeft=1
t=46 s=4 threadsLeft=0
  t=46 time=0.001281
t=47 s=39 threadsLeft=4
t=47 s=8 threadsLeft=3
t=47 s=9 threadsLeft=2
t=47 s=8 threadsLeft=1
t=47 s=7 threadsLeft=0
  t=47 time=0.000705
t=48 s=40 threadsLeft=11
t=48 s=14 threadsLeft=10
t=48 s=13 threadsLeft=9
t=48 s=9 threadsLeft=8
t=48 s=9 threadsLeft=7
t=48 s=10 threadsLeft=6
t=48 s=8 threadsLeft=5
t=48 s=7 threadsLeft=4
t=48 s=2 threadsLeft=3
t=48 s=3 threadsLeft=2
t=48 s=5 threadsLeft=1
t=48 s=6 threadsLeft=0
  t=48 time=0.001419
t=49 s=41 threadsLeft=6
t=49 s=14 threadsLeft=5
t=49 s=10 threadsLeft=4
t=49 s=11 threadsLeft=3
t=49 s=10 threadsLeft=2
t=49 s=9 threadsLeft=1
t=49 s=3 threadsLeft=0
  t=49 time=0.001813
t=50 s=42 threadsLeft=10
t=50 s=15 threadsLeft=9
t=50 s=12 threadsLeft=8
t=50 s=11 threadsLeft=7
t=50 s=7 threadsLeft=6
t=50 s=8 threadsLeft=5
t=50 s=6 threadsLeft=4
t=50 s=5 threadsLeft=3
t=50 s=3 threadsLeft=2
t=50 s=4 threadsLeft=1
t=50 s=4 threadsLeft=0
  t=50 time=0.002576
t=51 s=43 threadsLeft=7
t=51 s=13 threadsLeft=6
t=51 s=12 threadsLeft=5
t=51 s=9 threadsLeft=4
t=51 s=8 threadsLeft=3
t=51 s=5 threadsLeft=2
t=51 s=4 threadsLeft=1
t=51 s=6 threadsLeft=0
  t=51 time=0.002088
t=52 s=44 threadsLeft=13
t=52 s=14 threadsLeft=12
t=52 s=13 threadsLeft=11
t=52 s=13 threadsLeft=10
t=52 s=10 threadsLeft=9
t=52 s=9 threadsLeft=8
t=52 s=6 threadsLeft=7
t=52 s=7 threadsLeft=6
t=52 s=7 threadsLeft=5
t=52 s=5 threadsLeft=4
t=52 s=3 threadsLeft=3
t=52 s=6 threadsLeft=2
t=52 s=4 threadsLeft=1
t=52 s=4 threadsLeft=0
  t=52 time=0.002907
t=53 s=45 threadsLeft=9
t=53 s=14 threadsLeft=8
t=53 s=8 threadsLeft=7
t=53 s=12 threadsLeft=6
t=53 s=11 threadsLeft=5
t=53 s=8 threadsLeft=4
t=53 s=7 threadsLeft=3
t=53 s=5 threadsLeft=2
t=53 s=5 threadsLeft=1
t=53 s=4 threadsLeft=0
  t=53 time=0.003232
t=54 s=46 threadsLeft=10
t=54 s=15 threadsLeft=9
t=54 s=14 threadsLeft=8
t=54 s=13 threadsLeft=7
t=54 s=12 threadsLeft=6
t=54 s=9 threadsLeft=5
t=54 s=8 threadsLeft=4
t=54 s=7 threadsLeft=3
t=54 s=6 threadsLeft=2
t=54 s=5 threadsLeft=1
t=54 s=6 threadsLeft=0
  t=54 time=0.002958
t=55 s=47 threadsLeft=6
t=55 s=16 threadsLeft=5
t=55 s=15 threadsLeft=4
t=55 s=14 threadsLeft=3
t=55 s=13 threadsLeft=2
t=55 s=9 threadsLeft=1
t=55 s=10 threadsLeft=0
  t=55 time=0.00133
t=56 s=48 threadsLeft=9
t=56 s=15 threadsLeft=8
t=56 s=9 threadsLeft=7
t=56 s=8 threadsLeft=6
t=56 s=12 threadsLeft=5
t=56 s=11 threadsLeft=4
t=56 s=7 threadsLeft=3
t=56 s=4 threadsLeft=2
t=56 s=3 threadsLeft=1
t=56 s=6 threadsLeft=0
  t=56 time=0.002953
t=57 s=49 threadsLeft=6
t=57 s=16 threadsLeft=5
t=57 s=13 threadsLeft=4
t=57 s=12 threadsLeft=3
t=57 s=5 threadsLeft=2
t=57 s=7 threadsLeft=1
t=57 s=4 threadsLeft=0
  t=57 time=0.004143
t=58 s=50 threadsLeft=8
t=58 s=17 threadsLeft=7
t=58 s=14 threadsLeft=6
t=58 s=13 threadsLeft=5
t=58 s=10 threadsLeft=4
t=58 s=5 threadsLeft=3
t=58 s=8 threadsLeft=2
t=58 s=5 threadsLeft=1
t=58 s=6 threadsLeft=0
  t=58 time=0.005133
t=59 s=51 threadsLeft=5
t=59 s=9 threadsLeft=4
t=59 s=12 threadsLeft=3
t=59 s=11 threadsLeft=2
t=59 s=10 threadsLeft=1
t=59 s=6 threadsLeft=0
  t=59 time=0.003899
t=60 s=52 threadsLeft=9
t=60 s=18 threadsLeft=8
t=60 s=17 threadsLeft=7
t=60 s=13 threadsLeft=6
t=60 s=12 threadsLeft=5
t=60 s=11 threadsLeft=4
t=60 s=5 threadsLeft=3
t=60 s=7 threadsLeft=2
t=60 s=6 threadsLeft=1
t=60 s=4 threadsLeft=0
  t=60 time=0.004755
t=61 s=53 threadsLeft=6
t=61 s=18 threadsLeft=5
t=61 s=14 threadsLeft=4
t=61 s=13 threadsLeft=3
t=61 s=7 threadsLeft=2
t=61 s=5 threadsLeft=1
t=61 s=6 threadsLeft=0
  t=61 time=0.006186
t=62 s=54 threadsLeft=12
t=62 s=19 threadsLeft=11
t=62 s=16 threadsLeft=10
t=62 s=15 threadsLeft=9
t=62 s=10 threadsLeft=8
t=62 s=9 threadsLeft=7
t=62 s=12 threadsLeft=6
t=62 s=11 threadsLeft=5
t=62 s=8 threadsLeft=4
t=62 s=7 threadsLeft=3
t=62 s=5 threadsLeft=2
t=62 s=6 threadsLeft=1
t=62 s=4 threadsLeft=0
  t=62 time=0.006783
t=63 s=55 threadsLeft=9
t=63 s=17 threadsLeft=8
t=63 s=16 threadsLeft=7
t=63 s=13 threadsLeft=6
t=63 s=12 threadsLeft=5
t=63 s=8 threadsLeft=4
t=63 s=8 threadsLeft=3
t=63 s=7 threadsLeft=2
t=63 s=7 threadsLeft=1
t=63 s=6 threadsLeft=0
  t=63 time=0.007456
t=64 s=56 threadsLeft=8
t=64 s=18 threadsLeft=7
t=64 s=17 threadsLeft=6
t=64 s=17 threadsLeft=5
t=64 s=14 threadsLeft=4
t=64 s=13 threadsLeft=3
t=64 s=8 threadsLeft=2
t=64 s=5 threadsLeft=1
t=64 s=6 threadsLeft=0
  t=64 time=0.007205
t=65 s=57 threadsLeft=10
t=65 s=18 threadsLeft=9
t=65 s=16 threadsLeft=8
t=65 s=15 threadsLeft=7
t=65 s=10 threadsLeft=6
t=65 s=11 threadsLeft=5
t=65 s=12 threadsLeft=4
t=65 s=9 threadsLeft=3
t=65 s=9 threadsLeft=2
t=65 s=5 threadsLeft=1
t=65 s=6 threadsLeft=0
  t=65 time=0.009084
t=66 s=58 threadsLeft=7
t=66 s=19 threadsLeft=6
t=66 s=18 threadsLeft=5
t=66 s=17 threadsLeft=4
t=66 s=16 threadsLeft=3
t=66 s=7 threadsLeft=2
t=66 s=5 threadsLeft=1
t=66 s=6 threadsLeft=0
  t=66 time=0.010533
t=67 s=59 threadsLeft=5
t=67 s=20 threadsLeft=4
t=67 s=18 threadsLeft=3
t=67 s=19 threadsLeft=2
t=67 s=17 threadsLeft=1
t=67 s=8 threadsLeft=0
  t=67 time=0.004467
t=68 s=60 threadsLeft=13
t=68 s=16 threadsLeft=12
t=68 s=19 threadsLeft=11
t=68 s=10 threadsLeft=10
t=68 s=12 threadsLeft=9
t=68 s=15 threadsLeft=8
t=68 s=11 threadsLeft=7
t=68 s=13 threadsLeft=6
t=68 s=9 threadsLeft=5
t=68 s=14 threadsLeft=4
t=68 s=13 threadsLeft=3
t=68 s=8 threadsLeft=2
t=68 s=7 threadsLeft=1
t=68 s=6 threadsLeft=0
  t=68 time=0.011688
t=69 s=61 threadsLeft=5
t=69 s=20 threadsLeft=4
t=69 s=17 threadsLeft=3
t=69 s=16 threadsLeft=2
t=69 s=14 threadsLeft=1
t=69 s=15 threadsLeft=0
  t=69 time=0.001412
t=70 s=62 threadsLeft=9
t=70 s=21 threadsLeft=8
t=70 s=18 threadsLeft=7
t=70 s=17 threadsLeft=6
t=70 s=16 threadsLeft=5
t=70 s=15 threadsLeft=4
t=70 s=14 threadsLeft=3
t=70 s=9 threadsLeft=2
t=70 s=8 threadsLeft=1
t=70 s=7 threadsLeft=0
  t=70 time=0.011179
[38;2;000;128;000mTime: 0.645175s (2025-11-04 16:26:39)
[0m