  t=1, time=0.000206
t=2 s=0 threadsLeft=0
  t=2, time=3.3e-05
t=3 s=0 threadsLeft=1
t=3 s=1 threadsLeft=0
  t=3, time=5.4e-05
t=4 s=2 threadsLeft=1
t=4 s=0 threadsLeft=0
  t=4, time=4.9e-05
t=5 s=0 threadsLeft=1
t=5 s=3 threadsLeft=0
  t=5, time=2.9e-05
t=6 s=0 threadsLeft=2
t=6 s=1 threadsLeft=1
t=6 s=4 threadsLeft=0
  t=6, time=5.1e-05
t=7 s=0 threadsLeft=3
t=7 s=1 threadsLeft=2
t=7 s=5 threadsLeft=1
t=7 s=2 threadsLeft=0
  t=7, time=6.5e-05
t=8 s=0 threadsLeft=3
t=8 s=1 threadsLeft=2
t=8 s=2 threadsLeft=1
t=8 s=6 threadsLeft=0
  t=8, time=0.000106
t=9 s=1 threadsLeft=3
t=9 s=2 threadsLeft=2
t=9 s=0 threadsLeft=1
t=9 s=7 threadsLeft=0
  t=9, time=7e-05
t=10 s=0 threadsLeft=2
t=10 s=1 threadsLeft=1
t=10 s=8 threadsLeft=0
  t=10, time=6.3e-05
t=11 s=1 threadsLeft=2
t=11 s=2 threadsLeft=1
t=11 s=9 threadsLeft=0
  t=11, time=6e-05
t=12 s=0 threadsLeft=4
t=12 s=2 threadsLeft=3
t=12 s=3 threadsLeft=2
t=12 s=1 threadsLeft=1
t=12 s=10 threadsLeft=0
  t=12, time=6.9e-05
t=13 s=1 threadsLeft=3
t=13 s=2 threadsLeft=2
t=13 s=3 threadsLeft=1
t=13 s=11 threadsLeft=0
  t=13, time=6.5e-05
t=14 s=0 threadsLeft=4
t=14 s=3 threadsLeft=3
t=14 s=2 threadsLeft=2
t=14 s=1 threadsLeft=1
t=14 s=12 threadsLeft=0
  t=14, time=7.8e-05
t=15 s=0 threadsLeft=5
t=15 s=1 threadsLeft=4
t=15 s=2 threadsLeft=3
t=15 s=3 threadsLeft=2
t=15 s=4 threadsLeft=1
t=15 s=13 threadsLeft=0
  t=15, time=8.1e-05
t=16 s=0 threadsLeft=5
t=16 s=1 threadsLeft=4
t=16 s=3 threadsLeft=3
t=16 s=2 threadsLeft=2
t=16 s=4 threadsLeft=1
t=16 s=14 threadsLeft=0
  t=16, time=9.1e-05
t=17 s=0 threadsLeft=4
t=17 s=3 threadsLeft=3
t=17 s=4 threadsLeft=2
t=17 s=1 threadsLeft=1
t=17 s=15 threadsLeft=0
  t=17, time=8.6e-05
t=18 s=0 threadsLeft=5
t=18 s=1 threadsLeft=4
t=18 s=4 threadsLeft=3
t=18 s=2 threadsLeft=2
t=18 s=5 threadsLeft=1
t=18 s=16 threadsLeft=0
  t=18, time=0.0001
t=19 s=3 threadsLeft=5
t=19 s=5 threadsLeft=4
t=19 s=2 threadsLeft=3
t=19 s=6 threadsLeft=2
t=19 s=1 threadsLeft=1
t=19 s=17 threadsLeft=0
  t=19, time=0.000104
t=20 s=0 threadsLeft=7
t=20 s=2 threadsLeft=6
t=20 s=1 threadsLeft=5
t=20 s=5 threadsLeft=4
t=20 s=3 threadsLeft=3
t=20 s=4 threadsLeft=2
t=20 s=18 threadsLeft=1
t=20 s=6 threadsLeft=0
  t=20, time=0.00017
t=21 s=3 threadsLeft=7
t=21 s=2 threadsLeft=6
t=21 s=1 threadsLeft=5
t=21 s=4 threadsLeft=4
t=21 s=6 threadsLeft=3
t=21 s=5 threadsLeft=2
t=21 s=7 threadsLeft=1
t=21 s=19 threadsLeft=0
  t=21, time=0.000173
t=22 s=0 threadsLeft=7
t=22 s=3 threadsLeft=6
t=22 s=4 threadsLeft=5
t=22 s=1 threadsLeft=4
t=22 s=5 threadsLeft=3
t=22 s=2 threadsLeft=2
t=22 s=8 threadsLeft=1
t=22 s=20 threadsLeft=0
  t=22, time=0.000157
t=23 s=0 threadsLeft=8
t=23 s=1 threadsLeft=7
t=23 s=5 threadsLeft=6
t=23 s=3 threadsLeft=5
t=23 s=2 threadsLeft=4
t=23 s=9 threadsLeft=3
t=23 s=4 threadsLeft=2
t=23 s=6 threadsLeft=1
t=23 s=21 threadsLeft=0
  t=23, time=0.000195
t=24 s=0 threadsLeft=9
t=24 s=1 threadsLeft=8
t=24 s=4 threadsLeft=7
t=24 s=5 threadsLeft=6
t=24 s=3 threadsLeft=5
t=24 s=7 threadsLeft=4
t=24 s=10 threadsLeft=3
t=24 s=2 threadsLeft=2
t=24 s=22 threadsLeft=1
t=24 s=6 threadsLeft=0
  t=24, time=0.000182
t=25 s=0 threadsLeft=9
t=25 s=4 threadsLeft=8
t=25 s=3 threadsLeft=7
t=25 s=6 threadsLeft=6
t=25 s=1 threadsLeft=5
t=25 s=2 threadsLeft=4
t=25 s=11 threadsLeft=3
t=25 s=23 threadsLeft=2
t=25 s=5 threadsLeft=1
t=25 s=7 threadsLeft=0
  t=25, time=0.000207
t=26 s=0 threadsLeft=10
t=26 s=4 threadsLeft=9
t=26 s=3 threadsLeft=8
t=26 s=5 threadsLeft=7
t=26 s=1 threadsLeft=6
t=26 s=7 threadsLeft=5
t=26 s=6 threadsLeft=4
t=26 s=12 threadsLeft=3
t=26 s=24 threadsLeft=2
t=26 s=2 threadsLeft=1
t=26 s=8 threadsLeft=0
  t=26, time=0.000216
t=27 s=0 threadsLeft=11
t=27 s=3 threadsLeft=10
t=27 s=4 threadsLeft=9
t=27 s=5 threadsLeft=8
t=27 s=6 threadsLeft=7
t=27 s=7 threadsLeft=6
t=27 s=8 threadsLeft=5
t=27 s=1 threadsLeft=4
t=27 s=9 threadsLeft=3
t=27 s=13 threadsLeft=2
t=27 s=25 threadsLeft=1
t=27 s=2 threadsLeft=0
  t=27, time=0.000213
t=28 s=0 threadsLeft=11
t=28 s=4 threadsLeft=10
t=28 s=5 threadsLeft=9
t=28 s=3 threadsLeft=8
t=28 s=6 threadsLeft=7
t=28 s=7 threadsLeft=6
t=28 s=10 threadsLeft=5
t=28 s=2 threadsLeft=4
t=28 s=14 threadsLeft=3
t=28 s=8 threadsLeft=2
t=28 s=1 threadsLeft=1
t=28 s=26 threadsLeft=0
  t=28, time=0.00024
t=29 s=0 threadsLeft=10
t=29 s=3 threadsLeft=9
t=29 s=4 threadsLeft=8
t=29 s=11 threadsLeft=7
t=29 s=7 threadsLeft=6
t=29 s=8 threadsLeft=5
t=29 s=15 threadsLeft=4
t=29 s=6 threadsLeft=3
t=29 s=27 threadsLeft=2
t=29 s=1 threadsLeft=1
t=29 s=2 threadsLeft=0
  t=29, time=0.00025
t=30 s=0 threadsLeft=12
t=30 s=3 threadsLeft=11
t=30 s=4 threadsLeft=10
t=30 s=5 threadsLeft=9
t=30 s=7 threadsLeft=8
t=30 s=9 threadsLeft=7
t=30 s=8 threadsLeft=6
t=30 s=1 threadsLeft=5
t=30 s=12 threadsLeft=4
t=30 s=6 threadsLeft=3
t=30 s=16 threadsLeft=2
t=30 s=2 threadsLeft=1
t=30 s=28 threadsLeft=0
  t=30, time=0.000298
t=31 s=0 threadsLeft=13
t=31 s=3 threadsLeft=12
t=31 s=6 threadsLeft=11
t=31 s=4 threadsLeft=10
t=31 s=8 threadsLeft=9
t=31 s=7 threadsLeft=8
t=31 s=1 threadsLeft=7
t=31 s=9 threadsLeft=6
t=31 s=5 threadsLeft=5
t=31 s=13 threadsLeft=4
t=31 s=2 threadsLeft=3
t=31 s=10 threadsLeft=2
t=31 s=17 threadsLeft=1
t=31 s=29 threadsLeft=0
  t=31, time=0.000303
gb.dim_Ext()=197
gb.dim_Gb()=289
[38;2;000;128;000mTime: 0.048374s (2025-10-29 20:48:27)
[0m  t=1, time=0.000293
t=2 s=0 threadsLeft=0
  t=2, time=4.1e-05
t=3 s=1 threadsLeft=1
t=3 s=0 threadsLeft=0
  t=3, time=4.1e-05
t=4 s=0 threadsLeft=1
t=4 s=2 threadsLeft=0
  t=4, time=3.3e-05
t=5 s=0 threadsLeft=1
t=5 s=3 threadsLeft=0
  t=5, time=3.7e-05
t=6 s=0 threadsLeft=2
t=6 s=1 threadsLeft=1
t=6 s=4 threadsLeft=0
  t=6, time=6.7e-05
t=7 s=0 threadsLeft=3
t=7 s=1 threadsLeft=2
t=7 s=2 threadsLeft=1
t=7 s=5 threadsLeft=0
  t=7, time=5.6e-05
t=8 s=0 threadsLeft=3
t=8 s=1 threadsLeft=2
t=8 s=2 threadsLeft=1
t=8 s=6 threadsLeft=0
  t=8, time=5.2e-05
t=9 s=0 threadsLeft=3
t=9 s=1 threadsLeft=2
t=9 s=2 threadsLeft=1
t=9 s=7 threadsLeft=0
  t=9, time=6.1e-05
t=10 s=0 threadsLeft=2
t=10 s=1 threadsLeft=1
t=10 s=8 threadsLeft=0
  t=10, time=8.2e-05
t=11 s=2 threadsLeft=2
t=11 s=1 threadsLeft=1
t=11 s=9 threadsLeft=0
  t=11, time=6.9e-05
t=12 s=0 threadsLeft=4
t=12 s=1 threadsLeft=3
t=12 s=2 threadsLeft=2
t=12 s=3 threadsLeft=1
t=12 s=10 threadsLeft=0
  t=12, time=7.8e-05
t=13 s=2 threadsLeft=3
t=13 s=3 threadsLeft=2
t=13 s=11 threadsLeft=1
t=13 s=1 threadsLeft=0
  t=13, time=6.5e-05
t=14 s=0 threadsLeft=4
t=14 s=2 threadsLeft=3
t=14 s=12 threadsLeft=2
t=14 s=1 threadsLeft=1
t=14 s=3 threadsLeft=0
  t=14, time=7.8e-05
t=15 s=0 threadsLeft=5
t=15 s=1 threadsLeft=4
t=15 s=3 threadsLeft=3
t=15 s=2 threadsLeft=2
t=15 s=4 threadsLeft=1
t=15 s=13 threadsLeft=0
  t=15, time=8.8e-05
t=16 s=0 threadsLeft=5
t=16 s=1 threadsLeft=4
t=16 s=3 threadsLeft=3
t=16 s=2 threadsLeft=2
t=16 s=4 threadsLeft=1
t=16 s=14 threadsLeft=0
  t=16, time=0.000139
t=17 s=0 threadsLeft=4
t=17 s=3 threadsLeft=3
t=17 s=4 threadsLeft=2
t=17 s=1 threadsLeft=1
t=17 s=15 threadsLeft=0
  t=17, time=0.000112
t=18 s=0 threadsLeft=5
t=18 s=4 threadsLeft=4
t=18 s=5 threadsLeft=3
t=18 s=1 threadsLeft=2
t=18 s=16 threadsLeft=1
t=18 s=2 threadsLeft=0
  t=18, time=9.3e-05
t=19 s=5 threadsLeft=5
t=19 s=3 threadsLeft=4
t=19 s=2 threadsLeft=3
t=19 s=6 threadsLeft=2
t=19 s=1 threadsLeft=1
t=19 s=17 threadsLeft=0
  t=19, time=9.5e-05
t=20 s=0 threadsLeft=7
t=20 s=2 threadsLeft=6
t=20 s=1 threadsLeft=5
t=20 s=4 threadsLeft=4
t=20 s=3 threadsLeft=3
t=20 s=5 threadsLeft=2
t=20 s=6 threadsLeft=1
t=20 s=18 threadsLeft=0
  t=20, time=0.000118
t=21 s=3 threadsLeft=7
t=21 s=2 threadsLeft=6
t=21 s=4 threadsLeft=5
t=21 s=1 threadsLeft=4
t=21 s=6 threadsLeft=3
t=21 s=7 threadsLeft=2
t=21 s=5 threadsLeft=1
t=21 s=19 threadsLeft=0
  t=21, time=0.000121
t=22 s=0 threadsLeft=7
t=22 s=3 threadsLeft=6
t=22 s=4 threadsLeft=5
t=22 s=20 threadsLeft=4
t=22 s=8 threadsLeft=3
t=22 s=2 threadsLeft=2
t=22 s=1 threadsLeft=1
t=22 s=5 threadsLeft=0
  t=22, time=0.000188
t=23 s=0 threadsLeft=8
t=23 s=1 threadsLeft=7
t=23 s=5 threadsLeft=6
t=23 s=3 threadsLeft=5
t=23 s=4 threadsLeft=4
t=23 s=2 threadsLeft=3
t=23 s=9 threadsLeft=2
t=23 s=6 threadsLeft=1
t=23 s=21 threadsLeft=0
  t=23, time=0.000178
t=24 s=0 threadsLeft=9
t=24 s=1 threadsLeft=8
t=24 s=4 threadsLeft=7
t=24 s=5 threadsLeft=6
t=24 s=7 threadsLeft=5
t=24 s=6 threadsLeft=4
t=24 s=3 threadsLeft=3
t=24 s=10 threadsLeft=2
t=24 s=22 threadsLeft=1
t=24 s=2 threadsLeft=0
  t=24, time=0.000169
t=25 s=0 threadsLeft=9
t=25 s=4 threadsLeft=8
t=25 s=3 threadsLeft=7
t=25 s=5 threadsLeft=6
t=25 s=11 threadsLeft=5
t=25 s=1 threadsLeft=4
t=25 s=2 threadsLeft=3
t=25 s=7 threadsLeft=2
t=25 s=23 threadsLeft=1
t=25 s=6 threadsLeft=0
  t=25, time=0.000182
t=26 s=0 threadsLeft=10
t=26 s=3 threadsLeft=9
t=26 s=1 threadsLeft=8
t=26 s=5 threadsLeft=7
t=26 s=4 threadsLeft=6
t=26 s=8 threadsLeft=5
t=26 s=7 threadsLeft=4
t=26 s=24 threadsLeft=3
t=26 s=12 threadsLeft=2
t=26 s=6 threadsLeft=1
t=26 s=2 threadsLeft=0
  t=26, time=0.000223
t=27 s=0 threadsLeft=11
t=27 s=3 threadsLeft=10
t=27 s=4 threadsLeft=9
t=27 s=2 threadsLeft=8
t=27 s=1 threadsLeft=7
t=27 s=8 threadsLeft=6
t=27 s=9 threadsLeft=5
t=27 s=7 threadsLeft=4
t=27 s=6 threadsLeft=3
t=27 s=5 threadsLeft=2
t=27 s=13 threadsLeft=1
t=27 s=25 threadsLeft=0
  t=27, time=0.000219
t=28 s=0 threadsLeft=11
t=28 s=4 threadsLeft=10
t=28 s=3 threadsLeft=9
t=28 s=6 threadsLeft=8
t=28 s=10 threadsLeft=7
t=28 s=8 threadsLeft=6
t=28 s=2 threadsLeft=5
t=28 s=7 threadsLeft=4
t=28 s=14 threadsLeft=3
t=28 s=1 threadsLeft=2
t=28 s=26 threadsLeft=1
t=28 s=5 threadsLeft=0
  t=28, time=0.000232
t=29 s=0 threadsLeft=10
t=29 s=6 threadsLeft=9
t=29 s=7 threadsLeft=8
t=29 s=8 threadsLeft=7
t=29 s=4 threadsLeft=6
t=29 s=3 threadsLeft=5
t=29 s=11 threadsLeft=4
t=29 s=15 threadsLeft=3
t=29 s=27 threadsLeft=2
t=29 s=2 threadsLeft=1
t=29 s=1 threadsLeft=0
  t=29, time=0.000282
t=30 s=0 threadsLeft=12
t=30 s=3 threadsLeft=11
t=30 s=6 threadsLeft=10
t=30 s=7 threadsLeft=9
t=30 s=4 threadsLeft=8
t=30 s=12 threadsLeft=7
t=30 s=8 threadsLeft=6
t=30 s=16 threadsLeft=5
t=30 s=1 threadsLeft=4
t=30 s=28 threadsLeft=3
t=30 s=9 threadsLeft=2
t=30 s=5 threadsLeft=1
t=30 s=2 threadsLeft=0
  t=30, time=0.000278
t=31 s=0 threadsLeft=13
t=31 s=3 threadsLeft=12
t=31 s=6 threadsLeft=11
t=31 s=8 threadsLeft=10
t=31 s=7 threadsLeft=9
t=31 s=10 threadsLeft=8
t=31 s=5 threadsLeft=7
t=31 s=17 threadsLeft=6
t=31 s=9 threadsLeft=5
t=31 s=13 threadsLeft=4
t=31 s=4 threadsLeft=3
t=31 s=29 threadsLeft=2
t=31 s=1 threadsLeft=1
t=31 s=2 threadsLeft=0
  t=31, time=0.0003
gb.dim_Ext()=197
gb.dim_Gb()=289
[38;2;000;128;000mTime: 0.069539s (2025-11-03 16:49:18)
[0m  t=1, time=0.000236
t=2 s=0 threadsLeft=0
  t=2, time=3.5e-05
t=3 s=0 threadsLeft=1
t=3 s=1 threadsLeft=0
  t=3, time=3.1e-05
t=4 s=0 threadsLeft=1
t=4 s=2 threadsLeft=0
  t=4, time=4.1e-05
t=5 s=0 threadsLeft=1
t=5 s=3 threadsLeft=0
  t=5, time=3.8e-05
t=6 s=0 threadsLeft=2
t=6 s=1 threadsLeft=1
t=6 s=4 threadsLeft=0
  t=6, time=4.7e-05
t=7 s=0 threadsLeft=3
t=7 s=1 threadsLeft=2
t=7 s=2 threadsLeft=1
t=7 s=5 threadsLeft=0
  t=7, time=5.8e-05
t=8 s=0 threadsLeft=3
t=8 s=1 threadsLeft=2
t=8 s=2 threadsLeft=1
t=8 s=6 threadsLeft=0
  t=8, time=4.8e-05
t=9 s=1 threadsLeft=3
t=9 s=2 threadsLeft=2
t=9 s=0 threadsLeft=1
t=9 s=7 threadsLeft=0
  t=9, time=5.6e-05
t=10 s=0 threadsLeft=2
t=10 s=1 threadsLeft=1
t=10 s=8 threadsLeft=0
  t=10, time=5e-05
t=11 s=1 threadsLeft=2
t=11 s=9 threadsLeft=1
t=11 s=2 threadsLeft=0
  t=11, time=6.4e-05
t=12 s=0 threadsLeft=4
t=12 s=1 threadsLeft=3
t=12 s=2 threadsLeft=2
t=12 s=3 threadsLeft=1
t=12 s=10 threadsLeft=0
  t=12, time=7.9e-05
t=13 s=2 threadsLeft=3
t=13 s=1 threadsLeft=2
t=13 s=3 threadsLeft=1
t=13 s=11 threadsLeft=0
  t=13, time=8.5e-05
t=14 s=0 threadsLeft=4
t=14 s=2 threadsLeft=3
t=14 s=3 threadsLeft=2
t=14 s=12 threadsLeft=1
t=14 s=1 threadsLeft=0
  t=14, time=0.000119
t=15 s=0 threadsLeft=5
t=15 s=1 threadsLeft=4
t=15 s=3 threadsLeft=3
t=15 s=4 threadsLeft=2
t=15 s=2 threadsLeft=1
t=15 s=13 threadsLeft=0
  t=15, time=0.000107
t=16 s=0 threadsLeft=5
t=16 s=1 threadsLeft=4
t=16 s=3 threadsLeft=3
t=16 s=2 threadsLeft=2
t=16 s=4 threadsLeft=1
t=16 s=14 threadsLeft=0
  t=16, time=0.0001
t=17 s=0 threadsLeft=4
t=17 s=3 threadsLeft=3
t=17 s=4 threadsLeft=2
t=17 s=15 threadsLeft=1
t=17 s=1 threadsLeft=0
  t=17, time=0.000102
t=18 s=0 threadsLeft=5
t=18 s=4 threadsLeft=4
t=18 s=1 threadsLeft=3
t=18 s=2 threadsLeft=2
t=18 s=16 threadsLeft=1
t=18 s=5 threadsLeft=0
  t=18, time=0.00013
t=19 s=3 threadsLeft=5
t=19 s=5 threadsLeft=4
t=19 s=6 threadsLeft=3
t=19 s=1 threadsLeft=2
t=19 s=17 threadsLeft=1
t=19 s=2 threadsLeft=0
  t=19, time=0.000136
t=20 s=0 threadsLeft=7
t=20 s=2 threadsLeft=6
t=20 s=3 threadsLeft=5
t=20 s=4 threadsLeft=4
t=20 s=1 threadsLeft=3
t=20 s=5 threadsLeft=2
t=20 s=6 threadsLeft=1
t=20 s=18 threadsLeft=0
  t=20, time=0.000134
t=21 s=3 threadsLeft=7
t=21 s=2 threadsLeft=6
t=21 s=5 threadsLeft=5
t=21 s=1 threadsLeft=4
t=21 s=4 threadsLeft=3
t=21 s=6 threadsLeft=2
t=21 s=19 threadsLeft=1
t=21 s=7 threadsLeft=0
  t=21, time=0.000168
t=22 s=0 threadsLeft=7
t=22 s=4 threadsLeft=6
t=22 s=5 threadsLeft=5
t=22 s=8 threadsLeft=4
t=22 s=1 threadsLeft=3
t=22 s=2 threadsLeft=2
t=22 s=3 threadsLeft=1
t=22 s=20 threadsLeft=0
  t=22, time=0.000169
t=23 s=0 threadsLeft=8
t=23 s=1 threadsLeft=7
t=23 s=3 threadsLeft=6
t=23 s=4 threadsLeft=5
t=23 s=2 threadsLeft=4
t=23 s=6 threadsLeft=3
t=23 s=9 threadsLeft=2
t=23 s=21 threadsLeft=1
t=23 s=5 threadsLeft=0
  t=23, time=0.000184
t=24 s=0 threadsLeft=9
t=24 s=1 threadsLeft=8
t=24 s=4 threadsLeft=7
t=24 s=3 threadsLeft=6
t=24 s=6 threadsLeft=5
t=24 s=7 threadsLeft=4
t=24 s=2 threadsLeft=3
t=24 s=10 threadsLeft=2
t=24 s=22 threadsLeft=1
t=24 s=5 threadsLeft=0
  t=24, time=0.000201
t=25 s=0 threadsLeft=9
t=25 s=4 threadsLeft=8
t=25 s=3 threadsLeft=7
t=25 s=11 threadsLeft=6
t=25 s=2 threadsLeft=5
t=25 s=23 threadsLeft=4
t=25 s=1 threadsLeft=3
t=25 s=7 threadsLeft=2
t=25 s=6 threadsLeft=1
t=25 s=5 threadsLeft=0
  t=25, time=0.000202
t=26 s=0 threadsLeft=10
t=26 s=1 threadsLeft=9
t=26 s=4 threadsLeft=8
t=26 s=3 threadsLeft=7
t=26 s=7 threadsLeft=6
t=26 s=6 threadsLeft=5
t=26 s=5 threadsLeft=4
t=26 s=8 threadsLeft=3
t=26 s=12 threadsLeft=2
t=26 s=2 threadsLeft=1
t=26 s=24 threadsLeft=0
  t=26, time=0.000214
t=27 s=0 threadsLeft=11
t=27 s=3 threadsLeft=10
t=27 s=4 threadsLeft=9
t=27 s=7 threadsLeft=8
t=27 s=1 threadsLeft=7
t=27 s=2 threadsLeft=6
t=27 s=8 threadsLeft=5
t=27 s=5 threadsLeft=4
t=27 s=13 threadsLeft=3
t=27 s=6 threadsLeft=2
t=27 s=9 threadsLeft=1
t=27 s=25 threadsLeft=0
  t=27, time=0.00024
t=28 s=4 threadsLeft=11
t=28 s=3 threadsLeft=10
t=28 s=0 threadsLeft=9
t=28 s=10 threadsLeft=8
t=28 s=2 threadsLeft=7
t=28 s=8 threadsLeft=6
t=28 s=6 threadsLeft=5
t=28 s=14 threadsLeft=4
t=28 s=7 threadsLeft=3
t=28 s=1 threadsLeft=2
t=28 s=5 threadsLeft=1
t=28 s=26 threadsLeft=0
  t=28, time=0.00023
t=29 s=0 threadsLeft=10
t=29 s=6 threadsLeft=9
t=29 s=3 threadsLeft=8
t=29 s=7 threadsLeft=7
t=29 s=11 threadsLeft=6
t=29 s=27 threadsLeft=5
t=29 s=8 threadsLeft=4
t=29 s=4 threadsLeft=3
t=29 s=15 threadsLeft=2
t=29 s=1 threadsLeft=1
t=29 s=2 threadsLeft=0
  t=29, time=0.00025
t=30 s=0 threadsLeft=12
t=30 s=3 threadsLeft=11
t=30 s=9 threadsLeft=10
t=30 s=7 threadsLeft=9
t=30 s=12 threadsLeft=8
t=30 s=8 threadsLeft=7
t=30 s=6 threadsLeft=6
t=30 s=1 threadsLeft=5
t=30 s=4 threadsLeft=4
t=30 s=28 threadsLeft=3
t=30 s=16 threadsLeft=2
t=30 s=5 threadsLeft=1
t=30 s=2 threadsLeft=0
  t=30, time=0.000262
t=31 s=0 threadsLeft=13
t=31 s=3 threadsLeft=12
t=31 s=4 threadsLeft=11
t=31 s=6 threadsLeft=10
t=31 s=8 threadsLeft=9
t=31 s=9 threadsLeft=8
t=31 s=1 threadsLeft=7
t=31 s=10 threadsLeft=6
t=31 s=7 threadsLeft=5
t=31 s=13 threadsLeft=4
t=31 s=5 threadsLeft=3
t=31 s=17 threadsLeft=2
t=31 s=2 threadsLeft=1
t=31 s=29 threadsLeft=0
  t=31, time=0.00031
gb.dim_Ext()=197
gb.dim_Gb()=289
[38;2;000;128;000mTime: 0.070713s (2025-11-03 16:57:51)
[0m  t=1, time=0.001617
t=2 s=0 threadsLeft=0
  t=2, time=3.3e-05
t=3 s=0 threadsLeft=1
t=3 s=1 threadsLeft=0
  t=3, time=3.6e-05
t=4 s=0 threadsLeft=1
t=4 s=2 threadsLeft=0
  t=4, time=4.5e-05
t=5 s=0 threadsLeft=1
t=5 s=3 threadsLeft=0
  t=5, time=4.8e-05
t=6 s=0 threadsLeft=2
t=6 s=1 threadsLeft=1
t=6 s=4 threadsLeft=0
  t=6, time=4.8e-05
t=7 s=0 threadsLeft=3
t=7 s=1 threadsLeft=2
t=7 s=2 threadsLeft=1
t=7 s=5 threadsLeft=0
  t=7, time=4.7e-05
t=8 s=0 threadsLeft=3
t=8 s=2 threadsLeft=2
t=8 s=6 threadsLeft=1
t=8 s=1 threadsLeft=0
  t=8, time=6.3e-05
t=9 s=0 threadsLeft=3
t=9 s=1 threadsLeft=2
t=9 s=2 threadsLeft=1
t=9 s=7 threadsLeft=0
  t=9, time=7.3e-05
t=10 s=0 threadsLeft=2
t=10 s=8 threadsLeft=1
t=10 s=1 threadsLeft=0
  t=10, time=5.7e-05
t=11 s=2 threadsLeft=2
t=11 s=9 threadsLeft=1
t=11 s=1 threadsLeft=0
  t=11, time=5.4e-05
t=12 s=0 threadsLeft=4
t=12 s=1 threadsLeft=3
t=12 s=2 threadsLeft=2
t=12 s=3 threadsLeft=1
t=12 s=10 threadsLeft=0
  t=12, time=7e-05
t=13 s=1 threadsLeft=3
t=13 s=2 threadsLeft=2
t=13 s=3 threadsLeft=1
t=13 s=11 threadsLeft=0
  t=13, time=6.5e-05
t=14 s=0 threadsLeft=4
t=14 s=2 threadsLeft=3
t=14 s=3 threadsLeft=2
t=14 s=1 threadsLeft=1
t=14 s=12 threadsLeft=0
  t=14, time=6.9e-05
t=15 s=0 threadsLeft=5
t=15 s=1 threadsLeft=4
t=15 s=3 threadsLeft=3
t=15 s=2 threadsLeft=2
t=15 s=4 threadsLeft=1
t=15 s=13 threadsLeft=0
  t=15, time=9e-05
t=16 s=0 threadsLeft=5
t=16 s=1 threadsLeft=4
t=16 s=3 threadsLeft=3
t=16 s=2 threadsLeft=2
t=16 s=4 threadsLeft=1
t=16 s=14 threadsLeft=0
  t=16, time=8.6e-05
t=17 s=0 threadsLeft=4
t=17 s=3 threadsLeft=3
t=17 s=4 threadsLeft=2
t=17 s=1 threadsLeft=1
t=17 s=15 threadsLeft=0
  t=17, time=7.1e-05
t=18 s=0 threadsLeft=5
t=18 s=4 threadsLeft=4
t=18 s=2 threadsLeft=3
t=18 s=5 threadsLeft=2
t=18 s=1 threadsLeft=1
t=18 s=16 threadsLeft=0
  t=18, time=0.000153
t=19 s=5 threadsLeft=5
t=19 s=1 threadsLeft=4
t=19 s=6 threadsLeft=3
t=19 s=2 threadsLeft=2
t=19 s=3 threadsLeft=1
t=19 s=17 threadsLeft=0
  t=19, time=0.000125
t=20 s=2 threadsLeft=7
t=20 s=0 threadsLeft=6
t=20 s=4 threadsLeft=5
t=20 s=3 threadsLeft=4
t=20 s=6 threadsLeft=3
t=20 s=1 threadsLeft=2
t=20 s=5 threadsLeft=1
t=20 s=18 threadsLeft=0
  t=20, time=0.00017
t=21 s=1 threadsLeft=7
t=21 s=4 threadsLeft=6
t=21 s=5 threadsLeft=5
t=21 s=3 threadsLeft=4
t=21 s=2 threadsLeft=3
t=21 s=7 threadsLeft=2
t=21 s=6 threadsLeft=1
t=21 s=19 threadsLeft=0
  t=21, time=0.00014
t=22 s=0 threadsLeft=7
t=22 s=3 threadsLeft=6
t=22 s=4 threadsLeft=5
t=22 s=1 threadsLeft=4
t=22 s=5 threadsLeft=3
t=22 s=8 threadsLeft=2
t=22 s=2 threadsLeft=1
t=22 s=20 threadsLeft=0
  t=22, time=0.000154
t=23 s=0 threadsLeft=8
t=23 s=4 threadsLeft=7
t=23 s=5 threadsLeft=6
t=23 s=6 threadsLeft=5
t=23 s=9 threadsLeft=4
t=23 s=21 threadsLeft=3
t=23 s=1 threadsLeft=2
t=23 s=3 threadsLeft=1
t=23 s=2 threadsLeft=0
  t=23, time=0.000189
t=24 s=0 threadsLeft=9
t=24 s=1 threadsLeft=8
t=24 s=4 threadsLeft=7
t=24 s=3 threadsLeft=6
t=24 s=7 threadsLeft=5
t=24 s=10 threadsLeft=4
t=24 s=22 threadsLeft=3
t=24 s=2 threadsLeft=2
t=24 s=6 threadsLeft=1
t=24 s=5 threadsLeft=0
  t=24, time=0.000189
t=25 s=0 threadsLeft=9
t=25 s=4 threadsLeft=8
t=25 s=3 threadsLeft=7
t=25 s=5 threadsLeft=6
t=25 s=1 threadsLeft=5
t=25 s=7 threadsLeft=4
t=25 s=6 threadsLeft=3
t=25 s=11 threadsLeft=2
t=25 s=2 threadsLeft=1
t=25 s=23 threadsLeft=0
  t=25, time=0.000191
t=26 s=0 threadsLeft=10
t=26 s=3 threadsLeft=9
t=26 s=7 threadsLeft=8
t=26 s=4 threadsLeft=7
t=26 s=5 threadsLeft=6
t=26 s=8 threadsLeft=5
t=26 s=6 threadsLeft=4
t=26 s=1 threadsLeft=3
t=26 s=12 threadsLeft=2
t=26 s=24 threadsLeft=1
t=26 s=2 threadsLeft=0
  t=26, time=0.000202
t=27 s=0 threadsLeft=11
t=27 s=3 threadsLeft=10
t=27 s=5 threadsLeft=9
t=27 s=4 threadsLeft=8
t=27 s=2 threadsLeft=7
t=27 s=7 threadsLeft=6
t=27 s=1 threadsLeft=5
t=27 s=8 threadsLeft=4
t=27 s=9 threadsLeft=3
t=27 s=13 threadsLeft=2
t=27 s=25 threadsLeft=1
t=27 s=6 threadsLeft=0
  t=27, time=0.000225
t=28 s=4 threadsLeft=11
t=28 s=5 threadsLeft=10
t=28 s=6 threadsLeft=9
t=28 s=7 threadsLeft=8
t=28 s=0 threadsLeft=7
t=28 s=8 threadsLeft=6
t=28 s=2 threadsLeft=5
t=28 s=10 threadsLeft=4
t=28 s=3 threadsLeft=3
t=28 s=14 threadsLeft=2
t=28 s=26 threadsLeft=1
t=28 s=1 threadsLeft=0
  t=28, time=0.000238
t=29 s=0 threadsLeft=10
t=29 s=6 threadsLeft=9
t=29 s=3 threadsLeft=8
t=29 s=7 threadsLeft=7
t=29 s=15 threadsLeft=6
t=29 s=8 threadsLeft=5
t=29 s=27 threadsLeft=4
t=29 s=4 threadsLeft=3
t=29 s=11 threadsLeft=2
t=29 s=1 threadsLeft=1
t=29 s=2 threadsLeft=0
  t=29, time=0.000263
t=30 s=0 threadsLeft=12
t=30 s=3 threadsLeft=11
t=30 s=4 threadsLeft=10
t=30 s=7 threadsLeft=9
t=30 s=9 threadsLeft=8
t=30 s=8 threadsLeft=7
t=30 s=16 threadsLeft=6
t=30 s=1 threadsLeft=5
t=30 s=6 threadsLeft=4
t=30 s=12 threadsLeft=3
t=30 s=5 threadsLeft=2
t=30 s=28 threadsLeft=1
t=30 s=2 threadsLeft=0
  t=30, time=0.000263
t=31 s=0 threadsLeft=13
t=31 s=7 threadsLeft=12
t=31 s=8 threadsLeft=11
t=31 s=4 threadsLeft=10
t=31 s=9 threadsLeft=9
t=31 s=5 threadsLeft=8
t=31 s=13 threadsLeft=7
t=31 s=10 threadsLeft=6
t=31 s=6 threadsLeft=5
t=31 s=1 threadsLeft=4
t=31 s=3 threadsLeft=3
t=31 s=17 threadsLeft=2
t=31 s=29 threadsLeft=1
t=31 s=2 threadsLeft=0
  t=31, time=0.000295
gb.dim_Ext()=197
gb.dim_Gb()=289
[38;2;000;128;000mTime: 0.077977s (2025-11-03 17:07:47)
[0m  t=1, time=2e-05
  t=2, time=3e-06
  t=3, time=1e-06
  t=4, time=2e-06
  t=5, time=0
  t=6, time=2e-06
  t=7, time=1e-06
  t=8, time=4e-06
  t=9, time=2e-06
  t=10, time=1e-06
  t=11, time=2e-06
  t=12, time=1e-06
  t=13, time=1e-06
  t=14, time=1e-06
  t=15, time=1e-06
  t=16, time=2e-06
  t=17, time=1e-06
  t=18, time=1e-06
  t=19, time=1e-06
  t=20, time=1e-06
  t=21, time=4e-06
  t=22, time=4e-06
  t=23, time=3e-06
  t=24, time=2e-06
  t=25, time=4e-06
  t=26, time=2e-06
  t=27, time=2e-06
  t=28, time=2e-06
  t=29, time=4e-06
  t=30, time=4e-06
  t=31, time=7e-06
gb.dim_Ext()=197
gb.dim_Gb()=289
[38;2;000;128;000mTime: 0.05897s (2025-11-04 11:48:43)
[0m  t=1, time=0.000233
t=2 s=0 threadsLeft=0
  t=2, time=4.1e-05
t=3 s=0 threadsLeft=1
t=3 s=1 threadsLeft=0
  t=3, time=3.9e-05
t=4 s=0 threadsLeft=1
t=4 s=2 threadsLeft=0
  t=4, time=4.5e-05
t=5 s=0 threadsLeft=1
t=5 s=3 threadsLeft=0
  t=5, time=4.4e-05
t=6 s=0 threadsLeft=2
t=6 s=1 threadsLeft=1
t=6 s=4 threadsLeft=0
  t=6, time=5.4e-05
t=7 s=0 threadsLeft=3
t=7 s=1 threadsLeft=2
t=7 s=2 threadsLeft=1
t=7 s=5 threadsLeft=0
  t=7, time=7e-05
t=8 s=0 threadsLeft=3
t=8 s=1 threadsLeft=2
t=8 s=2 threadsLeft=1
t=8 s=6 threadsLeft=0
  t=8, time=5.3e-05
t=9 s=1 threadsLeft=3
t=9 s=0 threadsLeft=2
t=9 s=2 threadsLeft=1
t=9 s=7 threadsLeft=0
  t=9, time=7e-05
t=10 s=0 threadsLeft=2
t=10 s=1 threadsLeft=1
t=10 s=8 threadsLeft=0
  t=10, time=4.4e-05
t=11 s=2 threadsLeft=2
t=11 s=1 threadsLeft=1
t=11 s=9 threadsLeft=0
  t=11, time=6.7e-05
t=12 s=0 threadsLeft=4
t=12 s=1 threadsLeft=3
t=12 s=2 threadsLeft=2
t=12 s=3 threadsLeft=1
t=12 s=10 threadsLeft=0
  t=12, time=7e-05
t=13 s=1 threadsLeft=3
t=13 s=2 threadsLeft=2
t=13 s=3 threadsLeft=1
t=13 s=11 threadsLeft=0
  t=13, time=6.6e-05
t=14 s=0 threadsLeft=4
t=14 s=2 threadsLeft=3
t=14 s=1 threadsLeft=2
t=14 s=3 threadsLeft=1
t=14 s=12 threadsLeft=0
  t=14, time=7.2e-05
t=15 s=0 threadsLeft=5
t=15 s=1 threadsLeft=4
t=15 s=2 threadsLeft=3
t=15 s=3 threadsLeft=2
t=15 s=4 threadsLeft=1
t=15 s=13 threadsLeft=0
  t=15, time=9.1e-05
t=16 s=0 threadsLeft=5
t=16 s=1 threadsLeft=4
t=16 s=3 threadsLeft=3
t=16 s=2 threadsLeft=2
t=16 s=4 threadsLeft=1
t=16 s=14 threadsLeft=0
  t=16, time=8.8e-05
t=17 s=0 threadsLeft=4
t=17 s=3 threadsLeft=3
t=17 s=4 threadsLeft=2
t=17 s=1 threadsLeft=1
t=17 s=15 threadsLeft=0
  t=17, time=8.4e-05
t=18 s=0 threadsLeft=5
t=18 s=4 threadsLeft=4
t=18 s=1 threadsLeft=3
t=18 s=2 threadsLeft=2
t=18 s=5 threadsLeft=1
t=18 s=16 threadsLeft=0
  t=18, time=0.000138
t=19 s=5 threadsLeft=5
t=19 s=3 threadsLeft=4
t=19 s=2 threadsLeft=3
t=19 s=1 threadsLeft=2
t=19 s=6 threadsLeft=1
t=19 s=17 threadsLeft=0
  t=19, time=0.000107
t=20 s=0 threadsLeft=7
t=20 s=2 threadsLeft=6
t=20 s=3 threadsLeft=5
t=20 s=1 threadsLeft=4
t=20 s=4 threadsLeft=3
t=20 s=5 threadsLeft=2
t=20 s=6 threadsLeft=1
t=20 s=18 threadsLeft=0
  t=20, time=0.000137
t=21 s=3 threadsLeft=7
t=21 s=2 threadsLeft=6
t=21 s=1 threadsLeft=5
t=21 s=4 threadsLeft=4
t=21 s=5 threadsLeft=3
t=21 s=6 threadsLeft=2
t=21 s=7 threadsLeft=1
t=21 s=19 threadsLeft=0
  t=21, time=0.000137
t=22 s=0 threadsLeft=7
t=22 s=3 threadsLeft=6
t=22 s=4 threadsLeft=5
t=22 s=8 threadsLeft=4
t=22 s=5 threadsLeft=3
t=22 s=1 threadsLeft=2
t=22 s=2 threadsLeft=1
t=22 s=20 threadsLeft=0
  t=22, time=0.000172
t=23 s=0 threadsLeft=8
t=23 s=1 threadsLeft=7
t=23 s=3 threadsLeft=6
t=23 s=4 threadsLeft=5
t=23 s=2 threadsLeft=4
t=23 s=6 threadsLeft=3
t=23 s=9 threadsLeft=2
t=23 s=21 threadsLeft=1
t=23 s=5 threadsLeft=0
  t=23, time=0.000197
t=24 s=0 threadsLeft=9
t=24 s=1 threadsLeft=8
t=24 s=4 threadsLeft=7
t=24 s=3 threadsLeft=6
t=24 s=6 threadsLeft=5
t=24 s=10 threadsLeft=4
t=24 s=22 threadsLeft=3
t=24 s=2 threadsLeft=2
t=24 s=5 threadsLeft=1
t=24 s=7 threadsLeft=0
  t=24, time=0.000197
t=25 s=0 threadsLeft=9
t=25 s=4 threadsLeft=8
t=25 s=3 threadsLeft=7
t=25 s=1 threadsLeft=6
t=25 s=7 threadsLeft=5
t=25 s=11 threadsLeft=4
t=25 s=2 threadsLeft=3
t=25 s=23 threadsLeft=2
t=25 s=5 threadsLeft=1
t=25 s=6 threadsLeft=0
  t=25, time=0.000228
t=26 s=0 threadsLeft=10
t=26 s=3 threadsLeft=9
t=26 s=1 threadsLeft=8
t=26 s=4 threadsLeft=7
t=26 s=5 threadsLeft=6
t=26 s=6 threadsLeft=5
t=26 s=8 threadsLeft=4
t=26 s=12 threadsLeft=3
t=26 s=7 threadsLeft=2
t=26 s=24 threadsLeft=1
t=26 s=2 threadsLeft=0
  t=26, time=0.000214
t=27 s=0 threadsLeft=11
t=27 s=3 threadsLeft=10
t=27 s=4 threadsLeft=9
t=27 s=7 threadsLeft=8
t=27 s=2 threadsLeft=7
t=27 s=8 threadsLeft=6
t=27 s=1 threadsLeft=5
t=27 s=5 threadsLeft=4
t=27 s=6 threadsLeft=3
t=27 s=13 threadsLeft=2
t=27 s=9 threadsLeft=1
t=27 s=25 threadsLeft=0
  t=27, time=0.000228
t=28 s=0 threadsLeft=11
t=28 s=4 threadsLeft=10
t=28 s=3 threadsLeft=9
t=28 s=6 threadsLeft=8
t=28 s=2 threadsLeft=7
t=28 s=7 threadsLeft=6
t=28 s=8 threadsLeft=5
t=28 s=26 threadsLeft=4
t=28 s=5 threadsLeft=3
t=28 s=10 threadsLeft=2
t=28 s=14 threadsLeft=1
t=28 s=1 threadsLeft=0
  t=28, time=0.00026
t=29 s=0 threadsLeft=10
t=29 s=6 threadsLeft=9
t=29 s=3 threadsLeft=8
t=29 s=7 threadsLeft=7
t=29 s=11 threadsLeft=6
t=29 s=4 threadsLeft=5
t=29 s=27 threadsLeft=4
t=29 s=8 threadsLeft=3
t=29 s=15 threadsLeft=2
t=29 s=2 threadsLeft=1
t=29 s=1 threadsLeft=0
  t=29, time=0.000266
t=30 s=0 threadsLeft=12
t=30 s=3 threadsLeft=11
t=30 s=4 threadsLeft=10
t=30 s=7 threadsLeft=9
t=30 s=9 threadsLeft=8
t=30 s=8 threadsLeft=7
t=30 s=12 threadsLeft=6
t=30 s=6 threadsLeft=5
t=30 s=16 threadsLeft=4
t=30 s=5 threadsLeft=3
t=30 s=1 threadsLeft=2
t=30 s=28 threadsLeft=1
t=30 s=2 threadsLeft=0
  t=30, time=0.00028
t=31 s=0 threadsLeft=13
t=31 s=4 threadsLeft=12
t=31 s=3 threadsLeft=11
t=31 s=8 threadsLeft=10
t=31 s=10 threadsLeft=9
t=31 s=7 threadsLeft=8
t=31 s=1 threadsLeft=7
t=31 s=13 threadsLeft=6
t=31 s=6 threadsLeft=5
t=31 s=17 threadsLeft=4
t=31 s=5 threadsLeft=3
t=31 s=9 threadsLeft=2
t=31 s=29 threadsLeft=1
t=31 s=2 threadsLeft=0
  t=31, time=0.000289
gb.dim_Ext()=197
gb.dim_Gb()=289
[38;2;000;128;000mTime: 0.067817s (2025-11-04 12:07:20)
[0m  t=1, time=0.000277
t=2 s=0 threadsLeft=0
  t=2, time=3.2e-05
t=3 s=1 threadsLeft=1
t=3 s=0 threadsLeft=0
  t=3, time=5.1e-05
t=4 s=2 threadsLeft=1
t=4 s=0 threadsLeft=0
  t=4, time=4.6e-05
t=5 s=0 threadsLeft=1
t=5 s=3 threadsLeft=0
  t=5, time=4.7e-05
t=6 s=0 threadsLeft=2
t=6 s=1 threadsLeft=1
t=6 s=4 threadsLeft=0
  t=6, time=3.1e-05
t=7 s=0 threadsLeft=3
t=7 s=1 threadsLeft=2
t=7 s=2 threadsLeft=1
t=7 s=5 threadsLeft=0
  t=7, time=5e-05
t=8 s=0 threadsLeft=3
t=8 s=2 threadsLeft=2
t=8 s=1 threadsLeft=1
t=8 s=6 threadsLeft=0
  t=8, time=5.7e-05
t=9 s=0 threadsLeft=3
t=9 s=1 threadsLeft=2
t=9 s=2 threadsLeft=1
t=9 s=7 threadsLeft=0
  t=9, time=5.6e-05
t=10 s=0 threadsLeft=2
t=10 s=1 threadsLeft=1
t=10 s=8 threadsLeft=0
  t=10, time=5.7e-05
t=11 s=1 threadsLeft=2
t=11 s=2 threadsLeft=1
t=11 s=9 threadsLeft=0
  t=11, time=6e-05
t=12 s=0 threadsLeft=4
t=12 s=1 threadsLeft=3
t=12 s=2 threadsLeft=2
t=12 s=3 threadsLeft=1
t=12 s=10 threadsLeft=0
  t=12, time=6.4e-05
t=13 s=1 threadsLeft=3
t=13 s=2 threadsLeft=2
t=13 s=3 threadsLeft=1
t=13 s=11 threadsLeft=0
  t=13, time=5.8e-05
t=14 s=0 threadsLeft=4
t=14 s=2 threadsLeft=3
t=14 s=1 threadsLeft=2
t=14 s=12 threadsLeft=1
t=14 s=3 threadsLeft=0
  t=14, time=6.9e-05
t=15 s=0 threadsLeft=5
t=15 s=1 threadsLeft=4
t=15 s=2 threadsLeft=3
t=15 s=3 threadsLeft=2
t=15 s=4 threadsLeft=1
t=15 s=13 threadsLeft=0
  t=15, time=7.9e-05
t=16 s=0 threadsLeft=5
t=16 s=1 threadsLeft=4
t=16 s=3 threadsLeft=3
t=16 s=2 threadsLeft=2
t=16 s=4 threadsLeft=1
t=16 s=14 threadsLeft=0
  t=16, time=8.9e-05
t=17 s=0 threadsLeft=4
t=17 s=3 threadsLeft=3
t=17 s=1 threadsLeft=2
t=17 s=4 threadsLeft=1
t=17 s=15 threadsLeft=0
  t=17, time=7.5e-05
t=18 s=0 threadsLeft=5
t=18 s=1 threadsLeft=4
t=18 s=2 threadsLeft=3
t=18 s=4 threadsLeft=2
t=18 s=5 threadsLeft=1
t=18 s=16 threadsLeft=0
  t=18, time=9e-05
t=19 s=3 threadsLeft=5
t=19 s=2 threadsLeft=4
t=19 s=5 threadsLeft=3
t=19 s=6 threadsLeft=2
t=19 s=1 threadsLeft=1
t=19 s=17 threadsLeft=0
  t=19, time=0.00011
t=20 s=0 threadsLeft=7
t=20 s=2 threadsLeft=6
t=20 s=3 threadsLeft=5
t=20 s=1 threadsLeft=4
t=20 s=4 threadsLeft=3
t=20 s=5 threadsLeft=2
t=20 s=18 threadsLeft=1
t=20 s=6 threadsLeft=0
  t=20, time=0.000166
t=21 s=3 threadsLeft=7
t=21 s=2 threadsLeft=6
t=21 s=1 threadsLeft=5
t=21 s=6 threadsLeft=4
t=21 s=4 threadsLeft=3
t=21 s=7 threadsLeft=2
t=21 s=5 threadsLeft=1
t=21 s=19 threadsLeft=0
  t=21, time=0.000154
t=22 s=0 threadsLeft=7
t=22 s=3 threadsLeft=6
t=22 s=4 threadsLeft=5
t=22 s=8 threadsLeft=4
t=22 s=1 threadsLeft=3
t=22 s=5 threadsLeft=2
t=22 s=20 threadsLeft=1
t=22 s=2 threadsLeft=0
  t=22, time=0.000148
t=23 s=0 threadsLeft=8
t=23 s=1 threadsLeft=7
t=23 s=4 threadsLeft=6
t=23 s=3 threadsLeft=5
t=23 s=6 threadsLeft=4
t=23 s=2 threadsLeft=3
t=23 s=21 threadsLeft=2
t=23 s=5 threadsLeft=1
t=23 s=9 threadsLeft=0
  t=23, time=0.000177
t=24 s=0 threadsLeft=9
t=24 s=1 threadsLeft=8
t=24 s=4 threadsLeft=7
t=24 s=3 threadsLeft=6
t=24 s=6 threadsLeft=5
t=24 s=10 threadsLeft=4
t=24 s=5 threadsLeft=3
t=24 s=7 threadsLeft=2
t=24 s=22 threadsLeft=1
t=24 s=2 threadsLeft=0
  t=24, time=0.00018
t=25 s=0 threadsLeft=9
t=25 s=4 threadsLeft=8
t=25 s=3 threadsLeft=7
t=25 s=2 threadsLeft=6
t=25 s=1 threadsLeft=5
t=25 s=23 threadsLeft=4
t=25 s=6 threadsLeft=3
t=25 s=5 threadsLeft=2
t=25 s=11 threadsLeft=1
t=25 s=7 threadsLeft=0
  t=25, time=0.000226
t=26 s=0 threadsLeft=10
t=26 s=3 threadsLeft=9
t=26 s=4 threadsLeft=8
t=26 s=6 threadsLeft=7
t=26 s=1 threadsLeft=6
t=26 s=8 threadsLeft=5
t=26 s=5 threadsLeft=4
t=26 s=12 threadsLeft=3
t=26 s=24 threadsLeft=2
t=26 s=7 threadsLeft=1
t=26 s=2 threadsLeft=0
  t=26, time=0.000208
t=27 s=0 threadsLeft=11
t=27 s=3 threadsLeft=10
t=27 s=4 threadsLeft=9
t=27 s=5 threadsLeft=8
t=27 s=2 threadsLeft=7
t=27 s=8 threadsLeft=6
t=27 s=1 threadsLeft=5
t=27 s=9 threadsLeft=4
t=27 s=7 threadsLeft=3
t=27 s=13 threadsLeft=2
t=27 s=25 threadsLeft=1
t=27 s=6 threadsLeft=0
  t=27, time=0.000201
t=28 s=0 threadsLeft=11
t=28 s=4 threadsLeft=10
t=28 s=3 threadsLeft=9
t=28 s=6 threadsLeft=8
t=28 s=2 threadsLeft=7
t=28 s=8 threadsLeft=6
t=28 s=7 threadsLeft=5
t=28 s=14 threadsLeft=4
t=28 s=5 threadsLeft=3
t=28 s=26 threadsLeft=2
t=28 s=10 threadsLeft=1
t=28 s=1 threadsLeft=0
  t=28, time=0.000236
t=29 s=0 threadsLeft=10
t=29 s=6 threadsLeft=9
t=29 s=11 threadsLeft=8
t=29 s=8 threadsLeft=7
t=29 s=15 threadsLeft=6
t=29 s=7 threadsLeft=5
t=29 s=4 threadsLeft=4
t=29 s=27 threadsLeft=3
t=29 s=3 threadsLeft=2
t=29 s=1 threadsLeft=1
t=29 s=2 threadsLeft=0
  t=29, time=0.000267
t=30 s=0 threadsLeft=12
t=30 s=4 threadsLeft=11
t=30 s=3 threadsLeft=10
t=30 s=7 threadsLeft=9
t=30 s=9 threadsLeft=8
t=30 s=6 threadsLeft=7
t=30 s=12 threadsLeft=6
t=30 s=8 threadsLeft=5
t=30 s=16 threadsLeft=4
t=30 s=28 threadsLeft=3
t=30 s=5 threadsLeft=2
t=30 s=1 threadsLeft=1
t=30 s=2 threadsLeft=0
  t=30, time=0.000282
t=31 s=0 threadsLeft=13
t=31 s=4 threadsLeft=12
t=31 s=3 threadsLeft=11
t=31 s=8 threadsLeft=10
t=31 s=7 threadsLeft=9
t=31 s=17 threadsLeft=8
t=31 s=9 threadsLeft=7
t=31 s=5 threadsLeft=6
t=31 s=1 threadsLeft=5
t=31 s=10 threadsLeft=4
t=31 s=6 threadsLeft=3
t=31 s=2 threadsLeft=2
t=31 s=29 threadsLeft=1
t=31 s=13 threadsLeft=0
  t=31, time=0.000295
gb.dim_Ext()=197
gb.dim_Gb()=289
[38;2;000;128;000mTime: 0.078337s (2025-11-04 16:26:12)
[0m