t=0 s=0 time=8.9e-05
t=1 s=1 time=0.000366
t=2 s=2 time=0.000357
t=2 s=1 time=0.00033
t=3 s=3 time=0.000366
t=4 s=4 time=0.00039
t=4 s=2 time=0.000356
t=4 s=1 time=0.000348
t=5 s=5 time=0.000309
t=5 s=2 time=0.000378
t=6 s=6 time=0.000489
t=6 s=3 time=0.000455
t=7 s=7 time=0.000404
t=8 s=8 time=0.000383
t=8 s=2 time=0.000337
t=8 s=1 time=0.000319
t=9 s=9 time=0.000327
t=9 s=2 time=0.000325
t=10 s=10 time=0.00043
t=10 s=3 time=0.000377
t=10 s=2 time=0.000341
t=10 s=0 time=0.000238
t=11 s=11 time=0.000349
t=11 s=4 time=0.000457
t=11 s=3 time=0.000357
t=12 s=12 time=0.000326
t=12 s=3 time=0.000315
t=13 s=13 time=0.00037
t=13 s=4 time=0.00034
t=13 s=1 time=0.000371
t=14 s=14 time=0.000359
t=14 s=5 time=0.000294
t=14 s=2 time=0.000369
t=15 s=15 time=0.000427
t=15 s=3 time=0.000386
t=16 s=16 time=0.000338
t=16 s=6 time=0.000324
t=16 s=5 time=0.000291
t=16 s=4 time=0.000309
t=16 s=2 time=0.000462
t=16 s=1 time=0.000437
t=17 s=17 time=0.000383
t=17 s=6 time=0.000287
t=17 s=5 time=0.000335
t=17 s=3 time=0.000381
t=17 s=2 time=0.000398
t=18 s=18 time=0.000344
t=18 s=7 time=0.00033
t=18 s=6 time=0.000303
t=18 s=4 time=0.000317
t=18 s=3 time=0.00035
t=18 s=2 time=0.000376
t=19 s=19 time=0.000299
t=19 s=7 time=0.000296
t=19 s=5 time=0.000317
t=19 s=4 time=0.000326
t=19 s=3 time=0.000367
t=20 s=20 time=0.000306
t=20 s=8 time=0.000333
t=20 s=6 time=0.000305
t=20 s=5 time=0.000364
t=20 s=4 time=0.000386
t=20 s=3 time=0.000401
t=20 s=2 time=0.000344
t=21 s=21 time=0.000305
t=21 s=9 time=0.000318
t=21 s=6 time=0.000317
t=21 s=5 time=0.000339
t=21 s=4 time=0.000502
t=21 s=3 time=0.000421
t=21 s=1 time=0.000305
t=21 s=0 time=0.000247
t=22 s=22 time=0.000319
t=22 s=10 time=0.000355
t=22 s=7 time=0.00032
t=22 s=6 time=0.000376
t=22 s=5 time=0.000357
t=22 s=4 time=0.000429
t=22 s=3 time=0.000341
t=22 s=2 time=0.000333
t=22 s=1 time=0.000345
t=22 s=0 time=0.000239
t=23 s=23 time=0.000284
t=23 s=11 time=0.0003
t=23 s=8 time=0.000313
t=23 s=7 time=0.000372
t=23 s=6 time=0.000355
t=23 s=5 time=0.000337
t=23 s=3 time=0.000366
t=23 s=2 time=0.000383
t=24 s=24 time=0.000353
t=24 s=12 time=0.000329
t=24 s=8 time=0.000343
t=24 s=7 time=0.000408
t=24 s=4 time=0.000468
t=24 s=3 time=0.000473
t=24 s=0 time=0.000267
t=25 s=25 time=0.000305
t=25 s=13 time=0.000389
t=25 s=9 time=0.000334
t=25 s=8 time=0.000338
t=25 s=5 time=0.000469
t=25 s=4 time=0.000375
t=25 s=1 time=0.000371
t=25 s=0 time=0.000246
t=26 s=26 time=0.000311
t=26 s=14 time=0.000329
t=26 s=10 time=0.000363
t=26 s=9 time=0.000334
t=26 s=6 time=0.000512
t=26 s=5 time=0.000503
t=26 s=4 time=0.000435
t=26 s=2 time=0.000447
t=26 s=1 time=0.000409
t=26 s=0 time=0.000264
t=27 s=27 time=0.000296
t=27 s=15 time=0.000315
t=27 s=11 time=0.000418
t=27 s=7 time=0.000473
t=27 s=6 time=0.00042
t=27 s=4 time=0.000402
t=27 s=3 time=0.000492
t=27 s=2 time=0.000526
t=27 s=0 time=0.000286
t=28 s=28 time=0.000341
t=28 s=16 time=0.000304
t=28 s=12 time=0.00033
t=28 s=10 time=0.000327
t=28 s=9 time=0.000363
t=28 s=8 time=0.000426
t=28 s=7 time=0.000426
t=28 s=5 time=0.000408
t=28 s=4 time=0.000463
t=28 s=3 time=0.000527
t=28 s=2 time=0.000448
t=28 s=0 time=0.000277
t=29 s=29 time=0.000357
t=29 s=17 time=0.000454
t=29 s=13 time=0.000415
t=29 s=10 time=0.000346
t=29 s=9 time=0.000446
t=29 s=8 time=0.000455
t=29 s=6 time=0.00045
t=29 s=5 time=0.000557
t=29 s=3 time=0.000529
t=29 s=2 time=0.000518
t=29 s=1 time=0.000445
t=29 s=0 time=0.000307
t=30 s=30 time=0.000347
t=30 s=18 time=0.000342
t=30 s=14 time=0.000349
t=30 s=11 time=0.000373
t=30 s=10 time=0.000503
t=30 s=9 time=0.000551
t=30 s=8 time=0.000461
t=30 s=7 time=0.000419
t=30 s=6 time=0.000593
t=30 s=4 time=0.00056
t=30 s=3 time=0.000754
t=30 s=2 time=0.000541
t=30 s=0 time=0.000285
t=31 s=31 time=0.000333
t=31 s=19 time=0.000341
t=31 s=15 time=0.000365
t=31 s=11 time=0.000433
t=31 s=10 time=0.000516
t=31 s=9 time=0.000469
t=31 s=8 time=0.000429
t=31 s=7 time=0.000593
t=31 s=4 time=0.000572
t=31 s=3 time=0.000643
[38;2;000;128;000mTime: 0.071779s (2025-10-29 20:48:30)
[0mt=0 s=0 time=0.000101
t=1 s=1 time=0.000387
t=2 s=2 time=0.000382
t=2 s=1 time=0.000414
t=3 s=3 time=0.000449
t=4 s=4 time=0.000477
t=4 s=2 time=0.00044
t=4 s=1 time=0.000385
t=5 s=5 time=0.000411
t=5 s=2 time=0.000372
t=6 s=6 time=0.000356
t=6 s=3 time=0.000282
t=7 s=7 time=0.000279
t=8 s=8 time=0.000294
t=8 s=2 time=0.000308
t=8 s=1 time=0.000288
t=9 s=9 time=0.000291
t=9 s=2 time=0.000327
t=10 s=10 time=0.000285
t=10 s=3 time=0.000274
t=10 s=2 time=0.00026
t=10 s=0 time=0.000251
t=11 s=11 time=0.000269
t=11 s=4 time=0.000266
t=11 s=3 time=0.00031
t=12 s=12 time=0.000297
t=12 s=3 time=0.000297
t=13 s=13 time=0.000296
t=13 s=4 time=0.000284
t=13 s=1 time=0.000277
t=14 s=14 time=0.000282
t=14 s=5 time=0.000282
t=14 s=2 time=0.000312
t=15 s=15 time=0.000277
t=15 s=3 time=0.000292
t=16 s=16 time=0.000268
t=16 s=6 time=0.000267
t=16 s=5 time=0.000286
t=16 s=4 time=0.000342
t=16 s=2 time=0.000331
t=16 s=1 time=0.000288
t=17 s=17 time=0.000392
t=17 s=6 time=0.000303
t=17 s=5 time=0.000357
t=17 s=3 time=0.000479
t=17 s=2 time=0.000524
t=18 s=18 time=0.000468
t=18 s=7 time=0.000421
t=18 s=6 time=0.000325
t=18 s=4 time=0.000326
t=18 s=3 time=0.000313
t=18 s=2 time=0.000372
t=19 s=19 time=0.000349
t=19 s=7 time=0.000355
t=19 s=5 time=0.000322
t=19 s=4 time=0.000328
t=19 s=3 time=0.000375
t=20 s=20 time=0.000362
t=20 s=8 time=0.000313
t=20 s=6 time=0.000308
t=20 s=5 time=0.000338
t=20 s=4 time=0.000323
t=20 s=3 time=0.000354
t=20 s=2 time=0.000316
t=21 s=21 time=0.000295
t=21 s=9 time=0.000309
t=21 s=6 time=0.000347
t=21 s=5 time=0.000524
t=21 s=4 time=0.000416
t=21 s=3 time=0.000449
t=21 s=1 time=0.000412
t=21 s=0 time=0.000348
t=22 s=22 time=0.0004
t=22 s=10 time=0.000389
t=22 s=7 time=0.000292
t=22 s=6 time=0.000336
t=22 s=5 time=0.000348
t=22 s=4 time=0.00047
t=22 s=3 time=0.000438
t=22 s=2 time=0.000432
t=22 s=1 time=0.000586
t=22 s=0 time=0.001252
t=23 s=23 time=0.000285
t=23 s=11 time=0.000307
t=23 s=8 time=0.000328
t=23 s=7 time=0.000368
t=23 s=6 time=0.000383
t=23 s=5 time=0.000411
t=23 s=3 time=0.000455
t=23 s=2 time=0.000435
t=24 s=24 time=0.000333
t=24 s=12 time=0.000649
t=24 s=8 time=0.000339
t=24 s=7 time=0.000333
t=24 s=4 time=0.00039
t=24 s=3 time=0.000444
t=24 s=0 time=0.000299
t=25 s=25 time=0.000333
t=25 s=13 time=0.000317
t=25 s=9 time=0.000345
t=25 s=8 time=0.000357
t=25 s=5 time=0.000438
t=25 s=4 time=0.000446
t=25 s=1 time=0.000338
t=25 s=0 time=0.000256
t=26 s=26 time=0.000292
t=26 s=14 time=0.000317
t=26 s=10 time=0.000313
t=26 s=9 time=0.000369
t=26 s=6 time=0.000597
t=26 s=5 time=0.000558
t=26 s=4 time=0.000478
t=26 s=2 time=0.000407
t=26 s=1 time=0.000368
t=26 s=0 time=0.000269
t=27 s=27 time=0.000338
t=27 s=15 time=0.000341
t=27 s=11 time=0.00034
t=27 s=7 time=0.000411
t=27 s=6 time=0.00044
t=27 s=4 time=0.000404
t=27 s=3 time=0.000441
t=27 s=2 time=0.000413
t=27 s=0 time=0.00027
t=28 s=28 time=0.000304
t=28 s=16 time=0.000355
t=28 s=12 time=0.000368
t=28 s=10 time=0.000348
t=28 s=9 time=0.000358
t=28 s=8 time=0.000458
t=28 s=7 time=0.000427
t=28 s=5 time=0.000433
t=28 s=4 time=0.00052
t=28 s=3 time=0.000585
t=28 s=2 time=0.000479
t=28 s=0 time=0.000272
t=29 s=29 time=0.000289
t=29 s=17 time=0.000333
t=29 s=13 time=0.000406
t=29 s=10 time=0.000531
t=29 s=9 time=0.000546
t=29 s=8 time=0.000465
t=29 s=6 time=0.000419
t=29 s=5 time=0.00054
t=29 s=3 time=0.0005
t=29 s=2 time=0.000504
t=29 s=1 time=0.000442
t=29 s=0 time=0.000258
t=30 s=30 time=0.000294
t=30 s=18 time=0.000306
t=30 s=14 time=0.000352
t=30 s=11 time=0.000434
t=30 s=10 time=0.000571
t=30 s=9 time=0.000549
t=30 s=8 time=0.000514
t=30 s=7 time=0.000409
t=30 s=6 time=0.000543
t=30 s=4 time=0.000514
t=30 s=3 time=0.000864
t=30 s=2 time=0.000538
t=30 s=0 time=0.000305
t=31 s=31 time=0.000348
t=31 s=19 time=0.000339
t=31 s=15 time=0.000341
t=31 s=11 time=0.000414
t=31 s=10 time=0.0004
t=31 s=9 time=0.000462
t=31 s=8 time=0.000451
t=31 s=7 time=0.000601
t=31 s=4 time=0.000523
t=31 s=3 time=0.000674
[38;2;000;128;000mTime: 0.083617s (2025-11-03 16:53:01)
[0mt=0 s=0 time=9.3e-05
t=1 s=1 time=0.000407
t=2 s=2 time=0.000329
t=2 s=1 time=0.00029
t=3 s=3 time=0.000302
t=4 s=4 time=0.00032
t=4 s=2 time=0.000283
t=4 s=1 time=0.000265
t=5 s=5 time=0.000312
t=5 s=2 time=0.000319
t=6 s=6 time=0.000316
t=6 s=3 time=0.000285
t=7 s=7 time=0.000319
t=8 s=8 time=0.0004
t=8 s=2 time=0.000388
t=8 s=1 time=0.000342
t=9 s=9 time=0.000373
t=9 s=2 time=0.000349
t=10 s=10 time=0.000268
t=10 s=3 time=0.000298
t=10 s=2 time=0.000358
t=10 s=0 time=0.000398
t=11 s=11 time=0.000388
t=11 s=4 time=0.000371
t=11 s=3 time=0.00043
t=12 s=12 time=0.000391
t=12 s=3 time=0.000418
t=13 s=13 time=0.000307
t=13 s=4 time=0.0003
t=13 s=1 time=0.000289
t=14 s=14 time=0.000396
t=14 s=5 time=0.000398
t=14 s=2 time=0.000397
t=15 s=15 time=0.000348
t=15 s=3 time=0.000299
t=16 s=16 time=0.000377
t=16 s=6 time=0.000395
t=16 s=5 time=0.000376
t=16 s=4 time=0.000429
t=16 s=2 time=0.000415
t=16 s=1 time=0.000395
t=17 s=17 time=0.000395
t=17 s=6 time=0.000346
t=17 s=5 time=0.000362
t=17 s=3 time=0.000388
t=17 s=2 time=0.000374
t=18 s=18 time=0.000385
t=18 s=7 time=0.000517
t=18 s=6 time=0.000506
t=18 s=4 time=0.00045
t=18 s=3 time=0.000416
t=18 s=2 time=0.000444
t=19 s=19 time=0.000284
t=19 s=7 time=0.000294
t=19 s=5 time=0.000329
t=19 s=4 time=0.000307
t=19 s=3 time=0.000318
t=20 s=20 time=0.000271
t=20 s=8 time=0.000367
t=20 s=6 time=0.000413
t=20 s=5 time=0.000457
t=20 s=4 time=0.00046
t=20 s=3 time=0.00037
t=20 s=2 time=0.000301
t=21 s=21 time=0.00028
t=21 s=9 time=0.000282
t=21 s=6 time=0.000328
t=21 s=5 time=0.000332
t=21 s=4 time=0.000433
t=21 s=3 time=0.000422
t=21 s=1 time=0.000386
t=21 s=0 time=0.00029
t=22 s=22 time=0.000367
t=22 s=10 time=0.00031
t=22 s=7 time=0.000317
t=22 s=6 time=0.000365
t=22 s=5 time=0.000318
t=22 s=4 time=0.000398
t=22 s=3 time=0.000343
t=22 s=2 time=0.000307
t=22 s=1 time=0.000327
t=22 s=0 time=0.000227
t=23 s=23 time=0.000267
t=23 s=11 time=0.000303
t=23 s=8 time=0.000299
t=23 s=7 time=0.00038
t=23 s=6 time=0.000326
t=23 s=5 time=0.000343
t=23 s=3 time=0.000337
t=23 s=2 time=0.000362
t=24 s=24 time=0.000354
t=24 s=12 time=0.000339
t=24 s=8 time=0.000374
t=24 s=7 time=0.000366
t=24 s=4 time=0.000419
t=24 s=3 time=0.000483
t=24 s=0 time=0.000244
t=25 s=25 time=0.000273
t=25 s=13 time=0.000289
t=25 s=9 time=0.000312
t=25 s=8 time=0.000391
t=25 s=5 time=0.000525
t=25 s=4 time=0.000448
t=25 s=1 time=0.000487
t=25 s=0 time=0.000263
t=26 s=26 time=0.000302
t=26 s=14 time=0.000349
t=26 s=10 time=0.000303
t=26 s=9 time=0.000343
t=26 s=6 time=0.000466
t=26 s=5 time=0.000463
t=26 s=4 time=0.000439
t=26 s=2 time=0.000518
t=26 s=1 time=0.000494
t=26 s=0 time=0.000276
t=27 s=27 time=0.000304
t=27 s=15 time=0.000301
t=27 s=11 time=0.000335
t=27 s=7 time=0.000411
t=27 s=6 time=0.000386
t=27 s=4 time=0.000373
t=27 s=3 time=0.000437
t=27 s=2 time=0.000472
t=27 s=0 time=0.000362
t=28 s=28 time=0.000395
t=28 s=16 time=0.000428
t=28 s=12 time=0.000379
t=28 s=10 time=0.000332
t=28 s=9 time=0.000363
t=28 s=8 time=0.000409
t=28 s=7 time=0.000382
t=28 s=5 time=0.000379
t=28 s=4 time=0.00043
t=28 s=3 time=0.000454
t=28 s=2 time=0.000419
t=28 s=0 time=0.000238
t=29 s=29 time=0.000314
t=29 s=17 time=0.000323
t=29 s=13 time=0.000336
t=29 s=10 time=0.000355
t=29 s=9 time=0.000434
t=29 s=8 time=0.000517
t=29 s=6 time=0.000552
t=29 s=5 time=0.00059
t=29 s=3 time=0.000489
t=29 s=2 time=0.000495
t=29 s=1 time=0.000422
t=29 s=0 time=0.000255
t=30 s=30 time=0.000303
t=30 s=18 time=0.000316
t=30 s=14 time=0.000326
t=30 s=11 time=0.000368
t=30 s=10 time=0.000517
t=30 s=9 time=0.000578
t=30 s=8 time=0.000552
t=30 s=7 time=0.000578
t=30 s=6 time=0.000662
t=30 s=4 time=0.000553
t=30 s=3 time=0.000666
t=30 s=2 time=0.000561
t=30 s=0 time=0.00026
t=31 s=31 time=0.000322
t=31 s=19 time=0.000341
t=31 s=15 time=0.000335
t=31 s=11 time=0.00045
t=31 s=10 time=0.000418
t=31 s=9 time=0.000383
t=31 s=8 time=0.000405
t=31 s=7 time=0.000581
t=31 s=4 time=0.000509
t=31 s=3 time=0.000627
[38;2;000;128;000mTime: 0.068511s (2025-11-03 16:58:09)
[0mt=0 s=0 time=8.9e-05
t=1 s=1 time=0.000359
t=2 s=2 time=0.000345
t=2 s=1 time=0.000298
t=3 s=3 time=0.000364
t=4 s=4 time=0.000432
t=4 s=2 time=0.000296
t=4 s=1 time=0.000279
t=5 s=5 time=0.000276
t=5 s=2 time=0.000291
t=6 s=6 time=0.000296
t=6 s=3 time=0.000285
t=7 s=7 time=0.000308
t=8 s=8 time=0.000296
t=8 s=2 time=0.000266
t=8 s=1 time=0.000284
t=9 s=9 time=0.00028
t=9 s=2 time=0.000307
t=10 s=10 time=0.000354
t=10 s=3 time=0.000339
t=10 s=2 time=0.000291
t=10 s=0 time=0.000276
t=11 s=11 time=0.000305
t=11 s=4 time=0.000282
t=11 s=3 time=0.000287
t=12 s=12 time=0.000287
t=12 s=3 time=0.000283
t=13 s=13 time=0.000302
t=13 s=4 time=0.00028
t=13 s=1 time=0.000295
t=14 s=14 time=0.000375
t=14 s=5 time=0.000347
t=14 s=2 time=0.000369
t=15 s=15 time=0.000389
t=15 s=3 time=0.000477
t=16 s=16 time=0.000475
t=16 s=6 time=0.000324
t=16 s=5 time=0.000284
t=16 s=4 time=0.000333
t=16 s=2 time=0.000345
t=16 s=1 time=0.000297
t=17 s=17 time=0.00027
t=17 s=6 time=0.000276
t=17 s=5 time=0.000329
t=17 s=3 time=0.000296
t=17 s=2 time=0.000318
t=18 s=18 time=0.000285
t=18 s=7 time=0.00033
t=18 s=6 time=0.000424
t=18 s=4 time=0.000446
t=18 s=3 time=0.000331
t=18 s=2 time=0.000363
t=19 s=19 time=0.000358
t=19 s=7 time=0.000357
t=19 s=5 time=0.000369
t=19 s=4 time=0.000337
t=19 s=3 time=0.000331
t=20 s=20 time=0.000379
t=20 s=8 time=0.000371
t=20 s=6 time=0.000369
t=20 s=5 time=0.000421
t=20 s=4 time=0.000394
t=20 s=3 time=0.000441
t=20 s=2 time=0.000366
t=21 s=21 time=0.000347
t=21 s=9 time=0.000374
t=21 s=6 time=0.000398
t=21 s=5 time=0.000396
t=21 s=4 time=0.000381
t=21 s=3 time=0.000379
t=21 s=1 time=0.000407
t=21 s=0 time=0.00027
t=22 s=22 time=0.0003
t=22 s=10 time=0.000297
t=22 s=7 time=0.000301
t=22 s=6 time=0.000397
t=22 s=5 time=0.000327
t=22 s=4 time=0.000417
t=22 s=3 time=0.000334
t=22 s=2 time=0.000324
t=22 s=1 time=0.000325
t=22 s=0 time=0.000265
t=23 s=23 time=0.00032
t=23 s=11 time=0.000301
t=23 s=8 time=0.000297
t=23 s=7 time=0.000358
t=23 s=6 time=0.000308
t=23 s=5 time=0.000325
t=23 s=3 time=0.000336
t=23 s=2 time=0.000401
t=24 s=24 time=0.000337
t=24 s=12 time=0.000318
t=24 s=8 time=0.000371
t=24 s=7 time=0.000318
t=24 s=4 time=0.000391
t=24 s=3 time=0.00047
t=24 s=0 time=0.000241
t=25 s=25 time=0.000301
t=25 s=13 time=0.000294
t=25 s=9 time=0.000338
t=25 s=8 time=0.000324
t=25 s=5 time=0.000463
t=25 s=4 time=0.000379
t=25 s=1 time=0.000356
t=25 s=0 time=0.00025
t=26 s=26 time=0.000297
t=26 s=14 time=0.000311
t=26 s=10 time=0.000337
t=26 s=9 time=0.000364
t=26 s=6 time=0.000615
t=26 s=5 time=0.000502
t=26 s=4 time=0.000378
t=26 s=2 time=0.00045
t=26 s=1 time=0.000382
t=26 s=0 time=0.000276
t=27 s=27 time=0.000314
t=27 s=15 time=0.000318
t=27 s=11 time=0.000321
t=27 s=7 time=0.000399
t=27 s=6 time=0.000415
t=27 s=4 time=0.000429
t=27 s=3 time=0.000457
t=27 s=2 time=0.00043
t=27 s=0 time=0.00025
t=28 s=28 time=0.000284
t=28 s=16 time=0.000339
t=28 s=12 time=0.000437
t=28 s=10 time=0.000345
t=28 s=9 time=0.000354
t=28 s=8 time=0.000428
t=28 s=7 time=0.000396
t=28 s=5 time=0.000407
t=28 s=4 time=0.000429
t=28 s=3 time=0.000469
t=28 s=2 time=0.000483
t=28 s=0 time=0.000271
t=29 s=29 time=0.000302
t=29 s=17 time=0.000323
t=29 s=13 time=0.000351
t=29 s=10 time=0.000367
t=29 s=9 time=0.000427
t=29 s=8 time=0.000406
t=29 s=6 time=0.000409
t=29 s=5 time=0.000559
t=29 s=3 time=0.000498
t=29 s=2 time=0.000512
t=29 s=1 time=0.000479
t=29 s=0 time=0.000267
t=30 s=30 time=0.000312
t=30 s=18 time=0.000345
t=30 s=14 time=0.000334
t=30 s=11 time=0.00038
t=30 s=10 time=0.000448
t=30 s=9 time=0.000419
t=30 s=8 time=0.000415
t=30 s=7 time=0.000431
t=30 s=6 time=0.00055
t=30 s=4 time=0.000525
t=30 s=3 time=0.000659
t=30 s=2 time=0.000536
t=30 s=0 time=0.000277
t=31 s=31 time=0.000311
t=31 s=19 time=0.000349
t=31 s=15 time=0.000364
t=31 s=11 time=0.000469
t=31 s=10 time=0.000528
t=31 s=9 time=0.00042
t=31 s=8 time=0.000432
t=31 s=7 time=0.000581
t=31 s=4 time=0.000518
t=31 s=3 time=0.000641
[38;2;000;128;000mTime: 0.065915s (2025-11-04 11:49:00)
[0mt=0 s=0 time=8.4e-05
t=1 s=1 time=0.00033
t=2 s=2 time=0.000293
t=2 s=1 time=0.000468
t=3 s=3 time=0.000367
t=4 s=4 time=0.000273
t=4 s=2 time=0.000265
t=4 s=1 time=0.000277
t=5 s=5 time=0.00034
t=5 s=2 time=0.000383
t=6 s=6 time=0.000319
t=6 s=3 time=0.000306
t=7 s=7 time=0.00028
t=8 s=8 time=0.000273
t=8 s=2 time=0.000301
t=8 s=1 time=0.000355
t=9 s=9 time=0.000389
t=9 s=2 time=0.000275
t=10 s=10 time=0.000273
t=10 s=3 time=0.000275
t=10 s=2 time=0.000286
t=10 s=0 time=0.00028
t=11 s=11 time=0.000286
t=11 s=4 time=0.000258
t=11 s=3 time=0.000269
t=12 s=12 time=0.000307
t=12 s=3 time=0.000304
t=13 s=13 time=0.000346
t=13 s=4 time=0.000468
t=13 s=1 time=0.000318
t=14 s=14 time=0.000293
t=14 s=5 time=0.000308
t=14 s=2 time=0.000339
t=15 s=15 time=0.000308
t=15 s=3 time=0.000312
t=16 s=16 time=0.000299
t=16 s=6 time=0.000285
t=16 s=5 time=0.000328
t=16 s=4 time=0.000317
t=16 s=2 time=0.000305
t=16 s=1 time=0.000271
t=17 s=17 time=0.000289
t=17 s=6 time=0.000267
t=17 s=5 time=0.000337
t=17 s=3 time=0.000459
t=17 s=2 time=0.000342
t=18 s=18 time=0.000351
t=18 s=7 time=0.00035
t=18 s=6 time=0.000384
t=18 s=4 time=0.000457
t=18 s=3 time=0.000409
t=18 s=2 time=0.000434
t=19 s=19 time=0.000381
t=19 s=7 time=0.000375
t=19 s=5 time=0.000401
t=19 s=4 time=0.000408
t=19 s=3 time=0.000366
t=20 s=20 time=0.000275
t=20 s=8 time=0.000311
t=20 s=6 time=0.000316
t=20 s=5 time=0.000356
t=20 s=4 time=0.000328
t=20 s=3 time=0.000354
t=20 s=2 time=0.000301
t=21 s=21 time=0.000301
t=21 s=9 time=0.000352
t=21 s=6 time=0.000424
t=21 s=5 time=0.000325
t=21 s=4 time=0.000359
t=21 s=3 time=0.000346
t=21 s=1 time=0.000302
t=21 s=0 time=0.000239
t=22 s=22 time=0.000266
t=22 s=10 time=0.000314
t=22 s=7 time=0.000358
t=22 s=6 time=0.000378
t=22 s=5 time=0.000357
t=22 s=4 time=0.000408
t=22 s=3 time=0.000336
t=22 s=2 time=0.000341
t=22 s=1 time=0.000327
t=22 s=0 time=0.000242
t=23 s=23 time=0.000283
t=23 s=11 time=0.000343
t=23 s=8 time=0.000303
t=23 s=7 time=0.000407
t=23 s=6 time=0.000328
t=23 s=5 time=0.000331
t=23 s=3 time=0.000335
t=23 s=2 time=0.000407
t=24 s=24 time=0.000357
t=24 s=12 time=0.00032
t=24 s=8 time=0.000334
t=24 s=7 time=0.000327
t=24 s=4 time=0.000396
t=24 s=3 time=0.000462
t=24 s=0 time=0.000251
t=25 s=25 time=0.000285
t=25 s=13 time=0.000309
t=25 s=9 time=0.000327
t=25 s=8 time=0.000339
t=25 s=5 time=0.000454
t=25 s=4 time=0.000424
t=25 s=1 time=0.000404
t=25 s=0 time=0.000358
t=26 s=26 time=0.000356
t=26 s=14 time=0.000337
t=26 s=10 time=0.000374
t=26 s=9 time=0.000361
t=26 s=6 time=0.000488
t=26 s=5 time=0.00054
t=26 s=4 time=0.000415
t=26 s=2 time=0.000395
t=26 s=1 time=0.000354
t=26 s=0 time=0.000254
t=27 s=27 time=0.000284
t=27 s=15 time=0.00031
t=27 s=11 time=0.000332
t=27 s=7 time=0.000419
t=27 s=6 time=0.000397
t=27 s=4 time=0.000367
t=27 s=3 time=0.000453
t=27 s=2 time=0.000508
t=27 s=0 time=0.00027
t=28 s=28 time=0.000304
t=28 s=16 time=0.000311
t=28 s=12 time=0.000327
t=28 s=10 time=0.000346
t=28 s=9 time=0.000337
t=28 s=8 time=0.000453
t=28 s=7 time=0.000402
t=28 s=5 time=0.000387
t=28 s=4 time=0.000451
t=28 s=3 time=0.000455
t=28 s=2 time=0.000428
t=28 s=0 time=0.000254
t=29 s=29 time=0.000302
t=29 s=17 time=0.000344
t=29 s=13 time=0.000353
t=29 s=10 time=0.000323
t=29 s=9 time=0.000451
t=29 s=8 time=0.000549
t=29 s=6 time=0.000422
t=29 s=5 time=0.000533
t=29 s=3 time=0.000525
t=29 s=2 time=0.000508
t=29 s=1 time=0.00043
t=29 s=0 time=0.000259
t=30 s=30 time=0.000308
t=30 s=18 time=0.000333
t=30 s=14 time=0.000352
t=30 s=11 time=0.000398
t=30 s=10 time=0.000487
t=30 s=9 time=0.000447
t=30 s=8 time=0.000422
t=30 s=7 time=0.000396
t=30 s=6 time=0.000545
t=30 s=4 time=0.000506
t=30 s=3 time=0.000643
t=30 s=2 time=0.00051
t=30 s=0 time=0.000269
t=31 s=31 time=0.000311
t=31 s=19 time=0.000325
t=31 s=15 time=0.000341
t=31 s=11 time=0.000415
t=31 s=10 time=0.000417
t=31 s=9 time=0.0004
t=31 s=8 time=0.000422
t=31 s=7 time=0.000578
t=31 s=4 time=0.000532
t=31 s=3 time=0.000603
[38;2;000;128;000mTime: 0.065253s (2025-11-04 12:07:37)
[0mt=0 s=0 time=9e-05
t=1 s=1 time=0.00037
t=2 s=2 time=0.000359
t=2 s=1 time=0.000314
t=3 s=3 time=0.00038
t=4 s=4 time=0.00034
t=4 s=2 time=0.00034
t=4 s=1 time=0.000363
t=5 s=5 time=0.000391
t=5 s=2 time=0.000353
t=6 s=6 time=0.000334
t=6 s=3 time=0.000363
t=7 s=7 time=0.000564
t=8 s=8 time=0.000432
t=8 s=2 time=0.000338
t=8 s=1 time=0.000343
t=9 s=9 time=0.000283
t=9 s=2 time=0.000303
t=10 s=10 time=0.000326
t=10 s=3 time=0.000383
t=10 s=2 time=0.000314
t=10 s=0 time=0.000284
t=11 s=11 time=0.00031
t=11 s=4 time=0.00033
t=11 s=3 time=0.000289
t=12 s=12 time=0.000292
t=12 s=3 time=0.000291
t=13 s=13 time=0.000302
t=13 s=4 time=0.000323
t=13 s=1 time=0.000295
t=14 s=14 time=0.000277
t=14 s=5 time=0.000278
t=14 s=2 time=0.000318
t=15 s=15 time=0.000281
t=15 s=3 time=0.000298
t=16 s=16 time=0.000313
t=16 s=6 time=0.000338
t=16 s=5 time=0.000411
t=16 s=4 time=0.000383
t=16 s=2 time=0.000321
t=16 s=1 time=0.000293
t=17 s=17 time=0.000356
t=17 s=6 time=0.000289
t=17 s=5 time=0.000327
t=17 s=3 time=0.000411
t=17 s=2 time=0.000317
t=18 s=18 time=0.000293
t=18 s=7 time=0.00027
t=18 s=6 time=0.000291
t=18 s=4 time=0.000304
t=18 s=3 time=0.000297
t=18 s=2 time=0.000345
t=19 s=19 time=0.000334
t=19 s=7 time=0.000302
t=19 s=5 time=0.000294
t=19 s=4 time=0.000308
t=19 s=3 time=0.000353
t=20 s=20 time=0.000303
t=20 s=8 time=0.000371
t=20 s=6 time=0.000332
t=20 s=5 time=0.000364
t=20 s=4 time=0.00034
t=20 s=3 time=0.000359
t=20 s=2 time=0.000322
t=21 s=21 time=0.000322
t=21 s=9 time=0.000334
t=21 s=6 time=0.000355
t=21 s=5 time=0.000534
t=21 s=4 time=0.000407
t=21 s=3 time=0.000345
t=21 s=1 time=0.000382
t=21 s=0 time=0.00034
t=22 s=22 time=0.000424
t=22 s=10 time=0.000311
t=22 s=7 time=0.0003
t=22 s=6 time=0.000353
t=22 s=5 time=0.000318
t=22 s=4 time=0.000403
t=22 s=3 time=0.000331
t=22 s=2 time=0.000327
t=22 s=1 time=0.000328
t=22 s=0 time=0.000263
t=23 s=23 time=0.000311
t=23 s=11 time=0.000319
t=23 s=8 time=0.000299
t=23 s=7 time=0.000425
t=23 s=6 time=0.000455
t=23 s=5 time=0.000332
t=23 s=3 time=0.000412
t=23 s=2 time=0.000403
t=24 s=24 time=0.00037
t=24 s=12 time=0.000313
t=24 s=8 time=0.00034
t=24 s=7 time=0.000333
t=24 s=4 time=0.000393
t=24 s=3 time=0.000516
t=24 s=0 time=0.000293
t=25 s=25 time=0.000361
t=25 s=13 time=0.000326
t=25 s=9 time=0.00036
t=25 s=8 time=0.000357
t=25 s=5 time=0.000524
t=25 s=4 time=0.000438
t=25 s=1 time=0.000504
t=25 s=0 time=0.000295
t=26 s=26 time=0.000319
t=26 s=14 time=0.000315
t=26 s=10 time=0.000331
t=26 s=9 time=0.000357
t=26 s=6 time=0.000494
t=26 s=5 time=0.000515
t=26 s=4 time=0.000409
t=26 s=2 time=0.000445
t=26 s=1 time=0.000391
t=26 s=0 time=0.000294
t=27 s=27 time=0.000306
t=27 s=15 time=0.00031
t=27 s=11 time=0.00035
t=27 s=7 time=0.000442
t=27 s=6 time=0.000435
t=27 s=4 time=0.000519
t=27 s=3 time=0.000576
t=27 s=2 time=0.000451
t=27 s=0 time=0.000272
t=28 s=28 time=0.00033
t=28 s=16 time=0.00033
t=28 s=12 time=0.000427
t=28 s=10 time=0.000483
t=28 s=9 time=0.000412
t=28 s=8 time=0.000444
t=28 s=7 time=0.000512
t=28 s=5 time=0.00057
t=28 s=4 time=0.000475
t=28 s=3 time=0.000518
t=28 s=2 time=0.000446
t=28 s=0 time=0.000277
t=29 s=29 time=0.000329
t=29 s=17 time=0.000322
t=29 s=13 time=0.000359
t=29 s=10 time=0.000356
t=29 s=9 time=0.000536
t=29 s=8 time=0.000552
t=29 s=6 time=0.000427
t=29 s=5 time=0.000547
t=29 s=3 time=0.000519
t=29 s=2 time=0.000504
t=29 s=1 time=0.000427
t=29 s=0 time=0.000268
t=30 s=30 time=0.000304
t=30 s=18 time=0.000373
t=30 s=14 time=0.00047
t=30 s=11 time=0.000385
t=30 s=10 time=0.000465
t=30 s=9 time=0.000461
t=30 s=8 time=0.000453
t=30 s=7 time=0.000439
t=30 s=6 time=0.000575
t=30 s=4 time=0.000491
t=30 s=3 time=0.000683
t=30 s=2 time=0.000567
t=30 s=0 time=0.000292
t=31 s=31 time=0.000324
t=31 s=19 time=0.000368
t=31 s=15 time=0.000345
t=31 s=11 time=0.000417
t=31 s=10 time=0.000457
t=31 s=9 time=0.000413
t=31 s=8 time=0.000397
t=31 s=7 time=0.000611
t=31 s=4 time=0.000633
t=31 s=3 time=0.000613
[38;2;000;128;000mTime: 0.068324s (2025-11-04 16:26:29)
[0m