  t=1, time=9.4e-05
  t=2, time=2e-06
  t=3, time=1e-06
  t=4, time=1e-06
  t=5, time=0
  t=6, time=0
  t=7, time=1e-06
  t=8, time=1e-06
  t=9, time=0
  t=10, time=0
  t=11, time=2e-06
  t=12, time=1e-06
  t=13, time=2e-06
  t=14, time=1e-06
  t=15, time=1e-06
  t=16, time=3e-06
  t=17, time=1e-06
  t=18, time=1e-06
  t=19, time=2e-06
  t=20, time=1e-06
  t=21, time=2e-06
  t=22, time=1e-06
  t=23, time=1e-06
  t=24, time=1e-06
  t=25, time=1e-06
  t=26, time=1e-06
  t=27, time=2e-06
  t=28, time=2e-06
  t=29, time=1e-06
  t=30, time=2e-06
  t=31, time=2e-06
  t=32, time=2e-06
  t=33, time=2e-06
  t=34, time=1e-06
  t=35, time=5e-06
  t=36, time=2e-06
  t=37, time=2e-06
  t=38, time=1e-06
  t=39, time=2e-06
  t=40, time=2e-06
  t=41, time=2e-06
  t=42, time=2e-06
  t=43, time=2e-06
  t=44, time=5e-06
  t=45, time=3e-06
  t=46, time=3e-06
  t=47, time=3e-06
  t=48, time=2e-06
  t=49, time=2e-06
  t=50, time=3e-06
  t=51, time=4e-06
  t=52, time=5e-06
  t=53, time=3e-06
  t=54, time=3e-06
  t=55, time=3e-06
  t=56, time=2e-06
  t=57, time=3e-06
  t=58, time=4e-06
  t=59, time=3e-06
  t=60, time=2e-06
  t=61, time=3e-06
  t=62, time=2e-06
  t=63, time=3e-06
  t=64, time=4e-06
  t=65, time=4e-06
  t=66, time=4e-06
  t=67, time=4e-06
  t=68, time=9e-06
  t=69, time=8e-06
  t=70, time=1.2e-05
gb.dim_Ext()=798
gb.dim_Gb()=1309
[38;2;000;128;000mTime: 0.100466s (2025-11-03 16:49:50)
[0m  t=1, time=0.000286
t=2 s=0 threadsLeft=0
  t=2, time=3.4e-05
t=3 s=1 threadsLeft=1
t=3 s=0 threadsLeft=0
  t=3, time=3.9e-05
t=4 s=2 threadsLeft=1
t=4 s=0 threadsLeft=0
  t=4, time=3.5e-05
t=5 s=0 threadsLeft=1
t=5 s=3 threadsLeft=0
  t=5, time=4.9e-05
t=6 s=0 threadsLeft=2
t=6 s=1 threadsLeft=1
t=6 s=4 threadsLeft=0
  t=6, time=5.7e-05
t=7 s=0 threadsLeft=3
t=7 s=1 threadsLeft=2
t=7 s=2 threadsLeft=1
t=7 s=5 threadsLeft=0
  t=7, time=5.3e-05
t=8 s=0 threadsLeft=3
t=8 s=1 threadsLeft=2
t=8 s=2 threadsLeft=1
t=8 s=6 threadsLeft=0
  t=8, time=5.1e-05
t=9 s=0 threadsLeft=3
t=9 s=1 threadsLeft=2
t=9 s=2 threadsLeft=1
t=9 s=7 threadsLeft=0
  t=9, time=5.4e-05
t=10 s=0 threadsLeft=2
t=10 s=1 threadsLeft=1
t=10 s=8 threadsLeft=0
  t=10, time=4.9e-05
t=11 s=1 threadsLeft=2
t=11 s=9 threadsLeft=1
t=11 s=2 threadsLeft=0
  t=11, time=5.3e-05
t=12 s=0 threadsLeft=4
t=12 s=1 threadsLeft=3
t=12 s=2 threadsLeft=2
t=12 s=3 threadsLeft=1
t=12 s=10 threadsLeft=0
  t=12, time=7.4e-05
t=13 s=1 threadsLeft=3
t=13 s=3 threadsLeft=2
t=13 s=2 threadsLeft=1
t=13 s=11 threadsLeft=0
  t=13, time=6.2e-05
t=14 s=0 threadsLeft=4
t=14 s=3 threadsLeft=3
t=14 s=12 threadsLeft=2
t=14 s=2 threadsLeft=1
t=14 s=1 threadsLeft=0
  t=14, time=7.4e-05
t=15 s=0 threadsLeft=5
t=15 s=1 threadsLeft=4
t=15 s=3 threadsLeft=3
t=15 s=2 threadsLeft=2
t=15 s=4 threadsLeft=1
t=15 s=13 threadsLeft=0
  t=15, time=8.8e-05
t=16 s=0 threadsLeft=5
t=16 s=1 threadsLeft=4
t=16 s=3 threadsLeft=3
t=16 s=4 threadsLeft=2
t=16 s=2 threadsLeft=1
t=16 s=14 threadsLeft=0
  t=16, time=0.000115
t=17 s=0 threadsLeft=4
t=17 s=3 threadsLeft=3
t=17 s=1 threadsLeft=2
t=17 s=4 threadsLeft=1
t=17 s=15 threadsLeft=0
  t=17, time=9.5e-05
t=18 s=0 threadsLeft=5
t=18 s=1 threadsLeft=4
t=18 s=4 threadsLeft=3
t=18 s=2 threadsLeft=2
t=18 s=5 threadsLeft=1
t=18 s=16 threadsLeft=0
  t=18, time=8.4e-05
t=19 s=3 threadsLeft=5
t=19 s=5 threadsLeft=4
t=19 s=6 threadsLeft=3
t=19 s=1 threadsLeft=2
t=19 s=17 threadsLeft=1
t=19 s=2 threadsLeft=0
  t=19, time=9.3e-05
t=20 s=0 threadsLeft=6
t=20 s=3 threadsLeft=5
t=20 s=4 threadsLeft=4
t=20 s=1 threadsLeft=3
t=20 s=5 threadsLeft=2
t=20 s=18 threadsLeft=1
t=20 s=6 threadsLeft=0
  t=20, time=0.000145
t=21 s=5 threadsLeft=5
t=21 s=6 threadsLeft=4
t=21 s=19 threadsLeft=3
t=21 s=1 threadsLeft=2
t=21 s=4 threadsLeft=1
t=21 s=2 threadsLeft=0
  t=21, time=0.000104
t=22 s=3 threadsLeft=5
t=22 s=4 threadsLeft=4
t=22 s=5 threadsLeft=3
t=22 s=20 threadsLeft=2
t=22 s=1 threadsLeft=1
t=22 s=2 threadsLeft=0
  t=22, time=0.000117
t=23 s=4 threadsLeft=6
t=23 s=5 threadsLeft=5
t=23 s=3 threadsLeft=4
t=23 s=2 threadsLeft=3
t=23 s=6 threadsLeft=2
t=23 s=21 threadsLeft=1
t=23 s=1 threadsLeft=0
  t=23, time=0.000134
t=24 s=0 threadsLeft=8
t=24 s=1 threadsLeft=7
t=24 s=4 threadsLeft=6
t=24 s=6 threadsLeft=5
t=24 s=3 threadsLeft=4
t=24 s=7 threadsLeft=3
t=24 s=2 threadsLeft=2
t=24 s=5 threadsLeft=1
t=24 s=22 threadsLeft=0
  t=24, time=0.000138
t=25 s=4 threadsLeft=7
t=25 s=5 threadsLeft=6
t=25 s=3 threadsLeft=5
t=25 s=23 threadsLeft=4
t=25 s=2 threadsLeft=3
t=25 s=1 threadsLeft=2
t=25 s=7 threadsLeft=1
t=25 s=6 threadsLeft=0
  t=25, time=0.000187
t=26 s=1 threadsLeft=7
t=26 s=3 threadsLeft=6
t=26 s=4 threadsLeft=5
t=26 s=5 threadsLeft=4
t=26 s=6 threadsLeft=3
t=26 s=7 threadsLeft=2
t=26 s=24 threadsLeft=1
t=26 s=2 threadsLeft=0
  t=26, time=0.000182
t=27 s=3 threadsLeft=8
t=27 s=4 threadsLeft=7
t=27 s=5 threadsLeft=6
t=27 s=1 threadsLeft=5
t=27 s=2 threadsLeft=4
t=27 s=7 threadsLeft=3
t=27 s=8 threadsLeft=2
t=27 s=25 threadsLeft=1
t=27 s=6 threadsLeft=0
  t=27, time=0.000192
t=28 s=0 threadsLeft=8
t=28 s=7 threadsLeft=7
t=28 s=8 threadsLeft=6
t=28 s=5 threadsLeft=5
t=28 s=3 threadsLeft=4
t=28 s=4 threadsLeft=3
t=28 s=26 threadsLeft=2
t=28 s=2 threadsLeft=1
t=28 s=1 threadsLeft=0
  t=28, time=0.000191
t=29 s=0 threadsLeft=7
t=29 s=7 threadsLeft=6
t=29 s=4 threadsLeft=5
t=29 s=27 threadsLeft=4
t=29 s=3 threadsLeft=3
t=29 s=8 threadsLeft=2
t=29 s=1 threadsLeft=1
t=29 s=2 threadsLeft=0
  t=29, time=0.00026
t=30 s=0 threadsLeft=9
t=30 s=3 threadsLeft=8
t=30 s=6 threadsLeft=7
t=30 s=28 threadsLeft=6
t=30 s=1 threadsLeft=5
t=30 s=9 threadsLeft=4
t=30 s=8 threadsLeft=3
t=30 s=4 threadsLeft=2
t=30 s=2 threadsLeft=1
t=30 s=5 threadsLeft=0
  t=30, time=0.00026
t=31 s=0 threadsLeft=10
t=31 s=3 threadsLeft=9
t=31 s=4 threadsLeft=8
t=31 s=1 threadsLeft=7
t=31 s=9 threadsLeft=6
t=31 s=10 threadsLeft=5
t=31 s=7 threadsLeft=4
t=31 s=29 threadsLeft=3
t=31 s=6 threadsLeft=2
t=31 s=5 threadsLeft=1
t=31 s=2 threadsLeft=0
  t=31, time=0.000277
t=32 s=0 threadsLeft=9
t=32 s=8 threadsLeft=8
t=32 s=9 threadsLeft=7
t=32 s=7 threadsLeft=6
t=32 s=10 threadsLeft=5
t=32 s=30 threadsLeft=4
t=32 s=3 threadsLeft=3
t=32 s=4 threadsLeft=2
t=32 s=1 threadsLeft=1
t=32 s=2 threadsLeft=0
  t=32, time=0.000364
t=33 s=0 threadsLeft=10
t=33 s=6 threadsLeft=9
t=33 s=3 threadsLeft=8
t=33 s=9 threadsLeft=7
t=33 s=4 threadsLeft=6
t=33 s=31 threadsLeft=5
t=33 s=10 threadsLeft=4
t=33 s=8 threadsLeft=3
t=33 s=2 threadsLeft=2
t=33 s=1 threadsLeft=1
t=33 s=5 threadsLeft=0
  t=33, time=0.00032
t=34 s=0 threadsLeft=10
t=34 s=4 threadsLeft=9
t=34 s=8 threadsLeft=8
t=34 s=7 threadsLeft=7
t=34 s=32 threadsLeft=6
t=34 s=6 threadsLeft=5
t=34 s=9 threadsLeft=4
t=34 s=3 threadsLeft=3
t=34 s=5 threadsLeft=2
t=34 s=1 threadsLeft=1
t=34 s=2 threadsLeft=0
  t=34, time=0.000353
t=35 s=4 threadsLeft=9
t=35 s=5 threadsLeft=8
t=35 s=33 threadsLeft=7
t=35 s=7 threadsLeft=6
t=35 s=9 threadsLeft=5
t=35 s=8 threadsLeft=4
t=35 s=10 threadsLeft=3
t=35 s=3 threadsLeft=2
t=35 s=1 threadsLeft=1
t=35 s=2 threadsLeft=0
  t=35, time=0.000449
t=36 s=6 threadsLeft=12
t=36 s=11 threadsLeft=11
t=36 s=0 threadsLeft=10
t=36 s=4 threadsLeft=9
t=36 s=10 threadsLeft=8
t=36 s=9 threadsLeft=7
t=36 s=34 threadsLeft=6
t=36 s=8 threadsLeft=5
t=36 s=7 threadsLeft=4
t=36 s=3 threadsLeft=3
t=36 s=5 threadsLeft=2
t=36 s=1 threadsLeft=1
t=36 s=2 threadsLeft=0
  t=36, time=0.000364
t=37 s=4 threadsLeft=11
t=37 s=7 threadsLeft=10
t=37 s=9 threadsLeft=9
t=37 s=10 threadsLeft=8
t=37 s=5 threadsLeft=7
t=37 s=35 threadsLeft=6
t=37 s=11 threadsLeft=5
t=37 s=8 threadsLeft=4
t=37 s=6 threadsLeft=3
t=37 s=3 threadsLeft=2
t=37 s=1 threadsLeft=1
t=37 s=2 threadsLeft=0
  t=37, time=0.00048
t=38 s=4 threadsLeft=11
t=38 s=10 threadsLeft=10
t=38 s=5 threadsLeft=9
t=38 s=9 threadsLeft=8
t=38 s=11 threadsLeft=7
t=38 s=7 threadsLeft=6
t=38 s=8 threadsLeft=5
t=38 s=36 threadsLeft=4
t=38 s=6 threadsLeft=3
t=38 s=3 threadsLeft=2
t=38 s=1 threadsLeft=1
t=38 s=2 threadsLeft=0
  t=38, time=0.000575
t=39 s=4 threadsLeft=12
t=39 s=12 threadsLeft=11
t=39 s=37 threadsLeft=10
t=39 s=9 threadsLeft=9
t=39 s=10 threadsLeft=8
t=39 s=8 threadsLeft=7
t=39 s=11 threadsLeft=6
t=39 s=7 threadsLeft=5
t=39 s=6 threadsLeft=4
t=39 s=5 threadsLeft=3
t=39 s=1 threadsLeft=2
t=39 s=2 threadsLeft=1
t=39 s=3 threadsLeft=0
  t=39, time=0.000499
t=40 s=0 threadsLeft=13
t=40 s=10 threadsLeft=12
t=40 s=2 threadsLeft=11
t=40 s=11 threadsLeft=10
t=40 s=38 threadsLeft=9
t=40 s=12 threadsLeft=8
t=40 s=9 threadsLeft=7
t=40 s=7 threadsLeft=6
t=40 s=6 threadsLeft=5
t=40 s=8 threadsLeft=4
t=40 s=4 threadsLeft=3
t=40 s=5 threadsLeft=2
t=40 s=1 threadsLeft=1
t=40 s=3 threadsLeft=0
  t=40, time=0.000453
t=41 s=5 threadsLeft=10
t=41 s=39 threadsLeft=9
t=41 s=11 threadsLeft=8
t=41 s=4 threadsLeft=7
t=41 s=12 threadsLeft=6
t=41 s=9 threadsLeft=5
t=41 s=8 threadsLeft=4
t=41 s=7 threadsLeft=3
t=41 s=3 threadsLeft=2
t=41 s=2 threadsLeft=1
t=41 s=1 threadsLeft=0
  t=41, time=0.000667
t=42 s=40 threadsLeft=12
t=42 s=12 threadsLeft=11
t=42 s=7 threadsLeft=10
t=42 s=13 threadsLeft=9
t=42 s=4 threadsLeft=8
t=42 s=5 threadsLeft=7
t=42 s=9 threadsLeft=6
t=42 s=10 threadsLeft=5
t=42 s=8 threadsLeft=4
t=42 s=6 threadsLeft=3
t=42 s=3 threadsLeft=2
t=42 s=1 threadsLeft=1
t=42 s=2 threadsLeft=0
  t=42, time=0.000904
t=43 s=5 threadsLeft=13
t=43 s=11 threadsLeft=12
t=43 s=13 threadsLeft=11
t=43 s=41 threadsLeft=10
t=43 s=9 threadsLeft=9
t=43 s=8 threadsLeft=8
t=43 s=7 threadsLeft=7
t=43 s=10 threadsLeft=6
t=43 s=14 threadsLeft=5
t=43 s=6 threadsLeft=4
t=43 s=1 threadsLeft=3
t=43 s=4 threadsLeft=2
t=43 s=3 threadsLeft=1
t=43 s=2 threadsLeft=0
  t=43, time=0.001031
t=44 s=10 threadsLeft=13
t=44 s=42 threadsLeft=12
t=44 s=12 threadsLeft=11
t=44 s=13 threadsLeft=10
t=44 s=11 threadsLeft=9
t=44 s=6 threadsLeft=8
t=44 s=14 threadsLeft=7
t=44 s=8 threadsLeft=6
t=44 s=7 threadsLeft=5
t=44 s=5 threadsLeft=4
t=44 s=3 threadsLeft=3
t=44 s=4 threadsLeft=2
t=44 s=1 threadsLeft=1
t=44 s=2 threadsLeft=0
  t=44, time=0.001049
t=45 s=11 threadsLeft=15
t=45 s=10 threadsLeft=14
t=45 s=7 threadsLeft=13
t=45 s=14 threadsLeft=12
t=45 s=15 threadsLeft=11
t=45 s=12 threadsLeft=10
t=45 s=9 threadsLeft=9
t=45 s=13 threadsLeft=8
t=45 s=43 threadsLeft=7
t=45 s=8 threadsLeft=6
t=45 s=1 threadsLeft=5
t=45 s=6 threadsLeft=4
t=45 s=5 threadsLeft=3
t=45 s=4 threadsLeft=2
t=45 s=3 threadsLeft=1
t=45 s=2 threadsLeft=0
  t=45, time=0.001529
t=46 s=12 threadsLeft=14
t=46 s=11 threadsLeft=13
t=46 s=10 threadsLeft=12
t=46 s=16 threadsLeft=11
t=46 s=13 threadsLeft=10
t=46 s=44 threadsLeft=9
t=46 s=9 threadsLeft=8
t=46 s=8 threadsLeft=7
t=46 s=7 threadsLeft=6
t=46 s=6 threadsLeft=5
t=46 s=5 threadsLeft=4
t=46 s=1 threadsLeft=3
t=46 s=4 threadsLeft=2
t=46 s=3 threadsLeft=1
t=46 s=2 threadsLeft=0
  t=46, time=0.001568
t=47 s=9 threadsLeft=14
t=47 s=11 threadsLeft=13
t=47 s=14 threadsLeft=12
t=47 s=12 threadsLeft=11
t=47 s=45 threadsLeft=10
t=47 s=8 threadsLeft=9
t=47 s=17 threadsLeft=8
t=47 s=13 threadsLeft=7
t=47 s=7 threadsLeft=6
t=47 s=6 threadsLeft=5
t=47 s=1 threadsLeft=4
t=47 s=5 threadsLeft=3
t=47 s=4 threadsLeft=2
t=47 s=3 threadsLeft=1
t=47 s=2 threadsLeft=0
  t=47, time=0.001686
t=48 s=11 threadsLeft=17
t=48 s=10 threadsLeft=16
t=48 s=15 threadsLeft=15
t=48 s=0 threadsLeft=14
t=48 s=12 threadsLeft=13
t=48 s=7 threadsLeft=12
t=48 s=18 threadsLeft=11
t=48 s=13 threadsLeft=10
t=48 s=14 threadsLeft=9
t=48 s=46 threadsLeft=8
t=48 s=9 threadsLeft=7
t=48 s=8 threadsLeft=6
t=48 s=6 threadsLeft=5
t=48 s=1 threadsLeft=4
t=48 s=5 threadsLeft=3
t=48 s=4 threadsLeft=2
t=48 s=3 threadsLeft=1
t=48 s=2 threadsLeft=0
  t=48, time=0.002295
t=49 s=11 threadsLeft=16
t=49 s=7 threadsLeft=15
t=49 s=19 threadsLeft=14
t=49 s=47 threadsLeft=13
t=49 s=12 threadsLeft=12
t=49 s=9 threadsLeft=11
t=49 s=10 threadsLeft=10
t=49 s=15 threadsLeft=9
t=49 s=14 threadsLeft=8
t=49 s=13 threadsLeft=7
t=49 s=8 threadsLeft=6
t=49 s=6 threadsLeft=5
t=49 s=4 threadsLeft=4
t=49 s=1 threadsLeft=3
t=49 s=5 threadsLeft=2
t=49 s=3 threadsLeft=1
t=49 s=2 threadsLeft=0
  t=49, time=0.002492
t=50 s=7 threadsLeft=15
t=50 s=15 threadsLeft=14
t=50 s=13 threadsLeft=13
t=50 s=14 threadsLeft=12
t=50 s=20 threadsLeft=11
t=50 s=11 threadsLeft=10
t=50 s=48 threadsLeft=9
t=50 s=16 threadsLeft=8
t=50 s=12 threadsLeft=7
t=50 s=8 threadsLeft=6
t=50 s=6 threadsLeft=5
t=50 s=4 threadsLeft=4
t=50 s=1 threadsLeft=3
t=50 s=5 threadsLeft=2
t=50 s=3 threadsLeft=1
t=50 s=2 threadsLeft=0
  t=50, time=0.002712
t=51 s=11 threadsLeft=17
t=51 s=13 threadsLeft=16
t=51 s=16 threadsLeft=15
t=51 s=17 threadsLeft=14
t=51 s=12 threadsLeft=13
t=51 s=14 threadsLeft=12
t=51 s=9 threadsLeft=11
t=51 s=49 threadsLeft=10
t=51 s=8 threadsLeft=9
t=51 s=21 threadsLeft=8
t=51 s=10 threadsLeft=7
t=51 s=15 threadsLeft=6
t=51 s=7 threadsLeft=5
t=51 s=6 threadsLeft=4
t=51 s=5 threadsLeft=3
t=51 s=3 threadsLeft=2
t=51 s=4 threadsLeft=1
t=51 s=2 threadsLeft=0
  t=51, time=0.003463
t=52 s=12 threadsLeft=17
t=52 s=14 threadsLeft=16
t=52 s=13 threadsLeft=15
t=52 s=16 threadsLeft=14
t=52 s=18 threadsLeft=13
t=52 s=22 threadsLeft=12
t=52 s=50 threadsLeft=11
t=52 s=11 threadsLeft=10
t=52 s=15 threadsLeft=9
t=52 s=10 threadsLeft=8
t=52 s=9 threadsLeft=7
t=52 s=7 threadsLeft=6
t=52 s=6 threadsLeft=5
t=52 s=1 threadsLeft=4
t=52 s=5 threadsLeft=3
t=52 s=3 threadsLeft=2
t=52 s=4 threadsLeft=1
t=52 s=2 threadsLeft=0
  t=52, time=0.003425
t=53 s=0 threadsLeft=17
t=53 s=8 threadsLeft=16
t=53 s=16 threadsLeft=15
t=53 s=23 threadsLeft=14
t=53 s=15 threadsLeft=13
t=53 s=19 threadsLeft=12
t=53 s=12 threadsLeft=11
t=53 s=51 threadsLeft=10
t=53 s=11 threadsLeft=9
t=53 s=10 threadsLeft=8
t=53 s=9 threadsLeft=7
t=53 s=7 threadsLeft=6
t=53 s=6 threadsLeft=5
t=53 s=1 threadsLeft=4
t=53 s=4 threadsLeft=3
t=53 s=5 threadsLeft=2
t=53 s=3 threadsLeft=1
t=53 s=2 threadsLeft=0
  t=53, time=0.003654
t=54 s=0 threadsLeft=19
t=54 s=7 threadsLeft=18
t=54 s=8 threadsLeft=17
t=54 s=11 threadsLeft=16
t=54 s=14 threadsLeft=15
t=54 s=16 threadsLeft=14
t=54 s=12 threadsLeft=13
t=54 s=24 threadsLeft=12
t=54 s=17 threadsLeft=11
t=54 s=13 threadsLeft=10
t=54 s=52 threadsLeft=9
t=54 s=20 threadsLeft=8
t=54 s=10 threadsLeft=7
t=54 s=9 threadsLeft=6
t=54 s=6 threadsLeft=5
t=54 s=1 threadsLeft=4
t=54 s=5 threadsLeft=3
t=54 s=4 threadsLeft=2
t=54 s=3 threadsLeft=1
t=54 s=2 threadsLeft=0
  t=54, time=0.003766
t=55 s=0 threadsLeft=19
t=55 s=8 threadsLeft=18
t=55 s=11 threadsLeft=17
t=55 s=12 threadsLeft=16
t=55 s=25 threadsLeft=15
t=55 s=21 threadsLeft=14
t=55 s=53 threadsLeft=13
t=55 s=15 threadsLeft=12
t=55 s=17 threadsLeft=11
t=55 s=18 threadsLeft=10
t=55 s=9 threadsLeft=9
t=55 s=14 threadsLeft=8
t=55 s=13 threadsLeft=7
t=55 s=10 threadsLeft=6
t=55 s=6 threadsLeft=5
t=55 s=2 threadsLeft=4
t=55 s=1 threadsLeft=3
t=55 s=5 threadsLeft=2
t=55 s=4 threadsLeft=1
t=55 s=3 threadsLeft=0
  t=55, time=0.003301
t=56 s=9 threadsLeft=19
t=56 s=10 threadsLeft=18
t=56 s=14 threadsLeft=17
t=56 s=11 threadsLeft=16
t=56 s=12 threadsLeft=15
t=56 s=17 threadsLeft=14
t=56 s=16 threadsLeft=13
t=56 s=18 threadsLeft=12
t=56 s=15 threadsLeft=11
t=56 s=26 threadsLeft=10
t=56 s=54 threadsLeft=9
t=56 s=22 threadsLeft=8
t=56 s=0 threadsLeft=7
t=56 s=7 threadsLeft=6
t=56 s=6 threadsLeft=5
t=56 s=5 threadsLeft=4
t=56 s=4 threadsLeft=3
t=56 s=1 threadsLeft=2
t=56 s=2 threadsLeft=1
t=56 s=3 threadsLeft=0
  t=56, time=0.004941
t=57 s=0 threadsLeft=22
t=57 s=8 threadsLeft=21
t=57 s=9 threadsLeft=20
t=57 s=10 threadsLeft=19
t=57 s=15 threadsLeft=18
t=57 s=18 threadsLeft=17
t=57 s=14 threadsLeft=16
t=57 s=12 threadsLeft=15
t=57 s=23 threadsLeft=14
t=57 s=55 threadsLeft=13
t=57 s=13 threadsLeft=12
t=57 s=17 threadsLeft=11
t=57 s=11 threadsLeft=10
t=57 s=16 threadsLeft=9
t=57 s=19 threadsLeft=8
t=57 s=27 threadsLeft=7
t=57 s=7 threadsLeft=6
t=57 s=6 threadsLeft=5
t=57 s=5 threadsLeft=4
t=57 s=1 threadsLeft=3
t=57 s=4 threadsLeft=2
t=57 s=3 threadsLeft=1
t=57 s=2 threadsLeft=0
  t=57, time=0.004718
t=58 s=0 threadsLeft=20
t=58 s=10 threadsLeft=19
t=58 s=11 threadsLeft=18
t=58 s=20 threadsLeft=17
t=58 s=17 threadsLeft=16
t=58 s=15 threadsLeft=15
t=58 s=56 threadsLeft=14
t=58 s=24 threadsLeft=13
t=58 s=14 threadsLeft=12
t=58 s=13 threadsLeft=11
t=58 s=12 threadsLeft=10
t=58 s=16 threadsLeft=9
t=58 s=28 threadsLeft=8
t=58 s=7 threadsLeft=7
t=58 s=8 threadsLeft=6
t=58 s=6 threadsLeft=5
t=58 s=5 threadsLeft=4
t=58 s=1 threadsLeft=3
t=58 s=4 threadsLeft=2
t=58 s=2 threadsLeft=1
t=58 s=3 threadsLeft=0
  t=58, time=0.005936
t=59 s=0 threadsLeft=19
t=59 s=9 threadsLeft=18
t=59 s=15 threadsLeft=17
t=59 s=17 threadsLeft=16
t=59 s=13 threadsLeft=15
t=59 s=21 threadsLeft=14
t=59 s=25 threadsLeft=13
t=59 s=16 threadsLeft=12
t=59 s=18 threadsLeft=11
t=59 s=29 threadsLeft=10
t=59 s=57 threadsLeft=9
t=59 s=11 threadsLeft=8
t=59 s=7 threadsLeft=7
t=59 s=8 threadsLeft=6
t=59 s=6 threadsLeft=5
t=59 s=3 threadsLeft=4
t=59 s=5 threadsLeft=3
t=59 s=1 threadsLeft=2
t=59 s=4 threadsLeft=1
t=59 s=2 threadsLeft=0
  t=59, time=0.005939
t=60 s=9 threadsLeft=23
t=60 s=10 threadsLeft=22
t=60 s=12 threadsLeft=21
t=60 s=11 threadsLeft=20
t=60 s=14 threadsLeft=19
t=60 s=15 threadsLeft=18
t=60 s=13 threadsLeft=17
t=60 s=17 threadsLeft=16
t=60 s=18 threadsLeft=15
t=60 s=16 threadsLeft=14
t=60 s=22 threadsLeft=13
t=60 s=19 threadsLeft=12
t=60 s=30 threadsLeft=11
t=60 s=58 threadsLeft=10
t=60 s=26 threadsLeft=9
t=60 s=0 threadsLeft=8
t=60 s=7 threadsLeft=7
t=60 s=8 threadsLeft=6
t=60 s=6 threadsLeft=5
t=60 s=1 threadsLeft=4
t=60 s=5 threadsLeft=3
t=60 s=4 threadsLeft=2
t=60 s=3 threadsLeft=1
t=60 s=2 threadsLeft=0
  t=60, time=0.007866
t=61 s=0 threadsLeft=22
t=61 s=10 threadsLeft=21
t=61 s=11 threadsLeft=20
t=61 s=14 threadsLeft=19
t=61 s=18 threadsLeft=18
t=61 s=19 threadsLeft=17
t=61 s=23 threadsLeft=16
t=61 s=13 threadsLeft=15
t=61 s=17 threadsLeft=14
t=61 s=16 threadsLeft=13
t=61 s=12 threadsLeft=12
t=61 s=27 threadsLeft=11
t=61 s=15 threadsLeft=10
t=61 s=59 threadsLeft=9
t=61 s=31 threadsLeft=8
t=61 s=8 threadsLeft=7
t=61 s=7 threadsLeft=6
t=61 s=6 threadsLeft=5
t=61 s=5 threadsLeft=4
t=61 s=1 threadsLeft=3
t=61 s=4 threadsLeft=2
t=61 s=3 threadsLeft=1
t=61 s=2 threadsLeft=0
  t=61, time=0.010323
t=62 s=11 threadsLeft=22
t=62 s=14 threadsLeft=21
t=62 s=17 threadsLeft=20
t=62 s=16 threadsLeft=19
t=62 s=19 threadsLeft=18
t=62 s=12 threadsLeft=17
t=62 s=15 threadsLeft=16
t=62 s=18 threadsLeft=15
t=62 s=13 threadsLeft=14
t=62 s=24 threadsLeft=13
t=62 s=8 threadsLeft=12
t=62 s=20 threadsLeft=11
t=62 s=28 threadsLeft=10
t=62 s=32 threadsLeft=9
t=62 s=60 threadsLeft=8
t=62 s=0 threadsLeft=7
t=62 s=7 threadsLeft=6
t=62 s=6 threadsLeft=5
t=62 s=1 threadsLeft=4
t=62 s=5 threadsLeft=3
t=62 s=3 threadsLeft=2
t=62 s=4 threadsLeft=1
t=62 s=2 threadsLeft=0
  t=62, time=0.008525
t=63 s=9 threadsLeft=25
t=63 s=10 threadsLeft=24
t=63 s=11 threadsLeft=23
t=63 s=14 threadsLeft=22
t=63 s=13 threadsLeft=21
t=63 s=12 threadsLeft=20
t=63 s=16 threadsLeft=19
t=63 s=20 threadsLeft=18
t=63 s=0 threadsLeft=17
t=63 s=18 threadsLeft=16
t=63 s=21 threadsLeft=15
t=63 s=15 threadsLeft=14
t=63 s=33 threadsLeft=13
t=63 s=61 threadsLeft=12
t=63 s=29 threadsLeft=11
t=63 s=17 threadsLeft=10
t=63 s=19 threadsLeft=9
t=63 s=25 threadsLeft=8
t=63 s=8 threadsLeft=7
t=63 s=7 threadsLeft=6
t=63 s=6 threadsLeft=5
t=63 s=5 threadsLeft=4
t=63 s=1 threadsLeft=3
t=63 s=4 threadsLeft=2
t=63 s=3 threadsLeft=1
t=63 s=2 threadsLeft=0
  t=63, time=0.008007
t=64 s=14 threadsLeft=22
t=64 s=13 threadsLeft=21
t=64 s=0 threadsLeft=20
t=64 s=15 threadsLeft=19
t=64 s=17 threadsLeft=18
t=64 s=18 threadsLeft=17
t=64 s=19 threadsLeft=16
t=64 s=20 threadsLeft=15
t=64 s=22 threadsLeft=14
t=64 s=26 threadsLeft=13
t=64 s=16 threadsLeft=12
t=64 s=30 threadsLeft=11
t=64 s=34 threadsLeft=10
t=64 s=62 threadsLeft=9
t=64 s=9 threadsLeft=8
t=64 s=8 threadsLeft=7
t=64 s=7 threadsLeft=6
t=64 s=6 threadsLeft=5
t=64 s=1 threadsLeft=4
t=64 s=5 threadsLeft=3
t=64 s=3 threadsLeft=2
t=64 s=4 threadsLeft=1
t=64 s=2 threadsLeft=0
  t=64, time=0.013836
t=65 s=0 threadsLeft=24
t=65 s=11 threadsLeft=23
t=65 s=12 threadsLeft=22
t=65 s=13 threadsLeft=21
t=65 s=14 threadsLeft=20
t=65 s=19 threadsLeft=19
t=65 s=15 threadsLeft=18
t=65 s=23 threadsLeft=17
t=65 s=27 threadsLeft=16
t=65 s=16 threadsLeft=15
t=65 s=17 threadsLeft=14
t=65 s=31 threadsLeft=13
t=65 s=63 threadsLeft=12
t=65 s=35 threadsLeft=11
t=65 s=20 threadsLeft=10
t=65 s=10 threadsLeft=9
t=65 s=8 threadsLeft=8
t=65 s=9 threadsLeft=7
t=65 s=7 threadsLeft=6
t=65 s=1 threadsLeft=5
t=65 s=6 threadsLeft=4
t=65 s=5 threadsLeft=3
t=65 s=3 threadsLeft=2
t=65 s=4 threadsLeft=1
t=65 s=2 threadsLeft=0
  t=65, time=0.011506
t=66 s=0 threadsLeft=25
t=66 s=12 threadsLeft=24
t=66 s=13 threadsLeft=23
t=66 s=11 threadsLeft=22
t=66 s=15 threadsLeft=21
t=66 s=16 threadsLeft=20
t=66 s=14 threadsLeft=19
t=66 s=17 threadsLeft=18
t=66 s=10 threadsLeft=17
t=66 s=18 threadsLeft=16
t=66 s=20 threadsLeft=15
t=66 s=21 threadsLeft=14
t=66 s=24 threadsLeft=13
t=66 s=28 threadsLeft=12
t=66 s=32 threadsLeft=11
t=66 s=36 threadsLeft=10
t=66 s=64 threadsLeft=9
t=66 s=5 threadsLeft=8
t=66 s=9 threadsLeft=7
t=66 s=8 threadsLeft=6
t=66 s=7 threadsLeft=5
t=66 s=6 threadsLeft=4
t=66 s=1 threadsLeft=3
t=66 s=3 threadsLeft=2
t=66 s=4 threadsLeft=1
t=66 s=2 threadsLeft=0
  t=66, time=0.014328
t=67 s=0 threadsLeft=26
t=67 s=13 threadsLeft=25
t=67 s=14 threadsLeft=24
t=67 s=15 threadsLeft=23
t=67 s=16 threadsLeft=22
t=67 s=10 threadsLeft=21
t=67 s=17 threadsLeft=20
t=67 s=19 threadsLeft=19
t=67 s=12 threadsLeft=18
t=67 s=21 threadsLeft=17
t=67 s=22 threadsLeft=16
t=67 s=25 threadsLeft=15
t=67 s=29 threadsLeft=14
t=67 s=37 threadsLeft=13
t=67 s=65 threadsLeft=12
t=67 s=18 threadsLeft=11
t=67 s=33 threadsLeft=10
t=67 s=11 threadsLeft=9
t=67 s=9 threadsLeft=8
t=67 s=6 threadsLeft=7
t=67 s=8 threadsLeft=6
t=67 s=1 threadsLeft=5
t=67 s=7 threadsLeft=4
t=67 s=5 threadsLeft=3
t=67 s=4 threadsLeft=2
t=67 s=2 threadsLeft=1
t=67 s=3 threadsLeft=0
  t=67, time=0.015806
t=68 s=14 threadsLeft=25
t=68 s=18 threadsLeft=24
t=68 s=16 threadsLeft=23
t=68 s=19 threadsLeft=22
t=68 s=13 threadsLeft=21
t=68 s=20 threadsLeft=20
t=68 s=21 threadsLeft=19
t=68 s=26 threadsLeft=18
t=68 s=22 threadsLeft=17
t=68 s=30 threadsLeft=16
t=68 s=15 threadsLeft=15
t=68 s=38 threadsLeft=14
t=68 s=34 threadsLeft=13
t=68 s=66 threadsLeft=12
t=68 s=0 threadsLeft=11
t=68 s=10 threadsLeft=10
t=68 s=12 threadsLeft=9
t=68 s=9 threadsLeft=8
t=68 s=8 threadsLeft=7
t=68 s=7 threadsLeft=6
t=68 s=6 threadsLeft=5
t=68 s=5 threadsLeft=4
t=68 s=1 threadsLeft=3
t=68 s=3 threadsLeft=2
t=68 s=2 threadsLeft=1
t=68 s=4 threadsLeft=0
  t=68, time=0.016254
t=69 s=0 threadsLeft=28
t=69 s=12 threadsLeft=27
t=69 s=13 threadsLeft=26
t=69 s=11 threadsLeft=25
t=69 s=15 threadsLeft=24
t=69 s=14 threadsLeft=23
t=69 s=16 threadsLeft=22
t=69 s=17 threadsLeft=21
t=69 s=19 threadsLeft=20
t=69 s=18 threadsLeft=19
t=69 s=21 threadsLeft=18
t=69 s=20 threadsLeft=17
t=69 s=22 threadsLeft=16
t=69 s=27 threadsLeft=15
t=69 s=23 threadsLeft=14
t=69 s=31 threadsLeft=13
t=69 s=35 threadsLeft=12
t=69 s=39 threadsLeft=11
t=69 s=67 threadsLeft=10
t=69 s=10 threadsLeft=9
t=69 s=9 threadsLeft=8
t=69 s=8 threadsLeft=7
t=69 s=7 threadsLeft=6
t=69 s=1 threadsLeft=5
t=69 s=6 threadsLeft=4
t=69 s=5 threadsLeft=3
t=69 s=4 threadsLeft=2
t=69 s=3 threadsLeft=1
t=69 s=2 threadsLeft=0
  t=69, time=0.019328
t=70 s=0 threadsLeft=26
t=70 s=14 threadsLeft=25
t=70 s=16 threadsLeft=24
t=70 s=17 threadsLeft=23
t=70 s=19 threadsLeft=22
t=70 s=18 threadsLeft=21
t=70 s=24 threadsLeft=20
t=70 s=28 threadsLeft=19
t=70 s=21 threadsLeft=18
t=70 s=32 threadsLeft=17
t=70 s=36 threadsLeft=16
t=70 s=15 threadsLeft=15
t=70 s=68 threadsLeft=14
t=70 s=11 threadsLeft=13
t=70 s=20 threadsLeft=12
t=70 s=40 threadsLeft=11
t=70 s=10 threadsLeft=10
t=70 s=12 threadsLeft=9
t=70 s=9 threadsLeft=8
t=70 s=8 threadsLeft=7
t=70 s=7 threadsLeft=6
t=70 s=1 threadsLeft=5
t=70 s=6 threadsLeft=4
t=70 s=5 threadsLeft=3
t=70 s=4 threadsLeft=2
t=70 s=3 threadsLeft=1
t=70 s=2 threadsLeft=0
  t=70, time=0.028369
gb.dim_Ext()=798
gb.dim_Gb()=1309
[38;2;000;128;000mTime: 0.329695s (2025-11-03 16:58:02)
[0m  t=1, time=0.000673
t=2 s=0 threadsLeft=0
  t=2, time=3.3e-05
t=3 s=0 threadsLeft=1
t=3 s=1 threadsLeft=0
  t=3, time=2.8e-05
t=4 s=0 threadsLeft=1
t=4 s=2 threadsLeft=0
  t=4, time=3.2e-05
t=5 s=0 threadsLeft=1
t=5 s=3 threadsLeft=0
  t=5, time=4.8e-05
t=6 s=0 threadsLeft=2
t=6 s=1 threadsLeft=1
t=6 s=4 threadsLeft=0
  t=6, time=4.6e-05
t=7 s=0 threadsLeft=3
t=7 s=1 threadsLeft=2
t=7 s=5 threadsLeft=1
t=7 s=2 threadsLeft=0
  t=7, time=5.4e-05
t=8 s=0 threadsLeft=3
t=8 s=1 threadsLeft=2
t=8 s=2 threadsLeft=1
t=8 s=6 threadsLeft=0
  t=8, time=5.4e-05
t=9 s=0 threadsLeft=3
t=9 s=1 threadsLeft=2
t=9 s=2 threadsLeft=1
t=9 s=7 threadsLeft=0
  t=9, time=6.5e-05
t=10 s=0 threadsLeft=2
t=10 s=8 threadsLeft=1
t=10 s=1 threadsLeft=0
  t=10, time=6.6e-05
t=11 s=1 threadsLeft=2
t=11 s=2 threadsLeft=1
t=11 s=9 threadsLeft=0
  t=11, time=6.3e-05
t=12 s=0 threadsLeft=4
t=12 s=1 threadsLeft=3
t=12 s=2 threadsLeft=2
t=12 s=3 threadsLeft=1
t=12 s=10 threadsLeft=0
  t=12, time=6.4e-05
t=13 s=1 threadsLeft=3
t=13 s=2 threadsLeft=2
t=13 s=3 threadsLeft=1
t=13 s=11 threadsLeft=0
  t=13, time=7.3e-05
t=14 s=0 threadsLeft=4
t=14 s=2 threadsLeft=3
t=14 s=1 threadsLeft=2
t=14 s=3 threadsLeft=1
t=14 s=12 threadsLeft=0
  t=14, time=7.3e-05
t=15 s=0 threadsLeft=5
t=15 s=1 threadsLeft=4
t=15 s=2 threadsLeft=3
t=15 s=4 threadsLeft=2
t=15 s=3 threadsLeft=1
t=15 s=13 threadsLeft=0
  t=15, time=8.6e-05
t=16 s=0 threadsLeft=5
t=16 s=1 threadsLeft=4
t=16 s=2 threadsLeft=3
t=16 s=4 threadsLeft=2
t=16 s=3 threadsLeft=1
t=16 s=14 threadsLeft=0
  t=16, time=8.2e-05
t=17 s=0 threadsLeft=4
t=17 s=3 threadsLeft=3
t=17 s=1 threadsLeft=2
t=17 s=4 threadsLeft=1
t=17 s=15 threadsLeft=0
  t=17, time=8.3e-05
t=18 s=0 threadsLeft=5
t=18 s=1 threadsLeft=4
t=18 s=4 threadsLeft=3
t=18 s=2 threadsLeft=2
t=18 s=16 threadsLeft=1
t=18 s=5 threadsLeft=0
  t=18, time=0.000103
t=19 s=3 threadsLeft=5
t=19 s=6 threadsLeft=4
t=19 s=1 threadsLeft=3
t=19 s=2 threadsLeft=2
t=19 s=17 threadsLeft=1
t=19 s=5 threadsLeft=0
  t=19, time=0.000115
t=20 s=0 threadsLeft=6
t=20 s=4 threadsLeft=5
t=20 s=6 threadsLeft=4
t=20 s=3 threadsLeft=3
t=20 s=1 threadsLeft=2
t=20 s=5 threadsLeft=1
t=20 s=18 threadsLeft=0
  t=20, time=0.000144
t=21 s=2 threadsLeft=5
t=21 s=4 threadsLeft=4
t=21 s=1 threadsLeft=3
t=21 s=5 threadsLeft=2
t=21 s=6 threadsLeft=1
t=21 s=19 threadsLeft=0
  t=21, time=0.000124
t=22 s=3 threadsLeft=5
t=22 s=4 threadsLeft=4
t=22 s=5 threadsLeft=3
t=22 s=1 threadsLeft=2
t=22 s=20 threadsLeft=1
t=22 s=2 threadsLeft=0
  t=22, time=0.000157
t=23 s=1 threadsLeft=6
t=23 s=4 threadsLeft=5
t=23 s=5 threadsLeft=4
t=23 s=3 threadsLeft=3
t=23 s=21 threadsLeft=2
t=23 s=2 threadsLeft=1
t=23 s=6 threadsLeft=0
  t=23, time=0.000117
t=24 s=0 threadsLeft=8
t=24 s=1 threadsLeft=7
t=24 s=4 threadsLeft=6
t=24 s=3 threadsLeft=5
t=24 s=5 threadsLeft=4
t=24 s=6 threadsLeft=3
t=24 s=7 threadsLeft=2
t=24 s=22 threadsLeft=1
t=24 s=2 threadsLeft=0
  t=24, time=0.00013
t=25 s=4 threadsLeft=7
t=25 s=3 threadsLeft=6
t=25 s=5 threadsLeft=5
t=25 s=7 threadsLeft=4
t=25 s=1 threadsLeft=3
t=25 s=2 threadsLeft=2
t=25 s=23 threadsLeft=1
t=25 s=6 threadsLeft=0
  t=25, time=0.000187
t=26 s=1 threadsLeft=7
t=26 s=3 threadsLeft=6
t=26 s=4 threadsLeft=5
t=26 s=5 threadsLeft=4
t=26 s=6 threadsLeft=3
t=26 s=7 threadsLeft=2
t=26 s=24 threadsLeft=1
t=26 s=2 threadsLeft=0
  t=26, time=0.000193
t=27 s=3 threadsLeft=8
t=27 s=5 threadsLeft=7
t=27 s=7 threadsLeft=6
t=27 s=2 threadsLeft=5
t=27 s=4 threadsLeft=4
t=27 s=8 threadsLeft=3
t=27 s=1 threadsLeft=2
t=27 s=25 threadsLeft=1
t=27 s=6 threadsLeft=0
  t=27, time=0.000185
t=28 s=0 threadsLeft=8
t=28 s=4 threadsLeft=7
t=28 s=5 threadsLeft=6
t=28 s=7 threadsLeft=5
t=28 s=8 threadsLeft=4
t=28 s=3 threadsLeft=3
t=28 s=26 threadsLeft=2
t=28 s=2 threadsLeft=1
t=28 s=1 threadsLeft=0
  t=28, time=0.000192
t=29 s=0 threadsLeft=7
t=29 s=8 threadsLeft=6
t=29 s=27 threadsLeft=5
t=29 s=3 threadsLeft=4
t=29 s=4 threadsLeft=3
t=29 s=7 threadsLeft=2
t=29 s=1 threadsLeft=1
t=29 s=2 threadsLeft=0
  t=29, time=0.000236
t=30 s=0 threadsLeft=9
t=30 s=3 threadsLeft=8
t=30 s=4 threadsLeft=7
t=30 s=9 threadsLeft=6
t=30 s=8 threadsLeft=5
t=30 s=28 threadsLeft=4
t=30 s=6 threadsLeft=3
t=30 s=1 threadsLeft=2
t=30 s=5 threadsLeft=1
t=30 s=2 threadsLeft=0
  t=30, time=0.00024
t=31 s=0 threadsLeft=10
t=31 s=5 threadsLeft=9
t=31 s=4 threadsLeft=8
t=31 s=7 threadsLeft=7
t=31 s=6 threadsLeft=6
t=31 s=10 threadsLeft=5
t=31 s=9 threadsLeft=4
t=31 s=1 threadsLeft=3
t=31 s=3 threadsLeft=2
t=31 s=29 threadsLeft=1
t=31 s=2 threadsLeft=0
  t=31, time=0.000303
t=32 s=0 threadsLeft=9
t=32 s=3 threadsLeft=8
t=32 s=7 threadsLeft=7
t=32 s=8 threadsLeft=6
t=32 s=9 threadsLeft=5
t=32 s=10 threadsLeft=4
t=32 s=4 threadsLeft=3
t=32 s=30 threadsLeft=2
t=32 s=1 threadsLeft=1
t=32 s=2 threadsLeft=0
  t=32, time=0.000344
t=33 s=0 threadsLeft=10
t=33 s=3 threadsLeft=9
t=33 s=6 threadsLeft=8
t=33 s=10 threadsLeft=7
t=33 s=31 threadsLeft=6
t=33 s=4 threadsLeft=5
t=33 s=9 threadsLeft=4
t=33 s=8 threadsLeft=3
t=33 s=2 threadsLeft=2
t=33 s=5 threadsLeft=1
t=33 s=1 threadsLeft=0
  t=33, time=0.000276
t=34 s=0 threadsLeft=10
t=34 s=4 threadsLeft=9
t=34 s=32 threadsLeft=8
t=34 s=7 threadsLeft=7
t=34 s=8 threadsLeft=6
t=34 s=6 threadsLeft=5
t=34 s=3 threadsLeft=4
t=34 s=9 threadsLeft=3
t=34 s=5 threadsLeft=2
t=34 s=1 threadsLeft=1
t=34 s=2 threadsLeft=0
  t=34, time=0.000356
t=35 s=4 threadsLeft=9
t=35 s=5 threadsLeft=8
t=35 s=10 threadsLeft=7
t=35 s=33 threadsLeft=6
t=35 s=9 threadsLeft=5
t=35 s=3 threadsLeft=4
t=35 s=1 threadsLeft=3
t=35 s=8 threadsLeft=2
t=35 s=7 threadsLeft=1
t=35 s=2 threadsLeft=0
  t=35, time=0.000466
t=36 s=0 threadsLeft=12
t=36 s=7 threadsLeft=11
t=36 s=6 threadsLeft=10
t=36 s=4 threadsLeft=9
t=36 s=8 threadsLeft=8
t=36 s=34 threadsLeft=7
t=36 s=3 threadsLeft=6
t=36 s=10 threadsLeft=5
t=36 s=11 threadsLeft=4
t=36 s=9 threadsLeft=3
t=36 s=5 threadsLeft=2
t=36 s=1 threadsLeft=1
t=36 s=2 threadsLeft=0
  t=36, time=0.000338
t=37 s=4 threadsLeft=11
t=37 s=35 threadsLeft=10
t=37 s=7 threadsLeft=9
t=37 s=9 threadsLeft=8
t=37 s=3 threadsLeft=7
t=37 s=8 threadsLeft=6
t=37 s=10 threadsLeft=5
t=37 s=11 threadsLeft=4
t=37 s=6 threadsLeft=3
t=37 s=5 threadsLeft=2
t=37 s=1 threadsLeft=1
t=37 s=2 threadsLeft=0
  t=37, time=0.000476
t=38 s=4 threadsLeft=11
t=38 s=10 threadsLeft=10
t=38 s=36 threadsLeft=9
t=38 s=9 threadsLeft=8
t=38 s=8 threadsLeft=7
t=38 s=7 threadsLeft=6
t=38 s=11 threadsLeft=5
t=38 s=6 threadsLeft=4
t=38 s=5 threadsLeft=3
t=38 s=3 threadsLeft=2
t=38 s=1 threadsLeft=1
t=38 s=2 threadsLeft=0
  t=38, time=0.000557
t=39 s=4 threadsLeft=12
t=39 s=9 threadsLeft=11
t=39 s=11 threadsLeft=10
t=39 s=10 threadsLeft=9
t=39 s=7 threadsLeft=8
t=39 s=6 threadsLeft=7
t=39 s=8 threadsLeft=6
t=39 s=37 threadsLeft=5
t=39 s=12 threadsLeft=4
t=39 s=5 threadsLeft=3
t=39 s=1 threadsLeft=2
t=39 s=3 threadsLeft=1
t=39 s=2 threadsLeft=0
  t=39, time=0.000517
t=40 s=0 threadsLeft=13
t=40 s=2 threadsLeft=12
t=40 s=6 threadsLeft=11
t=40 s=10 threadsLeft=10
t=40 s=38 threadsLeft=9
t=40 s=9 threadsLeft=8
t=40 s=11 threadsLeft=7
t=40 s=8 threadsLeft=6
t=40 s=12 threadsLeft=5
t=40 s=7 threadsLeft=4
t=40 s=5 threadsLeft=3
t=40 s=4 threadsLeft=2
t=40 s=1 threadsLeft=1
t=40 s=3 threadsLeft=0
  t=40, time=0.000498
t=41 s=5 threadsLeft=10
t=41 s=4 threadsLeft=9
t=41 s=39 threadsLeft=8
t=41 s=11 threadsLeft=7
t=41 s=12 threadsLeft=6
t=41 s=9 threadsLeft=5
t=41 s=8 threadsLeft=4
t=41 s=7 threadsLeft=3
t=41 s=3 threadsLeft=2
t=41 s=2 threadsLeft=1
t=41 s=1 threadsLeft=0
  t=41, time=0.00067
t=42 s=40 threadsLeft=12
t=42 s=7 threadsLeft=11
t=42 s=12 threadsLeft=10
t=42 s=4 threadsLeft=9
t=42 s=5 threadsLeft=8
t=42 s=13 threadsLeft=7
t=42 s=10 threadsLeft=6
t=42 s=9 threadsLeft=5
t=42 s=8 threadsLeft=4
t=42 s=6 threadsLeft=3
t=42 s=3 threadsLeft=2
t=42 s=1 threadsLeft=1
t=42 s=2 threadsLeft=0
  t=42, time=0.000873
t=43 s=5 threadsLeft=13
t=43 s=11 threadsLeft=12
t=43 s=13 threadsLeft=11
t=43 s=41 threadsLeft=10
t=43 s=9 threadsLeft=9
t=43 s=10 threadsLeft=8
t=43 s=8 threadsLeft=7
t=43 s=7 threadsLeft=6
t=43 s=14 threadsLeft=5
t=43 s=1 threadsLeft=4
t=43 s=6 threadsLeft=3
t=43 s=4 threadsLeft=2
t=43 s=3 threadsLeft=1
t=43 s=2 threadsLeft=0
  t=43, time=0.001017
t=44 s=10 threadsLeft=13
t=44 s=42 threadsLeft=12
t=44 s=12 threadsLeft=11
t=44 s=11 threadsLeft=10
t=44 s=13 threadsLeft=9
t=44 s=14 threadsLeft=8
t=44 s=6 threadsLeft=7
t=44 s=8 threadsLeft=6
t=44 s=7 threadsLeft=5
t=44 s=5 threadsLeft=4
t=44 s=3 threadsLeft=3
t=44 s=4 threadsLeft=2
t=44 s=1 threadsLeft=1
t=44 s=2 threadsLeft=0
  t=44, time=0.001087
t=45 s=11 threadsLeft=15
t=45 s=10 threadsLeft=14
t=45 s=14 threadsLeft=13
t=45 s=7 threadsLeft=12
t=45 s=12 threadsLeft=11
t=45 s=15 threadsLeft=10
t=45 s=8 threadsLeft=9
t=45 s=13 threadsLeft=8
t=45 s=9 threadsLeft=7
t=45 s=43 threadsLeft=6
t=45 s=1 threadsLeft=5
t=45 s=6 threadsLeft=4
t=45 s=5 threadsLeft=3
t=45 s=4 threadsLeft=2
t=45 s=3 threadsLeft=1
t=45 s=2 threadsLeft=0
  t=45, time=0.001542
t=46 s=16 threadsLeft=14
t=46 s=11 threadsLeft=13
t=46 s=10 threadsLeft=12
t=46 s=44 threadsLeft=11
t=46 s=13 threadsLeft=10
t=46 s=12 threadsLeft=9
t=46 s=9 threadsLeft=8
t=46 s=8 threadsLeft=7
t=46 s=7 threadsLeft=6
t=46 s=6 threadsLeft=5
t=46 s=5 threadsLeft=4
t=46 s=1 threadsLeft=3
t=46 s=4 threadsLeft=2
t=46 s=3 threadsLeft=1
t=46 s=2 threadsLeft=0
  t=46, time=0.001654
t=47 s=9 threadsLeft=14
t=47 s=11 threadsLeft=13
t=47 s=12 threadsLeft=12
t=47 s=13 threadsLeft=11
t=47 s=14 threadsLeft=10
t=47 s=8 threadsLeft=9
t=47 s=45 threadsLeft=8
t=47 s=17 threadsLeft=7
t=47 s=7 threadsLeft=6
t=47 s=6 threadsLeft=5
t=47 s=1 threadsLeft=4
t=47 s=5 threadsLeft=3
t=47 s=4 threadsLeft=2
t=47 s=3 threadsLeft=1
t=47 s=2 threadsLeft=0
  t=47, time=0.001646
t=48 s=11 threadsLeft=17
t=48 s=0 threadsLeft=16
t=48 s=14 threadsLeft=15
t=48 s=10 threadsLeft=14
t=48 s=13 threadsLeft=13
t=48 s=15 threadsLeft=12
t=48 s=7 threadsLeft=11
t=48 s=46 threadsLeft=10
t=48 s=18 threadsLeft=9
t=48 s=9 threadsLeft=8
t=48 s=12 threadsLeft=7
t=48 s=8 threadsLeft=6
t=48 s=6 threadsLeft=5
t=48 s=1 threadsLeft=4
t=48 s=5 threadsLeft=3
t=48 s=4 threadsLeft=2
t=48 s=3 threadsLeft=1
t=48 s=2 threadsLeft=0
  t=48, time=0.00232
t=49 s=12 threadsLeft=16
t=49 s=11 threadsLeft=15
t=49 s=7 threadsLeft=14
t=49 s=10 threadsLeft=13
t=49 s=13 threadsLeft=12
t=49 s=15 threadsLeft=11
t=49 s=14 threadsLeft=10
t=49 s=19 threadsLeft=9
t=49 s=47 threadsLeft=8
t=49 s=9 threadsLeft=7
t=49 s=8 threadsLeft=6
t=49 s=6 threadsLeft=5
t=49 s=4 threadsLeft=4
t=49 s=1 threadsLeft=3
t=49 s=5 threadsLeft=2
t=49 s=3 threadsLeft=1
t=49 s=2 threadsLeft=0
  t=49, time=0.002519
t=50 s=7 threadsLeft=15
t=50 s=15 threadsLeft=14
t=50 s=13 threadsLeft=13
t=50 s=12 threadsLeft=12
t=50 s=11 threadsLeft=11
t=50 s=16 threadsLeft=10
t=50 s=20 threadsLeft=9
t=50 s=14 threadsLeft=8
t=50 s=48 threadsLeft=7
t=50 s=8 threadsLeft=6
t=50 s=6 threadsLeft=5
t=50 s=4 threadsLeft=4
t=50 s=5 threadsLeft=3
t=50 s=1 threadsLeft=2
t=50 s=3 threadsLeft=1
t=50 s=2 threadsLeft=0
  t=50, time=0.002717
t=51 s=11 threadsLeft=17
t=51 s=8 threadsLeft=16
t=51 s=21 threadsLeft=15
t=51 s=17 threadsLeft=14
t=51 s=14 threadsLeft=13
t=51 s=10 threadsLeft=12
t=51 s=49 threadsLeft=11
t=51 s=13 threadsLeft=10
t=51 s=9 threadsLeft=9
t=51 s=16 threadsLeft=8
t=51 s=12 threadsLeft=7
t=51 s=15 threadsLeft=6
t=51 s=7 threadsLeft=5
t=51 s=6 threadsLeft=4
t=51 s=5 threadsLeft=3
t=51 s=3 threadsLeft=2
t=51 s=4 threadsLeft=1
t=51 s=2 threadsLeft=0
  t=51, time=0.003377
t=52 s=14 threadsLeft=17
t=52 s=13 threadsLeft=16
t=52 s=12 threadsLeft=15
t=52 s=11 threadsLeft=14
t=52 s=10 threadsLeft=13
t=52 s=50 threadsLeft=12
t=52 s=18 threadsLeft=11
t=52 s=16 threadsLeft=10
t=52 s=22 threadsLeft=9
t=52 s=9 threadsLeft=8
t=52 s=15 threadsLeft=7
t=52 s=7 threadsLeft=6
t=52 s=6 threadsLeft=5
t=52 s=1 threadsLeft=4
t=52 s=5 threadsLeft=3
t=52 s=3 threadsLeft=2
t=52 s=4 threadsLeft=1
t=52 s=2 threadsLeft=0
  t=52, time=0.003387
t=53 s=0 threadsLeft=17
t=53 s=8 threadsLeft=16
t=53 s=15 threadsLeft=15
t=53 s=11 threadsLeft=14
t=53 s=23 threadsLeft=13
t=53 s=19 threadsLeft=12
t=53 s=10 threadsLeft=11
t=53 s=51 threadsLeft=10
t=53 s=12 threadsLeft=9
t=53 s=16 threadsLeft=8
t=53 s=9 threadsLeft=7
t=53 s=7 threadsLeft=6
t=53 s=6 threadsLeft=5
t=53 s=1 threadsLeft=4
t=53 s=4 threadsLeft=3
t=53 s=5 threadsLeft=2
t=53 s=3 threadsLeft=1
t=53 s=2 threadsLeft=0
  t=53, time=0.003726
t=54 s=0 threadsLeft=19
t=54 s=7 threadsLeft=18
t=54 s=8 threadsLeft=17
t=54 s=11 threadsLeft=16
t=54 s=12 threadsLeft=15
t=54 s=17 threadsLeft=14
t=54 s=24 threadsLeft=13
t=54 s=13 threadsLeft=12
t=54 s=10 threadsLeft=11
t=54 s=52 threadsLeft=10
t=54 s=14 threadsLeft=9
t=54 s=20 threadsLeft=8
t=54 s=16 threadsLeft=7
t=54 s=9 threadsLeft=6
t=54 s=6 threadsLeft=5
t=54 s=1 threadsLeft=4
t=54 s=5 threadsLeft=3
t=54 s=4 threadsLeft=2
t=54 s=3 threadsLeft=1
t=54 s=2 threadsLeft=0
  t=54, time=0.003792
t=55 s=0 threadsLeft=19
t=55 s=8 threadsLeft=18
t=55 s=13 threadsLeft=17
t=55 s=12 threadsLeft=16
t=55 s=14 threadsLeft=15
t=55 s=17 threadsLeft=14
t=55 s=18 threadsLeft=13
t=55 s=25 threadsLeft=12
t=55 s=53 threadsLeft=11
t=55 s=9 threadsLeft=10
t=55 s=15 threadsLeft=9
t=55 s=11 threadsLeft=8
t=55 s=21 threadsLeft=7
t=55 s=10 threadsLeft=6
t=55 s=6 threadsLeft=5
t=55 s=2 threadsLeft=4
t=55 s=1 threadsLeft=3
t=55 s=5 threadsLeft=2
t=55 s=4 threadsLeft=1
t=55 s=3 threadsLeft=0
  t=55, time=0.003233
t=56 s=9 threadsLeft=19
t=56 s=10 threadsLeft=18
t=56 s=16 threadsLeft=17
t=56 s=15 threadsLeft=16
t=56 s=17 threadsLeft=15
t=56 s=14 threadsLeft=14
t=56 s=22 threadsLeft=13
t=56 s=18 threadsLeft=12
t=56 s=26 threadsLeft=11
t=56 s=54 threadsLeft=10
t=56 s=12 threadsLeft=9
t=56 s=11 threadsLeft=8
t=56 s=0 threadsLeft=7
t=56 s=7 threadsLeft=6
t=56 s=6 threadsLeft=5
t=56 s=5 threadsLeft=4
t=56 s=4 threadsLeft=3
t=56 s=1 threadsLeft=2
t=56 s=2 threadsLeft=1
t=56 s=3 threadsLeft=0
  t=56, time=0.004988
t=57 s=0 threadsLeft=22
t=57 s=8 threadsLeft=21
t=57 s=9 threadsLeft=20
t=57 s=11 threadsLeft=19
t=57 s=15 threadsLeft=18
t=57 s=10 threadsLeft=17
t=57 s=16 threadsLeft=16
t=57 s=14 threadsLeft=15
t=57 s=17 threadsLeft=14
t=57 s=19 threadsLeft=13
t=57 s=23 threadsLeft=12
t=57 s=18 threadsLeft=11
t=57 s=27 threadsLeft=10
t=57 s=55 threadsLeft=9
t=57 s=13 threadsLeft=8
t=57 s=12 threadsLeft=7
t=57 s=7 threadsLeft=6
t=57 s=6 threadsLeft=5
t=57 s=1 threadsLeft=4
t=57 s=5 threadsLeft=3
t=57 s=4 threadsLeft=2
t=57 s=3 threadsLeft=1
t=57 s=2 threadsLeft=0
  t=57, time=0.004633
t=58 s=0 threadsLeft=20
t=58 s=12 threadsLeft=19
t=58 s=24 threadsLeft=18
t=58 s=14 threadsLeft=17
t=58 s=17 threadsLeft=16
t=58 s=11 threadsLeft=15
t=58 s=16 threadsLeft=14
t=58 s=15 threadsLeft=13
t=58 s=20 threadsLeft=12
t=58 s=56 threadsLeft=11
t=58 s=13 threadsLeft=10
t=58 s=28 threadsLeft=9
t=58 s=10 threadsLeft=8
t=58 s=7 threadsLeft=7
t=58 s=8 threadsLeft=6
t=58 s=6 threadsLeft=5
t=58 s=5 threadsLeft=4
t=58 s=1 threadsLeft=3
t=58 s=4 threadsLeft=2
t=58 s=2 threadsLeft=1
t=58 s=3 threadsLeft=0
  t=58, time=0.005925
t=59 s=0 threadsLeft=19
t=59 s=9 threadsLeft=18
t=59 s=13 threadsLeft=17
t=59 s=15 threadsLeft=16
t=59 s=17 threadsLeft=15
t=59 s=18 threadsLeft=14
t=59 s=21 threadsLeft=13
t=59 s=25 threadsLeft=12
t=59 s=29 threadsLeft=11
t=59 s=57 threadsLeft=10
t=59 s=11 threadsLeft=9
t=59 s=16 threadsLeft=8
t=59 s=7 threadsLeft=7
t=59 s=8 threadsLeft=6
t=59 s=6 threadsLeft=5
t=59 s=3 threadsLeft=4
t=59 s=5 threadsLeft=3
t=59 s=1 threadsLeft=2
t=59 s=4 threadsLeft=1
t=59 s=2 threadsLeft=0
  t=59, time=0.005877
t=60 s=9 threadsLeft=23
t=60 s=10 threadsLeft=22
t=60 s=13 threadsLeft=21
t=60 s=14 threadsLeft=20
t=60 s=15 threadsLeft=19
t=60 s=19 threadsLeft=18
t=60 s=11 threadsLeft=17
t=60 s=22 threadsLeft=16
t=60 s=18 threadsLeft=15
t=60 s=17 threadsLeft=14
t=60 s=30 threadsLeft=13
t=60 s=16 threadsLeft=12
t=60 s=26 threadsLeft=11
t=60 s=58 threadsLeft=10
t=60 s=12 threadsLeft=9
t=60 s=0 threadsLeft=8
t=60 s=7 threadsLeft=7
t=60 s=8 threadsLeft=6
t=60 s=6 threadsLeft=5
t=60 s=1 threadsLeft=4
t=60 s=5 threadsLeft=3
t=60 s=4 threadsLeft=2
t=60 s=3 threadsLeft=1
t=60 s=2 threadsLeft=0
  t=60, time=0.007673
t=61 s=0 threadsLeft=22
t=61 s=10 threadsLeft=21
t=61 s=11 threadsLeft=20
t=61 s=15 threadsLeft=19
t=61 s=17 threadsLeft=18
t=61 s=14 threadsLeft=17
t=61 s=19 threadsLeft=16
t=61 s=16 threadsLeft=15
t=61 s=23 threadsLeft=14
t=61 s=31 threadsLeft=13
t=61 s=18 threadsLeft=12
t=61 s=59 threadsLeft=11
t=61 s=12 threadsLeft=10
t=61 s=27 threadsLeft=9
t=61 s=13 threadsLeft=8
t=61 s=8 threadsLeft=7
t=61 s=7 threadsLeft=6
t=61 s=6 threadsLeft=5
t=61 s=5 threadsLeft=4
t=61 s=1 threadsLeft=3
t=61 s=4 threadsLeft=2
t=61 s=3 threadsLeft=1
t=61 s=2 threadsLeft=0
  t=61, time=0.010027
t=62 s=11 threadsLeft=22
t=62 s=13 threadsLeft=21
t=62 s=12 threadsLeft=20
t=62 s=15 threadsLeft=19
t=62 s=14 threadsLeft=18
t=62 s=16 threadsLeft=17
t=62 s=17 threadsLeft=16
t=62 s=18 threadsLeft=15
t=62 s=20 threadsLeft=14
t=62 s=19 threadsLeft=13
t=62 s=24 threadsLeft=12
t=62 s=32 threadsLeft=11
t=62 s=60 threadsLeft=10
t=62 s=8 threadsLeft=9
t=62 s=28 threadsLeft=8
t=62 s=0 threadsLeft=7
t=62 s=7 threadsLeft=6
t=62 s=6 threadsLeft=5
t=62 s=1 threadsLeft=4
t=62 s=5 threadsLeft=3
t=62 s=3 threadsLeft=2
t=62 s=4 threadsLeft=1
t=62 s=2 threadsLeft=0
  t=62, time=0.008441
t=63 s=9 threadsLeft=25
t=63 s=10 threadsLeft=24
t=63 s=11 threadsLeft=23
t=63 s=14 threadsLeft=22
t=63 s=13 threadsLeft=21
t=63 s=19 threadsLeft=20
t=63 s=15 threadsLeft=19
t=63 s=21 threadsLeft=18
t=63 s=20 threadsLeft=17
t=63 s=33 threadsLeft=16
t=63 s=18 threadsLeft=15
t=63 s=0 threadsLeft=14
t=63 s=16 threadsLeft=13
t=63 s=17 threadsLeft=12
t=63 s=25 threadsLeft=11
t=63 s=12 threadsLeft=10
t=63 s=61 threadsLeft=9
t=63 s=29 threadsLeft=8
t=63 s=8 threadsLeft=7
t=63 s=7 threadsLeft=6
t=63 s=6 threadsLeft=5
t=63 s=5 threadsLeft=4
t=63 s=1 threadsLeft=3
t=63 s=4 threadsLeft=2
t=63 s=3 threadsLeft=1
t=63 s=2 threadsLeft=0
  t=63, time=0.007889
t=64 s=18 threadsLeft=22
t=64 s=22 threadsLeft=21
t=64 s=17 threadsLeft=20
t=64 s=13 threadsLeft=19
t=64 s=26 threadsLeft=18
t=64 s=0 threadsLeft=17
t=64 s=14 threadsLeft=16
t=64 s=30 threadsLeft=15
t=64 s=15 threadsLeft=14
t=64 s=34 threadsLeft=13
t=64 s=62 threadsLeft=12
t=64 s=20 threadsLeft=11
t=64 s=19 threadsLeft=10
t=64 s=16 threadsLeft=9
t=64 s=9 threadsLeft=8
t=64 s=8 threadsLeft=7
t=64 s=7 threadsLeft=6
t=64 s=6 threadsLeft=5
t=64 s=1 threadsLeft=4
t=64 s=5 threadsLeft=3
t=64 s=3 threadsLeft=2
t=64 s=4 threadsLeft=1
t=64 s=2 threadsLeft=0
  t=64, time=0.013716
t=65 s=0 threadsLeft=24
t=65 s=12 threadsLeft=23
t=65 s=19 threadsLeft=22
t=65 s=16 threadsLeft=21
t=65 s=20 threadsLeft=20
t=65 s=17 threadsLeft=19
t=65 s=23 threadsLeft=18
t=65 s=27 threadsLeft=17
t=65 s=31 threadsLeft=16
t=65 s=35 threadsLeft=15
t=65 s=14 threadsLeft=14
t=65 s=13 threadsLeft=13
t=65 s=63 threadsLeft=12
t=65 s=11 threadsLeft=11
t=65 s=15 threadsLeft=10
t=65 s=10 threadsLeft=9
t=65 s=8 threadsLeft=8
t=65 s=9 threadsLeft=7
t=65 s=7 threadsLeft=6
t=65 s=6 threadsLeft=5
t=65 s=1 threadsLeft=4
t=65 s=5 threadsLeft=3
t=65 s=3 threadsLeft=2
t=65 s=4 threadsLeft=1
t=65 s=2 threadsLeft=0
  t=65, time=0.011286
t=66 s=12 threadsLeft=25
t=66 s=18 threadsLeft=24
t=66 s=0 threadsLeft=23
t=66 s=17 threadsLeft=22
t=66 s=20 threadsLeft=21
t=66 s=24 threadsLeft=20
t=66 s=16 threadsLeft=19
t=66 s=28 threadsLeft=18
t=66 s=11 threadsLeft=17
t=66 s=13 threadsLeft=16
t=66 s=36 threadsLeft=15
t=66 s=64 threadsLeft=14
t=66 s=15 threadsLeft=13
t=66 s=14 threadsLeft=12
t=66 s=21 threadsLeft=11
t=66 s=32 threadsLeft=10
t=66 s=10 threadsLeft=9
t=66 s=5 threadsLeft=8
t=66 s=9 threadsLeft=7
t=66 s=8 threadsLeft=6
t=66 s=7 threadsLeft=5
t=66 s=6 threadsLeft=4
t=66 s=1 threadsLeft=3
t=66 s=3 threadsLeft=2
t=66 s=4 threadsLeft=1
t=66 s=2 threadsLeft=0
  t=66, time=0.014291
t=67 s=0 threadsLeft=26
t=67 s=11 threadsLeft=25
t=67 s=13 threadsLeft=24
t=67 s=10 threadsLeft=23
t=67 s=14 threadsLeft=22
t=67 s=15 threadsLeft=21
t=67 s=19 threadsLeft=20
t=67 s=18 threadsLeft=19
t=67 s=21 threadsLeft=18
t=67 s=22 threadsLeft=17
t=67 s=29 threadsLeft=16
t=67 s=16 threadsLeft=15
t=67 s=17 threadsLeft=14
t=67 s=65 threadsLeft=13
t=67 s=37 threadsLeft=12
t=67 s=25 threadsLeft=11
t=67 s=12 threadsLeft=10
t=67 s=33 threadsLeft=9
t=67 s=9 threadsLeft=8
t=67 s=6 threadsLeft=7
t=67 s=8 threadsLeft=6
t=67 s=1 threadsLeft=5
t=67 s=7 threadsLeft=4
t=67 s=5 threadsLeft=3
t=67 s=4 threadsLeft=2
t=67 s=2 threadsLeft=1
t=67 s=3 threadsLeft=0
  t=67, time=0.015583
t=68 s=14 threadsLeft=25
t=68 s=18 threadsLeft=24
t=68 s=15 threadsLeft=23
t=68 s=19 threadsLeft=22
t=68 s=20 threadsLeft=21
t=68 s=16 threadsLeft=20
t=68 s=21 threadsLeft=19
t=68 s=22 threadsLeft=18
t=68 s=26 threadsLeft=17
t=68 s=34 threadsLeft=16
t=68 s=38 threadsLeft=15
t=68 s=66 threadsLeft=14
t=68 s=30 threadsLeft=13
t=68 s=12 threadsLeft=12
t=68 s=13 threadsLeft=11
t=68 s=0 threadsLeft=10
t=68 s=10 threadsLeft=9
t=68 s=9 threadsLeft=8
t=68 s=8 threadsLeft=7
t=68 s=7 threadsLeft=6
t=68 s=6 threadsLeft=5
t=68 s=5 threadsLeft=4
t=68 s=1 threadsLeft=3
t=68 s=3 threadsLeft=2
t=68 s=2 threadsLeft=1
t=68 s=4 threadsLeft=0
  t=68, time=0.015911
t=69 s=0 threadsLeft=28
t=69 s=12 threadsLeft=27
t=69 s=13 threadsLeft=26
t=69 s=11 threadsLeft=25
t=69 s=15 threadsLeft=24
t=69 s=14 threadsLeft=23
t=69 s=16 threadsLeft=22
t=69 s=17 threadsLeft=21
t=69 s=18 threadsLeft=20
t=69 s=19 threadsLeft=19
t=69 s=21 threadsLeft=18
t=69 s=22 threadsLeft=17
t=69 s=20 threadsLeft=16
t=69 s=23 threadsLeft=15
t=69 s=27 threadsLeft=14
t=69 s=31 threadsLeft=13
t=69 s=35 threadsLeft=12
t=69 s=39 threadsLeft=11
t=69 s=67 threadsLeft=10
t=69 s=10 threadsLeft=9
t=69 s=9 threadsLeft=8
t=69 s=8 threadsLeft=7
t=69 s=7 threadsLeft=6
t=69 s=1 threadsLeft=5
t=69 s=6 threadsLeft=4
t=69 s=5 threadsLeft=3
t=69 s=4 threadsLeft=2
t=69 s=3 threadsLeft=1
t=69 s=2 threadsLeft=0
  t=69, time=0.019175
t=70 s=0 threadsLeft=26
t=70 s=18 threadsLeft=25
t=70 s=19 threadsLeft=24
t=70 s=17 threadsLeft=23
t=70 s=20 threadsLeft=22
t=70 s=21 threadsLeft=21
t=70 s=24 threadsLeft=20
t=70 s=28 threadsLeft=19
t=70 s=16 threadsLeft=18
t=70 s=32 threadsLeft=17
t=70 s=36 threadsLeft=16
t=70 s=11 threadsLeft=15
t=70 s=40 threadsLeft=14
t=70 s=68 threadsLeft=13
t=70 s=14 threadsLeft=12
t=70 s=15 threadsLeft=11
t=70 s=10 threadsLeft=10
t=70 s=12 threadsLeft=9
t=70 s=9 threadsLeft=8
t=70 s=8 threadsLeft=7
t=70 s=7 threadsLeft=6
t=70 s=1 threadsLeft=5
t=70 s=6 threadsLeft=4
t=70 s=5 threadsLeft=3
t=70 s=4 threadsLeft=2
t=70 s=3 threadsLeft=1
t=70 s=2 threadsLeft=0
  t=70, time=0.027882
gb.dim_Ext()=798
gb.dim_Gb()=1309
[38;2;000;128;000mTime: 0.324844s (2025-11-04 11:48:53)
[0m  t=1, time=0.000251
t=2 s=0 threadsLeft=0
  t=2, time=3.9e-05
t=3 s=0 threadsLeft=1
t=3 s=1 threadsLeft=0
  t=3, time=3.9e-05
t=4 s=0 threadsLeft=1
t=4 s=2 threadsLeft=0
  t=4, time=3.5e-05
t=5 s=0 threadsLeft=1
t=5 s=3 threadsLeft=0
  t=5, time=4.1e-05
t=6 s=1 threadsLeft=2
t=6 s=0 threadsLeft=1
t=6 s=4 threadsLeft=0
  t=6, time=5.8e-05
t=7 s=0 threadsLeft=3
t=7 s=1 threadsLeft=2
t=7 s=2 threadsLeft=1
t=7 s=5 threadsLeft=0
  t=7, time=8.3e-05
t=8 s=0 threadsLeft=3
t=8 s=1 threadsLeft=2
t=8 s=2 threadsLeft=1
t=8 s=6 threadsLeft=0
  t=8, time=6.4e-05
t=9 s=0 threadsLeft=3
t=9 s=1 threadsLeft=2
t=9 s=7 threadsLeft=1
t=9 s=2 threadsLeft=0
  t=9, time=6.8e-05
t=10 s=0 threadsLeft=2
t=10 s=1 threadsLeft=1
t=10 s=8 threadsLeft=0
  t=10, time=4.9e-05
t=11 s=2 threadsLeft=2
t=11 s=1 threadsLeft=1
t=11 s=9 threadsLeft=0
  t=11, time=6.4e-05
t=12 s=0 threadsLeft=4
t=12 s=1 threadsLeft=3
t=12 s=2 threadsLeft=2
t=12 s=3 threadsLeft=1
t=12 s=10 threadsLeft=0
  t=12, time=8.5e-05
t=13 s=1 threadsLeft=3
t=13 s=2 threadsLeft=2
t=13 s=3 threadsLeft=1
t=13 s=11 threadsLeft=0
  t=13, time=7.4e-05
t=14 s=0 threadsLeft=4
t=14 s=2 threadsLeft=3
t=14 s=3 threadsLeft=2
t=14 s=12 threadsLeft=1
t=14 s=1 threadsLeft=0
  t=14, time=6.5e-05
t=15 s=0 threadsLeft=5
t=15 s=1 threadsLeft=4
t=15 s=2 threadsLeft=3
t=15 s=3 threadsLeft=2
t=15 s=4 threadsLeft=1
t=15 s=13 threadsLeft=0
  t=15, time=8.2e-05
t=16 s=0 threadsLeft=5
t=16 s=1 threadsLeft=4
t=16 s=3 threadsLeft=3
t=16 s=2 threadsLeft=2
t=16 s=4 threadsLeft=1
t=16 s=14 threadsLeft=0
  t=16, time=8e-05
t=17 s=0 threadsLeft=4
t=17 s=3 threadsLeft=3
t=17 s=4 threadsLeft=2
t=17 s=1 threadsLeft=1
t=17 s=15 threadsLeft=0
  t=17, time=7.5e-05
t=18 s=0 threadsLeft=5
t=18 s=1 threadsLeft=4
t=18 s=4 threadsLeft=3
t=18 s=5 threadsLeft=2
t=18 s=2 threadsLeft=1
t=18 s=16 threadsLeft=0
  t=18, time=7.6e-05
t=19 s=3 threadsLeft=5
t=19 s=5 threadsLeft=4
t=19 s=1 threadsLeft=3
t=19 s=6 threadsLeft=2
t=19 s=2 threadsLeft=1
t=19 s=17 threadsLeft=0
  t=19, time=0.000114
t=20 s=0 threadsLeft=6
t=20 s=3 threadsLeft=5
t=20 s=4 threadsLeft=4
t=20 s=1 threadsLeft=3
t=20 s=5 threadsLeft=2
t=20 s=6 threadsLeft=1
t=20 s=18 threadsLeft=0
  t=20, time=0.000107
t=21 s=4 threadsLeft=5
t=21 s=5 threadsLeft=4
t=21 s=6 threadsLeft=3
t=21 s=1 threadsLeft=2
t=21 s=19 threadsLeft=1
t=21 s=2 threadsLeft=0
  t=21, time=0.000138
t=22 s=4 threadsLeft=5
t=22 s=20 threadsLeft=4
t=22 s=5 threadsLeft=3
t=22 s=3 threadsLeft=2
t=22 s=1 threadsLeft=1
t=22 s=2 threadsLeft=0
  t=22, time=0.000112
t=23 s=1 threadsLeft=6
t=23 s=3 threadsLeft=5
t=23 s=5 threadsLeft=4
t=23 s=6 threadsLeft=3
t=23 s=2 threadsLeft=2
t=23 s=4 threadsLeft=1
t=23 s=21 threadsLeft=0
  t=23, time=0.000159
t=24 s=0 threadsLeft=8
t=24 s=1 threadsLeft=7
t=24 s=4 threadsLeft=6
t=24 s=3 threadsLeft=5
t=24 s=7 threadsLeft=4
t=24 s=6 threadsLeft=3
t=24 s=5 threadsLeft=2
t=24 s=2 threadsLeft=1
t=24 s=22 threadsLeft=0
  t=24, time=0.000151
t=25 s=4 threadsLeft=7
t=25 s=5 threadsLeft=6
t=25 s=3 threadsLeft=5
t=25 s=7 threadsLeft=4
t=25 s=6 threadsLeft=3
t=25 s=23 threadsLeft=2
t=25 s=1 threadsLeft=1
t=25 s=2 threadsLeft=0
  t=25, time=0.000147
t=26 s=3 threadsLeft=7
t=26 s=4 threadsLeft=6
t=26 s=5 threadsLeft=5
t=26 s=1 threadsLeft=4
t=26 s=6 threadsLeft=3
t=26 s=24 threadsLeft=2
t=26 s=2 threadsLeft=1
t=26 s=7 threadsLeft=0
  t=26, time=0.000189
t=27 s=3 threadsLeft=8
t=27 s=5 threadsLeft=7
t=27 s=4 threadsLeft=6
t=27 s=6 threadsLeft=5
t=27 s=2 threadsLeft=4
t=27 s=7 threadsLeft=3
t=27 s=1 threadsLeft=2
t=27 s=8 threadsLeft=1
t=27 s=25 threadsLeft=0
  t=27, time=0.000159
t=28 s=0 threadsLeft=8
t=28 s=4 threadsLeft=7
t=28 s=26 threadsLeft=6
t=28 s=3 threadsLeft=5
t=28 s=8 threadsLeft=4
t=28 s=2 threadsLeft=3
t=28 s=7 threadsLeft=2
t=28 s=1 threadsLeft=1
t=28 s=5 threadsLeft=0
  t=28, time=0.000197
t=29 s=0 threadsLeft=7
t=29 s=7 threadsLeft=6
t=29 s=8 threadsLeft=5
t=29 s=3 threadsLeft=4
t=29 s=4 threadsLeft=3
t=29 s=27 threadsLeft=2
t=29 s=2 threadsLeft=1
t=29 s=1 threadsLeft=0
  t=29, time=0.00025
t=30 s=0 threadsLeft=9
t=30 s=5 threadsLeft=8
t=30 s=9 threadsLeft=7
t=30 s=8 threadsLeft=6
t=30 s=3 threadsLeft=5
t=30 s=4 threadsLeft=4
t=30 s=1 threadsLeft=3
t=30 s=28 threadsLeft=2
t=30 s=6 threadsLeft=1
t=30 s=2 threadsLeft=0
  t=30, time=0.000237
t=31 s=0 threadsLeft=10
t=31 s=3 threadsLeft=9
t=31 s=10 threadsLeft=8
t=31 s=4 threadsLeft=7
t=31 s=9 threadsLeft=6
t=31 s=1 threadsLeft=5
t=31 s=7 threadsLeft=4
t=31 s=29 threadsLeft=3
t=31 s=6 threadsLeft=2
t=31 s=5 threadsLeft=1
t=31 s=2 threadsLeft=0
  t=31, time=0.000264
t=32 s=0 threadsLeft=9
t=32 s=3 threadsLeft=8
t=32 s=9 threadsLeft=7
t=32 s=8 threadsLeft=6
t=32 s=7 threadsLeft=5
t=32 s=10 threadsLeft=4
t=32 s=4 threadsLeft=3
t=32 s=30 threadsLeft=2
t=32 s=1 threadsLeft=1
t=32 s=2 threadsLeft=0
  t=32, time=0.000378
t=33 s=0 threadsLeft=10
t=33 s=8 threadsLeft=9
t=33 s=10 threadsLeft=8
t=33 s=6 threadsLeft=7
t=33 s=4 threadsLeft=6
t=33 s=9 threadsLeft=5
t=33 s=31 threadsLeft=4
t=33 s=2 threadsLeft=3
t=33 s=3 threadsLeft=2
t=33 s=1 threadsLeft=1
t=33 s=5 threadsLeft=0
  t=33, time=0.000296
t=34 s=0 threadsLeft=10
t=34 s=4 threadsLeft=9
t=34 s=6 threadsLeft=8
t=34 s=7 threadsLeft=7
t=34 s=8 threadsLeft=6
t=34 s=5 threadsLeft=5
t=34 s=32 threadsLeft=4
t=34 s=9 threadsLeft=3
t=34 s=3 threadsLeft=2
t=34 s=1 threadsLeft=1
t=34 s=2 threadsLeft=0
  t=34, time=0.00035
t=35 s=4 threadsLeft=9
t=35 s=5 threadsLeft=8
t=35 s=33 threadsLeft=7
t=35 s=9 threadsLeft=6
t=35 s=8 threadsLeft=5
t=35 s=7 threadsLeft=4
t=35 s=10 threadsLeft=3
t=35 s=3 threadsLeft=2
t=35 s=1 threadsLeft=1
t=35 s=2 threadsLeft=0
  t=35, time=0.000456
t=36 s=0 threadsLeft=12
t=36 s=7 threadsLeft=11
t=36 s=4 threadsLeft=10
t=36 s=6 threadsLeft=9
t=36 s=3 threadsLeft=8
t=36 s=8 threadsLeft=7
t=36 s=34 threadsLeft=6
t=36 s=9 threadsLeft=5
t=36 s=5 threadsLeft=4
t=36 s=11 threadsLeft=3
t=36 s=10 threadsLeft=2
t=36 s=1 threadsLeft=1
t=36 s=2 threadsLeft=0
  t=36, time=0.000361
t=37 s=4 threadsLeft=11
t=37 s=3 threadsLeft=10
t=37 s=11 threadsLeft=9
t=37 s=5 threadsLeft=8
t=37 s=7 threadsLeft=7
t=37 s=35 threadsLeft=6
t=37 s=8 threadsLeft=5
t=37 s=9 threadsLeft=4
t=37 s=10 threadsLeft=3
t=37 s=6 threadsLeft=2
t=37 s=1 threadsLeft=1
t=37 s=2 threadsLeft=0
  t=37, time=0.00048
t=38 s=4 threadsLeft=11
t=38 s=5 threadsLeft=10
t=38 s=36 threadsLeft=9
t=38 s=11 threadsLeft=8
t=38 s=9 threadsLeft=7
t=38 s=8 threadsLeft=6
t=38 s=10 threadsLeft=5
t=38 s=7 threadsLeft=4
t=38 s=6 threadsLeft=3
t=38 s=3 threadsLeft=2
t=38 s=1 threadsLeft=1
t=38 s=2 threadsLeft=0
  t=38, time=0.000551
t=39 s=4 threadsLeft=12
t=39 s=11 threadsLeft=11
t=39 s=12 threadsLeft=10
t=39 s=37 threadsLeft=9
t=39 s=9 threadsLeft=8
t=39 s=10 threadsLeft=7
t=39 s=8 threadsLeft=6
t=39 s=7 threadsLeft=5
t=39 s=6 threadsLeft=4
t=39 s=5 threadsLeft=3
t=39 s=1 threadsLeft=2
t=39 s=2 threadsLeft=1
t=39 s=3 threadsLeft=0
  t=39, time=0.000501
t=40 s=0 threadsLeft=13
t=40 s=2 threadsLeft=12
t=40 s=10 threadsLeft=11
t=40 s=38 threadsLeft=10
t=40 s=11 threadsLeft=9
t=40 s=5 threadsLeft=8
t=40 s=12 threadsLeft=7
t=40 s=7 threadsLeft=6
t=40 s=9 threadsLeft=5
t=40 s=8 threadsLeft=4
t=40 s=6 threadsLeft=3
t=40 s=4 threadsLeft=2
t=40 s=1 threadsLeft=1
t=40 s=3 threadsLeft=0
  t=40, time=0.000488
t=41 s=5 threadsLeft=10
t=41 s=4 threadsLeft=9
t=41 s=11 threadsLeft=8
t=41 s=12 threadsLeft=7
t=41 s=39 threadsLeft=6
t=41 s=9 threadsLeft=5
t=41 s=7 threadsLeft=4
t=41 s=8 threadsLeft=3
t=41 s=3 threadsLeft=2
t=41 s=2 threadsLeft=1
t=41 s=1 threadsLeft=0
  t=41, time=0.000669
t=42 s=40 threadsLeft=12
t=42 s=7 threadsLeft=11
t=42 s=4 threadsLeft=10
t=42 s=13 threadsLeft=9
t=42 s=9 threadsLeft=8
t=42 s=12 threadsLeft=7
t=42 s=10 threadsLeft=6
t=42 s=8 threadsLeft=5
t=42 s=6 threadsLeft=4
t=42 s=5 threadsLeft=3
t=42 s=3 threadsLeft=2
t=42 s=1 threadsLeft=1
t=42 s=2 threadsLeft=0
  t=42, time=0.000862
t=43 s=5 threadsLeft=13
t=43 s=9 threadsLeft=12
t=43 s=11 threadsLeft=11
t=43 s=14 threadsLeft=10
t=43 s=13 threadsLeft=9
t=43 s=7 threadsLeft=8
t=43 s=8 threadsLeft=7
t=43 s=10 threadsLeft=6
t=43 s=41 threadsLeft=5
t=43 s=6 threadsLeft=4
t=43 s=1 threadsLeft=3
t=43 s=4 threadsLeft=2
t=43 s=3 threadsLeft=1
t=43 s=2 threadsLeft=0
  t=43, time=0.00102
t=44 s=10 threadsLeft=13
t=44 s=12 threadsLeft=12
t=44 s=14 threadsLeft=11
t=44 s=11 threadsLeft=10
t=44 s=13 threadsLeft=9
t=44 s=6 threadsLeft=8
t=44 s=42 threadsLeft=7
t=44 s=8 threadsLeft=6
t=44 s=7 threadsLeft=5
t=44 s=5 threadsLeft=4
t=44 s=3 threadsLeft=3
t=44 s=4 threadsLeft=2
t=44 s=1 threadsLeft=1
t=44 s=2 threadsLeft=0
  t=44, time=0.00105
t=45 s=11 threadsLeft=15
t=45 s=13 threadsLeft=14
t=45 s=15 threadsLeft=13
t=45 s=10 threadsLeft=12
t=45 s=7 threadsLeft=11
t=45 s=43 threadsLeft=10
t=45 s=9 threadsLeft=9
t=45 s=14 threadsLeft=8
t=45 s=12 threadsLeft=7
t=45 s=8 threadsLeft=6
t=45 s=1 threadsLeft=5
t=45 s=6 threadsLeft=4
t=45 s=5 threadsLeft=3
t=45 s=4 threadsLeft=2
t=45 s=3 threadsLeft=1
t=45 s=2 threadsLeft=0
  t=45, time=0.001542
t=46 s=11 threadsLeft=14
t=46 s=44 threadsLeft=13
t=46 s=10 threadsLeft=12
t=46 s=12 threadsLeft=11
t=46 s=9 threadsLeft=10
t=46 s=16 threadsLeft=9
t=46 s=8 threadsLeft=8
t=46 s=13 threadsLeft=7
t=46 s=7 threadsLeft=6
t=46 s=6 threadsLeft=5
t=46 s=5 threadsLeft=4
t=46 s=1 threadsLeft=3
t=46 s=4 threadsLeft=2
t=46 s=3 threadsLeft=1
t=46 s=2 threadsLeft=0
  t=46, time=0.001592
t=47 s=9 threadsLeft=14
t=47 s=11 threadsLeft=13
t=47 s=12 threadsLeft=12
t=47 s=17 threadsLeft=11
t=47 s=13 threadsLeft=10
t=47 s=45 threadsLeft=9
t=47 s=14 threadsLeft=8
t=47 s=8 threadsLeft=7
t=47 s=7 threadsLeft=6
t=47 s=6 threadsLeft=5
t=47 s=1 threadsLeft=4
t=47 s=5 threadsLeft=3
t=47 s=4 threadsLeft=2
t=47 s=3 threadsLeft=1
t=47 s=2 threadsLeft=0
  t=47, time=0.001767
t=48 s=11 threadsLeft=17
t=48 s=0 threadsLeft=16
t=48 s=14 threadsLeft=15
t=48 s=12 threadsLeft=14
t=48 s=15 threadsLeft=13
t=48 s=10 threadsLeft=12
t=48 s=9 threadsLeft=11
t=48 s=18 threadsLeft=10
t=48 s=46 threadsLeft=9
t=48 s=7 threadsLeft=8
t=48 s=13 threadsLeft=7
t=48 s=8 threadsLeft=6
t=48 s=6 threadsLeft=5
t=48 s=1 threadsLeft=4
t=48 s=5 threadsLeft=3
t=48 s=4 threadsLeft=2
t=48 s=3 threadsLeft=1
t=48 s=2 threadsLeft=0
  t=48, time=0.002289
t=49 s=13 threadsLeft=16
t=49 s=19 threadsLeft=15
t=49 s=14 threadsLeft=14
t=49 s=7 threadsLeft=13
t=49 s=9 threadsLeft=12
t=49 s=12 threadsLeft=11
t=49 s=10 threadsLeft=10
t=49 s=8 threadsLeft=9
t=49 s=11 threadsLeft=8
t=49 s=47 threadsLeft=7
t=49 s=15 threadsLeft=6
t=49 s=6 threadsLeft=5
t=49 s=4 threadsLeft=4
t=49 s=1 threadsLeft=3
t=49 s=3 threadsLeft=2
t=49 s=5 threadsLeft=1
t=49 s=2 threadsLeft=0
  t=49, time=0.002494
t=50 s=7 threadsLeft=15
t=50 s=15 threadsLeft=14
t=50 s=12 threadsLeft=13
t=50 s=14 threadsLeft=12
t=50 s=11 threadsLeft=11
t=50 s=16 threadsLeft=10
t=50 s=13 threadsLeft=9
t=50 s=20 threadsLeft=8
t=50 s=48 threadsLeft=7
t=50 s=8 threadsLeft=6
t=50 s=6 threadsLeft=5
t=50 s=4 threadsLeft=4
t=50 s=1 threadsLeft=3
t=50 s=5 threadsLeft=2
t=50 s=3 threadsLeft=1
t=50 s=2 threadsLeft=0
  t=50, time=0.002691
t=51 s=11 threadsLeft=17
t=51 s=8 threadsLeft=16
t=51 s=10 threadsLeft=15
t=51 s=14 threadsLeft=14
t=51 s=16 threadsLeft=13
t=51 s=17 threadsLeft=12
t=51 s=13 threadsLeft=11
t=51 s=21 threadsLeft=10
t=51 s=12 threadsLeft=9
t=51 s=15 threadsLeft=8
t=51 s=9 threadsLeft=7
t=51 s=49 threadsLeft=6
t=51 s=7 threadsLeft=5
t=51 s=6 threadsLeft=4
t=51 s=5 threadsLeft=3
t=51 s=3 threadsLeft=2
t=51 s=4 threadsLeft=1
t=51 s=2 threadsLeft=0
  t=51, time=0.003425
t=52 s=11 threadsLeft=17
t=52 s=14 threadsLeft=16
t=52 s=13 threadsLeft=15
t=52 s=16 threadsLeft=14
t=52 s=15 threadsLeft=13
t=52 s=18 threadsLeft=12
t=52 s=22 threadsLeft=11
t=52 s=12 threadsLeft=10
t=52 s=50 threadsLeft=9
t=52 s=10 threadsLeft=8
t=52 s=9 threadsLeft=7
t=52 s=7 threadsLeft=6
t=52 s=6 threadsLeft=5
t=52 s=1 threadsLeft=4
t=52 s=5 threadsLeft=3
t=52 s=3 threadsLeft=2
t=52 s=4 threadsLeft=1
t=52 s=2 threadsLeft=0
  t=52, time=0.003267
t=53 s=0 threadsLeft=17
t=53 s=8 threadsLeft=16
t=53 s=16 threadsLeft=15
t=53 s=11 threadsLeft=14
t=53 s=12 threadsLeft=13
t=53 s=15 threadsLeft=12
t=53 s=51 threadsLeft=11
t=53 s=10 threadsLeft=10
t=53 s=19 threadsLeft=9
t=53 s=23 threadsLeft=8
t=53 s=9 threadsLeft=7
t=53 s=7 threadsLeft=6
t=53 s=6 threadsLeft=5
t=53 s=1 threadsLeft=4
t=53 s=4 threadsLeft=3
t=53 s=5 threadsLeft=2
t=53 s=3 threadsLeft=1
t=53 s=2 threadsLeft=0
  t=53, time=0.00369
t=54 s=0 threadsLeft=19
t=54 s=7 threadsLeft=18
t=54 s=8 threadsLeft=17
t=54 s=11 threadsLeft=16
t=54 s=13 threadsLeft=15
t=54 s=20 threadsLeft=14
t=54 s=24 threadsLeft=13
t=54 s=16 threadsLeft=12
t=54 s=17 threadsLeft=11
t=54 s=52 threadsLeft=10
t=54 s=14 threadsLeft=9
t=54 s=10 threadsLeft=8
t=54 s=12 threadsLeft=7
t=54 s=9 threadsLeft=6
t=54 s=6 threadsLeft=5
t=54 s=1 threadsLeft=4
t=54 s=5 threadsLeft=3
t=54 s=4 threadsLeft=2
t=54 s=3 threadsLeft=1
t=54 s=2 threadsLeft=0
  t=54, time=0.003822
t=55 s=0 threadsLeft=19
t=55 s=8 threadsLeft=18
t=55 s=12 threadsLeft=17
t=55 s=11 threadsLeft=16
t=55 s=21 threadsLeft=15
t=55 s=18 threadsLeft=14
t=55 s=17 threadsLeft=13
t=55 s=14 threadsLeft=12
t=55 s=15 threadsLeft=11
t=55 s=9 threadsLeft=10
t=55 s=53 threadsLeft=9
t=55 s=13 threadsLeft=8
t=55 s=25 threadsLeft=7
t=55 s=10 threadsLeft=6
t=55 s=6 threadsLeft=5
t=55 s=2 threadsLeft=4
t=55 s=1 threadsLeft=3
t=55 s=4 threadsLeft=2
t=55 s=5 threadsLeft=1
t=55 s=3 threadsLeft=0
  t=55, time=0.00327
t=56 s=9 threadsLeft=19
t=56 s=14 threadsLeft=18
t=56 s=10 threadsLeft=17
t=56 s=15 threadsLeft=16
t=56 s=11 threadsLeft=15
t=56 s=12 threadsLeft=14
t=56 s=17 threadsLeft=13
t=56 s=16 threadsLeft=12
t=56 s=18 threadsLeft=11
t=56 s=26 threadsLeft=10
t=56 s=54 threadsLeft=9
t=56 s=22 threadsLeft=8
t=56 s=0 threadsLeft=7
t=56 s=7 threadsLeft=6
t=56 s=6 threadsLeft=5
t=56 s=5 threadsLeft=4
t=56 s=4 threadsLeft=3
t=56 s=1 threadsLeft=2
t=56 s=2 threadsLeft=1
t=56 s=3 threadsLeft=0
  t=56, time=0.004918
t=57 s=0 threadsLeft=22
t=57 s=8 threadsLeft=21
t=57 s=9 threadsLeft=20
t=57 s=11 threadsLeft=19
t=57 s=14 threadsLeft=18
t=57 s=15 threadsLeft=17
t=57 s=16 threadsLeft=16
t=57 s=17 threadsLeft=15
t=57 s=13 threadsLeft=14
t=57 s=23 threadsLeft=13
t=57 s=19 threadsLeft=12
t=57 s=27 threadsLeft=11
t=57 s=10 threadsLeft=10
t=57 s=18 threadsLeft=9
t=57 s=55 threadsLeft=8
t=57 s=12 threadsLeft=7
t=57 s=7 threadsLeft=6
t=57 s=6 threadsLeft=5
t=57 s=5 threadsLeft=4
t=57 s=1 threadsLeft=3
t=57 s=4 threadsLeft=2
t=57 s=3 threadsLeft=1
t=57 s=2 threadsLeft=0
  t=57, time=0.004598
t=58 s=0 threadsLeft=20
t=58 s=10 threadsLeft=19
t=58 s=14 threadsLeft=18
t=58 s=20 threadsLeft=17
t=58 s=15 threadsLeft=16
t=58 s=16 threadsLeft=15
t=58 s=11 threadsLeft=14
t=58 s=13 threadsLeft=13
t=58 s=12 threadsLeft=12
t=58 s=17 threadsLeft=11
t=58 s=28 threadsLeft=10
t=58 s=56 threadsLeft=9
t=58 s=24 threadsLeft=8
t=58 s=8 threadsLeft=7
t=58 s=7 threadsLeft=6
t=58 s=6 threadsLeft=5
t=58 s=5 threadsLeft=4
t=58 s=1 threadsLeft=3
t=58 s=4 threadsLeft=2
t=58 s=2 threadsLeft=1
t=58 s=3 threadsLeft=0
  t=58, time=0.006005
t=59 s=0 threadsLeft=19
t=59 s=9 threadsLeft=18
t=59 s=13 threadsLeft=17
t=59 s=15 threadsLeft=16
t=59 s=16 threadsLeft=15
t=59 s=17 threadsLeft=14
t=59 s=21 threadsLeft=13
t=59 s=25 threadsLeft=12
t=59 s=18 threadsLeft=11
t=59 s=29 threadsLeft=10
t=59 s=11 threadsLeft=9
t=59 s=57 threadsLeft=8
t=59 s=7 threadsLeft=7
t=59 s=8 threadsLeft=6
t=59 s=3 threadsLeft=5
t=59 s=6 threadsLeft=4
t=59 s=5 threadsLeft=3
t=59 s=1 threadsLeft=2
t=59 s=4 threadsLeft=1
t=59 s=2 threadsLeft=0
  t=59, time=0.005845
t=60 s=9 threadsLeft=23
t=60 s=10 threadsLeft=22
t=60 s=12 threadsLeft=21
t=60 s=11 threadsLeft=20
t=60 s=15 threadsLeft=19
t=60 s=13 threadsLeft=18
t=60 s=17 threadsLeft=17
t=60 s=19 threadsLeft=16
t=60 s=18 threadsLeft=15
t=60 s=14 threadsLeft=14
t=60 s=16 threadsLeft=13
t=60 s=22 threadsLeft=12
t=60 s=30 threadsLeft=11
t=60 s=26 threadsLeft=10
t=60 s=58 threadsLeft=9
t=60 s=0 threadsLeft=8
t=60 s=7 threadsLeft=7
t=60 s=8 threadsLeft=6
t=60 s=6 threadsLeft=5
t=60 s=1 threadsLeft=4
t=60 s=5 threadsLeft=3
t=60 s=4 threadsLeft=2
t=60 s=3 threadsLeft=1
t=60 s=2 threadsLeft=0
  t=60, time=0.007605
t=61 s=0 threadsLeft=22
t=61 s=11 threadsLeft=21
t=61 s=10 threadsLeft=20
t=61 s=17 threadsLeft=19
t=61 s=15 threadsLeft=18
t=61 s=18 threadsLeft=17
t=61 s=19 threadsLeft=16
t=61 s=14 threadsLeft=15
t=61 s=27 threadsLeft=14
t=61 s=23 threadsLeft=13
t=61 s=31 threadsLeft=12
t=61 s=59 threadsLeft=11
t=61 s=12 threadsLeft=10
t=61 s=16 threadsLeft=9
t=61 s=13 threadsLeft=8
t=61 s=8 threadsLeft=7
t=61 s=7 threadsLeft=6
t=61 s=6 threadsLeft=5
t=61 s=5 threadsLeft=4
t=61 s=1 threadsLeft=3
t=61 s=4 threadsLeft=2
t=61 s=3 threadsLeft=1
t=61 s=2 threadsLeft=0
  t=61, time=0.010015
t=62 s=11 threadsLeft=22
t=62 s=17 threadsLeft=21
t=62 s=19 threadsLeft=20
t=62 s=15 threadsLeft=19
t=62 s=18 threadsLeft=18
t=62 s=12 threadsLeft=17
t=62 s=20 threadsLeft=16
t=62 s=24 threadsLeft=15
t=62 s=28 threadsLeft=14
t=62 s=60 threadsLeft=13
t=62 s=14 threadsLeft=12
t=62 s=16 threadsLeft=11
t=62 s=32 threadsLeft=10
t=62 s=8 threadsLeft=9
t=62 s=13 threadsLeft=8
t=62 s=0 threadsLeft=7
t=62 s=7 threadsLeft=6
t=62 s=6 threadsLeft=5
t=62 s=1 threadsLeft=4
t=62 s=5 threadsLeft=3
t=62 s=3 threadsLeft=2
t=62 s=4 threadsLeft=1
t=62 s=2 threadsLeft=0
  t=62, time=0.008308
t=63 s=9 threadsLeft=25
t=63 s=10 threadsLeft=24
t=63 s=11 threadsLeft=23
t=63 s=12 threadsLeft=22
t=63 s=13 threadsLeft=21
t=63 s=14 threadsLeft=20
t=63 s=16 threadsLeft=19
t=63 s=15 threadsLeft=18
t=63 s=0 threadsLeft=17
t=63 s=17 threadsLeft=16
t=63 s=18 threadsLeft=15
t=63 s=19 threadsLeft=14
t=63 s=20 threadsLeft=13
t=63 s=21 threadsLeft=12
t=63 s=25 threadsLeft=11
t=63 s=33 threadsLeft=10
t=63 s=61 threadsLeft=9
t=63 s=29 threadsLeft=8
t=63 s=8 threadsLeft=7
t=63 s=7 threadsLeft=6
t=63 s=6 threadsLeft=5
t=63 s=5 threadsLeft=4
t=63 s=1 threadsLeft=3
t=63 s=4 threadsLeft=2
t=63 s=3 threadsLeft=1
t=63 s=2 threadsLeft=0
  t=63, time=0.007729
t=64 s=18 threadsLeft=22
t=64 s=14 threadsLeft=21
t=64 s=19 threadsLeft=20
t=64 s=20 threadsLeft=19
t=64 s=17 threadsLeft=18
t=64 s=0 threadsLeft=17
t=64 s=26 threadsLeft=16
t=64 s=30 threadsLeft=15
t=64 s=22 threadsLeft=14
t=64 s=15 threadsLeft=13
t=64 s=16 threadsLeft=12
t=64 s=62 threadsLeft=11
t=64 s=34 threadsLeft=10
t=64 s=13 threadsLeft=9
t=64 s=9 threadsLeft=8
t=64 s=8 threadsLeft=7
t=64 s=7 threadsLeft=6
t=64 s=6 threadsLeft=5
t=64 s=1 threadsLeft=4
t=64 s=5 threadsLeft=3
t=64 s=3 threadsLeft=2
t=64 s=4 threadsLeft=1
t=64 s=2 threadsLeft=0
  t=64, time=0.013565
t=65 s=0 threadsLeft=24
t=65 s=11 threadsLeft=23
t=65 s=12 threadsLeft=22
t=65 s=19 threadsLeft=21
t=65 s=13 threadsLeft=20
t=65 s=20 threadsLeft=19
t=65 s=17 threadsLeft=18
t=65 s=23 threadsLeft=17
t=65 s=15 threadsLeft=16
t=65 s=14 threadsLeft=15
t=65 s=27 threadsLeft=14
t=65 s=31 threadsLeft=13
t=65 s=35 threadsLeft=12
t=65 s=63 threadsLeft=11
t=65 s=16 threadsLeft=10
t=65 s=10 threadsLeft=9
t=65 s=8 threadsLeft=8
t=65 s=9 threadsLeft=7
t=65 s=7 threadsLeft=6
t=65 s=1 threadsLeft=5
t=65 s=6 threadsLeft=4
t=65 s=5 threadsLeft=3
t=65 s=3 threadsLeft=2
t=65 s=4 threadsLeft=1
t=65 s=2 threadsLeft=0
  t=65, time=0.011261
t=66 s=12 threadsLeft=25
t=66 s=15 threadsLeft=24
t=66 s=0 threadsLeft=23
t=66 s=14 threadsLeft=22
t=66 s=13 threadsLeft=21
t=66 s=17 threadsLeft=20
t=66 s=20 threadsLeft=19
t=66 s=18 threadsLeft=18
t=66 s=24 threadsLeft=17
t=66 s=21 threadsLeft=16
t=66 s=28 threadsLeft=15
t=66 s=32 threadsLeft=14
t=66 s=16 threadsLeft=13
t=66 s=11 threadsLeft=12
t=66 s=36 threadsLeft=11
t=66 s=64 threadsLeft=10
t=66 s=10 threadsLeft=9
t=66 s=5 threadsLeft=8
t=66 s=9 threadsLeft=7
t=66 s=8 threadsLeft=6
t=66 s=7 threadsLeft=5
t=66 s=6 threadsLeft=4
t=66 s=1 threadsLeft=3
t=66 s=3 threadsLeft=2
t=66 s=4 threadsLeft=1
t=66 s=2 threadsLeft=0
  t=66, time=0.014248
t=67 s=0 threadsLeft=26
t=67 s=13 threadsLeft=25
t=67 s=14 threadsLeft=24
t=67 s=15 threadsLeft=23
t=67 s=19 threadsLeft=22
t=67 s=21 threadsLeft=21
t=67 s=11 threadsLeft=20
t=67 s=16 threadsLeft=19
t=67 s=22 threadsLeft=18
t=67 s=25 threadsLeft=17
t=67 s=18 threadsLeft=16
t=67 s=37 threadsLeft=15
t=67 s=33 threadsLeft=14
t=67 s=29 threadsLeft=13
t=67 s=17 threadsLeft=12
t=67 s=65 threadsLeft=11
t=67 s=10 threadsLeft=10
t=67 s=12 threadsLeft=9
t=67 s=9 threadsLeft=8
t=67 s=6 threadsLeft=7
t=67 s=8 threadsLeft=6
t=67 s=1 threadsLeft=5
t=67 s=7 threadsLeft=4
t=67 s=5 threadsLeft=3
t=67 s=4 threadsLeft=2
t=67 s=2 threadsLeft=1
t=67 s=3 threadsLeft=0
  t=67, time=0.015543
t=68 s=12 threadsLeft=25
t=68 s=0 threadsLeft=24
t=68 s=14 threadsLeft=23
t=68 s=10 threadsLeft=22
t=68 s=15 threadsLeft=21
t=68 s=13 threadsLeft=20
t=68 s=18 threadsLeft=19
t=68 s=21 threadsLeft=18
t=68 s=20 threadsLeft=17
t=68 s=22 threadsLeft=16
t=68 s=26 threadsLeft=15
t=68 s=19 threadsLeft=14
t=68 s=66 threadsLeft=13
t=68 s=16 threadsLeft=12
t=68 s=34 threadsLeft=11
t=68 s=38 threadsLeft=10
t=68 s=30 threadsLeft=9
t=68 s=9 threadsLeft=8
t=68 s=8 threadsLeft=7
t=68 s=7 threadsLeft=6
t=68 s=6 threadsLeft=5
t=68 s=5 threadsLeft=4
t=68 s=1 threadsLeft=3
t=68 s=3 threadsLeft=2
t=68 s=2 threadsLeft=1
t=68 s=4 threadsLeft=0
  t=68, time=0.016019
t=69 s=0 threadsLeft=28
t=69 s=12 threadsLeft=27
t=69 s=17 threadsLeft=26
t=69 s=14 threadsLeft=25
t=69 s=19 threadsLeft=24
t=69 s=18 threadsLeft=23
t=69 s=15 threadsLeft=22
t=69 s=20 threadsLeft=21
t=69 s=22 threadsLeft=20
t=69 s=21 threadsLeft=19
t=69 s=16 threadsLeft=18
t=69 s=23 threadsLeft=17
t=69 s=27 threadsLeft=16
t=69 s=35 threadsLeft=15
t=69 s=31 threadsLeft=14
t=69 s=39 threadsLeft=13
t=69 s=67 threadsLeft=12
t=69 s=13 threadsLeft=11
t=69 s=11 threadsLeft=10
t=69 s=10 threadsLeft=9
t=69 s=9 threadsLeft=8
t=69 s=8 threadsLeft=7
t=69 s=7 threadsLeft=6
t=69 s=1 threadsLeft=5
t=69 s=6 threadsLeft=4
t=69 s=5 threadsLeft=3
t=69 s=4 threadsLeft=2
t=69 s=3 threadsLeft=1
t=69 s=2 threadsLeft=0
  t=69, time=0.019139
t=70 s=0 threadsLeft=26
t=70 s=14 threadsLeft=25
t=70 s=15 threadsLeft=24
t=70 s=12 threadsLeft=23
t=70 s=16 threadsLeft=22
t=70 s=18 threadsLeft=21
t=70 s=10 threadsLeft=20
t=70 s=19 threadsLeft=19
t=70 s=17 threadsLeft=18
t=70 s=20 threadsLeft=17
t=70 s=21 threadsLeft=16
t=70 s=24 threadsLeft=15
t=70 s=28 threadsLeft=14
t=70 s=32 threadsLeft=13
t=70 s=36 threadsLeft=12
t=70 s=40 threadsLeft=11
t=70 s=68 threadsLeft=10
t=70 s=11 threadsLeft=9
t=70 s=9 threadsLeft=8
t=70 s=8 threadsLeft=7
t=70 s=7 threadsLeft=6
t=70 s=1 threadsLeft=5
t=70 s=6 threadsLeft=4
t=70 s=5 threadsLeft=3
t=70 s=4 threadsLeft=2
t=70 s=3 threadsLeft=1
t=70 s=2 threadsLeft=0
  t=70, time=0.027658
gb.dim_Ext()=798
gb.dim_Gb()=1309
[38;2;000;128;000mTime: 0.322983s (2025-11-04 12:07:30)
[0m  t=1, time=0.000277
t=2 s=0 threadsLeft=0
  t=2, time=3.5e-05
t=3 s=0 threadsLeft=1
t=3 s=1 threadsLeft=0
  t=3, time=3.3e-05
t=4 s=2 threadsLeft=1
t=4 s=0 threadsLeft=0
  t=4, time=4.1e-05
t=5 s=0 threadsLeft=1
t=5 s=3 threadsLeft=0
  t=5, time=3.5e-05
t=6 s=0 threadsLeft=2
t=6 s=1 threadsLeft=1
t=6 s=4 threadsLeft=0
  t=6, time=4.4e-05
t=7 s=0 threadsLeft=3
t=7 s=1 threadsLeft=2
t=7 s=5 threadsLeft=1
t=7 s=2 threadsLeft=0
  t=7, time=5.7e-05
t=8 s=0 threadsLeft=3
t=8 s=1 threadsLeft=2
t=8 s=2 threadsLeft=1
t=8 s=6 threadsLeft=0
  t=8, time=7.3e-05
t=9 s=0 threadsLeft=3
t=9 s=1 threadsLeft=2
t=9 s=2 threadsLeft=1
t=9 s=7 threadsLeft=0
  t=9, time=7e-05
t=10 s=0 threadsLeft=2
t=10 s=8 threadsLeft=1
t=10 s=1 threadsLeft=0
  t=10, time=4.8e-05
t=11 s=9 threadsLeft=2
t=11 s=1 threadsLeft=1
t=11 s=2 threadsLeft=0
  t=11, time=5.8e-05
t=12 s=0 threadsLeft=4
t=12 s=1 threadsLeft=3
t=12 s=2 threadsLeft=2
t=12 s=3 threadsLeft=1
t=12 s=10 threadsLeft=0
  t=12, time=7.5e-05
t=13 s=1 threadsLeft=3
t=13 s=2 threadsLeft=2
t=13 s=3 threadsLeft=1
t=13 s=11 threadsLeft=0
  t=13, time=5.6e-05
t=14 s=0 threadsLeft=4
t=14 s=2 threadsLeft=3
t=14 s=3 threadsLeft=2
t=14 s=12 threadsLeft=1
t=14 s=1 threadsLeft=0
  t=14, time=7.2e-05
t=15 s=0 threadsLeft=5
t=15 s=1 threadsLeft=4
t=15 s=3 threadsLeft=3
t=15 s=2 threadsLeft=2
t=15 s=4 threadsLeft=1
t=15 s=13 threadsLeft=0
  t=15, time=7.9e-05
t=16 s=0 threadsLeft=5
t=16 s=1 threadsLeft=4
t=16 s=3 threadsLeft=3
t=16 s=4 threadsLeft=2
t=16 s=2 threadsLeft=1
t=16 s=14 threadsLeft=0
  t=16, time=8.5e-05
t=17 s=0 threadsLeft=4
t=17 s=3 threadsLeft=3
t=17 s=1 threadsLeft=2
t=17 s=15 threadsLeft=1
t=17 s=4 threadsLeft=0
  t=17, time=0.000104
t=18 s=0 threadsLeft=5
t=18 s=1 threadsLeft=4
t=18 s=4 threadsLeft=3
t=18 s=2 threadsLeft=2
t=18 s=16 threadsLeft=1
t=18 s=5 threadsLeft=0
  t=18, time=0.00011
t=19 s=2 threadsLeft=5
t=19 s=5 threadsLeft=4
t=19 s=1 threadsLeft=3
t=19 s=6 threadsLeft=2
t=19 s=17 threadsLeft=1
t=19 s=3 threadsLeft=0
  t=19, time=0.000113
t=20 s=0 threadsLeft=6
t=20 s=4 threadsLeft=5
t=20 s=6 threadsLeft=4
t=20 s=1 threadsLeft=3
t=20 s=18 threadsLeft=2
t=20 s=5 threadsLeft=1
t=20 s=3 threadsLeft=0
  t=20, time=0.000117
t=21 s=5 threadsLeft=5
t=21 s=4 threadsLeft=4
t=21 s=19 threadsLeft=3
t=21 s=1 threadsLeft=2
t=21 s=6 threadsLeft=1
t=21 s=2 threadsLeft=0
  t=21, time=0.000108
t=22 s=3 threadsLeft=5
t=22 s=4 threadsLeft=4
t=22 s=20 threadsLeft=3
t=22 s=5 threadsLeft=2
t=22 s=1 threadsLeft=1
t=22 s=2 threadsLeft=0
  t=22, time=0.000125
t=23 s=1 threadsLeft=6
t=23 s=5 threadsLeft=5
t=23 s=3 threadsLeft=4
t=23 s=6 threadsLeft=3
t=23 s=4 threadsLeft=2
t=23 s=21 threadsLeft=1
t=23 s=2 threadsLeft=0
  t=23, time=0.000104
t=24 s=0 threadsLeft=8
t=24 s=1 threadsLeft=7
t=24 s=4 threadsLeft=6
t=24 s=7 threadsLeft=5
t=24 s=5 threadsLeft=4
t=24 s=3 threadsLeft=3
t=24 s=22 threadsLeft=2
t=24 s=6 threadsLeft=1
t=24 s=2 threadsLeft=0
  t=24, time=0.000166
t=25 s=4 threadsLeft=7
t=25 s=6 threadsLeft=6
t=25 s=3 threadsLeft=5
t=25 s=5 threadsLeft=4
t=25 s=1 threadsLeft=3
t=25 s=2 threadsLeft=2
t=25 s=7 threadsLeft=1
t=25 s=23 threadsLeft=0
  t=25, time=0.000149
t=26 s=3 threadsLeft=7
t=26 s=1 threadsLeft=6
t=26 s=4 threadsLeft=5
t=26 s=5 threadsLeft=4
t=26 s=6 threadsLeft=3
t=26 s=7 threadsLeft=2
t=26 s=24 threadsLeft=1
t=26 s=2 threadsLeft=0
  t=26, time=0.000195
t=27 s=3 threadsLeft=8
t=27 s=4 threadsLeft=7
t=27 s=2 threadsLeft=6
t=27 s=6 threadsLeft=5
t=27 s=1 threadsLeft=4
t=27 s=7 threadsLeft=3
t=27 s=5 threadsLeft=2
t=27 s=8 threadsLeft=1
t=27 s=25 threadsLeft=0
  t=27, time=0.00015
t=28 s=0 threadsLeft=8
t=28 s=4 threadsLeft=7
t=28 s=5 threadsLeft=6
t=28 s=3 threadsLeft=5
t=28 s=7 threadsLeft=4
t=28 s=2 threadsLeft=3
t=28 s=8 threadsLeft=2
t=28 s=26 threadsLeft=1
t=28 s=1 threadsLeft=0
  t=28, time=0.000184
t=29 s=0 threadsLeft=7
t=29 s=7 threadsLeft=6
t=29 s=3 threadsLeft=5
t=29 s=8 threadsLeft=4
t=29 s=27 threadsLeft=3
t=29 s=2 threadsLeft=2
t=29 s=1 threadsLeft=1
t=29 s=4 threadsLeft=0
  t=29, time=0.000243
t=30 s=0 threadsLeft=9
t=30 s=4 threadsLeft=8
t=30 s=6 threadsLeft=7
t=30 s=9 threadsLeft=6
t=30 s=3 threadsLeft=5
t=30 s=8 threadsLeft=4
t=30 s=28 threadsLeft=3
t=30 s=1 threadsLeft=2
t=30 s=5 threadsLeft=1
t=30 s=2 threadsLeft=0
  t=30, time=0.000235
t=31 s=0 threadsLeft=10
t=31 s=5 threadsLeft=9
t=31 s=4 threadsLeft=8
t=31 s=3 threadsLeft=7
t=31 s=1 threadsLeft=6
t=31 s=9 threadsLeft=5
t=31 s=10 threadsLeft=4
t=31 s=29 threadsLeft=3
t=31 s=6 threadsLeft=2
t=31 s=7 threadsLeft=1
t=31 s=2 threadsLeft=0
  t=31, time=0.000285
t=32 s=0 threadsLeft=9
t=32 s=8 threadsLeft=8
t=32 s=9 threadsLeft=7
t=32 s=7 threadsLeft=6
t=32 s=10 threadsLeft=5
t=32 s=3 threadsLeft=4
t=32 s=30 threadsLeft=3
t=32 s=4 threadsLeft=2
t=32 s=1 threadsLeft=1
t=32 s=2 threadsLeft=0
  t=32, time=0.000391
t=33 s=0 threadsLeft=10
t=33 s=3 threadsLeft=9
t=33 s=10 threadsLeft=8
t=33 s=31 threadsLeft=7
t=33 s=6 threadsLeft=6
t=33 s=9 threadsLeft=5
t=33 s=4 threadsLeft=4
t=33 s=2 threadsLeft=3
t=33 s=8 threadsLeft=2
t=33 s=1 threadsLeft=1
t=33 s=5 threadsLeft=0
  t=33, time=0.000295
t=34 s=0 threadsLeft=10
t=34 s=5 threadsLeft=9
t=34 s=7 threadsLeft=8
t=34 s=32 threadsLeft=7
t=34 s=9 threadsLeft=6
t=34 s=8 threadsLeft=5
t=34 s=3 threadsLeft=4
t=34 s=6 threadsLeft=3
t=34 s=4 threadsLeft=2
t=34 s=1 threadsLeft=1
t=34 s=2 threadsLeft=0
  t=34, time=0.000363
t=35 s=4 threadsLeft=9
t=35 s=5 threadsLeft=8
t=35 s=10 threadsLeft=7
t=35 s=33 threadsLeft=6
t=35 s=9 threadsLeft=5
t=35 s=8 threadsLeft=4
t=35 s=1 threadsLeft=3
t=35 s=3 threadsLeft=2
t=35 s=7 threadsLeft=1
t=35 s=2 threadsLeft=0
  t=35, time=0.000461
t=36 s=0 threadsLeft=12
t=36 s=6 threadsLeft=11
t=36 s=4 threadsLeft=10
t=36 s=8 threadsLeft=9
t=36 s=7 threadsLeft=8
t=36 s=11 threadsLeft=7
t=36 s=3 threadsLeft=6
t=36 s=5 threadsLeft=5
t=36 s=34 threadsLeft=4
t=36 s=9 threadsLeft=3
t=36 s=10 threadsLeft=2
t=36 s=1 threadsLeft=1
t=36 s=2 threadsLeft=0
  t=36, time=0.000348
t=37 s=4 threadsLeft=11
t=37 s=35 threadsLeft=10
t=37 s=7 threadsLeft=9
t=37 s=11 threadsLeft=8
t=37 s=3 threadsLeft=7
t=37 s=9 threadsLeft=6
t=37 s=5 threadsLeft=5
t=37 s=8 threadsLeft=4
t=37 s=10 threadsLeft=3
t=37 s=6 threadsLeft=2
t=37 s=2 threadsLeft=1
t=37 s=1 threadsLeft=0
  t=37, time=0.000485
t=38 s=4 threadsLeft=11
t=38 s=36 threadsLeft=10
t=38 s=9 threadsLeft=9
t=38 s=5 threadsLeft=8
t=38 s=10 threadsLeft=7
t=38 s=11 threadsLeft=6
t=38 s=8 threadsLeft=5
t=38 s=7 threadsLeft=4
t=38 s=6 threadsLeft=3
t=38 s=3 threadsLeft=2
t=38 s=1 threadsLeft=1
t=38 s=2 threadsLeft=0
  t=38, time=0.00053
t=39 s=4 threadsLeft=12
t=39 s=11 threadsLeft=11
t=39 s=9 threadsLeft=10
t=39 s=12 threadsLeft=9
t=39 s=8 threadsLeft=8
t=39 s=7 threadsLeft=7
t=39 s=37 threadsLeft=6
t=39 s=6 threadsLeft=5
t=39 s=10 threadsLeft=4
t=39 s=5 threadsLeft=3
t=39 s=1 threadsLeft=2
t=39 s=2 threadsLeft=1
t=39 s=3 threadsLeft=0
  t=39, time=0.000528
t=40 s=0 threadsLeft=13
t=40 s=10 threadsLeft=12
t=40 s=11 threadsLeft=11
t=40 s=12 threadsLeft=10
t=40 s=9 threadsLeft=9
t=40 s=2 threadsLeft=8
t=40 s=38 threadsLeft=7
t=40 s=7 threadsLeft=6
t=40 s=8 threadsLeft=5
t=40 s=6 threadsLeft=4
t=40 s=4 threadsLeft=3
t=40 s=5 threadsLeft=2
t=40 s=1 threadsLeft=1
t=40 s=3 threadsLeft=0
  t=40, time=0.000479
t=41 s=39 threadsLeft=10
t=41 s=4 threadsLeft=9
t=41 s=12 threadsLeft=8
t=41 s=11 threadsLeft=7
t=41 s=7 threadsLeft=6
t=41 s=5 threadsLeft=5
t=41 s=9 threadsLeft=4
t=41 s=8 threadsLeft=3
t=41 s=3 threadsLeft=2
t=41 s=2 threadsLeft=1
t=41 s=1 threadsLeft=0
  t=41, time=0.000625
t=42 s=40 threadsLeft=12
t=42 s=6 threadsLeft=11
t=42 s=12 threadsLeft=10
t=42 s=7 threadsLeft=9
t=42 s=13 threadsLeft=8
t=42 s=10 threadsLeft=7
t=42 s=9 threadsLeft=6
t=42 s=4 threadsLeft=5
t=42 s=8 threadsLeft=4
t=42 s=5 threadsLeft=3
t=42 s=3 threadsLeft=2
t=42 s=1 threadsLeft=1
t=42 s=2 threadsLeft=0
  t=42, time=0.00087
t=43 s=8 threadsLeft=13
t=43 s=41 threadsLeft=12
t=43 s=5 threadsLeft=11
t=43 s=11 threadsLeft=10
t=43 s=7 threadsLeft=9
t=43 s=13 threadsLeft=8
t=43 s=14 threadsLeft=7
t=43 s=10 threadsLeft=6
t=43 s=9 threadsLeft=5
t=43 s=1 threadsLeft=4
t=43 s=6 threadsLeft=3
t=43 s=4 threadsLeft=2
t=43 s=3 threadsLeft=1
t=43 s=2 threadsLeft=0
  t=43, time=0.001063
t=44 s=10 threadsLeft=13
t=44 s=12 threadsLeft=12
t=44 s=42 threadsLeft=11
t=44 s=14 threadsLeft=10
t=44 s=11 threadsLeft=9
t=44 s=13 threadsLeft=8
t=44 s=8 threadsLeft=7
t=44 s=7 threadsLeft=6
t=44 s=6 threadsLeft=5
t=44 s=5 threadsLeft=4
t=44 s=3 threadsLeft=3
t=44 s=4 threadsLeft=2
t=44 s=1 threadsLeft=1
t=44 s=2 threadsLeft=0
  t=44, time=0.001072
t=45 s=11 threadsLeft=15
t=45 s=10 threadsLeft=14
t=45 s=7 threadsLeft=13
t=45 s=14 threadsLeft=12
t=45 s=13 threadsLeft=11
t=45 s=12 threadsLeft=10
t=45 s=15 threadsLeft=9
t=45 s=43 threadsLeft=8
t=45 s=9 threadsLeft=7
t=45 s=8 threadsLeft=6
t=45 s=1 threadsLeft=5
t=45 s=6 threadsLeft=4
t=45 s=5 threadsLeft=3
t=45 s=4 threadsLeft=2
t=45 s=3 threadsLeft=1
t=45 s=2 threadsLeft=0
  t=45, time=0.001512
t=46 s=16 threadsLeft=14
t=46 s=10 threadsLeft=13
t=46 s=12 threadsLeft=12
t=46 s=11 threadsLeft=11
t=46 s=9 threadsLeft=10
t=46 s=13 threadsLeft=9
t=46 s=44 threadsLeft=8
t=46 s=8 threadsLeft=7
t=46 s=7 threadsLeft=6
t=46 s=6 threadsLeft=5
t=46 s=5 threadsLeft=4
t=46 s=1 threadsLeft=3
t=46 s=4 threadsLeft=2
t=46 s=3 threadsLeft=1
t=46 s=2 threadsLeft=0
  t=46, time=0.001578
t=47 s=9 threadsLeft=14
t=47 s=17 threadsLeft=13
t=47 s=12 threadsLeft=12
t=47 s=11 threadsLeft=11
t=47 s=45 threadsLeft=10
t=47 s=14 threadsLeft=9
t=47 s=13 threadsLeft=8
t=47 s=8 threadsLeft=7
t=47 s=7 threadsLeft=6
t=47 s=6 threadsLeft=5
t=47 s=1 threadsLeft=4
t=47 s=5 threadsLeft=3
t=47 s=4 threadsLeft=2
t=47 s=3 threadsLeft=1
t=47 s=2 threadsLeft=0
  t=47, time=0.001774
t=48 s=10 threadsLeft=17
t=48 s=0 threadsLeft=16
t=48 s=12 threadsLeft=15
t=48 s=11 threadsLeft=14
t=48 s=13 threadsLeft=13
t=48 s=14 threadsLeft=12
t=48 s=18 threadsLeft=11
t=48 s=46 threadsLeft=10
t=48 s=7 threadsLeft=9
t=48 s=15 threadsLeft=8
t=48 s=9 threadsLeft=7
t=48 s=8 threadsLeft=6
t=48 s=6 threadsLeft=5
t=48 s=1 threadsLeft=4
t=48 s=5 threadsLeft=3
t=48 s=4 threadsLeft=2
t=48 s=3 threadsLeft=1
t=48 s=2 threadsLeft=0
  t=48, time=0.002294
t=49 s=12 threadsLeft=16
t=49 s=11 threadsLeft=15
t=49 s=7 threadsLeft=14
t=49 s=10 threadsLeft=13
t=49 s=13 threadsLeft=12
t=49 s=15 threadsLeft=11
t=49 s=47 threadsLeft=10
t=49 s=19 threadsLeft=9
t=49 s=14 threadsLeft=8
t=49 s=9 threadsLeft=7
t=49 s=8 threadsLeft=6
t=49 s=6 threadsLeft=5
t=49 s=4 threadsLeft=4
t=49 s=1 threadsLeft=3
t=49 s=5 threadsLeft=2
t=49 s=3 threadsLeft=1
t=49 s=2 threadsLeft=0
  t=49, time=0.002448
t=50 s=7 threadsLeft=15
t=50 s=13 threadsLeft=14
t=50 s=16 threadsLeft=13
t=50 s=20 threadsLeft=12
t=50 s=11 threadsLeft=11
t=50 s=12 threadsLeft=10
t=50 s=15 threadsLeft=9
t=50 s=48 threadsLeft=8
t=50 s=14 threadsLeft=7
t=50 s=8 threadsLeft=6
t=50 s=6 threadsLeft=5
t=50 s=4 threadsLeft=4
t=50 s=5 threadsLeft=3
t=50 s=1 threadsLeft=2
t=50 s=3 threadsLeft=1
t=50 s=2 threadsLeft=0
  t=50, time=0.00268
t=51 s=11 threadsLeft=17
t=51 s=16 threadsLeft=16
t=51 s=17 threadsLeft=15
t=51 s=12 threadsLeft=14
t=51 s=15 threadsLeft=13
t=51 s=10 threadsLeft=12
t=51 s=14 threadsLeft=11
t=51 s=8 threadsLeft=10
t=51 s=49 threadsLeft=9
t=51 s=21 threadsLeft=8
t=51 s=9 threadsLeft=7
t=51 s=13 threadsLeft=6
t=51 s=7 threadsLeft=5
t=51 s=6 threadsLeft=4
t=51 s=5 threadsLeft=3
t=51 s=3 threadsLeft=2
t=51 s=4 threadsLeft=1
t=51 s=2 threadsLeft=0
  t=51, time=0.003391
t=52 s=12 threadsLeft=17
t=52 s=14 threadsLeft=16
t=52 s=13 threadsLeft=15
t=52 s=16 threadsLeft=14
t=52 s=18 threadsLeft=13
t=52 s=50 threadsLeft=12
t=52 s=11 threadsLeft=11
t=52 s=10 threadsLeft=10
t=52 s=22 threadsLeft=9
t=52 s=15 threadsLeft=8
t=52 s=9 threadsLeft=7
t=52 s=7 threadsLeft=6
t=52 s=6 threadsLeft=5
t=52 s=1 threadsLeft=4
t=52 s=5 threadsLeft=3
t=52 s=3 threadsLeft=2
t=52 s=4 threadsLeft=1
t=52 s=2 threadsLeft=0
  t=52, time=0.003188
t=53 s=0 threadsLeft=17
t=53 s=8 threadsLeft=16
t=53 s=15 threadsLeft=15
t=53 s=12 threadsLeft=14
t=53 s=16 threadsLeft=13
t=53 s=23 threadsLeft=12
t=53 s=11 threadsLeft=11
t=53 s=9 threadsLeft=10
t=53 s=19 threadsLeft=9
t=53 s=10 threadsLeft=8
t=53 s=51 threadsLeft=7
t=53 s=7 threadsLeft=6
t=53 s=6 threadsLeft=5
t=53 s=1 threadsLeft=4
t=53 s=4 threadsLeft=3
t=53 s=5 threadsLeft=2
t=53 s=3 threadsLeft=1
t=53 s=2 threadsLeft=0
  t=53, time=0.003673
t=54 s=0 threadsLeft=19
t=54 s=7 threadsLeft=18
t=54 s=8 threadsLeft=17
t=54 s=11 threadsLeft=16
t=54 s=20 threadsLeft=15
t=54 s=12 threadsLeft=14
t=54 s=14 threadsLeft=13
t=54 s=17 threadsLeft=12
t=54 s=24 threadsLeft=11
t=54 s=52 threadsLeft=10
t=54 s=13 threadsLeft=9
t=54 s=16 threadsLeft=8
t=54 s=10 threadsLeft=7
t=54 s=9 threadsLeft=6
t=54 s=6 threadsLeft=5
t=54 s=1 threadsLeft=4
t=54 s=5 threadsLeft=3
t=54 s=4 threadsLeft=2
t=54 s=3 threadsLeft=1
t=54 s=2 threadsLeft=0
  t=54, time=0.003762
t=55 s=0 threadsLeft=19
t=55 s=8 threadsLeft=18
t=55 s=15 threadsLeft=17
t=55 s=14 threadsLeft=16
t=55 s=17 threadsLeft=15
t=55 s=21 threadsLeft=14
t=55 s=11 threadsLeft=13
t=55 s=12 threadsLeft=12
t=55 s=53 threadsLeft=11
t=55 s=25 threadsLeft=10
t=55 s=9 threadsLeft=9
t=55 s=18 threadsLeft=8
t=55 s=13 threadsLeft=7
t=55 s=10 threadsLeft=6
t=55 s=6 threadsLeft=5
t=55 s=2 threadsLeft=4
t=55 s=1 threadsLeft=3
t=55 s=5 threadsLeft=2
t=55 s=4 threadsLeft=1
t=55 s=3 threadsLeft=0
  t=55, time=0.003233
t=56 s=9 threadsLeft=19
t=56 s=14 threadsLeft=18
t=56 s=11 threadsLeft=17
t=56 s=15 threadsLeft=16
t=56 s=12 threadsLeft=15
t=56 s=10 threadsLeft=14
t=56 s=17 threadsLeft=13
t=56 s=16 threadsLeft=12
t=56 s=22 threadsLeft=11
t=56 s=54 threadsLeft=10
t=56 s=18 threadsLeft=9
t=56 s=26 threadsLeft=8
t=56 s=0 threadsLeft=7
t=56 s=7 threadsLeft=6
t=56 s=6 threadsLeft=5
t=56 s=5 threadsLeft=4
t=56 s=4 threadsLeft=3
t=56 s=1 threadsLeft=2
t=56 s=2 threadsLeft=1
t=56 s=3 threadsLeft=0
  t=56, time=0.004916
t=57 s=0 threadsLeft=22
t=57 s=8 threadsLeft=21
t=57 s=11 threadsLeft=20
t=57 s=9 threadsLeft=19
t=57 s=15 threadsLeft=18
t=57 s=10 threadsLeft=17
t=57 s=17 threadsLeft=16
t=57 s=16 threadsLeft=15
t=57 s=19 threadsLeft=14
t=57 s=18 threadsLeft=13
t=57 s=23 threadsLeft=12
t=57 s=12 threadsLeft=11
t=57 s=55 threadsLeft=10
t=57 s=14 threadsLeft=9
t=57 s=27 threadsLeft=8
t=57 s=13 threadsLeft=7
t=57 s=7 threadsLeft=6
t=57 s=6 threadsLeft=5
t=57 s=5 threadsLeft=4
t=57 s=1 threadsLeft=3
t=57 s=4 threadsLeft=2
t=57 s=3 threadsLeft=1
t=57 s=2 threadsLeft=0
  t=57, time=0.004583
t=58 s=0 threadsLeft=20
t=58 s=15 threadsLeft=19
t=58 s=10 threadsLeft=18
t=58 s=11 threadsLeft=17
t=58 s=14 threadsLeft=16
t=58 s=24 threadsLeft=15
t=58 s=16 threadsLeft=14
t=58 s=20 threadsLeft=13
t=58 s=17 threadsLeft=12
t=58 s=56 threadsLeft=11
t=58 s=28 threadsLeft=10
t=58 s=12 threadsLeft=9
t=58 s=13 threadsLeft=8
t=58 s=8 threadsLeft=7
t=58 s=7 threadsLeft=6
t=58 s=6 threadsLeft=5
t=58 s=5 threadsLeft=4
t=58 s=1 threadsLeft=3
t=58 s=4 threadsLeft=2
t=58 s=2 threadsLeft=1
t=58 s=3 threadsLeft=0
  t=58, time=0.005997
t=59 s=0 threadsLeft=19
t=59 s=9 threadsLeft=18
t=59 s=13 threadsLeft=17
t=59 s=15 threadsLeft=16
t=59 s=17 threadsLeft=15
t=59 s=16 threadsLeft=14
t=59 s=21 threadsLeft=13
t=59 s=18 threadsLeft=12
t=59 s=25 threadsLeft=11
t=59 s=29 threadsLeft=10
t=59 s=57 threadsLeft=9
t=59 s=11 threadsLeft=8
t=59 s=7 threadsLeft=7
t=59 s=8 threadsLeft=6
t=59 s=3 threadsLeft=5
t=59 s=6 threadsLeft=4
t=59 s=5 threadsLeft=3
t=59 s=1 threadsLeft=2
t=59 s=4 threadsLeft=1
t=59 s=2 threadsLeft=0
  t=59, time=0.005878
t=60 s=9 threadsLeft=23
t=60 s=12 threadsLeft=22
t=60 s=15 threadsLeft=21
t=60 s=11 threadsLeft=20
t=60 s=14 threadsLeft=19
t=60 s=13 threadsLeft=18
t=60 s=17 threadsLeft=17
t=60 s=16 threadsLeft=16
t=60 s=10 threadsLeft=15
t=60 s=19 threadsLeft=14
t=60 s=26 threadsLeft=13
t=60 s=30 threadsLeft=12
t=60 s=18 threadsLeft=11
t=60 s=22 threadsLeft=10
t=60 s=58 threadsLeft=9
t=60 s=0 threadsLeft=8
t=60 s=7 threadsLeft=7
t=60 s=8 threadsLeft=6
t=60 s=6 threadsLeft=5
t=60 s=1 threadsLeft=4
t=60 s=5 threadsLeft=3
t=60 s=4 threadsLeft=2
t=60 s=3 threadsLeft=1
t=60 s=2 threadsLeft=0
  t=60, time=0.007782
t=61 s=0 threadsLeft=22
t=61 s=10 threadsLeft=21
t=61 s=11 threadsLeft=20
t=61 s=16 threadsLeft=19
t=61 s=17 threadsLeft=18
t=61 s=14 threadsLeft=17
t=61 s=15 threadsLeft=16
t=61 s=19 threadsLeft=15
t=61 s=23 threadsLeft=14
t=61 s=27 threadsLeft=13
t=61 s=31 threadsLeft=12
t=61 s=18 threadsLeft=11
t=61 s=59 threadsLeft=10
t=61 s=13 threadsLeft=9
t=61 s=12 threadsLeft=8
t=61 s=8 threadsLeft=7
t=61 s=7 threadsLeft=6
t=61 s=6 threadsLeft=5
t=61 s=5 threadsLeft=4
t=61 s=1 threadsLeft=3
t=61 s=4 threadsLeft=2
t=61 s=3 threadsLeft=1
t=61 s=2 threadsLeft=0
  t=61, time=0.010257
t=62 s=11 threadsLeft=22
t=62 s=13 threadsLeft=21
t=62 s=17 threadsLeft=20
t=62 s=14 threadsLeft=19
t=62 s=18 threadsLeft=18
t=62 s=20 threadsLeft=17
t=62 s=24 threadsLeft=16
t=62 s=19 threadsLeft=15
t=62 s=32 threadsLeft=14
t=62 s=60 threadsLeft=13
t=62 s=28 threadsLeft=12
t=62 s=15 threadsLeft=11
t=62 s=16 threadsLeft=10
t=62 s=12 threadsLeft=9
t=62 s=8 threadsLeft=8
t=62 s=0 threadsLeft=7
t=62 s=7 threadsLeft=6
t=62 s=6 threadsLeft=5
t=62 s=1 threadsLeft=4
t=62 s=5 threadsLeft=3
t=62 s=3 threadsLeft=2
t=62 s=4 threadsLeft=1
t=62 s=2 threadsLeft=0
  t=62, time=0.008334
t=63 s=9 threadsLeft=25
t=63 s=11 threadsLeft=24
t=63 s=12 threadsLeft=23
t=63 s=13 threadsLeft=22
t=63 s=10 threadsLeft=21
t=63 s=16 threadsLeft=20
t=63 s=15 threadsLeft=19
t=63 s=14 threadsLeft=18
t=63 s=18 threadsLeft=17
t=63 s=17 threadsLeft=16
t=63 s=19 threadsLeft=15
t=63 s=21 threadsLeft=14
t=63 s=25 threadsLeft=13
t=63 s=20 threadsLeft=12
t=63 s=29 threadsLeft=11
t=63 s=33 threadsLeft=10
t=63 s=61 threadsLeft=9
t=63 s=0 threadsLeft=8
t=63 s=8 threadsLeft=7
t=63 s=7 threadsLeft=6
t=63 s=6 threadsLeft=5
t=63 s=5 threadsLeft=4
t=63 s=1 threadsLeft=3
t=63 s=4 threadsLeft=2
t=63 s=3 threadsLeft=1
t=63 s=2 threadsLeft=0
  t=63, time=0.007872
t=64 s=17 threadsLeft=22
t=64 s=18 threadsLeft=21
t=64 s=13 threadsLeft=20
t=64 s=19 threadsLeft=19
t=64 s=0 threadsLeft=18
t=64 s=22 threadsLeft=17
t=64 s=20 threadsLeft=16
t=64 s=30 threadsLeft=15
t=64 s=26 threadsLeft=14
t=64 s=34 threadsLeft=13
t=64 s=15 threadsLeft=12
t=64 s=62 threadsLeft=11
t=64 s=16 threadsLeft=10
t=64 s=14 threadsLeft=9
t=64 s=9 threadsLeft=8
t=64 s=8 threadsLeft=7
t=64 s=7 threadsLeft=6
t=64 s=6 threadsLeft=5
t=64 s=1 threadsLeft=4
t=64 s=5 threadsLeft=3
t=64 s=3 threadsLeft=2
t=64 s=4 threadsLeft=1
t=64 s=2 threadsLeft=0
  t=64, time=0.013798
t=65 s=11 threadsLeft=24
t=65 s=12 threadsLeft=23
t=65 s=0 threadsLeft=22
t=65 s=15 threadsLeft=21
t=65 s=19 threadsLeft=20
t=65 s=17 threadsLeft=19
t=65 s=27 threadsLeft=18
t=65 s=23 threadsLeft=17
t=65 s=31 threadsLeft=16
t=65 s=35 threadsLeft=15
t=65 s=63 threadsLeft=14
t=65 s=20 threadsLeft=13
t=65 s=14 threadsLeft=12
t=65 s=16 threadsLeft=11
t=65 s=13 threadsLeft=10
t=65 s=10 threadsLeft=9
t=65 s=8 threadsLeft=8
t=65 s=9 threadsLeft=7
t=65 s=7 threadsLeft=6
t=65 s=1 threadsLeft=5
t=65 s=6 threadsLeft=4
t=65 s=5 threadsLeft=3
t=65 s=3 threadsLeft=2
t=65 s=4 threadsLeft=1
t=65 s=2 threadsLeft=0
  t=65, time=0.0115
t=66 s=0 threadsLeft=25
t=66 s=12 threadsLeft=24
t=66 s=11 threadsLeft=23
t=66 s=13 threadsLeft=22
t=66 s=15 threadsLeft=21
t=66 s=16 threadsLeft=20
t=66 s=21 threadsLeft=19
t=66 s=14 threadsLeft=18
t=66 s=24 threadsLeft=17
t=66 s=28 threadsLeft=16
t=66 s=20 threadsLeft=15
t=66 s=32 threadsLeft=14
t=66 s=36 threadsLeft=13
t=66 s=64 threadsLeft=12
t=66 s=17 threadsLeft=11
t=66 s=18 threadsLeft=10
t=66 s=10 threadsLeft=9
t=66 s=5 threadsLeft=8
t=66 s=9 threadsLeft=7
t=66 s=8 threadsLeft=6
t=66 s=7 threadsLeft=5
t=66 s=6 threadsLeft=4
t=66 s=1 threadsLeft=3
t=66 s=3 threadsLeft=2
t=66 s=4 threadsLeft=1
t=66 s=2 threadsLeft=0
  t=66, time=0.0143
t=67 s=0 threadsLeft=26
t=67 s=13 threadsLeft=25
t=67 s=15 threadsLeft=24
t=67 s=16 threadsLeft=23
t=67 s=17 threadsLeft=22
t=67 s=19 threadsLeft=21
t=67 s=18 threadsLeft=20
t=67 s=21 threadsLeft=19
t=67 s=10 threadsLeft=18
t=67 s=25 threadsLeft=17
t=67 s=29 threadsLeft=16
t=67 s=22 threadsLeft=15
t=67 s=33 threadsLeft=14
t=67 s=37 threadsLeft=13
t=67 s=65 threadsLeft=12
t=67 s=12 threadsLeft=11
t=67 s=14 threadsLeft=10
t=67 s=11 threadsLeft=9
t=67 s=9 threadsLeft=8
t=67 s=6 threadsLeft=7
t=67 s=8 threadsLeft=6
t=67 s=1 threadsLeft=5
t=67 s=7 threadsLeft=4
t=67 s=5 threadsLeft=3
t=67 s=4 threadsLeft=2
t=67 s=2 threadsLeft=1
t=67 s=3 threadsLeft=0
  t=67, time=0.015832
t=68 s=14 threadsLeft=25
t=68 s=19 threadsLeft=24
t=68 s=21 threadsLeft=23
t=68 s=22 threadsLeft=22
t=68 s=15 threadsLeft=21
t=68 s=26 threadsLeft=20
t=68 s=16 threadsLeft=19
t=68 s=34 threadsLeft=18
t=68 s=30 threadsLeft=17
t=68 s=66 threadsLeft=16
t=68 s=38 threadsLeft=15
t=68 s=20 threadsLeft=14
t=68 s=12 threadsLeft=13
t=68 s=18 threadsLeft=12
t=68 s=13 threadsLeft=11
t=68 s=0 threadsLeft=10
t=68 s=10 threadsLeft=9
t=68 s=9 threadsLeft=8
t=68 s=8 threadsLeft=7
t=68 s=7 threadsLeft=6
t=68 s=6 threadsLeft=5
t=68 s=5 threadsLeft=4
t=68 s=1 threadsLeft=3
t=68 s=3 threadsLeft=2
t=68 s=2 threadsLeft=1
t=68 s=4 threadsLeft=0
  t=68, time=0.016074
t=69 s=0 threadsLeft=28
t=69 s=12 threadsLeft=27
t=69 s=15 threadsLeft=26
t=69 s=16 threadsLeft=25
t=69 s=14 threadsLeft=24
t=69 s=19 threadsLeft=23
t=69 s=18 threadsLeft=22
t=69 s=17 threadsLeft=21
t=69 s=20 threadsLeft=20
t=69 s=11 threadsLeft=19
t=69 s=23 threadsLeft=18
t=69 s=27 threadsLeft=17
t=69 s=21 threadsLeft=16
t=69 s=31 threadsLeft=15
t=69 s=35 threadsLeft=14
t=69 s=39 threadsLeft=13
t=69 s=13 threadsLeft=12
t=69 s=22 threadsLeft=11
t=69 s=67 threadsLeft=10
t=69 s=10 threadsLeft=9
t=69 s=9 threadsLeft=8
t=69 s=8 threadsLeft=7
t=69 s=7 threadsLeft=6
t=69 s=1 threadsLeft=5
t=69 s=6 threadsLeft=4
t=69 s=5 threadsLeft=3
t=69 s=4 threadsLeft=2
t=69 s=3 threadsLeft=1
t=69 s=2 threadsLeft=0
  t=69, time=0.019289
t=70 s=0 threadsLeft=26
t=70 s=11 threadsLeft=25
t=70 s=14 threadsLeft=24
t=70 s=12 threadsLeft=23
t=70 s=10 threadsLeft=22
t=70 s=17 threadsLeft=21
t=70 s=16 threadsLeft=20
t=70 s=15 threadsLeft=19
t=70 s=19 threadsLeft=18
t=70 s=20 threadsLeft=17
t=70 s=18 threadsLeft=16
t=70 s=24 threadsLeft=15
t=70 s=28 threadsLeft=14
t=70 s=32 threadsLeft=13
t=70 s=36 threadsLeft=12
t=70 s=40 threadsLeft=11
t=70 s=21 threadsLeft=10
t=70 s=68 threadsLeft=9
t=70 s=9 threadsLeft=8
t=70 s=8 threadsLeft=7
t=70 s=7 threadsLeft=6
t=70 s=1 threadsLeft=5
t=70 s=6 threadsLeft=4
t=70 s=5 threadsLeft=3
t=70 s=4 threadsLeft=2
t=70 s=3 threadsLeft=1
t=70 s=2 threadsLeft=0
  t=70, time=0.028071
gb.dim_Ext()=798
gb.dim_Gb()=1309
[38;2;000;128;000mTime: 0.336045s (2025-11-04 16:26:22)
[0m