t=2 s=2 threadsLeft=0
t=2 time=0.000199
t=3 s=3 threadsLeft=0
t=3 time=0.000396
t=4 s=4 threadsLeft=1
t=4 s=2 threadsLeft=0
t=4 time=0.000366
t=5 s=5 threadsLeft=1
t=5 s=2 threadsLeft=0
t=5 time=0.000331
t=6 s=6 threadsLeft=1
t=6 s=3 threadsLeft=0
t=6 time=0.000392
t=7 s=7 threadsLeft=0
t=7 time=0.000306
t=8 s=8 threadsLeft=1
t=8 s=2 threadsLeft=0
t=8 time=0.000372
t=9 s=9 threadsLeft=1
t=9 s=2 threadsLeft=0
t=9 time=0.000369
t=10 s=10 threadsLeft=2
t=10 s=2 threadsLeft=1
t=10 s=3 threadsLeft=0
t=10 time=0.000358
t=11 s=11 threadsLeft=2
t=11 s=4 threadsLeft=1
t=11 s=3 threadsLeft=0
t=11 time=0.000404
t=12 s=12 threadsLeft=1
t=12 s=3 threadsLeft=0
t=12 time=0.000367
t=13 s=13 threadsLeft=1
t=13 s=4 threadsLeft=0
t=13 time=0.000399
t=14 s=14 threadsLeft=1
t=14 s=5 threadsLeft=0
t=14 time=0.000404
t=15 s=15 threadsLeft=0
t=15 time=0.000361
t=16 s=16 threadsLeft=3
t=16 s=6 threadsLeft=2
t=16 s=2 threadsLeft=1
t=16 s=5 threadsLeft=0
t=16 time=0.000449
t=17 s=17 threadsLeft=3
t=17 s=2 threadsLeft=2
t=17 s=6 threadsLeft=1
t=17 s=3 threadsLeft=0
t=17 time=0.00043
t=18 s=18 threadsLeft=4
t=18 s=7 threadsLeft=3
t=18 s=2 threadsLeft=2
t=18 s=3 threadsLeft=1
t=18 s=4 threadsLeft=0
t=18 time=0.000501
t=19 s=19 threadsLeft=2
t=19 s=4 threadsLeft=1
t=19 s=5 threadsLeft=0
t=19 time=0.00047
t=20 s=20 threadsLeft=5
t=20 s=2 threadsLeft=4
t=20 s=6 threadsLeft=3
t=20 s=5 threadsLeft=2
t=20 s=5 threadsLeft=1
t=20 s=3 threadsLeft=0
t=20 time=0.000521
t=21 s=21 threadsLeft=3
t=21 s=6 threadsLeft=2
t=21 s=3 threadsLeft=1
t=21 s=4 threadsLeft=0
t=21 time=0.000567
t=22 s=22 threadsLeft=6
t=22 s=7 threadsLeft=5
t=22 s=3 threadsLeft=4
t=22 s=6 threadsLeft=3
t=22 s=5 threadsLeft=2
t=22 s=4 threadsLeft=1
t=22 s=4 threadsLeft=0
t=22 time=0.000719
t=23 s=23 threadsLeft=4
t=23 s=8 threadsLeft=3
t=23 s=7 threadsLeft=2
t=23 s=6 threadsLeft=1
t=23 s=5 threadsLeft=0
t=23 time=0.000653
t=24 s=24 threadsLeft=3
t=24 s=7 threadsLeft=2
t=24 s=3 threadsLeft=1
t=24 s=4 threadsLeft=0
t=24 time=0.000568
t=25 s=25 threadsLeft=2
t=25 s=8 threadsLeft=1
t=25 s=5 threadsLeft=0
t=25 time=0.000545
t=26 s=26 threadsLeft=4
t=26 s=9 threadsLeft=3
t=26 s=6 threadsLeft=2
t=26 s=5 threadsLeft=1
t=26 s=4 threadsLeft=0
t=26 time=0.000806
t=27 s=27 threadsLeft=1
t=27 s=4 threadsLeft=0
t=27 time=0.000919
t=28 s=28 threadsLeft=3
t=28 s=10 threadsLeft=2
t=28 s=9 threadsLeft=1
t=28 s=5 threadsLeft=0
t=28 time=0.000694
t=29 s=29 threadsLeft=3
t=29 s=10 threadsLeft=2
t=29 s=6 threadsLeft=1
t=29 s=5 threadsLeft=0
t=29 time=0.001112
t=30 s=30 threadsLeft=3
t=30 s=11 threadsLeft=2
t=30 s=8 threadsLeft=1
t=30 s=7 threadsLeft=0
t=30 time=0.000507
t=31 s=31 threadsLeft=2
t=31 s=9 threadsLeft=1
t=31 s=8 threadsLeft=0
t=31 time=0.000409
t=32 s=32 threadsLeft=5
t=32 s=2 threadsLeft=4
t=32 s=10 threadsLeft=3
t=32 s=9 threadsLeft=2
t=32 s=9 threadsLeft=1
t=32 s=6 threadsLeft=0
t=32 time=0.001067
t=33 s=33 threadsLeft=5
t=33 s=2 threadsLeft=4
t=33 s=10 threadsLeft=3
t=33 s=8 threadsLeft=2
t=33 s=3 threadsLeft=1
t=33 s=7 threadsLeft=0
t=33 time=0.000669
t=34 s=34 threadsLeft=8
t=34 s=11 threadsLeft=7
t=34 s=2 threadsLeft=6
t=34 s=10 threadsLeft=5
t=34 s=9 threadsLeft=4
t=34 s=8 threadsLeft=3
t=34 s=3 threadsLeft=2
t=34 s=3 threadsLeft=1
t=34 s=4 threadsLeft=0
t=34 time=0.001436
t=35 s=35 threadsLeft=6
t=35 s=12 threadsLeft=5
t=35 s=11 threadsLeft=4
t=35 s=10 threadsLeft=3
t=35 s=9 threadsLeft=2
t=35 s=4 threadsLeft=1
t=35 s=5 threadsLeft=0
t=35 time=0.002202
t=36 s=36 threadsLeft=9
t=36 s=2 threadsLeft=8
t=36 s=11 threadsLeft=7
t=36 s=8 threadsLeft=6
t=36 s=3 threadsLeft=5
t=36 s=6 threadsLeft=4
t=36 s=7 threadsLeft=3
t=36 s=5 threadsLeft=2
t=36 s=5 threadsLeft=1
t=36 s=4 threadsLeft=0
t=36 time=0.002233
t=37 s=37 threadsLeft=7
t=37 s=12 threadsLeft=6
t=37 s=9 threadsLeft=5
t=37 s=8 threadsLeft=4
t=37 s=6 threadsLeft=3
t=37 s=3 threadsLeft=2
t=37 s=7 threadsLeft=1
t=37 s=4 threadsLeft=0
t=37 time=0.002567
t=38 s=38 threadsLeft=8
t=38 s=13 threadsLeft=7
t=38 s=10 threadsLeft=6
t=38 s=7 threadsLeft=5
t=38 s=9 threadsLeft=4
t=38 s=8 threadsLeft=3
t=38 s=6 threadsLeft=2
t=38 s=4 threadsLeft=1
t=38 s=5 threadsLeft=0
t=38 time=0.003397
t=39 s=39 threadsLeft=4
t=39 s=8 threadsLeft=3
t=39 s=8 threadsLeft=2
t=39 s=9 threadsLeft=1
t=39 s=7 threadsLeft=0
t=39 time=0.0013
t=40 s=40 threadsLeft=11
t=40 s=14 threadsLeft=10
t=40 s=2 threadsLeft=9
t=40 s=13 threadsLeft=8
t=40 s=9 threadsLeft=7
t=40 s=10 threadsLeft=6
t=40 s=9 threadsLeft=5
t=40 s=3 threadsLeft=4
t=40 s=8 threadsLeft=3
t=40 s=7 threadsLeft=2
t=40 s=6 threadsLeft=1
t=40 s=5 threadsLeft=0
t=40 time=0.003949
t=41 s=41 threadsLeft=6
t=41 s=14 threadsLeft=5
t=41 s=10 threadsLeft=4
t=41 s=11 threadsLeft=3
t=41 s=10 threadsLeft=2
t=41 s=9 threadsLeft=1
t=41 s=3 threadsLeft=0
t=41 time=0.001196
t=42 s=42 threadsLeft=10
t=42 s=15 threadsLeft=9
t=42 s=11 threadsLeft=8
t=42 s=12 threadsLeft=7
t=42 s=7 threadsLeft=6
t=42 s=8 threadsLeft=5
t=42 s=3 threadsLeft=4
t=42 s=6 threadsLeft=3
t=42 s=4 threadsLeft=2
t=42 s=4 threadsLeft=1
t=42 s=5 threadsLeft=0
t=42 time=0.007016
[38;2;000;128;000mTime: 0.060147s (2025-04-07 00:44:25)
[0mt=2 s=2 threadsLeft=0
t=2 time=0.000204
t=3 s=3 threadsLeft=0
t=3 time=0.000362
t=4 s=4 threadsLeft=1
t=4 s=2 threadsLeft=0
t=4 time=0.000377
t=5 s=5 threadsLeft=1
t=5 s=2 threadsLeft=0
t=5 time=0.000423
t=6 s=6 threadsLeft=1
t=6 s=3 threadsLeft=0
t=6 time=0.000443
t=7 s=7 threadsLeft=0
t=7 time=0.000376
t=8 s=8 threadsLeft=1
t=8 s=2 threadsLeft=0
t=8 time=0.000386
t=9 s=9 threadsLeft=1
t=9 s=2 threadsLeft=0
t=9 time=0.000401
t=10 s=10 threadsLeft=2
t=10 s=2 threadsLeft=1
t=10 s=3 threadsLeft=0
t=10 time=0.00039
t=11 s=11 threadsLeft=2
t=11 s=4 threadsLeft=1
t=11 s=3 threadsLeft=0
t=11 time=0.000407
t=12 s=12 threadsLeft=1
t=12 s=3 threadsLeft=0
t=12 time=0.000392
t=13 s=13 threadsLeft=1
t=13 s=4 threadsLeft=0
t=13 time=0.000489
t=14 s=14 threadsLeft=1
t=14 s=5 threadsLeft=0
t=14 time=0.000334
t=15 s=15 threadsLeft=0
t=15 time=0.000269
t=16 s=16 threadsLeft=3
t=16 s=6 threadsLeft=2
t=16 s=2 threadsLeft=1
t=16 s=5 threadsLeft=0
t=16 time=0.000374
t=17 s=17 threadsLeft=3
t=17 s=2 threadsLeft=2
t=17 s=6 threadsLeft=1
t=17 s=3 threadsLeft=0
t=17 time=0.000353
t=18 s=18 threadsLeft=4
t=18 s=7 threadsLeft=3
t=18 s=2 threadsLeft=2
t=18 s=3 threadsLeft=1
t=18 s=4 threadsLeft=0
t=18 time=0.000407
t=19 s=19 threadsLeft=2
t=19 s=5 threadsLeft=1
t=19 s=4 threadsLeft=0
t=19 time=0.000362
t=20 s=20 threadsLeft=5
t=20 s=6 threadsLeft=4
t=20 s=5 threadsLeft=3
t=20 s=2 threadsLeft=2
t=20 s=5 threadsLeft=1
t=20 s=3 threadsLeft=0
t=20 time=0.000487
t=21 s=21 threadsLeft=3
t=21 s=6 threadsLeft=2
t=21 s=3 threadsLeft=1
t=21 s=4 threadsLeft=0
t=21 time=0.000467
t=22 s=22 threadsLeft=6
t=22 s=7 threadsLeft=5
t=22 s=6 threadsLeft=4
t=22 s=5 threadsLeft=3
t=22 s=3 threadsLeft=2
t=22 s=4 threadsLeft=1
t=22 s=4 threadsLeft=0
t=22 time=0.000727
t=23 s=23 threadsLeft=4
t=23 s=8 threadsLeft=3
t=23 s=7 threadsLeft=2
t=23 s=6 threadsLeft=1
t=23 s=5 threadsLeft=0
t=23 time=0.000648
t=24 s=24 threadsLeft=3
t=24 s=7 threadsLeft=2
t=24 s=3 threadsLeft=1
t=24 s=4 threadsLeft=0
t=24 time=0.000549
t=25 s=25 threadsLeft=2
t=25 s=8 threadsLeft=1
t=25 s=5 threadsLeft=0
t=25 time=0.000631
t=26 s=26 threadsLeft=4
t=26 s=9 threadsLeft=3
t=26 s=6 threadsLeft=2
t=26 s=5 threadsLeft=1
t=26 s=4 threadsLeft=0
t=26 time=0.000782
t=27 s=27 threadsLeft=1
t=27 s=4 threadsLeft=0
t=27 time=0.000891
t=28 s=28 threadsLeft=3
t=28 s=10 threadsLeft=2
t=28 s=9 threadsLeft=1
t=28 s=5 threadsLeft=0
t=28 time=0.000659
t=29 s=29 threadsLeft=3
t=29 s=10 threadsLeft=2
t=29 s=6 threadsLeft=1
t=29 s=5 threadsLeft=0
t=29 time=0.001103
t=30 s=30 threadsLeft=3
t=30 s=11 threadsLeft=2
t=30 s=8 threadsLeft=1
t=30 s=7 threadsLeft=0
t=30 time=0.000501
t=31 s=31 threadsLeft=2
t=31 s=9 threadsLeft=1
t=31 s=8 threadsLeft=0
t=31 time=0.000426
t=32 s=32 threadsLeft=5
t=32 s=2 threadsLeft=4
t=32 s=10 threadsLeft=3
t=32 s=9 threadsLeft=2
t=32 s=9 threadsLeft=1
t=32 s=6 threadsLeft=0
t=32 time=0.001332
t=33 s=33 threadsLeft=5
t=33 s=2 threadsLeft=4
t=33 s=10 threadsLeft=3
t=33 s=8 threadsLeft=2
t=33 s=7 threadsLeft=1
t=33 s=3 threadsLeft=0
t=33 time=0.000673
t=34 s=34 threadsLeft=8
t=34 s=11 threadsLeft=7
t=34 s=2 threadsLeft=6
t=34 s=10 threadsLeft=5
t=34 s=9 threadsLeft=4
t=34 s=8 threadsLeft=3
t=34 s=3 threadsLeft=2
t=34 s=3 threadsLeft=1
t=34 s=4 threadsLeft=0
t=34 time=0.001795
t=35 s=35 threadsLeft=6
t=35 s=12 threadsLeft=5
t=35 s=11 threadsLeft=4
t=35 s=10 threadsLeft=3
t=35 s=9 threadsLeft=2
t=35 s=4 threadsLeft=1
t=35 s=5 threadsLeft=0
t=35 time=0.002742
t=36 s=36 threadsLeft=9
t=36 s=2 threadsLeft=8
t=36 s=8 threadsLeft=7
t=36 s=11 threadsLeft=6
t=36 s=3 threadsLeft=5
t=36 s=7 threadsLeft=4
t=36 s=6 threadsLeft=3
t=36 s=5 threadsLeft=2
t=36 s=5 threadsLeft=1
t=36 s=4 threadsLeft=0
t=36 time=0.002652
t=37 s=37 threadsLeft=7
t=37 s=12 threadsLeft=6
t=37 s=9 threadsLeft=5
t=37 s=8 threadsLeft=4
t=37 s=3 threadsLeft=3
t=37 s=6 threadsLeft=2
t=37 s=7 threadsLeft=1
t=37 s=4 threadsLeft=0
t=37 time=0.003008
t=38 s=38 threadsLeft=8
t=38 s=13 threadsLeft=7
t=38 s=10 threadsLeft=6
t=38 s=9 threadsLeft=5
t=38 s=7 threadsLeft=4
t=38 s=8 threadsLeft=3
t=38 s=6 threadsLeft=2
t=38 s=4 threadsLeft=1
t=38 s=5 threadsLeft=0
t=38 time=0.003953
t=39 s=39 threadsLeft=4
t=39 s=8 threadsLeft=3
t=39 s=8 threadsLeft=2
t=39 s=9 threadsLeft=1
t=39 s=7 threadsLeft=0
t=39 time=0.001296
t=40 s=40 threadsLeft=11
t=40 s=14 threadsLeft=10
t=40 s=2 threadsLeft=9
t=40 s=13 threadsLeft=8
t=40 s=9 threadsLeft=7
t=40 s=10 threadsLeft=6
t=40 s=9 threadsLeft=5
t=40 s=3 threadsLeft=4
t=40 s=8 threadsLeft=3
t=40 s=7 threadsLeft=2
t=40 s=6 threadsLeft=1
t=40 s=5 threadsLeft=0
t=40 time=0.004654
t=41 s=41 threadsLeft=6
t=41 s=14 threadsLeft=5
t=41 s=10 threadsLeft=4
t=41 s=11 threadsLeft=3
t=41 s=10 threadsLeft=2
t=41 s=9 threadsLeft=1
t=41 s=3 threadsLeft=0
t=41 time=0.001274
t=42 s=42 threadsLeft=10
t=42 s=15 threadsLeft=9
t=42 s=11 threadsLeft=8
t=42 s=12 threadsLeft=7
t=42 s=7 threadsLeft=6
t=42 s=8 threadsLeft=5
t=42 s=3 threadsLeft=4
t=42 s=6 threadsLeft=3
t=42 s=4 threadsLeft=2
t=42 s=4 threadsLeft=1
t=42 s=5 threadsLeft=0
t=42 time=0.007785
t=43 s=43 threadsLeft=7
t=43 s=13 threadsLeft=6
t=43 s=12 threadsLeft=5
t=43 s=9 threadsLeft=4
t=43 s=8 threadsLeft=3
t=43 s=4 threadsLeft=2
t=43 s=6 threadsLeft=1
t=43 s=5 threadsLeft=0
t=43 time=0.00759
t=44 s=44 threadsLeft=13
t=44 s=14 threadsLeft=12
t=44 s=13 threadsLeft=11
t=44 s=13 threadsLeft=10
t=44 s=10 threadsLeft=9
t=44 s=3 threadsLeft=8
t=44 s=9 threadsLeft=7
t=44 s=7 threadsLeft=6
t=44 s=7 threadsLeft=5
t=44 s=6 threadsLeft=4
t=44 s=4 threadsLeft=3
t=44 s=4 threadsLeft=2
t=44 s=6 threadsLeft=1
t=44 s=5 threadsLeft=0
t=44 time=0.008092
t=45 s=45 threadsLeft=9
t=45 s=14 threadsLeft=8
t=45 s=8 threadsLeft=7
t=45 s=11 threadsLeft=6
t=45 s=12 threadsLeft=5
t=45 s=8 threadsLeft=4
t=45 s=7 threadsLeft=3
t=45 s=5 threadsLeft=2
t=45 s=4 threadsLeft=1
t=45 s=5 threadsLeft=0
t=45 time=0.009212
t=46 s=46 threadsLeft=10
t=46 s=15 threadsLeft=9
t=46 s=14 threadsLeft=8
t=46 s=13 threadsLeft=7
t=46 s=12 threadsLeft=6
t=46 s=9 threadsLeft=5
t=46 s=8 threadsLeft=4
t=46 s=7 threadsLeft=3
t=46 s=6 threadsLeft=2
t=46 s=6 threadsLeft=1
t=46 s=5 threadsLeft=0
t=46 time=0.012155
t=47 s=47 threadsLeft=6
t=47 s=16 threadsLeft=5
t=47 s=15 threadsLeft=4
t=47 s=14 threadsLeft=3
t=47 s=13 threadsLeft=2
t=47 s=10 threadsLeft=1
t=47 s=9 threadsLeft=0
t=47 time=0.003077
t=48 s=48 threadsLeft=9
t=48 s=8 threadsLeft=8
t=48 s=15 threadsLeft=7
t=48 s=9 threadsLeft=6
t=48 s=12 threadsLeft=5
t=48 s=11 threadsLeft=4
t=48 s=3 threadsLeft=3
t=48 s=7 threadsLeft=2
t=48 s=4 threadsLeft=1
t=48 s=6 threadsLeft=0
t=48 time=0.011396
t=49 s=49 threadsLeft=6
t=49 s=16 threadsLeft=5
t=49 s=13 threadsLeft=4
t=49 s=12 threadsLeft=3
t=49 s=7 threadsLeft=2
t=49 s=4 threadsLeft=1
t=49 s=5 threadsLeft=0
t=49 time=0.012588
t=50 s=50 threadsLeft=8
t=50 s=17 threadsLeft=7
t=50 s=14 threadsLeft=6
t=50 s=13 threadsLeft=5
t=50 s=10 threadsLeft=4
t=50 s=8 threadsLeft=3
t=50 s=5 threadsLeft=2
t=50 s=6 threadsLeft=1
t=50 s=5 threadsLeft=0
t=50 time=0.024882
t=51 s=51 threadsLeft=5
t=51 s=9 threadsLeft=4
t=51 s=12 threadsLeft=3
t=51 s=11 threadsLeft=2
t=51 s=10 threadsLeft=1
t=51 s=6 threadsLeft=0
t=51 time=0.019141
t=52 s=52 threadsLeft=9
t=52 s=18 threadsLeft=8
t=52 s=17 threadsLeft=7
t=52 s=13 threadsLeft=6
t=52 s=12 threadsLeft=5
t=52 s=11 threadsLeft=4
t=52 s=4 threadsLeft=3
t=52 s=7 threadsLeft=2
t=52 s=5 threadsLeft=1
t=52 s=6 threadsLeft=0
t=52 time=0.027521
t=53 s=53 threadsLeft=6
t=53 s=18 threadsLeft=5
t=53 s=14 threadsLeft=4
t=53 s=13 threadsLeft=3
t=53 s=7 threadsLeft=2
t=53 s=6 threadsLeft=1
t=53 s=5 threadsLeft=0
t=53 time=0.040185
t=54 s=54 threadsLeft=12
t=54 s=19 threadsLeft=11
t=54 s=9 threadsLeft=10
t=54 s=10 threadsLeft=9
t=54 s=16 threadsLeft=8
t=54 s=15 threadsLeft=7
t=54 s=12 threadsLeft=6
t=54 s=11 threadsLeft=5
t=54 s=8 threadsLeft=4
t=54 s=7 threadsLeft=3
t=54 s=4 threadsLeft=2
t=54 s=5 threadsLeft=1
t=54 s=6 threadsLeft=0
t=54 time=0.046885
t=55 s=55 threadsLeft=9
t=55 s=17 threadsLeft=8
t=55 s=16 threadsLeft=7
t=55 s=13 threadsLeft=6
t=55 s=12 threadsLeft=5
t=55 s=8 threadsLeft=4
t=55 s=8 threadsLeft=3
t=55 s=7 threadsLeft=2
t=55 s=7 threadsLeft=1
t=55 s=6 threadsLeft=0
t=55 time=0.050328
t=56 s=56 threadsLeft=8
t=56 s=18 threadsLeft=7
t=56 s=17 threadsLeft=6
t=56 s=17 threadsLeft=5
t=56 s=14 threadsLeft=4
t=56 s=13 threadsLeft=3
t=56 s=8 threadsLeft=2
t=56 s=6 threadsLeft=1
t=56 s=5 threadsLeft=0
t=56 time=0.043744
t=57 s=57 threadsLeft=10
t=57 s=10 threadsLeft=9
t=57 s=18 threadsLeft=8
t=57 s=16 threadsLeft=7
t=57 s=15 threadsLeft=6
t=57 s=11 threadsLeft=5
t=57 s=12 threadsLeft=4
t=57 s=9 threadsLeft=3
t=57 s=9 threadsLeft=2
t=57 s=5 threadsLeft=1
t=57 s=6 threadsLeft=0
t=57 time=0.063594
t=58 s=58 threadsLeft=7
t=58 s=19 threadsLeft=6
t=58 s=18 threadsLeft=5
t=58 s=17 threadsLeft=4
t=58 s=16 threadsLeft=3
t=58 s=7 threadsLeft=2
t=58 s=6 threadsLeft=1
t=58 s=5 threadsLeft=0
t=58 time=0.084874
t=59 s=59 threadsLeft=5
t=59 s=19 threadsLeft=4
t=59 s=20 threadsLeft=3
t=59 s=18 threadsLeft=2
t=59 s=17 threadsLeft=1
t=59 s=8 threadsLeft=0
t=59 time=0.027803
t=60 s=60 threadsLeft=13
t=60 s=10 threadsLeft=12
t=60 s=11 threadsLeft=11
t=60 s=19 threadsLeft=10
t=60 s=16 threadsLeft=9
t=60 s=12 threadsLeft=8
t=60 s=13 threadsLeft=7
t=60 s=15 threadsLeft=6
t=60 s=14 threadsLeft=5
t=60 s=9 threadsLeft=4
t=60 s=13 threadsLeft=3
t=60 s=8 threadsLeft=2
t=60 s=7 threadsLeft=1
t=60 s=6 threadsLeft=0
t=60 time=0.071138
t=61 s=61 threadsLeft=5
t=61 s=20 threadsLeft=4
t=61 s=17 threadsLeft=3
t=61 s=16 threadsLeft=2
t=61 s=15 threadsLeft=1
t=61 s=14 threadsLeft=0
t=61 time=0.002726
t=62 s=62 threadsLeft=9
t=62 s=21 threadsLeft=8
t=62 s=18 threadsLeft=7
t=62 s=17 threadsLeft=6
t=62 s=16 threadsLeft=5
t=62 s=15 threadsLeft=4
t=62 s=14 threadsLeft=3
t=62 s=9 threadsLeft=2
t=62 s=8 threadsLeft=1
t=62 s=7 threadsLeft=0
t=62 time=0.085479
t=63 s=63 threadsLeft=10
t=63 s=11 threadsLeft=9
t=63 s=12 threadsLeft=8
t=63 s=16 threadsLeft=7
t=63 s=13 threadsLeft=6
t=63 s=16 threadsLeft=5
t=63 s=17 threadsLeft=4
t=63 s=15 threadsLeft=3
t=63 s=14 threadsLeft=2
t=63 s=10 threadsLeft=1
t=63 s=9 threadsLeft=0
t=63 time=0.04362
t=64 s=64 threadsLeft=13
t=64 s=22 threadsLeft=12
t=64 s=2 threadsLeft=11
t=64 s=21 threadsLeft=10
t=64 s=18 threadsLeft=9
t=64 s=17 threadsLeft=8
t=64 s=17 threadsLeft=7
t=64 s=16 threadsLeft=6
t=64 s=15 threadsLeft=5
t=64 s=11 threadsLeft=4
t=64 s=10 threadsLeft=3
t=64 s=10 threadsLeft=2
t=64 s=7 threadsLeft=1
t=64 s=6 threadsLeft=0
t=64 time=0.140934
t=65 s=65 threadsLeft=15
t=65 s=2 threadsLeft=14
t=65 s=22 threadsLeft=13
t=65 s=19 threadsLeft=12
t=65 s=18 threadsLeft=11
t=65 s=18 threadsLeft=10
t=65 s=17 threadsLeft=9
t=65 s=3 threadsLeft=8
t=65 s=12 threadsLeft=7
t=65 s=11 threadsLeft=6
t=65 s=11 threadsLeft=5
t=65 s=9 threadsLeft=4
t=65 s=8 threadsLeft=3
t=65 s=4 threadsLeft=2
t=65 s=7 threadsLeft=1
t=65 s=8 threadsLeft=0
t=65 time=0.093036
t=66 s=66 threadsLeft=20
t=66 s=23 threadsLeft=19
t=66 s=12 threadsLeft=18
t=66 s=11 threadsLeft=17
t=66 s=13 threadsLeft=16
t=66 s=2 threadsLeft=15
t=66 s=20 threadsLeft=14
t=66 s=14 threadsLeft=13
t=66 s=10 threadsLeft=12
t=66 s=19 threadsLeft=11
t=66 s=16 threadsLeft=10
t=66 s=3 threadsLeft=9
t=66 s=15 threadsLeft=8
t=66 s=3 threadsLeft=7
t=66 s=13 threadsLeft=6
t=66 s=12 threadsLeft=5
t=66 s=10 threadsLeft=4
t=66 s=9 threadsLeft=3
t=66 s=4 threadsLeft=2
t=66 s=9 threadsLeft=1
t=66 s=8 threadsLeft=0
t=66 time=0.081579
t=67 s=67 threadsLeft=16
t=67 s=21 threadsLeft=15
t=67 s=20 threadsLeft=14
t=67 s=17 threadsLeft=13
t=67 s=16 threadsLeft=12
t=67 s=4 threadsLeft=11
t=67 s=13 threadsLeft=10
t=67 s=14 threadsLeft=9
t=67 s=12 threadsLeft=8
t=67 s=11 threadsLeft=7
t=67 s=10 threadsLeft=6
t=67 s=5 threadsLeft=5
t=67 s=6 threadsLeft=4
t=67 s=5 threadsLeft=3
t=67 s=7 threadsLeft=2
t=67 s=6 threadsLeft=1
t=67 s=5 threadsLeft=0
t=67 time=0.207935
t=68 s=68 threadsLeft=19
t=68 s=22 threadsLeft=18
t=68 s=21 threadsLeft=17
t=68 s=21 threadsLeft=16
t=68 s=18 threadsLeft=15
t=68 s=2 threadsLeft=14
t=68 s=17 threadsLeft=13
t=68 s=3 threadsLeft=12
t=68 s=15 threadsLeft=11
t=68 s=3 threadsLeft=10
t=68 s=5 threadsLeft=9
t=68 s=14 threadsLeft=8
t=68 s=12 threadsLeft=7
t=68 s=11 threadsLeft=6
t=68 s=4 threadsLeft=5
t=68 s=8 threadsLeft=4
t=68 s=7 threadsLeft=3
t=68 s=7 threadsLeft=2
t=68 s=6 threadsLeft=1
t=68 s=6 threadsLeft=0
t=68 time=0.293344
t=69 s=69 threadsLeft=21
t=69 s=13 threadsLeft=20
t=69 s=12 threadsLeft=19
t=69 s=22 threadsLeft=18
t=69 s=14 threadsLeft=17
t=69 s=19 threadsLeft=16
t=69 s=20 threadsLeft=15
t=69 s=15 threadsLeft=14
t=69 s=16 threadsLeft=13
t=69 s=16 threadsLeft=12
t=69 s=3 threadsLeft=11
t=69 s=15 threadsLeft=10
t=69 s=13 threadsLeft=9
t=69 s=6 threadsLeft=8
t=69 s=10 threadsLeft=7
t=69 s=9 threadsLeft=6
t=69 s=4 threadsLeft=5
t=69 s=9 threadsLeft=4
t=69 s=8 threadsLeft=3
t=69 s=7 threadsLeft=2
t=69 s=6 threadsLeft=1
t=69 s=5 threadsLeft=0
t=69 time=0.261874
t=70 s=70 threadsLeft=18
t=70 s=23 threadsLeft=17
t=70 s=22 threadsLeft=16
t=70 s=21 threadsLeft=15
t=70 s=20 threadsLeft=14
t=70 s=17 threadsLeft=13
t=70 s=16 threadsLeft=12
t=70 s=7 threadsLeft=11
t=70 s=11 threadsLeft=10
t=70 s=4 threadsLeft=9
t=70 s=10 threadsLeft=8
t=70 s=9 threadsLeft=7
t=70 s=8 threadsLeft=6
t=70 s=8 threadsLeft=5
t=70 s=7 threadsLeft=4
t=70 s=8 threadsLeft=3
t=70 s=7 threadsLeft=2
t=70 s=5 threadsLeft=1
t=70 s=6 threadsLeft=0
t=70 time=0.328494
t=71 s=71 threadsLeft=16
t=71 s=23 threadsLeft=15
t=71 s=24 threadsLeft=14
t=71 s=22 threadsLeft=13
t=71 s=21 threadsLeft=12
t=71 s=18 threadsLeft=11
t=71 s=17 threadsLeft=10
t=71 s=8 threadsLeft=9
t=71 s=12 threadsLeft=8
t=71 s=11 threadsLeft=7
t=71 s=11 threadsLeft=6
t=71 s=10 threadsLeft=5
t=71 s=9 threadsLeft=4
t=71 s=7 threadsLeft=3
t=71 s=8 threadsLeft=2
t=71 s=6 threadsLeft=1
t=71 s=7 threadsLeft=0
t=71 time=0.273737
t=72 s=72 threadsLeft=29
t=72 s=12 threadsLeft=28
t=72 s=13 threadsLeft=27
t=72 s=14 threadsLeft=26
t=72 s=15 threadsLeft=25
t=72 s=11 threadsLeft=24
t=72 s=23 threadsLeft=23
t=72 s=17 threadsLeft=22
t=72 s=16 threadsLeft=21
t=72 s=20 threadsLeft=20
t=72 s=19 threadsLeft=19
t=72 s=2 threadsLeft=18
t=72 s=3 threadsLeft=17
t=72 s=12 threadsLeft=16
t=72 s=11 threadsLeft=15
t=72 s=9 threadsLeft=14
t=72 s=9 threadsLeft=13
t=72 s=10 threadsLeft=12
t=72 s=10 threadsLeft=11
t=72 s=4 threadsLeft=10
t=72 s=10 threadsLeft=9
t=72 s=8 threadsLeft=8
t=72 s=9 threadsLeft=7
t=72 s=5 threadsLeft=6
t=72 s=8 threadsLeft=5
t=72 s=8 threadsLeft=4
t=72 s=5 threadsLeft=3
t=72 s=7 threadsLeft=2
t=72 s=6 threadsLeft=1
t=72 s=7 threadsLeft=0
t=72 time=0.385772
t=73 s=73 threadsLeft=18
t=73 s=24 threadsLeft=17
t=73 s=21 threadsLeft=16
t=73 s=20 threadsLeft=15
t=73 s=3 threadsLeft=14
t=73 s=13 threadsLeft=13
t=73 s=12 threadsLeft=12
t=73 s=10 threadsLeft=11
t=73 s=11 threadsLeft=10
t=73 s=11 threadsLeft=9
t=73 s=10 threadsLeft=8
t=73 s=4 threadsLeft=7
t=73 s=9 threadsLeft=6
t=73 s=7 threadsLeft=5
t=73 s=7 threadsLeft=4
t=73 s=8 threadsLeft=3
t=73 s=5 threadsLeft=2
t=73 s=6 threadsLeft=1
t=73 s=6 threadsLeft=0
t=73 time=0.525674
t=74 s=74 threadsLeft=22
t=74 s=25 threadsLeft=21
t=74 s=22 threadsLeft=20
t=74 s=21 threadsLeft=19
t=74 s=18 threadsLeft=18
t=74 s=3 threadsLeft=17
t=74 s=14 threadsLeft=16
t=74 s=11 threadsLeft=15
t=74 s=12 threadsLeft=14
t=74 s=12 threadsLeft=13
t=74 s=13 threadsLeft=12
t=74 s=11 threadsLeft=11
t=74 s=4 threadsLeft=10
t=74 s=10 threadsLeft=9
t=74 s=11 threadsLeft=8
t=74 s=10 threadsLeft=7
t=74 s=4 threadsLeft=6
t=74 s=9 threadsLeft=5
t=74 s=9 threadsLeft=4
t=74 s=8 threadsLeft=3
t=74 s=7 threadsLeft=2
t=74 s=5 threadsLeft=1
t=74 s=6 threadsLeft=0
t=74 time=0.500785
t=75 s=75 threadsLeft=19
t=75 s=15 threadsLeft=18
t=75 s=14 threadsLeft=17
t=75 s=13 threadsLeft=16
t=75 s=16 threadsLeft=15
t=75 s=20 threadsLeft=14
t=75 s=17 threadsLeft=13
t=75 s=19 threadsLeft=12
t=75 s=18 threadsLeft=11
t=75 s=10 threadsLeft=10
t=75 s=12 threadsLeft=9
t=75 s=13 threadsLeft=8
t=75 s=4 threadsLeft=7
t=75 s=5 threadsLeft=6
t=75 s=8 threadsLeft=5
t=75 s=5 threadsLeft=4
t=75 s=7 threadsLeft=3
t=75 s=7 threadsLeft=2
t=75 s=6 threadsLeft=1
t=75 s=6 threadsLeft=0
t=75 time=0.62281
t=76 s=76 threadsLeft=19
t=76 s=26 threadsLeft=18
t=76 s=25 threadsLeft=17
t=76 s=21 threadsLeft=16
t=76 s=20 threadsLeft=15
t=76 s=19 threadsLeft=14
t=76 s=13 threadsLeft=13
t=76 s=14 threadsLeft=12
t=76 s=11 threadsLeft=11
t=76 s=11 threadsLeft=10
t=76 s=4 threadsLeft=9
t=76 s=9 threadsLeft=8
t=76 s=8 threadsLeft=7
t=76 s=10 threadsLeft=6
t=76 s=10 threadsLeft=5
t=76 s=8 threadsLeft=4
t=76 s=9 threadsLeft=3
t=76 s=5 threadsLeft=2
t=76 s=7 threadsLeft=1
t=76 s=6 threadsLeft=0
t=76 time=0.732515
t=77 s=77 threadsLeft=19
t=77 s=26 threadsLeft=18
t=77 s=22 threadsLeft=17
t=77 s=21 threadsLeft=16
t=77 s=14 threadsLeft=15
t=77 s=15 threadsLeft=14
t=77 s=15 threadsLeft=13
t=77 s=12 threadsLeft=12
t=77 s=12 threadsLeft=11
t=77 s=11 threadsLeft=10
t=77 s=11 threadsLeft=9
t=77 s=5 threadsLeft=8
t=77 s=10 threadsLeft=7
t=77 s=9 threadsLeft=6
t=77 s=8 threadsLeft=5
t=77 s=8 threadsLeft=4
t=77 s=7 threadsLeft=3
t=77 s=7 threadsLeft=2
t=77 s=6 threadsLeft=1
t=77 s=6 threadsLeft=0
t=77 time=1.020593
t=78 s=78 threadsLeft=26
t=78 s=15 threadsLeft=25
t=78 s=27 threadsLeft=24
t=78 s=16 threadsLeft=23
t=78 s=13 threadsLeft=22
t=78 s=17 threadsLeft=21
t=78 s=12 threadsLeft=20
t=78 s=14 threadsLeft=19
t=78 s=24 threadsLeft=18
t=78 s=23 threadsLeft=17
t=78 s=18 threadsLeft=16
t=78 s=20 threadsLeft=15
t=78 s=19 threadsLeft=14
t=78 s=15 threadsLeft=13
t=78 s=16 threadsLeft=12
t=78 s=14 threadsLeft=11
t=78 s=13 threadsLeft=10
t=78 s=11 threadsLeft=9
t=78 s=12 threadsLeft=8
t=78 s=11 threadsLeft=7
t=78 s=6 threadsLeft=6
t=78 s=10 threadsLeft=5
t=78 s=10 threadsLeft=4
t=78 s=9 threadsLeft=3
t=78 s=8 threadsLeft=2
t=78 s=9 threadsLeft=1
t=78 s=7 threadsLeft=0
t=78 time=0.788708
t=79 s=79 threadsLeft=14
t=79 s=25 threadsLeft=13
t=79 s=24 threadsLeft=12
t=79 s=21 threadsLeft=11
t=79 s=16 threadsLeft=10
t=79 s=20 threadsLeft=9
t=79 s=17 threadsLeft=8
t=79 s=16 threadsLeft=7
t=79 s=15 threadsLeft=6
t=79 s=14 threadsLeft=5
t=79 s=12 threadsLeft=4
t=79 s=11 threadsLeft=3
t=79 s=11 threadsLeft=2
t=79 s=10 threadsLeft=1
t=79 s=9 threadsLeft=0
t=79 time=0.59034
t=80 s=80 threadsLeft=25
t=80 s=26 threadsLeft=24
t=80 s=25 threadsLeft=23
t=80 s=25 threadsLeft=22
t=80 s=22 threadsLeft=21
t=80 s=21 threadsLeft=20
t=80 s=17 threadsLeft=19
t=80 s=2 threadsLeft=18
t=80 s=18 threadsLeft=17
t=80 s=16 threadsLeft=16
t=80 s=3 threadsLeft=15
t=80 s=15 threadsLeft=14
t=80 s=12 threadsLeft=13
t=80 s=12 threadsLeft=12
t=80 s=11 threadsLeft=11
t=80 s=7 threadsLeft=10
t=80 s=11 threadsLeft=9
t=80 s=10 threadsLeft=8
t=80 s=9 threadsLeft=7
t=80 s=6 threadsLeft=6
t=80 s=6 threadsLeft=5
t=80 s=5 threadsLeft=4
t=80 s=8 threadsLeft=3
t=80 s=8 threadsLeft=2
t=80 s=7 threadsLeft=1
t=80 s=7 threadsLeft=0
t=80 time=1.258397
[38;2;000;128;000mTime: 8.874268s (2025-04-29 19:55:34)
[0m