t=1 s=1 time=0.0004
t=2 s=2 time=0.000501
t=2 s=1 time=0.000402
t=3 s=3 time=0.000473
t=4 s=4 time=0.000397
t=4 s=2 time=0.000343
t=4 s=1 time=0.00039
t=5 s=5 time=0.000422
t=5 s=2 time=0.000364
t=6 s=6 time=0.000373
t=6 s=3 time=0.000322
t=7 s=7 time=0.000439
t=8 s=8 time=0.000369
t=8 s=2 time=0.00044
t=8 s=1 time=0.000361
t=9 s=9 time=0.000367
t=9 s=2 time=0.000334
t=10 s=10 time=0.000368
t=10 s=3 time=0.000339
t=10 s=2 time=0.000342
t=11 s=11 time=0.000339
t=11 s=4 time=0.00034
t=11 s=3 time=0.000352
t=12 s=12 time=0.000362
t=12 s=3 time=0.00036
t=13 s=13 time=0.000432
t=13 s=4 time=0.000407
t=14 s=14 time=0.000426
t=14 s=5 time=0.000478
t=15 s=15 time=0.000421
t=16 s=16 time=0.000399
t=16 s=6 time=0.000406
t=16 s=5 time=0.000411
t=16 s=2 time=0.000362
t=16 s=1 time=0.000391
t=17 s=17 time=0.000389
t=17 s=6 time=0.000502
t=17 s=3 time=0.000357
t=17 s=2 time=0.000352
t=18 s=18 time=0.000488
t=18 s=7 time=0.000552
t=18 s=4 time=0.000483
t=18 s=3 time=0.000472
t=18 s=2 time=0.000482
t=19 s=19 time=0.000466
t=19 s=5 time=0.000509
t=19 s=4 time=0.000379
t=20 s=20 time=0.000368
t=20 s=6 time=0.000459
t=20 s=5 time=0.000373
t=20 s=3 time=0.000299
t=20 s=2 time=0.000334
t=21 s=21 time=0.000343
t=21 s=6 time=0.000476
t=21 s=4 time=0.000345
t=21 s=3 time=0.000334
t=22 s=22 time=0.000354
t=22 s=7 time=0.000391
t=22 s=6 time=0.000395
t=22 s=5 time=0.000468
t=22 s=4 time=0.00047
t=22 s=3 time=0.000482
t=23 s=23 time=0.000446
t=23 s=8 time=0.000432
t=23 s=7 time=0.000437
t=23 s=6 time=0.000541
t=23 s=5 time=0.000483
t=24 s=24 time=0.000446
t=24 s=7 time=0.000572
t=24 s=4 time=0.000476
t=24 s=3 time=0.0004
t=25 s=25 time=0.000398
t=25 s=8 time=0.000453
t=25 s=5 time=0.000411
t=26 s=26 time=0.000333
t=26 s=9 time=0.000376
t=26 s=6 time=0.000398
t=26 s=5 time=0.000386
t=26 s=4 time=0.000295
t=27 s=27 time=0.000292
t=27 s=4 time=0.000319
t=28 s=28 time=0.000297
t=28 s=10 time=0.000366
t=28 s=9 time=0.000351
t=28 s=5 time=0.000337
t=29 s=29 time=0.000281
t=29 s=10 time=0.000429
t=29 s=6 time=0.000572
t=29 s=5 time=0.000625
t=30 s=30 time=0.000347
t=30 s=11 time=0.000426
t=30 s=8 time=0.000434
t=30 s=7 time=0.000419
t=31 s=31 time=0.000283
t=31 s=9 time=0.000406
t=31 s=8 time=0.000436
t=32 s=32 time=0.000316
t=32 s=10 time=0.000443
t=32 s=9 time=0.000583
t=32 s=6 time=0.000487
t=32 s=2 time=0.000323
t=32 s=1 time=0.000282
t=33 s=33 time=0.000297
t=33 s=10 time=0.000433
t=33 s=8 time=0.000415
t=33 s=7 time=0.00041
t=33 s=3 time=0.000305
t=33 s=2 time=0.000305
t=34 s=34 time=0.000325
t=34 s=11 time=0.000475
t=34 s=10 time=0.000489
t=34 s=9 time=0.00049
t=34 s=8 time=0.000504
t=34 s=4 time=0.000439
t=34 s=3 time=0.000354
t=34 s=2 time=0.000309
t=35 s=35 time=0.000296
t=35 s=12 time=0.000509
t=35 s=11 time=0.000546
t=35 s=10 time=0.000552
t=35 s=9 time=0.000614
t=35 s=5 time=0.00049
t=35 s=4 time=0.000416
t=36 s=36 time=0.000415
t=36 s=11 time=0.000744
t=36 s=8 time=0.000632
t=36 s=7 time=0.000609
t=36 s=6 time=0.000567
t=36 s=5 time=0.000604
t=36 s=4 time=0.000479
t=36 s=3 time=0.000465
t=36 s=2 time=0.000465
t=37 s=37 time=0.000422
t=37 s=12 time=0.000689
t=37 s=9 time=0.00065
t=37 s=8 time=0.000657
t=37 s=7 time=0.000647
t=37 s=6 time=0.000571
t=37 s=4 time=0.000458
t=37 s=3 time=0.000459
t=38 s=38 time=0.00041
t=38 s=13 time=0.000642
t=38 s=10 time=0.000627
t=38 s=9 time=0.000588
t=38 s=8 time=0.000529
t=38 s=7 time=0.000529
t=38 s=6 time=0.000573
t=38 s=5 time=0.000507
t=38 s=4 time=0.000382
t=39 s=39 time=0.0003
t=39 s=9 time=0.000603
t=39 s=8 time=0.00072
t=39 s=7 time=0.000502
t=40 s=40 time=0.000313
t=40 s=14 time=0.00056
t=40 s=13 time=0.000586
t=40 s=10 time=0.000626
t=40 s=9 time=0.000744
t=40 s=8 time=0.000589
t=40 s=7 time=0.000594
t=40 s=6 time=0.000681
t=40 s=5 time=0.00056
t=40 s=3 time=0.000417
t=40 s=2 time=0.000446
t=41 s=41 time=0.000431
t=41 s=14 time=0.000683
t=41 s=11 time=0.000837
t=41 s=10 time=0.001059
t=41 s=9 time=0.000833
t=41 s=3 time=0.000513
t=42 s=42 time=0.00042
t=42 s=15 time=0.000663
t=42 s=12 time=0.000746
t=42 s=11 time=0.000756
t=42 s=8 time=0.000583
t=42 s=7 time=0.00051
t=42 s=6 time=0.000598
t=42 s=5 time=0.000598
t=42 s=4 time=0.000469
t=42 s=3 time=0.000373
[38;2;000;128;000mTime: 0.086678s (2025-04-07 00:44:21)
[0mt=1 s=1 time=0.000335
t=2 s=2 time=0.000314
t=2 s=1 time=0.000344
t=3 s=3 time=0.000277
t=4 s=4 time=0.00033
t=4 s=2 time=0.000329
t=4 s=1 time=0.00033
t=5 s=5 time=0.00026
t=5 s=2 time=0.000437
t=6 s=6 time=0.000424
t=6 s=3 time=0.000425
t=7 s=7 time=0.000399
t=8 s=8 time=0.000406
t=8 s=2 time=0.00037
t=8 s=1 time=0.000322
t=9 s=9 time=0.000384
t=9 s=2 time=0.000348
t=10 s=10 time=0.000382
t=10 s=3 time=0.00037
t=10 s=2 time=0.000348
t=11 s=11 time=0.000372
t=11 s=4 time=0.000333
t=11 s=3 time=0.000354
t=12 s=12 time=0.000354
t=12 s=3 time=0.00035
t=13 s=13 time=0.000358
t=13 s=4 time=0.000406
t=14 s=14 time=0.000478
t=14 s=5 time=0.000381
t=15 s=15 time=0.000345
t=16 s=16 time=0.000363
t=16 s=6 time=0.000393
t=16 s=5 time=0.000463
t=16 s=2 time=0.000377
t=16 s=1 time=0.000357
t=17 s=17 time=0.000352
t=17 s=6 time=0.00042
t=17 s=3 time=0.000333
t=17 s=2 time=0.000344
t=18 s=18 time=0.000349
t=18 s=7 time=0.000419
t=18 s=4 time=0.000379
t=18 s=3 time=0.00042
t=18 s=2 time=0.000418
t=19 s=19 time=0.000428
t=19 s=5 time=0.000456
t=19 s=4 time=0.000411
t=20 s=20 time=0.000385
t=20 s=6 time=0.00054
t=20 s=5 time=0.000466
t=20 s=3 time=0.00033
t=20 s=2 time=0.000282
t=21 s=21 time=0.000321
t=21 s=6 time=0.000349
t=21 s=4 time=0.000298
t=21 s=3 time=0.000268
t=22 s=22 time=0.000253
t=22 s=7 time=0.000327
t=22 s=6 time=0.000325
t=22 s=5 time=0.000306
t=22 s=4 time=0.000313
t=22 s=3 time=0.000251
t=23 s=23 time=0.000249
t=23 s=8 time=0.00031
t=23 s=7 time=0.000349
t=23 s=6 time=0.000381
t=23 s=5 time=0.000336
t=24 s=24 time=0.000266
t=24 s=7 time=0.000445
t=24 s=4 time=0.000337
t=24 s=3 time=0.000287
t=25 s=25 time=0.000357
t=25 s=8 time=0.000522
t=25 s=5 time=0.000489
t=26 s=26 time=0.000394
t=26 s=9 time=0.000528
t=26 s=6 time=0.000587
t=26 s=5 time=0.000434
t=26 s=4 time=0.00038
t=27 s=27 time=0.000312
t=27 s=4 time=0.00035
t=28 s=28 time=0.000284
t=28 s=10 time=0.000421
t=28 s=9 time=0.000433
t=28 s=5 time=0.000491
t=29 s=29 time=0.000366
t=29 s=10 time=0.000527
t=29 s=6 time=0.000583
t=29 s=5 time=0.000498
t=30 s=30 time=0.000394
t=30 s=11 time=0.000482
t=30 s=8 time=0.000389
t=30 s=7 time=0.000431
t=31 s=31 time=0.000287
t=31 s=9 time=0.000406
t=31 s=8 time=0.000475
t=32 s=32 time=0.000267
t=32 s=10 time=0.000452
t=32 s=9 time=0.000641
t=32 s=6 time=0.000491
t=32 s=2 time=0.000351
t=32 s=1 time=0.000373
t=33 s=33 time=0.000391
t=33 s=10 time=0.000612
t=33 s=8 time=0.000587
t=33 s=7 time=0.000519
t=33 s=3 time=0.000366
t=33 s=2 time=0.000407
t=34 s=34 time=0.000377
t=34 s=11 time=0.000616
t=34 s=10 time=0.000672
t=34 s=9 time=0.000653
t=34 s=8 time=0.00067
t=34 s=4 time=0.000446
t=34 s=3 time=0.000424
t=34 s=2 time=0.000382
t=35 s=35 time=0.000379
t=35 s=12 time=0.0006
t=35 s=11 time=0.000702
t=35 s=10 time=0.000697
t=35 s=9 time=0.000705
t=35 s=5 time=0.000592
t=35 s=4 time=0.00036
t=36 s=36 time=0.000313
t=36 s=11 time=0.000575
t=36 s=8 time=0.000486
t=36 s=7 time=0.000445
t=36 s=6 time=0.000473
t=36 s=5 time=0.000616
t=36 s=4 time=0.000533
t=36 s=3 time=0.000434
t=36 s=2 time=0.000439
t=37 s=37 time=0.00041
t=37 s=12 time=0.000719
t=37 s=9 time=0.000661
t=37 s=8 time=0.000699
t=37 s=7 time=0.00062
t=37 s=6 time=0.000479
t=37 s=4 time=0.000359
t=37 s=3 time=0.000318
t=38 s=38 time=0.000324
t=38 s=13 time=0.000518
t=38 s=10 time=0.000583
t=38 s=9 time=0.000578
t=38 s=8 time=0.000516
t=38 s=7 time=0.000504
t=38 s=6 time=0.000493
t=38 s=5 time=0.000482
t=38 s=4 time=0.000387
t=39 s=39 time=0.00032
t=39 s=9 time=0.00074
t=39 s=8 time=0.000869
t=39 s=7 time=0.000508
t=40 s=40 time=0.00033
t=40 s=14 time=0.00062
t=40 s=13 time=0.000659
t=40 s=10 time=0.000645
t=40 s=9 time=0.000741
t=40 s=8 time=0.000597
t=40 s=7 time=0.00063
t=40 s=6 time=0.000729
t=40 s=5 time=0.00062
t=40 s=3 time=0.000322
t=40 s=2 time=0.000319
t=41 s=41 time=0.00036
t=41 s=14 time=0.000687
t=41 s=11 time=0.000677
t=41 s=10 time=0.000921
t=41 s=9 time=0.000877
t=41 s=3 time=0.000491
t=42 s=42 time=0.000428
t=42 s=15 time=0.000774
t=42 s=12 time=0.000819
t=42 s=11 time=0.000663
t=42 s=8 time=0.000595
t=42 s=7 time=0.000635
t=42 s=6 time=0.000668
t=42 s=5 time=0.000547
t=42 s=4 time=0.000458
t=42 s=3 time=0.00034
t=43 s=43 time=0.000458
t=43 s=13 time=0.000649
t=43 s=12 time=0.000656
t=43 s=9 time=0.000689
t=43 s=8 time=0.000768
t=43 s=6 time=0.000649
t=43 s=5 time=0.000573
t=43 s=4 time=0.00045
t=44 s=44 time=0.000331
t=44 s=14 time=0.000675
t=44 s=13 time=0.000892
t=44 s=10 time=0.000806
t=44 s=9 time=0.000823
t=44 s=7 time=0.000922
t=44 s=6 time=0.00088
t=44 s=5 time=0.00061
t=44 s=4 time=0.000537
t=44 s=3 time=0.000387
t=45 s=45 time=0.000428
t=45 s=14 time=0.000801
t=45 s=12 time=0.00087
t=45 s=11 time=0.000839
t=45 s=8 time=0.000973
t=45 s=7 time=0.000776
t=45 s=5 time=0.000745
t=45 s=4 time=0.000477
t=46 s=46 time=0.000323
t=46 s=15 time=0.00075
t=46 s=14 time=0.000805
t=46 s=13 time=0.000818
t=46 s=12 time=0.000839
t=46 s=9 time=0.000931
t=46 s=8 time=0.000861
t=46 s=7 time=0.000902
t=46 s=6 time=0.001026
t=46 s=5 time=0.001055
t=47 s=47 time=0.000604
t=47 s=16 time=0.000828
t=47 s=15 time=0.000745
t=47 s=14 time=0.000822
t=47 s=13 time=0.000834
t=47 s=10 time=0.00092
t=47 s=9 time=0.000944
t=48 s=48 time=0.000508
t=48 s=15 time=0.000846
t=48 s=12 time=0.000905
t=48 s=11 time=0.000975
t=48 s=9 time=0.000938
t=48 s=8 time=0.00091
t=48 s=7 time=0.000892
t=48 s=6 time=0.000857
t=48 s=4 time=0.000588
t=48 s=3 time=0.000416
t=49 s=49 time=0.000378
t=49 s=16 time=0.000833
t=49 s=13 time=0.000975
t=49 s=12 time=0.001014
t=49 s=7 time=0.001082
t=49 s=5 time=0.000748
t=49 s=4 time=0.000523
t=50 s=50 time=0.000378
t=50 s=17 time=0.000798
t=50 s=14 time=0.000865
t=50 s=13 time=0.000884
t=50 s=10 time=0.000996
t=50 s=8 time=0.001121
t=50 s=6 time=0.000979
t=50 s=5 time=0.001018
[38;2;000;128;000mTime: 0.137316s (2025-04-13 18:31:24)
[0mt=1 s=1 time=0.000326
t=2 s=2 time=0.000306
t=2 s=1 time=0.000291
t=3 s=3 time=0.000353
t=4 s=4 time=0.000366
t=4 s=2 time=0.000391
t=4 s=1 time=0.000379
t=5 s=5 time=0.000405
t=5 s=2 time=0.000358
t=6 s=6 time=0.000372
t=6 s=3 time=0.00033
t=7 s=7 time=0.000369
t=8 s=8 time=0.000362
t=8 s=2 time=0.000341
t=8 s=1 time=0.000352
t=9 s=9 time=0.000354
t=9 s=2 time=0.000331
t=10 s=10 time=0.000344
t=10 s=3 time=0.000362
t=10 s=2 time=0.000283
t=11 s=11 time=0.000274
t=11 s=4 time=0.000239
t=11 s=3 time=0.000265
t=12 s=12 time=0.000259
t=12 s=3 time=0.000251
t=13 s=13 time=0.000248
t=13 s=4 time=0.000305
t=14 s=14 time=0.000296
t=14 s=5 time=0.000388
t=15 s=15 time=0.000366
t=16 s=16 time=0.000382
t=16 s=6 time=0.000414
t=16 s=5 time=0.000424
t=16 s=2 time=0.000341
t=16 s=1 time=0.000345
t=17 s=17 time=0.000354
t=17 s=6 time=0.000413
t=17 s=3 time=0.000374
t=17 s=2 time=0.000385
t=18 s=18 time=0.000367
t=18 s=7 time=0.00043
t=18 s=4 time=0.000383
t=18 s=3 time=0.000368
t=18 s=2 time=0.00042
t=19 s=19 time=0.000434
t=19 s=5 time=0.00044
t=19 s=4 time=0.000415
t=20 s=20 time=0.000407
t=20 s=6 time=0.000477
t=20 s=5 time=0.00042
t=20 s=3 time=0.000349
t=20 s=2 time=0.000343
t=21 s=21 time=0.000348
t=21 s=6 time=0.000446
t=21 s=4 time=0.000419
t=21 s=3 time=0.000393
t=22 s=22 time=0.000359
t=22 s=7 time=0.000416
t=22 s=6 time=0.000477
t=22 s=5 time=0.00035
t=22 s=4 time=0.000302
t=22 s=3 time=0.000278
t=23 s=23 time=0.000271
t=23 s=8 time=0.00034
t=23 s=7 time=0.00037
t=23 s=6 time=0.00038
t=23 s=5 time=0.000366
t=24 s=24 time=0.000271
t=24 s=7 time=0.000408
t=24 s=4 time=0.000331
t=24 s=3 time=0.000312
t=25 s=25 time=0.000367
t=25 s=8 time=0.000458
t=25 s=5 time=0.000516
t=26 s=26 time=0.0004
t=26 s=9 time=0.000502
t=26 s=6 time=0.000566
t=26 s=5 time=0.000418
t=26 s=4 time=0.000345
t=27 s=27 time=0.00026
t=27 s=4 time=0.00032
t=28 s=28 time=0.000269
t=28 s=10 time=0.000387
t=28 s=9 time=0.000426
t=28 s=5 time=0.000462
t=29 s=29 time=0.000346
t=29 s=10 time=0.000499
t=29 s=6 time=0.000554
t=29 s=5 time=0.000465
t=30 s=30 time=0.000366
t=30 s=11 time=0.000508
t=30 s=8 time=0.00047
t=30 s=7 time=0.000521
t=31 s=31 time=0.000401
t=31 s=9 time=0.000472
t=31 s=8 time=0.000521
t=32 s=32 time=0.000341
t=32 s=10 time=0.000462
t=32 s=9 time=0.000626
t=32 s=6 time=0.00051
t=32 s=2 time=0.000301
t=32 s=1 time=0.000265
t=33 s=33 time=0.000272
t=33 s=10 time=0.000485
t=33 s=8 time=0.000455
t=33 s=7 time=0.000471
t=33 s=3 time=0.000379
t=33 s=2 time=0.000376
t=34 s=34 time=0.000417
t=34 s=11 time=0.000604
t=34 s=10 time=0.000691
t=34 s=9 time=0.000524
t=34 s=8 time=0.000539
t=34 s=4 time=0.000344
t=34 s=3 time=0.000304
t=34 s=2 time=0.000303
t=35 s=35 time=0.000292
t=35 s=12 time=0.000514
t=35 s=11 time=0.00052
t=35 s=10 time=0.000531
t=35 s=9 time=0.000563
t=35 s=5 time=0.000457
t=35 s=4 time=0.00037
t=36 s=36 time=0.000569
t=36 s=11 time=0.000806
t=36 s=8 time=0.000721
t=36 s=7 time=0.000623
t=36 s=6 time=0.000539
t=36 s=5 time=0.000543
t=36 s=4 time=0.000455
t=36 s=3 time=0.00053
t=36 s=2 time=0.000538
t=37 s=37 time=0.000499
t=37 s=12 time=0.000778
t=37 s=9 time=0.000632
t=37 s=8 time=0.000657
t=37 s=7 time=0.000646
t=37 s=6 time=0.000558
t=37 s=4 time=0.000516
t=37 s=3 time=0.000405
t=38 s=38 time=0.000354
t=38 s=13 time=0.000587
t=38 s=10 time=0.000763
t=38 s=9 time=0.000741
t=38 s=8 time=0.000709
t=38 s=7 time=0.000588
t=38 s=6 time=0.000548
t=38 s=5 time=0.000648
t=38 s=4 time=0.000468
t=39 s=39 time=0.000364
t=39 s=9 time=0.000645
t=39 s=8 time=0.000754
t=39 s=7 time=0.00053
t=40 s=40 time=0.000314
t=40 s=14 time=0.000581
t=40 s=13 time=0.000603
t=40 s=10 time=0.000676
t=40 s=9 time=0.000738
t=40 s=8 time=0.000656
t=40 s=7 time=0.000623
t=40 s=6 time=0.000559
t=40 s=5 time=0.000547
t=40 s=3 time=0.000316
t=40 s=2 time=0.000321
t=41 s=41 time=0.000324
t=41 s=14 time=0.00063
t=41 s=11 time=0.000767
t=41 s=10 time=0.001029
t=41 s=9 time=0.000835
t=41 s=3 time=0.000478
t=42 s=42 time=0.000392
t=42 s=15 time=0.000658
t=42 s=12 time=0.000774
t=42 s=11 time=0.000744
t=42 s=8 time=0.000678
t=42 s=7 time=0.000665
t=42 s=6 time=0.000692
t=42 s=5 time=0.000601
t=42 s=4 time=0.000448
t=42 s=3 time=0.000379
t=43 s=43 time=0.000328
t=43 s=13 time=0.000724
t=43 s=12 time=0.000764
t=43 s=9 time=0.000702
t=43 s=8 time=0.000738
t=43 s=6 time=0.000675
t=43 s=5 time=0.00052
t=43 s=4 time=0.000409
t=44 s=44 time=0.000313
t=44 s=14 time=0.000686
t=44 s=13 time=0.000879
t=44 s=10 time=0.000755
t=44 s=9 time=0.000802
t=44 s=7 time=0.000941
t=44 s=6 time=0.000908
t=44 s=5 time=0.000612
t=44 s=4 time=0.000537
t=44 s=3 time=0.000379
t=45 s=45 time=0.000319
t=45 s=14 time=0.000767
t=45 s=12 time=0.000724
t=45 s=11 time=0.00081
t=45 s=8 time=0.001007
t=45 s=7 time=0.000773
t=45 s=5 time=0.000799
t=45 s=4 time=0.000435
[38;2;000;128;000mTime: 0.102537s (2025-04-13 18:31:40)
[0m[38;2;000;128;000mTime: 0.001051s (2025-04-13 18:32:04)
[0mt=1 s=1 time=0.00037
t=2 s=2 time=0.000418
t=2 s=1 time=0.000506
t=3 s=3 time=0.000384
t=4 s=4 time=0.000354
t=4 s=2 time=0.000323
t=4 s=1 time=0.000287
t=5 s=5 time=0.000302
t=5 s=2 time=0.000359
t=6 s=6 time=0.000366
t=6 s=3 time=0.000369
t=7 s=7 time=0.000342
t=8 s=8 time=0.000342
t=8 s=2 time=0.000331
t=8 s=1 time=0.000347
t=9 s=9 time=0.000335
t=9 s=2 time=0.000354
t=10 s=10 time=0.000334
t=10 s=3 time=0.00038
t=10 s=2 time=0.00034
t=11 s=11 time=0.000366
t=11 s=4 time=0.00031
t=11 s=3 time=0.000353
t=12 s=12 time=0.000385
t=12 s=3 time=0.00035
t=13 s=13 time=0.000377
t=13 s=4 time=0.000375
t=14 s=14 time=0.000425
t=14 s=5 time=0.000479
t=15 s=15 time=0.000373
t=16 s=16 time=0.000346
t=16 s=6 time=0.000369
t=16 s=5 time=0.00037
t=16 s=2 time=0.000408
t=16 s=1 time=0.000383
t=17 s=17 time=0.0004
t=17 s=6 time=0.00042
t=17 s=3 time=0.000344
t=17 s=2 time=0.000349
t=18 s=18 time=0.000336
t=18 s=7 time=0.000503
t=18 s=4 time=0.00042
t=18 s=3 time=0.000387
t=18 s=2 time=0.000378
t=19 s=19 time=0.000376
t=19 s=5 time=0.000366
t=19 s=4 time=0.000403
t=20 s=20 time=0.000401
t=20 s=6 time=0.000463
t=20 s=5 time=0.000413
t=20 s=3 time=0.00041
t=20 s=2 time=0.000358
t=21 s=21 time=0.000346
t=21 s=6 time=0.000419
t=21 s=4 time=0.000381
t=21 s=3 time=0.000356
t=22 s=22 time=0.000355
t=22 s=7 time=0.000453
t=22 s=6 time=0.000426
t=22 s=5 time=0.000427
t=22 s=4 time=0.000386
t=22 s=3 time=0.000372
t=23 s=23 time=0.000364
t=23 s=8 time=0.000435
t=23 s=7 time=0.000482
t=23 s=6 time=0.000459
t=23 s=5 time=0.000409
t=24 s=24 time=0.000289
t=24 s=7 time=0.000522
t=24 s=4 time=0.000432
t=24 s=3 time=0.000354
t=25 s=25 time=0.000357
t=25 s=8 time=0.000516
t=25 s=5 time=0.000601
t=26 s=26 time=0.000476
t=26 s=9 time=0.000583
t=26 s=6 time=0.000621
t=26 s=5 time=0.000582
t=26 s=4 time=0.000462
t=27 s=27 time=0.000382
t=27 s=4 time=0.000414
t=28 s=28 time=0.000289
t=28 s=10 time=0.000398
t=28 s=9 time=0.0004
t=28 s=5 time=0.000438
t=29 s=29 time=0.000292
t=29 s=10 time=0.000496
t=29 s=6 time=0.000441
t=29 s=5 time=0.00041
t=30 s=30 time=0.000351
t=30 s=11 time=0.000491
t=30 s=8 time=0.000484
t=30 s=7 time=0.000564
t=31 s=31 time=0.000397
t=31 s=9 time=0.000488
t=31 s=8 time=0.000539
t=32 s=32 time=0.000378
t=32 s=10 time=0.000594
t=32 s=9 time=0.000752
t=32 s=6 time=0.00069
t=32 s=2 time=0.000418
t=32 s=1 time=0.000367
t=33 s=33 time=0.000369
t=33 s=10 time=0.000604
t=33 s=8 time=0.000556
t=33 s=7 time=0.000532
t=33 s=3 time=0.000394
t=33 s=2 time=0.000401
t=34 s=34 time=0.000376
t=34 s=11 time=0.000598
t=34 s=10 time=0.00058
t=34 s=9 time=0.00053
t=34 s=8 time=0.000537
t=34 s=4 time=0.000375
t=34 s=3 time=0.000322
t=34 s=2 time=0.000322
t=35 s=35 time=0.000297
t=35 s=12 time=0.000483
t=35 s=11 time=0.000483
t=35 s=10 time=0.000507
t=35 s=9 time=0.000506
t=35 s=5 time=0.000435
t=35 s=4 time=0.000338
t=36 s=36 time=0.000303
t=36 s=11 time=0.000497
t=36 s=8 time=0.000432
t=36 s=7 time=0.000408
t=36 s=6 time=0.000425
t=36 s=5 time=0.000442
t=36 s=4 time=0.00037
t=36 s=3 time=0.000342
t=36 s=2 time=0.000309
t=37 s=37 time=0.000291
t=37 s=12 time=0.000496
t=37 s=9 time=0.0005
t=37 s=8 time=0.000531
t=37 s=7 time=0.000467
t=37 s=6 time=0.000443
t=37 s=4 time=0.000345
t=37 s=3 time=0.000299
t=38 s=38 time=0.0003
t=38 s=13 time=0.00056
t=38 s=10 time=0.000592
t=38 s=9 time=0.000551
t=38 s=8 time=0.001051
t=38 s=7 time=0.000504
t=38 s=6 time=0.000532
t=38 s=5 time=0.000505
t=38 s=4 time=0.00037
t=39 s=39 time=0.000289
t=39 s=9 time=0.000658
t=39 s=8 time=0.000734
t=39 s=7 time=0.00054
t=40 s=40 time=0.000303
t=40 s=14 time=0.000592
t=40 s=13 time=0.000633
t=40 s=10 time=0.000655
t=40 s=9 time=0.000775
t=40 s=8 time=0.000644
t=40 s=7 time=0.000572
t=40 s=6 time=0.000579
t=40 s=5 time=0.000549
t=40 s=3 time=0.000325
t=40 s=2 time=0.000324
t=41 s=41 time=0.000349
t=41 s=14 time=0.000621
t=41 s=11 time=0.00066
t=41 s=10 time=0.000861
t=41 s=9 time=0.000691
t=41 s=3 time=0.000366
t=42 s=42 time=0.000363
t=42 s=15 time=0.00067
t=42 s=12 time=0.000681
t=42 s=11 time=0.000678
t=42 s=8 time=0.000631
t=42 s=7 time=0.000575
t=42 s=6 time=0.000624
t=42 s=5 time=0.000615
t=42 s=4 time=0.000437
t=42 s=3 time=0.000333
t=43 s=43 time=0.000324
t=43 s=13 time=0.000691
t=43 s=12 time=0.000692
t=43 s=9 time=0.000724
t=43 s=8 time=0.000651
t=43 s=6 time=0.0006
t=43 s=5 time=0.000508
t=43 s=4 time=0.000384
t=44 s=44 time=0.000302
t=44 s=14 time=0.000694
t=44 s=13 time=0.000998
t=44 s=10 time=0.000884
t=44 s=9 time=0.000864
t=44 s=7 time=0.000967
t=44 s=6 time=0.000914
t=44 s=5 time=0.00059
t=44 s=4 time=0.000489
t=44 s=3 time=0.000341
t=45 s=45 time=0.000317
t=45 s=14 time=0.000754
t=45 s=12 time=0.000738
t=45 s=11 time=0.00078
t=45 s=8 time=0.000945
t=45 s=7 time=0.000722
t=45 s=5 time=0.000678
t=45 s=4 time=0.00043
t=46 s=46 time=0.000357
t=46 s=15 time=0.000798
t=46 s=14 time=0.000866
t=46 s=13 time=0.000845
t=46 s=12 time=0.000828
t=46 s=9 time=0.000813
t=46 s=8 time=0.000836
t=46 s=7 time=0.000728
t=46 s=6 time=0.00094
t=46 s=5 time=0.000752
t=47 s=47 time=0.00043
t=47 s=16 time=0.000824
t=47 s=15 time=0.000764
t=47 s=14 time=0.000782
t=47 s=13 time=0.000922
t=47 s=10 time=0.000998
t=47 s=9 time=0.000968
t=48 s=48 time=0.000651
t=48 s=15 time=0.000783
t=48 s=12 time=0.000818
t=48 s=11 time=0.000991
t=48 s=9 time=0.000977
t=48 s=8 time=0.000862
t=48 s=7 time=0.000805
t=48 s=6 time=0.000753
t=48 s=4 time=0.000466
t=48 s=3 time=0.000388
t=49 s=49 time=0.000462
t=49 s=16 time=0.000922
t=49 s=13 time=0.000938
t=49 s=12 time=0.000905
t=49 s=7 time=0.000923
t=49 s=5 time=0.000698
t=49 s=4 time=0.000522
t=50 s=50 time=0.000356
t=50 s=17 time=0.000752
t=50 s=14 time=0.000828
t=50 s=13 time=0.0009
t=50 s=10 time=0.000968
t=50 s=8 time=0.001023
t=50 s=6 time=0.000929
t=50 s=5 time=0.000994
t=51 s=51 time=0.000623
t=51 s=12 time=0.000865
t=51 s=11 time=0.00102
t=51 s=10 time=0.001042
t=51 s=9 time=0.000958
t=51 s=6 time=0.000905
t=52 s=52 time=0.000389
t=52 s=18 time=0.00082
t=52 s=17 time=0.000838
t=52 s=13 time=0.00101
t=52 s=12 time=0.001072
t=52 s=11 time=0.001074
t=52 s=7 time=0.001042
t=52 s=6 time=0.000942
t=52 s=5 time=0.000655
t=52 s=4 time=0.000522
t=53 s=53 time=0.000405
t=53 s=18 time=0.000843
t=53 s=14 time=0.000985
t=53 s=13 time=0.001039
t=53 s=7 time=0.001025
t=53 s=6 time=0.001036
t=53 s=5 time=0.000934
t=54 s=54 time=0.000428
t=54 s=19 time=0.000863
t=54 s=16 time=0.000875
t=54 s=15 time=0.000996
t=54 s=12 time=0.001065
t=54 s=11 time=0.001133
t=54 s=10 time=0.001227
t=54 s=9 time=0.00107
t=54 s=8 time=0.001036
t=54 s=7 time=0.001082
t=54 s=6 time=0.001307
t=54 s=5 time=0.000871
t=54 s=4 time=0.000758
t=55 s=55 time=0.000386
t=55 s=17 time=0.000861
t=55 s=16 time=0.001022
t=55 s=13 time=0.001043
t=55 s=12 time=0.001037
t=55 s=8 time=0.001834
t=55 s=7 time=0.001535
t=55 s=6 time=0.001485
[38;2;000;128;000mTime: 0.176681s (2025-04-14 11:05:13)
[0mt=1 s=1 time=0.000571
t=2 s=2 time=0.000825
t=2 s=1 time=0.000586
t=3 s=3 time=0.000352
t=4 s=4 time=0.00039
t=4 s=2 time=0.000363
t=4 s=1 time=0.000363
t=5 s=5 time=0.000531
t=5 s=2 time=0.000362
t=6 s=6 time=0.000368
t=6 s=3 time=0.000661
t=7 s=7 time=0.000348
t=8 s=8 time=0.000359
t=8 s=2 time=0.000351
t=8 s=1 time=0.000342
t=9 s=9 time=0.000386
t=9 s=2 time=0.000356
t=10 s=10 time=0.000401
t=10 s=3 time=0.000371
t=10 s=2 time=0.000343
t=11 s=11 time=0.000386
t=11 s=4 time=0.000365
t=11 s=3 time=0.000368
t=12 s=12 time=0.000386
t=12 s=3 time=0.000332
t=13 s=13 time=0.000272
t=13 s=4 time=0.000372
t=14 s=14 time=0.000297
t=14 s=5 time=0.000294
t=15 s=15 time=0.000291
t=16 s=16 time=0.000439
t=16 s=6 time=0.000334
t=16 s=5 time=0.00027
t=16 s=2 time=0.000267
t=16 s=1 time=0.000237
t=17 s=17 time=0.000358
t=17 s=6 time=0.000417
t=17 s=3 time=0.00034
t=17 s=2 time=0.000462
t=18 s=18 time=0.000472
t=18 s=7 time=0.000481
t=18 s=4 time=0.000801
t=18 s=3 time=0.000591
t=18 s=2 time=0.000384
t=19 s=19 time=0.000399
t=19 s=5 time=0.000508
t=19 s=4 time=0.000453
t=20 s=20 time=0.000387
t=20 s=6 time=0.000427
t=20 s=5 time=0.000371
t=20 s=3 time=0.000352
t=20 s=2 time=0.000399
t=21 s=21 time=0.000363
t=21 s=6 time=0.000608
t=21 s=4 time=0.000394
t=21 s=3 time=0.000366
t=22 s=22 time=0.000529
t=22 s=7 time=0.000423
t=22 s=6 time=0.000441
t=22 s=5 time=0.000432
t=22 s=4 time=0.000417
t=22 s=3 time=0.000347
t=23 s=23 time=0.000473
t=23 s=8 time=0.000436
t=23 s=7 time=0.000371
t=23 s=6 time=0.000748
t=23 s=5 time=0.00039
t=24 s=24 time=0.000403
t=24 s=7 time=0.000652
t=24 s=4 time=0.000753
t=24 s=3 time=0.000683
t=25 s=25 time=0.000633
t=25 s=8 time=0.000393
t=25 s=5 time=0.000371
t=26 s=26 time=0.000271
t=26 s=9 time=0.000368
t=26 s=6 time=0.000858
t=26 s=5 time=0.000491
t=26 s=4 time=0.00036
t=27 s=27 time=0.00028
t=27 s=4 time=0.000951
t=28 s=28 time=0.000415
t=28 s=10 time=0.000522
t=28 s=9 time=0.000838
t=28 s=5 time=0.000417
t=29 s=29 time=0.000299
t=29 s=10 time=0.000398
t=29 s=6 time=0.000653
t=29 s=5 time=0.000428
t=30 s=30 time=0.000321
t=30 s=11 time=0.00052
t=30 s=8 time=0.000519
t=30 s=7 time=0.000571
t=31 s=31 time=0.000629
t=31 s=9 time=0.000661
t=31 s=8 time=0.000496
t=32 s=32 time=0.000336
t=32 s=10 time=0.000448
t=32 s=9 time=0.000647
t=32 s=6 time=0.000558
t=32 s=2 time=0.00039
t=32 s=1 time=0.000356
t=33 s=33 time=0.0004
t=33 s=10 time=0.000604
t=33 s=8 time=0.000507
t=33 s=7 time=0.000463
t=33 s=3 time=0.000292
t=33 s=2 time=0.000272
t=34 s=34 time=0.000286
t=34 s=11 time=0.000525
t=34 s=10 time=0.000845
t=34 s=9 time=0.00067
t=34 s=8 time=0.000637
t=34 s=4 time=0.000457
t=34 s=3 time=0.000337
t=34 s=2 time=0.000305
t=35 s=35 time=0.000324
t=35 s=12 time=0.000523
t=35 s=11 time=0.00061
t=35 s=10 time=0.000558
t=35 s=9 time=0.000551
t=35 s=5 time=0.000466
t=35 s=4 time=0.000589
t=36 s=36 time=0.000311
t=36 s=11 time=0.000739
t=36 s=8 time=0.000527
t=36 s=7 time=0.00053
t=36 s=6 time=0.0005
t=36 s=5 time=0.000483
t=36 s=4 time=0.000384
t=36 s=3 time=0.000338
t=36 s=2 time=0.000324
t=37 s=37 time=0.000321
t=37 s=12 time=0.000554
t=37 s=9 time=0.000509
t=37 s=8 time=0.000506
t=37 s=7 time=0.000511
t=37 s=6 time=0.000521
t=37 s=4 time=0.000366
t=37 s=3 time=0.000321
t=38 s=38 time=0.000328
t=38 s=13 time=0.000553
t=38 s=10 time=0.000872
t=38 s=9 time=0.000698
t=38 s=8 time=0.000583
t=38 s=7 time=0.000535
t=38 s=6 time=0.000513
t=38 s=5 time=0.00051
t=38 s=4 time=0.00038
t=39 s=39 time=0.000305
t=39 s=9 time=0.000549
t=39 s=8 time=0.000721
t=39 s=7 time=0.000545
t=40 s=40 time=0.000358
t=40 s=14 time=0.000796
t=40 s=13 time=0.000564
t=40 s=10 time=0.000608
t=40 s=9 time=0.000771
t=40 s=8 time=0.00063
t=40 s=7 time=0.000591
t=40 s=6 time=0.000551
t=40 s=5 time=0.000528
t=40 s=3 time=0.00052
t=40 s=2 time=0.000336
t=41 s=41 time=0.00034
t=41 s=14 time=0.000656
t=41 s=11 time=0.000654
t=41 s=10 time=0.000832
t=41 s=9 time=0.000879
t=41 s=3 time=0.000331
t=42 s=42 time=0.000311
t=42 s=15 time=0.000719
t=42 s=12 time=0.000645
t=42 s=11 time=0.000878
t=42 s=8 time=0.000656
t=42 s=7 time=0.000585
t=42 s=6 time=0.000576
t=42 s=5 time=0.000518
t=42 s=4 time=0.000464
t=42 s=3 time=0.000395
t=43 s=43 time=0.000613
t=43 s=13 time=0.000778
t=43 s=12 time=0.000802
t=43 s=9 time=0.000742
t=43 s=8 time=0.00076
t=43 s=6 time=0.000705
t=43 s=5 time=0.000528
t=43 s=4 time=0.000446
t=44 s=44 time=0.000345
t=44 s=14 time=0.000683
t=44 s=13 time=0.001258
t=44 s=10 time=0.000751
t=44 s=9 time=0.00076
t=44 s=7 time=0.000927
t=44 s=6 time=0.000956
t=44 s=5 time=0.000663
t=44 s=4 time=0.000607
t=44 s=3 time=0.000671
t=45 s=45 time=0.000385
t=45 s=14 time=0.000718
t=45 s=12 time=0.000732
t=45 s=11 time=0.000796
t=45 s=8 time=0.000982
t=45 s=7 time=0.000713
t=45 s=5 time=0.000678
t=45 s=4 time=0.000439
t=46 s=46 time=0.000334
t=46 s=15 time=0.000726
t=46 s=14 time=0.000802
t=46 s=13 time=0.000791
t=46 s=12 time=0.000829
t=46 s=9 time=0.00078
t=46 s=8 time=0.000791
t=46 s=7 time=0.000733
t=46 s=6 time=0.001026
t=46 s=5 time=0.000833
t=47 s=47 time=0.00091
t=47 s=16 time=0.001072
t=47 s=15 time=0.000772
t=47 s=14 time=0.000785
t=47 s=13 time=0.000811
t=47 s=10 time=0.000902
t=47 s=9 time=0.001104
t=48 s=48 time=0.00042
t=48 s=15 time=0.000868
t=48 s=12 time=0.000835
t=48 s=11 time=0.000874
t=48 s=9 time=0.000946
t=48 s=8 time=0.000874
t=48 s=7 time=0.00081
t=48 s=6 time=0.000808
t=48 s=4 time=0.000759
t=48 s=3 time=0.000442
t=49 s=49 time=0.00039
t=49 s=16 time=0.000906
t=49 s=13 time=0.000949
t=49 s=12 time=0.000963
t=49 s=7 time=0.000982
t=49 s=5 time=0.000627
t=49 s=4 time=0.000494
t=50 s=50 time=0.000364
t=50 s=17 time=0.000784
t=50 s=14 time=0.000919
t=50 s=13 time=0.001112
t=50 s=10 time=0.000986
t=50 s=8 time=0.001063
t=50 s=6 time=0.000991
t=50 s=5 time=0.001055
t=51 s=51 time=0.000755
t=51 s=12 time=0.000868
t=51 s=11 time=0.001014
t=51 s=10 time=0.000986
t=51 s=9 time=0.000936
t=51 s=6 time=0.000949
t=52 s=52 time=0.000413
t=52 s=18 time=0.000792
t=52 s=17 time=0.000811
t=52 s=13 time=0.000955
t=52 s=12 time=0.000981
t=52 s=11 time=0.0011
t=52 s=7 time=0.000986
t=52 s=6 time=0.001008
t=52 s=5 time=0.000667
t=52 s=4 time=0.000502
t=53 s=53 time=0.000425
t=53 s=18 time=0.000858
t=53 s=14 time=0.001004
t=53 s=13 time=0.000991
t=53 s=7 time=0.001027
t=53 s=6 time=0.001047
t=53 s=5 time=0.000902
t=54 s=54 time=0.000426
t=54 s=19 time=0.000837
t=54 s=16 time=0.00079
t=54 s=15 time=0.000955
t=54 s=12 time=0.00099
t=54 s=11 time=0.001013
t=54 s=10 time=0.001025
t=54 s=9 time=0.001197
t=54 s=8 time=0.001079
t=54 s=7 time=0.00122
t=54 s=6 time=0.00136
t=54 s=5 time=0.000971
t=54 s=4 time=0.000588
t=55 s=55 time=0.000396
t=55 s=17 time=0.000868
t=55 s=16 time=0.001078
t=55 s=13 time=0.001099
t=55 s=12 time=0.001081
t=55 s=8 time=0.001958
t=55 s=7 time=0.001541
t=55 s=6 time=0.001518
t=56 s=56 time=0.000456
t=56 s=18 time=0.000899
t=56 s=17 time=0.001332
t=56 s=14 time=0.001189
t=56 s=13 time=0.001135
t=56 s=8 time=0.001381
t=56 s=6 time=0.001301
t=56 s=5 time=0.001021
t=57 s=57 time=0.000667
t=57 s=18 time=0.001109
t=57 s=16 time=0.001092
t=57 s=15 time=0.001066
t=57 s=12 time=0.001072
t=57 s=11 time=0.001075
t=57 s=10 time=0.001068
t=57 s=9 time=0.001949
t=57 s=6 time=0.001752
t=57 s=5 time=0.00119
t=58 s=58 time=0.000497
t=58 s=19 time=0.001083
t=58 s=18 time=0.001153
t=58 s=17 time=0.001111
t=58 s=16 time=0.001193
t=58 s=7 time=0.001746
t=58 s=6 time=0.001823
t=58 s=5 time=0.001439
t=59 s=59 time=0.000463
t=59 s=20 time=0.001215
t=59 s=19 time=0.0012
t=59 s=18 time=0.001168
t=59 s=17 time=0.001218
t=59 s=8 time=0.001825
t=60 s=60 time=0.00053
t=60 s=19 time=0.001233
t=60 s=16 time=0.001292
t=60 s=15 time=0.001157
t=60 s=14 time=0.001249
t=60 s=13 time=0.001641
t=60 s=12 time=0.001185
t=60 s=11 time=0.001072
t=60 s=10 time=0.001143
t=60 s=9 time=0.001123
t=60 s=8 time=0.001962
t=60 s=7 time=0.001622
t=60 s=6 time=0.002399
t=61 s=61 time=0.000519
t=61 s=20 time=0.001188
t=61 s=17 time=0.001225
t=61 s=16 time=0.001239
t=61 s=15 time=0.001153
t=61 s=14 time=0.001232
t=62 s=62 time=0.000478
t=62 s=21 time=0.00119
t=62 s=18 time=0.001262
t=62 s=17 time=0.001232
t=62 s=16 time=0.001386
t=62 s=15 time=0.001238
t=62 s=14 time=0.001227
t=62 s=9 time=0.002016
t=62 s=8 time=0.00224
t=62 s=7 time=0.002307
t=63 s=63 time=0.000525
t=63 s=17 time=0.001225
t=63 s=16 time=0.001599
t=63 s=15 time=0.001327
t=63 s=14 time=0.001299
t=63 s=13 time=0.001253
t=63 s=12 time=0.001341
t=63 s=11 time=0.001197
t=63 s=10 time=0.001461
t=63 s=9 time=0.002458
t=64 s=64 time=0.000603
t=64 s=22 time=0.001181
t=64 s=21 time=0.00124
t=64 s=18 time=0.001347
t=64 s=17 time=0.001838
t=64 s=16 time=0.001391
t=64 s=15 time=0.001297
t=64 s=11 time=0.001589
t=64 s=10 time=0.002822
t=64 s=7 time=0.001952
t=64 s=6 time=0.002825
t=64 s=2 time=0.00076
t=64 s=1 time=0.000618
t=65 s=65 time=0.000617
t=65 s=22 time=0.00129
t=65 s=19 time=0.001317
t=65 s=18 time=0.001971
t=65 s=17 time=0.001484
t=65 s=12 time=0.001668
t=65 s=11 time=0.002442
t=65 s=9 time=0.002803
t=65 s=8 time=0.004512
t=65 s=7 time=0.002601
t=65 s=4 time=0.000936
t=65 s=3 time=0.000599
t=65 s=2 time=0.000578
t=66 s=66 time=0.000557
t=66 s=23 time=0.001288
t=66 s=20 time=0.001589
t=66 s=19 time=0.001447
t=66 s=16 time=0.001389
t=66 s=15 time=0.001392
t=66 s=14 time=0.001844
t=66 s=13 time=0.001952
t=66 s=12 time=0.002101
t=66 s=11 time=0.00137
t=66 s=10 time=0.00214
t=66 s=9 time=0.003758
t=66 s=8 time=0.003404
t=66 s=4 time=0.001235
t=66 s=3 time=0.000601
t=66 s=2 time=0.000518
t=67 s=67 time=0.000503
t=67 s=21 time=0.001394
t=67 s=20 time=0.001586
t=67 s=17 time=0.00149
t=67 s=16 time=0.001477
t=67 s=14 time=0.001781
t=67 s=13 time=0.001761
t=67 s=12 time=0.001798
t=67 s=11 time=0.001887
t=67 s=10 time=0.002638
t=67 s=7 time=0.003807
t=67 s=6 time=0.003655
t=67 s=5 time=0.003239
t=67 s=4 time=0.000745
t=68 s=68 time=0.000562
t=68 s=22 time=0.001429
t=68 s=21 time=0.001916
t=68 s=18 time=0.001588
t=68 s=17 time=0.00162
t=68 s=15 time=0.001706
t=68 s=14 time=0.00216
t=68 s=12 time=0.002111
t=68 s=11 time=0.002324
t=68 s=8 time=0.004332
t=68 s=7 time=0.004417
t=68 s=6 time=0.005569
t=68 s=5 time=0.001002
t=68 s=4 time=0.000842
t=68 s=3 time=0.00066
t=68 s=2 time=0.000566
t=69 s=69 time=0.000551
t=69 s=22 time=0.001517
t=69 s=20 time=0.001517
t=69 s=19 time=0.001603
t=69 s=16 time=0.002315
t=69 s=15 time=0.002275
t=69 s=14 time=0.001676
t=69 s=13 time=0.002237
t=69 s=12 time=0.00163
t=69 s=10 time=0.002527
t=69 s=9 time=0.00504
t=69 s=8 time=0.00426
t=69 s=7 time=0.003809
t=69 s=6 time=0.004637
t=69 s=5 time=0.003393
t=69 s=4 time=0.000956
t=69 s=3 time=0.000628
t=70 s=70 time=0.000595
t=70 s=23 time=0.001503
t=70 s=22 time=0.001634
t=70 s=21 time=0.001588
t=70 s=20 time=0.001586
t=70 s=17 time=0.001777
t=70 s=16 time=0.0018
t=70 s=11 time=0.002445
t=70 s=10 time=0.00322
t=70 s=9 time=0.004
t=70 s=8 time=0.007724
t=70 s=7 time=0.005839
t=70 s=6 time=0.005872
t=70 s=5 time=0.00369
t=70 s=4 time=0.001196
[38;2;000;128;000mTime: 0.500674s (2025-04-14 11:08:53)
[0mt=1 s=1 time=0.000292
t=2 s=2 time=0.000276
t=2 s=1 time=0.000343
t=3 s=3 time=0.000381
t=4 s=4 time=0.000273
t=4 s=2 time=0.000248
t=4 s=1 time=0.000237
t=5 s=5 time=0.000259
t=5 s=2 time=0.000368
t=6 s=6 time=0.000356
t=6 s=3 time=0.00028
t=7 s=7 time=0.000273
t=8 s=8 time=0.000267
t=8 s=2 time=0.000397
t=8 s=1 time=0.00028
t=9 s=9 time=0.000263
t=9 s=2 time=0.000266
t=10 s=10 time=0.000278
t=10 s=3 time=0.000291
t=10 s=2 time=0.000268
t=11 s=11 time=0.000259
t=11 s=4 time=0.000278
t=11 s=3 time=0.000422
t=12 s=12 time=0.000263
t=12 s=3 time=0.000287
t=13 s=13 time=0.000348
t=13 s=4 time=0.000302
t=14 s=14 time=0.000257
t=14 s=5 time=0.000358
t=15 s=15 time=0.000355
t=16 s=16 time=0.000278
t=16 s=6 time=0.000309
t=16 s=5 time=0.00027
t=16 s=2 time=0.00025
t=16 s=1 time=0.000261
t=17 s=17 time=0.00038
t=17 s=6 time=0.000349
t=17 s=3 time=0.000248
t=17 s=2 time=0.000248
t=18 s=18 time=0.000289
t=18 s=7 time=0.000408
t=18 s=4 time=0.000313
t=18 s=3 time=0.000282
t=18 s=2 time=0.000258
t=19 s=19 time=0.000262
t=19 s=5 time=0.000401
t=19 s=4 time=0.000332
t=20 s=20 time=0.000263
t=20 s=6 time=0.000371
t=20 s=5 time=0.000342
t=20 s=3 time=0.000315
t=20 s=2 time=0.000272
t=21 s=21 time=0.000268
t=21 s=6 time=0.000338
t=21 s=4 time=0.0003
t=21 s=3 time=0.000258
t=22 s=22 time=0.000312
t=22 s=7 time=0.000375
t=22 s=6 time=0.000384
t=22 s=5 time=0.000339
t=22 s=4 time=0.000322
t=22 s=3 time=0.000291
t=23 s=23 time=0.000323
t=23 s=8 time=0.000386
t=23 s=7 time=0.000405
t=23 s=6 time=0.000401
t=23 s=5 time=0.000593
t=24 s=24 time=0.000332
t=24 s=7 time=0.00041
t=24 s=4 time=0.000342
t=24 s=3 time=0.000298
t=25 s=25 time=0.000293
t=25 s=8 time=0.000405
t=25 s=5 time=0.000459
t=26 s=26 time=0.000294
t=26 s=9 time=0.000673
t=26 s=6 time=0.000436
t=26 s=5 time=0.000433
t=26 s=4 time=0.000349
t=27 s=27 time=0.000332
t=27 s=4 time=0.000361
t=28 s=28 time=0.000322
t=28 s=10 time=0.000404
t=28 s=9 time=0.000414
t=28 s=5 time=0.000465
t=29 s=29 time=0.000307
t=29 s=10 time=0.00043
t=29 s=6 time=0.000446
t=29 s=5 time=0.000418
t=30 s=30 time=0.000304
t=30 s=11 time=0.000414
t=30 s=8 time=0.000423
t=30 s=7 time=0.000504
t=31 s=31 time=0.000357
t=31 s=9 time=0.000493
t=31 s=8 time=0.000542
t=32 s=32 time=0.000326
t=32 s=10 time=0.000518
t=32 s=9 time=0.000619
t=32 s=6 time=0.000485
t=32 s=2 time=0.0003
t=32 s=1 time=0.000308
t=33 s=33 time=0.00036
t=33 s=10 time=0.000529
t=33 s=8 time=0.000487
t=33 s=7 time=0.000507
t=33 s=3 time=0.000362
t=33 s=2 time=0.000286
t=34 s=34 time=0.000278
t=34 s=11 time=0.000585
t=34 s=10 time=0.000567
t=34 s=9 time=0.000582
t=34 s=8 time=0.000589
t=34 s=4 time=0.000411
t=34 s=3 time=0.000364
t=34 s=2 time=0.000297
t=35 s=35 time=0.000311
t=35 s=12 time=0.000492
t=35 s=11 time=0.000542
t=35 s=10 time=0.000753
t=35 s=9 time=0.000635
t=35 s=5 time=0.000448
t=35 s=4 time=0.000387
t=36 s=36 time=0.000294
t=36 s=11 time=0.00056
t=36 s=8 time=0.000515
t=36 s=7 time=0.000497
t=36 s=6 time=0.000587
t=36 s=5 time=0.000614
t=36 s=4 time=0.000511
t=36 s=3 time=0.000405
t=36 s=2 time=0.00044
t=37 s=37 time=0.000398
t=37 s=12 time=0.00066
t=37 s=9 time=0.000876
t=37 s=8 time=0.000599
t=37 s=7 time=0.000651
t=37 s=6 time=0.000904
t=37 s=4 time=0.000499
t=37 s=3 time=0.00057
t=38 s=38 time=0.000639
t=38 s=13 time=0.000731
t=38 s=10 time=0.000766
t=38 s=9 time=0.000666
t=38 s=8 time=0.000582
t=38 s=7 time=0.000512
t=38 s=6 time=0.000497
t=38 s=5 time=0.000513
t=38 s=4 time=0.000412
t=39 s=39 time=0.000327
t=39 s=9 time=0.000564
t=39 s=8 time=0.00071
t=39 s=7 time=0.000548
t=40 s=40 time=0.00037
t=40 s=14 time=0.000596
t=40 s=13 time=0.000561
t=40 s=10 time=0.000603
t=40 s=9 time=0.000832
t=40 s=8 time=0.000635
t=40 s=7 time=0.000584
t=40 s=6 time=0.000591
t=40 s=5 time=0.000542
t=40 s=3 time=0.000368
t=40 s=2 time=0.000332
t=41 s=41 time=0.000325
t=41 s=14 time=0.000648
t=41 s=11 time=0.000641
t=41 s=10 time=0.000857
t=41 s=9 time=0.000715
t=41 s=3 time=0.000337
t=42 s=42 time=0.000304
t=42 s=15 time=0.000604
t=42 s=12 time=0.000771
t=42 s=11 time=0.000868
t=42 s=8 time=0.000765
t=42 s=7 time=0.00065
t=42 s=6 time=0.000542
t=42 s=5 time=0.000549
t=42 s=4 time=0.00056
t=42 s=3 time=0.000446
t=43 s=43 time=0.00042
t=43 s=13 time=0.00079
t=43 s=12 time=0.00083
t=43 s=9 time=0.000717
t=43 s=8 time=0.000708
t=43 s=6 time=0.000587
t=43 s=5 time=0.000514
t=43 s=4 time=0.000414
t=44 s=44 time=0.000341
t=44 s=14 time=0.00069
t=44 s=13 time=0.000919
t=44 s=10 time=0.000816
t=44 s=9 time=0.000877
t=44 s=7 time=0.00107
t=44 s=6 time=0.000897
t=44 s=5 time=0.000567
t=44 s=4 time=0.000507
t=44 s=3 time=0.00038
t=45 s=45 time=0.000338
t=45 s=14 time=0.000722
t=45 s=12 time=0.000771
t=45 s=11 time=0.000786
t=45 s=8 time=0.000993
t=45 s=7 time=0.00073
t=45 s=5 time=0.00069
t=45 s=4 time=0.000696
t=46 s=46 time=0.000384
t=46 s=15 time=0.000779
t=46 s=14 time=0.000785
t=46 s=13 time=0.000786
t=46 s=12 time=0.000806
t=46 s=9 time=0.000889
t=46 s=8 time=0.000951
t=46 s=7 time=0.000823
t=46 s=6 time=0.001078
t=46 s=5 time=0.000678
t=47 s=47 time=0.00038
t=47 s=16 time=0.000766
t=47 s=15 time=0.000787
t=47 s=14 time=0.000797
t=47 s=13 time=0.000863
t=47 s=10 time=0.001025
t=47 s=9 time=0.000961
t=48 s=48 time=0.000668
t=48 s=15 time=0.00083
t=48 s=12 time=0.000756
t=48 s=11 time=0.000863
t=48 s=9 time=0.00093
t=48 s=8 time=0.000874
t=48 s=7 time=0.000812
t=48 s=6 time=0.000828
t=48 s=4 time=0.000659
t=48 s=3 time=0.000437
t=49 s=49 time=0.000377
t=49 s=16 time=0.000842
t=49 s=13 time=0.000887
t=49 s=12 time=0.000928
t=49 s=7 time=0.000988
t=49 s=5 time=0.000685
t=49 s=4 time=0.000507
t=50 s=50 time=0.000373
t=50 s=17 time=0.000816
t=50 s=14 time=0.00116
t=50 s=13 time=0.000924
t=50 s=10 time=0.000985
t=50 s=8 time=0.001098
t=50 s=6 time=0.000976
t=50 s=5 time=0.001051
t=51 s=51 time=0.000418
t=51 s=12 time=0.000857
t=51 s=11 time=0.000964
t=51 s=10 time=0.000989
t=51 s=9 time=0.000959
t=51 s=6 time=0.000967
t=52 s=52 time=0.000489
t=52 s=18 time=0.000843
t=52 s=17 time=0.000836
t=52 s=13 time=0.001039
t=52 s=12 time=0.001035
t=52 s=11 time=0.00107
t=52 s=7 time=0.001025
t=52 s=6 time=0.00106
t=52 s=5 time=0.000707
t=52 s=4 time=0.00053
t=53 s=53 time=0.00039
t=53 s=18 time=0.000846
t=53 s=14 time=0.001038
t=53 s=13 time=0.001033
t=53 s=7 time=0.001017
t=53 s=6 time=0.0011
t=53 s=5 time=0.000943
t=54 s=54 time=0.000422
t=54 s=19 time=0.000873
t=54 s=16 time=0.000904
t=54 s=15 time=0.001109
t=54 s=12 time=0.001072
t=54 s=11 time=0.001225
t=54 s=10 time=0.001073
t=54 s=9 time=0.000995
t=54 s=8 time=0.001141
t=54 s=7 time=0.001236
t=54 s=6 time=0.001394
t=54 s=5 time=0.000983
t=54 s=4 time=0.000632
t=55 s=55 time=0.000436
t=55 s=17 time=0.000905
t=55 s=16 time=0.001179
t=55 s=13 time=0.001265
t=55 s=12 time=0.001232
t=55 s=8 time=0.001973
t=55 s=7 time=0.001701
t=55 s=6 time=0.00154
t=56 s=56 time=0.000456
t=56 s=18 time=0.000916
t=56 s=17 time=0.001421
t=56 s=14 time=0.001194
t=56 s=13 time=0.001231
t=56 s=8 time=0.001362
t=56 s=6 time=0.001332
t=56 s=5 time=0.00102
t=57 s=57 time=0.000483
t=57 s=18 time=0.001166
t=57 s=16 time=0.001211
t=57 s=15 time=0.001287
t=57 s=12 time=0.001207
t=57 s=11 time=0.001365
t=57 s=10 time=0.001177
t=57 s=9 time=0.001888
t=57 s=6 time=0.001696
t=57 s=5 time=0.001143
t=58 s=58 time=0.000465
t=58 s=19 time=0.001063
t=58 s=18 time=0.001071
t=58 s=17 time=0.001079
t=58 s=16 time=0.001148
t=58 s=7 time=0.001473
t=58 s=6 time=0.001699
t=58 s=5 time=0.00129
t=59 s=59 time=0.000447
t=59 s=20 time=0.001035
t=59 s=19 time=0.001028
t=59 s=18 time=0.001084
t=59 s=17 time=0.001098
t=59 s=8 time=0.00169
t=60 s=60 time=0.000495
t=60 s=19 time=0.001097
t=60 s=16 time=0.001193
t=60 s=15 time=0.001229
t=60 s=14 time=0.001266
t=60 s=13 time=0.001574
t=60 s=12 time=0.001242
t=60 s=11 time=0.001217
t=60 s=10 time=0.001264
t=60 s=9 time=0.001218
t=60 s=8 time=0.002115
t=60 s=7 time=0.001751
t=60 s=6 time=0.002189
t=61 s=61 time=0.000551
t=61 s=20 time=0.001171
t=61 s=17 time=0.001321
t=61 s=16 time=0.001278
t=61 s=15 time=0.001252
t=61 s=14 time=0.001277
t=62 s=62 time=0.00051
t=62 s=21 time=0.001159
t=62 s=18 time=0.001377
t=62 s=17 time=0.001355
t=62 s=16 time=0.001337
t=62 s=15 time=0.001317
t=62 s=14 time=0.001294
t=62 s=9 time=0.00204
t=62 s=8 time=0.002292
t=62 s=7 time=0.002436
t=63 s=63 time=0.00062
t=63 s=17 time=0.001244
t=63 s=16 time=0.00174
t=63 s=15 time=0.001371
t=63 s=14 time=0.001398
t=63 s=13 time=0.001266
t=63 s=12 time=0.001257
t=63 s=11 time=0.001224
t=63 s=10 time=0.001521
t=63 s=9 time=0.002564
t=64 s=64 time=0.00067
t=64 s=22 time=0.001279
t=64 s=21 time=0.001612
t=64 s=18 time=0.001374
t=64 s=17 time=0.001726
t=64 s=16 time=0.001309
t=64 s=15 time=0.001246
t=64 s=11 time=0.001517
t=64 s=10 time=0.002563
t=64 s=7 time=0.002048
t=64 s=6 time=0.00276
t=64 s=2 time=0.0006
t=64 s=1 time=0.000496
t=65 s=65 time=0.000515
t=65 s=22 time=0.001191
t=65 s=19 time=0.001375
t=65 s=18 time=0.001905
t=65 s=17 time=0.001472
t=65 s=12 time=0.00174
t=65 s=11 time=0.002407
t=65 s=9 time=0.002764
t=65 s=8 time=0.004432
t=65 s=7 time=0.002683
t=65 s=4 time=0.000919
t=65 s=3 time=0.000579
t=65 s=2 time=0.000576
[38;2;000;128;000mTime: 0.309684s (2025-04-14 11:14:36)
[0mt=1 s=1 time=0.000356
t=2 s=2 time=0.000407
t=2 s=1 time=0.000363
t=3 s=3 time=0.000396
t=4 s=4 time=0.000385
t=4 s=2 time=0.000323
t=4 s=1 time=0.000318
t=5 s=5 time=0.000333
t=5 s=2 time=0.000323
t=6 s=6 time=0.000379
t=6 s=3 time=0.000365
t=7 s=7 time=0.000351
t=8 s=8 time=0.000336
t=8 s=2 time=0.000337
t=8 s=1 time=0.000331
t=9 s=9 time=0.000362
t=9 s=2 time=0.000349
t=10 s=10 time=0.00036
t=10 s=3 time=0.000353
t=10 s=2 time=0.000329
t=11 s=11 time=0.000341
t=11 s=4 time=0.000321
t=11 s=3 time=0.000344
t=12 s=12 time=0.000326
t=12 s=3 time=0.000327
t=13 s=13 time=0.000405
t=13 s=4 time=0.000384
t=14 s=14 time=0.000396
t=14 s=5 time=0.000464
t=15 s=15 time=0.000354
t=16 s=16 time=0.00034
t=16 s=6 time=0.000372
t=16 s=5 time=0.000383
t=16 s=2 time=0.000353
t=16 s=1 time=0.000334
t=17 s=17 time=0.000354
t=17 s=6 time=0.000415
t=17 s=3 time=0.000338
t=17 s=2 time=0.000342
t=18 s=18 time=0.000358
t=18 s=7 time=0.000409
t=18 s=4 time=0.000378
t=18 s=3 time=0.000613
t=18 s=2 time=0.000399
t=19 s=19 time=0.000348
t=19 s=5 time=0.00041
t=19 s=4 time=0.000374
t=20 s=20 time=0.000374
t=20 s=6 time=0.000473
t=20 s=5 time=0.000438
t=20 s=3 time=0.000357
t=20 s=2 time=0.000355
t=21 s=21 time=0.000354
t=21 s=6 time=0.000432
t=21 s=4 time=0.000388
t=21 s=3 time=0.000363
t=22 s=22 time=0.00036
t=22 s=7 time=0.000419
t=22 s=6 time=0.000435
t=22 s=5 time=0.000422
t=22 s=4 time=0.000512
t=22 s=3 time=0.00043
t=23 s=23 time=0.000403
t=23 s=8 time=0.000487
t=23 s=7 time=0.000424
t=23 s=6 time=0.000523
t=23 s=5 time=0.000481
t=24 s=24 time=0.000408
t=24 s=7 time=0.000514
t=24 s=4 time=0.000445
t=24 s=3 time=0.000338
t=25 s=25 time=0.000343
t=25 s=8 time=0.000424
t=25 s=5 time=0.000423
t=26 s=26 time=0.000336
t=26 s=9 time=0.000507
t=26 s=6 time=0.000496
t=26 s=5 time=0.000417
t=26 s=4 time=0.000538
t=27 s=27 time=0.00028
t=27 s=4 time=0.000456
t=28 s=28 time=0.00038
t=28 s=10 time=0.000616
t=28 s=9 time=0.000502
t=28 s=5 time=0.000525
t=29 s=29 time=0.000418
t=29 s=10 time=0.000514
t=29 s=6 time=0.000608
t=29 s=5 time=0.00058
t=30 s=30 time=0.000399
t=30 s=11 time=0.000503
t=30 s=8 time=0.000485
t=30 s=7 time=0.000484
t=31 s=31 time=0.000429
t=31 s=9 time=0.00045
t=31 s=8 time=0.00047
t=32 s=32 time=0.000274
t=32 s=10 time=0.000489
t=32 s=9 time=0.000703
t=32 s=6 time=0.000623
t=32 s=2 time=0.000398
t=32 s=1 time=0.000383
t=33 s=33 time=0.000413
t=33 s=10 time=0.000609
t=33 s=8 time=0.00057
t=33 s=7 time=0.00056
t=33 s=3 time=0.000381
t=33 s=2 time=0.00039
t=34 s=34 time=0.000463
t=34 s=11 time=0.000553
t=34 s=10 time=0.000558
t=34 s=9 time=0.000483
t=34 s=8 time=0.000462
t=34 s=4 time=0.00032
t=34 s=3 time=0.000306
t=34 s=2 time=0.00033
t=35 s=35 time=0.000304
t=35 s=12 time=0.000517
t=35 s=11 time=0.00049
t=35 s=10 time=0.000512
t=35 s=9 time=0.000512
t=35 s=5 time=0.000462
t=35 s=4 time=0.000335
t=36 s=36 time=0.000313
t=36 s=11 time=0.000547
t=36 s=8 time=0.000452
t=36 s=7 time=0.000409
t=36 s=6 time=0.00047
t=36 s=5 time=0.000487
t=36 s=4 time=0.000375
t=36 s=3 time=0.000326
t=36 s=2 time=0.00033
t=37 s=37 time=0.000366
t=37 s=12 time=0.000571
t=37 s=9 time=0.000515
t=37 s=8 time=0.000532
t=37 s=7 time=0.000498
t=37 s=6 time=0.00045
t=37 s=4 time=0.000357
t=37 s=3 time=0.000396
t=38 s=38 time=0.00037
t=38 s=13 time=0.000524
t=38 s=10 time=0.000512
t=38 s=9 time=0.000564
t=38 s=8 time=0.000567
t=38 s=7 time=0.000523
t=38 s=6 time=0.000534
t=38 s=5 time=0.000506
t=38 s=4 time=0.00041
t=39 s=39 time=0.00033
t=39 s=9 time=0.000689
t=39 s=8 time=0.000861
t=39 s=7 time=0.000683
[38;2;000;128;000mTime: 0.068935s (2025-04-14 12:47:26)
[0mt=1 s=1 time=0.000297
t=2 s=2 time=0.000258
t=2 s=1 time=0.000244
t=3 s=3 time=0.000245
t=4 s=4 time=0.00028
t=4 s=2 time=0.000267
t=4 s=1 time=0.000395
t=5 s=5 time=0.000374
t=5 s=2 time=0.000358
t=6 s=6 time=0.000375
t=6 s=3 time=0.000339
t=7 s=7 time=0.000316
t=8 s=8 time=0.000311
t=8 s=2 time=0.000327
t=8 s=1 time=0.000299
t=9 s=9 time=0.000365
t=9 s=2 time=0.000306
t=10 s=10 time=0.00032
t=10 s=3 time=0.000365
t=10 s=2 time=0.000338
t=11 s=11 time=0.000398
t=11 s=4 time=0.000343
t=11 s=3 time=0.000327
t=12 s=12 time=0.000334
t=12 s=3 time=0.000388
t=13 s=13 time=0.000435
t=13 s=4 time=0.000387
t=14 s=14 time=0.000333
t=14 s=5 time=0.000416
t=15 s=15 time=0.000356
t=16 s=16 time=0.000348
t=16 s=6 time=0.000393
t=16 s=5 time=0.000357
t=16 s=2 time=0.000368
t=16 s=1 time=0.000329
t=17 s=17 time=0.00038
t=17 s=6 time=0.000391
t=17 s=3 time=0.000324
t=17 s=2 time=0.000322
t=18 s=18 time=0.000361
t=18 s=7 time=0.000411
t=18 s=4 time=0.000379
t=18 s=3 time=0.000343
t=18 s=2 time=0.000345
t=19 s=19 time=0.00036
t=19 s=5 time=0.000395
t=19 s=4 time=0.000389
t=20 s=20 time=0.000343
t=20 s=6 time=0.000325
t=20 s=5 time=0.000297
t=20 s=3 time=0.00024
t=20 s=2 time=0.000247
t=21 s=21 time=0.000247
t=21 s=6 time=0.000311
t=21 s=4 time=0.000353
t=21 s=3 time=0.000346
t=22 s=22 time=0.000321
t=22 s=7 time=0.000437
t=22 s=6 time=0.000438
t=22 s=5 time=0.000397
t=22 s=4 time=0.000416
t=22 s=3 time=0.00034
t=23 s=23 time=0.000376
t=23 s=8 time=0.000463
t=23 s=7 time=0.000447
t=23 s=6 time=0.000458
t=23 s=5 time=0.000414
t=24 s=24 time=0.000371
t=24 s=7 time=0.000479
t=24 s=4 time=0.000387
t=24 s=3 time=0.000332
t=25 s=25 time=0.000373
t=25 s=8 time=0.000457
t=25 s=5 time=0.000457
t=26 s=26 time=0.000386
t=26 s=9 time=0.000518
t=26 s=6 time=0.000566
t=26 s=5 time=0.000478
t=26 s=4 time=0.000398
t=27 s=27 time=0.000381
t=27 s=4 time=0.000431
t=28 s=28 time=0.000398
t=28 s=10 time=0.000669
t=28 s=9 time=0.000484
t=28 s=5 time=0.000453
t=29 s=29 time=0.000295
t=29 s=10 time=0.000406
t=29 s=6 time=0.000424
t=29 s=5 time=0.00038
t=30 s=30 time=0.000294
t=30 s=11 time=0.000419
t=30 s=8 time=0.000399
t=30 s=7 time=0.000418
t=31 s=31 time=0.000328
t=31 s=9 time=0.000511
t=31 s=8 time=0.000567
t=32 s=32 time=0.000362
t=32 s=10 time=0.000546
t=32 s=9 time=0.000739
t=32 s=6 time=0.000584
t=32 s=2 time=0.000338
t=32 s=1 time=0.000283
t=33 s=33 time=0.000344
t=33 s=10 time=0.000514
t=33 s=8 time=0.000483
t=33 s=7 time=0.000517
t=33 s=3 time=0.000374
t=33 s=2 time=0.000419
t=34 s=34 time=0.000414
t=34 s=11 time=0.000614
t=34 s=10 time=0.000589
t=34 s=9 time=0.000543
t=34 s=8 time=0.000538
t=34 s=4 time=0.00038
t=34 s=3 time=0.000297
t=34 s=2 time=0.000271
t=35 s=35 time=0.000263
t=35 s=12 time=0.000492
t=35 s=11 time=0.000518
t=35 s=10 time=0.00058
t=35 s=9 time=0.00055
t=35 s=5 time=0.000495
t=35 s=4 time=0.000368
t=36 s=36 time=0.000317
t=36 s=11 time=0.000552
t=36 s=8 time=0.000496
t=36 s=7 time=0.000493
t=36 s=6 time=0.000532
t=36 s=5 time=0.000596
t=36 s=4 time=0.000484
t=36 s=3 time=0.000438
t=36 s=2 time=0.00042
t=37 s=37 time=0.000396
t=37 s=12 time=0.000663
t=37 s=9 time=0.000538
t=37 s=8 time=0.000551
t=37 s=7 time=0.000484
t=37 s=6 time=0.000454
t=37 s=4 time=0.00033
t=37 s=3 time=0.000303
t=38 s=38 time=0.000298
t=38 s=13 time=0.000536
t=38 s=10 time=0.000572
t=38 s=9 time=0.000555
t=38 s=8 time=0.000526
t=38 s=7 time=0.000471
t=38 s=6 time=0.000545
t=38 s=5 time=0.00051
t=38 s=4 time=0.000438
t=39 s=39 time=0.000399
t=39 s=9 time=0.000714
t=39 s=8 time=0.000834
t=39 s=7 time=0.000624
t=40 s=40 time=0.00043
t=40 s=14 time=0.000702
t=40 s=13 time=0.000739
t=40 s=10 time=0.000745
t=40 s=9 time=0.000821
t=40 s=8 time=0.00075
t=40 s=7 time=0.000692
t=40 s=6 time=0.000678
t=40 s=5 time=0.000498
t=40 s=3 time=0.000327
t=40 s=2 time=0.000335
t=41 s=41 time=0.000352
t=41 s=14 time=0.000671
t=41 s=11 time=0.000792
t=41 s=10 time=0.000959
t=41 s=9 time=0.000763
t=41 s=3 time=0.000371
t=42 s=42 time=0.000325
t=42 s=15 time=0.000692
t=42 s=12 time=0.000724
t=42 s=11 time=0.000751
t=42 s=8 time=0.000717
t=42 s=7 time=0.000697
t=42 s=6 time=0.000611
t=42 s=5 time=0.000561
t=42 s=4 time=0.000515
t=42 s=3 time=0.000418
t=43 s=43 time=0.000387
t=43 s=13 time=0.000686
t=43 s=12 time=0.000722
t=43 s=9 time=0.000743
t=43 s=8 time=0.000682
t=43 s=6 time=0.000673
t=43 s=5 time=0.000606
t=43 s=4 time=0.000572
t=44 s=44 time=0.000441
t=44 s=14 time=0.000825
t=44 s=13 time=0.001049
t=44 s=10 time=0.00092
t=44 s=9 time=0.000763
t=44 s=7 time=0.000928
t=44 s=6 time=0.000837
t=44 s=5 time=0.000605
t=44 s=4 time=0.0005
t=44 s=3 time=0.000341
t=45 s=45 time=0.000315
t=45 s=14 time=0.000715
t=45 s=12 time=0.000707
t=45 s=11 time=0.000814
t=45 s=8 time=0.001073
t=45 s=7 time=0.000812
t=45 s=5 time=0.000765
t=45 s=4 time=0.000422
t=46 s=46 time=0.000314
t=46 s=15 time=0.000714
t=46 s=14 time=0.000859
t=46 s=13 time=0.000847
t=46 s=12 time=0.000882
t=46 s=9 time=0.000822
t=46 s=8 time=0.000816
t=46 s=7 time=0.000727
t=46 s=6 time=0.000878
t=46 s=5 time=0.000587
t=47 s=47 time=0.000334
t=47 s=16 time=0.000686
t=47 s=15 time=0.000711
t=47 s=14 time=0.000793
t=47 s=13 time=0.000818
t=47 s=10 time=0.000846
t=47 s=9 time=0.000858
[38;2;000;128;000mTime: 0.113732s (2025-04-14 21:45:21)
[0mt=1 s=1 time=0.000308
t=2 s=2 time=0.000343
t=2 s=1 time=0.000265
t=3 s=3 time=0.000282
t=4 s=4 time=0.00025
t=4 s=2 time=0.000266
t=4 s=1 time=0.000316
t=5 s=5 time=0.000376
t=5 s=2 time=0.0003
t=6 s=6 time=0.000262
t=6 s=3 time=0.000322
t=7 s=7 time=0.000255
t=8 s=8 time=0.000252
t=8 s=2 time=0.000466
t=8 s=1 time=0.000405
t=9 s=9 time=0.000725
t=9 s=2 time=0.000343
t=10 s=10 time=0.000285
t=10 s=3 time=0.00027
t=10 s=2 time=0.000295
t=11 s=11 time=0.000264
t=11 s=4 time=0.000353
t=11 s=3 time=0.000343
t=12 s=12 time=0.000389
t=12 s=3 time=0.000399
t=13 s=13 time=0.000359
t=13 s=4 time=0.0004
t=14 s=14 time=0.000353
t=14 s=5 time=0.00034
t=15 s=15 time=0.000434
t=16 s=16 time=0.00032
t=16 s=6 time=0.000468
t=16 s=5 time=0.000439
t=16 s=2 time=0.000356
t=16 s=1 time=0.000408
t=17 s=17 time=0.000407
t=17 s=6 time=0.000485
t=17 s=3 time=0.000375
t=17 s=2 time=0.000356
t=18 s=18 time=0.000388
t=18 s=7 time=0.000435
t=18 s=4 time=0.000459
t=18 s=3 time=0.000335
t=18 s=2 time=0.000375
t=19 s=19 time=0.000325
t=19 s=5 time=0.000307
t=19 s=4 time=0.000377
t=20 s=20 time=0.000368
t=20 s=6 time=0.000469
t=20 s=5 time=0.000421
t=20 s=3 time=0.000367
t=20 s=2 time=0.000502
t=21 s=21 time=0.000345
t=21 s=6 time=0.000403
t=21 s=4 time=0.000466
t=21 s=3 time=0.000351
t=22 s=22 time=0.000385
t=22 s=7 time=0.000447
t=22 s=6 time=0.000448
t=22 s=5 time=0.000404
t=22 s=4 time=0.000438
t=22 s=3 time=0.000385
t=23 s=23 time=0.000419
t=23 s=8 time=0.000499
t=23 s=7 time=0.000465
t=23 s=6 time=0.000539
t=23 s=5 time=0.000462
t=24 s=24 time=0.000383
t=24 s=7 time=0.00056
t=24 s=4 time=0.000415
t=24 s=3 time=0.000296
t=25 s=25 time=0.000318
t=25 s=8 time=0.000466
t=25 s=5 time=0.000404
t=26 s=26 time=0.000278
t=26 s=9 time=0.00043
t=26 s=6 time=0.000626
t=26 s=5 time=0.00057
t=26 s=4 time=0.00035
t=27 s=27 time=0.000304
t=27 s=4 time=0.000312
t=28 s=28 time=0.000262
t=28 s=10 time=0.000388
t=28 s=9 time=0.000365
t=28 s=5 time=0.000388
t=29 s=29 time=0.000299
t=29 s=10 time=0.000425
t=29 s=6 time=0.000479
t=29 s=5 time=0.000413
t=30 s=30 time=0.00028
t=30 s=11 time=0.000442
t=30 s=8 time=0.000409
t=30 s=7 time=0.000435
t=31 s=31 time=0.000298
t=31 s=9 time=0.000454
t=31 s=8 time=0.000483
t=32 s=32 time=0.000313
t=32 s=10 time=0.000495
t=32 s=9 time=0.000665
t=32 s=6 time=0.000482
t=32 s=2 time=0.000712
t=32 s=1 time=0.000289
t=33 s=33 time=0.000303
t=33 s=10 time=0.000565
t=33 s=8 time=0.000598
t=33 s=7 time=0.000569
t=33 s=3 time=0.000421
t=33 s=2 time=0.00038
t=34 s=34 time=0.000357
t=34 s=11 time=0.000647
t=34 s=10 time=0.000687
t=34 s=9 time=0.000611
t=34 s=8 time=0.00075
t=34 s=4 time=0.000437
t=34 s=3 time=0.000429
t=34 s=2 time=0.000398
t=35 s=35 time=0.000386
t=35 s=12 time=0.000593
t=35 s=11 time=0.000599
t=35 s=10 time=0.000645
t=35 s=9 time=0.000672
t=35 s=5 time=0.000543
t=35 s=4 time=0.000515
t=36 s=36 time=0.000488
t=36 s=11 time=0.000723
t=36 s=8 time=0.000591
t=36 s=7 time=0.000554
t=36 s=6 time=0.00049
t=36 s=5 time=0.000535
t=36 s=4 time=0.000434
t=36 s=3 time=0.00036
t=36 s=2 time=0.000376
t=37 s=37 time=0.000359
t=37 s=12 time=0.0006
t=37 s=9 time=0.000557
t=37 s=8 time=0.000594
t=37 s=7 time=0.000618
t=37 s=6 time=0.000523
t=37 s=4 time=0.000439
t=37 s=3 time=0.000325
t=38 s=38 time=0.000305
t=38 s=13 time=0.000646
t=38 s=10 time=0.000625
t=38 s=9 time=0.00069
t=38 s=8 time=0.00064
t=38 s=7 time=0.000609
t=38 s=6 time=0.000594
t=38 s=5 time=0.000666
t=38 s=4 time=0.000545
t=39 s=39 time=0.000379
t=39 s=9 time=0.000728
t=39 s=8 time=0.000744
t=39 s=7 time=0.000575
t=40 s=40 time=0.000379
t=40 s=14 time=0.000823
t=40 s=13 time=0.000651
t=40 s=10 time=0.000692
t=40 s=9 time=0.000841
t=40 s=8 time=0.000741
t=40 s=7 time=0.000673
t=40 s=6 time=0.000654
t=40 s=5 time=0.000554
t=40 s=3 time=0.000388
t=40 s=2 time=0.00038
t=41 s=41 time=0.000393
t=41 s=14 time=0.000623
t=41 s=11 time=0.000707
t=41 s=10 time=0.000957
t=41 s=9 time=0.000824
t=41 s=3 time=0.000571
t=42 s=42 time=0.000497
t=42 s=15 time=0.000694
t=42 s=12 time=0.000647
t=42 s=11 time=0.000675
t=42 s=8 time=0.000601
t=42 s=7 time=0.000561
t=42 s=6 time=0.000646
t=42 s=5 time=0.000569
t=42 s=4 time=0.000465
t=42 s=3 time=0.000437
t=43 s=43 time=0.000362
t=43 s=13 time=0.000696
t=43 s=12 time=0.000717
t=43 s=9 time=0.000757
t=43 s=8 time=0.000741
t=43 s=6 time=0.000716
t=43 s=5 time=0.000577
t=43 s=4 time=0.000397
t=44 s=44 time=0.000318
t=44 s=14 time=0.000673
t=44 s=13 time=0.000847
t=44 s=10 time=0.000742
t=44 s=9 time=0.000738
t=44 s=7 time=0.000905
t=44 s=6 time=0.000922
t=44 s=5 time=0.000641
t=44 s=4 time=0.000494
t=44 s=3 time=0.000343
t=45 s=45 time=0.00034
t=45 s=14 time=0.000795
t=45 s=12 time=0.000831
t=45 s=11 time=0.000897
t=45 s=8 time=0.001199
t=45 s=7 time=0.000892
t=45 s=5 time=0.000787
t=45 s=4 time=0.000547
t=46 s=46 time=0.000381
t=46 s=15 time=0.000731
t=46 s=14 time=0.000834
t=46 s=13 time=0.000787
t=46 s=12 time=0.000879
t=46 s=9 time=0.000985
t=46 s=8 time=0.001002
t=46 s=7 time=0.000824
t=46 s=6 time=0.000926
t=46 s=5 time=0.000647
t=47 s=47 time=0.000336
t=47 s=16 time=0.000731
t=47 s=15 time=0.00098
t=47 s=14 time=0.000816
t=47 s=13 time=0.000809
t=47 s=10 time=0.000911
t=47 s=9 time=0.000898
t=48 s=48 time=0.000409
t=48 s=15 time=0.000812
t=48 s=12 time=0.000954
t=48 s=11 time=0.001014
t=48 s=9 time=0.000971
t=48 s=8 time=0.000885
t=48 s=7 time=0.000867
t=48 s=6 time=0.000823
t=48 s=4 time=0.00058
t=48 s=3 time=0.000401
t=49 s=49 time=0.000415
t=49 s=16 time=0.000817
t=49 s=13 time=0.000796
t=49 s=12 time=0.000832
t=49 s=7 time=0.000995
t=49 s=5 time=0.000823
t=49 s=4 time=0.000574
t=50 s=50 time=0.000437
t=50 s=17 time=0.000799
t=50 s=14 time=0.000924
t=50 s=13 time=0.000989
t=50 s=10 time=0.000984
t=50 s=8 time=0.001062
t=50 s=6 time=0.001147
t=50 s=5 time=0.001054
t=51 s=51 time=0.000503
t=51 s=12 time=0.001022
t=51 s=11 time=0.001066
t=51 s=10 time=0.001178
t=51 s=9 time=0.00102
t=51 s=6 time=0.000911
t=52 s=52 time=0.000427
t=52 s=18 time=0.000819
t=52 s=17 time=0.000834
t=52 s=13 time=0.000996
t=52 s=12 time=0.00095
t=52 s=11 time=0.00097
t=52 s=7 time=0.001053
t=52 s=6 time=0.000994
t=52 s=5 time=0.000722
t=52 s=4 time=0.000505
t=53 s=53 time=0.000378
t=53 s=18 time=0.00085
t=53 s=14 time=0.001077
t=53 s=13 time=0.001072
t=53 s=7 time=0.001123
t=53 s=6 time=0.001059
t=53 s=5 time=0.000902
t=54 s=54 time=0.000442
t=54 s=19 time=0.000942
t=54 s=16 time=0.001019
t=54 s=15 time=0.00112
t=54 s=12 time=0.001176
t=54 s=11 time=0.001052
t=54 s=10 time=0.00107
t=54 s=9 time=0.001048
t=54 s=8 time=0.001053
t=54 s=7 time=0.001195
t=54 s=6 time=0.00134
t=54 s=5 time=0.000954
t=54 s=4 time=0.000649
t=55 s=55 time=0.000456
t=55 s=17 time=0.00088
t=55 s=16 time=0.001096
t=55 s=13 time=0.001087
t=55 s=12 time=0.001177
t=55 s=8 time=0.002295
t=55 s=7 time=0.001695
t=55 s=6 time=0.001596
[38;2;000;128;000mTime: 0.18344s (2025-04-15 13:16:46)
[0mt=1 s=1 time=0.000559
t=2 s=2 time=0.000409
t=2 s=1 time=0.000299
t=3 s=3 time=0.000447
t=4 s=4 time=0.000353
t=4 s=2 time=0.000397
t=4 s=1 time=0.000253
t=5 s=5 time=0.000588
t=5 s=2 time=0.000334
t=6 s=6 time=0.000484
t=6 s=3 time=0.000313
t=7 s=7 time=0.000329
t=8 s=8 time=0.000325
t=8 s=2 time=0.00034
t=8 s=1 time=0.000306
t=9 s=9 time=0.000308
t=9 s=2 time=0.000316
t=10 s=10 time=0.000334
t=10 s=3 time=0.000309
t=10 s=2 time=0.000299
t=11 s=11 time=0.000347
t=11 s=4 time=0.000347
t=11 s=3 time=0.0003
t=12 s=12 time=0.000384
t=12 s=3 time=0.00038
t=13 s=13 time=0.000348
t=13 s=4 time=0.000401
t=14 s=14 time=0.00037
t=14 s=5 time=0.000436
t=15 s=15 time=0.000351
t=16 s=16 time=0.00035
t=16 s=6 time=0.000408
t=16 s=5 time=0.000494
t=16 s=2 time=0.000338
t=16 s=1 time=0.000324
t=17 s=17 time=0.000324
t=17 s=6 time=0.000421
t=17 s=3 time=0.000324
t=17 s=2 time=0.000359
t=18 s=18 time=0.000347
t=18 s=7 time=0.000394
t=18 s=4 time=0.000362
t=18 s=3 time=0.000384
t=18 s=2 time=0.000403
t=19 s=19 time=0.000379
t=19 s=5 time=0.000475
t=19 s=4 time=0.000405
t=20 s=20 time=0.000355
t=20 s=6 time=0.00045
t=20 s=5 time=0.000406
t=20 s=3 time=0.000338
t=20 s=2 time=0.000418
t=21 s=21 time=0.000387
t=21 s=6 time=0.000425
t=21 s=4 time=0.000456
t=21 s=3 time=0.000325
t=22 s=22 time=0.00033
t=22 s=7 time=0.000386
t=22 s=6 time=0.000443
t=22 s=5 time=0.000384
t=22 s=4 time=0.000372
t=22 s=3 time=0.000332
t=23 s=23 time=0.000262
t=23 s=8 time=0.000367
t=23 s=7 time=0.000478
t=23 s=6 time=0.000455
t=23 s=5 time=0.00042
t=24 s=24 time=0.000378
t=24 s=7 time=0.000468
t=24 s=4 time=0.00037
t=24 s=3 time=0.000382
t=25 s=25 time=0.00036
t=25 s=8 time=0.000496
t=25 s=5 time=0.000503
t=26 s=26 time=0.00043
t=26 s=9 time=0.000448
t=26 s=6 time=0.000554
t=26 s=5 time=0.00048
t=26 s=4 time=0.000425
t=27 s=27 time=0.000385
t=27 s=4 time=0.000404
t=28 s=28 time=0.000355
t=28 s=10 time=0.000482
t=28 s=9 time=0.00037
t=28 s=5 time=0.000362
t=29 s=29 time=0.000337
t=29 s=10 time=0.000482
t=29 s=6 time=0.000502
t=29 s=5 time=0.000506
t=30 s=30 time=0.000406
t=30 s=11 time=0.000488
t=30 s=8 time=0.000645
t=30 s=7 time=0.00055
t=31 s=31 time=0.000416
t=31 s=9 time=0.000491
t=31 s=8 time=0.000532
t=32 s=32 time=0.000384
t=32 s=10 time=0.000546
t=32 s=9 time=0.000665
t=32 s=6 time=0.000468
t=32 s=2 time=0.000308
t=32 s=1 time=0.000279
t=33 s=33 time=0.000287
t=33 s=10 time=0.000529
t=33 s=8 time=0.000498
t=33 s=7 time=0.000534
t=33 s=3 time=0.000285
t=33 s=2 time=0.000298
t=34 s=34 time=0.000269
t=34 s=11 time=0.000624
t=34 s=10 time=0.000638
t=34 s=9 time=0.000584
t=34 s=8 time=0.000637
t=34 s=4 time=0.000416
t=34 s=3 time=0.000402
t=34 s=2 time=0.000374
t=35 s=35 time=0.000393
t=35 s=12 time=0.000529
t=35 s=11 time=0.000524
t=35 s=10 time=0.000541
t=35 s=9 time=0.000567
t=35 s=5 time=0.000468
t=35 s=4 time=0.00037
t=36 s=36 time=0.000312
t=36 s=11 time=0.000559
t=36 s=8 time=0.000528
t=36 s=7 time=0.00046
t=36 s=6 time=0.000507
t=36 s=5 time=0.000584
t=36 s=4 time=0.000483
t=36 s=3 time=0.000524
t=36 s=2 time=0.000452
t=37 s=37 time=0.000389
t=37 s=12 time=0.000652
t=37 s=9 time=0.000636
t=37 s=8 time=0.000726
t=37 s=7 time=0.000629
t=37 s=6 time=0.000549
t=37 s=4 time=0.000478
t=37 s=3 time=0.000413
t=38 s=38 time=0.000437
t=38 s=13 time=0.000655
t=38 s=10 time=0.00069
t=38 s=9 time=0.000736
t=38 s=8 time=0.000613
t=38 s=7 time=0.000627
t=38 s=6 time=0.000591
t=38 s=5 time=0.000611
t=38 s=4 time=0.000465
t=39 s=39 time=0.000301
t=39 s=9 time=0.000566
t=39 s=8 time=0.000675
t=39 s=7 time=0.000606
t=40 s=40 time=0.000329
t=40 s=14 time=0.000556
t=40 s=13 time=0.000599
t=40 s=10 time=0.000611
t=40 s=9 time=0.000746
t=40 s=8 time=0.000606
t=40 s=7 time=0.000536
t=40 s=6 time=0.000605
t=40 s=5 time=0.000552
t=40 s=3 time=0.000314
t=40 s=2 time=0.00032
t=41 s=41 time=0.000316
t=41 s=14 time=0.000594
t=41 s=11 time=0.000676
t=41 s=10 time=0.000846
t=41 s=9 time=0.000727
t=41 s=3 time=0.000419
t=42 s=42 time=0.000411
t=42 s=15 time=0.000752
t=42 s=12 time=0.000759
t=42 s=11 time=0.000764
t=42 s=8 time=0.000724
t=42 s=7 time=0.000706
t=42 s=6 time=0.000684
t=42 s=5 time=0.000563
t=42 s=4 time=0.000429
t=42 s=3 time=0.000323
t=43 s=43 time=0.000314
t=43 s=13 time=0.000557
t=43 s=12 time=0.000574
t=43 s=9 time=0.00072
t=43 s=8 time=0.000725
t=43 s=6 time=0.000616
t=43 s=5 time=0.000722
t=43 s=4 time=0.00048
t=44 s=44 time=0.000318
t=44 s=14 time=0.000652
t=44 s=13 time=0.000811
t=44 s=10 time=0.000766
t=44 s=9 time=0.000783
t=44 s=7 time=0.000882
t=44 s=6 time=0.000854
t=44 s=5 time=0.00063
t=44 s=4 time=0.000569
t=44 s=3 time=0.000487
t=45 s=45 time=0.000436
t=45 s=14 time=0.000838
t=45 s=12 time=0.000794
t=45 s=11 time=0.000913
t=45 s=8 time=0.001009
t=45 s=7 time=0.000754
t=45 s=5 time=0.0007
t=45 s=4 time=0.000481
t=46 s=46 time=0.000409
t=46 s=15 time=0.000717
t=46 s=14 time=0.000782
t=46 s=13 time=0.000831
t=46 s=12 time=0.000901
t=46 s=9 time=0.000943
t=46 s=8 time=0.000963
t=46 s=7 time=0.000709
t=46 s=6 time=0.00094
t=46 s=5 time=0.000663
t=47 s=47 time=0.000459
t=47 s=16 time=0.000856
t=47 s=15 time=0.000835
t=47 s=14 time=0.000914
t=47 s=13 time=0.000972
t=47 s=10 time=0.001022
t=47 s=9 time=0.000866
t=48 s=48 time=0.000412
t=48 s=15 time=0.000659
t=48 s=12 time=0.000687
t=48 s=11 time=0.000762
t=48 s=9 time=0.000769
t=48 s=8 time=0.000729
t=48 s=7 time=0.000818
t=48 s=6 time=0.000826
t=48 s=4 time=0.000456
t=48 s=3 time=0.000357
t=49 s=49 time=0.00038
t=49 s=16 time=0.000762
t=49 s=13 time=0.001241
t=49 s=12 time=0.000793
t=49 s=7 time=0.0009
t=49 s=5 time=0.0007
t=49 s=4 time=0.000486
t=50 s=50 time=0.000368
t=50 s=17 time=0.000637
t=50 s=14 time=0.000718
t=50 s=13 time=0.000813
t=50 s=10 time=0.000967
t=50 s=8 time=0.001037
t=50 s=6 time=0.000953
t=50 s=5 time=0.000964
t=51 s=51 time=0.000414
t=51 s=12 time=0.000842
t=51 s=11 time=0.000978
t=51 s=10 time=0.001
t=51 s=9 time=0.000954
t=51 s=6 time=0.000982
t=52 s=52 time=0.000398
t=52 s=18 time=0.000778
t=52 s=17 time=0.000818
t=52 s=13 time=0.000913
t=52 s=12 time=0.000966
t=52 s=11 time=0.00095
t=52 s=7 time=0.000933
t=52 s=6 time=0.000942
t=52 s=5 time=0.000656
t=52 s=4 time=0.000492
t=53 s=53 time=0.000365
t=53 s=18 time=0.000844
t=53 s=14 time=0.000971
t=53 s=13 time=0.000975
t=53 s=7 time=0.000986
t=53 s=6 time=0.001064
t=53 s=5 time=0.000936
t=54 s=54 time=0.00053
t=54 s=19 time=0.001046
t=54 s=16 time=0.001123
t=54 s=15 time=0.001062
t=54 s=12 time=0.000989
t=54 s=11 time=0.001033
t=54 s=10 time=0.001008
t=54 s=9 time=0.000996
t=54 s=8 time=0.00107
t=54 s=7 time=0.001079
t=54 s=6 time=0.001303
t=54 s=5 time=0.00088
t=54 s=4 time=0.000589
t=55 s=55 time=0.000476
t=55 s=17 time=0.00097
t=55 s=16 time=0.001128
t=55 s=13 time=0.001112
t=55 s=12 time=0.001062
t=55 s=8 time=0.001744
t=55 s=7 time=0.001568
t=55 s=6 time=0.001473
[38;2;000;128;000mTime: 0.177024s (2025-04-15 13:34:15)
[0mt=1 s=1 time=0.000655
t=2 s=2 time=0.0005
t=2 s=1 time=0.000348
t=3 s=3 time=0.000378
t=4 s=4 time=0.000393
t=4 s=2 time=0.000383
t=4 s=1 time=0.000364
t=5 s=5 time=0.000368
t=5 s=2 time=0.000334
t=6 s=6 time=0.000432
t=6 s=3 time=0.00036
t=7 s=7 time=0.000361
t=8 s=8 time=0.000365
t=8 s=2 time=0.00043
t=8 s=1 time=0.000403
t=9 s=9 time=0.000364
t=9 s=2 time=0.000356
t=10 s=10 time=0.000352
t=10 s=3 time=0.000438
t=10 s=2 time=0.000326
t=11 s=11 time=0.000431
t=11 s=4 time=0.000379
t=11 s=3 time=0.000293
t=12 s=12 time=0.000295
t=12 s=3 time=0.000261
t=13 s=13 time=0.000261
t=13 s=4 time=0.000327
t=14 s=14 time=0.000299
t=14 s=5 time=0.000277
t=15 s=15 time=0.000242
t=16 s=16 time=0.000249
t=16 s=6 time=0.000304
t=16 s=5 time=0.000283
t=16 s=2 time=0.000279
t=16 s=1 time=0.000258
t=17 s=17 time=0.000246
t=17 s=6 time=0.000311
t=17 s=3 time=0.000258
t=17 s=2 time=0.000267
t=18 s=18 time=0.00033
t=18 s=7 time=0.000391
t=18 s=4 time=0.000388
t=18 s=3 time=0.00036
t=18 s=2 time=0.000409
t=19 s=19 time=0.000379
t=19 s=5 time=0.000392
t=19 s=4 time=0.000367
t=20 s=20 time=0.00036
t=20 s=6 time=0.000444
t=20 s=5 time=0.000418
t=20 s=3 time=0.000358
t=20 s=2 time=0.000381
t=21 s=21 time=0.000356
t=21 s=6 time=0.000422
t=21 s=4 time=0.000437
t=21 s=3 time=0.000462
t=22 s=22 time=0.000488
t=22 s=7 time=0.000533
t=22 s=6 time=0.000554
t=22 s=5 time=0.000455
t=22 s=4 time=0.000423
t=22 s=3 time=0.000346
t=23 s=23 time=0.000346
t=23 s=8 time=0.00041
t=23 s=7 time=0.00045
t=23 s=6 time=0.000428
t=23 s=5 time=0.00046
t=24 s=24 time=0.0004
t=24 s=7 time=0.000457
t=24 s=4 time=0.000347
t=24 s=3 time=0.000369
t=25 s=25 time=0.000379
t=25 s=8 time=0.000475
t=25 s=5 time=0.000516
t=26 s=26 time=0.000397
t=26 s=9 time=0.000435
t=26 s=6 time=0.000468
t=26 s=5 time=0.000409
t=26 s=4 time=0.000344
t=27 s=27 time=0.000357
t=27 s=4 time=0.000397
t=28 s=28 time=0.000318
t=28 s=10 time=0.000441
t=28 s=9 time=0.000416
t=28 s=5 time=0.000403
t=29 s=29 time=0.000402
t=29 s=10 time=0.000528
t=29 s=6 time=0.000545
t=29 s=5 time=0.000562
t=30 s=30 time=0.000425
t=30 s=11 time=0.000528
t=30 s=8 time=0.000466
t=30 s=7 time=0.000452
t=31 s=31 time=0.00032
t=31 s=9 time=0.000438
t=31 s=8 time=0.000488
t=32 s=32 time=0.000317
t=32 s=10 time=0.000513
t=32 s=9 time=0.000622
t=32 s=6 time=0.000509
t=32 s=2 time=0.000305
t=32 s=1 time=0.000307
t=33 s=33 time=0.000325
t=33 s=10 time=0.000505
t=33 s=8 time=0.000445
t=33 s=7 time=0.000437
t=33 s=3 time=0.000282
t=33 s=2 time=0.000285
t=34 s=34 time=0.000375
t=34 s=11 time=0.000657
t=34 s=10 time=0.000852
t=34 s=9 time=0.000677
t=34 s=8 time=0.000621
t=34 s=4 time=0.000475
t=34 s=3 time=0.000385
t=34 s=2 time=0.000308
t=35 s=35 time=0.000357
t=35 s=12 time=0.00054
t=35 s=11 time=0.000587
t=35 s=10 time=0.000677
t=35 s=9 time=0.000667
t=35 s=5 time=0.000575
t=35 s=4 time=0.000486
t=36 s=36 time=0.00042
t=36 s=11 time=0.000655
t=36 s=8 time=0.000678
t=36 s=7 time=0.000555
t=36 s=6 time=0.000544
t=36 s=5 time=0.00064
t=36 s=4 time=0.000511
t=36 s=3 time=0.000489
t=36 s=2 time=0.000481
t=37 s=37 time=0.00045
t=37 s=12 time=0.000666
t=37 s=9 time=0.000639
t=37 s=8 time=0.00068
t=37 s=7 time=0.000645
t=37 s=6 time=0.000579
t=37 s=4 time=0.000471
t=37 s=3 time=0.000428
t=38 s=38 time=0.000415
t=38 s=13 time=0.000648
t=38 s=10 time=0.000631
t=38 s=9 time=0.000577
t=38 s=8 time=0.000525
t=38 s=7 time=0.000519
t=38 s=6 time=0.000502
t=38 s=5 time=0.000499
t=38 s=4 time=0.00045
t=39 s=39 time=0.000306
t=39 s=9 time=0.000598
t=39 s=8 time=0.000684
t=39 s=7 time=0.000501
t=40 s=40 time=0.000302
t=40 s=14 time=0.00059
t=40 s=13 time=0.000732
t=40 s=10 time=0.000713
t=40 s=9 time=0.000816
t=40 s=8 time=0.000683
t=40 s=7 time=0.000554
t=40 s=6 time=0.00056
t=40 s=5 time=0.000519
t=40 s=3 time=0.000334
t=40 s=2 time=0.000331
t=41 s=41 time=0.000332
t=41 s=14 time=0.00058
t=41 s=11 time=0.000687
t=41 s=10 time=0.001094
t=41 s=9 time=0.00072
t=41 s=3 time=0.000369
t=42 s=42 time=0.000318
t=42 s=15 time=0.00063
t=42 s=12 time=0.000667
t=42 s=11 time=0.000759
t=42 s=8 time=0.000756
t=42 s=7 time=0.000631
t=42 s=6 time=0.000597
t=42 s=5 time=0.000586
t=42 s=4 time=0.000445
t=42 s=3 time=0.000476
t=43 s=43 time=0.000423
t=43 s=13 time=0.00076
t=43 s=12 time=0.000756
t=43 s=9 time=0.000849
t=43 s=8 time=0.000815
t=43 s=6 time=0.000673
t=43 s=5 time=0.000541
t=43 s=4 time=0.000436
t=44 s=44 time=0.000319
t=44 s=14 time=0.000645
t=44 s=13 time=0.000872
t=44 s=10 time=0.000803
t=44 s=9 time=0.000907
t=44 s=7 time=0.001067
t=44 s=6 time=0.000976
t=44 s=5 time=0.000569
t=44 s=4 time=0.000529
t=44 s=3 time=0.000374
t=45 s=45 time=0.000328
t=45 s=14 time=0.000742
t=45 s=12 time=0.00075
t=45 s=11 time=0.000863
t=45 s=8 time=0.001
t=45 s=7 time=0.000907
t=45 s=5 time=0.000841
t=45 s=4 time=0.00057
t=46 s=46 time=0.000393
t=46 s=15 time=0.000707
t=46 s=14 time=0.000761
t=46 s=13 time=0.000713
t=46 s=12 time=0.000822
t=46 s=9 time=0.001184
t=46 s=8 time=0.000955
t=46 s=7 time=0.000837
t=46 s=6 time=0.000975
t=46 s=5 time=0.000689
t=47 s=47 time=0.000339
t=47 s=16 time=0.000789
t=47 s=15 time=0.000757
t=47 s=14 time=0.000977
t=47 s=13 time=0.000955
t=47 s=10 time=0.000997
t=47 s=9 time=0.001085
t=48 s=48 time=0.000583
t=48 s=15 time=0.00087
t=48 s=12 time=0.000828
t=48 s=11 time=0.000883
t=48 s=9 time=0.000895
t=48 s=8 time=0.00084
t=48 s=7 time=0.000841
t=48 s=6 time=0.000749
t=48 s=4 time=0.000504
t=48 s=3 time=0.000398
t=49 s=49 time=0.000405
t=49 s=16 time=0.000803
t=49 s=13 time=0.000845
t=49 s=12 time=0.000875
t=49 s=7 time=0.000978
t=49 s=5 time=0.000729
t=49 s=4 time=0.000541
t=50 s=50 time=0.000406
t=50 s=17 time=0.000957
t=50 s=14 time=0.000824
t=50 s=13 time=0.000892
t=50 s=10 time=0.001015
t=50 s=8 time=0.001041
t=50 s=6 time=0.000949
t=50 s=5 time=0.000998
t=51 s=51 time=0.000586
t=51 s=12 time=0.000937
t=51 s=11 time=0.001014
t=51 s=10 time=0.001011
t=51 s=9 time=0.000917
t=51 s=6 time=0.000911
t=52 s=52 time=0.000413
t=52 s=18 time=0.000861
t=52 s=17 time=0.000832
t=52 s=13 time=0.000947
t=52 s=12 time=0.000957
t=52 s=11 time=0.000986
t=52 s=7 time=0.000955
t=52 s=6 time=0.000961
t=52 s=5 time=0.000635
t=52 s=4 time=0.000479
t=53 s=53 time=0.000346
t=53 s=18 time=0.000787
t=53 s=14 time=0.001076
t=53 s=13 time=0.001114
t=53 s=7 time=0.001067
t=53 s=6 time=0.001031
t=53 s=5 time=0.000891
t=54 s=54 time=0.000432
t=54 s=19 time=0.000901
t=54 s=16 time=0.000899
t=54 s=15 time=0.001071
t=54 s=12 time=0.00118
t=54 s=11 time=0.001187
t=54 s=10 time=0.001145
t=54 s=9 time=0.001058
t=54 s=8 time=0.00118
t=54 s=7 time=0.001161
t=54 s=6 time=0.001345
t=54 s=5 time=0.000927
t=54 s=4 time=0.000569
t=55 s=55 time=0.000424
t=55 s=17 time=0.000882
t=55 s=16 time=0.001044
t=55 s=13 time=0.001043
t=55 s=12 time=0.001034
t=55 s=8 time=0.001727
t=55 s=7 time=0.001576
t=55 s=6 time=0.001481
[38;2;000;128;000mTime: 0.180778s (2025-04-15 14:14:00)
[0m