cmd: ./ss reset_ss diag
Logging start at 2025-08-21 16:32:39
cccccmd: ./ss reset_ss diag
Logging start at 2025-08-21 16:34:16
cccccmd: ./ss reset_ss diag
Logging start at 2025-08-21 16:46:57
cccccmd: ./ss reset_ss diag
Logging start at 2025-08-21 16:50:20
cccccmd: ./ss reset_ss diag
Logging start at 2025-08-21 16:51:07
cccmd: ./ss reset_ss diag
Logging start at 2025-08-21 16:52:50
cccmd: ./ss reset_ss diag
Logging start at 2025-08-21 16:53:41
ccmd: ./ss reset_ss diag
Logging start at 2025-08-21 16:55:00
ccmd: ./ss reset diag
Logging start at 2025-08-21 16:55:46
Time: 0.044986s (2025-08-21 16:55:46)

ccmd: ./ss reset diag
Logging start at 2025-08-21 16:56:33
Time: 0.029059s (2025-08-21 16:56:33)

cmd: ./ss plot_ss diag
Logging start at 2025-08-21 16:56:33
Time: 0.021891s (2025-08-21 16:56:33)

cmd: ./ss reset diag
Logging start at 2025-08-21 16:57:52
Time: 0.043363s (2025-08-21 16:57:52)

cmd: ./ss deduce auto diag num=3
Logging start at 2025-08-21 16:57:52
Time: 0.087384s (2025-08-21 16:57:52)

cmd: ./ss plot_ss diag
Logging start at 2025-08-21 16:57:52
Time: 0.025886s (2025-08-21 16:57:52)

cmd: ./ss reset diag
Logging start at 2025-08-21 17:00:11
Time: 0.04415s (2025-08-21 17:00:11)

cmd: ./ss deduce auto diag num=3
Logging start at 2025-08-21 17:00:11
Time: 0.088591s (2025-08-21 17:00:11)

cmd: ./ss plot_ss diag
Logging start at 2025-08-21 17:00:11
Time: 0.027379s (2025-08-21 17:00:11)

ccccccccccccccccccccmd: ./ss reset diag
Logging start at 2025-08-22 17:12:26
Time: 0.026017s (2025-08-22 17:12:26)

cmd: ./ss deduce auto diag num=3
Logging start at 2025-08-22 17:12:26
Time: 0.02529s (2025-08-22 17:12:26)

cmd: ./ss plot_ss diag
Logging start at 2025-08-22 17:12:26
Time: 0.015487s (2025-08-22 17:12:26)

cmd: ./ss reset
Logging start at 2025-08-25 16:41:19
ccmd: ./ss plot_ss
Logging start at 2025-08-25 16:41:19
ccccmd: ./ss reset
Logging start at 2025-08-25 16:55:03
ccmd: ./ss plot_ss
Logging start at 2025-08-25 16:55:03
ccccmd: ./ss reset
Logging start at 2025-08-25 16:57:41
ccmd: ./ss plot_ss
Logging start at 2025-08-25 16:57:41
cmd: ./ss reset
Logging start at 2025-08-25 16:58:05
ccmd: ./ss plot_ss
Logging start at 2025-08-25 16:58:05
cmd: ./ss reset
Logging start at 2025-08-25 16:58:57
ccmd: ./ss plot_ss
Logging start at 2025-08-25 16:58:57
ccccccccmd: ./ss deduce auto diag num=3
Logging start at 2025-08-27 15:05:51
Time: 0.696189s (2025-08-27 15:05:51)

cmd: ./ss plot_ss diag
Logging start at 2025-08-27 15:05:51
Time: 0.056881s (2025-08-27 15:05:51)

cmd: ./ss add_diff S0 15 2 3 0 0 diag
Logging start at 2025-08-27 15:07:16
Time: 0.026884s (2025-08-27 15:07:16)

cmd: ./ss add_diff S0 15 1 2 0 0 diag
Logging start at 2025-08-27 15:07:16
Time: 0.025108s (2025-08-27 15:07:16)

cmd: ./ss add_diff S0 30 6 3 0 0 diag
Logging start at 2025-08-27 15:07:16
Time: 0.024875s (2025-08-27 15:07:16)

cmd: ./ss add_diff S0 31 1 2 0 0 diag
Logging start at 2025-08-27 15:07:16
Time: 0.026371s (2025-08-27 15:07:16)

cmd: ./ss add_diff S0 31 4 3 0 0 diag
Logging start at 2025-08-27 15:07:16
Time: 0.022471s (2025-08-27 15:07:16)

cmd: ./ss add_diff S0 31 8 3 1 0 diag
Logging start at 2025-08-27 15:07:16
Time: 0.020262s (2025-08-27 15:07:16)

cmd: ./ss add_diff S0 32 9 4 0 0 diag
Logging start at 2025-08-27 15:07:16
Time: 0.023025s (2025-08-27 15:07:16)

cmd: ./ss add_diff S0 34 2 3 0 0 diag
Logging start at 2025-08-27 15:07:16
Time: 0.022389s (2025-08-27 15:07:16)

cmd: ./ss add_diff S0 38 4 3 0 0 diag
Logging start at 2025-08-27 15:07:16
Time: 0.022373s (2025-08-27 15:07:16)

cmd: ./ss add_diff S0 38 2 4 0 0 diag
Logging start at 2025-08-27 15:07:16
Time: 0.024752s (2025-08-27 15:07:16)

cmd: ./ss add_diff S0 37 8 4 0 0 diag
Logging start at 2025-08-27 15:07:16
Time: 0.02432s (2025-08-27 15:07:16)

cmd: ./ss add_diff mo9 9 0 2 0 0 diag
Logging start at 2025-08-27 15:07:16
Time: 0.022068s (2025-08-27 15:07:16)

cmd: ./ss add_diff mo9 18 1 2 0 0 diag
Logging start at 2025-08-27 15:07:16
Time: 0.020853s (2025-08-27 15:07:16)

cmd: ./ss add_diff mo9 17 4 2 1 0 diag
Logging start at 2025-08-27 15:07:16
Time: 0.021017s (2025-08-27 15:07:16)

cmd: ./ss add_diff mo9 18 5 3 0,1 0 diag
Logging start at 2025-08-27 15:07:16
Time: 0.022301s (2025-08-27 15:07:16)

cmd: ./ss add_diff mo9 20 6 3 0 0 diag
Logging start at 2025-08-27 15:07:16
Time: 0.022213s (2025-08-27 15:07:16)

ccmd: ./ss deduce auto diag num=3
Logging start at 2025-08-27 15:07:40
Time: 0.45637s (2025-08-27 15:07:40)

cmd: ./ss plot_ss diag
Logging start at 2025-08-27 15:07:48
Time: 0.05838s (2025-08-27 15:07:49)

ccmd: ./ss deduce auto diag flags=zero num=3
Logging start at 2025-08-27 15:23:45
Time: 0.553512s (2025-08-27 15:23:46)

cmd: ./ss deduce auto diag flags=syn num=3
Logging start at 2025-08-27 15:23:55
Time: 0.18072s (2025-08-27 15:23:55)

cmd: ./ss deduce auto diag flags=pullback num=3
Logging start at 2025-08-27 15:24:04
Time: 0.114252s (2025-08-27 15:24:04)

cmd: ./ss deduce auto diag flags=zero num=3
Logging start at 2025-08-27 15:24:10
Time: 0.195849s (2025-08-27 15:24:10)

cmd: ./ss deduce auto diag num=3
Logging start at 2025-08-27 15:24:15
Time: 0.115691s (2025-08-27 15:24:15)

cmd: ./ss deduce auto diag num=3
Logging start at 2025-08-27 15:24:16
Time: 0.093319s (2025-08-27 15:24:17)

ccmd: ./ss plot_ss diag
Logging start at 2025-08-27 15:24:40
Time: 0.064579s (2025-08-27 15:24:40)

ccmd: ./ss deduce auto diag num=3
Logging start at 2025-08-28 09:19:04
Time: 1.653284s (2025-08-28 09:19:05)

cmd: ./ss plot_ss diag
Logging start at 2025-08-28 09:19:05
Time: 0.103171s (2025-08-28 09:19:06)

cmd: ./ss add_diff S0 15 2 3 0 0 diag
Logging start at 2025-08-28 09:22:08
Time: 0.100989s (2025-08-28 09:22:08)

cmd: ./ss add_diff S0 15 1 2 0 0 diag
Logging start at 2025-08-28 09:22:08
Time: 0.05571s (2025-08-28 09:22:08)

cmd: ./ss add_diff S0 30 6 3 0 0 diag
Logging start at 2025-08-28 09:22:08
Time: 0.054331s (2025-08-28 09:22:08)

cmd: ./ss add_diff S0 31 1 2 0 0 diag
Logging start at 2025-08-28 09:22:08
Time: 0.054037s (2025-08-28 09:22:08)

cmd: ./ss add_diff S0 31 4 3 0 0 diag
Logging start at 2025-08-28 09:22:08
Time: 0.052803s (2025-08-28 09:22:08)

cmd: ./ss add_diff S0 31 8 3 1 0 diag
Logging start at 2025-08-28 09:22:08
Time: 0.050308s (2025-08-28 09:22:08)

cmd: ./ss add_diff S0 32 9 4 0 0 diag
Logging start at 2025-08-28 09:22:08
Time: 0.054413s (2025-08-28 09:22:08)

cmd: ./ss add_diff S0 34 2 3 0 0 diag
Logging start at 2025-08-28 09:22:08
Time: 0.053127s (2025-08-28 09:22:09)

cmd: ./ss add_diff S0 38 4 3 0 0 diag
Logging start at 2025-08-28 09:22:09
Time: 0.05453s (2025-08-28 09:22:09)

cmd: ./ss add_diff S0 38 2 4 0 0 diag
Logging start at 2025-08-28 09:22:09
Time: 0.054199s (2025-08-28 09:22:09)

cmd: ./ss add_diff S0 37 8 4 0 0 diag
Logging start at 2025-08-28 09:22:09
Time: 0.05592s (2025-08-28 09:22:09)

cmd: ./ss add_diff mo9 9 0 2 0 0 diag
Logging start at 2025-08-28 09:22:09
Time: 0.054074s (2025-08-28 09:22:09)

cmd: ./ss add_diff mo9 18 1 2 0 0 diag
Logging start at 2025-08-28 09:22:09
Time: 0.05391s (2025-08-28 09:22:09)

cmd: ./ss add_diff mo9 17 4 2 1 0 diag
Logging start at 2025-08-28 09:22:09
Time: 0.054754s (2025-08-28 09:22:09)

cmd: ./ss add_diff mo9 18 5 3 0,1 0 diag
Logging start at 2025-08-28 09:22:09
Time: 0.052059s (2025-08-28 09:22:09)

cmd: ./ss add_diff mo9 20 6 3 0 0 diag
Logging start at 2025-08-28 09:22:09
Time: 0.050859s (2025-08-28 09:22:09)

ccmd: ./ss add_diff mo8 20 0 2 0 0 diag
Logging start at 2025-08-28 09:22:09
Time: 0.056284s (2025-08-28 09:22:09)

cmd: ./ss deduce auto diag num=3
Logging start at 2025-08-28 09:22:46
Time: 0.88224s (2025-08-28 09:22:47)

cmd: ./ss deduce auto diag num=3
Logging start at 2025-08-28 09:22:48
Time: 0.363506s (2025-08-28 09:22:49)

cmd: ./ss deduce auto diag num=3
Logging start at 2025-08-28 09:22:50
Time: 0.198233s (2025-08-28 09:22:50)

cmd: ./ss deduce auto diag flags=zero num=3
Logging start at 2025-08-28 09:22:54
Time: 2.431308s (2025-08-28 09:22:57)

cmd: ./ss deduce auto diag flags=zero num=3
Logging start at 2025-08-28 09:22:58
Time: 1.270497s (2025-08-28 09:23:00)

cmd: ./ss deduce auto diag flags=zero num=3
Logging start at 2025-08-28 09:23:01
Time: 0.6751s (2025-08-28 09:23:02)

cmd: ./ss deduce auto diag flags=syn num=3
Logging start at 2025-08-28 09:23:06
Time: 0.199774s (2025-08-28 09:23:06)

cmd: ./ss deduce auto diag flags=pullback num=3
Logging start at 2025-08-28 09:23:37
Time: 0.216388s (2025-08-28 09:23:38)

ccmd: ./ss plot_ss diag
Logging start at 2025-08-28 09:23:49
Time: 0.110103s (2025-08-28 09:23:49)

cmd: ./ss reset_ss diag
Logging start at 2025-09-28 21:24:47
cccccmd: ./ss reset_ss diag
Logging start at 2025-09-28 22:53:09
ccmd: ./ss add_diff S0 15 2 3 0 0 diag
Logging start at 2025-09-28 22:55:26
Time: 0.022672s (2025-09-28 22:55:26)

cmd: ./ss add_diff S0 15 1 2 0 0 diag
Logging start at 2025-09-28 22:55:26
Time: 0.018917s (2025-09-28 22:55:26)

cmd: ./ss add_diff S0 30 6 3 0 0 diag
Logging start at 2025-09-28 22:55:26
Time: 0.017125s (2025-09-28 22:55:26)

cmd: ./ss add_diff S0 31 1 2 0 0 diag
Logging start at 2025-09-28 22:55:26
Time: 0.017468s (2025-09-28 22:55:26)

cmd: ./ss add_diff S0 31 4 3 0 0 diag
Logging start at 2025-09-28 22:55:26
Time: 0.015075s (2025-09-28 22:55:26)

cmd: ./ss add_diff S0 31 8 3 1 0 diag
Logging start at 2025-09-28 22:55:26
Time: 0.014307s (2025-09-28 22:55:26)

cmd: ./ss add_diff S0 32 9 4 0 0 diag
Logging start at 2025-09-28 22:55:26
Time: 0.013765s (2025-09-28 22:55:26)

cmd: ./ss add_diff S0 34 2 3 0 0 diag
Logging start at 2025-09-28 22:55:26
Time: 0.013289s (2025-09-28 22:55:26)

cmd: ./ss add_diff S0 38 4 3 0 0 diag
Logging start at 2025-09-28 22:55:26
Time: 0.013956s (2025-09-28 22:55:26)

cmd: ./ss add_diff S0 38 2 4 0 0 diag
Logging start at 2025-09-28 22:55:26
Time: 0.01402s (2025-09-28 22:55:26)

cmd: ./ss add_diff S0 37 8 4 0 0 diag
Logging start at 2025-09-28 22:55:26
Time: 0.01343s (2025-09-28 22:55:26)

cmd: ./ss add_diff mo9 9 0 2 0 0 diag
Logging start at 2025-09-28 22:55:26
Time: 0.013426s (2025-09-28 22:55:26)

cmd: ./ss add_diff mo9 18 1 2 0 0 diag
Logging start at 2025-09-28 22:55:26
Time: 0.013226s (2025-09-28 22:55:26)

cmd: ./ss add_diff mo9 17 4 2 1 0 diag
Logging start at 2025-09-28 22:55:26
Time: 0.013359s (2025-09-28 22:55:26)

cmd: ./ss add_diff mo9 18 5 3 0,1 0 diag
Logging start at 2025-09-28 22:55:26
Time: 0.013529s (2025-09-28 22:55:26)

cmd: ./ss add_diff mo9 20 6 3 0 0 diag
Logging start at 2025-09-28 22:55:26
Time: 0.013609s (2025-09-28 22:55:26)

cmd: ./ss add_diff mo9 36 14 3 0 0 diag
Logging start at 2025-09-28 22:55:26
Time: 0.013336s (2025-09-28 22:55:26)

cmd: ./ss deduce auto diag num=3
Logging start at 2025-09-28 22:56:13
Time: 0.229722s (2025-09-28 22:56:14)

cmd: ./ss deduce auto diag num=3
Logging start at 2025-09-28 22:56:16
Time: 0.1003s (2025-09-28 22:56:17)

cmd: ./ss deduce auto diag num=3
Logging start at 2025-09-28 22:56:18
Time: 0.064122s (2025-09-28 22:56:18)

cmd: ./ss deduce auto diag flags=zero num=3
Logging start at 2025-09-28 22:56:36
Time: 0.212941s (2025-09-28 22:56:36)

cmd: ./ss deduce auto diag flags=zero num=3
Logging start at 2025-09-28 22:56:38
Time: 0.138843s (2025-09-28 22:56:38)

cmd: ./ss deduce auto diag flags=zero num=3
Logging start at 2025-09-28 22:56:39
Time: 0.086652s (2025-09-28 22:56:39)

cmd: ./ss deduce auto diag flags=syn num=3
Logging start at 2025-09-28 22:56:45
Time: 0.058807s (2025-09-28 22:56:45)

cmd: ./ss deduce auto diag flags=pullback num=3
Logging start at 2025-09-28 22:56:52
Time: 0.06345s (2025-09-28 22:56:52)

cccccccccccccccccccccccccmd: ./ss plot_ss diag
Logging start at 2025-09-28 23:33:18
Time: 0.062884s (2025-09-28 23:33:18)

ccmd: ./ss add_diff mo9 24 2 3 0 0 diag
Logging start at 2025-09-29 11:55:07
Time: 0.02729s (2025-09-29 11:55:07)

ccmd: ./ss deduce auto diag num=3
Logging start at 2025-09-29 11:55:23
Time: 0.119243s (2025-09-29 11:55:23)

cmd: ./ss deduce auto diag num=3
Logging start at 2025-09-29 11:55:25
Time: 0.062112s (2025-09-29 11:55:25)

cmd: ./ss deduce auto diag flags=zero num=3
Logging start at 2025-09-29 11:55:38
Time: 0.087638s (2025-09-29 11:55:38)

cmd: ./ss deduce auto diag flags=syn num=3
Logging start at 2025-09-29 11:55:43
Time: 0.063169s (2025-09-29 11:55:43)

cmd: ./ss deduce auto diag flags=pullback num=3
Logging start at 2025-09-29 11:55:47
Time: 0.063986s (2025-09-29 11:55:47)

cmd: ./ss plot_ss diag
Logging start at 2025-09-29 11:56:07
Time: 0.05167s (2025-09-29 11:56:07)

cmd: ./ss reset_ss diag
Logging start at 2025-10-04 15:37:48
cccmd: ./ss reset_ss diag
Logging start at 2025-10-04 15:40:49
cccmd: ./ss reset_ss diag
Logging start at 2025-10-04 15:42:36
cmd: ./ss reset_ss diag
Logging start at 2025-10-04 15:42:42
ccmd: ./ss deduce auto diag num=3
Logging start at 2025-10-04 15:43:12
Time: 0.348906s (2025-10-04 15:43:12)

cmd: ./ss deduce auto diag flags=syn num=3
Logging start at 2025-10-04 15:43:19
Time: 0.122941s (2025-10-04 15:43:19)

cmd: ./ss deduce auto diag flags=zero num=3
Logging start at 2025-10-04 15:43:23
Time: 0.237484s (2025-10-04 15:43:23)

cmd: ./ss deduce auto diag flags=pullback num=3
Logging start at 2025-10-04 15:43:32
Time: 0.160924s (2025-10-04 15:43:32)

cmd: ./ss deduce auto diag num=3
Logging start at 2025-10-04 15:43:36
Time: 0.122909s (2025-10-04 15:43:36)

cmd: ./ss plot diag
Logging start at 2025-10-04 15:43:50
cmd: ./ss plot_ss diag
Logging start at 2025-10-04 15:43:53
Time: 0.054766s (2025-10-04 15:43:53)

cmd: ./ss add_diff S0 15 2 3 0 0 diag
Logging start at 2025-10-04 15:51:03
Time: 0.031661s (2025-10-04 15:51:03)

cmd: ./ss add_diff S0 15 1 2 0 0 diag
Logging start at 2025-10-04 15:51:03
Time: 0.0208s (2025-10-04 15:51:03)

cmd: ./ss add_diff S0 30 6 3 0 0 diag
Logging start at 2025-10-04 15:51:03
Time: 0.019222s (2025-10-04 15:51:03)

cmd: ./ss add_diff S0 31 1 2 0 0 diag
Logging start at 2025-10-04 15:51:03
Time: 0.017095s (2025-10-04 15:51:03)

cmd: ./ss add_diff S0 31 4 3 0 0 diag
Logging start at 2025-10-04 15:51:03
Time: 0.015928s (2025-10-04 15:51:03)

cmd: ./ss add_diff S0 31 8 3 1 0 diag
Logging start at 2025-10-04 15:51:03
Time: 0.013828s (2025-10-04 15:51:03)

cmd: ./ss add_diff S0 32 9 4 0 0 diag
Logging start at 2025-10-04 15:51:03
Time: 0.015136s (2025-10-04 15:51:03)

cmd: ./ss add_diff S0 34 2 3 0 0 diag
Logging start at 2025-10-04 15:51:03
Time: 0.014268s (2025-10-04 15:51:03)

cmd: ./ss add_diff S0 38 4 3 0 0 diag
Logging start at 2025-10-04 15:51:03
Time: 0.015301s (2025-10-04 15:51:03)

cmd: ./ss add_diff S0 38 2 4 0 0 diag
Logging start at 2025-10-04 15:51:03
Time: 0.014442s (2025-10-04 15:51:03)

cmd: ./ss add_diff S0 37 8 4 0 0 diag
Logging start at 2025-10-04 15:51:03
Time: 0.015318s (2025-10-04 15:51:03)

cmd: ./ss add_diff mo9 9 0 2 0 0 diag
Logging start at 2025-10-04 15:51:03
Time: 0.013582s (2025-10-04 15:51:03)

cmd: ./ss add_diff mo9 18 1 2 0 0 diag
Logging start at 2025-10-04 15:51:03
Time: 0.013744s (2025-10-04 15:51:03)

cmd: ./ss add_diff mo9 17 4 2 1 0 diag
Logging start at 2025-10-04 15:51:03
Time: 0.013702s (2025-10-04 15:51:03)

cmd: ./ss add_diff mo9 18 5 3 0,1 0 diag
Logging start at 2025-10-04 15:51:03
Time: 0.013494s (2025-10-04 15:51:03)

cmd: ./ss add_diff mo9 20 6 3 0 0 diag
Logging start at 2025-10-04 15:51:03
Time: 0.013403s (2025-10-04 15:51:03)

cmd: ./ss add_diff mo9 36 14 3 0 0 diag
Logging start at 2025-10-04 15:51:03
Time: 0.013588s (2025-10-04 15:51:03)

cmd: ./ss deduce auto diag num=3
Logging start at 2025-10-04 15:51:14
Time: 0.196296s (2025-10-04 15:51:15)

cmd: ./ss deduce auto diag num=3
Logging start at 2025-10-04 15:51:16
Time: 0.099776s (2025-10-04 15:51:16)

cmd: ./ss deduce auto diag num=3
Logging start at 2025-10-04 15:51:17
Time: 0.068185s (2025-10-04 15:51:17)

cmd: ./ss deduce auto diag flags=zero num=3
Logging start at 2025-10-04 15:51:21
Time: 0.217169s (2025-10-04 15:51:22)

cmd: ./ss deduce auto diag flags=zero num=3
Logging start at 2025-10-04 15:51:23
Time: 0.137905s (2025-10-04 15:51:23)

cmd: ./ss deduce auto diag flags=zero num=3
Logging start at 2025-10-04 15:51:24
Time: 0.09184s (2025-10-04 15:51:24)

cmd: ./ss deduce auto diag flags=syn num=3
Logging start at 2025-10-04 15:51:28
Time: 0.06073s (2025-10-04 15:51:28)

cmd: ./ss deduce auto diag flags=syn num=3
Logging start at 2025-10-04 15:51:29
Time: 0.065692s (2025-10-04 15:51:29)

cmd: ./ss deduce auto diag flags=pullback num=3
Logging start at 2025-10-04 15:51:32
Time: 0.062213s (2025-10-04 15:51:32)

cmd: ./ss deduce auto diag flags=pullback num=3
Logging start at 2025-10-04 15:51:33
Time: 0.068103s (2025-10-04 15:51:33)

cmd: ./ss plot_ss diag
Logging start at 2025-10-04 15:51:38
Time: 0.052558s (2025-10-04 15:51:38)

cmd: ./ss add_diff 24 5 4 0 0 diag
Logging start at 2025-10-04 15:53:02
cmd: ./ss add_diff mo9 24 5 4 0 0 diag
Logging start at 2025-10-04 15:53:14
Time: 0.031371s (2025-10-04 15:53:14)

cmd: ./ss deduce auto diag flags=pullback num=3
Logging start at 2025-10-04 15:53:18
Time: 0.112084s (2025-10-04 15:53:19)

cmd: ./ss deduce auto diag flags=pullback num=3
Logging start at 2025-10-04 15:53:20
Time: 0.064217s (2025-10-04 15:53:20)

cmd: ./ss deduce auto diag flags=zero num=3
Logging start at 2025-10-04 15:53:25
Time: 0.086192s (2025-10-04 15:53:25)

cmd: ./ss deduce auto diag flags=zero num=3
Logging start at 2025-10-04 15:53:26
Time: 0.088965s (2025-10-04 15:53:26)

cmd: ./ss deduce auto diag flags=pullback num=3
Logging start at 2025-10-04 15:53:27
Time: 0.063585s (2025-10-04 15:53:27)

cmd: ./ss deduce auto diag flags=syn num=3
Logging start at 2025-10-04 15:53:31
Time: 0.06246s (2025-10-04 15:53:31)

cmd: ./ss deduce auto diag flags=syn num=3
Logging start at 2025-10-04 15:53:33
Time: 0.060425s (2025-10-04 15:53:33)

cmd: ./ss deduce auto diag num=3
Logging start at 2025-10-04 15:53:36
Time: 0.058929s (2025-10-04 15:53:36)

cmd: ./ss plot_ss diag
Logging start at 2025-10-04 15:53:41
Time: 0.058059s (2025-10-04 15:53:41)

ccmd: ./ss deduce auto diag num=3
Logging start at 2025-10-27 20:18:07
Time: 0.339667s (2025-10-27 20:18:07)

cmd: ./ss plot_ss diag
Logging start at 2025-10-27 20:18:07
Time: 0.034356s (2025-10-27 20:18:07)

ccmd: ./ss deduce auto diag num=3
Logging start at 2025-10-29 20:48:37
Time: 0.439966s (2025-10-29 20:48:37)

cmd: ./ss plot_ss diag
Logging start at 2025-10-29 20:48:37
Time: 0.053667s (2025-10-29 20:48:37)

cmd: ./ss add_diff S0 15 2 3 0 0 diag
Logging start at 2025-10-29 20:49:49
Time: 0.047043s (2025-10-29 20:49:49)

cmd: ./ss add_diff S0 15 1 2 0 0 diag
Logging start at 2025-10-29 20:49:49
Time: 0.028845s (2025-10-29 20:49:49)

cmd: ./ss add_diff S0 30 6 3 0 0 diag
Logging start at 2025-10-29 20:49:49
Time: 0.027877s (2025-10-29 20:49:49)

cmd: ./ss add_diff S0 31 1 2 0 0 diag
Logging start at 2025-10-29 20:49:49
Time: 0.026549s (2025-10-29 20:49:49)

cmd: ./ss add_diff S0 31 4 3 0 0 diag
Logging start at 2025-10-29 20:49:49
Time: 0.026134s (2025-10-29 20:49:50)

cmd: ./ss add_diff S0 31 8 3 1 0 diag
Logging start at 2025-10-29 20:49:50
Time: 0.02317s (2025-10-29 20:49:50)

cmd: ./ss add_diff S0 32 9 4 0 0 diag
Logging start at 2025-10-29 20:49:50
Time: 0.026805s (2025-10-29 20:49:50)

cmd: ./ss add_diff S0 34 2 3 0 0 diag
Logging start at 2025-10-29 20:49:50
Time: 0.025822s (2025-10-29 20:49:50)

cmd: ./ss add_diff S0 38 4 3 0 0 diag
Logging start at 2025-10-29 20:49:50
Time: 0.025785s (2025-10-29 20:49:50)

cmd: ./ss add_diff S0 38 2 4 0 0 diag
Logging start at 2025-10-29 20:49:50
Time: 0.025396s (2025-10-29 20:49:50)

cmd: ./ss add_diff S0 37 8 4 0 0 diag
Logging start at 2025-10-29 20:49:50
Time: 0.025967s (2025-10-29 20:49:50)

cmd: ./ss add_diff mo9 9 0 2 0 0 diag
Logging start at 2025-10-29 20:49:50
Time: 0.023723s (2025-10-29 20:49:50)

cmd: ./ss add_diff mo9 18 1 2 0 0 diag
Logging start at 2025-10-29 20:49:50
Time: 0.023001s (2025-10-29 20:49:50)

cmd: ./ss add_diff mo9 17 4 2 1 0 diag
Logging start at 2025-10-29 20:49:50
Time: 0.023035s (2025-10-29 20:49:50)

cmd: ./ss add_diff mo9 18 5 3 0,1 0 diag
Logging start at 2025-10-29 20:49:50
Time: 0.024396s (2025-10-29 20:49:50)

cmd: ./ss add_diff mo9 20 6 3 0 0 diag
Logging start at 2025-10-29 20:49:50
Time: 0.023608s (2025-10-29 20:49:50)

cmd: ./ss add_diff mo9 36 14 3 0 0 diag
Logging start at 2025-10-29 20:49:50
cmd: ./ss add_diff mo9 36 14 3 0 0 diag
Logging start at 2025-10-29 20:50:04
cmd: ./ss deduce auto diag num=3
Logging start at 2025-10-29 20:50:27
Time: 0.237088s (2025-10-29 20:50:27)

cmd: ./ss deduce auto diag num=3
Logging start at 2025-10-29 20:50:29
Time: 0.175488s (2025-10-29 20:50:29)

cmd: ./ss deduce auto diag num=3
Logging start at 2025-10-29 20:50:30
Time: 0.093753s (2025-10-29 20:50:30)

cmd: ./ss plot_ss diag
Logging start at 2025-10-29 20:50:39
Time: 0.079394s (2025-10-29 20:50:39)

cmd: ./ss add_diff S0 40 4 9999  diag
Logging start at 2025-10-29 20:55:35
cmd: ./ss add_diff S0 40 4 9999   diag
Logging start at 2025-10-29 20:55:50
Time: 0.054174s (2025-10-29 20:55:50)

cmd: ./ss deduce auto diag num=3
Logging start at 2025-10-29 20:56:16
Time: 0.081566s (2025-10-29 20:56:16)

cmd: ./ss plot_ss diag
Logging start at 2025-10-29 20:56:26
Time: 0.088212s (2025-10-29 20:56:27)

cmd: ./ss add_diff S0 40 4 9999  diag
Logging start at 2025-10-29 20:57:12
cmd: ./ss add_diff S0 40 4 3   diag
Logging start at 2025-10-29 20:57:25
Time: 0.044995s (2025-10-29 20:57:25)

cmd: ./ss add_diff mo10 10 0 3 0 0 diag
Logging start at 2025-10-29 21:03:58
Time: 0.058296s (2025-10-29 21:03:58)

ccmd: ./ss deduce auto diag num=3
Logging start at 2025-10-29 21:04:10
Time: 0.086862s (2025-10-29 21:04:10)

cmd: ./ss deduce auto diag num=3
Logging start at 2025-10-29 21:04:12
Time: 0.087833s (2025-10-29 21:04:12)

cmd: ./ss plot_ss diag
Logging start at 2025-10-29 21:04:16
Time: 0.082104s (2025-10-29 21:04:16)

ccmd: ./ss deduce auto diag num=3
Logging start at 2025-10-29 21:04:42
Time: 0.460191s (2025-10-29 21:04:42)

cmd: ./ss deduce auto diag num=3
Logging start at 2025-10-29 21:04:44
Time: 0.153387s (2025-10-29 21:04:45)

cmd: ./ss plot_ss diag
Logging start at 2025-10-29 21:04:55
Time: 0.070139s (2025-10-29 21:04:55)

cmd: ./ss add_diff S0 15 2 3 0 0 diag
Logging start at 2025-10-29 21:06:29
Time: 0.048829s (2025-10-29 21:06:29)

cmd: ./ss add_diff S0 15 1 2 0 0 diag
Logging start at 2025-10-29 21:06:29
Time: 0.031449s (2025-10-29 21:06:29)

cmd: ./ss add_diff S0 30 6 3 0 0 diag
Logging start at 2025-10-29 21:06:29
Time: 0.028907s (2025-10-29 21:06:29)

cmd: ./ss add_diff S0 31 1 2 0 0 diag
Logging start at 2025-10-29 21:06:29
Time: 0.02735s (2025-10-29 21:06:29)

cmd: ./ss add_diff S0 31 4 3 0 0 diag
Logging start at 2025-10-29 21:06:29
Time: 0.026349s (2025-10-29 21:06:29)

cmd: ./ss add_diff S0 31 8 3 1 0 diag
Logging start at 2025-10-29 21:06:29
Time: 0.022615s (2025-10-29 21:06:29)

cmd: ./ss add_diff S0 32 9 4 0 0 diag
Logging start at 2025-10-29 21:06:29
Time: 0.02617s (2025-10-29 21:06:29)

cmd: ./ss add_diff S0 34 2 3 0 0 diag
Logging start at 2025-10-29 21:06:29
Time: 0.025217s (2025-10-29 21:06:29)

cmd: ./ss add_diff S0 38 4 3 0 0 diag
Logging start at 2025-10-29 21:06:29
Time: 0.027051s (2025-10-29 21:06:30)

cmd: ./ss add_diff S0 38 2 4 0 0 diag
Logging start at 2025-10-29 21:06:30
Time: 0.025485s (2025-10-29 21:06:30)

cmd: ./ss add_diff S0 37 8 4 0 0 diag
Logging start at 2025-10-29 21:06:30
Time: 0.02655s (2025-10-29 21:06:30)

cmd: ./ss add_diff S0 40 4 9999  diag
Logging start at 2025-10-29 21:06:30
cmd: ./ss add_diff mo9 9 0 2 0 0 diag
Logging start at 2025-10-29 21:06:30
Time: 0.024469s (2025-10-29 21:06:30)

cmd: ./ss add_diff mo9 18 1 2 0 0 diag
Logging start at 2025-10-29 21:06:30
Time: 0.024216s (2025-10-29 21:06:30)

cmd: ./ss add_diff mo9 17 4 2 1 0 diag
Logging start at 2025-10-29 21:06:30
Time: 0.024609s (2025-10-29 21:06:30)

cmd: ./ss add_diff mo9 18 5 3 0,1 0 diag
Logging start at 2025-10-29 21:06:30
Time: 0.023524s (2025-10-29 21:06:30)

cmd: ./ss add_diff mo9 20 6 3 0 0 diag
Logging start at 2025-10-29 21:06:30
Time: 0.023761s (2025-10-29 21:06:30)

cmd: ./ss add_diff mo9 36 14 3 0 0 diag
Logging start at 2025-10-29 21:06:30
cmd: ./ss deduce auto diag num=3
Logging start at 2025-10-29 21:06:43
Time: 0.243095s (2025-10-29 21:06:43)

cmd: ./ss deduce auto diag num=3
Logging start at 2025-10-29 21:06:44
Time: 0.184552s (2025-10-29 21:06:44)

cmd: ./ss deduce auto diag num=3
Logging start at 2025-10-29 21:06:46
Time: 0.091425s (2025-10-29 21:06:46)

cmd: ./ss plot_ss diag
Logging start at 2025-10-29 21:06:54
Time: 0.079528s (2025-10-29 21:06:55)

cmd: ./ss add_diff mo10 10 0 3 0 0 diag
Logging start at 2025-10-29 21:07:19
Time: 0.04574s (2025-10-29 21:07:19)

cmd: ./ss deduce auto diag num=3
Logging start at 2025-10-29 21:07:24
Time: 0.081755s (2025-10-29 21:07:24)

cmd: ./ss plot_ss diag
Logging start at 2025-10-29 21:07:29
Time: 0.074431s (2025-10-29 21:07:29)

cmd: ./ss add_diff mo10 12 1 4 0 0 diag
Logging start at 2025-10-29 21:08:52
Time: 0.04244s (2025-10-29 21:08:52)

cmd: ./ss deduce auto diag num=3
Logging start at 2025-10-29 21:08:55
Time: 0.09063s (2025-10-29 21:08:55)

cmd: ./ss plot_ss diag
Logging start at 2025-10-29 21:09:00
Time: 0.071437s (2025-10-29 21:09:00)

cmd: ./ss add_diff mo12 12 0 5 0 0 diag
Logging start at 2025-10-29 21:10:01
Time: 0.054028s (2025-10-29 21:10:01)

cmd: ./ss add_diff mo12 20 4 5 0 0 diag
Logging start at 2025-10-29 21:10:44
Time: 0.03886s (2025-10-29 21:10:44)

cmd: ./ss add_diff mo12 20 4 5 0 0 diag
Logging start at 2025-10-29 21:11:35
Time: 0.041177s (2025-10-29 21:11:35)

cmd: ./ss add_diff mo12 28 8 5 0 0 diag
Logging start at 2025-10-29 21:11:35
Time: 0.029154s (2025-10-29 21:11:35)

cmd: ./ss deduce auto diag num=3
Logging start at 2025-10-29 21:11:41
Time: 0.184101s (2025-10-29 21:11:41)

cmd: ./ss deduce auto diag num=3
Logging start at 2025-10-29 21:11:42
Time: 0.124879s (2025-10-29 21:11:42)

cmd: ./ss deduce auto diag num=3
Logging start at 2025-10-29 21:11:44
Time: 0.092313s (2025-10-29 21:11:44)

cmd: ./ss plot_ss diag
Logging start at 2025-10-29 21:11:48
Time: 0.078648s (2025-10-29 21:11:48)

cmd: ./ss plot_ss diag
Logging start at 2025-10-30 09:01:01
Time: 0.086319s (2025-10-30 09:01:01)

cmd: ./ss plot_ss diag
Logging start at 2025-10-30 09:02:06
Time: 0.074152s (2025-10-30 09:02:07)

cmd: ./ss plot_ss diag
Logging start at 2025-10-30 09:04:52
Time: 0.072456s (2025-10-30 09:04:52)

ccmd: ./ss deduce auto diag num=3
Logging start at 2025-10-31 07:32:39
Time: 0.617457s (2025-10-31 07:32:40)

cmd: ./ss deduce auto diag num=3
Logging start at 2025-10-31 07:32:41
Time: 0.197475s (2025-10-31 07:32:42)

cmd: ./ss add_diff S0 15 2 3 0 0 diag
Logging start at 2025-10-31 07:32:51
Time: 0.047063s (2025-10-31 07:32:51)

cmd: ./ss add_diff S0 15 1 2 0 0 diag
Logging start at 2025-10-31 07:32:51
Time: 0.032993s (2025-10-31 07:32:51)

cmd: ./ss add_diff S0 30 6 3 0 0 diag
Logging start at 2025-10-31 07:32:51
Time: 0.028973s (2025-10-31 07:32:51)

cmd: ./ss add_diff S0 31 1 2 0 0 diag
Logging start at 2025-10-31 07:32:51
Time: 0.026891s (2025-10-31 07:32:51)

cmd: ./ss add_diff S0 31 4 3 0 0 diag
Logging start at 2025-10-31 07:32:51
Time: 0.027288s (2025-10-31 07:32:51)

cmd: ./ss add_diff S0 31 8 3 1 0 diag
Logging start at 2025-10-31 07:32:51
Time: 0.024203s (2025-10-31 07:32:51)

cmd: ./ss add_diff S0 32 9 4 0 0 diag
Logging start at 2025-10-31 07:32:51
Time: 0.027215s (2025-10-31 07:32:51)

cmd: ./ss add_diff S0 34 2 3 0 0 diag
Logging start at 2025-10-31 07:32:51
Time: 0.026702s (2025-10-31 07:32:51)

cmd: ./ss add_diff S0 38 4 3 0 0 diag
Logging start at 2025-10-31 07:32:51
Time: 0.026929s (2025-10-31 07:32:51)

cmd: ./ss add_diff S0 38 2 4 0 0 diag
Logging start at 2025-10-31 07:32:51
Time: 0.027408s (2025-10-31 07:32:51)

cmd: ./ss add_diff S0 37 8 4 0 0 diag
Logging start at 2025-10-31 07:32:51
Time: 0.027319s (2025-10-31 07:32:51)

cmd: ./ss add_diff S0 40 4 9999  diag
Logging start at 2025-10-31 07:32:51
cmd: ./ss add_diff mo9 9 0 2 0 0 diag
Logging start at 2025-10-31 07:32:51
Time: 0.025909s (2025-10-31 07:32:51)

cmd: ./ss add_diff mo9 18 1 2 0 0 diag
Logging start at 2025-10-31 07:32:51
Time: 0.024844s (2025-10-31 07:32:51)

cmd: ./ss add_diff mo9 17 4 2 1 0 diag
Logging start at 2025-10-31 07:32:51
Time: 0.026114s (2025-10-31 07:32:52)

cmd: ./ss add_diff mo9 18 5 3 0,1 0 diag
Logging start at 2025-10-31 07:32:52
Time: 0.037276s (2025-10-31 07:32:52)

cmd: ./ss add_diff mo9 20 6 3 0 0 diag
Logging start at 2025-10-31 07:32:52
Time: 0.024813s (2025-10-31 07:32:52)

cmd: ./ss add_diff mo9 36 14 3 0 0 diag
Logging start at 2025-10-31 07:32:52
cmd: ./ss add_diff mo8 20 0 2 0 0 diag
Logging start at 2025-10-31 07:33:06
Time: 0.044471s (2025-10-31 07:33:06)

cmd: ./ss add_diff mo10 10 0 3 0 0 diag
Logging start at 2025-10-31 07:33:06
Time: 0.03074s (2025-10-31 07:33:06)

cmd: ./ss add_diff mo10 12 1 4 0 0 diag
Logging start at 2025-10-31 07:33:06
Time: 0.027964s (2025-10-31 07:33:06)

cmd: ./ss add_diff mo12 12 0 5 0 0 diag
Logging start at 2025-10-31 07:33:06
Time: 0.026286s (2025-10-31 07:33:06)

cmd: ./ss add_diff mo12 20 4 5 0 0 diag
Logging start at 2025-10-31 07:33:06
Time: 0.024968s (2025-10-31 07:33:06)

cmd: ./ss add_diff mo12 28 8 5 0 0 diag
Logging start at 2025-10-31 07:33:06
Time: 0.024919s (2025-10-31 07:33:06)

cmd: ./ss deduce auto diag num=3
Logging start at 2025-10-31 07:33:20
Time: 0.368446s (2025-10-31 07:33:21)

cmd: ./ss deduce auto diag num=3
Logging start at 2025-10-31 07:33:22
Time: 0.163839s (2025-10-31 07:33:22)

cmd: ./ss deduce auto diag num=3
Logging start at 2025-10-31 07:33:23
Time: 0.106924s (2025-10-31 07:33:23)

cmd: ./ss plot_ss diag
Logging start at 2025-10-31 07:33:30
Time: 0.087814s (2025-10-31 07:33:30)

ccmd: ./ss deduce auto diag num=3
Logging start at 2025-10-31 09:24:17
Time: 0.708839s (2025-10-31 09:24:17)

cmd: ./ss deduce auto diag num=3
Logging start at 2025-10-31 09:24:20
Time: 0.21692s (2025-10-31 09:24:20)

cmd: ./ss deduce auto diag num=3
Logging start at 2025-10-31 09:24:43
Time: 0.214637s (2025-10-31 09:24:44)

cmd: ./ss add_diff S0 15 2 3 0 0 diag
Logging start at 2025-10-31 09:24:54
Time: 0.04989s (2025-10-31 09:24:54)

cmd: ./ss add_diff S0 15 1 2 0 0 diag
Logging start at 2025-10-31 09:24:54
Time: 0.034204s (2025-10-31 09:24:54)

cmd: ./ss add_diff S0 30 6 3 0 0 diag
Logging start at 2025-10-31 09:24:54
Time: 0.03041s (2025-10-31 09:24:54)

cmd: ./ss add_diff S0 31 1 2 0 0 diag
Logging start at 2025-10-31 09:24:54
Time: 0.02923s (2025-10-31 09:24:54)

cmd: ./ss add_diff S0 31 4 3 0 0 diag
Logging start at 2025-10-31 09:24:54
Time: 0.029358s (2025-10-31 09:24:54)

cmd: ./ss add_diff S0 31 8 3 1 0 diag
Logging start at 2025-10-31 09:24:54
Time: 0.025687s (2025-10-31 09:24:54)

cmd: ./ss add_diff S0 32 9 4 0 0 diag
Logging start at 2025-10-31 09:24:54
Time: 0.028995s (2025-10-31 09:24:54)

cmd: ./ss add_diff S0 34 2 3 0 0 diag
Logging start at 2025-10-31 09:24:54
Time: 0.028279s (2025-10-31 09:24:54)

cmd: ./ss add_diff S0 38 4 3 0 0 diag
Logging start at 2025-10-31 09:24:54
Time: 0.028691s (2025-10-31 09:24:54)

cmd: ./ss add_diff S0 38 2 4 0 0 diag
Logging start at 2025-10-31 09:24:54
Time: 0.028617s (2025-10-31 09:24:54)

cmd: ./ss add_diff S0 37 8 4 0 0 diag
Logging start at 2025-10-31 09:24:54
Time: 0.02935s (2025-10-31 09:24:55)

cmd: ./ss add_diff S0 40 4 9999  diag
Logging start at 2025-10-31 09:24:55
cmd: ./ss add_diff mo9 9 0 2 0 0 diag
Logging start at 2025-10-31 09:24:55
Time: 0.02735s (2025-10-31 09:24:55)

cmd: ./ss add_diff mo9 18 1 2 0 0 diag
Logging start at 2025-10-31 09:24:55
Time: 0.02732s (2025-10-31 09:24:55)

cmd: ./ss add_diff mo9 17 4 2 1 0 diag
Logging start at 2025-10-31 09:24:55
Time: 0.027606s (2025-10-31 09:24:55)

cmd: ./ss add_diff mo9 18 5 3 0,1 0 diag
Logging start at 2025-10-31 09:24:55
Time: 0.027042s (2025-10-31 09:24:55)

cmd: ./ss add_diff mo9 20 6 3 0 0 diag
Logging start at 2025-10-31 09:24:55
Time: 0.028126s (2025-10-31 09:24:55)

cmd: ./ss add_diff mo9 36 14 3 0 0 diag
Logging start at 2025-10-31 09:24:55
cmd: ./ss add_diff mo8 20 0 2 0 0 diag
Logging start at 2025-10-31 09:25:09
Time: 0.046067s (2025-10-31 09:25:09)

cmd: ./ss add_diff mo10 10 0 3 0 0 diag
Logging start at 2025-10-31 09:25:09
Time: 0.032685s (2025-10-31 09:25:09)

cmd: ./ss add_diff mo10 12 1 4 0 0 diag
Logging start at 2025-10-31 09:25:09
Time: 0.029508s (2025-10-31 09:25:09)

cmd: ./ss add_diff mo12 12 0 5 0 0 diag
Logging start at 2025-10-31 09:25:09
Time: 0.027229s (2025-10-31 09:25:09)

cmd: ./ss add_diff mo12 20 4 5 0 0 diag
Logging start at 2025-10-31 09:25:09
Time: 0.026808s (2025-10-31 09:25:09)

cmd: ./ss add_diff mo12 28 8 5 0 0 diag
Logging start at 2025-10-31 09:25:09
Time: 0.027149s (2025-10-31 09:25:09)

cmd: ./ss deduce auto diag num=3
Logging start at 2025-10-31 09:25:20
Time: 0.426722s (2025-10-31 09:25:21)

cmd: ./ss deduce auto diag num=3
Logging start at 2025-10-31 09:25:22
Time: 0.1967s (2025-10-31 09:25:22)

cmd: ./ss deduce auto diag num=3
Logging start at 2025-10-31 09:25:23
Time: 0.123392s (2025-10-31 09:25:23)

cmd: ./ss plot_ss diag
Logging start at 2025-10-31 09:25:48
Time: 0.09471s (2025-10-31 09:25:48)

ccccmd: ./ss deduce auto diag num=3
Logging start at 2025-10-31 10:15:28
Time: 0.776932s (2025-10-31 10:15:29)

cmd: ./ss deduce auto diag num=3
Logging start at 2025-10-31 10:15:30
Time: 0.241399s (2025-10-31 10:15:30)

cmd: ./ss deduce auto diag num=3
Logging start at 2025-10-31 10:15:32
Time: 0.249367s (2025-10-31 10:15:32)

cmd: ./ss add_diff S0 15 2 3 0 0 diag
Logging start at 2025-10-31 10:15:50
Time: 0.056297s (2025-10-31 10:15:50)

cmd: ./ss add_diff S0 15 1 2 0 0 diag
Logging start at 2025-10-31 10:15:50
Time: 0.039679s (2025-10-31 10:15:50)

cmd: ./ss add_diff S0 30 6 3 0 0 diag
Logging start at 2025-10-31 10:15:50
Time: 0.034122s (2025-10-31 10:15:50)

cmd: ./ss add_diff S0 31 1 2 0 0 diag
Logging start at 2025-10-31 10:15:50
Time: 0.032374s (2025-10-31 10:15:50)

cmd: ./ss add_diff S0 31 4 3 0 0 diag
Logging start at 2025-10-31 10:15:50
Time: 0.033705s (2025-10-31 10:15:50)

cmd: ./ss add_diff S0 31 8 3 1 0 diag
Logging start at 2025-10-31 10:15:50
Time: 0.029524s (2025-10-31 10:15:50)

cmd: ./ss add_diff S0 32 9 4 0 0 diag
Logging start at 2025-10-31 10:15:50
Time: 0.033229s (2025-10-31 10:15:50)

cmd: ./ss add_diff S0 34 2 3 0 0 diag
Logging start at 2025-10-31 10:15:50
Time: 0.033152s (2025-10-31 10:15:50)

cmd: ./ss add_diff S0 38 4 3 0 0 diag
Logging start at 2025-10-31 10:15:50
Time: 0.032726s (2025-10-31 10:15:50)

cmd: ./ss add_diff S0 38 2 4 0 0 diag
Logging start at 2025-10-31 10:15:50
Time: 0.03251s (2025-10-31 10:15:50)

cmd: ./ss add_diff S0 37 8 4 0 0 diag
Logging start at 2025-10-31 10:15:50
Time: 0.03357s (2025-10-31 10:15:50)

cmd: ./ss add_diff S0 40 4 9999  diag
Logging start at 2025-10-31 10:15:50
cmd: ./ss add_diff mo9 9 0 2 0 0 diag
Logging start at 2025-10-31 10:15:50
Time: 0.030697s (2025-10-31 10:15:50)

cmd: ./ss add_diff mo9 18 1 2 0 0 diag
Logging start at 2025-10-31 10:15:51
Time: 0.030031s (2025-10-31 10:15:51)

cmd: ./ss add_diff mo9 17 4 2 1 0 diag
Logging start at 2025-10-31 10:15:51
Time: 0.031447s (2025-10-31 10:15:51)

cmd: ./ss add_diff mo9 18 5 3 0,1 0 diag
Logging start at 2025-10-31 10:15:51
Time: 0.029769s (2025-10-31 10:15:51)

cmd: ./ss add_diff mo9 20 6 3 0 0 diag
Logging start at 2025-10-31 10:15:51
Time: 0.030894s (2025-10-31 10:15:51)

cmd: ./ss add_diff mo9 36 14 3 0 0 diag
Logging start at 2025-10-31 10:15:51
cmd: ./ss add_diff mo8 20 0 2 0 0 diag
Logging start at 2025-10-31 10:16:04
Time: 0.048921s (2025-10-31 10:16:04)

cmd: ./ss add_diff mo10 10 0 3 0 0 diag
Logging start at 2025-10-31 10:16:04
Time: 0.035521s (2025-10-31 10:16:04)

cmd: ./ss add_diff mo10 12 1 4 0 0 diag
Logging start at 2025-10-31 10:16:04
Time: 0.031079s (2025-10-31 10:16:04)

cmd: ./ss add_diff mo12 12 0 5 0 0 diag
Logging start at 2025-10-31 10:16:04
Time: 0.029496s (2025-10-31 10:16:04)

cmd: ./ss add_diff mo12 20 4 5 0 0 diag
Logging start at 2025-10-31 10:16:04
Time: 0.029726s (2025-10-31 10:16:04)

cmd: ./ss add_diff mo12 28 8 5 0 0 diag
Logging start at 2025-10-31 10:16:04
Time: 0.029157s (2025-10-31 10:16:04)

cmd: ./ss deduce auto diag num=3
Logging start at 2025-10-31 10:16:12
Time: 0.46363s (2025-10-31 10:16:13)

cmd: ./ss deduce auto diag num=3
Logging start at 2025-10-31 10:16:14
Time: 0.214781s (2025-10-31 10:16:14)

cmd: ./ss deduce auto diag num=3
Logging start at 2025-10-31 10:16:16
Time: 0.122449s (2025-10-31 10:16:17)

cmd: ./ss plot_ss diag
Logging start at 2025-10-31 10:16:26
Time: 0.107237s (2025-10-31 10:16:26)

cmd: ./ss add_diff S0 62 2 9999     diag
Logging start at 2025-10-31 11:52:48
cmd: ./ss add_diff S0 62 2 9999   diag
Logging start at 2025-10-31 11:52:55
Time: 0.050165s (2025-10-31 11:52:55)

cmd: ./ss add_diff S0 62 2 4   diag
Logging start at 2025-10-31 11:53:00
Time: 0.055358s (2025-10-31 11:53:00)

cmd: ./ss deduce auto diag num=3
Logging start at 2025-10-31 11:53:13
Time: 0.126993s (2025-10-31 11:53:13)

cmd: ./ss deduce auto diag num=3
Logging start at 2025-10-31 11:53:16
Time: 0.124775s (2025-10-31 11:53:16)

cmd: ./ss plot_ss diag
Logging start at 2025-10-31 11:53:20
Time: 0.100548s (2025-10-31 11:53:20)

cmd: ./ss add_diff S0 62 2 4     diag
Logging start at 2025-10-31 11:55:17
Time: 0.054034s (2025-10-31 11:55:17)

cccmd: ./ss deduce auto diag num=3
Logging start at 2025-10-31 11:55:50
Time: 0.12858s (2025-10-31 11:55:50)

cmd: ./ss deduce auto diag num=3
Logging start at 2025-10-31 11:55:51
Time: 0.131708s (2025-10-31 11:55:52)

cmd: ./ss plot_ss diag
Logging start at 2025-10-31 11:55:56
Time: 0.101563s (2025-10-31 11:55:56)

ccmd: ./ss add_diff S0 15 2 3 0 0 diag
Logging start at 2025-10-31 11:57:01
Time: 0.046895s (2025-10-31 11:57:01)

cmd: ./ss add_diff S0 15 1 2 0 0 diag
Logging start at 2025-10-31 11:57:01
Time: 0.034083s (2025-10-31 11:57:01)

cmd: ./ss add_diff S0 30 6 3 0 0 diag
Logging start at 2025-10-31 11:57:01
Time: 0.030185s (2025-10-31 11:57:01)

cmd: ./ss add_diff S0 31 1 2 0 0 diag
Logging start at 2025-10-31 11:57:01
Time: 0.029172s (2025-10-31 11:57:01)

cmd: ./ss add_diff S0 31 4 3 0 0 diag
Logging start at 2025-10-31 11:57:01
Time: 0.028663s (2025-10-31 11:57:01)

cmd: ./ss add_diff S0 31 8 3 1 0 diag
Logging start at 2025-10-31 11:57:01
Time: 0.028355s (2025-10-31 11:57:01)

cmd: ./ss add_diff S0 32 9 4 0 0 diag
Logging start at 2025-10-31 11:57:01
Time: 0.027874s (2025-10-31 11:57:01)

cmd: ./ss add_diff S0 34 2 3 0 0 diag
Logging start at 2025-10-31 11:57:01
Time: 0.028639s (2025-10-31 11:57:01)

cmd: ./ss add_diff S0 38 4 3 0 0 diag
Logging start at 2025-10-31 11:57:01
Time: 0.028547s (2025-10-31 11:57:01)

cmd: ./ss add_diff S0 38 2 4 0 0 diag
Logging start at 2025-10-31 11:57:01
Time: 0.02755s (2025-10-31 11:57:01)

cmd: ./ss add_diff S0 37 8 4 0 0 diag
Logging start at 2025-10-31 11:57:02
Time: 0.028187s (2025-10-31 11:57:02)

cmd: ./ss add_diff mo9 9 0 2 0 0 diag
Logging start at 2025-10-31 11:57:11
Time: 0.048069s (2025-10-31 11:57:12)

cmd: ./ss add_diff mo9 18 1 2 0 0 diag
Logging start at 2025-10-31 11:57:12
Time: 0.03628s (2025-10-31 11:57:12)

cmd: ./ss add_diff mo9 17 4 2 1 0 diag
Logging start at 2025-10-31 11:57:12
Time: 0.030973s (2025-10-31 11:57:12)

cmd: ./ss add_diff mo9 18 5 3 0,1 0 diag
Logging start at 2025-10-31 11:57:12
Time: 0.028595s (2025-10-31 11:57:12)

cmd: ./ss add_diff mo9 20 6 3 0 0 diag
Logging start at 2025-10-31 11:57:12
Time: 0.028147s (2025-10-31 11:57:12)

cmd: ./ss add_diff mo9 36 14 3 0 0 diag
Logging start at 2025-10-31 11:57:12
cmd: ./ss add_diff mo8 20 0 2 0 0 diag
Logging start at 2025-10-31 11:57:22
Time: 0.046335s (2025-10-31 11:57:22)

cmd: ./ss add_diff mo10 10 0 3 0 0 diag
Logging start at 2025-10-31 11:57:22
Time: 0.034356s (2025-10-31 11:57:22)

cmd: ./ss add_diff mo10 12 1 4 0 0 diag
Logging start at 2025-10-31 11:57:22
Time: 0.030093s (2025-10-31 11:57:22)

cmd: ./ss add_diff mo12 12 0 5 0 0 diag
Logging start at 2025-10-31 11:57:22
Time: 0.028151s (2025-10-31 11:57:22)

cmd: ./ss add_diff mo12 20 4 5 0 0 diag
Logging start at 2025-10-31 11:57:22
Time: 0.028362s (2025-10-31 11:57:22)

cmd: ./ss add_diff mo12 28 8 5 0 0 diag
Logging start at 2025-10-31 11:57:22
Time: 0.028178s (2025-10-31 11:57:22)

cmd: ./ss add_diff S0 62 2 9999     diag
Logging start at 2025-10-31 11:57:38
cmd: ./ss add_diff S0 62 2 7     diag
Logging start at 2025-10-31 11:58:02
Time: 0.04818s (2025-10-31 11:58:02)

cmd: ./ss add_diff S0 62 2 4     diag
Logging start at 2025-10-31 11:58:18
Time: 0.043194s (2025-10-31 11:58:18)

cccmd: ./ss diag
Logging start at 2025-10-31 11:58:53
ccmd: ./ss add_diff S0 15 1 2 0 0 diag
Logging start at 2025-10-31 11:59:25
Time: 0.047463s (2025-10-31 11:59:25)

cmd: ./ss add_diff S0 30 6 3 0 0 diag
Logging start at 2025-10-31 11:59:25
Time: 0.03475s (2025-10-31 11:59:25)

cmd: ./ss add_diff S0 31 1 2 0 0 diag
Logging start at 2025-10-31 11:59:25
Time: 0.031297s (2025-10-31 11:59:25)

cmd: ./ss add_diff S0 31 4 3 0 0 diag
Logging start at 2025-10-31 11:59:25
Time: 0.029876s (2025-10-31 11:59:25)

cmd: ./ss add_diff S0 31 8 3 1 0 diag
Logging start at 2025-10-31 11:59:25
Time: 0.028911s (2025-10-31 11:59:25)

cmd: ./ss add_diff S0 32 9 4 0 0 diag
Logging start at 2025-10-31 11:59:25
Time: 0.028813s (2025-10-31 11:59:25)

cmd: ./ss add_diff S0 34 2 3 0 0 diag
Logging start at 2025-10-31 11:59:25
Time: 0.028963s (2025-10-31 11:59:25)

cmd: ./ss add_diff S0 38 4 3 0 0 diag
Logging start at 2025-10-31 11:59:25
Time: 0.029545s (2025-10-31 11:59:25)

cmd: ./ss add_diff S0 38 2 4 0 0 diag
Logging start at 2025-10-31 11:59:25
Time: 0.02896s (2025-10-31 11:59:25)

cmd: ./ss add_diff S0 37 8 4 0 0 diag
Logging start at 2025-10-31 11:59:25
Time: 0.029035s (2025-10-31 11:59:25)

cmd: ./ss add_diff mo9 9 0 2 0 0 diag
Logging start at 2025-10-31 11:59:32
Time: 0.048338s (2025-10-31 11:59:32)

cmd: ./ss add_diff mo9 18 1 2 0 0 diag
Logging start at 2025-10-31 11:59:32
Time: 0.033425s (2025-10-31 11:59:32)

cmd: ./ss add_diff mo9 17 4 2 1 0 diag
Logging start at 2025-10-31 11:59:32
Time: 0.029492s (2025-10-31 11:59:32)

cmd: ./ss add_diff mo9 18 5 3 0,1 0 diag
Logging start at 2025-10-31 11:59:32
Time: 0.028221s (2025-10-31 11:59:32)

cmd: ./ss add_diff mo9 20 6 3 0 0 diag
Logging start at 2025-10-31 11:59:32
Time: 0.028037s (2025-10-31 11:59:32)

cmd: ./ss add_diff mo9 36 14 3 0 0 diag
Logging start at 2025-10-31 11:59:32
cmd: ./ss add_diff mo8 20 0 2 0 0 diag
Logging start at 2025-10-31 11:59:41
Time: 0.048059s (2025-10-31 11:59:41)

cmd: ./ss add_diff mo10 10 0 3 0 0 diag
Logging start at 2025-10-31 11:59:41
Time: 0.034005s (2025-10-31 11:59:41)

cmd: ./ss add_diff mo10 12 1 4 0 0 diag
Logging start at 2025-10-31 11:59:41
Time: 0.02968s (2025-10-31 11:59:41)

cmd: ./ss add_diff mo12 12 0 5 0 0 diag
Logging start at 2025-10-31 11:59:41
Time: 0.028115s (2025-10-31 11:59:41)

cmd: ./ss add_diff mo12 20 4 5 0 0 diag
Logging start at 2025-10-31 11:59:41
Time: 0.027809s (2025-10-31 11:59:41)

cmd: ./ss add_diff mo12 28 8 5 0 0 diag
Logging start at 2025-10-31 11:59:41
Time: 0.027924s (2025-10-31 11:59:41)

cmd: ./ss add_diff S0 62 2 4     diag
Logging start at 2025-10-31 11:59:47
Time: 0.051054s (2025-10-31 11:59:47)

cmd: ./ss deduce auto diag num=3
Logging start at 2025-10-31 12:00:01
Time: 0.517572s (2025-10-31 12:00:01)

cmd: ./ss deduce auto diag num=3
Logging start at 2025-10-31 12:00:03
Time: 0.207494s (2025-10-31 12:00:03)

cmd: ./ss deduce auto diag num=3
Logging start at 2025-10-31 12:00:04
Time: 0.127271s (2025-10-31 12:00:04)

cmd: ./ss plot_ss diag
Logging start at 2025-10-31 12:00:19
Time: 0.100592s (2025-10-31 12:00:19)

ccmd: ./ss deduce auto diag num=3
Logging start at 2025-11-03 16:54:43
Time: 23.882769s (2025-11-03 16:55:06)

cmd: ./ss plot_ss diag
Logging start at 2025-11-03 16:55:06
Time: 0.530658s (2025-11-03 16:55:07)

cmd: ./ss add_diff S0 15 2 3 0 0 diag
Logging start at 2025-11-03 16:55:57
Time: 0.202044s (2025-11-03 16:55:57)

cmd: ./ss add_diff S0 15 1 2 0 0 diag
Logging start at 2025-11-03 16:55:57
Time: 0.160373s (2025-11-03 16:55:57)

cmd: ./ss add_diff S0 30 6 3 0 0 diag
Logging start at 2025-11-03 16:55:57
Time: 0.159637s (2025-11-03 16:55:58)

cmd: ./ss add_diff S0 31 1 2 0 0 diag
Logging start at 2025-11-03 16:55:58
Time: 0.163813s (2025-11-03 16:55:58)

cmd: ./ss add_diff S0 31 4 3 0 0 diag
Logging start at 2025-11-03 16:55:58
Time: 0.163864s (2025-11-03 16:55:58)

cmd: ./ss add_diff S0 31 8 3 1 0 diag
Logging start at 2025-11-03 16:55:58
Time: 0.159088s (2025-11-03 16:55:58)

cmd: ./ss add_diff S0 32 9 4 0 0 diag
Logging start at 2025-11-03 16:55:58
Time: 0.160441s (2025-11-03 16:55:58)

cmd: ./ss add_diff S0 34 2 3 0 0 diag
Logging start at 2025-11-03 16:55:58
Time: 0.159093s (2025-11-03 16:55:58)

cmd: ./ss add_diff S0 38 4 3 0 0 diag
Logging start at 2025-11-03 16:55:58
Time: 0.158378s (2025-11-03 16:55:59)

cmd: ./ss add_diff S0 38 2 4 0 0 diag
Logging start at 2025-11-03 16:55:59
Time: 0.157925s (2025-11-03 16:55:59)

cmd: ./ss add_diff S0 37 8 4 0 0 diag
Logging start at 2025-11-03 16:55:59
Time: 0.158057s (2025-11-03 16:55:59)

ccmd: ./ss deduce auto diag num=3
Logging start at 2025-11-03 16:58:50
Time: 3.085867s (2025-11-03 16:58:53)

cmd: ./ss plot_ss diag
Logging start at 2025-11-03 16:58:53
Time: 0.178085s (2025-11-03 16:58:54)

cmd: ./ss add_diff S0 15 2 3 0 0 diag
Logging start at 2025-11-03 17:04:53
Time: 0.115884s (2025-11-03 17:04:53)

cmd: ./ss add_diff S0 15 1 2 0 0 diag
Logging start at 2025-11-03 17:04:53
Time: 0.071264s (2025-11-03 17:04:54)

cmd: ./ss add_diff S0 30 6 3 0 0 diag
Logging start at 2025-11-03 17:04:54
Time: 0.071863s (2025-11-03 17:04:54)

cmd: ./ss add_diff S0 31 1 2 0 0 diag
Logging start at 2025-11-03 17:04:54
Time: 0.072173s (2025-11-03 17:04:54)

cmd: ./ss add_diff S0 31 4 3 0 0 diag
Logging start at 2025-11-03 17:04:54
Time: 0.071377s (2025-11-03 17:04:54)

cmd: ./ss add_diff S0 31 8 3 1 0 diag
Logging start at 2025-11-03 17:04:54
Time: 0.065601s (2025-11-03 17:04:54)

cmd: ./ss add_diff S0 32 9 4 0 0 diag
Logging start at 2025-11-03 17:04:54
Time: 0.070186s (2025-11-03 17:04:54)

cmd: ./ss add_diff S0 34 2 3 0 0 diag
Logging start at 2025-11-03 17:04:54
Time: 0.070107s (2025-11-03 17:04:54)

cmd: ./ss add_diff S0 38 4 3 0 0 diag
Logging start at 2025-11-03 17:04:54
Time: 0.07104s (2025-11-03 17:04:54)

cmd: ./ss add_diff S0 38 2 4 0 0 diag
Logging start at 2025-11-03 17:04:54
Time: 0.070594s (2025-11-03 17:04:54)

cmd: ./ss add_diff S0 37 8 4 0 0 diag
Logging start at 2025-11-03 17:04:54
Time: 0.072023s (2025-11-03 17:04:54)

cmd: ./ss add_diff mo9 9 0 2 0 0 diag
Logging start at 2025-11-03 17:05:05
Time: 0.094919s (2025-11-03 17:05:06)

cmd: ./ss add_diff mo9 18 1 2 0 0 diag
Logging start at 2025-11-03 17:05:06
Time: 0.067768s (2025-11-03 17:05:06)

cmd: ./ss add_diff mo9 17 4 2 1 0 diag
Logging start at 2025-11-03 17:05:06
Time: 0.067266s (2025-11-03 17:05:06)

cmd: ./ss add_diff mo9 18 5 3 0,1 0 diag
Logging start at 2025-11-03 17:05:06
Time: 0.065829s (2025-11-03 17:05:06)

cmd: ./ss add_diff mo9 20 6 3 0 0 diag
Logging start at 2025-11-03 17:05:06
Time: 0.066055s (2025-11-03 17:05:06)

cmd: ./ss add_diff mo9 36 14 3 0 0 diag
Logging start at 2025-11-03 17:05:06
Time: 0.066741s (2025-11-03 17:05:06)

cmd: ./ss add_diff mo8 20 0 2 0 0 diag
Logging start at 2025-11-03 17:05:19
Time: 0.088394s (2025-11-03 17:05:19)

cmd: ./ss add_diff mo10 10 0 3 0 0 diag
Logging start at 2025-11-03 17:05:19
Time: 0.065385s (2025-11-03 17:05:19)

cmd: ./ss add_diff mo10 12 1 4 0 0 diag
Logging start at 2025-11-03 17:05:19
Time: 0.065103s (2025-11-03 17:05:19)

cmd: ./ss add_diff mo12 12 0 5 0 0 diag
Logging start at 2025-11-03 17:05:19
Time: 0.06565s (2025-11-03 17:05:19)

cmd: ./ss add_diff mo12 20 4 5 0 0 diag
Logging start at 2025-11-03 17:05:19
Time: 0.065942s (2025-11-03 17:05:19)

cmd: ./ss add_diff mo12 28 8 5 0 0 diag
Logging start at 2025-11-03 17:05:19
Time: 0.068322s (2025-11-03 17:05:19)

cmd: ./ss deduce auto diag num=3
Logging start at 2025-11-03 17:05:36
Time: 1.791957s (2025-11-03 17:05:38)

cmd: ./ss deduce auto diag num=3
Logging start at 2025-11-03 17:05:40
Time: 0.855139s (2025-11-03 17:05:41)

cmd: ./ss deduce auto diag num=3
Logging start at 2025-11-03 17:05:42
Time: 0.466207s (2025-11-03 17:05:42)

cmd: ./ss plot_ss diag
Logging start at 2025-11-03 17:05:58
Time: 0.194217s (2025-11-03 17:05:58)

cmd: ./ss reset
Logging start at 2025-11-03 17:06:16
ccmd: ./ss deduce auto diag num=3
Logging start at 2025-11-03 17:06:29
Time: 2.900844s (2025-11-03 17:06:32)

cmd: ./ss deduce auto diag num=3
Logging start at 2025-11-03 17:06:33
Time: 0.827343s (2025-11-03 17:06:34)

cmd: ./ss deduce auto diag num=3
Logging start at 2025-11-03 17:06:35
Time: 0.80501s (2025-11-03 17:06:36)

cmd: ./ss plot_ss diag
Logging start at 2025-11-03 17:06:42
Time: 0.193846s (2025-11-03 17:06:42)

cmd: ./ss add_diff S0 15 2 3 0 0 diag
Logging start at 2025-11-03 17:07:02
Time: 0.100639s (2025-11-03 17:07:02)

cmd: ./ss add_diff S0 15 1 2 0 0 diag
Logging start at 2025-11-03 17:07:02
Time: 0.07128s (2025-11-03 17:07:02)

cmd: ./ss add_diff S0 30 6 3 0 0 diag
Logging start at 2025-11-03 17:07:02
Time: 0.069618s (2025-11-03 17:07:02)

cmd: ./ss add_diff S0 31 1 2 0 0 diag
Logging start at 2025-11-03 17:07:02
Time: 0.06904s (2025-11-03 17:07:02)

cmd: ./ss add_diff S0 31 4 3 0 0 diag
Logging start at 2025-11-03 17:07:02
Time: 0.068733s (2025-11-03 17:07:02)

cmd: ./ss add_diff S0 31 8 3 1 0 diag
Logging start at 2025-11-03 17:07:02
Time: 0.064671s (2025-11-03 17:07:02)

cmd: ./ss add_diff S0 32 9 4 0 0 diag
Logging start at 2025-11-03 17:07:02
Time: 0.069476s (2025-11-03 17:07:02)

cmd: ./ss add_diff S0 34 2 3 0 0 diag
Logging start at 2025-11-03 17:07:02
Time: 0.068759s (2025-11-03 17:07:02)

cmd: ./ss add_diff S0 38 4 3 0 0 diag
Logging start at 2025-11-03 17:07:03
Time: 0.068854s (2025-11-03 17:07:03)

cmd: ./ss add_diff S0 38 2 4 0 0 diag
Logging start at 2025-11-03 17:07:03
Time: 0.070765s (2025-11-03 17:07:03)

cmd: ./ss add_diff S0 37 8 4 0 0 diag
Logging start at 2025-11-03 17:07:03
Time: 0.074572s (2025-11-03 17:07:03)

cmd: ./ss add_diff mo9 9 0 2 0 0 diag
Logging start at 2025-11-03 17:07:16
Time: 0.093097s (2025-11-03 17:07:16)

cmd: ./ss add_diff mo9 18 1 2 0 0 diag
Logging start at 2025-11-03 17:07:16
Time: 0.066358s (2025-11-03 17:07:16)

cmd: ./ss add_diff mo9 17 4 2 1 0 diag
Logging start at 2025-11-03 17:07:16
Time: 0.065412s (2025-11-03 17:07:16)

cmd: ./ss add_diff mo9 18 5 3 0,1 0 diag
Logging start at 2025-11-03 17:07:16
Time: 0.06566s (2025-11-03 17:07:16)

cmd: ./ss add_diff mo9 20 6 3 0 0 diag
Logging start at 2025-11-03 17:07:16
Time: 0.06529s (2025-11-03 17:07:16)

cmd: ./ss add_diff mo9 36 14 3 0 0 diag
Logging start at 2025-11-03 17:07:16
Time: 0.065147s (2025-11-03 17:07:16)

cmd: ./ss add_diff mo8 20 0 2 0 0 diag
Logging start at 2025-11-03 17:07:24
Time: 0.094834s (2025-11-03 17:07:24)

cmd: ./ss add_diff mo10 10 0 3 0 0 diag
Logging start at 2025-11-03 17:07:24
Time: 0.066709s (2025-11-03 17:07:24)

cmd: ./ss add_diff mo10 12 1 4 0 0 diag
Logging start at 2025-11-03 17:07:24
Time: 0.065677s (2025-11-03 17:07:24)

cmd: ./ss add_diff mo12 12 0 5 0 0 diag
Logging start at 2025-11-03 17:07:24
Time: 0.065154s (2025-11-03 17:07:24)

cmd: ./ss add_diff mo12 20 4 5 0 0 diag
Logging start at 2025-11-03 17:07:24
Time: 0.066504s (2025-11-03 17:07:25)

cmd: ./ss add_diff mo12 28 8 5 0 0 diag
Logging start at 2025-11-03 17:07:25
Time: 0.065175s (2025-11-03 17:07:25)

cmd: ./ss deduce auto diag num=3
Logging start at 2025-11-03 17:07:30
Time: 1.818626s (2025-11-03 17:07:31)

cmd: ./ss deduce auto diag num=3
Logging start at 2025-11-03 17:07:33
Time: 0.843808s (2025-11-03 17:07:34)

cmd: ./ss deduce auto diag num=3
Logging start at 2025-11-03 17:07:35
Time: 0.475112s (2025-11-03 17:07:35)

cmd: ./ss plot_ss diag
Logging start at 2025-11-03 17:07:57
Time: 0.196704s (2025-11-03 17:07:57)

cmd: ./ss add_diff S0 57 7 3 0 1 diag
Logging start at 2025-11-03 19:13:19
Time: 0.11422s (2025-11-03 19:13:19)

cmd: ./ss add_diff S0 54 6 3 0 0 diag
Logging start at 2025-11-03 19:13:31
Time: 0.086516s (2025-11-03 19:13:31)

cmd: ./ss add_diff S0 54 8 3 0 0 diag
Logging start at 2025-11-03 19:13:31
Time: 0.066297s (2025-11-03 19:13:32)

cmd: ./ss add_diff S0 56 9 5 0 0 diag
Logging start at 2025-11-03 19:13:32
Time: 0.065437s (2025-11-03 19:13:32)

cmd: ./ss add_diff S0 61 4 3 0 0 diag
Logging start at 2025-11-03 19:13:32
Time: 0.066362s (2025-11-03 19:13:32)

cmd: ./ss add_diff mo9 20 6 3 0 0 diag
Logging start at 2025-11-03 19:13:41
Time: 0.085674s (2025-11-03 19:13:41)

cmd: ./ss add_diff mo9 36 14 3 0 0 diag
Logging start at 2025-11-03 19:13:41
Time: 0.064343s (2025-11-03 19:13:41)

cmd: ./ss deduce auto diag num=3
Logging start at 2025-11-03 19:13:48
Time: 1.152067s (2025-11-03 19:13:49)

cmd: ./ss deduce auto diag num=3
Logging start at 2025-11-03 19:13:51
Time: 0.43926s (2025-11-03 19:13:51)

cmd: ./ss plot_ss diag
Logging start at 2025-11-03 19:14:36
Time: 0.186306s (2025-11-03 19:14:37)

cmd: ./ss add_diff mo16 20 3 6 0 0 diag
Logging start at 2025-11-03 19:17:54
Time: 0.090038s (2025-11-03 19:17:55)

cmd: ./ss add_diff mo16 28 7 6 0 0 diag
Logging start at 2025-11-03 19:17:55
Time: 0.065311s (2025-11-03 19:17:55)

cmd: ./ss deduce auto diag num=3
Logging start at 2025-11-03 19:17:59
Time: 0.436617s (2025-11-03 19:18:00)

cmd: ./ss plot_ss diag
Logging start at 2025-11-03 19:18:13
Time: 0.183128s (2025-11-03 19:18:13)

cmd: ./ss add_diff mo10 20 5 4 0 0 diag
Logging start at 2025-11-04 11:36:49
Time: 0.113947s (2025-11-04 11:36:49)

cmd: ./ss deduce auto diag num=3
Logging start at 2025-11-04 11:36:54
Time: 0.796947s (2025-11-04 11:36:55)

cmd: ./ss deduce auto diag num=3
Logging start at 2025-11-04 11:36:58
Time: 0.442514s (2025-11-04 11:36:59)

cmd: ./ss plot_ss diag
Logging start at 2025-11-04 11:37:06
Time: 0.195473s (2025-11-04 11:37:07)

cmd: ./ss add_diff S0 50 10 4 0 0 diag
Logging start at 2025-11-04 11:39:55
Time: 0.101264s (2025-11-04 11:39:55)

cmd: ./ss deduce auto diag num=3
Logging start at 2025-11-04 11:39:58
Time: 0.798543s (2025-11-04 11:39:59)

cmd: ./ss deduce auto diag num=3
Logging start at 2025-11-04 11:40:00
Time: 0.443653s (2025-11-04 11:40:01)

cmd: ./ss add_diff mo25 50 1 5   diag
Logging start at 2025-11-04 11:47:08
Time: 0.089864s (2025-11-04 11:47:08)

cmd: ./ss deduce auto diag num=3
Logging start at 2025-11-04 11:47:13
Time: 0.434283s (2025-11-04 11:47:14)

cmd: ./ss plot_ss diag
Logging start at 2025-11-04 11:47:18
Time: 0.187223s (2025-11-04 11:47:18)

cmd: ./ss add_diff mo25 50 1 5     diag
Logging start at 2025-11-04 11:47:47
Time: 0.092744s (2025-11-04 11:47:47)

cmd: ./ss deduce auto diag num=3
Logging start at 2025-11-04 11:47:49
Time: 1.147248s (2025-11-04 11:47:51)

cmd: ./ss deduce auto diag num=3
Logging start at 2025-11-04 11:47:56
Time: 0.444957s (2025-11-04 11:47:56)

cmd: ./ss plot_ss diag
Logging start at 2025-11-04 11:47:59
Time: 0.190352s (2025-11-04 11:47:59)

cmd: ./ss add_diff S0 15 2 3 0 0 diag
Logging start at 2025-11-04 12:05:57
Time: 0.074572s (2025-11-04 12:05:57)

cmd: ./ss add_diff S0 15 1 2 0 0 diag
Logging start at 2025-11-04 12:05:57
Time: 0.056506s (2025-11-04 12:05:57)

cmd: ./ss add_diff S0 30 6 3 0 0 diag
Logging start at 2025-11-04 12:05:57
Time: 0.050118s (2025-11-04 12:05:57)

cmd: ./ss add_diff S0 31 1 2 0 0 diag
Logging start at 2025-11-04 12:05:57
Time: 0.050272s (2025-11-04 12:05:57)

cmd: ./ss add_diff S0 31 4 3 0 0 diag
Logging start at 2025-11-04 12:05:57
Time: 0.050597s (2025-11-04 12:05:57)

cmd: ./ss add_diff S0 31 8 3 1 0 diag
Logging start at 2025-11-04 12:05:57
Time: 0.050732s (2025-11-04 12:05:57)

cmd: ./ss add_diff S0 32 9 4 0 0 diag
Logging start at 2025-11-04 12:05:57
Time: 0.049729s (2025-11-04 12:05:57)

cmd: ./ss add_diff S0 34 2 3 0 0 diag
Logging start at 2025-11-04 12:05:57
Time: 0.051036s (2025-11-04 12:05:57)

cmd: ./ss add_diff S0 38 4 3 0 0 diag
Logging start at 2025-11-04 12:05:57
Time: 0.050424s (2025-11-04 12:05:57)

cmd: ./ss add_diff S0 38 2 4 0 0 diag
Logging start at 2025-11-04 12:05:57
Time: 0.050362s (2025-11-04 12:05:57)

cmd: ./ss add_diff S0 37 8 4 0 0 diag
Logging start at 2025-11-04 12:05:57
Time: 0.050625s (2025-11-04 12:05:57)

cmd: ./ss add_diff S0 54 6 3 0 0 diag
Logging start at 2025-11-04 12:06:09
Time: 0.079814s (2025-11-04 12:06:09)

cmd: ./ss add_diff S0 54 8 3 0 0 diag
Logging start at 2025-11-04 12:06:09
Time: 0.055632s (2025-11-04 12:06:09)

cmd: ./ss add_diff S0 56 9 5 0 0 diag
Logging start at 2025-11-04 12:06:09
Time: 0.050786s (2025-11-04 12:06:09)

cmd: ./ss add_diff S0 61 4 3 0 0 diag
Logging start at 2025-11-04 12:06:09
Time: 0.050964s (2025-11-04 12:06:09)

cmd: ./ss add_diff S0 57 7 3 0 1 diag
Logging start at 2025-11-04 12:06:09
Time: 0.049994s (2025-11-04 12:06:09)

cmd: ./ss add_diff S0 57 8 3 0 0 diag
Logging start at 2025-11-04 12:06:09
Time: 0.050406s (2025-11-04 12:06:09)

cmd: ./ss add_diff S0 50 10 4 0 0 diag
Logging start at 2025-11-04 12:06:09
Time: 0.049865s (2025-11-04 12:06:09)

cmd: ./ss add_diff mo9 9 0 2 0 0 diag
Logging start at 2025-11-04 12:06:09
Time: 0.050257s (2025-11-04 12:06:09)

cmd: ./ss add_diff mo9 18 1 2 0 0 diag
Logging start at 2025-11-04 12:06:09
Time: 0.050183s (2025-11-04 12:06:09)

cmd: ./ss add_diff mo9 17 4 2 1 0 diag
Logging start at 2025-11-04 12:06:09
Time: 0.050058s (2025-11-04 12:06:09)

cmd: ./ss add_diff mo9 18 5 3 0,1 0 diag
Logging start at 2025-11-04 12:06:09
Time: 0.050173s (2025-11-04 12:06:09)

cmd: ./ss add_diff mo9 20 6 3 0 0 diag
Logging start at 2025-11-04 12:06:09
Time: 0.049995s (2025-11-04 12:06:10)

cmd: ./ss add_diff mo9 36 14 3 0 0 diag
Logging start at 2025-11-04 12:06:10
Time: 0.050134s (2025-11-04 12:06:10)

cmd: ./ss add_diff mo8 20 0 2 0 0 diag
Logging start at 2025-11-04 12:06:17
Time: 0.06691s (2025-11-04 12:06:17)

cmd: ./ss add_diff mo10 10 0 3 0 0 diag
Logging start at 2025-11-04 12:06:17
Time: 0.052999s (2025-11-04 12:06:17)

cmd: ./ss add_diff mo10 12 1 4 0 0 diag
Logging start at 2025-11-04 12:06:17
Time: 0.050921s (2025-11-04 12:06:17)

cmd: ./ss add_diff mo12 12 0 5 0 0 diag
Logging start at 2025-11-04 12:06:17
Time: 0.050579s (2025-11-04 12:06:17)

cmd: ./ss add_diff mo12 20 4 5 0 0 diag
Logging start at 2025-11-04 12:06:17
Time: 0.049948s (2025-11-04 12:06:17)

cmd: ./ss add_diff mo12 28 8 5 0 0 diag
Logging start at 2025-11-04 12:06:17
Time: 0.051108s (2025-11-04 12:06:17)

cmd: ./ss add_diff mo16 20 3 6 0 0 diag
Logging start at 2025-11-04 12:06:17
Time: 0.049898s (2025-11-04 12:06:17)

cmd: ./ss add_diff mo16 28 7 6 0 0 diag
Logging start at 2025-11-04 12:06:17
Time: 0.050457s (2025-11-04 12:06:17)

cmd: ./ss add_diff mo10 20 5 4 0 0 diag
Logging start at 2025-11-04 12:06:17
Time: 0.050942s (2025-11-04 12:06:17)

ccccmd: ./ss deduce auto diag num=3
Logging start at 2025-11-04 12:08:17
Time: 2.997109s (2025-11-04 12:08:20)

cmd: ./ss plot_ss diag
Logging start at 2025-11-04 12:08:20
Time: 0.169894s (2025-11-04 12:08:20)

cmd: ./ss add_diff S0 15 2 3 0 0 diag
Logging start at 2025-11-04 12:08:52
Time: 0.099978s (2025-11-04 12:08:52)

cmd: ./ss add_diff S0 15 1 2 0 0 diag
Logging start at 2025-11-04 12:08:52
Time: 0.071669s (2025-11-04 12:08:52)

cmd: ./ss add_diff S0 30 6 3 0 0 diag
Logging start at 2025-11-04 12:08:52
Time: 0.070185s (2025-11-04 12:08:52)

cmd: ./ss add_diff S0 31 1 2 0 0 diag
Logging start at 2025-11-04 12:08:53
Time: 0.06952s (2025-11-04 12:08:53)

cmd: ./ss add_diff S0 31 4 3 0 0 diag
Logging start at 2025-11-04 12:08:53
Time: 0.068946s (2025-11-04 12:08:53)

cmd: ./ss add_diff S0 31 8 3 1 0 diag
Logging start at 2025-11-04 12:08:53
Time: 0.064945s (2025-11-04 12:08:53)

cmd: ./ss add_diff S0 32 9 4 0 0 diag
Logging start at 2025-11-04 12:08:53
Time: 0.071782s (2025-11-04 12:08:53)

cmd: ./ss add_diff S0 34 2 3 0 0 diag
Logging start at 2025-11-04 12:08:53
Time: 0.07095s (2025-11-04 12:08:53)

cmd: ./ss add_diff S0 38 4 3 0 0 diag
Logging start at 2025-11-04 12:08:53
Time: 0.070686s (2025-11-04 12:08:53)

cmd: ./ss add_diff S0 38 2 4 0 0 diag
Logging start at 2025-11-04 12:08:53
Time: 0.069776s (2025-11-04 12:08:53)

cmd: ./ss add_diff S0 37 8 4 0 0 diag
Logging start at 2025-11-04 12:08:53
Time: 0.07202s (2025-11-04 12:08:53)

cmd: ./ss add_diff S0 54 6 3 0 0 diag
Logging start at 2025-11-04 12:08:53
Time: 0.07264s (2025-11-04 12:08:53)

cmd: ./ss add_diff S0 54 8 3 0 0 diag
Logging start at 2025-11-04 12:08:53
Time: 0.06907s (2025-11-04 12:08:53)

cmd: ./ss add_diff S0 56 9 5 0 0 diag
Logging start at 2025-11-04 12:08:53
Time: 0.069403s (2025-11-04 12:08:53)

cmd: ./ss add_diff S0 61 4 3 0 0 diag
Logging start at 2025-11-04 12:08:53
Time: 0.06951s (2025-11-04 12:08:53)

cmd: ./ss add_diff S0 57 7 3 0 1 diag
Logging start at 2025-11-04 12:08:53
Time: 0.068789s (2025-11-04 12:08:54)

cmd: ./ss add_diff S0 57 8 3 0 0 diag
Logging start at 2025-11-04 12:08:54
Time: 0.068988s (2025-11-04 12:08:54)

cmd: ./ss add_diff S0 50 10 4 0 0 diag
Logging start at 2025-11-04 12:08:54
Time: 0.068924s (2025-11-04 12:08:54)

cmd: ./ss add_diff mo9 9 0 2 0 0 diag
Logging start at 2025-11-04 12:08:54
Time: 0.066952s (2025-11-04 12:08:54)

cmd: ./ss add_diff mo9 18 1 2 0 0 diag
Logging start at 2025-11-04 12:08:54
Time: 0.067109s (2025-11-04 12:08:54)

cmd: ./ss add_diff mo9 17 4 2 1 0 diag
Logging start at 2025-11-04 12:08:54
Time: 0.067288s (2025-11-04 12:08:54)

cmd: ./ss add_diff mo9 18 5 3 0,1 0 diag
Logging start at 2025-11-04 12:08:54
Time: 0.066849s (2025-11-04 12:08:54)

cmd: ./ss add_diff mo9 20 6 3 0 0 diag
Logging start at 2025-11-04 12:08:54
Time: 0.066334s (2025-11-04 12:08:54)

cmd: ./ss add_diff mo9 36 14 3 0 0 diag
Logging start at 2025-11-04 12:08:54
Time: 0.065773s (2025-11-04 12:08:54)

cmd: ./ss add_diff mo8 20 0 2 0 0 diag
Logging start at 2025-11-04 12:08:54
Time: 0.066592s (2025-11-04 12:08:54)

cmd: ./ss add_diff mo10 10 0 3 0 0 diag
Logging start at 2025-11-04 12:08:54
Time: 0.06717s (2025-11-04 12:08:54)

cmd: ./ss add_diff mo10 12 1 4 0 0 diag
Logging start at 2025-11-04 12:08:54
Time: 0.066809s (2025-11-04 12:08:54)

cmd: ./ss add_diff mo12 12 0 5 0 0 diag
Logging start at 2025-11-04 12:08:54
Time: 0.065953s (2025-11-04 12:08:54)

cmd: ./ss add_diff mo12 20 4 5 0 0 diag
Logging start at 2025-11-04 12:08:54
Time: 0.066284s (2025-11-04 12:08:55)

cmd: ./ss add_diff mo12 28 8 5 0 0 diag
Logging start at 2025-11-04 12:08:55
Time: 0.066533s (2025-11-04 12:08:55)

cmd: ./ss add_diff mo16 20 3 6 0 0 diag
Logging start at 2025-11-04 12:08:55
Time: 0.067032s (2025-11-04 12:08:55)

cmd: ./ss add_diff mo16 28 7 6 0 0 diag
Logging start at 2025-11-04 12:08:55
Time: 0.066242s (2025-11-04 12:08:55)

cmd: ./ss add_diff mo10 20 5 4 0 0 diag
Logging start at 2025-11-04 12:08:55
Time: 0.066715s (2025-11-04 12:08:55)

cmd: ./ss deduce auto diag num=3
Logging start at 2025-11-04 12:09:00
Time: 1.754064s (2025-11-04 12:09:02)

cmd: ./ss deduce auto diag num=3
Logging start at 2025-11-04 12:09:03
Time: 0.822373s (2025-11-04 12:09:04)

cmd: ./ss deduce auto diag num=3
Logging start at 2025-11-04 12:09:05
Time: 0.456532s (2025-11-04 12:09:06)

cmd: ./ss plot_ss diag
Logging start at 2025-11-04 12:09:09
Time: 0.190808s (2025-11-04 12:09:10)

cmd: ./ss plot_ss diag
Logging start at 2025-11-04 12:18:44
Time: 0.191879s (2025-11-04 12:18:44)

cmd: ./ss plot_ss diag
Logging start at 2025-11-04 13:43:06
Time: 0.19238s (2025-11-04 13:43:06)

cmd: ./ss plot_ss diag
Logging start at 2025-11-04 13:47:20
Time: 0.188949s (2025-11-04 13:47:20)

ccmd: ./ss deduce auto diag num=3
Logging start at 2025-11-04 13:49:03
Time: 2.875535s (2025-11-04 13:49:06)

cmd: ./ss deduce auto diag num=3
Logging start at 2025-11-04 13:49:07
Time: 0.793619s (2025-11-04 13:49:08)

cmd: ./ss add_diff S0 15 2 3 0 0 diag
Logging start at 2025-11-04 13:49:28
Time: 0.09343s (2025-11-04 13:49:28)

cmd: ./ss add_diff S0 15 1 2 0 0 diag
Logging start at 2025-11-04 13:49:28
Time: 0.069377s (2025-11-04 13:49:28)

cmd: ./ss add_diff S0 30 6 3 0 0 diag
Logging start at 2025-11-04 13:49:28
Time: 0.068134s (2025-11-04 13:49:28)

cmd: ./ss add_diff S0 31 1 2 0 0 diag
Logging start at 2025-11-04 13:49:28
Time: 0.066498s (2025-11-04 13:49:28)

cmd: ./ss add_diff S0 31 4 3 0 0 diag
Logging start at 2025-11-04 13:49:28
Time: 0.067131s (2025-11-04 13:49:28)

cmd: ./ss add_diff S0 31 8 3 1 0 diag
Logging start at 2025-11-04 13:49:28
Time: 0.063001s (2025-11-04 13:49:28)

cmd: ./ss add_diff S0 32 9 4 0 0 diag
Logging start at 2025-11-04 13:49:28
Time: 0.068669s (2025-11-04 13:49:28)

cmd: ./ss add_diff S0 34 2 3 0 0 diag
Logging start at 2025-11-04 13:49:28
Time: 0.066017s (2025-11-04 13:49:29)

cmd: ./ss add_diff S0 38 4 3 0 0 diag
Logging start at 2025-11-04 13:49:29
Time: 0.066929s (2025-11-04 13:49:29)

cmd: ./ss add_diff S0 38 2 4 0 0 diag
Logging start at 2025-11-04 13:49:29
Time: 0.067207s (2025-11-04 13:49:29)

cmd: ./ss add_diff S0 37 8 4 0 0 diag
Logging start at 2025-11-04 13:49:29
Time: 0.068631s (2025-11-04 13:49:29)

cmd: ./ss add_diff S0 54 6 3 0 0 diag
Logging start at 2025-11-04 13:49:29
Time: 0.067058s (2025-11-04 13:49:29)

cmd: ./ss add_diff S0 54 8 3 0 0 diag
Logging start at 2025-11-04 13:49:29
Time: 0.067826s (2025-11-04 13:49:29)

cmd: ./ss add_diff S0 56 9 5 0 0 diag
Logging start at 2025-11-04 13:49:29
Time: 0.06644s (2025-11-04 13:49:29)

cmd: ./ss add_diff S0 61 4 3 0 0 diag
Logging start at 2025-11-04 13:49:29
Time: 0.066609s (2025-11-04 13:49:29)

cmd: ./ss add_diff S0 57 7 3 0 1 diag
Logging start at 2025-11-04 13:49:29
Time: 0.067046s (2025-11-04 13:49:29)

cmd: ./ss add_diff S0 57 8 3 0 0 diag
Logging start at 2025-11-04 13:49:29
Time: 0.066249s (2025-11-04 13:49:29)

cmd: ./ss add_diff S0 50 10 4 0 0 diag
Logging start at 2025-11-04 13:49:29
Time: 0.06786s (2025-11-04 13:49:29)

cmd: ./ss add_diff mo9 9 0 2 0 0 diag
Logging start at 2025-11-04 13:49:29
Time: 0.063995s (2025-11-04 13:49:29)

cmd: ./ss add_diff mo9 18 1 2 0 0 diag
Logging start at 2025-11-04 13:49:29
Time: 0.064458s (2025-11-04 13:49:29)

cmd: ./ss add_diff mo9 17 4 2 1 0 diag
Logging start at 2025-11-04 13:49:29
Time: 0.064711s (2025-11-04 13:49:30)

cmd: ./ss add_diff mo9 18 5 3 0,1 0 diag
Logging start at 2025-11-04 13:49:30
Time: 0.064912s (2025-11-04 13:49:30)

cmd: ./ss add_diff mo9 20 6 3 0 0 diag
Logging start at 2025-11-04 13:49:30
Time: 0.06412s (2025-11-04 13:49:30)

cmd: ./ss add_diff mo9 36 14 3 0 0 diag
Logging start at 2025-11-04 13:49:30
Time: 0.066017s (2025-11-04 13:49:30)

cmd: ./ss add_diff mo8 20 0 2 0 0 diag
Logging start at 2025-11-04 13:49:30
Time: 0.064856s (2025-11-04 13:49:30)

cmd: ./ss add_diff mo10 10 0 3 0 0 diag
Logging start at 2025-11-04 13:49:30
Time: 0.064794s (2025-11-04 13:49:30)

cmd: ./ss add_diff mo10 12 1 4 0 0 diag
Logging start at 2025-11-04 13:49:30
Time: 0.064349s (2025-11-04 13:49:30)

cmd: ./ss add_diff mo12 12 0 5 0 0 diag
Logging start at 2025-11-04 13:49:30
Time: 0.063442s (2025-11-04 13:49:30)

cmd: ./ss add_diff mo12 20 4 5 0 0 diag
Logging start at 2025-11-04 13:49:30
Time: 0.065159s (2025-11-04 13:49:30)

cmd: ./ss add_diff mo12 28 8 5 0 0 diag
Logging start at 2025-11-04 13:49:30
Time: 0.064285s (2025-11-04 13:49:30)

cmd: ./ss add_diff mo16 20 3 6 0 0 diag
Logging start at 2025-11-04 13:49:30
Time: 0.064252s (2025-11-04 13:49:30)

cmd: ./ss add_diff mo16 28 7 6 0 0 diag
Logging start at 2025-11-04 13:49:30
Time: 0.064344s (2025-11-04 13:49:30)

cmd: ./ss add_diff mo10 20 5 4 0 0 diag
Logging start at 2025-11-04 13:49:30
Time: 0.064448s (2025-11-04 13:49:30)

cmd: ./ss deduce auto diag num=3
Logging start at 2025-11-04 13:49:45
Time: 1.722877s (2025-11-04 13:49:46)

cmd: ./ss deduce auto diag num=3
Logging start at 2025-11-04 13:49:48
Time: 0.821661s (2025-11-04 13:49:48)

cmd: ./ss deduce auto diag num=3
Logging start at 2025-11-04 13:49:50
Time: 0.451071s (2025-11-04 13:49:50)

cmd: ./ss deduce auto diag num=3
Logging start at 2025-11-04 13:49:52
Time: 0.461816s (2025-11-04 13:49:52)

ccmd: ./ss deduce auto diag num=3
Logging start at 2025-11-04 16:27:02
Time: 2.287818s (2025-11-04 16:27:04)

cmd: ./ss plot_ss diag
Logging start at 2025-11-04 16:27:04
Time: 0.154241s (2025-11-04 16:27:04)

cmd: ./ss deduce auto diag num=3
Logging start at 2025-11-04 16:34:34
Time: 0.636969s (2025-11-04 16:34:34)

cmd: ./ss add_diff S0 15 2 3 0 0 diag
Logging start at 2025-11-04 16:34:45
Time: 0.087271s (2025-11-04 16:34:45)

cmd: ./ss add_diff S0 15 1 2 0 0 diag
Logging start at 2025-11-04 16:34:45
Time: 0.057981s (2025-11-04 16:34:45)

cmd: ./ss add_diff S0 30 6 3 0 0 diag
Logging start at 2025-11-04 16:34:45
Time: 0.056407s (2025-11-04 16:34:45)

cmd: ./ss add_diff S0 31 1 2 0 0 diag
Logging start at 2025-11-04 16:34:45
Time: 0.055889s (2025-11-04 16:34:45)

cmd: ./ss add_diff S0 31 4 3 0 0 diag
Logging start at 2025-11-04 16:34:45
Time: 0.056195s (2025-11-04 16:34:45)

cmd: ./ss add_diff S0 31 8 3 1 0 diag
Logging start at 2025-11-04 16:34:45
Time: 0.051728s (2025-11-04 16:34:45)

cmd: ./ss add_diff S0 32 9 4 0 0 diag
Logging start at 2025-11-04 16:34:45
Time: 0.056137s (2025-11-04 16:34:45)

cmd: ./ss add_diff S0 34 2 3 0 0 diag
Logging start at 2025-11-04 16:34:45
Time: 0.055234s (2025-11-04 16:34:45)

cmd: ./ss add_diff S0 38 4 3 0 0 diag
Logging start at 2025-11-04 16:34:45
Time: 0.056012s (2025-11-04 16:34:45)

cmd: ./ss add_diff S0 38 2 4 0 0 diag
Logging start at 2025-11-04 16:34:45
Time: 0.055196s (2025-11-04 16:34:45)

cmd: ./ss add_diff S0 37 8 4 0 0 diag
Logging start at 2025-11-04 16:34:45
Time: 0.056501s (2025-11-04 16:34:45)

cmd: ./ss add_diff S0 54 6 3 0 0 diag
Logging start at 2025-11-04 16:34:45
Time: 0.055946s (2025-11-04 16:34:45)

cmd: ./ss add_diff S0 54 8 3 0 0 diag
Logging start at 2025-11-04 16:34:45
Time: 0.054768s (2025-11-04 16:34:46)

cmd: ./ss add_diff S0 56 9 5 0 0 diag
Logging start at 2025-11-04 16:34:46
Time: 0.056146s (2025-11-04 16:34:46)

cmd: ./ss add_diff S0 61 4 3 0 0 diag
Logging start at 2025-11-04 16:34:46
Time: 0.054579s (2025-11-04 16:34:46)

cmd: ./ss add_diff S0 57 7 3 0 1 diag
Logging start at 2025-11-04 16:34:46
Time: 0.054707s (2025-11-04 16:34:46)

cmd: ./ss add_diff S0 57 8 3 0 0 diag
Logging start at 2025-11-04 16:34:46
Time: 0.055364s (2025-11-04 16:34:46)

cmd: ./ss add_diff S0 50 10 4 0 0 diag
Logging start at 2025-11-04 16:34:46
Time: 0.059442s (2025-11-04 16:34:46)

cmd: ./ss add_diff mo9 9 0 2 0 0 diag
Logging start at 2025-11-04 16:34:46
Time: 0.053211s (2025-11-04 16:34:46)

cmd: ./ss add_diff mo9 18 1 2 0 0 diag
Logging start at 2025-11-04 16:34:46
Time: 0.053492s (2025-11-04 16:34:46)

cmd: ./ss add_diff mo9 17 4 2 1 0 diag
Logging start at 2025-11-04 16:34:46
Time: 0.052552s (2025-11-04 16:34:46)

cmd: ./ss add_diff mo9 18 5 3 0,1 0 diag
Logging start at 2025-11-04 16:34:46
Time: 0.052443s (2025-11-04 16:34:46)

cmd: ./ss add_diff mo9 20 6 3 0 0 diag
Logging start at 2025-11-04 16:34:46
Time: 0.051723s (2025-11-04 16:34:46)

cmd: ./ss add_diff mo9 36 14 3 0 0 diag
Logging start at 2025-11-04 16:34:46
Time: 0.052302s (2025-11-04 16:34:46)

cmd: ./ss add_diff mo8 20 0 2 0 0 diag
Logging start at 2025-11-04 16:34:46
Time: 0.052354s (2025-11-04 16:34:46)

cmd: ./ss add_diff mo10 10 0 3 0 0 diag
Logging start at 2025-11-04 16:34:46
Time: 0.051766s (2025-11-04 16:34:46)

cmd: ./ss add_diff mo10 12 1 4 0 0 diag
Logging start at 2025-11-04 16:34:46
Time: 0.052515s (2025-11-04 16:34:46)

cmd: ./ss add_diff mo12 12 0 5 0 0 diag
Logging start at 2025-11-04 16:34:46
Time: 0.05322s (2025-11-04 16:34:46)

cmd: ./ss add_diff mo12 20 4 5 0 0 diag
Logging start at 2025-11-04 16:34:46
Time: 0.052461s (2025-11-04 16:34:47)

cmd: ./ss add_diff mo12 28 8 5 0 0 diag
Logging start at 2025-11-04 16:34:47
Time: 0.053015s (2025-11-04 16:34:47)

cmd: ./ss add_diff mo16 20 3 6 0 0 diag
Logging start at 2025-11-04 16:34:47
Time: 0.053108s (2025-11-04 16:34:47)

cmd: ./ss add_diff mo16 28 7 6 0 0 diag
Logging start at 2025-11-04 16:34:47
Time: 0.052559s (2025-11-04 16:34:47)

cmd: ./ss add_diff mo10 20 5 4 0 0 diag
Logging start at 2025-11-04 16:34:47
Time: 0.051479s (2025-11-04 16:34:47)

cmd: ./ss deduce auto diag num=3
Logging start at 2025-11-04 16:34:52
Time: 1.215322s (2025-11-04 16:34:54)

cmd: ./ss deduce auto diag num=3
Logging start at 2025-11-04 16:34:55
Time: 0.47734s (2025-11-04 16:34:55)

cmd: ./ss deduce auto diag num=3
Logging start at 2025-11-04 16:34:56
Time: 0.279065s (2025-11-04 16:34:57)

cmd: ./ss plot_ss diag
Logging start at 2025-11-04 16:35:06
Time: 0.17088s (2025-11-04 16:35:06)

cmd: ./ss plot_ss diag
Logging start at 2025-11-04 16:36:12
Time: 0.166022s (2025-11-04 16:36:12)

cmd: ./ss plot_ss diag
Logging start at 2025-11-04 17:31:25
Time: 0.17568s (2025-11-04 17:31:25)

